getting datasets
finished
trainning coat_length_labels:
Train Epoch: 1 [0/9056 (0%)]	Loss: 2.050854
Train Epoch: 1 [600/9056 (7%)]	Loss: 2.018409
Train Epoch: 1 [1200/9056 (13%)]	Loss: 1.901863
Train Epoch: 1 [1800/9056 (20%)]	Loss: 1.859130
Train Epoch: 1 [2400/9056 (26%)]	Loss: 1.718315
Train Epoch: 1 [3000/9056 (33%)]	Loss: 1.613995
Train Epoch: 1 [3600/9056 (40%)]	Loss: 1.357192
Train Epoch: 1 [4200/9056 (46%)]	Loss: 1.502543
Train Epoch: 1 [4800/9056 (53%)]	Loss: 1.481995
Train Epoch: 1 [5400/9056 (60%)]	Loss: 1.308919
Train Epoch: 1 [6000/9056 (66%)]	Loss: 1.362033
Train Epoch: 1 [6600/9056 (73%)]	Loss: 1.404813
Train Epoch: 1 [7200/9056 (79%)]	Loss: 1.465144
Train Epoch: 1 [7800/9056 (86%)]	Loss: 1.235796
Train Epoch: 1 [8400/9056 (93%)]	Loss: 1.271801
Train Epoch: 1 [8400/9056 (99%)]	Loss: 1.029482
Test set: Average loss: 1.7640, Accuracy: 807/2264 (35%)
Train Epoch: 2 [0/9056 (0%)]	Loss: 1.020149
Train Epoch: 2 [600/9056 (7%)]	Loss: 0.802098
Train Epoch: 2 [1200/9056 (13%)]	Loss: 0.993252
Train Epoch: 2 [1800/9056 (20%)]	Loss: 1.221331
Train Epoch: 2 [2400/9056 (26%)]	Loss: 1.134187
Train Epoch: 2 [3000/9056 (33%)]	Loss: 0.731861
Train Epoch: 2 [3600/9056 (40%)]	Loss: 1.079822
Train Epoch: 2 [4200/9056 (46%)]	Loss: 0.836744
Train Epoch: 2 [4800/9056 (53%)]	Loss: 0.923842
Train Epoch: 2 [5400/9056 (60%)]	Loss: 0.886485
Train Epoch: 2 [6000/9056 (66%)]	Loss: 0.776848
Train Epoch: 2 [6600/9056 (73%)]	Loss: 0.909384
Train Epoch: 2 [7200/9056 (79%)]	Loss: 0.871590
Train Epoch: 2 [7800/9056 (86%)]	Loss: 0.729838
Train Epoch: 2 [8400/9056 (93%)]	Loss: 0.739832
Train Epoch: 2 [8400/9056 (99%)]	Loss: 0.829427
Test set: Average loss: 1.3829, Accuracy: 1184/2264 (52%)
Train Epoch: 3 [0/9056 (0%)]	Loss: 0.646670
Train Epoch: 3 [600/9056 (7%)]	Loss: 0.408585
Train Epoch: 3 [1200/9056 (13%)]	Loss: 0.519321
Train Epoch: 3 [1800/9056 (20%)]	Loss: 0.369101
Train Epoch: 3 [2400/9056 (26%)]	Loss: 0.601617
Train Epoch: 3 [3000/9056 (33%)]	Loss: 0.463586
Train Epoch: 3 [3600/9056 (40%)]	Loss: 0.504836
Train Epoch: 3 [4200/9056 (46%)]	Loss: 0.701573
Train Epoch: 3 [4800/9056 (53%)]	Loss: 0.728678
Train Epoch: 3 [5400/9056 (60%)]	Loss: 0.454967
Train Epoch: 3 [6000/9056 (66%)]	Loss: 0.384171
Train Epoch: 3 [6600/9056 (73%)]	Loss: 0.603553
Train Epoch: 3 [7200/9056 (79%)]	Loss: 0.416903
Train Epoch: 3 [7800/9056 (86%)]	Loss: 0.461820
Train Epoch: 3 [8400/9056 (93%)]	Loss: 0.572796
Train Epoch: 3 [8400/9056 (99%)]	Loss: 0.349662
Test set: Average loss: 0.9091, Accuracy: 1493/2264 (65%)
Train Epoch: 4 [0/9056 (0%)]	Loss: 0.346571
Train Epoch: 4 [600/9056 (7%)]	Loss: 0.522272
Train Epoch: 4 [1200/9056 (13%)]	Loss: 0.288903
Train Epoch: 4 [1800/9056 (20%)]	Loss: 0.237848
Train Epoch: 4 [2400/9056 (26%)]	Loss: 0.244167
Train Epoch: 4 [3000/9056 (33%)]	Loss: 0.251453
Train Epoch: 4 [3600/9056 (40%)]	Loss: 0.420478
Train Epoch: 4 [4200/9056 (46%)]	Loss: 0.434341
Train Epoch: 4 [4800/9056 (53%)]	Loss: 0.292371
Train Epoch: 4 [5400/9056 (60%)]	Loss: 0.553355
Train Epoch: 4 [6000/9056 (66%)]	Loss: 0.368318
Train Epoch: 4 [6600/9056 (73%)]	Loss: 0.344419
Train Epoch: 4 [7200/9056 (79%)]	Loss: 0.392065
Train Epoch: 4 [7800/9056 (86%)]	Loss: 0.244579
Train Epoch: 4 [8400/9056 (93%)]	Loss: 0.515096
Train Epoch: 4 [8400/9056 (99%)]	Loss: 0.287137
Test set: Average loss: 1.1408, Accuracy: 1400/2264 (61%)
Train Epoch: 5 [0/9056 (0%)]	Loss: 0.191061
Train Epoch: 5 [600/9056 (7%)]	Loss: 0.176111
Train Epoch: 5 [1200/9056 (13%)]	Loss: 0.242497
Train Epoch: 5 [1800/9056 (20%)]	Loss: 0.124044
Train Epoch: 5 [2400/9056 (26%)]	Loss: 0.162192
Train Epoch: 5 [3000/9056 (33%)]	Loss: 0.161059
Train Epoch: 5 [3600/9056 (40%)]	Loss: 0.271603
Train Epoch: 5 [4200/9056 (46%)]	Loss: 0.300570
Train Epoch: 5 [4800/9056 (53%)]	Loss: 0.238929
Train Epoch: 5 [5400/9056 (60%)]	Loss: 0.202728
Train Epoch: 5 [6000/9056 (66%)]	Loss: 0.061235
Train Epoch: 5 [6600/9056 (73%)]	Loss: 0.118357
Train Epoch: 5 [7200/9056 (79%)]	Loss: 0.175551
Train Epoch: 5 [7800/9056 (86%)]	Loss: 0.346469
Train Epoch: 5 [8400/9056 (93%)]	Loss: 0.099790
Train Epoch: 5 [8400/9056 (99%)]	Loss: 0.237646
Test set: Average loss: 1.0627, Accuracy: 1536/2264 (67%)
Train Epoch: 6 [0/9056 (0%)]	Loss: 0.119317
Train Epoch: 6 [600/9056 (7%)]	Loss: 0.122441
Train Epoch: 6 [1200/9056 (13%)]	Loss: 0.222956
Train Epoch: 6 [1800/9056 (20%)]	Loss: 0.113657
Train Epoch: 6 [2400/9056 (26%)]	Loss: 0.059208
Train Epoch: 6 [3000/9056 (33%)]	Loss: 0.041932
Train Epoch: 6 [3600/9056 (40%)]	Loss: 0.081348
Train Epoch: 6 [4200/9056 (46%)]	Loss: 0.118228
Train Epoch: 6 [4800/9056 (53%)]	Loss: 0.077520
Train Epoch: 6 [5400/9056 (60%)]	Loss: 0.148582
Train Epoch: 6 [6000/9056 (66%)]	Loss: 0.068168
Train Epoch: 6 [6600/9056 (73%)]	Loss: 0.152507
Train Epoch: 6 [7200/9056 (79%)]	Loss: 0.155860
Train Epoch: 6 [7800/9056 (86%)]	Loss: 0.118391
Train Epoch: 6 [8400/9056 (93%)]	Loss: 0.174283
Train Epoch: 6 [8400/9056 (99%)]	Loss: 0.113957
Test set: Average loss: 0.9620, Accuracy: 1622/2264 (71%)
Train Epoch: 7 [0/9056 (0%)]	Loss: 0.079066
Train Epoch: 7 [600/9056 (7%)]	Loss: 0.031347
Train Epoch: 7 [1200/9056 (13%)]	Loss: 0.053306
Train Epoch: 7 [1800/9056 (20%)]	Loss: 0.075044
Train Epoch: 7 [2400/9056 (26%)]	Loss: 0.038003
Train Epoch: 7 [3000/9056 (33%)]	Loss: 0.058223
Train Epoch: 7 [3600/9056 (40%)]	Loss: 0.028149
Train Epoch: 7 [4200/9056 (46%)]	Loss: 0.013343
Train Epoch: 7 [4800/9056 (53%)]	Loss: 0.121051
Train Epoch: 7 [5400/9056 (60%)]	Loss: 0.068009
Train Epoch: 7 [6000/9056 (66%)]	Loss: 0.048657
Train Epoch: 7 [6600/9056 (73%)]	Loss: 0.067954
Train Epoch: 7 [7200/9056 (79%)]	Loss: 0.082516
Train Epoch: 7 [7800/9056 (86%)]	Loss: 0.154940
Train Epoch: 7 [8400/9056 (93%)]	Loss: 0.032444
Train Epoch: 7 [8400/9056 (99%)]	Loss: 0.051792
Test set: Average loss: 0.9947, Accuracy: 1642/2264 (72%)
Train Epoch: 8 [0/9056 (0%)]	Loss: 0.042300
Train Epoch: 8 [600/9056 (7%)]	Loss: 0.032378
Train Epoch: 8 [1200/9056 (13%)]	Loss: 0.021196
Train Epoch: 8 [1800/9056 (20%)]	Loss: 0.019033
Train Epoch: 8 [2400/9056 (26%)]	Loss: 0.010032
Train Epoch: 8 [3000/9056 (33%)]	Loss: 0.158273
Train Epoch: 8 [3600/9056 (40%)]	Loss: 0.025298
Train Epoch: 8 [4200/9056 (46%)]	Loss: 0.038112
Train Epoch: 8 [4800/9056 (53%)]	Loss: 0.040648
Train Epoch: 8 [5400/9056 (60%)]	Loss: 0.074355
Train Epoch: 8 [6000/9056 (66%)]	Loss: 0.016716
Train Epoch: 8 [6600/9056 (73%)]	Loss: 0.117197
Train Epoch: 8 [7200/9056 (79%)]	Loss: 0.133082
Train Epoch: 8 [7800/9056 (86%)]	Loss: 0.251363
Train Epoch: 8 [8400/9056 (93%)]	Loss: 0.070954
Train Epoch: 8 [8400/9056 (99%)]	Loss: 0.072304
Test set: Average loss: 1.1943, Accuracy: 1578/2264 (69%)
Train Epoch: 9 [0/9056 (0%)]	Loss: 0.025337
Train Epoch: 9 [600/9056 (7%)]	Loss: 0.043416
Train Epoch: 9 [1200/9056 (13%)]	Loss: 0.110233
Train Epoch: 9 [1800/9056 (20%)]	Loss: 0.027470
Train Epoch: 9 [2400/9056 (26%)]	Loss: 0.030783
Train Epoch: 9 [3000/9056 (33%)]	Loss: 0.037586
Train Epoch: 9 [3600/9056 (40%)]	Loss: 0.115434
Train Epoch: 9 [4200/9056 (46%)]	Loss: 0.061743
Train Epoch: 9 [4800/9056 (53%)]	Loss: 0.026850
Train Epoch: 9 [5400/9056 (60%)]	Loss: 0.039426
Train Epoch: 9 [6000/9056 (66%)]	Loss: 0.112029
Train Epoch: 9 [6600/9056 (73%)]	Loss: 0.064839
Train Epoch: 9 [7200/9056 (79%)]	Loss: 0.032834
Train Epoch: 9 [7800/9056 (86%)]	Loss: 0.034512
Train Epoch: 9 [8400/9056 (93%)]	Loss: 0.053207
Train Epoch: 9 [8400/9056 (99%)]	Loss: 0.028123
Test set: Average loss: 0.9608, Accuracy: 1690/2264 (74%)
Train Epoch: 10 [0/9056 (0%)]	Loss: 0.008837
Train Epoch: 10 [600/9056 (7%)]	Loss: 0.014819
Train Epoch: 10 [1200/9056 (13%)]	Loss: 0.004111
Train Epoch: 10 [1800/9056 (20%)]	Loss: 0.006161
Train Epoch: 10 [2400/9056 (26%)]	Loss: 0.047938
Train Epoch: 10 [3000/9056 (33%)]	Loss: 0.092190
Train Epoch: 10 [3600/9056 (40%)]	Loss: 0.030871
Train Epoch: 10 [4200/9056 (46%)]	Loss: 0.011579
Train Epoch: 10 [4800/9056 (53%)]	Loss: 0.014121
Train Epoch: 10 [5400/9056 (60%)]	Loss: 0.016761
Train Epoch: 10 [6000/9056 (66%)]	Loss: 0.019182
Train Epoch: 10 [6600/9056 (73%)]	Loss: 0.026849
Train Epoch: 10 [7200/9056 (79%)]	Loss: 0.011484
Train Epoch: 10 [7800/9056 (86%)]	Loss: 0.017962
Train Epoch: 10 [8400/9056 (93%)]	Loss: 0.023309
Train Epoch: 10 [8400/9056 (99%)]	Loss: 0.022533
Test set: Average loss: 1.2896, Accuracy: 1562/2264 (68%)
Train Epoch: 11 [0/9056 (0%)]	Loss: 0.029104
Train Epoch: 11 [600/9056 (7%)]	Loss: 0.007574
Train Epoch: 11 [1200/9056 (13%)]	Loss: 0.009409
Train Epoch: 11 [1800/9056 (20%)]	Loss: 0.017074
Train Epoch: 11 [2400/9056 (26%)]	Loss: 0.011806
Train Epoch: 11 [3000/9056 (33%)]	Loss: 0.009824
Train Epoch: 11 [3600/9056 (40%)]	Loss: 0.029849
Train Epoch: 11 [4200/9056 (46%)]	Loss: 0.033464
Train Epoch: 11 [4800/9056 (53%)]	Loss: 0.086552
Train Epoch: 11 [5400/9056 (60%)]	Loss: 0.019242
Train Epoch: 11 [6000/9056 (66%)]	Loss: 0.008392
Train Epoch: 11 [6600/9056 (73%)]	Loss: 0.031649
Train Epoch: 11 [7200/9056 (79%)]	Loss: 0.007494
Train Epoch: 11 [7800/9056 (86%)]	Loss: 0.009690
Train Epoch: 11 [8400/9056 (93%)]	Loss: 0.005360
Train Epoch: 11 [8400/9056 (99%)]	Loss: 0.002177
Test set: Average loss: 1.1284, Accuracy: 1674/2264 (73%)
Train Epoch: 12 [0/9056 (0%)]	Loss: 0.012902
Train Epoch: 12 [600/9056 (7%)]	Loss: 0.001508
Train Epoch: 12 [1200/9056 (13%)]	Loss: 0.001860
Train Epoch: 12 [1800/9056 (20%)]	Loss: 0.005574
Train Epoch: 12 [2400/9056 (26%)]	Loss: 0.019558
Train Epoch: 12 [3000/9056 (33%)]	Loss: 0.007402
Train Epoch: 12 [3600/9056 (40%)]	Loss: 0.009437
Train Epoch: 12 [4200/9056 (46%)]	Loss: 0.008980
Train Epoch: 12 [4800/9056 (53%)]	Loss: 0.013137
Train Epoch: 12 [5400/9056 (60%)]	Loss: 0.001546
Train Epoch: 12 [6000/9056 (66%)]	Loss: 0.005605
Train Epoch: 12 [6600/9056 (73%)]	Loss: 0.039381
Train Epoch: 12 [7200/9056 (79%)]	Loss: 0.004322
Train Epoch: 12 [7800/9056 (86%)]	Loss: 0.009483
Train Epoch: 12 [8400/9056 (93%)]	Loss: 0.004162
Train Epoch: 12 [8400/9056 (99%)]	Loss: 0.003945
Test set: Average loss: 1.0861, Accuracy: 1680/2264 (74%)
Train Epoch: 13 [0/9056 (0%)]	Loss: 0.005830
Train Epoch: 13 [600/9056 (7%)]	Loss: 0.009801
Train Epoch: 13 [1200/9056 (13%)]	Loss: 0.002549
Train Epoch: 13 [1800/9056 (20%)]	Loss: 0.004648
Train Epoch: 13 [2400/9056 (26%)]	Loss: 0.002578
Train Epoch: 13 [3000/9056 (33%)]	Loss: 0.004052
Train Epoch: 13 [3600/9056 (40%)]	Loss: 0.003647
Train Epoch: 13 [4200/9056 (46%)]	Loss: 0.008482
Train Epoch: 13 [4800/9056 (53%)]	Loss: 0.003807
Train Epoch: 13 [5400/9056 (60%)]	Loss: 0.005198
Train Epoch: 13 [6000/9056 (66%)]	Loss: 0.008183
Train Epoch: 13 [6600/9056 (73%)]	Loss: 0.001317
Train Epoch: 13 [7200/9056 (79%)]	Loss: 0.003469
Train Epoch: 13 [7800/9056 (86%)]	Loss: 0.001242
Train Epoch: 13 [8400/9056 (93%)]	Loss: 0.012860
Train Epoch: 13 [8400/9056 (99%)]	Loss: 0.047988
Test set: Average loss: 1.1522, Accuracy: 1681/2264 (74%)
Train Epoch: 14 [0/9056 (0%)]	Loss: 0.000567
Train Epoch: 14 [600/9056 (7%)]	Loss: 0.012431
Train Epoch: 14 [1200/9056 (13%)]	Loss: 0.029894
Train Epoch: 14 [1800/9056 (20%)]	Loss: 0.004469
Train Epoch: 14 [2400/9056 (26%)]	Loss: 0.001275
Train Epoch: 14 [3000/9056 (33%)]	Loss: 0.009240
Train Epoch: 14 [3600/9056 (40%)]	Loss: 0.006018
Train Epoch: 14 [4200/9056 (46%)]	Loss: 0.004031
Train Epoch: 14 [4800/9056 (53%)]	Loss: 0.004178
Train Epoch: 14 [5400/9056 (60%)]	Loss: 0.006777
Train Epoch: 14 [6000/9056 (66%)]	Loss: 0.002029
Train Epoch: 14 [6600/9056 (73%)]	Loss: 0.005373
Train Epoch: 14 [7200/9056 (79%)]	Loss: 0.000933
Train Epoch: 14 [7800/9056 (86%)]	Loss: 0.017881
Train Epoch: 14 [8400/9056 (93%)]	Loss: 0.007064
Train Epoch: 14 [8400/9056 (99%)]	Loss: 0.002271
Test set: Average loss: 1.0740, Accuracy: 1716/2264 (75%)
Train Epoch: 15 [0/9056 (0%)]	Loss: 0.006479
Train Epoch: 15 [600/9056 (7%)]	Loss: 0.025598
Train Epoch: 15 [1200/9056 (13%)]	Loss: 0.006940
Train Epoch: 15 [1800/9056 (20%)]	Loss: 0.002184
Train Epoch: 15 [2400/9056 (26%)]	Loss: 0.002761
Train Epoch: 15 [3000/9056 (33%)]	Loss: 0.002517
Train Epoch: 15 [3600/9056 (40%)]	Loss: 0.001151
Train Epoch: 15 [4200/9056 (46%)]	Loss: 0.003426
Train Epoch: 15 [4800/9056 (53%)]	Loss: 0.002463
Train Epoch: 15 [5400/9056 (60%)]	Loss: 0.003086
Train Epoch: 15 [6000/9056 (66%)]	Loss: 0.004159
Train Epoch: 15 [6600/9056 (73%)]	Loss: 0.006512
Train Epoch: 15 [7200/9056 (79%)]	Loss: 0.002828
Train Epoch: 15 [7800/9056 (86%)]	Loss: 0.004828
Train Epoch: 15 [8400/9056 (93%)]	Loss: 0.005471
Train Epoch: 15 [8400/9056 (99%)]	Loss: 0.000620
Test set: Average loss: 1.0943, Accuracy: 1705/2264 (75%)
Train Epoch: 16 [0/9056 (0%)]	Loss: 0.003755
Train Epoch: 16 [600/9056 (7%)]	Loss: 0.000835
Train Epoch: 16 [1200/9056 (13%)]	Loss: 0.002549
Train Epoch: 16 [1800/9056 (20%)]	Loss: 0.000782
Train Epoch: 16 [2400/9056 (26%)]	Loss: 0.001282
Train Epoch: 16 [3000/9056 (33%)]	Loss: 0.000321
Train Epoch: 16 [3600/9056 (40%)]	Loss: 0.000288
Train Epoch: 16 [4200/9056 (46%)]	Loss: 0.002667
Train Epoch: 16 [4800/9056 (53%)]	Loss: 0.009994
Train Epoch: 16 [5400/9056 (60%)]	Loss: 0.000358
Train Epoch: 16 [6000/9056 (66%)]	Loss: 0.000697
Train Epoch: 16 [6600/9056 (73%)]	Loss: 0.001379
Train Epoch: 16 [7200/9056 (79%)]	Loss: 0.002592
Train Epoch: 16 [7800/9056 (86%)]	Loss: 0.002999
Train Epoch: 16 [8400/9056 (93%)]	Loss: 0.005817
Train Epoch: 16 [8400/9056 (99%)]	Loss: 0.001785
Test set: Average loss: 1.1894, Accuracy: 1706/2264 (75%)
Train Epoch: 17 [0/9056 (0%)]	Loss: 0.001578
Train Epoch: 17 [600/9056 (7%)]	Loss: 0.001163
Train Epoch: 17 [1200/9056 (13%)]	Loss: 0.001797
Train Epoch: 17 [1800/9056 (20%)]	Loss: 0.000798
Train Epoch: 17 [2400/9056 (26%)]	Loss: 0.000583
Train Epoch: 17 [3000/9056 (33%)]	Loss: 0.000747
Train Epoch: 17 [3600/9056 (40%)]	Loss: 0.006325
Train Epoch: 17 [4200/9056 (46%)]	Loss: 0.002404
Train Epoch: 17 [4800/9056 (53%)]	Loss: 0.001414
Train Epoch: 17 [5400/9056 (60%)]	Loss: 0.005077
Train Epoch: 17 [6000/9056 (66%)]	Loss: 0.006922
Train Epoch: 17 [6600/9056 (73%)]	Loss: 0.001817
Train Epoch: 17 [7200/9056 (79%)]	Loss: 0.003278
Train Epoch: 17 [7800/9056 (86%)]	Loss: 0.004876
Train Epoch: 17 [8400/9056 (93%)]	Loss: 0.001957
Train Epoch: 17 [8400/9056 (99%)]	Loss: 0.017173
Test set: Average loss: 1.1566, Accuracy: 1689/2264 (74%)
Train Epoch: 18 [0/9056 (0%)]	Loss: 0.000393
Train Epoch: 18 [600/9056 (7%)]	Loss: 0.003379
Train Epoch: 18 [1200/9056 (13%)]	Loss: 0.002401
Train Epoch: 18 [1800/9056 (20%)]	Loss: 0.002321
Train Epoch: 18 [2400/9056 (26%)]	Loss: 0.001699
Train Epoch: 18 [3000/9056 (33%)]	Loss: 0.000657
Train Epoch: 18 [3600/9056 (40%)]	Loss: 0.000687
Train Epoch: 18 [4200/9056 (46%)]	Loss: 0.020111
Train Epoch: 18 [4800/9056 (53%)]	Loss: 0.000917
Train Epoch: 18 [5400/9056 (60%)]	Loss: 0.001960
Train Epoch: 18 [6000/9056 (66%)]	Loss: 0.003443
Train Epoch: 18 [6600/9056 (73%)]	Loss: 0.001583
Train Epoch: 18 [7200/9056 (79%)]	Loss: 0.009799
Train Epoch: 18 [7800/9056 (86%)]	Loss: 0.003509
Train Epoch: 18 [8400/9056 (93%)]	Loss: 0.004952
Train Epoch: 18 [8400/9056 (99%)]	Loss: 0.021691
Test set: Average loss: 1.1543, Accuracy: 1709/2264 (75%)
Train Epoch: 19 [0/9056 (0%)]	Loss: 0.040532
Train Epoch: 19 [600/9056 (7%)]	Loss: 0.003583
Train Epoch: 19 [1200/9056 (13%)]	Loss: 0.001914
Train Epoch: 19 [1800/9056 (20%)]	Loss: 0.014088
Train Epoch: 19 [2400/9056 (26%)]	Loss: 0.000360
Train Epoch: 19 [3000/9056 (33%)]	Loss: 0.002801
Train Epoch: 19 [3600/9056 (40%)]	Loss: 0.003564
Train Epoch: 19 [4200/9056 (46%)]	Loss: 0.002537
Train Epoch: 19 [4800/9056 (53%)]	Loss: 0.001046
Train Epoch: 19 [5400/9056 (60%)]	Loss: 0.001011
Train Epoch: 19 [6000/9056 (66%)]	Loss: 0.000469
Train Epoch: 19 [6600/9056 (73%)]	Loss: 0.013617
Train Epoch: 19 [7200/9056 (79%)]	Loss: 0.000679
Train Epoch: 19 [7800/9056 (86%)]	Loss: 0.001434
Train Epoch: 19 [8400/9056 (93%)]	Loss: 0.000762
Train Epoch: 19 [8400/9056 (99%)]	Loss: 0.000989
Test set: Average loss: 1.1437, Accuracy: 1702/2264 (75%)
Train Epoch: 20 [0/9056 (0%)]	Loss: 0.000858
Train Epoch: 20 [600/9056 (7%)]	Loss: 0.000385
Train Epoch: 20 [1200/9056 (13%)]	Loss: 0.000425
Train Epoch: 20 [1800/9056 (20%)]	Loss: 0.000351
Train Epoch: 20 [2400/9056 (26%)]	Loss: 0.000969
Train Epoch: 20 [3000/9056 (33%)]	Loss: 0.001621
Train Epoch: 20 [3600/9056 (40%)]	Loss: 0.000403
Train Epoch: 20 [4200/9056 (46%)]	Loss: 0.001763
Train Epoch: 20 [4800/9056 (53%)]	Loss: 0.001867
Train Epoch: 20 [5400/9056 (60%)]	Loss: 0.021475
Train Epoch: 20 [6000/9056 (66%)]	Loss: 0.003513
Train Epoch: 20 [6600/9056 (73%)]	Loss: 0.005609
Train Epoch: 20 [7200/9056 (79%)]	Loss: 0.002192
Train Epoch: 20 [7800/9056 (86%)]	Loss: 0.001459
Train Epoch: 20 [8400/9056 (93%)]	Loss: 0.006361
Train Epoch: 20 [8400/9056 (99%)]	Loss: 0.001351
Test set: Average loss: 1.1764, Accuracy: 1713/2264 (75%)
Train Epoch: 21 [0/9056 (0%)]	Loss: 0.001946
Train Epoch: 21 [600/9056 (7%)]	Loss: 0.000582
Train Epoch: 21 [1200/9056 (13%)]	Loss: 0.000315
Train Epoch: 21 [1800/9056 (20%)]	Loss: 0.000583
Train Epoch: 21 [2400/9056 (26%)]	Loss: 0.001220
Train Epoch: 21 [3000/9056 (33%)]	Loss: 0.000892
Train Epoch: 21 [3600/9056 (40%)]	Loss: 0.000284
Train Epoch: 21 [4200/9056 (46%)]	Loss: 0.002411
Train Epoch: 21 [4800/9056 (53%)]	Loss: 0.002446
Train Epoch: 21 [5400/9056 (60%)]	Loss: 0.001330
Train Epoch: 21 [6000/9056 (66%)]	Loss: 0.000526
Train Epoch: 21 [6600/9056 (73%)]	Loss: 0.004993
Train Epoch: 21 [7200/9056 (79%)]	Loss: 0.000764
Train Epoch: 21 [7800/9056 (86%)]	Loss: 0.006535
Train Epoch: 21 [8400/9056 (93%)]	Loss: 0.007943
Train Epoch: 21 [8400/9056 (99%)]	Loss: 0.004225
Test set: Average loss: 1.2085, Accuracy: 1681/2264 (74%)
Train Epoch: 22 [0/9056 (0%)]	Loss: 0.001757
Train Epoch: 22 [600/9056 (7%)]	Loss: 0.004664
Train Epoch: 22 [1200/9056 (13%)]	Loss: 0.002224
Train Epoch: 22 [1800/9056 (20%)]	Loss: 0.002580
Train Epoch: 22 [2400/9056 (26%)]	Loss: 0.000851
Train Epoch: 22 [3000/9056 (33%)]	Loss: 0.005949
Train Epoch: 22 [3600/9056 (40%)]	Loss: 0.000621
Train Epoch: 22 [4200/9056 (46%)]	Loss: 0.000929
Train Epoch: 22 [4800/9056 (53%)]	Loss: 0.001616
Train Epoch: 22 [5400/9056 (60%)]	Loss: 0.006485
Train Epoch: 22 [6000/9056 (66%)]	Loss: 0.004236
Train Epoch: 22 [6600/9056 (73%)]	Loss: 0.000113
Train Epoch: 22 [7200/9056 (79%)]	Loss: 0.000580
Train Epoch: 22 [7800/9056 (86%)]	Loss: 0.002609
Train Epoch: 22 [8400/9056 (93%)]	Loss: 0.000489
Train Epoch: 22 [8400/9056 (99%)]	Loss: 0.000966
Test set: Average loss: 1.1959, Accuracy: 1705/2264 (75%)
Train Epoch: 23 [0/9056 (0%)]	Loss: 0.006360
Train Epoch: 23 [600/9056 (7%)]	Loss: 0.002715
Train Epoch: 23 [1200/9056 (13%)]	Loss: 0.001042
Train Epoch: 23 [1800/9056 (20%)]	Loss: 0.001352
Train Epoch: 23 [2400/9056 (26%)]	Loss: 0.000715
Train Epoch: 23 [3000/9056 (33%)]	Loss: 0.000884
Train Epoch: 23 [3600/9056 (40%)]	Loss: 0.000186
Train Epoch: 23 [4200/9056 (46%)]	Loss: 0.000979
Train Epoch: 23 [4800/9056 (53%)]	Loss: 0.001553
Train Epoch: 23 [5400/9056 (60%)]	Loss: 0.001455
Train Epoch: 23 [6000/9056 (66%)]	Loss: 0.003950
Train Epoch: 23 [6600/9056 (73%)]	Loss: 0.003747
Train Epoch: 23 [7200/9056 (79%)]	Loss: 0.000539
Train Epoch: 23 [7800/9056 (86%)]	Loss: 0.000741
Train Epoch: 23 [8400/9056 (93%)]	Loss: 0.019271
Train Epoch: 23 [8400/9056 (99%)]	Loss: 0.000472
Test set: Average loss: 1.2464, Accuracy: 1716/2264 (75%)
Train Epoch: 24 [0/9056 (0%)]	Loss: 0.000788
Train Epoch: 24 [600/9056 (7%)]	Loss: 0.009507
Train Epoch: 24 [1200/9056 (13%)]	Loss: 0.000961
Train Epoch: 24 [1800/9056 (20%)]	Loss: 0.002566
Train Epoch: 24 [2400/9056 (26%)]	Loss: 0.013558
Train Epoch: 24 [3000/9056 (33%)]	Loss: 0.003792
Train Epoch: 24 [3600/9056 (40%)]	Loss: 0.001631
Train Epoch: 24 [4200/9056 (46%)]	Loss: 0.001491
Train Epoch: 24 [4800/9056 (53%)]	Loss: 0.001753
Train Epoch: 24 [5400/9056 (60%)]	Loss: 0.002635
Train Epoch: 24 [6000/9056 (66%)]	Loss: 0.008218
Train Epoch: 24 [6600/9056 (73%)]	Loss: 0.001763
Train Epoch: 24 [7200/9056 (79%)]	Loss: 0.000986
Train Epoch: 24 [7800/9056 (86%)]	Loss: 0.000520
Train Epoch: 24 [8400/9056 (93%)]	Loss: 0.000610
Train Epoch: 24 [8400/9056 (99%)]	Loss: 0.001114
Test set: Average loss: 1.2174, Accuracy: 1698/2264 (75%)
Train Epoch: 25 [0/9056 (0%)]	Loss: 0.019862
Train Epoch: 25 [600/9056 (7%)]	Loss: 0.010726
Train Epoch: 25 [1200/9056 (13%)]	Loss: 0.009119
Train Epoch: 25 [1800/9056 (20%)]	Loss: 0.001096
Train Epoch: 25 [2400/9056 (26%)]	Loss: 0.079015
Train Epoch: 25 [3000/9056 (33%)]	Loss: 0.001533
Train Epoch: 25 [3600/9056 (40%)]	Loss: 0.001844
Train Epoch: 25 [4200/9056 (46%)]	Loss: 0.001062
Train Epoch: 25 [4800/9056 (53%)]	Loss: 0.000842
Train Epoch: 25 [5400/9056 (60%)]	Loss: 0.001238
Train Epoch: 25 [6000/9056 (66%)]	Loss: 0.001757
Train Epoch: 25 [6600/9056 (73%)]	Loss: 0.001189
Train Epoch: 25 [7200/9056 (79%)]	Loss: 0.001037
Train Epoch: 25 [7800/9056 (86%)]	Loss: 0.003012
Train Epoch: 25 [8400/9056 (93%)]	Loss: 0.000718
Train Epoch: 25 [8400/9056 (99%)]	Loss: 0.003605
Test set: Average loss: 1.2182, Accuracy: 1711/2264 (75%)
Train Epoch: 26 [0/9056 (0%)]	Loss: 0.001401
Train Epoch: 26 [600/9056 (7%)]	Loss: 0.001540
Train Epoch: 26 [1200/9056 (13%)]	Loss: 0.000542
Train Epoch: 26 [1800/9056 (20%)]	Loss: 0.000302
Train Epoch: 26 [2400/9056 (26%)]	Loss: 0.001852
Train Epoch: 26 [3000/9056 (33%)]	Loss: 0.015030
Train Epoch: 26 [3600/9056 (40%)]	Loss: 0.002343
Train Epoch: 26 [4200/9056 (46%)]	Loss: 0.002757
Train Epoch: 26 [4800/9056 (53%)]	Loss: 0.002788
Train Epoch: 26 [5400/9056 (60%)]	Loss: 0.000478
Train Epoch: 26 [6000/9056 (66%)]	Loss: 0.000185
Train Epoch: 26 [6600/9056 (73%)]	Loss: 0.001510
Train Epoch: 26 [7200/9056 (79%)]	Loss: 0.001341
Train Epoch: 26 [7800/9056 (86%)]	Loss: 0.000427
Train Epoch: 26 [8400/9056 (93%)]	Loss: 0.000867
Train Epoch: 26 [8400/9056 (99%)]	Loss: 0.001109
Test set: Average loss: 1.2327, Accuracy: 1716/2264 (75%)
Train Epoch: 27 [0/9056 (0%)]	Loss: 0.001098
Train Epoch: 27 [600/9056 (7%)]	Loss: 0.000380
Train Epoch: 27 [1200/9056 (13%)]	Loss: 0.001241
Train Epoch: 27 [1800/9056 (20%)]	Loss: 0.000244
Train Epoch: 27 [2400/9056 (26%)]	Loss: 0.000216
Train Epoch: 27 [3000/9056 (33%)]	Loss: 0.000175
Train Epoch: 27 [3600/9056 (40%)]	Loss: 0.003458
Train Epoch: 27 [4200/9056 (46%)]	Loss: 0.000631
Train Epoch: 27 [4800/9056 (53%)]	Loss: 0.000734
Train Epoch: 27 [5400/9056 (60%)]	Loss: 0.000266
Train Epoch: 27 [6000/9056 (66%)]	Loss: 0.001480
Train Epoch: 27 [6600/9056 (73%)]	Loss: 0.000408
Train Epoch: 27 [7200/9056 (79%)]	Loss: 0.001244
Train Epoch: 27 [7800/9056 (86%)]	Loss: 0.000753
Train Epoch: 27 [8400/9056 (93%)]	Loss: 0.000570
Train Epoch: 27 [8400/9056 (99%)]	Loss: 0.000220
Test set: Average loss: 1.2216, Accuracy: 1730/2264 (76%)
Train Epoch: 28 [0/9056 (0%)]	Loss: 0.000553
Train Epoch: 28 [600/9056 (7%)]	Loss: 0.002827
Train Epoch: 28 [1200/9056 (13%)]	Loss: 0.000979
Train Epoch: 28 [1800/9056 (20%)]	Loss: 0.000351
Train Epoch: 28 [2400/9056 (26%)]	Loss: 0.000152
Train Epoch: 28 [3000/9056 (33%)]	Loss: 0.000731
Train Epoch: 28 [3600/9056 (40%)]	Loss: 0.000446
Train Epoch: 28 [4200/9056 (46%)]	Loss: 0.000461
Train Epoch: 28 [4800/9056 (53%)]	Loss: 0.002034
Train Epoch: 28 [5400/9056 (60%)]	Loss: 0.000785
Train Epoch: 28 [6000/9056 (66%)]	Loss: 0.002694
Train Epoch: 28 [6600/9056 (73%)]	Loss: 0.000556
Train Epoch: 28 [7200/9056 (79%)]	Loss: 0.000772
Train Epoch: 28 [7800/9056 (86%)]	Loss: 0.001044
Train Epoch: 28 [8400/9056 (93%)]	Loss: 0.000418
Train Epoch: 28 [8400/9056 (99%)]	Loss: 0.000835
Test set: Average loss: 1.2743, Accuracy: 1716/2264 (75%)
Train Epoch: 29 [0/9056 (0%)]	Loss: 0.000861
Train Epoch: 29 [600/9056 (7%)]	Loss: 0.002442
Train Epoch: 29 [1200/9056 (13%)]	Loss: 0.000181
Train Epoch: 29 [1800/9056 (20%)]	Loss: 0.000084
Train Epoch: 29 [2400/9056 (26%)]	Loss: 0.000129
Train Epoch: 29 [3000/9056 (33%)]	Loss: 0.000338
Train Epoch: 29 [3600/9056 (40%)]	Loss: 0.000256
Train Epoch: 29 [4200/9056 (46%)]	Loss: 0.000382
Train Epoch: 29 [4800/9056 (53%)]	Loss: 0.000136
Train Epoch: 29 [5400/9056 (60%)]	Loss: 0.000492
Train Epoch: 29 [6000/9056 (66%)]	Loss: 0.000360
Train Epoch: 29 [6600/9056 (73%)]	Loss: 0.000220
Train Epoch: 29 [7200/9056 (79%)]	Loss: 0.000310
Train Epoch: 29 [7800/9056 (86%)]	Loss: 0.000410
Train Epoch: 29 [8400/9056 (93%)]	Loss: 0.000633
Train Epoch: 29 [8400/9056 (99%)]	Loss: 0.000527
Test set: Average loss: 1.2688, Accuracy: 1709/2264 (75%)
Train Epoch: 30 [0/9056 (0%)]	Loss: 0.000989
Train Epoch: 30 [600/9056 (7%)]	Loss: 0.000241
Train Epoch: 30 [1200/9056 (13%)]	Loss: 0.000118
Train Epoch: 30 [1800/9056 (20%)]	Loss: 0.000151
Train Epoch: 30 [2400/9056 (26%)]	Loss: 0.000406
Train Epoch: 30 [3000/9056 (33%)]	Loss: 0.000751
Train Epoch: 30 [3600/9056 (40%)]	Loss: 0.000162
Train Epoch: 30 [4200/9056 (46%)]	Loss: 0.000225
Train Epoch: 30 [4800/9056 (53%)]	Loss: 0.000443
Train Epoch: 30 [5400/9056 (60%)]	Loss: 0.000125
Train Epoch: 30 [6000/9056 (66%)]	Loss: 0.000225
Train Epoch: 30 [6600/9056 (73%)]	Loss: 0.001354
Train Epoch: 30 [7200/9056 (79%)]	Loss: 0.000165
Train Epoch: 30 [7800/9056 (86%)]	Loss: 0.000132
Train Epoch: 30 [8400/9056 (93%)]	Loss: 0.005034
Train Epoch: 30 [8400/9056 (99%)]	Loss: 0.000592
Test set: Average loss: 1.2308, Accuracy: 1726/2264 (76%)
Train Epoch: 31 [0/9056 (0%)]	Loss: 0.000217
Train Epoch: 31 [600/9056 (7%)]	Loss: 0.000199
Train Epoch: 31 [1200/9056 (13%)]	Loss: 0.000264
Train Epoch: 31 [1800/9056 (20%)]	Loss: 0.000165
Train Epoch: 31 [2400/9056 (26%)]	Loss: 0.000100
Train Epoch: 31 [3000/9056 (33%)]	Loss: 0.000546
Train Epoch: 31 [3600/9056 (40%)]	Loss: 0.000094
Train Epoch: 31 [4200/9056 (46%)]	Loss: 0.000206
Train Epoch: 31 [4800/9056 (53%)]	Loss: 0.002538
Train Epoch: 31 [5400/9056 (60%)]	Loss: 0.000735
Train Epoch: 31 [6000/9056 (66%)]	Loss: 0.000134
Train Epoch: 31 [6600/9056 (73%)]	Loss: 0.007507
Train Epoch: 31 [7200/9056 (79%)]	Loss: 0.000289
Train Epoch: 31 [7800/9056 (86%)]	Loss: 0.000497
Train Epoch: 31 [8400/9056 (93%)]	Loss: 0.000592
Train Epoch: 31 [8400/9056 (99%)]	Loss: 0.000168
Test set: Average loss: 1.2447, Accuracy: 1719/2264 (75%)
Train Epoch: 32 [0/9056 (0%)]	Loss: 0.000079
Train Epoch: 32 [600/9056 (7%)]	Loss: 0.000174
Train Epoch: 32 [1200/9056 (13%)]	Loss: 0.001478
Train Epoch: 32 [1800/9056 (20%)]	Loss: 0.000200
Train Epoch: 32 [2400/9056 (26%)]	Loss: 0.000587
Train Epoch: 32 [3000/9056 (33%)]	Loss: 0.000364
Train Epoch: 32 [3600/9056 (40%)]	Loss: 0.000080
Train Epoch: 32 [4200/9056 (46%)]	Loss: 0.001759
Train Epoch: 32 [4800/9056 (53%)]	Loss: 0.000317
Train Epoch: 32 [5400/9056 (60%)]	Loss: 0.000522
Train Epoch: 32 [6000/9056 (66%)]	Loss: 0.000154
Train Epoch: 32 [6600/9056 (73%)]	Loss: 0.000263
Train Epoch: 32 [7200/9056 (79%)]	Loss: 0.000327
Train Epoch: 32 [7800/9056 (86%)]	Loss: 0.001936
Train Epoch: 32 [8400/9056 (93%)]	Loss: 0.000162
Train Epoch: 32 [8400/9056 (99%)]	Loss: 0.000784
Test set: Average loss: 1.2319, Accuracy: 1715/2264 (75%)
Train Epoch: 33 [0/9056 (0%)]	Loss: 0.002341
Train Epoch: 33 [600/9056 (7%)]	Loss: 0.000694
Train Epoch: 33 [1200/9056 (13%)]	Loss: 0.000129
Train Epoch: 33 [1800/9056 (20%)]	Loss: 0.000185
Train Epoch: 33 [2400/9056 (26%)]	Loss: 0.000171
Train Epoch: 33 [3000/9056 (33%)]	Loss: 0.000336
Train Epoch: 33 [3600/9056 (40%)]	Loss: 0.000065
Train Epoch: 33 [4200/9056 (46%)]	Loss: 0.000189
Train Epoch: 33 [4800/9056 (53%)]	Loss: 0.000122
Train Epoch: 33 [5400/9056 (60%)]	Loss: 0.000220
Train Epoch: 33 [6000/9056 (66%)]	Loss: 0.000290
Train Epoch: 33 [6600/9056 (73%)]	Loss: 0.001028
Train Epoch: 33 [7200/9056 (79%)]	Loss: 0.000317
Train Epoch: 33 [7800/9056 (86%)]	Loss: 0.000525
Train Epoch: 33 [8400/9056 (93%)]	Loss: 0.000293
Train Epoch: 33 [8400/9056 (99%)]	Loss: 0.000122
Test set: Average loss: 1.2471, Accuracy: 1728/2264 (76%)
Train Epoch: 34 [0/9056 (0%)]	Loss: 0.000207
Train Epoch: 34 [600/9056 (7%)]	Loss: 0.000061
Train Epoch: 34 [1200/9056 (13%)]	Loss: 0.000142
Train Epoch: 34 [1800/9056 (20%)]	Loss: 0.000220
Train Epoch: 34 [2400/9056 (26%)]	Loss: 0.000149
Train Epoch: 34 [3000/9056 (33%)]	Loss: 0.002010
Train Epoch: 34 [3600/9056 (40%)]	Loss: 0.000365
Train Epoch: 34 [4200/9056 (46%)]	Loss: 0.000137
Train Epoch: 34 [4800/9056 (53%)]	Loss: 0.000115
Train Epoch: 34 [5400/9056 (60%)]	Loss: 0.000276
Train Epoch: 34 [6000/9056 (66%)]	Loss: 0.000095
Train Epoch: 34 [6600/9056 (73%)]	Loss: 0.000533
Train Epoch: 34 [7200/9056 (79%)]	Loss: 0.000348
Train Epoch: 34 [7800/9056 (86%)]	Loss: 0.000284
Train Epoch: 34 [8400/9056 (93%)]	Loss: 0.000459
Train Epoch: 34 [8400/9056 (99%)]	Loss: 0.000094
Test set: Average loss: 1.2512, Accuracy: 1728/2264 (76%)
Train Epoch: 35 [0/9056 (0%)]	Loss: 0.000201
Train Epoch: 35 [600/9056 (7%)]	Loss: 0.000148
Train Epoch: 35 [1200/9056 (13%)]	Loss: 0.000078
Train Epoch: 35 [1800/9056 (20%)]	Loss: 0.000150
Train Epoch: 35 [2400/9056 (26%)]	Loss: 0.000185
Train Epoch: 35 [3000/9056 (33%)]	Loss: 0.000092
Train Epoch: 35 [3600/9056 (40%)]	Loss: 0.000205
Train Epoch: 35 [4200/9056 (46%)]	Loss: 0.000082
Train Epoch: 35 [4800/9056 (53%)]	Loss: 0.000056
Train Epoch: 35 [5400/9056 (60%)]	Loss: 0.000105
Train Epoch: 35 [6000/9056 (66%)]	Loss: 0.000279
Train Epoch: 35 [6600/9056 (73%)]	Loss: 0.000052
Train Epoch: 35 [7200/9056 (79%)]	Loss: 0.000091
Train Epoch: 35 [7800/9056 (86%)]	Loss: 0.000655
Train Epoch: 35 [8400/9056 (93%)]	Loss: 0.000307
Train Epoch: 35 [8400/9056 (99%)]	Loss: 0.000276
Test set: Average loss: 1.2605, Accuracy: 1721/2264 (76%)
Train Epoch: 36 [0/9056 (0%)]	Loss: 0.000081
Train Epoch: 36 [600/9056 (7%)]	Loss: 0.000138
Train Epoch: 36 [1200/9056 (13%)]	Loss: 0.000140
Train Epoch: 36 [1800/9056 (20%)]	Loss: 0.001006
Train Epoch: 36 [2400/9056 (26%)]	Loss: 0.000492
Train Epoch: 36 [3000/9056 (33%)]	Loss: 0.000202
Train Epoch: 36 [3600/9056 (40%)]	Loss: 0.000166
Train Epoch: 36 [4200/9056 (46%)]	Loss: 0.000229
Train Epoch: 36 [4800/9056 (53%)]	Loss: 0.000157
Train Epoch: 36 [5400/9056 (60%)]	Loss: 0.000185
Train Epoch: 36 [6000/9056 (66%)]	Loss: 0.000083
Train Epoch: 36 [6600/9056 (73%)]	Loss: 0.000575
Train Epoch: 36 [7200/9056 (79%)]	Loss: 0.000128
Train Epoch: 36 [7800/9056 (86%)]	Loss: 0.000457
Train Epoch: 36 [8400/9056 (93%)]	Loss: 0.000061
Train Epoch: 36 [8400/9056 (99%)]	Loss: 0.000160
Test set: Average loss: 1.2672, Accuracy: 1725/2264 (76%)
Train Epoch: 37 [0/9056 (0%)]	Loss: 0.000087
Train Epoch: 37 [600/9056 (7%)]	Loss: 0.000394
Train Epoch: 37 [1200/9056 (13%)]	Loss: 0.000144
Train Epoch: 37 [1800/9056 (20%)]	Loss: 0.000044
Train Epoch: 37 [2400/9056 (26%)]	Loss: 0.000062
Train Epoch: 37 [3000/9056 (33%)]	Loss: 0.000159
Train Epoch: 37 [3600/9056 (40%)]	Loss: 0.000627
Train Epoch: 37 [4200/9056 (46%)]	Loss: 0.000126
Train Epoch: 37 [4800/9056 (53%)]	Loss: 0.000069
Train Epoch: 37 [5400/9056 (60%)]	Loss: 0.000176
Train Epoch: 37 [6000/9056 (66%)]	Loss: 0.000118
Train Epoch: 37 [6600/9056 (73%)]	Loss: 0.001163
Train Epoch: 37 [7200/9056 (79%)]	Loss: 0.000111
Train Epoch: 37 [7800/9056 (86%)]	Loss: 0.000092
Train Epoch: 37 [8400/9056 (93%)]	Loss: 0.000330
Train Epoch: 37 [8400/9056 (99%)]	Loss: 0.000079
Test set: Average loss: 1.2607, Accuracy: 1721/2264 (76%)
Train Epoch: 38 [0/9056 (0%)]	Loss: 0.000387
Train Epoch: 38 [600/9056 (7%)]	Loss: 0.000089
Train Epoch: 38 [1200/9056 (13%)]	Loss: 0.000074
Train Epoch: 38 [1800/9056 (20%)]	Loss: 0.000136
Train Epoch: 38 [2400/9056 (26%)]	Loss: 0.000071
Train Epoch: 38 [3000/9056 (33%)]	Loss: 0.000104
Train Epoch: 38 [3600/9056 (40%)]	Loss: 0.000190
Train Epoch: 38 [4200/9056 (46%)]	Loss: 0.000246
Train Epoch: 38 [4800/9056 (53%)]	Loss: 0.000106
Train Epoch: 38 [5400/9056 (60%)]	Loss: 0.000339
Train Epoch: 38 [6000/9056 (66%)]	Loss: 0.000068
Train Epoch: 38 [6600/9056 (73%)]	Loss: 0.000080
Train Epoch: 38 [7200/9056 (79%)]	Loss: 0.000303
Train Epoch: 38 [7800/9056 (86%)]	Loss: 0.000074
Train Epoch: 38 [8400/9056 (93%)]	Loss: 0.000237
Train Epoch: 38 [8400/9056 (99%)]	Loss: 0.000364
Test set: Average loss: 1.2465, Accuracy: 1736/2264 (76%)
Train Epoch: 39 [0/9056 (0%)]	Loss: 0.000068
Train Epoch: 39 [600/9056 (7%)]	Loss: 0.000056
Train Epoch: 39 [1200/9056 (13%)]	Loss: 0.000024
Train Epoch: 39 [1800/9056 (20%)]	Loss: 0.000163
Train Epoch: 39 [2400/9056 (26%)]	Loss: 0.000058
Train Epoch: 39 [3000/9056 (33%)]	Loss: 0.000032
Train Epoch: 39 [3600/9056 (40%)]	Loss: 0.000108
Train Epoch: 39 [4200/9056 (46%)]	Loss: 0.000531
Train Epoch: 39 [4800/9056 (53%)]	Loss: 0.000751
Train Epoch: 39 [5400/9056 (60%)]	Loss: 0.000035
Train Epoch: 39 [6000/9056 (66%)]	Loss: 0.000181
Train Epoch: 39 [6600/9056 (73%)]	Loss: 0.001490
Train Epoch: 39 [7200/9056 (79%)]	Loss: 0.000512
Train Epoch: 39 [7800/9056 (86%)]	Loss: 0.000065
Train Epoch: 39 [8400/9056 (93%)]	Loss: 0.000096
Train Epoch: 39 [8400/9056 (99%)]	Loss: 0.000260
Test set: Average loss: 1.2987, Accuracy: 1726/2264 (76%)
Train Epoch: 40 [0/9056 (0%)]	Loss: 0.000179
Train Epoch: 40 [600/9056 (7%)]	Loss: 0.000062
Train Epoch: 40 [1200/9056 (13%)]	Loss: 0.000064
Train Epoch: 40 [1800/9056 (20%)]	Loss: 0.000274
Train Epoch: 40 [2400/9056 (26%)]	Loss: 0.000289
Train Epoch: 40 [3000/9056 (33%)]	Loss: 0.000136
Train Epoch: 40 [3600/9056 (40%)]	Loss: 0.000824
Train Epoch: 40 [4200/9056 (46%)]	Loss: 0.000070
Train Epoch: 40 [4800/9056 (53%)]	Loss: 0.000056
Train Epoch: 40 [5400/9056 (60%)]	Loss: 0.000116
Train Epoch: 40 [6000/9056 (66%)]	Loss: 0.000159
Train Epoch: 40 [6600/9056 (73%)]	Loss: 0.000157
Train Epoch: 40 [7200/9056 (79%)]	Loss: 0.000131
Train Epoch: 40 [7800/9056 (86%)]	Loss: 0.000445
Train Epoch: 40 [8400/9056 (93%)]	Loss: 0.000082
Train Epoch: 40 [8400/9056 (99%)]	Loss: 0.001075
Test set: Average loss: 1.2922, Accuracy: 1720/2264 (75%)
Train Epoch: 41 [0/9056 (0%)]	Loss: 0.000475
Train Epoch: 41 [600/9056 (7%)]	Loss: 0.000113
Train Epoch: 41 [1200/9056 (13%)]	Loss: 0.000115
Train Epoch: 41 [1800/9056 (20%)]	Loss: 0.000140
Train Epoch: 41 [2400/9056 (26%)]	Loss: 0.000469
Train Epoch: 41 [3000/9056 (33%)]	Loss: 0.000131
Train Epoch: 41 [3600/9056 (40%)]	Loss: 0.000137
Train Epoch: 41 [4200/9056 (46%)]	Loss: 0.000069
Train Epoch: 41 [4800/9056 (53%)]	Loss: 0.000454
Train Epoch: 41 [5400/9056 (60%)]	Loss: 0.000124
Train Epoch: 41 [6000/9056 (66%)]	Loss: 0.000503
Train Epoch: 41 [6600/9056 (73%)]	Loss: 0.000219
Train Epoch: 41 [7200/9056 (79%)]	Loss: 0.004322
Train Epoch: 41 [7800/9056 (86%)]	Loss: 0.000085
Train Epoch: 41 [8400/9056 (93%)]	Loss: 0.000146
Train Epoch: 41 [8400/9056 (99%)]	Loss: 0.000053
Test set: Average loss: 1.2557, Accuracy: 1731/2264 (76%)
Train Epoch: 42 [0/9056 (0%)]	Loss: 0.000130
Train Epoch: 42 [600/9056 (7%)]	Loss: 0.000126
Train Epoch: 42 [1200/9056 (13%)]	Loss: 0.000244
Train Epoch: 42 [1800/9056 (20%)]	Loss: 0.000059
Train Epoch: 42 [2400/9056 (26%)]	Loss: 0.000172
Train Epoch: 42 [3000/9056 (33%)]	Loss: 0.000435
Train Epoch: 42 [3600/9056 (40%)]	Loss: 0.000520
Train Epoch: 42 [4200/9056 (46%)]	Loss: 0.000092
Train Epoch: 42 [4800/9056 (53%)]	Loss: 0.000093
Train Epoch: 42 [5400/9056 (60%)]	Loss: 0.000149
Train Epoch: 42 [6000/9056 (66%)]	Loss: 0.000891
Train Epoch: 42 [6600/9056 (73%)]	Loss: 0.000149
Train Epoch: 42 [7200/9056 (79%)]	Loss: 0.000586
Train Epoch: 42 [7800/9056 (86%)]	Loss: 0.000118
Train Epoch: 42 [8400/9056 (93%)]	Loss: 0.000060
Train Epoch: 42 [8400/9056 (99%)]	Loss: 0.000542
Test set: Average loss: 1.2598, Accuracy: 1726/2264 (76%)
Train Epoch: 43 [0/9056 (0%)]	Loss: 0.000482
Train Epoch: 43 [600/9056 (7%)]	Loss: 0.004568
Train Epoch: 43 [1200/9056 (13%)]	Loss: 0.000171
Train Epoch: 43 [1800/9056 (20%)]	Loss: 0.000158
Train Epoch: 43 [2400/9056 (26%)]	Loss: 0.000101
Train Epoch: 43 [3000/9056 (33%)]	Loss: 0.000109
Train Epoch: 43 [3600/9056 (40%)]	Loss: 0.000101
Train Epoch: 43 [4200/9056 (46%)]	Loss: 0.000197
Train Epoch: 43 [4800/9056 (53%)]	Loss: 0.000452
Train Epoch: 43 [5400/9056 (60%)]	Loss: 0.000271
Train Epoch: 43 [6000/9056 (66%)]	Loss: 0.001289
Train Epoch: 43 [6600/9056 (73%)]	Loss: 0.000345
Train Epoch: 43 [7200/9056 (79%)]	Loss: 0.000318
Train Epoch: 43 [7800/9056 (86%)]	Loss: 0.000130
Train Epoch: 43 [8400/9056 (93%)]	Loss: 0.000310
Train Epoch: 43 [8400/9056 (99%)]	Loss: 0.000346
Test set: Average loss: 1.3396, Accuracy: 1702/2264 (75%)
Train Epoch: 44 [0/9056 (0%)]	Loss: 0.000086
Train Epoch: 44 [600/9056 (7%)]	Loss: 0.000224
Train Epoch: 44 [1200/9056 (13%)]	Loss: 0.000060
Train Epoch: 44 [1800/9056 (20%)]	Loss: 0.001881
Train Epoch: 44 [2400/9056 (26%)]	Loss: 0.000848
Train Epoch: 44 [3000/9056 (33%)]	Loss: 0.000253
Train Epoch: 44 [3600/9056 (40%)]	Loss: 0.000198
Train Epoch: 44 [4200/9056 (46%)]	Loss: 0.000066
Train Epoch: 44 [4800/9056 (53%)]	Loss: 0.000329
Train Epoch: 44 [5400/9056 (60%)]	Loss: 0.000134
Train Epoch: 44 [6000/9056 (66%)]	Loss: 0.000361
Train Epoch: 44 [6600/9056 (73%)]	Loss: 0.000555
Train Epoch: 44 [7200/9056 (79%)]	Loss: 0.000177
Train Epoch: 44 [7800/9056 (86%)]	Loss: 0.001294
Train Epoch: 44 [8400/9056 (93%)]	Loss: 0.000794
Train Epoch: 44 [8400/9056 (99%)]	Loss: 0.000507
Test set: Average loss: 1.3104, Accuracy: 1708/2264 (75%)
Train Epoch: 45 [0/9056 (0%)]	Loss: 0.000090
Train Epoch: 45 [600/9056 (7%)]	Loss: 0.000131
Train Epoch: 45 [1200/9056 (13%)]	Loss: 0.000207
Train Epoch: 45 [1800/9056 (20%)]	Loss: 0.000630
Train Epoch: 45 [2400/9056 (26%)]	Loss: 0.000134
Train Epoch: 45 [3000/9056 (33%)]	Loss: 0.000184
Train Epoch: 45 [3600/9056 (40%)]	Loss: 0.000188
Train Epoch: 45 [4200/9056 (46%)]	Loss: 0.000129
Train Epoch: 45 [4800/9056 (53%)]	Loss: 0.000110
Train Epoch: 45 [5400/9056 (60%)]	Loss: 0.000589
Train Epoch: 45 [6000/9056 (66%)]	Loss: 0.000587
Train Epoch: 45 [6600/9056 (73%)]	Loss: 0.000243
Train Epoch: 45 [7200/9056 (79%)]	Loss: 0.000451
Train Epoch: 45 [7800/9056 (86%)]	Loss: 0.000364
Train Epoch: 45 [8400/9056 (93%)]	Loss: 0.000273
Train Epoch: 45 [8400/9056 (99%)]	Loss: 0.000046
Test set: Average loss: 1.2919, Accuracy: 1705/2264 (75%)
Train Epoch: 46 [0/9056 (0%)]	Loss: 0.000199
Train Epoch: 46 [600/9056 (7%)]	Loss: 0.000376
Train Epoch: 46 [1200/9056 (13%)]	Loss: 0.000087
Train Epoch: 46 [1800/9056 (20%)]	Loss: 0.000115
Train Epoch: 46 [2400/9056 (26%)]	Loss: 0.000090
Train Epoch: 46 [3000/9056 (33%)]	Loss: 0.000057
Train Epoch: 46 [3600/9056 (40%)]	Loss: 0.000277
Train Epoch: 46 [4200/9056 (46%)]	Loss: 0.000135
Train Epoch: 46 [4800/9056 (53%)]	Loss: 0.000197
Train Epoch: 46 [5400/9056 (60%)]	Loss: 0.001924
Train Epoch: 46 [6000/9056 (66%)]	Loss: 0.000095
Train Epoch: 46 [6600/9056 (73%)]	Loss: 0.000091
Train Epoch: 46 [7200/9056 (79%)]	Loss: 0.000226
Train Epoch: 46 [7800/9056 (86%)]	Loss: 0.000407
Train Epoch: 46 [8400/9056 (93%)]	Loss: 0.000338
Train Epoch: 46 [8400/9056 (99%)]	Loss: 0.000142
Test set: Average loss: 1.3281, Accuracy: 1710/2264 (75%)
Train Epoch: 47 [0/9056 (0%)]	Loss: 0.000155
Train Epoch: 47 [600/9056 (7%)]	Loss: 0.000028
Train Epoch: 47 [1200/9056 (13%)]	Loss: 0.000109
Train Epoch: 47 [1800/9056 (20%)]	Loss: 0.000115
Train Epoch: 47 [2400/9056 (26%)]	Loss: 0.000067
Train Epoch: 47 [3000/9056 (33%)]	Loss: 0.000291
Train Epoch: 47 [3600/9056 (40%)]	Loss: 0.000072
Train Epoch: 47 [4200/9056 (46%)]	Loss: 0.000212
Train Epoch: 47 [4800/9056 (53%)]	Loss: 0.000531
Train Epoch: 47 [5400/9056 (60%)]	Loss: 0.000079
Train Epoch: 47 [6000/9056 (66%)]	Loss: 0.000498
Train Epoch: 47 [6600/9056 (73%)]	Loss: 0.000104
Train Epoch: 47 [7200/9056 (79%)]	Loss: 0.000213
Train Epoch: 47 [7800/9056 (86%)]	Loss: 0.000063
Train Epoch: 47 [8400/9056 (93%)]	Loss: 0.000310
Train Epoch: 47 [8400/9056 (99%)]	Loss: 0.000457
Test set: Average loss: 1.3066, Accuracy: 1729/2264 (76%)
Train Epoch: 48 [0/9056 (0%)]	Loss: 0.000057
Train Epoch: 48 [600/9056 (7%)]	Loss: 0.000076
Train Epoch: 48 [1200/9056 (13%)]	Loss: 0.000048
Train Epoch: 48 [1800/9056 (20%)]	Loss: 0.000184
Train Epoch: 48 [2400/9056 (26%)]	Loss: 0.000280
Train Epoch: 48 [3000/9056 (33%)]	Loss: 0.000307
Train Epoch: 48 [3600/9056 (40%)]	Loss: 0.000220
Train Epoch: 48 [4200/9056 (46%)]	Loss: 0.000143
Train Epoch: 48 [4800/9056 (53%)]	Loss: 0.000086
Train Epoch: 48 [5400/9056 (60%)]	Loss: 0.000059
Train Epoch: 48 [6000/9056 (66%)]	Loss: 0.000055
Train Epoch: 48 [6600/9056 (73%)]	Loss: 0.000101
Train Epoch: 48 [7200/9056 (79%)]	Loss: 0.000097
Train Epoch: 48 [7800/9056 (86%)]	Loss: 0.000077
Train Epoch: 48 [8400/9056 (93%)]	Loss: 0.000123
Train Epoch: 48 [8400/9056 (99%)]	Loss: 0.000159
Test set: Average loss: 1.3087, Accuracy: 1707/2264 (75%)
Train Epoch: 49 [0/9056 (0%)]	Loss: 0.000074
Train Epoch: 49 [600/9056 (7%)]	Loss: 0.000072
Train Epoch: 49 [1200/9056 (13%)]	Loss: 0.000076
Train Epoch: 49 [1800/9056 (20%)]	Loss: 0.000097
Train Epoch: 49 [2400/9056 (26%)]	Loss: 0.000154
Train Epoch: 49 [3000/9056 (33%)]	Loss: 0.000198
Train Epoch: 49 [3600/9056 (40%)]	Loss: 0.000490
Train Epoch: 49 [4200/9056 (46%)]	Loss: 0.004041
Train Epoch: 49 [4800/9056 (53%)]	Loss: 0.000110
Train Epoch: 49 [5400/9056 (60%)]	Loss: 0.000047
Train Epoch: 49 [6000/9056 (66%)]	Loss: 0.000048
Train Epoch: 49 [6600/9056 (73%)]	Loss: 0.000143
Train Epoch: 49 [7200/9056 (79%)]	Loss: 0.002190
Train Epoch: 49 [7800/9056 (86%)]	Loss: 0.000877
Train Epoch: 49 [8400/9056 (93%)]	Loss: 0.000247
Train Epoch: 49 [8400/9056 (99%)]	Loss: 0.000121
Test set: Average loss: 1.2934, Accuracy: 1713/2264 (75%)
Train Epoch: 50 [0/9056 (0%)]	Loss: 0.000070
Train Epoch: 50 [600/9056 (7%)]	Loss: 0.000028
Train Epoch: 50 [1200/9056 (13%)]	Loss: 0.000051
Train Epoch: 50 [1800/9056 (20%)]	Loss: 0.000124
Train Epoch: 50 [2400/9056 (26%)]	Loss: 0.000608
Train Epoch: 50 [3000/9056 (33%)]	Loss: 0.000127
Train Epoch: 50 [3600/9056 (40%)]	Loss: 0.000068
Train Epoch: 50 [4200/9056 (46%)]	Loss: 0.001578
Train Epoch: 50 [4800/9056 (53%)]	Loss: 0.000059
Train Epoch: 50 [5400/9056 (60%)]	Loss: 0.000439
Train Epoch: 50 [6000/9056 (66%)]	Loss: 0.000088
Train Epoch: 50 [6600/9056 (73%)]	Loss: 0.000183
Train Epoch: 50 [7200/9056 (79%)]	Loss: 0.000160
Train Epoch: 50 [7800/9056 (86%)]	Loss: 0.000581
Train Epoch: 50 [8400/9056 (93%)]	Loss: 0.000230
Train Epoch: 50 [8400/9056 (99%)]	Loss: 0.000144
Test set: Average loss: 1.3121, Accuracy: 1712/2264 (75%)
Train Epoch: 51 [0/9056 (0%)]	Loss: 0.000082
Train Epoch: 51 [600/9056 (7%)]	Loss: 0.000335
Train Epoch: 51 [1200/9056 (13%)]	Loss: 0.000097
Train Epoch: 51 [1800/9056 (20%)]	Loss: 0.000043
Train Epoch: 51 [2400/9056 (26%)]	Loss: 0.000166
Train Epoch: 51 [3000/9056 (33%)]	Loss: 0.000047
Train Epoch: 51 [3600/9056 (40%)]	Loss: 0.000085
Train Epoch: 51 [4200/9056 (46%)]	Loss: 0.000169
Train Epoch: 51 [4800/9056 (53%)]	Loss: 0.000195
Train Epoch: 51 [5400/9056 (60%)]	Loss: 0.000175
Train Epoch: 51 [6000/9056 (66%)]	Loss: 0.000092
Train Epoch: 51 [6600/9056 (73%)]	Loss: 0.000172
Train Epoch: 51 [7200/9056 (79%)]	Loss: 0.000106
Train Epoch: 51 [7800/9056 (86%)]	Loss: 0.000071
Train Epoch: 51 [8400/9056 (93%)]	Loss: 0.000162
Train Epoch: 51 [8400/9056 (99%)]	Loss: 0.000232
Test set: Average loss: 1.3079, Accuracy: 1719/2264 (75%)
Train Epoch: 52 [0/9056 (0%)]	Loss: 0.000077
Train Epoch: 52 [600/9056 (7%)]	Loss: 0.000197
Train Epoch: 52 [1200/9056 (13%)]	Loss: 0.000072
Train Epoch: 52 [1800/9056 (20%)]	Loss: 0.000086
Train Epoch: 52 [2400/9056 (26%)]	Loss: 0.000254
Train Epoch: 52 [3000/9056 (33%)]	Loss: 0.000171
Train Epoch: 52 [3600/9056 (40%)]	Loss: 0.000219
Train Epoch: 52 [4200/9056 (46%)]	Loss: 0.000109
Train Epoch: 52 [4800/9056 (53%)]	Loss: 0.000033
Train Epoch: 52 [5400/9056 (60%)]	Loss: 0.000189
Train Epoch: 52 [6000/9056 (66%)]	Loss: 0.000232
Train Epoch: 52 [6600/9056 (73%)]	Loss: 0.000313
Train Epoch: 52 [7200/9056 (79%)]	Loss: 0.000186
Train Epoch: 52 [7800/9056 (86%)]	Loss: 0.000217
Train Epoch: 52 [8400/9056 (93%)]	Loss: 0.000541
Train Epoch: 52 [8400/9056 (99%)]	Loss: 0.000060
Test set: Average loss: 1.3120, Accuracy: 1717/2264 (75%)
Train Epoch: 53 [0/9056 (0%)]	Loss: 0.000317
Train Epoch: 53 [600/9056 (7%)]	Loss: 0.000026
Train Epoch: 53 [1200/9056 (13%)]	Loss: 0.000033
Train Epoch: 53 [1800/9056 (20%)]	Loss: 0.000043
Train Epoch: 53 [2400/9056 (26%)]	Loss: 0.000116
Train Epoch: 53 [3000/9056 (33%)]	Loss: 0.000091
Train Epoch: 53 [3600/9056 (40%)]	Loss: 0.000041
Train Epoch: 53 [4200/9056 (46%)]	Loss: 0.000133
Train Epoch: 53 [4800/9056 (53%)]	Loss: 0.000105
Train Epoch: 53 [5400/9056 (60%)]	Loss: 0.000055
Train Epoch: 53 [6000/9056 (66%)]	Loss: 0.000095
Train Epoch: 53 [6600/9056 (73%)]	Loss: 0.000077
Train Epoch: 53 [7200/9056 (79%)]	Loss: 0.000074
Train Epoch: 53 [7800/9056 (86%)]	Loss: 0.000026
Train Epoch: 53 [8400/9056 (93%)]	Loss: 0.000046
Train Epoch: 53 [8400/9056 (99%)]	Loss: 0.000096
Test set: Average loss: 1.3035, Accuracy: 1725/2264 (76%)
Train Epoch: 54 [0/9056 (0%)]	Loss: 0.000333
Train Epoch: 54 [600/9056 (7%)]	Loss: 0.000097
Train Epoch: 54 [1200/9056 (13%)]	Loss: 0.000159
Train Epoch: 54 [1800/9056 (20%)]	Loss: 0.000028
Train Epoch: 54 [2400/9056 (26%)]	Loss: 0.000014
Train Epoch: 54 [3000/9056 (33%)]	Loss: 0.000069
Train Epoch: 54 [3600/9056 (40%)]	Loss: 0.000052
Train Epoch: 54 [4200/9056 (46%)]	Loss: 0.000148
Train Epoch: 54 [4800/9056 (53%)]	Loss: 0.000378
Train Epoch: 54 [5400/9056 (60%)]	Loss: 0.000060
Train Epoch: 54 [6000/9056 (66%)]	Loss: 0.000734
Train Epoch: 54 [6600/9056 (73%)]	Loss: 0.000066
Train Epoch: 54 [7200/9056 (79%)]	Loss: 0.000062
Train Epoch: 54 [7800/9056 (86%)]	Loss: 0.000187
Train Epoch: 54 [8400/9056 (93%)]	Loss: 0.000213
Train Epoch: 54 [8400/9056 (99%)]	Loss: 0.000508
Test set: Average loss: 1.3298, Accuracy: 1722/2264 (76%)
Train Epoch: 55 [0/9056 (0%)]	Loss: 0.000047
Train Epoch: 55 [600/9056 (7%)]	Loss: 0.000114
Train Epoch: 55 [1200/9056 (13%)]	Loss: 0.000066
Train Epoch: 55 [1800/9056 (20%)]	Loss: 0.000183
Train Epoch: 55 [2400/9056 (26%)]	Loss: 0.002856
Train Epoch: 55 [3000/9056 (33%)]	Loss: 0.000055
Train Epoch: 55 [3600/9056 (40%)]	Loss: 0.000072
Train Epoch: 55 [4200/9056 (46%)]	Loss: 0.000317
Train Epoch: 55 [4800/9056 (53%)]	Loss: 0.000049
Train Epoch: 55 [5400/9056 (60%)]	Loss: 0.000029
Train Epoch: 55 [6000/9056 (66%)]	Loss: 0.000092
Train Epoch: 55 [6600/9056 (73%)]	Loss: 0.000058
Train Epoch: 55 [7200/9056 (79%)]	Loss: 0.000754
Train Epoch: 55 [7800/9056 (86%)]	Loss: 0.000155
Train Epoch: 55 [8400/9056 (93%)]	Loss: 0.000359
Train Epoch: 55 [8400/9056 (99%)]	Loss: 0.000088
Test set: Average loss: 1.3275, Accuracy: 1723/2264 (76%)
Train Epoch: 56 [0/9056 (0%)]	Loss: 0.000059
Train Epoch: 56 [600/9056 (7%)]	Loss: 0.000105
Train Epoch: 56 [1200/9056 (13%)]	Loss: 0.000722
Train Epoch: 56 [1800/9056 (20%)]	Loss: 0.000082
Train Epoch: 56 [2400/9056 (26%)]	Loss: 0.000066
Train Epoch: 56 [3000/9056 (33%)]	Loss: 0.000091
Train Epoch: 56 [3600/9056 (40%)]	Loss: 0.000060
Train Epoch: 56 [4200/9056 (46%)]	Loss: 0.000144
Train Epoch: 56 [4800/9056 (53%)]	Loss: 0.000069
Train Epoch: 56 [5400/9056 (60%)]	Loss: 0.000237
Train Epoch: 56 [6000/9056 (66%)]	Loss: 0.000124
Train Epoch: 56 [6600/9056 (73%)]	Loss: 0.000174
Train Epoch: 56 [7200/9056 (79%)]	Loss: 0.000102
Train Epoch: 56 [7800/9056 (86%)]	Loss: 0.000281
Train Epoch: 56 [8400/9056 (93%)]	Loss: 0.000082
Train Epoch: 56 [8400/9056 (99%)]	Loss: 0.000015
Test set: Average loss: 1.3259, Accuracy: 1724/2264 (76%)
Train Epoch: 57 [0/9056 (0%)]	Loss: 0.000071
Train Epoch: 57 [600/9056 (7%)]	Loss: 0.000086
Train Epoch: 57 [1200/9056 (13%)]	Loss: 0.000083
Train Epoch: 57 [1800/9056 (20%)]	Loss: 0.000200
Train Epoch: 57 [2400/9056 (26%)]	Loss: 0.000125
Train Epoch: 57 [3000/9056 (33%)]	Loss: 0.000132
Train Epoch: 57 [3600/9056 (40%)]	Loss: 0.000291
Train Epoch: 57 [4200/9056 (46%)]	Loss: 0.000041
Train Epoch: 57 [4800/9056 (53%)]	Loss: 0.000024
Train Epoch: 57 [5400/9056 (60%)]	Loss: 0.000217
Train Epoch: 57 [6000/9056 (66%)]	Loss: 0.000154
Train Epoch: 57 [6600/9056 (73%)]	Loss: 0.000110
Train Epoch: 57 [7200/9056 (79%)]	Loss: 0.000062
Train Epoch: 57 [7800/9056 (86%)]	Loss: 0.000338
Train Epoch: 57 [8400/9056 (93%)]	Loss: 0.000102
Train Epoch: 57 [8400/9056 (99%)]	Loss: 0.000042
Test set: Average loss: 1.3178, Accuracy: 1725/2264 (76%)
Train Epoch: 58 [0/9056 (0%)]	Loss: 0.000081
Train Epoch: 58 [600/9056 (7%)]	Loss: 0.000084
Train Epoch: 58 [1200/9056 (13%)]	Loss: 0.000196
Train Epoch: 58 [1800/9056 (20%)]	Loss: 0.001451
Train Epoch: 58 [2400/9056 (26%)]	Loss: 0.000025
Train Epoch: 58 [3000/9056 (33%)]	Loss: 0.000022
Train Epoch: 58 [3600/9056 (40%)]	Loss: 0.000102
Train Epoch: 58 [4200/9056 (46%)]	Loss: 0.000129
Train Epoch: 58 [4800/9056 (53%)]	Loss: 0.000080
Train Epoch: 58 [5400/9056 (60%)]	Loss: 0.000103
Train Epoch: 58 [6000/9056 (66%)]	Loss: 0.000218
Train Epoch: 58 [6600/9056 (73%)]	Loss: 0.000277
Train Epoch: 58 [7200/9056 (79%)]	Loss: 0.000053
Train Epoch: 58 [7800/9056 (86%)]	Loss: 0.000281
Train Epoch: 58 [8400/9056 (93%)]	Loss: 0.000036
Train Epoch: 58 [8400/9056 (99%)]	Loss: 0.000026
Test set: Average loss: 1.3139, Accuracy: 1744/2264 (77%)
Train Epoch: 59 [0/9056 (0%)]	Loss: 0.000035
Train Epoch: 59 [600/9056 (7%)]	Loss: 0.000038
Train Epoch: 59 [1200/9056 (13%)]	Loss: 0.000023
Train Epoch: 59 [1800/9056 (20%)]	Loss: 0.000028
Train Epoch: 59 [2400/9056 (26%)]	Loss: 0.000677
Train Epoch: 59 [3000/9056 (33%)]	Loss: 0.000023
Train Epoch: 59 [3600/9056 (40%)]	Loss: 0.000205
Train Epoch: 59 [4200/9056 (46%)]	Loss: 0.000035
Train Epoch: 59 [4800/9056 (53%)]	Loss: 0.000184
Train Epoch: 59 [5400/9056 (60%)]	Loss: 0.000311
Train Epoch: 59 [6000/9056 (66%)]	Loss: 0.000026
Train Epoch: 59 [6600/9056 (73%)]	Loss: 0.000063
Train Epoch: 59 [7200/9056 (79%)]	Loss: 0.000128
Train Epoch: 59 [7800/9056 (86%)]	Loss: 0.000305
Train Epoch: 59 [8400/9056 (93%)]	Loss: 0.000045
Train Epoch: 59 [8400/9056 (99%)]	Loss: 0.001792
Test set: Average loss: 1.3287, Accuracy: 1733/2264 (76%)
Train Epoch: 60 [0/9056 (0%)]	Loss: 0.000032
Train Epoch: 60 [600/9056 (7%)]	Loss: 0.000143
Train Epoch: 60 [1200/9056 (13%)]	Loss: 0.000073
Train Epoch: 60 [1800/9056 (20%)]	Loss: 0.000066
Train Epoch: 60 [2400/9056 (26%)]	Loss: 0.000483
Train Epoch: 60 [3000/9056 (33%)]	Loss: 0.002140
Train Epoch: 60 [3600/9056 (40%)]	Loss: 0.000186
Train Epoch: 60 [4200/9056 (46%)]	Loss: 0.000068
Train Epoch: 60 [4800/9056 (53%)]	Loss: 0.000040
Train Epoch: 60 [5400/9056 (60%)]	Loss: 0.000026
Train Epoch: 60 [6000/9056 (66%)]	Loss: 0.000070
Train Epoch: 60 [6600/9056 (73%)]	Loss: 0.000068
Train Epoch: 60 [7200/9056 (79%)]	Loss: 0.000035
Train Epoch: 60 [7800/9056 (86%)]	Loss: 0.000044
Train Epoch: 60 [8400/9056 (93%)]	Loss: 0.000217
Train Epoch: 60 [8400/9056 (99%)]	Loss: 0.000092
Test set: Average loss: 1.3538, Accuracy: 1723/2264 (76%)
