getting datasets
finished
trainning collar_design_labels:
Train Epoch: 1 [0/6714 (0%)]	Loss: 1.611876
Train Epoch: 1 [600/6714 (9%)]	Loss: 1.564581
Train Epoch: 1 [1200/6714 (18%)]	Loss: 1.604792
Train Epoch: 1 [1800/6714 (27%)]	Loss: 1.580906
Train Epoch: 1 [2400/6714 (36%)]	Loss: 1.541927
Train Epoch: 1 [3000/6714 (45%)]	Loss: 1.515409
Train Epoch: 1 [3600/6714 (54%)]	Loss: 1.563109
Train Epoch: 1 [4200/6714 (62%)]	Loss: 1.406721
Train Epoch: 1 [4800/6714 (71%)]	Loss: 1.344921
Train Epoch: 1 [5400/6714 (80%)]	Loss: 1.366300
Train Epoch: 1 [6000/6714 (89%)]	Loss: 1.338743
Train Epoch: 1 [6600/6714 (98%)]	Loss: 1.497533
Test set: Average loss: 1.4282, Accuracy: 598/1678 (35%)
Train Epoch: 2 [0/6714 (0%)]	Loss: 1.137151
Train Epoch: 2 [600/6714 (9%)]	Loss: 1.236580
Train Epoch: 2 [1200/6714 (18%)]	Loss: 1.286087
Train Epoch: 2 [1800/6714 (27%)]	Loss: 1.225069
Train Epoch: 2 [2400/6714 (36%)]	Loss: 1.192243
Train Epoch: 2 [3000/6714 (45%)]	Loss: 1.049645
Train Epoch: 2 [3600/6714 (54%)]	Loss: 1.101097
Train Epoch: 2 [4200/6714 (62%)]	Loss: 1.012278
Train Epoch: 2 [4800/6714 (71%)]	Loss: 1.120030
Train Epoch: 2 [5400/6714 (80%)]	Loss: 1.169253
Train Epoch: 2 [6000/6714 (89%)]	Loss: 1.242426
Train Epoch: 2 [6600/6714 (98%)]	Loss: 1.112256
Test set: Average loss: 1.2668, Accuracy: 798/1678 (47%)
Train Epoch: 3 [0/6714 (0%)]	Loss: 0.952539
Train Epoch: 3 [600/6714 (9%)]	Loss: 0.971533
Train Epoch: 3 [1200/6714 (18%)]	Loss: 0.977677
Train Epoch: 3 [1800/6714 (27%)]	Loss: 1.240387
Train Epoch: 3 [2400/6714 (36%)]	Loss: 1.112212
Train Epoch: 3 [3000/6714 (45%)]	Loss: 0.896735
Train Epoch: 3 [3600/6714 (54%)]	Loss: 0.850766
Train Epoch: 3 [4200/6714 (62%)]	Loss: 1.061177
Train Epoch: 3 [4800/6714 (71%)]	Loss: 1.015337
Train Epoch: 3 [5400/6714 (80%)]	Loss: 0.899652
Train Epoch: 3 [6000/6714 (89%)]	Loss: 0.895862
Train Epoch: 3 [6600/6714 (98%)]	Loss: 0.947938
Test set: Average loss: 1.1635, Accuracy: 919/1678 (54%)
Train Epoch: 4 [0/6714 (0%)]	Loss: 0.725701
Train Epoch: 4 [600/6714 (9%)]	Loss: 0.688390
Train Epoch: 4 [1200/6714 (18%)]	Loss: 0.602104
Train Epoch: 4 [1800/6714 (27%)]	Loss: 0.621115
Train Epoch: 4 [2400/6714 (36%)]	Loss: 0.662852
Train Epoch: 4 [3000/6714 (45%)]	Loss: 0.578637
Train Epoch: 4 [3600/6714 (54%)]	Loss: 0.608628
Train Epoch: 4 [4200/6714 (62%)]	Loss: 0.733235
Train Epoch: 4 [4800/6714 (71%)]	Loss: 0.597983
Train Epoch: 4 [5400/6714 (80%)]	Loss: 0.621506
Train Epoch: 4 [6000/6714 (89%)]	Loss: 0.725904
Train Epoch: 4 [6600/6714 (98%)]	Loss: 0.833953
Test set: Average loss: 1.3251, Accuracy: 844/1678 (50%)
Train Epoch: 5 [0/6714 (0%)]	Loss: 0.460599
Train Epoch: 5 [600/6714 (9%)]	Loss: 0.295638
Train Epoch: 5 [1200/6714 (18%)]	Loss: 0.372952
Train Epoch: 5 [1800/6714 (27%)]	Loss: 0.367414
Train Epoch: 5 [2400/6714 (36%)]	Loss: 0.387721
Train Epoch: 5 [3000/6714 (45%)]	Loss: 0.527006
Train Epoch: 5 [3600/6714 (54%)]	Loss: 0.368170
Train Epoch: 5 [4200/6714 (62%)]	Loss: 0.461985
Train Epoch: 5 [4800/6714 (71%)]	Loss: 0.328775
Train Epoch: 5 [5400/6714 (80%)]	Loss: 0.251410
Train Epoch: 5 [6000/6714 (89%)]	Loss: 0.450644
Train Epoch: 5 [6600/6714 (98%)]	Loss: 0.574304
Test set: Average loss: 1.2615, Accuracy: 925/1678 (55%)
Train Epoch: 6 [0/6714 (0%)]	Loss: 0.265479
Train Epoch: 6 [600/6714 (9%)]	Loss: 0.184592
Train Epoch: 6 [1200/6714 (18%)]	Loss: 0.155466
Train Epoch: 6 [1800/6714 (27%)]	Loss: 0.174297
Train Epoch: 6 [2400/6714 (36%)]	Loss: 0.142990
Train Epoch: 6 [3000/6714 (45%)]	Loss: 0.208062
Train Epoch: 6 [3600/6714 (54%)]	Loss: 0.174733
Train Epoch: 6 [4200/6714 (62%)]	Loss: 0.257468
Train Epoch: 6 [4800/6714 (71%)]	Loss: 0.193988
Train Epoch: 6 [5400/6714 (80%)]	Loss: 0.185416
Train Epoch: 6 [6000/6714 (89%)]	Loss: 0.343652
Train Epoch: 6 [6600/6714 (98%)]	Loss: 0.381665
Test set: Average loss: 1.6351, Accuracy: 776/1678 (46%)
Train Epoch: 7 [0/6714 (0%)]	Loss: 0.072703
Train Epoch: 7 [600/6714 (9%)]	Loss: 0.141926
Train Epoch: 7 [1200/6714 (18%)]	Loss: 0.419850
Train Epoch: 7 [1800/6714 (27%)]	Loss: 0.082296
Train Epoch: 7 [2400/6714 (36%)]	Loss: 0.196605
Train Epoch: 7 [3000/6714 (45%)]	Loss: 0.049994
Train Epoch: 7 [3600/6714 (54%)]	Loss: 0.086922
Train Epoch: 7 [4200/6714 (62%)]	Loss: 0.051840
Train Epoch: 7 [4800/6714 (71%)]	Loss: 0.045701
Train Epoch: 7 [5400/6714 (80%)]	Loss: 0.183285
Train Epoch: 7 [6000/6714 (89%)]	Loss: 0.186126
Train Epoch: 7 [6600/6714 (98%)]	Loss: 0.080886
Test set: Average loss: 1.8172, Accuracy: 917/1678 (54%)
Train Epoch: 8 [0/6714 (0%)]	Loss: 0.091012
Train Epoch: 8 [600/6714 (9%)]	Loss: 0.055143
Train Epoch: 8 [1200/6714 (18%)]	Loss: 0.022011
Train Epoch: 8 [1800/6714 (27%)]	Loss: 0.073055
Train Epoch: 8 [2400/6714 (36%)]	Loss: 0.073055
Train Epoch: 8 [3000/6714 (45%)]	Loss: 0.051896
Train Epoch: 8 [3600/6714 (54%)]	Loss: 0.090773
Train Epoch: 8 [4200/6714 (62%)]	Loss: 0.067978
Train Epoch: 8 [4800/6714 (71%)]	Loss: 0.035476
Train Epoch: 8 [5400/6714 (80%)]	Loss: 0.094100
Train Epoch: 8 [6000/6714 (89%)]	Loss: 0.293863
Train Epoch: 8 [6600/6714 (98%)]	Loss: 0.177252
Test set: Average loss: 1.7351, Accuracy: 929/1678 (55%)
Train Epoch: 9 [0/6714 (0%)]	Loss: 0.092519
Train Epoch: 9 [600/6714 (9%)]	Loss: 0.028056
Train Epoch: 9 [1200/6714 (18%)]	Loss: 0.034193
Train Epoch: 9 [1800/6714 (27%)]	Loss: 0.113000
Train Epoch: 9 [2400/6714 (36%)]	Loss: 0.047388
Train Epoch: 9 [3000/6714 (45%)]	Loss: 0.243378
Train Epoch: 9 [3600/6714 (54%)]	Loss: 0.093602
Train Epoch: 9 [4200/6714 (62%)]	Loss: 0.060425
Train Epoch: 9 [4800/6714 (71%)]	Loss: 0.104744
Train Epoch: 9 [5400/6714 (80%)]	Loss: 0.106143
Train Epoch: 9 [6000/6714 (89%)]	Loss: 0.029197
Train Epoch: 9 [6600/6714 (98%)]	Loss: 0.078206
Test set: Average loss: 1.6667, Accuracy: 967/1678 (57%)
Train Epoch: 10 [0/6714 (0%)]	Loss: 0.021220
Train Epoch: 10 [600/6714 (9%)]	Loss: 0.051833
Train Epoch: 10 [1200/6714 (18%)]	Loss: 0.022500
Train Epoch: 10 [1800/6714 (27%)]	Loss: 0.071088
Train Epoch: 10 [2400/6714 (36%)]	Loss: 0.066054
Train Epoch: 10 [3000/6714 (45%)]	Loss: 0.100325
Train Epoch: 10 [3600/6714 (54%)]	Loss: 0.075897
Train Epoch: 10 [4200/6714 (62%)]	Loss: 0.023527
Train Epoch: 10 [4800/6714 (71%)]	Loss: 0.181953
Train Epoch: 10 [5400/6714 (80%)]	Loss: 0.053714
Train Epoch: 10 [6000/6714 (89%)]	Loss: 0.141207
Train Epoch: 10 [6600/6714 (98%)]	Loss: 0.137282
Test set: Average loss: 2.5709, Accuracy: 814/1678 (48%)
Train Epoch: 11 [0/6714 (0%)]	Loss: 0.058008
Train Epoch: 11 [600/6714 (9%)]	Loss: 0.157516
Train Epoch: 11 [1200/6714 (18%)]	Loss: 0.103454
Train Epoch: 11 [1800/6714 (27%)]	Loss: 0.037592
Train Epoch: 11 [2400/6714 (36%)]	Loss: 0.011594
Train Epoch: 11 [3000/6714 (45%)]	Loss: 0.039844
Train Epoch: 11 [3600/6714 (54%)]	Loss: 0.129385
Train Epoch: 11 [4200/6714 (62%)]	Loss: 0.014138
Train Epoch: 11 [4800/6714 (71%)]	Loss: 0.030659
Train Epoch: 11 [5400/6714 (80%)]	Loss: 0.113216
Train Epoch: 11 [6000/6714 (89%)]	Loss: 0.165556
Train Epoch: 11 [6600/6714 (98%)]	Loss: 0.099264
Test set: Average loss: 1.9135, Accuracy: 942/1678 (56%)
Train Epoch: 12 [0/6714 (0%)]	Loss: 0.072252
Train Epoch: 12 [600/6714 (9%)]	Loss: 0.084507
Train Epoch: 12 [1200/6714 (18%)]	Loss: 0.017500
Train Epoch: 12 [1800/6714 (27%)]	Loss: 0.035257
Train Epoch: 12 [2400/6714 (36%)]	Loss: 0.014541
Train Epoch: 12 [3000/6714 (45%)]	Loss: 0.012116
Train Epoch: 12 [3600/6714 (54%)]	Loss: 0.086075
Train Epoch: 12 [4200/6714 (62%)]	Loss: 0.026710
Train Epoch: 12 [4800/6714 (71%)]	Loss: 0.018626
Train Epoch: 12 [5400/6714 (80%)]	Loss: 0.053496
Train Epoch: 12 [6000/6714 (89%)]	Loss: 0.022871
Train Epoch: 12 [6600/6714 (98%)]	Loss: 0.222899
Test set: Average loss: 1.9115, Accuracy: 982/1678 (58%)
Train Epoch: 13 [0/6714 (0%)]	Loss: 0.012602
Train Epoch: 13 [600/6714 (9%)]	Loss: 0.044378
Train Epoch: 13 [1200/6714 (18%)]	Loss: 0.028587
Train Epoch: 13 [1800/6714 (27%)]	Loss: 0.011177
Train Epoch: 13 [2400/6714 (36%)]	Loss: 0.006695
Train Epoch: 13 [3000/6714 (45%)]	Loss: 0.037799
Train Epoch: 13 [3600/6714 (54%)]	Loss: 0.084843
Train Epoch: 13 [4200/6714 (62%)]	Loss: 0.020403
Train Epoch: 13 [4800/6714 (71%)]	Loss: 0.043190
Train Epoch: 13 [5400/6714 (80%)]	Loss: 0.070072
Train Epoch: 13 [6000/6714 (89%)]	Loss: 0.082566
Train Epoch: 13 [6600/6714 (98%)]	Loss: 0.012346
Test set: Average loss: 1.9544, Accuracy: 1020/1678 (60%)
Train Epoch: 14 [0/6714 (0%)]	Loss: 0.072508
Train Epoch: 14 [600/6714 (9%)]	Loss: 0.024576
Train Epoch: 14 [1200/6714 (18%)]	Loss: 0.068232
Train Epoch: 14 [1800/6714 (27%)]	Loss: 0.041987
Train Epoch: 14 [2400/6714 (36%)]	Loss: 0.016280
Train Epoch: 14 [3000/6714 (45%)]	Loss: 0.083678
Train Epoch: 14 [3600/6714 (54%)]	Loss: 0.005322
Train Epoch: 14 [4200/6714 (62%)]	Loss: 0.053095
Train Epoch: 14 [4800/6714 (71%)]	Loss: 0.016097
Train Epoch: 14 [5400/6714 (80%)]	Loss: 0.026484
Train Epoch: 14 [6000/6714 (89%)]	Loss: 0.017860
Train Epoch: 14 [6600/6714 (98%)]	Loss: 0.012604
Test set: Average loss: 1.8275, Accuracy: 1011/1678 (60%)
Train Epoch: 15 [0/6714 (0%)]	Loss: 0.018179
Train Epoch: 15 [600/6714 (9%)]	Loss: 0.008717
Train Epoch: 15 [1200/6714 (18%)]	Loss: 0.010897
Train Epoch: 15 [1800/6714 (27%)]	Loss: 0.018369
Train Epoch: 15 [2400/6714 (36%)]	Loss: 0.075011
Train Epoch: 15 [3000/6714 (45%)]	Loss: 0.018646
Train Epoch: 15 [3600/6714 (54%)]	Loss: 0.001683
Train Epoch: 15 [4200/6714 (62%)]	Loss: 0.004728
Train Epoch: 15 [4800/6714 (71%)]	Loss: 0.005162
Train Epoch: 15 [5400/6714 (80%)]	Loss: 0.012744
Train Epoch: 15 [6000/6714 (89%)]	Loss: 0.010560
Train Epoch: 15 [6600/6714 (98%)]	Loss: 0.027454
Test set: Average loss: 1.8716, Accuracy: 1036/1678 (61%)
Train Epoch: 16 [0/6714 (0%)]	Loss: 0.007273
Train Epoch: 16 [600/6714 (9%)]	Loss: 0.062595
Train Epoch: 16 [1200/6714 (18%)]	Loss: 0.005996
Train Epoch: 16 [1800/6714 (27%)]	Loss: 0.005907
Train Epoch: 16 [2400/6714 (36%)]	Loss: 0.010801
Train Epoch: 16 [3000/6714 (45%)]	Loss: 0.001291
Train Epoch: 16 [3600/6714 (54%)]	Loss: 0.029821
Train Epoch: 16 [4200/6714 (62%)]	Loss: 0.004467
Train Epoch: 16 [4800/6714 (71%)]	Loss: 0.003020
Train Epoch: 16 [5400/6714 (80%)]	Loss: 0.004021
Train Epoch: 16 [6000/6714 (89%)]	Loss: 0.010790
Train Epoch: 16 [6600/6714 (98%)]	Loss: 0.009721
Test set: Average loss: 1.8676, Accuracy: 1062/1678 (63%)
Train Epoch: 17 [0/6714 (0%)]	Loss: 0.002518
Train Epoch: 17 [600/6714 (9%)]	Loss: 0.001968
Train Epoch: 17 [1200/6714 (18%)]	Loss: 0.004296
Train Epoch: 17 [1800/6714 (27%)]	Loss: 0.007628
Train Epoch: 17 [2400/6714 (36%)]	Loss: 0.001270
Train Epoch: 17 [3000/6714 (45%)]	Loss: 0.000903
Train Epoch: 17 [3600/6714 (54%)]	Loss: 0.001390
Train Epoch: 17 [4200/6714 (62%)]	Loss: 0.002482
Train Epoch: 17 [4800/6714 (71%)]	Loss: 0.003482
Train Epoch: 17 [5400/6714 (80%)]	Loss: 0.006178
Train Epoch: 17 [6000/6714 (89%)]	Loss: 0.002429
Train Epoch: 17 [6600/6714 (98%)]	Loss: 0.001174
Test set: Average loss: 1.7365, Accuracy: 1082/1678 (64%)
Train Epoch: 18 [0/6714 (0%)]	Loss: 0.001158
Train Epoch: 18 [600/6714 (9%)]	Loss: 0.002688
Train Epoch: 18 [1200/6714 (18%)]	Loss: 0.002292
Train Epoch: 18 [1800/6714 (27%)]	Loss: 0.001367
Train Epoch: 18 [2400/6714 (36%)]	Loss: 0.000335
Train Epoch: 18 [3000/6714 (45%)]	Loss: 0.001564
Train Epoch: 18 [3600/6714 (54%)]	Loss: 0.001493
Train Epoch: 18 [4200/6714 (62%)]	Loss: 0.000915
Train Epoch: 18 [4800/6714 (71%)]	Loss: 0.000695
Train Epoch: 18 [5400/6714 (80%)]	Loss: 0.001560
Train Epoch: 18 [6000/6714 (89%)]	Loss: 0.000692
Train Epoch: 18 [6600/6714 (98%)]	Loss: 0.000529
Test set: Average loss: 1.7780, Accuracy: 1089/1678 (64%)
Train Epoch: 19 [0/6714 (0%)]	Loss: 0.002121
Train Epoch: 19 [600/6714 (9%)]	Loss: 0.000737
Train Epoch: 19 [1200/6714 (18%)]	Loss: 0.000324
Train Epoch: 19 [1800/6714 (27%)]	Loss: 0.000349
Train Epoch: 19 [2400/6714 (36%)]	Loss: 0.000511
Train Epoch: 19 [3000/6714 (45%)]	Loss: 0.000582
Train Epoch: 19 [3600/6714 (54%)]	Loss: 0.000138
Train Epoch: 19 [4200/6714 (62%)]	Loss: 0.001047
Train Epoch: 19 [4800/6714 (71%)]	Loss: 0.000273
Train Epoch: 19 [5400/6714 (80%)]	Loss: 0.000239
Train Epoch: 19 [6000/6714 (89%)]	Loss: 0.001174
Train Epoch: 19 [6600/6714 (98%)]	Loss: 0.009170
Test set: Average loss: 1.7923, Accuracy: 1091/1678 (65%)
Train Epoch: 20 [0/6714 (0%)]	Loss: 0.000193
Train Epoch: 20 [600/6714 (9%)]	Loss: 0.000590
Train Epoch: 20 [1200/6714 (18%)]	Loss: 0.000093
Train Epoch: 20 [1800/6714 (27%)]	Loss: 0.000165
Train Epoch: 20 [2400/6714 (36%)]	Loss: 0.000332
Train Epoch: 20 [3000/6714 (45%)]	Loss: 0.000288
Train Epoch: 20 [3600/6714 (54%)]	Loss: 0.001394
Train Epoch: 20 [4200/6714 (62%)]	Loss: 0.001774
Train Epoch: 20 [4800/6714 (71%)]	Loss: 0.000311
Train Epoch: 20 [5400/6714 (80%)]	Loss: 0.000394
Train Epoch: 20 [6000/6714 (89%)]	Loss: 0.000563
Train Epoch: 20 [6600/6714 (98%)]	Loss: 0.000264
Test set: Average loss: 1.7696, Accuracy: 1084/1678 (64%)
Train Epoch: 21 [0/6714 (0%)]	Loss: 0.000215
Train Epoch: 21 [600/6714 (9%)]	Loss: 0.000367
Train Epoch: 21 [1200/6714 (18%)]	Loss: 0.000348
Train Epoch: 21 [1800/6714 (27%)]	Loss: 0.000129
Train Epoch: 21 [2400/6714 (36%)]	Loss: 0.000138
Train Epoch: 21 [3000/6714 (45%)]	Loss: 0.000295
Train Epoch: 21 [3600/6714 (54%)]	Loss: 0.000323
Train Epoch: 21 [4200/6714 (62%)]	Loss: 0.001079
Train Epoch: 21 [4800/6714 (71%)]	Loss: 0.000615
Train Epoch: 21 [5400/6714 (80%)]	Loss: 0.000536
Train Epoch: 21 [6000/6714 (89%)]	Loss: 0.005145
Train Epoch: 21 [6600/6714 (98%)]	Loss: 0.001115
Test set: Average loss: 1.7772, Accuracy: 1090/1678 (64%)
Train Epoch: 22 [0/6714 (0%)]	Loss: 0.001990
Train Epoch: 22 [600/6714 (9%)]	Loss: 0.000117
Train Epoch: 22 [1200/6714 (18%)]	Loss: 0.001716
Train Epoch: 22 [1800/6714 (27%)]	Loss: 0.000387
Train Epoch: 22 [2400/6714 (36%)]	Loss: 0.001359
Train Epoch: 22 [3000/6714 (45%)]	Loss: 0.000181
Train Epoch: 22 [3600/6714 (54%)]	Loss: 0.000172
Train Epoch: 22 [4200/6714 (62%)]	Loss: 0.000333
Train Epoch: 22 [4800/6714 (71%)]	Loss: 0.000104
Train Epoch: 22 [5400/6714 (80%)]	Loss: 0.000172
Train Epoch: 22 [6000/6714 (89%)]	Loss: 0.000469
Train Epoch: 22 [6600/6714 (98%)]	Loss: 0.001441
Test set: Average loss: 1.8200, Accuracy: 1089/1678 (64%)
Train Epoch: 23 [0/6714 (0%)]	Loss: 0.000178
Train Epoch: 23 [600/6714 (9%)]	Loss: 0.000200
Train Epoch: 23 [1200/6714 (18%)]	Loss: 0.000246
Train Epoch: 23 [1800/6714 (27%)]	Loss: 0.000479
Train Epoch: 23 [2400/6714 (36%)]	Loss: 0.000592
Train Epoch: 23 [3000/6714 (45%)]	Loss: 0.000305
Train Epoch: 23 [3600/6714 (54%)]	Loss: 0.000255
Train Epoch: 23 [4200/6714 (62%)]	Loss: 0.000187
Train Epoch: 23 [4800/6714 (71%)]	Loss: 0.000139
Train Epoch: 23 [5400/6714 (80%)]	Loss: 0.000607
Train Epoch: 23 [6000/6714 (89%)]	Loss: 0.000321
Train Epoch: 23 [6600/6714 (98%)]	Loss: 0.001653
Test set: Average loss: 1.8099, Accuracy: 1095/1678 (65%)
Train Epoch: 24 [0/6714 (0%)]	Loss: 0.000235
Train Epoch: 24 [600/6714 (9%)]	Loss: 0.000092
Train Epoch: 24 [1200/6714 (18%)]	Loss: 0.000083
Train Epoch: 24 [1800/6714 (27%)]	Loss: 0.000139
Train Epoch: 24 [2400/6714 (36%)]	Loss: 0.000747
Train Epoch: 24 [3000/6714 (45%)]	Loss: 0.000250
Train Epoch: 24 [3600/6714 (54%)]	Loss: 0.000196
Train Epoch: 24 [4200/6714 (62%)]	Loss: 0.000231
Train Epoch: 24 [4800/6714 (71%)]	Loss: 0.000681
Train Epoch: 24 [5400/6714 (80%)]	Loss: 0.000183
Train Epoch: 24 [6000/6714 (89%)]	Loss: 0.000102
Train Epoch: 24 [6600/6714 (98%)]	Loss: 0.000185
Test set: Average loss: 1.8104, Accuracy: 1100/1678 (65%)
Train Epoch: 25 [0/6714 (0%)]	Loss: 0.000093
Train Epoch: 25 [600/6714 (9%)]	Loss: 0.000365
Train Epoch: 25 [1200/6714 (18%)]	Loss: 0.000152
Train Epoch: 25 [1800/6714 (27%)]	Loss: 0.000529
Train Epoch: 25 [2400/6714 (36%)]	Loss: 0.000289
Train Epoch: 25 [3000/6714 (45%)]	Loss: 0.000210
Train Epoch: 25 [3600/6714 (54%)]	Loss: 0.000345
Train Epoch: 25 [4200/6714 (62%)]	Loss: 0.000433
Train Epoch: 25 [4800/6714 (71%)]	Loss: 0.000105
Train Epoch: 25 [5400/6714 (80%)]	Loss: 0.000083
Train Epoch: 25 [6000/6714 (89%)]	Loss: 0.000194
Train Epoch: 25 [6600/6714 (98%)]	Loss: 0.000088
Test set: Average loss: 1.8072, Accuracy: 1100/1678 (65%)
Train Epoch: 26 [0/6714 (0%)]	Loss: 0.000593
Train Epoch: 26 [600/6714 (9%)]	Loss: 0.000513
Train Epoch: 26 [1200/6714 (18%)]	Loss: 0.000157
Train Epoch: 26 [1800/6714 (27%)]	Loss: 0.000176
Train Epoch: 26 [2400/6714 (36%)]	Loss: 0.000077
Train Epoch: 26 [3000/6714 (45%)]	Loss: 0.000235
Train Epoch: 26 [3600/6714 (54%)]	Loss: 0.000287
Train Epoch: 26 [4200/6714 (62%)]	Loss: 0.000219
Train Epoch: 26 [4800/6714 (71%)]	Loss: 0.000176
Train Epoch: 26 [5400/6714 (80%)]	Loss: 0.000491
Train Epoch: 26 [6000/6714 (89%)]	Loss: 0.000090
Train Epoch: 26 [6600/6714 (98%)]	Loss: 0.000147
Test set: Average loss: 1.8341, Accuracy: 1090/1678 (64%)
Train Epoch: 27 [0/6714 (0%)]	Loss: 0.000242
Train Epoch: 27 [600/6714 (9%)]	Loss: 0.000144
Train Epoch: 27 [1200/6714 (18%)]	Loss: 0.000231
Train Epoch: 27 [1800/6714 (27%)]	Loss: 0.000297
Train Epoch: 27 [2400/6714 (36%)]	Loss: 0.000934
Train Epoch: 27 [3000/6714 (45%)]	Loss: 0.000127
Train Epoch: 27 [3600/6714 (54%)]	Loss: 0.000730
Train Epoch: 27 [4200/6714 (62%)]	Loss: 0.000334
Train Epoch: 27 [4800/6714 (71%)]	Loss: 0.000083
Train Epoch: 27 [5400/6714 (80%)]	Loss: 0.000112
Train Epoch: 27 [6000/6714 (89%)]	Loss: 0.000233
Train Epoch: 27 [6600/6714 (98%)]	Loss: 0.000070
Test set: Average loss: 1.8456, Accuracy: 1100/1678 (65%)
Train Epoch: 28 [0/6714 (0%)]	Loss: 0.000115
Train Epoch: 28 [600/6714 (9%)]	Loss: 0.000074
Train Epoch: 28 [1200/6714 (18%)]	Loss: 0.000080
Train Epoch: 28 [1800/6714 (27%)]	Loss: 0.000176
Train Epoch: 28 [2400/6714 (36%)]	Loss: 0.000163
Train Epoch: 28 [3000/6714 (45%)]	Loss: 0.000938
Train Epoch: 28 [3600/6714 (54%)]	Loss: 0.000193
Train Epoch: 28 [4200/6714 (62%)]	Loss: 0.002025
Train Epoch: 28 [4800/6714 (71%)]	Loss: 0.000124
Train Epoch: 28 [5400/6714 (80%)]	Loss: 0.000204
Train Epoch: 28 [6000/6714 (89%)]	Loss: 0.000208
Train Epoch: 28 [6600/6714 (98%)]	Loss: 0.000106
Test set: Average loss: 1.8602, Accuracy: 1105/1678 (65%)
Train Epoch: 29 [0/6714 (0%)]	Loss: 0.000163
Train Epoch: 29 [600/6714 (9%)]	Loss: 0.000314
Train Epoch: 29 [1200/6714 (18%)]	Loss: 0.000080
Train Epoch: 29 [1800/6714 (27%)]	Loss: 0.001279
Train Epoch: 29 [2400/6714 (36%)]	Loss: 0.000052
Train Epoch: 29 [3000/6714 (45%)]	Loss: 0.000401
Train Epoch: 29 [3600/6714 (54%)]	Loss: 0.000125
Train Epoch: 29 [4200/6714 (62%)]	Loss: 0.000340
Train Epoch: 29 [4800/6714 (71%)]	Loss: 0.000259
Train Epoch: 29 [5400/6714 (80%)]	Loss: 0.000058
Train Epoch: 29 [6000/6714 (89%)]	Loss: 0.000123
Train Epoch: 29 [6600/6714 (98%)]	Loss: 0.000094
Test set: Average loss: 1.8595, Accuracy: 1109/1678 (66%)
Train Epoch: 30 [0/6714 (0%)]	Loss: 0.000193
Train Epoch: 30 [600/6714 (9%)]	Loss: 0.000055
Train Epoch: 30 [1200/6714 (18%)]	Loss: 0.000164
Train Epoch: 30 [1800/6714 (27%)]	Loss: 0.000140
Train Epoch: 30 [2400/6714 (36%)]	Loss: 0.000170
Train Epoch: 30 [3000/6714 (45%)]	Loss: 0.000221
Train Epoch: 30 [3600/6714 (54%)]	Loss: 0.000097
Train Epoch: 30 [4200/6714 (62%)]	Loss: 0.000230
Train Epoch: 30 [4800/6714 (71%)]	Loss: 0.000470
Train Epoch: 30 [5400/6714 (80%)]	Loss: 0.000427
Train Epoch: 30 [6000/6714 (89%)]	Loss: 0.000283
Train Epoch: 30 [6600/6714 (98%)]	Loss: 0.000318
Test set: Average loss: 1.8682, Accuracy: 1099/1678 (65%)
Train Epoch: 31 [0/6714 (0%)]	Loss: 0.000183
Train Epoch: 31 [600/6714 (9%)]	Loss: 0.000070
Train Epoch: 31 [1200/6714 (18%)]	Loss: 0.000113
Train Epoch: 31 [1800/6714 (27%)]	Loss: 0.000225
Train Epoch: 31 [2400/6714 (36%)]	Loss: 0.000087
Train Epoch: 31 [3000/6714 (45%)]	Loss: 0.000091
Train Epoch: 31 [3600/6714 (54%)]	Loss: 0.000350
Train Epoch: 31 [4200/6714 (62%)]	Loss: 0.002821
Train Epoch: 31 [4800/6714 (71%)]	Loss: 0.000355
Train Epoch: 31 [5400/6714 (80%)]	Loss: 0.000279
Train Epoch: 31 [6000/6714 (89%)]	Loss: 0.000174
Train Epoch: 31 [6600/6714 (98%)]	Loss: 0.000055
Test set: Average loss: 1.8614, Accuracy: 1094/1678 (65%)
Train Epoch: 32 [0/6714 (0%)]	Loss: 0.000158
Train Epoch: 32 [600/6714 (9%)]	Loss: 0.000204
Train Epoch: 32 [1200/6714 (18%)]	Loss: 0.000198
Train Epoch: 32 [1800/6714 (27%)]	Loss: 0.000369
Train Epoch: 32 [2400/6714 (36%)]	Loss: 0.000143
Train Epoch: 32 [3000/6714 (45%)]	Loss: 0.000112
Train Epoch: 32 [3600/6714 (54%)]	Loss: 0.000616
Train Epoch: 32 [4200/6714 (62%)]	Loss: 0.000062
Train Epoch: 32 [4800/6714 (71%)]	Loss: 0.000266
Train Epoch: 32 [5400/6714 (80%)]	Loss: 0.000208
Train Epoch: 32 [6000/6714 (89%)]	Loss: 0.000730
Train Epoch: 32 [6600/6714 (98%)]	Loss: 0.000326
Test set: Average loss: 1.8789, Accuracy: 1103/1678 (65%)
Train Epoch: 33 [0/6714 (0%)]	Loss: 0.000053
Train Epoch: 33 [600/6714 (9%)]	Loss: 0.000124
Train Epoch: 33 [1200/6714 (18%)]	Loss: 0.000153
Train Epoch: 33 [1800/6714 (27%)]	Loss: 0.000180
Train Epoch: 33 [2400/6714 (36%)]	Loss: 0.000132
Train Epoch: 33 [3000/6714 (45%)]	Loss: 0.000076
Train Epoch: 33 [3600/6714 (54%)]	Loss: 0.000414
Train Epoch: 33 [4200/6714 (62%)]	Loss: 0.000883
Train Epoch: 33 [4800/6714 (71%)]	Loss: 0.000093
Train Epoch: 33 [5400/6714 (80%)]	Loss: 0.000071
Train Epoch: 33 [6000/6714 (89%)]	Loss: 0.000055
Train Epoch: 33 [6600/6714 (98%)]	Loss: 0.000084
Test set: Average loss: 1.8691, Accuracy: 1099/1678 (65%)
Train Epoch: 34 [0/6714 (0%)]	Loss: 0.000231
Train Epoch: 34 [600/6714 (9%)]	Loss: 0.000332
Train Epoch: 34 [1200/6714 (18%)]	Loss: 0.000120
Train Epoch: 34 [1800/6714 (27%)]	Loss: 0.000268
Train Epoch: 34 [2400/6714 (36%)]	Loss: 0.000191
Train Epoch: 34 [3000/6714 (45%)]	Loss: 0.000097
Train Epoch: 34 [3600/6714 (54%)]	Loss: 0.000091
Train Epoch: 34 [4200/6714 (62%)]	Loss: 0.000055
Train Epoch: 34 [4800/6714 (71%)]	Loss: 0.000208
Train Epoch: 34 [5400/6714 (80%)]	Loss: 0.000163
Train Epoch: 34 [6000/6714 (89%)]	Loss: 0.000125
Train Epoch: 34 [6600/6714 (98%)]	Loss: 0.000081
Test set: Average loss: 1.8709, Accuracy: 1103/1678 (65%)
Train Epoch: 35 [0/6714 (0%)]	Loss: 0.000212
Train Epoch: 35 [600/6714 (9%)]	Loss: 0.000221
Train Epoch: 35 [1200/6714 (18%)]	Loss: 0.000585
Train Epoch: 35 [1800/6714 (27%)]	Loss: 0.000114
Train Epoch: 35 [2400/6714 (36%)]	Loss: 0.000112
Train Epoch: 35 [3000/6714 (45%)]	Loss: 0.000121
Train Epoch: 35 [3600/6714 (54%)]	Loss: 0.000065
Train Epoch: 35 [4200/6714 (62%)]	Loss: 0.000080
Train Epoch: 35 [4800/6714 (71%)]	Loss: 0.000066
Train Epoch: 35 [5400/6714 (80%)]	Loss: 0.000114
Train Epoch: 35 [6000/6714 (89%)]	Loss: 0.000174
Train Epoch: 35 [6600/6714 (98%)]	Loss: 0.000158
Test set: Average loss: 1.8664, Accuracy: 1102/1678 (65%)
Train Epoch: 36 [0/6714 (0%)]	Loss: 0.000140
Train Epoch: 36 [600/6714 (9%)]	Loss: 0.000089
Train Epoch: 36 [1200/6714 (18%)]	Loss: 0.000076
Train Epoch: 36 [1800/6714 (27%)]	Loss: 0.000186
Train Epoch: 36 [2400/6714 (36%)]	Loss: 0.000063
Train Epoch: 36 [3000/6714 (45%)]	Loss: 0.000370
Train Epoch: 36 [3600/6714 (54%)]	Loss: 0.000049
Train Epoch: 36 [4200/6714 (62%)]	Loss: 0.000314
Train Epoch: 36 [4800/6714 (71%)]	Loss: 0.000071
Train Epoch: 36 [5400/6714 (80%)]	Loss: 0.000080
Train Epoch: 36 [6000/6714 (89%)]	Loss: 0.000107
Train Epoch: 36 [6600/6714 (98%)]	Loss: 0.000892
Test set: Average loss: 1.8961, Accuracy: 1103/1678 (65%)
Train Epoch: 37 [0/6714 (0%)]	Loss: 0.000064
Train Epoch: 37 [600/6714 (9%)]	Loss: 0.000136
Train Epoch: 37 [1200/6714 (18%)]	Loss: 0.000246
Train Epoch: 37 [1800/6714 (27%)]	Loss: 0.000054
Train Epoch: 37 [2400/6714 (36%)]	Loss: 0.000093
Train Epoch: 37 [3000/6714 (45%)]	Loss: 0.000294
Train Epoch: 37 [3600/6714 (54%)]	Loss: 0.000116
Train Epoch: 37 [4200/6714 (62%)]	Loss: 0.000085
Train Epoch: 37 [4800/6714 (71%)]	Loss: 0.000318
Train Epoch: 37 [5400/6714 (80%)]	Loss: 0.000421
Train Epoch: 37 [6000/6714 (89%)]	Loss: 0.000279
Train Epoch: 37 [6600/6714 (98%)]	Loss: 0.000143
Test set: Average loss: 1.8781, Accuracy: 1108/1678 (66%)
Train Epoch: 38 [0/6714 (0%)]	Loss: 0.000114
Train Epoch: 38 [600/6714 (9%)]	Loss: 0.000162
Train Epoch: 38 [1200/6714 (18%)]	Loss: 0.000091
Train Epoch: 38 [1800/6714 (27%)]	Loss: 0.000101
Train Epoch: 38 [2400/6714 (36%)]	Loss: 0.000192
Train Epoch: 38 [3000/6714 (45%)]	Loss: 0.000119
Train Epoch: 38 [3600/6714 (54%)]	Loss: 0.000040
Train Epoch: 38 [4200/6714 (62%)]	Loss: 0.000066
Train Epoch: 38 [4800/6714 (71%)]	Loss: 0.000052
Train Epoch: 38 [5400/6714 (80%)]	Loss: 0.000147
Train Epoch: 38 [6000/6714 (89%)]	Loss: 0.000103
Train Epoch: 38 [6600/6714 (98%)]	Loss: 0.000155
Test set: Average loss: 1.9075, Accuracy: 1099/1678 (65%)
Train Epoch: 39 [0/6714 (0%)]	Loss: 0.000360
Train Epoch: 39 [600/6714 (9%)]	Loss: 0.000060
Train Epoch: 39 [1200/6714 (18%)]	Loss: 0.000061
Train Epoch: 39 [1800/6714 (27%)]	Loss: 0.000082
Train Epoch: 39 [2400/6714 (36%)]	Loss: 0.000100
Train Epoch: 39 [3000/6714 (45%)]	Loss: 0.000054
Train Epoch: 39 [3600/6714 (54%)]	Loss: 0.000083
Train Epoch: 39 [4200/6714 (62%)]	Loss: 0.000352
Train Epoch: 39 [4800/6714 (71%)]	Loss: 0.000092
Train Epoch: 39 [5400/6714 (80%)]	Loss: 0.000071
Train Epoch: 39 [6000/6714 (89%)]	Loss: 0.000026
Train Epoch: 39 [6600/6714 (98%)]	Loss: 0.000130
Test set: Average loss: 1.8865, Accuracy: 1104/1678 (65%)
Train Epoch: 40 [0/6714 (0%)]	Loss: 0.000079
Train Epoch: 40 [600/6714 (9%)]	Loss: 0.000431
Train Epoch: 40 [1200/6714 (18%)]	Loss: 0.000122
Train Epoch: 40 [1800/6714 (27%)]	Loss: 0.000059
Train Epoch: 40 [2400/6714 (36%)]	Loss: 0.000058
Train Epoch: 40 [3000/6714 (45%)]	Loss: 0.000211
Train Epoch: 40 [3600/6714 (54%)]	Loss: 0.000389
Train Epoch: 40 [4200/6714 (62%)]	Loss: 0.000075
Train Epoch: 40 [4800/6714 (71%)]	Loss: 0.000056
Train Epoch: 40 [5400/6714 (80%)]	Loss: 0.000092
Train Epoch: 40 [6000/6714 (89%)]	Loss: 0.000035
Train Epoch: 40 [6600/6714 (98%)]	Loss: 0.000094
Test set: Average loss: 1.9048, Accuracy: 1105/1678 (65%)
Train Epoch: 41 [0/6714 (0%)]	Loss: 0.000054
Train Epoch: 41 [600/6714 (9%)]	Loss: 0.000109
Train Epoch: 41 [1200/6714 (18%)]	Loss: 0.000045
Train Epoch: 41 [1800/6714 (27%)]	Loss: 0.000097
Train Epoch: 41 [2400/6714 (36%)]	Loss: 0.000240
Train Epoch: 41 [3000/6714 (45%)]	Loss: 0.000174
Train Epoch: 41 [3600/6714 (54%)]	Loss: 0.000027
Train Epoch: 41 [4200/6714 (62%)]	Loss: 0.000144
Train Epoch: 41 [4800/6714 (71%)]	Loss: 0.000113
Train Epoch: 41 [5400/6714 (80%)]	Loss: 0.000183
Train Epoch: 41 [6000/6714 (89%)]	Loss: 0.000112
Train Epoch: 41 [6600/6714 (98%)]	Loss: 0.000052
Test set: Average loss: 1.8970, Accuracy: 1109/1678 (66%)
Train Epoch: 42 [0/6714 (0%)]	Loss: 0.000139
Train Epoch: 42 [600/6714 (9%)]	Loss: 0.000198
Train Epoch: 42 [1200/6714 (18%)]	Loss: 0.000181
Train Epoch: 42 [1800/6714 (27%)]	Loss: 0.000183
Train Epoch: 42 [2400/6714 (36%)]	Loss: 0.000078
Train Epoch: 42 [3000/6714 (45%)]	Loss: 0.000026
Train Epoch: 42 [3600/6714 (54%)]	Loss: 0.000168
Train Epoch: 42 [4200/6714 (62%)]	Loss: 0.000156
Train Epoch: 42 [4800/6714 (71%)]	Loss: 0.000077
Train Epoch: 42 [5400/6714 (80%)]	Loss: 0.000028
Train Epoch: 42 [6000/6714 (89%)]	Loss: 0.000378
Train Epoch: 42 [6600/6714 (98%)]	Loss: 0.000056
Test set: Average loss: 1.8892, Accuracy: 1116/1678 (66%)
Train Epoch: 43 [0/6714 (0%)]	Loss: 0.000407
Train Epoch: 43 [600/6714 (9%)]	Loss: 0.000121
Train Epoch: 43 [1200/6714 (18%)]	Loss: 0.000413
Train Epoch: 43 [1800/6714 (27%)]	Loss: 0.000041
Train Epoch: 43 [2400/6714 (36%)]	Loss: 0.000475
Train Epoch: 43 [3000/6714 (45%)]	Loss: 0.000094
Train Epoch: 43 [3600/6714 (54%)]	Loss: 0.000030
Train Epoch: 43 [4200/6714 (62%)]	Loss: 0.000131
Train Epoch: 43 [4800/6714 (71%)]	Loss: 0.000067
Train Epoch: 43 [5400/6714 (80%)]	Loss: 0.000063
Train Epoch: 43 [6000/6714 (89%)]	Loss: 0.000026
Train Epoch: 43 [6600/6714 (98%)]	Loss: 0.000105
Test set: Average loss: 1.8982, Accuracy: 1105/1678 (65%)
Train Epoch: 44 [0/6714 (0%)]	Loss: 0.000038
Train Epoch: 44 [600/6714 (9%)]	Loss: 0.000094
Train Epoch: 44 [1200/6714 (18%)]	Loss: 0.000051
Train Epoch: 44 [1800/6714 (27%)]	Loss: 0.000031
Train Epoch: 44 [2400/6714 (36%)]	Loss: 0.000132
Train Epoch: 44 [3000/6714 (45%)]	Loss: 0.000231
Train Epoch: 44 [3600/6714 (54%)]	Loss: 0.000076
Train Epoch: 44 [4200/6714 (62%)]	Loss: 0.000146
Train Epoch: 44 [4800/6714 (71%)]	Loss: 0.000073
Train Epoch: 44 [5400/6714 (80%)]	Loss: 0.000064
Train Epoch: 44 [6000/6714 (89%)]	Loss: 0.000330
Train Epoch: 44 [6600/6714 (98%)]	Loss: 0.000083
Test set: Average loss: 1.9209, Accuracy: 1106/1678 (65%)
Train Epoch: 45 [0/6714 (0%)]	Loss: 0.000108
Train Epoch: 45 [600/6714 (9%)]	Loss: 0.000132
Train Epoch: 45 [1200/6714 (18%)]	Loss: 0.000030
Train Epoch: 45 [1800/6714 (27%)]	Loss: 0.000035
Train Epoch: 45 [2400/6714 (36%)]	Loss: 0.000250
Train Epoch: 45 [3000/6714 (45%)]	Loss: 0.000103
Train Epoch: 45 [3600/6714 (54%)]	Loss: 0.000036
Train Epoch: 45 [4200/6714 (62%)]	Loss: 0.000096
Train Epoch: 45 [4800/6714 (71%)]	Loss: 0.000056
Train Epoch: 45 [5400/6714 (80%)]	Loss: 0.000118
Train Epoch: 45 [6000/6714 (89%)]	Loss: 0.000081
Train Epoch: 45 [6600/6714 (98%)]	Loss: 0.000078
Test set: Average loss: 1.9081, Accuracy: 1102/1678 (65%)
Train Epoch: 46 [0/6714 (0%)]	Loss: 0.000060
Train Epoch: 46 [600/6714 (9%)]	Loss: 0.000046
Train Epoch: 46 [1200/6714 (18%)]	Loss: 0.000072
Train Epoch: 46 [1800/6714 (27%)]	Loss: 0.000060
Train Epoch: 46 [2400/6714 (36%)]	Loss: 0.000037
Train Epoch: 46 [3000/6714 (45%)]	Loss: 0.000045
Train Epoch: 46 [3600/6714 (54%)]	Loss: 0.000062
Train Epoch: 46 [4200/6714 (62%)]	Loss: 0.000159
Train Epoch: 46 [4800/6714 (71%)]	Loss: 0.000111
Train Epoch: 46 [5400/6714 (80%)]	Loss: 0.000062
Train Epoch: 46 [6000/6714 (89%)]	Loss: 0.000057
Train Epoch: 46 [6600/6714 (98%)]	Loss: 0.000061
Test set: Average loss: 1.9130, Accuracy: 1109/1678 (66%)
Train Epoch: 47 [0/6714 (0%)]	Loss: 0.000052
Train Epoch: 47 [600/6714 (9%)]	Loss: 0.000037
Train Epoch: 47 [1200/6714 (18%)]	Loss: 0.000363
Train Epoch: 47 [1800/6714 (27%)]	Loss: 0.000052
Train Epoch: 47 [2400/6714 (36%)]	Loss: 0.000405
Train Epoch: 47 [3000/6714 (45%)]	Loss: 0.000119
Train Epoch: 47 [3600/6714 (54%)]	Loss: 0.000153
Train Epoch: 47 [4200/6714 (62%)]	Loss: 0.000120
Train Epoch: 47 [4800/6714 (71%)]	Loss: 0.000180
Train Epoch: 47 [5400/6714 (80%)]	Loss: 0.000100
Train Epoch: 47 [6000/6714 (89%)]	Loss: 0.000593
Train Epoch: 47 [6600/6714 (98%)]	Loss: 0.000030
Test set: Average loss: 1.9158, Accuracy: 1103/1678 (65%)
Train Epoch: 48 [0/6714 (0%)]	Loss: 0.000280
Train Epoch: 48 [600/6714 (9%)]	Loss: 0.000049
Train Epoch: 48 [1200/6714 (18%)]	Loss: 0.000132
Train Epoch: 48 [1800/6714 (27%)]	Loss: 0.000126
Train Epoch: 48 [2400/6714 (36%)]	Loss: 0.000079
Train Epoch: 48 [3000/6714 (45%)]	Loss: 0.000556
Train Epoch: 48 [3600/6714 (54%)]	Loss: 0.000134
Train Epoch: 48 [4200/6714 (62%)]	Loss: 0.000084
Train Epoch: 48 [4800/6714 (71%)]	Loss: 0.000027
Train Epoch: 48 [5400/6714 (80%)]	Loss: 0.000064
Train Epoch: 48 [6000/6714 (89%)]	Loss: 0.000166
Train Epoch: 48 [6600/6714 (98%)]	Loss: 0.000028
Test set: Average loss: 1.9136, Accuracy: 1103/1678 (65%)
Train Epoch: 49 [0/6714 (0%)]	Loss: 0.000100
Train Epoch: 49 [600/6714 (9%)]	Loss: 0.000030
Train Epoch: 49 [1200/6714 (18%)]	Loss: 0.000045
Train Epoch: 49 [1800/6714 (27%)]	Loss: 0.000078
Train Epoch: 49 [2400/6714 (36%)]	Loss: 0.000048
Train Epoch: 49 [3000/6714 (45%)]	Loss: 0.000058
Train Epoch: 49 [3600/6714 (54%)]	Loss: 0.000028
Train Epoch: 49 [4200/6714 (62%)]	Loss: 0.000063
Train Epoch: 49 [4800/6714 (71%)]	Loss: 0.000031
Train Epoch: 49 [5400/6714 (80%)]	Loss: 0.000070
Train Epoch: 49 [6000/6714 (89%)]	Loss: 0.000067
Train Epoch: 49 [6600/6714 (98%)]	Loss: 0.000119
Test set: Average loss: 1.9366, Accuracy: 1093/1678 (65%)
Train Epoch: 50 [0/6714 (0%)]	Loss: 0.000130
Train Epoch: 50 [600/6714 (9%)]	Loss: 0.000049
Train Epoch: 50 [1200/6714 (18%)]	Loss: 0.000053
Train Epoch: 50 [1800/6714 (27%)]	Loss: 0.000032
Train Epoch: 50 [2400/6714 (36%)]	Loss: 0.000066
Train Epoch: 50 [3000/6714 (45%)]	Loss: 0.000065
Train Epoch: 50 [3600/6714 (54%)]	Loss: 0.000024
Train Epoch: 50 [4200/6714 (62%)]	Loss: 0.000032
Train Epoch: 50 [4800/6714 (71%)]	Loss: 0.000042
Train Epoch: 50 [5400/6714 (80%)]	Loss: 0.000078
Train Epoch: 50 [6000/6714 (89%)]	Loss: 0.000052
Train Epoch: 50 [6600/6714 (98%)]	Loss: 0.000480
Test set: Average loss: 2.0013, Accuracy: 1083/1678 (64%)
Train Epoch: 51 [0/6714 (0%)]	Loss: 0.000061
Train Epoch: 51 [600/6714 (9%)]	Loss: 0.000116
Train Epoch: 51 [1200/6714 (18%)]	Loss: 0.000129
Train Epoch: 51 [1800/6714 (27%)]	Loss: 0.000049
Train Epoch: 51 [2400/6714 (36%)]	Loss: 0.000111
Train Epoch: 51 [3000/6714 (45%)]	Loss: 0.000035
Train Epoch: 51 [3600/6714 (54%)]	Loss: 0.000093
Train Epoch: 51 [4200/6714 (62%)]	Loss: 0.000060
Train Epoch: 51 [4800/6714 (71%)]	Loss: 0.000053
Train Epoch: 51 [5400/6714 (80%)]	Loss: 0.000104
Train Epoch: 51 [6000/6714 (89%)]	Loss: 0.000025
Train Epoch: 51 [6600/6714 (98%)]	Loss: 0.000065
Test set: Average loss: 1.9253, Accuracy: 1093/1678 (65%)
Train Epoch: 52 [0/6714 (0%)]	Loss: 0.000030
Train Epoch: 52 [600/6714 (9%)]	Loss: 0.000367
Train Epoch: 52 [1200/6714 (18%)]	Loss: 0.000054
Train Epoch: 52 [1800/6714 (27%)]	Loss: 0.000060
Train Epoch: 52 [2400/6714 (36%)]	Loss: 0.000036
Train Epoch: 52 [3000/6714 (45%)]	Loss: 0.000048
Train Epoch: 52 [3600/6714 (54%)]	Loss: 0.000094
Train Epoch: 52 [4200/6714 (62%)]	Loss: 0.000047
Train Epoch: 52 [4800/6714 (71%)]	Loss: 0.000220
Train Epoch: 52 [5400/6714 (80%)]	Loss: 0.000200
Train Epoch: 52 [6000/6714 (89%)]	Loss: 0.000108
Train Epoch: 52 [6600/6714 (98%)]	Loss: 0.000144
Test set: Average loss: 1.9467, Accuracy: 1103/1678 (65%)
Train Epoch: 53 [0/6714 (0%)]	Loss: 0.000397
Train Epoch: 53 [600/6714 (9%)]	Loss: 0.000113
Train Epoch: 53 [1200/6714 (18%)]	Loss: 0.000072
Train Epoch: 53 [1800/6714 (27%)]	Loss: 0.000034
Train Epoch: 53 [2400/6714 (36%)]	Loss: 0.000032
Train Epoch: 53 [3000/6714 (45%)]	Loss: 0.000057
Train Epoch: 53 [3600/6714 (54%)]	Loss: 0.000031
Train Epoch: 53 [4200/6714 (62%)]	Loss: 0.000034
Train Epoch: 53 [4800/6714 (71%)]	Loss: 0.000030
Train Epoch: 53 [5400/6714 (80%)]	Loss: 0.000701
Train Epoch: 53 [6000/6714 (89%)]	Loss: 0.000196
Train Epoch: 53 [6600/6714 (98%)]	Loss: 0.000041
Test set: Average loss: 1.9284, Accuracy: 1102/1678 (65%)
Train Epoch: 54 [0/6714 (0%)]	Loss: 0.000034
Train Epoch: 54 [600/6714 (9%)]	Loss: 0.000027
Train Epoch: 54 [1200/6714 (18%)]	Loss: 0.000239
Train Epoch: 54 [1800/6714 (27%)]	Loss: 0.000193
Train Epoch: 54 [2400/6714 (36%)]	Loss: 0.000155
Train Epoch: 54 [3000/6714 (45%)]	Loss: 0.000093
Train Epoch: 54 [3600/6714 (54%)]	Loss: 0.000376
Train Epoch: 54 [4200/6714 (62%)]	Loss: 0.000165
Train Epoch: 54 [4800/6714 (71%)]	Loss: 0.000261
Train Epoch: 54 [5400/6714 (80%)]	Loss: 0.000098
Train Epoch: 54 [6000/6714 (89%)]	Loss: 0.000033
Train Epoch: 54 [6600/6714 (98%)]	Loss: 0.000084
Test set: Average loss: 1.9309, Accuracy: 1103/1678 (65%)
Train Epoch: 55 [0/6714 (0%)]	Loss: 0.000373
Train Epoch: 55 [600/6714 (9%)]	Loss: 0.000049
Train Epoch: 55 [1200/6714 (18%)]	Loss: 0.000028
Train Epoch: 55 [1800/6714 (27%)]	Loss: 0.000045
Train Epoch: 55 [2400/6714 (36%)]	Loss: 0.000043
Train Epoch: 55 [3000/6714 (45%)]	Loss: 0.000038
Train Epoch: 55 [3600/6714 (54%)]	Loss: 0.000160
Train Epoch: 55 [4200/6714 (62%)]	Loss: 0.000089
Train Epoch: 55 [4800/6714 (71%)]	Loss: 0.000017
Train Epoch: 55 [5400/6714 (80%)]	Loss: 0.000057
Train Epoch: 55 [6000/6714 (89%)]	Loss: 0.000036
Train Epoch: 55 [6600/6714 (98%)]	Loss: 0.000028
Test set: Average loss: 1.9416, Accuracy: 1096/1678 (65%)
Train Epoch: 56 [0/6714 (0%)]	Loss: 0.000061
Train Epoch: 56 [600/6714 (9%)]	Loss: 0.000117
Train Epoch: 56 [1200/6714 (18%)]	Loss: 0.000074
Train Epoch: 56 [1800/6714 (27%)]	Loss: 0.000035
Train Epoch: 56 [2400/6714 (36%)]	Loss: 0.000076
Train Epoch: 56 [3000/6714 (45%)]	Loss: 0.000048
Train Epoch: 56 [3600/6714 (54%)]	Loss: 0.000091
Train Epoch: 56 [4200/6714 (62%)]	Loss: 0.000686
Train Epoch: 56 [4800/6714 (71%)]	Loss: 0.000057
Train Epoch: 56 [5400/6714 (80%)]	Loss: 0.000155
Train Epoch: 56 [6000/6714 (89%)]	Loss: 0.000051
Train Epoch: 56 [6600/6714 (98%)]	Loss: 0.000024
Test set: Average loss: 1.9522, Accuracy: 1102/1678 (65%)
Train Epoch: 57 [0/6714 (0%)]	Loss: 0.000057
Train Epoch: 57 [600/6714 (9%)]	Loss: 0.000326
Train Epoch: 57 [1200/6714 (18%)]	Loss: 0.000036
Train Epoch: 57 [1800/6714 (27%)]	Loss: 0.000026
Train Epoch: 57 [2400/6714 (36%)]	Loss: 0.000094
Train Epoch: 57 [3000/6714 (45%)]	Loss: 0.000063
Train Epoch: 57 [3600/6714 (54%)]	Loss: 0.000060
Train Epoch: 57 [4200/6714 (62%)]	Loss: 0.000120
Train Epoch: 57 [4800/6714 (71%)]	Loss: 0.000116
Train Epoch: 57 [5400/6714 (80%)]	Loss: 0.000021
Train Epoch: 57 [6000/6714 (89%)]	Loss: 0.000505
Train Epoch: 57 [6600/6714 (98%)]	Loss: 0.000079
Test set: Average loss: 1.9381, Accuracy: 1084/1678 (64%)
Train Epoch: 58 [0/6714 (0%)]	Loss: 0.000050
Train Epoch: 58 [600/6714 (9%)]	Loss: 0.000029
Train Epoch: 58 [1200/6714 (18%)]	Loss: 0.000196
Train Epoch: 58 [1800/6714 (27%)]	Loss: 0.000030
Train Epoch: 58 [2400/6714 (36%)]	Loss: 0.000037
Train Epoch: 58 [3000/6714 (45%)]	Loss: 0.000198
Train Epoch: 58 [3600/6714 (54%)]	Loss: 0.000099
Train Epoch: 58 [4200/6714 (62%)]	Loss: 0.000039
Train Epoch: 58 [4800/6714 (71%)]	Loss: 0.000266
Train Epoch: 58 [5400/6714 (80%)]	Loss: 0.000030
Train Epoch: 58 [6000/6714 (89%)]	Loss: 0.000057
Train Epoch: 58 [6600/6714 (98%)]	Loss: 0.000087
Test set: Average loss: 1.9399, Accuracy: 1090/1678 (64%)
Train Epoch: 59 [0/6714 (0%)]	Loss: 0.000036
Train Epoch: 59 [600/6714 (9%)]	Loss: 0.000124
Train Epoch: 59 [1200/6714 (18%)]	Loss: 0.000036
Train Epoch: 59 [1800/6714 (27%)]	Loss: 0.000046
Train Epoch: 59 [2400/6714 (36%)]	Loss: 0.000156
Train Epoch: 59 [3000/6714 (45%)]	Loss: 0.000032
Train Epoch: 59 [3600/6714 (54%)]	Loss: 0.000344
Train Epoch: 59 [4200/6714 (62%)]	Loss: 0.000047
Train Epoch: 59 [4800/6714 (71%)]	Loss: 0.000016
Train Epoch: 59 [5400/6714 (80%)]	Loss: 0.000064
Train Epoch: 59 [6000/6714 (89%)]	Loss: 0.000041
Train Epoch: 59 [6600/6714 (98%)]	Loss: 0.000090
Test set: Average loss: 1.9610, Accuracy: 1093/1678 (65%)
Train Epoch: 60 [0/6714 (0%)]	Loss: 0.000106
Train Epoch: 60 [600/6714 (9%)]	Loss: 0.000093
Train Epoch: 60 [1200/6714 (18%)]	Loss: 0.000071
Train Epoch: 60 [1800/6714 (27%)]	Loss: 0.000050
Train Epoch: 60 [2400/6714 (36%)]	Loss: 0.000353
Train Epoch: 60 [3000/6714 (45%)]	Loss: 0.000035
Train Epoch: 60 [3600/6714 (54%)]	Loss: 0.000036
Train Epoch: 60 [4200/6714 (62%)]	Loss: 0.000028
Train Epoch: 60 [4800/6714 (71%)]	Loss: 0.000047
Train Epoch: 60 [5400/6714 (80%)]	Loss: 0.000032
Train Epoch: 60 [6000/6714 (89%)]	Loss: 0.000080
Train Epoch: 60 [6600/6714 (98%)]	Loss: 0.000217
Test set: Average loss: 1.9686, Accuracy: 1100/1678 (65%)
