getting datasets
finished
trainning lapel_design_labels:
Train Epoch: 1 [0/5627 (0%)]	Loss: 1.650274
Train Epoch: 1 [600/5627 (11%)]	Loss: 1.564094
Train Epoch: 1 [1200/5627 (21%)]	Loss: 1.444840
Train Epoch: 1 [1800/5627 (32%)]	Loss: 1.496121
Train Epoch: 1 [2400/5627 (43%)]	Loss: 1.518679
Train Epoch: 1 [3000/5627 (53%)]	Loss: 1.520836
Train Epoch: 1 [3600/5627 (64%)]	Loss: 1.515253
Train Epoch: 1 [4200/5627 (74%)]	Loss: 1.577637
Train Epoch: 1 [4800/5627 (85%)]	Loss: 1.484341
Train Epoch: 1 [5400/5627 (96%)]	Loss: 1.588447
Test set: Average loss: 1.5646, Accuracy: 352/1406 (25%)
Train Epoch: 2 [0/5627 (0%)]	Loss: 1.490679
Train Epoch: 2 [600/5627 (11%)]	Loss: 1.320782
Train Epoch: 2 [1200/5627 (21%)]	Loss: 1.401660
Train Epoch: 2 [1800/5627 (32%)]	Loss: 1.463082
Train Epoch: 2 [2400/5627 (43%)]	Loss: 1.458801
Train Epoch: 2 [3000/5627 (53%)]	Loss: 1.239259
Train Epoch: 2 [3600/5627 (64%)]	Loss: 1.446772
Train Epoch: 2 [4200/5627 (74%)]	Loss: 1.175493
Train Epoch: 2 [4800/5627 (85%)]	Loss: 1.250038
Train Epoch: 2 [5400/5627 (96%)]	Loss: 1.278040
Test set: Average loss: 1.4561, Accuracy: 461/1406 (32%)
Train Epoch: 3 [0/5627 (0%)]	Loss: 0.988696
Train Epoch: 3 [600/5627 (11%)]	Loss: 1.082186
Train Epoch: 3 [1200/5627 (21%)]	Loss: 1.057648
Train Epoch: 3 [1800/5627 (32%)]	Loss: 1.100977
Train Epoch: 3 [2400/5627 (43%)]	Loss: 1.033045
Train Epoch: 3 [3000/5627 (53%)]	Loss: 0.945649
Train Epoch: 3 [3600/5627 (64%)]	Loss: 0.911331
Train Epoch: 3 [4200/5627 (74%)]	Loss: 0.974768
Train Epoch: 3 [4800/5627 (85%)]	Loss: 1.052298
Train Epoch: 3 [5400/5627 (96%)]	Loss: 1.016325
Test set: Average loss: 1.2334, Accuracy: 686/1406 (48%)
Train Epoch: 4 [0/5627 (0%)]	Loss: 0.726359
Train Epoch: 4 [600/5627 (11%)]	Loss: 0.664348
Train Epoch: 4 [1200/5627 (21%)]	Loss: 0.569445
Train Epoch: 4 [1800/5627 (32%)]	Loss: 0.730967
Train Epoch: 4 [2400/5627 (43%)]	Loss: 0.669482
Train Epoch: 4 [3000/5627 (53%)]	Loss: 0.517991
Train Epoch: 4 [3600/5627 (64%)]	Loss: 0.513605
Train Epoch: 4 [4200/5627 (74%)]	Loss: 0.879139
Train Epoch: 4 [4800/5627 (85%)]	Loss: 0.761675
Train Epoch: 4 [5400/5627 (96%)]	Loss: 0.752580
Test set: Average loss: 1.1116, Accuracy: 769/1406 (54%)
Train Epoch: 5 [0/5627 (0%)]	Loss: 0.341514
Train Epoch: 5 [600/5627 (11%)]	Loss: 0.482339
Train Epoch: 5 [1200/5627 (21%)]	Loss: 0.352807
Train Epoch: 5 [1800/5627 (32%)]	Loss: 0.347556
Train Epoch: 5 [2400/5627 (43%)]	Loss: 0.411269
Train Epoch: 5 [3000/5627 (53%)]	Loss: 0.414666
Train Epoch: 5 [3600/5627 (64%)]	Loss: 0.365930
Train Epoch: 5 [4200/5627 (74%)]	Loss: 0.494985
Train Epoch: 5 [4800/5627 (85%)]	Loss: 0.463348
Train Epoch: 5 [5400/5627 (96%)]	Loss: 0.580940
Test set: Average loss: 1.3706, Accuracy: 737/1406 (52%)
Train Epoch: 6 [0/5627 (0%)]	Loss: 0.215533
Train Epoch: 6 [600/5627 (11%)]	Loss: 0.213197
Train Epoch: 6 [1200/5627 (21%)]	Loss: 0.182607
Train Epoch: 6 [1800/5627 (32%)]	Loss: 0.170569
Train Epoch: 6 [2400/5627 (43%)]	Loss: 0.144550
Train Epoch: 6 [3000/5627 (53%)]	Loss: 0.189456
Train Epoch: 6 [3600/5627 (64%)]	Loss: 0.250174
Train Epoch: 6 [4200/5627 (74%)]	Loss: 0.178460
Train Epoch: 6 [4800/5627 (85%)]	Loss: 0.126977
Train Epoch: 6 [5400/5627 (96%)]	Loss: 0.257155
Test set: Average loss: 1.6116, Accuracy: 783/1406 (55%)
Train Epoch: 7 [0/5627 (0%)]	Loss: 0.219935
Train Epoch: 7 [600/5627 (11%)]	Loss: 0.058625
Train Epoch: 7 [1200/5627 (21%)]	Loss: 0.104267
Train Epoch: 7 [1800/5627 (32%)]	Loss: 0.071477
Train Epoch: 7 [2400/5627 (43%)]	Loss: 0.076725
Train Epoch: 7 [3000/5627 (53%)]	Loss: 0.179884
Train Epoch: 7 [3600/5627 (64%)]	Loss: 0.059780
Train Epoch: 7 [4200/5627 (74%)]	Loss: 0.048603
Train Epoch: 7 [4800/5627 (85%)]	Loss: 0.024567
Train Epoch: 7 [5400/5627 (96%)]	Loss: 0.080382
Test set: Average loss: 1.5600, Accuracy: 812/1406 (57%)
Train Epoch: 8 [0/5627 (0%)]	Loss: 0.040088
Train Epoch: 8 [600/5627 (11%)]	Loss: 0.067054
Train Epoch: 8 [1200/5627 (21%)]	Loss: 0.034370
Train Epoch: 8 [1800/5627 (32%)]	Loss: 0.155629
Train Epoch: 8 [2400/5627 (43%)]	Loss: 0.016801
Train Epoch: 8 [3000/5627 (53%)]	Loss: 0.074987
Train Epoch: 8 [3600/5627 (64%)]	Loss: 0.050569
Train Epoch: 8 [4200/5627 (74%)]	Loss: 0.019369
Train Epoch: 8 [4800/5627 (85%)]	Loss: 0.090401
Train Epoch: 8 [5400/5627 (96%)]	Loss: 0.117940
Test set: Average loss: 1.5920, Accuracy: 811/1406 (57%)
Train Epoch: 9 [0/5627 (0%)]	Loss: 0.039752
Train Epoch: 9 [600/5627 (11%)]	Loss: 0.133738
Train Epoch: 9 [1200/5627 (21%)]	Loss: 0.037155
Train Epoch: 9 [1800/5627 (32%)]	Loss: 0.008231
Train Epoch: 9 [2400/5627 (43%)]	Loss: 0.072832
Train Epoch: 9 [3000/5627 (53%)]	Loss: 0.037716
Train Epoch: 9 [3600/5627 (64%)]	Loss: 0.019899
Train Epoch: 9 [4200/5627 (74%)]	Loss: 0.057138
Train Epoch: 9 [4800/5627 (85%)]	Loss: 0.082853
Train Epoch: 9 [5400/5627 (96%)]	Loss: 0.038539
Test set: Average loss: 1.5669, Accuracy: 847/1406 (60%)
Train Epoch: 10 [0/5627 (0%)]	Loss: 0.011499
Train Epoch: 10 [600/5627 (11%)]	Loss: 0.007639
Train Epoch: 10 [1200/5627 (21%)]	Loss: 0.023703
Train Epoch: 10 [1800/5627 (32%)]	Loss: 0.004314
Train Epoch: 10 [2400/5627 (43%)]	Loss: 0.077000
Train Epoch: 10 [3000/5627 (53%)]	Loss: 0.004273
Train Epoch: 10 [3600/5627 (64%)]	Loss: 0.007124
Train Epoch: 10 [4200/5627 (74%)]	Loss: 0.026919
Train Epoch: 10 [4800/5627 (85%)]	Loss: 0.011733
Train Epoch: 10 [5400/5627 (96%)]	Loss: 0.096564
Test set: Average loss: 1.5810, Accuracy: 844/1406 (60%)
Train Epoch: 11 [0/5627 (0%)]	Loss: 0.086178
Train Epoch: 11 [600/5627 (11%)]	Loss: 0.035155
Train Epoch: 11 [1200/5627 (21%)]	Loss: 0.025019
Train Epoch: 11 [1800/5627 (32%)]	Loss: 0.008957
Train Epoch: 11 [2400/5627 (43%)]	Loss: 0.100491
Train Epoch: 11 [3000/5627 (53%)]	Loss: 0.061589
Train Epoch: 11 [3600/5627 (64%)]	Loss: 0.022453
Train Epoch: 11 [4200/5627 (74%)]	Loss: 0.020284
Train Epoch: 11 [4800/5627 (85%)]	Loss: 0.035909
Train Epoch: 11 [5400/5627 (96%)]	Loss: 0.050099
Test set: Average loss: 1.7024, Accuracy: 858/1406 (61%)
Train Epoch: 12 [0/5627 (0%)]	Loss: 0.020009
Train Epoch: 12 [600/5627 (11%)]	Loss: 0.016851
Train Epoch: 12 [1200/5627 (21%)]	Loss: 0.002734
Train Epoch: 12 [1800/5627 (32%)]	Loss: 0.032228
Train Epoch: 12 [2400/5627 (43%)]	Loss: 0.004197
Train Epoch: 12 [3000/5627 (53%)]	Loss: 0.009138
Train Epoch: 12 [3600/5627 (64%)]	Loss: 0.019276
Train Epoch: 12 [4200/5627 (74%)]	Loss: 0.136804
Train Epoch: 12 [4800/5627 (85%)]	Loss: 0.021608
Train Epoch: 12 [5400/5627 (96%)]	Loss: 0.014634
Test set: Average loss: 1.7009, Accuracy: 881/1406 (62%)
Train Epoch: 13 [0/5627 (0%)]	Loss: 0.014289
Train Epoch: 13 [600/5627 (11%)]	Loss: 0.035600
Train Epoch: 13 [1200/5627 (21%)]	Loss: 0.030898
Train Epoch: 13 [1800/5627 (32%)]	Loss: 0.004893
Train Epoch: 13 [2400/5627 (43%)]	Loss: 0.006388
Train Epoch: 13 [3000/5627 (53%)]	Loss: 0.010331
Train Epoch: 13 [3600/5627 (64%)]	Loss: 0.019382
Train Epoch: 13 [4200/5627 (74%)]	Loss: 0.040379
Train Epoch: 13 [4800/5627 (85%)]	Loss: 0.021952
Train Epoch: 13 [5400/5627 (96%)]	Loss: 0.019343
Test set: Average loss: 1.8288, Accuracy: 834/1406 (59%)
Train Epoch: 14 [0/5627 (0%)]	Loss: 0.002800
Train Epoch: 14 [600/5627 (11%)]	Loss: 0.056368
Train Epoch: 14 [1200/5627 (21%)]	Loss: 0.108489
Train Epoch: 14 [1800/5627 (32%)]	Loss: 0.067063
Train Epoch: 14 [2400/5627 (43%)]	Loss: 0.023210
Train Epoch: 14 [3000/5627 (53%)]	Loss: 0.046327
Train Epoch: 14 [3600/5627 (64%)]	Loss: 0.062338
Train Epoch: 14 [4200/5627 (74%)]	Loss: 0.110807
Train Epoch: 14 [4800/5627 (85%)]	Loss: 0.125647
Train Epoch: 14 [5400/5627 (96%)]	Loss: 0.059710
Test set: Average loss: 1.8472, Accuracy: 825/1406 (58%)
Train Epoch: 15 [0/5627 (0%)]	Loss: 0.001491
Train Epoch: 15 [600/5627 (11%)]	Loss: 0.054535
Train Epoch: 15 [1200/5627 (21%)]	Loss: 0.046030
Train Epoch: 15 [1800/5627 (32%)]	Loss: 0.006100
Train Epoch: 15 [2400/5627 (43%)]	Loss: 0.007215
Train Epoch: 15 [3000/5627 (53%)]	Loss: 0.015609
Train Epoch: 15 [3600/5627 (64%)]	Loss: 0.015313
Train Epoch: 15 [4200/5627 (74%)]	Loss: 0.018914
Train Epoch: 15 [4800/5627 (85%)]	Loss: 0.023880
Train Epoch: 15 [5400/5627 (96%)]	Loss: 0.009846
Test set: Average loss: 2.1487, Accuracy: 783/1406 (55%)
Train Epoch: 16 [0/5627 (0%)]	Loss: 0.021996
Train Epoch: 16 [600/5627 (11%)]	Loss: 0.063291
Train Epoch: 16 [1200/5627 (21%)]	Loss: 0.009436
Train Epoch: 16 [1800/5627 (32%)]	Loss: 0.097603
Train Epoch: 16 [2400/5627 (43%)]	Loss: 0.016012
Train Epoch: 16 [3000/5627 (53%)]	Loss: 0.011447
Train Epoch: 16 [3600/5627 (64%)]	Loss: 0.009803
Train Epoch: 16 [4200/5627 (74%)]	Loss: 0.088073
Train Epoch: 16 [4800/5627 (85%)]	Loss: 0.079179
Train Epoch: 16 [5400/5627 (96%)]	Loss: 0.057052
Test set: Average loss: 1.7835, Accuracy: 868/1406 (61%)
Train Epoch: 17 [0/5627 (0%)]	Loss: 0.044177
Train Epoch: 17 [600/5627 (11%)]	Loss: 0.043055
Train Epoch: 17 [1200/5627 (21%)]	Loss: 0.023222
Train Epoch: 17 [1800/5627 (32%)]	Loss: 0.024710
Train Epoch: 17 [2400/5627 (43%)]	Loss: 0.020308
Train Epoch: 17 [3000/5627 (53%)]	Loss: 0.013881
Train Epoch: 17 [3600/5627 (64%)]	Loss: 0.007845
Train Epoch: 17 [4200/5627 (74%)]	Loss: 0.013729
Train Epoch: 17 [4800/5627 (85%)]	Loss: 0.007517
Train Epoch: 17 [5400/5627 (96%)]	Loss: 0.045462
Test set: Average loss: 1.6195, Accuracy: 893/1406 (63%)
Train Epoch: 18 [0/5627 (0%)]	Loss: 0.014236
Train Epoch: 18 [600/5627 (11%)]	Loss: 0.003130
Train Epoch: 18 [1200/5627 (21%)]	Loss: 0.020992
Train Epoch: 18 [1800/5627 (32%)]	Loss: 0.001482
Train Epoch: 18 [2400/5627 (43%)]	Loss: 0.002250
Train Epoch: 18 [3000/5627 (53%)]	Loss: 0.000942
Train Epoch: 18 [3600/5627 (64%)]	Loss: 0.005462
Train Epoch: 18 [4200/5627 (74%)]	Loss: 0.011118
Train Epoch: 18 [4800/5627 (85%)]	Loss: 0.002080
Train Epoch: 18 [5400/5627 (96%)]	Loss: 0.035590
Test set: Average loss: 1.7712, Accuracy: 863/1406 (61%)
Train Epoch: 19 [0/5627 (0%)]	Loss: 0.007277
Train Epoch: 19 [600/5627 (11%)]	Loss: 0.017002
Train Epoch: 19 [1200/5627 (21%)]	Loss: 0.002466
Train Epoch: 19 [1800/5627 (32%)]	Loss: 0.001594
Train Epoch: 19 [2400/5627 (43%)]	Loss: 0.009308
Train Epoch: 19 [3000/5627 (53%)]	Loss: 0.003588
Train Epoch: 19 [3600/5627 (64%)]	Loss: 0.007673
Train Epoch: 19 [4200/5627 (74%)]	Loss: 0.011456
Train Epoch: 19 [4800/5627 (85%)]	Loss: 0.001301
Train Epoch: 19 [5400/5627 (96%)]	Loss: 0.001475
Test set: Average loss: 1.6234, Accuracy: 889/1406 (63%)
Train Epoch: 20 [0/5627 (0%)]	Loss: 0.002415
Train Epoch: 20 [600/5627 (11%)]	Loss: 0.000784
Train Epoch: 20 [1200/5627 (21%)]	Loss: 0.001081
Train Epoch: 20 [1800/5627 (32%)]	Loss: 0.002611
Train Epoch: 20 [2400/5627 (43%)]	Loss: 0.001268
Train Epoch: 20 [3000/5627 (53%)]	Loss: 0.002452
Train Epoch: 20 [3600/5627 (64%)]	Loss: 0.001001
Train Epoch: 20 [4200/5627 (74%)]	Loss: 0.001701
Train Epoch: 20 [4800/5627 (85%)]	Loss: 0.014266
Train Epoch: 20 [5400/5627 (96%)]	Loss: 0.030029
Test set: Average loss: 1.8916, Accuracy: 857/1406 (60%)
Train Epoch: 21 [0/5627 (0%)]	Loss: 0.003823
Train Epoch: 21 [600/5627 (11%)]	Loss: 0.003423
Train Epoch: 21 [1200/5627 (21%)]	Loss: 0.001396
Train Epoch: 21 [1800/5627 (32%)]	Loss: 0.008978
Train Epoch: 21 [2400/5627 (43%)]	Loss: 0.001819
Train Epoch: 21 [3000/5627 (53%)]	Loss: 0.000789
Train Epoch: 21 [3600/5627 (64%)]	Loss: 0.001392
Train Epoch: 21 [4200/5627 (74%)]	Loss: 0.000618
Train Epoch: 21 [4800/5627 (85%)]	Loss: 0.000689
Train Epoch: 21 [5400/5627 (96%)]	Loss: 0.002206
Test set: Average loss: 1.6851, Accuracy: 912/1406 (64%)
Train Epoch: 22 [0/5627 (0%)]	Loss: 0.000848
Train Epoch: 22 [600/5627 (11%)]	Loss: 0.000378
Train Epoch: 22 [1200/5627 (21%)]	Loss: 0.002051
Train Epoch: 22 [1800/5627 (32%)]	Loss: 0.000470
Train Epoch: 22 [2400/5627 (43%)]	Loss: 0.000530
Train Epoch: 22 [3000/5627 (53%)]	Loss: 0.001020
Train Epoch: 22 [3600/5627 (64%)]	Loss: 0.000351
Train Epoch: 22 [4200/5627 (74%)]	Loss: 0.001129
Train Epoch: 22 [4800/5627 (85%)]	Loss: 0.000771
Train Epoch: 22 [5400/5627 (96%)]	Loss: 0.000613
Test set: Average loss: 1.7252, Accuracy: 898/1406 (63%)
Train Epoch: 23 [0/5627 (0%)]	Loss: 0.000218
Train Epoch: 23 [600/5627 (11%)]	Loss: 0.000758
Train Epoch: 23 [1200/5627 (21%)]	Loss: 0.000809
Train Epoch: 23 [1800/5627 (32%)]	Loss: 0.000643
Train Epoch: 23 [2400/5627 (43%)]	Loss: 0.000460
Train Epoch: 23 [3000/5627 (53%)]	Loss: 0.000809
Train Epoch: 23 [3600/5627 (64%)]	Loss: 0.001226
Train Epoch: 23 [4200/5627 (74%)]	Loss: 0.000733
Train Epoch: 23 [4800/5627 (85%)]	Loss: 0.001984
Train Epoch: 23 [5400/5627 (96%)]	Loss: 0.000351
Test set: Average loss: 1.6887, Accuracy: 904/1406 (64%)
Train Epoch: 24 [0/5627 (0%)]	Loss: 0.000574
Train Epoch: 24 [600/5627 (11%)]	Loss: 0.000570
Train Epoch: 24 [1200/5627 (21%)]	Loss: 0.004517
Train Epoch: 24 [1800/5627 (32%)]	Loss: 0.000480
Train Epoch: 24 [2400/5627 (43%)]	Loss: 0.000366
Train Epoch: 24 [3000/5627 (53%)]	Loss: 0.000533
Train Epoch: 24 [3600/5627 (64%)]	Loss: 0.000651
Train Epoch: 24 [4200/5627 (74%)]	Loss: 0.000301
Train Epoch: 24 [4800/5627 (85%)]	Loss: 0.000443
Train Epoch: 24 [5400/5627 (96%)]	Loss: 0.000123
Test set: Average loss: 1.7436, Accuracy: 896/1406 (63%)
Train Epoch: 25 [0/5627 (0%)]	Loss: 0.019692
Train Epoch: 25 [600/5627 (11%)]	Loss: 0.000394
Train Epoch: 25 [1200/5627 (21%)]	Loss: 0.000139
Train Epoch: 25 [1800/5627 (32%)]	Loss: 0.000424
Train Epoch: 25 [2400/5627 (43%)]	Loss: 0.001628
Train Epoch: 25 [3000/5627 (53%)]	Loss: 0.000297
Train Epoch: 25 [3600/5627 (64%)]	Loss: 0.000237
Train Epoch: 25 [4200/5627 (74%)]	Loss: 0.002053
Train Epoch: 25 [4800/5627 (85%)]	Loss: 0.000489
Train Epoch: 25 [5400/5627 (96%)]	Loss: 0.001327
Test set: Average loss: 1.7345, Accuracy: 910/1406 (64%)
Train Epoch: 26 [0/5627 (0%)]	Loss: 0.001404
Train Epoch: 26 [600/5627 (11%)]	Loss: 0.000487
Train Epoch: 26 [1200/5627 (21%)]	Loss: 0.000190
Train Epoch: 26 [1800/5627 (32%)]	Loss: 0.000228
Train Epoch: 26 [2400/5627 (43%)]	Loss: 0.000195
Train Epoch: 26 [3000/5627 (53%)]	Loss: 0.000624
Train Epoch: 26 [3600/5627 (64%)]	Loss: 0.000367
Train Epoch: 26 [4200/5627 (74%)]	Loss: 0.000538
Train Epoch: 26 [4800/5627 (85%)]	Loss: 0.000274
Train Epoch: 26 [5400/5627 (96%)]	Loss: 0.000683
Test set: Average loss: 1.6969, Accuracy: 919/1406 (65%)
Train Epoch: 27 [0/5627 (0%)]	Loss: 0.000426
Train Epoch: 27 [600/5627 (11%)]	Loss: 0.001676
Train Epoch: 27 [1200/5627 (21%)]	Loss: 0.000324
Train Epoch: 27 [1800/5627 (32%)]	Loss: 0.001146
Train Epoch: 27 [2400/5627 (43%)]	Loss: 0.000328
Train Epoch: 27 [3000/5627 (53%)]	Loss: 0.000289
Train Epoch: 27 [3600/5627 (64%)]	Loss: 0.000502
Train Epoch: 27 [4200/5627 (74%)]	Loss: 0.000379
Train Epoch: 27 [4800/5627 (85%)]	Loss: 0.000610
Train Epoch: 27 [5400/5627 (96%)]	Loss: 0.000959
Test set: Average loss: 1.7150, Accuracy: 915/1406 (65%)
Train Epoch: 28 [0/5627 (0%)]	Loss: 0.001036
Train Epoch: 28 [600/5627 (11%)]	Loss: 0.000302
Train Epoch: 28 [1200/5627 (21%)]	Loss: 0.000109
Train Epoch: 28 [1800/5627 (32%)]	Loss: 0.000887
Train Epoch: 28 [2400/5627 (43%)]	Loss: 0.000275
Train Epoch: 28 [3000/5627 (53%)]	Loss: 0.000519
Train Epoch: 28 [3600/5627 (64%)]	Loss: 0.000066
Train Epoch: 28 [4200/5627 (74%)]	Loss: 0.000136
Train Epoch: 28 [4800/5627 (85%)]	Loss: 0.000196
Train Epoch: 28 [5400/5627 (96%)]	Loss: 0.001568
Test set: Average loss: 1.6961, Accuracy: 917/1406 (65%)
Train Epoch: 29 [0/5627 (0%)]	Loss: 0.000412
Train Epoch: 29 [600/5627 (11%)]	Loss: 0.000274
Train Epoch: 29 [1200/5627 (21%)]	Loss: 0.000180
Train Epoch: 29 [1800/5627 (32%)]	Loss: 0.000326
Train Epoch: 29 [2400/5627 (43%)]	Loss: 0.000350
Train Epoch: 29 [3000/5627 (53%)]	Loss: 0.000211
Train Epoch: 29 [3600/5627 (64%)]	Loss: 0.000224
Train Epoch: 29 [4200/5627 (74%)]	Loss: 0.000094
Train Epoch: 29 [4800/5627 (85%)]	Loss: 0.000201
Train Epoch: 29 [5400/5627 (96%)]	Loss: 0.000117
Test set: Average loss: 1.7164, Accuracy: 915/1406 (65%)
Train Epoch: 30 [0/5627 (0%)]	Loss: 0.000154
Train Epoch: 30 [600/5627 (11%)]	Loss: 0.000277
Train Epoch: 30 [1200/5627 (21%)]	Loss: 0.000281
Train Epoch: 30 [1800/5627 (32%)]	Loss: 0.000244
Train Epoch: 30 [2400/5627 (43%)]	Loss: 0.000638
Train Epoch: 30 [3000/5627 (53%)]	Loss: 0.000241
Train Epoch: 30 [3600/5627 (64%)]	Loss: 0.000501
Train Epoch: 30 [4200/5627 (74%)]	Loss: 0.000863
Train Epoch: 30 [4800/5627 (85%)]	Loss: 0.001044
Train Epoch: 30 [5400/5627 (96%)]	Loss: 0.000113
Test set: Average loss: 1.7210, Accuracy: 909/1406 (64%)
Train Epoch: 31 [0/5627 (0%)]	Loss: 0.000991
Train Epoch: 31 [600/5627 (11%)]	Loss: 0.000106
Train Epoch: 31 [1200/5627 (21%)]	Loss: 0.000131
Train Epoch: 31 [1800/5627 (32%)]	Loss: 0.000086
Train Epoch: 31 [2400/5627 (43%)]	Loss: 0.000667
Train Epoch: 31 [3000/5627 (53%)]	Loss: 0.000104
Train Epoch: 31 [3600/5627 (64%)]	Loss: 0.000121
Train Epoch: 31 [4200/5627 (74%)]	Loss: 0.000111
Train Epoch: 31 [4800/5627 (85%)]	Loss: 0.000149
Train Epoch: 31 [5400/5627 (96%)]	Loss: 0.000135
Test set: Average loss: 1.7366, Accuracy: 914/1406 (65%)
Train Epoch: 32 [0/5627 (0%)]	Loss: 0.000074
Train Epoch: 32 [600/5627 (11%)]	Loss: 0.000180
Train Epoch: 32 [1200/5627 (21%)]	Loss: 0.000105
Train Epoch: 32 [1800/5627 (32%)]	Loss: 0.000089
Train Epoch: 32 [2400/5627 (43%)]	Loss: 0.000384
Train Epoch: 32 [3000/5627 (53%)]	Loss: 0.000182
Train Epoch: 32 [3600/5627 (64%)]	Loss: 0.000189
Train Epoch: 32 [4200/5627 (74%)]	Loss: 0.000120
Train Epoch: 32 [4800/5627 (85%)]	Loss: 0.000096
Train Epoch: 32 [5400/5627 (96%)]	Loss: 0.000132
Test set: Average loss: 1.7271, Accuracy: 918/1406 (65%)
Train Epoch: 33 [0/5627 (0%)]	Loss: 0.000209
Train Epoch: 33 [600/5627 (11%)]	Loss: 0.000090
Train Epoch: 33 [1200/5627 (21%)]	Loss: 0.000897
Train Epoch: 33 [1800/5627 (32%)]	Loss: 0.000234
Train Epoch: 33 [2400/5627 (43%)]	Loss: 0.000479
Train Epoch: 33 [3000/5627 (53%)]	Loss: 0.000178
Train Epoch: 33 [3600/5627 (64%)]	Loss: 0.000139
Train Epoch: 33 [4200/5627 (74%)]	Loss: 0.000214
Train Epoch: 33 [4800/5627 (85%)]	Loss: 0.000367
Train Epoch: 33 [5400/5627 (96%)]	Loss: 0.000133
Test set: Average loss: 1.7132, Accuracy: 927/1406 (65%)
Train Epoch: 34 [0/5627 (0%)]	Loss: 0.000135
Train Epoch: 34 [600/5627 (11%)]	Loss: 0.000129
Train Epoch: 34 [1200/5627 (21%)]	Loss: 0.000118
Train Epoch: 34 [1800/5627 (32%)]	Loss: 0.000171
Train Epoch: 34 [2400/5627 (43%)]	Loss: 0.000060
Train Epoch: 34 [3000/5627 (53%)]	Loss: 0.000175
Train Epoch: 34 [3600/5627 (64%)]	Loss: 0.000126
Train Epoch: 34 [4200/5627 (74%)]	Loss: 0.000202
Train Epoch: 34 [4800/5627 (85%)]	Loss: 0.000066
Train Epoch: 34 [5400/5627 (96%)]	Loss: 0.000132
Test set: Average loss: 1.7186, Accuracy: 925/1406 (65%)
Train Epoch: 35 [0/5627 (0%)]	Loss: 0.000183
Train Epoch: 35 [600/5627 (11%)]	Loss: 0.000064
Train Epoch: 35 [1200/5627 (21%)]	Loss: 0.000284
Train Epoch: 35 [1800/5627 (32%)]	Loss: 0.000897
Train Epoch: 35 [2400/5627 (43%)]	Loss: 0.000040
Train Epoch: 35 [3000/5627 (53%)]	Loss: 0.000149
Train Epoch: 35 [3600/5627 (64%)]	Loss: 0.000213
Train Epoch: 35 [4200/5627 (74%)]	Loss: 0.000082
Train Epoch: 35 [4800/5627 (85%)]	Loss: 0.000064
Train Epoch: 35 [5400/5627 (96%)]	Loss: 0.000311
Test set: Average loss: 1.7568, Accuracy: 920/1406 (65%)
Train Epoch: 36 [0/5627 (0%)]	Loss: 0.000425
Train Epoch: 36 [600/5627 (11%)]	Loss: 0.000072
Train Epoch: 36 [1200/5627 (21%)]	Loss: 0.000141
Train Epoch: 36 [1800/5627 (32%)]	Loss: 0.000318
Train Epoch: 36 [2400/5627 (43%)]	Loss: 0.002712
Train Epoch: 36 [3000/5627 (53%)]	Loss: 0.000280
Train Epoch: 36 [3600/5627 (64%)]	Loss: 0.000101
Train Epoch: 36 [4200/5627 (74%)]	Loss: 0.000555
Train Epoch: 36 [4800/5627 (85%)]	Loss: 0.000269
Train Epoch: 36 [5400/5627 (96%)]	Loss: 0.000140
Test set: Average loss: 1.7621, Accuracy: 915/1406 (65%)
Train Epoch: 37 [0/5627 (0%)]	Loss: 0.000438
Train Epoch: 37 [600/5627 (11%)]	Loss: 0.000421
Train Epoch: 37 [1200/5627 (21%)]	Loss: 0.000234
Train Epoch: 37 [1800/5627 (32%)]	Loss: 0.000482
Train Epoch: 37 [2400/5627 (43%)]	Loss: 0.000684
Train Epoch: 37 [3000/5627 (53%)]	Loss: 0.000464
Train Epoch: 37 [3600/5627 (64%)]	Loss: 0.000052
Train Epoch: 37 [4200/5627 (74%)]	Loss: 0.000060
Train Epoch: 37 [4800/5627 (85%)]	Loss: 0.000450
Train Epoch: 37 [5400/5627 (96%)]	Loss: 0.000075
Test set: Average loss: 1.7480, Accuracy: 928/1406 (66%)
Train Epoch: 38 [0/5627 (0%)]	Loss: 0.002568
Train Epoch: 38 [600/5627 (11%)]	Loss: 0.000368
Train Epoch: 38 [1200/5627 (21%)]	Loss: 0.000066
Train Epoch: 38 [1800/5627 (32%)]	Loss: 0.000125
Train Epoch: 38 [2400/5627 (43%)]	Loss: 0.000235
Train Epoch: 38 [3000/5627 (53%)]	Loss: 0.000040
Train Epoch: 38 [3600/5627 (64%)]	Loss: 0.000115
Train Epoch: 38 [4200/5627 (74%)]	Loss: 0.000208
Train Epoch: 38 [4800/5627 (85%)]	Loss: 0.000048
Train Epoch: 38 [5400/5627 (96%)]	Loss: 0.000363
Test set: Average loss: 1.7203, Accuracy: 928/1406 (66%)
Train Epoch: 39 [0/5627 (0%)]	Loss: 0.000069
Train Epoch: 39 [600/5627 (11%)]	Loss: 0.000066
Train Epoch: 39 [1200/5627 (21%)]	Loss: 0.000045
Train Epoch: 39 [1800/5627 (32%)]	Loss: 0.000507
Train Epoch: 39 [2400/5627 (43%)]	Loss: 0.000038
Train Epoch: 39 [3000/5627 (53%)]	Loss: 0.000152
Train Epoch: 39 [3600/5627 (64%)]	Loss: 0.000108
Train Epoch: 39 [4200/5627 (74%)]	Loss: 0.000121
Train Epoch: 39 [4800/5627 (85%)]	Loss: 0.000156
Train Epoch: 39 [5400/5627 (96%)]	Loss: 0.000058
Test set: Average loss: 1.7170, Accuracy: 922/1406 (65%)
Train Epoch: 40 [0/5627 (0%)]	Loss: 0.000248
Train Epoch: 40 [600/5627 (11%)]	Loss: 0.000329
Train Epoch: 40 [1200/5627 (21%)]	Loss: 0.000147
Train Epoch: 40 [1800/5627 (32%)]	Loss: 0.000059
Train Epoch: 40 [2400/5627 (43%)]	Loss: 0.000170
Train Epoch: 40 [3000/5627 (53%)]	Loss: 0.000357
Train Epoch: 40 [3600/5627 (64%)]	Loss: 0.000045
Train Epoch: 40 [4200/5627 (74%)]	Loss: 0.000057
Train Epoch: 40 [4800/5627 (85%)]	Loss: 0.000110
Train Epoch: 40 [5400/5627 (96%)]	Loss: 0.000453
Test set: Average loss: 1.7392, Accuracy: 926/1406 (65%)
Train Epoch: 41 [0/5627 (0%)]	Loss: 0.000036
Train Epoch: 41 [600/5627 (11%)]	Loss: 0.000066
Train Epoch: 41 [1200/5627 (21%)]	Loss: 0.000196
Train Epoch: 41 [1800/5627 (32%)]	Loss: 0.000133
Train Epoch: 41 [2400/5627 (43%)]	Loss: 0.000057
Train Epoch: 41 [3000/5627 (53%)]	Loss: 0.000217
Train Epoch: 41 [3600/5627 (64%)]	Loss: 0.000059
Train Epoch: 41 [4200/5627 (74%)]	Loss: 0.000055
Train Epoch: 41 [4800/5627 (85%)]	Loss: 0.000043
Train Epoch: 41 [5400/5627 (96%)]	Loss: 0.000730
Test set: Average loss: 1.7598, Accuracy: 922/1406 (65%)
Train Epoch: 42 [0/5627 (0%)]	Loss: 0.000059
Train Epoch: 42 [600/5627 (11%)]	Loss: 0.000055
Train Epoch: 42 [1200/5627 (21%)]	Loss: 0.000071
Train Epoch: 42 [1800/5627 (32%)]	Loss: 0.000089
Train Epoch: 42 [2400/5627 (43%)]	Loss: 0.000117
Train Epoch: 42 [3000/5627 (53%)]	Loss: 0.000059
Train Epoch: 42 [3600/5627 (64%)]	Loss: 0.000111
Train Epoch: 42 [4200/5627 (74%)]	Loss: 0.000186
Train Epoch: 42 [4800/5627 (85%)]	Loss: 0.000125
Train Epoch: 42 [5400/5627 (96%)]	Loss: 0.000092
Test set: Average loss: 1.7538, Accuracy: 927/1406 (65%)
Train Epoch: 43 [0/5627 (0%)]	Loss: 0.000329
Train Epoch: 43 [600/5627 (11%)]	Loss: 0.000038
Train Epoch: 43 [1200/5627 (21%)]	Loss: 0.000130
Train Epoch: 43 [1800/5627 (32%)]	Loss: 0.000690
Train Epoch: 43 [2400/5627 (43%)]	Loss: 0.000050
Train Epoch: 43 [3000/5627 (53%)]	Loss: 0.000108
Train Epoch: 43 [3600/5627 (64%)]	Loss: 0.000241
Train Epoch: 43 [4200/5627 (74%)]	Loss: 0.000064
Train Epoch: 43 [4800/5627 (85%)]	Loss: 0.000060
Train Epoch: 43 [5400/5627 (96%)]	Loss: 0.000066
Test set: Average loss: 1.7045, Accuracy: 930/1406 (66%)
Train Epoch: 44 [0/5627 (0%)]	Loss: 0.000176
Train Epoch: 44 [600/5627 (11%)]	Loss: 0.000037
Train Epoch: 44 [1200/5627 (21%)]	Loss: 0.000068
Train Epoch: 44 [1800/5627 (32%)]	Loss: 0.000139
Train Epoch: 44 [2400/5627 (43%)]	Loss: 0.000068
Train Epoch: 44 [3000/5627 (53%)]	Loss: 0.000311
Train Epoch: 44 [3600/5627 (64%)]	Loss: 0.000071
Train Epoch: 44 [4200/5627 (74%)]	Loss: 0.000120
Train Epoch: 44 [4800/5627 (85%)]	Loss: 0.000066
Train Epoch: 44 [5400/5627 (96%)]	Loss: 0.000107
Test set: Average loss: 1.7276, Accuracy: 923/1406 (65%)
Train Epoch: 45 [0/5627 (0%)]	Loss: 0.000153
Train Epoch: 45 [600/5627 (11%)]	Loss: 0.000051
Train Epoch: 45 [1200/5627 (21%)]	Loss: 0.000044
Train Epoch: 45 [1800/5627 (32%)]	Loss: 0.000150
Train Epoch: 45 [2400/5627 (43%)]	Loss: 0.000037
Train Epoch: 45 [3000/5627 (53%)]	Loss: 0.000181
Train Epoch: 45 [3600/5627 (64%)]	Loss: 0.000099
Train Epoch: 45 [4200/5627 (74%)]	Loss: 0.000051
Train Epoch: 45 [4800/5627 (85%)]	Loss: 0.000033
Train Epoch: 45 [5400/5627 (96%)]	Loss: 0.000059
Test set: Average loss: 1.7357, Accuracy: 925/1406 (65%)
Train Epoch: 46 [0/5627 (0%)]	Loss: 0.000041
Train Epoch: 46 [600/5627 (11%)]	Loss: 0.000093
Train Epoch: 46 [1200/5627 (21%)]	Loss: 0.000192
Train Epoch: 46 [1800/5627 (32%)]	Loss: 0.000300
Train Epoch: 46 [2400/5627 (43%)]	Loss: 0.000057
Train Epoch: 46 [3000/5627 (53%)]	Loss: 0.000088
Train Epoch: 46 [3600/5627 (64%)]	Loss: 0.000180
Train Epoch: 46 [4200/5627 (74%)]	Loss: 0.000056
Train Epoch: 46 [4800/5627 (85%)]	Loss: 0.000046
Train Epoch: 46 [5400/5627 (96%)]	Loss: 0.000246
Test set: Average loss: 1.8079, Accuracy: 912/1406 (64%)
Train Epoch: 47 [0/5627 (0%)]	Loss: 0.000284
Train Epoch: 47 [600/5627 (11%)]	Loss: 0.000077
Train Epoch: 47 [1200/5627 (21%)]	Loss: 0.000119
Train Epoch: 47 [1800/5627 (32%)]	Loss: 0.000124
Train Epoch: 47 [2400/5627 (43%)]	Loss: 0.000032
Train Epoch: 47 [3000/5627 (53%)]	Loss: 0.000048
Train Epoch: 47 [3600/5627 (64%)]	Loss: 0.000158
Train Epoch: 47 [4200/5627 (74%)]	Loss: 0.000059
Train Epoch: 47 [4800/5627 (85%)]	Loss: 0.000059
Train Epoch: 47 [5400/5627 (96%)]	Loss: 0.000082
Test set: Average loss: 1.7973, Accuracy: 918/1406 (65%)
Train Epoch: 48 [0/5627 (0%)]	Loss: 0.000055
Train Epoch: 48 [600/5627 (11%)]	Loss: 0.000081
Train Epoch: 48 [1200/5627 (21%)]	Loss: 0.000151
Train Epoch: 48 [1800/5627 (32%)]	Loss: 0.000460
Train Epoch: 48 [2400/5627 (43%)]	Loss: 0.000071
Train Epoch: 48 [3000/5627 (53%)]	Loss: 0.000034
Train Epoch: 48 [3600/5627 (64%)]	Loss: 0.001408
Train Epoch: 48 [4200/5627 (74%)]	Loss: 0.000066
Train Epoch: 48 [4800/5627 (85%)]	Loss: 0.000098
Train Epoch: 48 [5400/5627 (96%)]	Loss: 0.000042
Test set: Average loss: 1.7699, Accuracy: 922/1406 (65%)
Train Epoch: 49 [0/5627 (0%)]	Loss: 0.000202
Train Epoch: 49 [600/5627 (11%)]	Loss: 0.000065
Train Epoch: 49 [1200/5627 (21%)]	Loss: 0.000078
Train Epoch: 49 [1800/5627 (32%)]	Loss: 0.000053
Train Epoch: 49 [2400/5627 (43%)]	Loss: 0.000044
Train Epoch: 49 [3000/5627 (53%)]	Loss: 0.000051
Train Epoch: 49 [3600/5627 (64%)]	Loss: 0.000232
Train Epoch: 49 [4200/5627 (74%)]	Loss: 0.000076
Train Epoch: 49 [4800/5627 (85%)]	Loss: 0.000030
Train Epoch: 49 [5400/5627 (96%)]	Loss: 0.000209
Test set: Average loss: 1.7615, Accuracy: 918/1406 (65%)
Train Epoch: 50 [0/5627 (0%)]	Loss: 0.000120
Train Epoch: 50 [600/5627 (11%)]	Loss: 0.000046
Train Epoch: 50 [1200/5627 (21%)]	Loss: 0.000069
Train Epoch: 50 [1800/5627 (32%)]	Loss: 0.000241
Train Epoch: 50 [2400/5627 (43%)]	Loss: 0.000093
Train Epoch: 50 [3000/5627 (53%)]	Loss: 0.000221
Train Epoch: 50 [3600/5627 (64%)]	Loss: 0.000040
Train Epoch: 50 [4200/5627 (74%)]	Loss: 0.000154
Train Epoch: 50 [4800/5627 (85%)]	Loss: 0.000043
Train Epoch: 50 [5400/5627 (96%)]	Loss: 0.000070
Test set: Average loss: 1.7797, Accuracy: 914/1406 (65%)
Train Epoch: 51 [0/5627 (0%)]	Loss: 0.000082
Train Epoch: 51 [600/5627 (11%)]	Loss: 0.000833
Train Epoch: 51 [1200/5627 (21%)]	Loss: 0.000028
Train Epoch: 51 [1800/5627 (32%)]	Loss: 0.000170
Train Epoch: 51 [2400/5627 (43%)]	Loss: 0.000850
Train Epoch: 51 [3000/5627 (53%)]	Loss: 0.000082
Train Epoch: 51 [3600/5627 (64%)]	Loss: 0.000092
Train Epoch: 51 [4200/5627 (74%)]	Loss: 0.000049
Train Epoch: 51 [4800/5627 (85%)]	Loss: 0.000295
Train Epoch: 51 [5400/5627 (96%)]	Loss: 0.000060
Test set: Average loss: 1.8102, Accuracy: 915/1406 (65%)
Train Epoch: 52 [0/5627 (0%)]	Loss: 0.000027
Train Epoch: 52 [600/5627 (11%)]	Loss: 0.000041
Train Epoch: 52 [1200/5627 (21%)]	Loss: 0.000097
Train Epoch: 52 [1800/5627 (32%)]	Loss: 0.000036
Train Epoch: 52 [2400/5627 (43%)]	Loss: 0.000144
Train Epoch: 52 [3000/5627 (53%)]	Loss: 0.000212
Train Epoch: 52 [3600/5627 (64%)]	Loss: 0.000057
Train Epoch: 52 [4200/5627 (74%)]	Loss: 0.000117
Train Epoch: 52 [4800/5627 (85%)]	Loss: 0.000035
Train Epoch: 52 [5400/5627 (96%)]	Loss: 0.000021
Test set: Average loss: 1.7902, Accuracy: 915/1406 (65%)
Train Epoch: 53 [0/5627 (0%)]	Loss: 0.000033
Train Epoch: 53 [600/5627 (11%)]	Loss: 0.000058
Train Epoch: 53 [1200/5627 (21%)]	Loss: 0.000085
Train Epoch: 53 [1800/5627 (32%)]	Loss: 0.000132
Train Epoch: 53 [2400/5627 (43%)]	Loss: 0.000078
Train Epoch: 53 [3000/5627 (53%)]	Loss: 0.000042
Train Epoch: 53 [3600/5627 (64%)]	Loss: 0.000040
Train Epoch: 53 [4200/5627 (74%)]	Loss: 0.000105
Train Epoch: 53 [4800/5627 (85%)]	Loss: 0.000154
Train Epoch: 53 [5400/5627 (96%)]	Loss: 0.000049
Test set: Average loss: 1.7848, Accuracy: 920/1406 (65%)
Train Epoch: 54 [0/5627 (0%)]	Loss: 0.000036
Train Epoch: 54 [600/5627 (11%)]	Loss: 0.000081
Train Epoch: 54 [1200/5627 (21%)]	Loss: 0.000029
Train Epoch: 54 [1800/5627 (32%)]	Loss: 0.000026
Train Epoch: 54 [2400/5627 (43%)]	Loss: 0.000231
Train Epoch: 54 [3000/5627 (53%)]	Loss: 0.000035
Train Epoch: 54 [3600/5627 (64%)]	Loss: 0.000194
Train Epoch: 54 [4200/5627 (74%)]	Loss: 0.000064
Train Epoch: 54 [4800/5627 (85%)]	Loss: 0.000081
Train Epoch: 54 [5400/5627 (96%)]	Loss: 0.000053
Test set: Average loss: 1.8045, Accuracy: 920/1406 (65%)
Train Epoch: 55 [0/5627 (0%)]	Loss: 0.000252
Train Epoch: 55 [600/5627 (11%)]	Loss: 0.000127
Train Epoch: 55 [1200/5627 (21%)]	Loss: 0.000037
Train Epoch: 55 [1800/5627 (32%)]	Loss: 0.000080
Train Epoch: 55 [2400/5627 (43%)]	Loss: 0.000040
Train Epoch: 55 [3000/5627 (53%)]	Loss: 0.000054
Train Epoch: 55 [3600/5627 (64%)]	Loss: 0.000060
Train Epoch: 55 [4200/5627 (74%)]	Loss: 0.000025
Train Epoch: 55 [4800/5627 (85%)]	Loss: 0.000064
Train Epoch: 55 [5400/5627 (96%)]	Loss: 0.000029
Test set: Average loss: 1.7926, Accuracy: 914/1406 (65%)
Train Epoch: 56 [0/5627 (0%)]	Loss: 0.000052
Train Epoch: 56 [600/5627 (11%)]	Loss: 0.000047
Train Epoch: 56 [1200/5627 (21%)]	Loss: 0.000049
Train Epoch: 56 [1800/5627 (32%)]	Loss: 0.000050
Train Epoch: 56 [2400/5627 (43%)]	Loss: 0.000747
Train Epoch: 56 [3000/5627 (53%)]	Loss: 0.000157
Train Epoch: 56 [3600/5627 (64%)]	Loss: 0.000086
Train Epoch: 56 [4200/5627 (74%)]	Loss: 0.000034
Train Epoch: 56 [4800/5627 (85%)]	Loss: 0.000122
Train Epoch: 56 [5400/5627 (96%)]	Loss: 0.000092
Test set: Average loss: 1.7888, Accuracy: 923/1406 (65%)
Train Epoch: 57 [0/5627 (0%)]	Loss: 0.000040
Train Epoch: 57 [600/5627 (11%)]	Loss: 0.000059
Train Epoch: 57 [1200/5627 (21%)]	Loss: 0.000114
Train Epoch: 57 [1800/5627 (32%)]	Loss: 0.000118
Train Epoch: 57 [2400/5627 (43%)]	Loss: 0.000062
Train Epoch: 57 [3000/5627 (53%)]	Loss: 0.000043
Train Epoch: 57 [3600/5627 (64%)]	Loss: 0.000072
Train Epoch: 57 [4200/5627 (74%)]	Loss: 0.000026
Train Epoch: 57 [4800/5627 (85%)]	Loss: 0.000077
Train Epoch: 57 [5400/5627 (96%)]	Loss: 0.000057
Test set: Average loss: 1.7726, Accuracy: 921/1406 (65%)
Train Epoch: 58 [0/5627 (0%)]	Loss: 0.000095
Train Epoch: 58 [600/5627 (11%)]	Loss: 0.000116
Train Epoch: 58 [1200/5627 (21%)]	Loss: 0.000028
Train Epoch: 58 [1800/5627 (32%)]	Loss: 0.000032
Train Epoch: 58 [2400/5627 (43%)]	Loss: 0.000265
Train Epoch: 58 [3000/5627 (53%)]	Loss: 0.000046
Train Epoch: 58 [3600/5627 (64%)]	Loss: 0.000045
Train Epoch: 58 [4200/5627 (74%)]	Loss: 0.000099
Train Epoch: 58 [4800/5627 (85%)]	Loss: 0.000029
Train Epoch: 58 [5400/5627 (96%)]	Loss: 0.000066
Test set: Average loss: 1.7777, Accuracy: 931/1406 (66%)
Train Epoch: 59 [0/5627 (0%)]	Loss: 0.000370
Train Epoch: 59 [600/5627 (11%)]	Loss: 0.000057
Train Epoch: 59 [1200/5627 (21%)]	Loss: 0.000031
Train Epoch: 59 [1800/5627 (32%)]	Loss: 0.000069
Train Epoch: 59 [2400/5627 (43%)]	Loss: 0.000024
Train Epoch: 59 [3000/5627 (53%)]	Loss: 0.000017
Train Epoch: 59 [3600/5627 (64%)]	Loss: 0.000059
Train Epoch: 59 [4200/5627 (74%)]	Loss: 0.000060
Train Epoch: 59 [4800/5627 (85%)]	Loss: 0.000072
Train Epoch: 59 [5400/5627 (96%)]	Loss: 0.000105
Test set: Average loss: 1.8026, Accuracy: 925/1406 (65%)
Train Epoch: 60 [0/5627 (0%)]	Loss: 0.000061
Train Epoch: 60 [600/5627 (11%)]	Loss: 0.000079
Train Epoch: 60 [1200/5627 (21%)]	Loss: 0.000064
Train Epoch: 60 [1800/5627 (32%)]	Loss: 0.000041
Train Epoch: 60 [2400/5627 (43%)]	Loss: 0.000121
Train Epoch: 60 [3000/5627 (53%)]	Loss: 0.000036
Train Epoch: 60 [3600/5627 (64%)]	Loss: 0.000034
Train Epoch: 60 [4200/5627 (74%)]	Loss: 0.000081
Train Epoch: 60 [4800/5627 (85%)]	Loss: 0.000488
Train Epoch: 60 [5400/5627 (96%)]	Loss: 0.000052
Test set: Average loss: 1.7941, Accuracy: 915/1406 (65%)
