getting datasets
finished
trainning neckline_design_labels:
Train Epoch: 1 [0/13718 (0%)]	Loss: 2.259730
Train Epoch: 1 [600/13718 (4%)]	Loss: 2.319347
Train Epoch: 1 [1200/13718 (9%)]	Loss: 2.243001
Train Epoch: 1 [1800/13718 (13%)]	Loss: 2.244350
Train Epoch: 1 [2400/13718 (17%)]	Loss: 2.296103
Train Epoch: 1 [3000/13718 (22%)]	Loss: 2.254428
Train Epoch: 1 [3600/13718 (26%)]	Loss: 2.227641
Train Epoch: 1 [4200/13718 (31%)]	Loss: 2.233567
Train Epoch: 1 [4800/13718 (35%)]	Loss: 2.163255
Train Epoch: 1 [5400/13718 (39%)]	Loss: 2.129521
Train Epoch: 1 [6000/13718 (44%)]	Loss: 2.106894
Train Epoch: 1 [6600/13718 (48%)]	Loss: 2.060874
Train Epoch: 1 [7200/13718 (52%)]	Loss: 2.114169
Train Epoch: 1 [7800/13718 (57%)]	Loss: 1.984021
Train Epoch: 1 [8400/13718 (61%)]	Loss: 1.937961
Train Epoch: 1 [9000/13718 (66%)]	Loss: 1.773511
Train Epoch: 1 [9600/13718 (70%)]	Loss: 1.805626
Train Epoch: 1 [10200/13718 (74%)]	Loss: 1.678252
Train Epoch: 1 [10800/13718 (79%)]	Loss: 1.651149
Train Epoch: 1 [11400/13718 (83%)]	Loss: 1.576679
Train Epoch: 1 [12000/13718 (87%)]	Loss: 1.311979
Train Epoch: 1 [12600/13718 (92%)]	Loss: 1.416929
Train Epoch: 1 [13200/13718 (96%)]	Loss: 1.339407
Test set: Average loss: 1.4968, Accuracy: 1637/3429 (47%)
Train Epoch: 2 [0/13718 (0%)]	Loss: 1.350049
Train Epoch: 2 [600/13718 (4%)]	Loss: 1.180282
Train Epoch: 2 [1200/13718 (9%)]	Loss: 1.496416
Train Epoch: 2 [1800/13718 (13%)]	Loss: 0.986117
Train Epoch: 2 [2400/13718 (17%)]	Loss: 1.049850
Train Epoch: 2 [3000/13718 (22%)]	Loss: 1.061610
Train Epoch: 2 [3600/13718 (26%)]	Loss: 1.300100
Train Epoch: 2 [4200/13718 (31%)]	Loss: 0.969565
Train Epoch: 2 [4800/13718 (35%)]	Loss: 1.052997
Train Epoch: 2 [5400/13718 (39%)]	Loss: 1.008190
Train Epoch: 2 [6000/13718 (44%)]	Loss: 0.999609
Train Epoch: 2 [6600/13718 (48%)]	Loss: 1.061988
Train Epoch: 2 [7200/13718 (52%)]	Loss: 1.091350
Train Epoch: 2 [7800/13718 (57%)]	Loss: 1.559074
Train Epoch: 2 [8400/13718 (61%)]	Loss: 1.085004
Train Epoch: 2 [9000/13718 (66%)]	Loss: 1.131781
Train Epoch: 2 [9600/13718 (70%)]	Loss: 1.078298
Train Epoch: 2 [10200/13718 (74%)]	Loss: 0.959100
Train Epoch: 2 [10800/13718 (79%)]	Loss: 0.900000
Train Epoch: 2 [11400/13718 (83%)]	Loss: 1.017677
Train Epoch: 2 [12000/13718 (87%)]	Loss: 1.207005
Train Epoch: 2 [12600/13718 (92%)]	Loss: 1.026428
Train Epoch: 2 [13200/13718 (96%)]	Loss: 0.855085
Test set: Average loss: 1.3358, Accuracy: 1810/3429 (52%)
Train Epoch: 3 [0/13718 (0%)]	Loss: 0.855660
Train Epoch: 3 [600/13718 (4%)]	Loss: 0.835255
Train Epoch: 3 [1200/13718 (9%)]	Loss: 0.662138
Train Epoch: 3 [1800/13718 (13%)]	Loss: 0.683390
Train Epoch: 3 [2400/13718 (17%)]	Loss: 0.695648
Train Epoch: 3 [3000/13718 (22%)]	Loss: 0.395257
Train Epoch: 3 [3600/13718 (26%)]	Loss: 0.672902
Train Epoch: 3 [4200/13718 (31%)]	Loss: 0.903200
Train Epoch: 3 [4800/13718 (35%)]	Loss: 1.105542
Train Epoch: 3 [5400/13718 (39%)]	Loss: 0.638625
Train Epoch: 3 [6000/13718 (44%)]	Loss: 0.884186
Train Epoch: 3 [6600/13718 (48%)]	Loss: 0.679107
Train Epoch: 3 [7200/13718 (52%)]	Loss: 0.814027
Train Epoch: 3 [7800/13718 (57%)]	Loss: 0.695283
Train Epoch: 3 [8400/13718 (61%)]	Loss: 0.725226
Train Epoch: 3 [9000/13718 (66%)]	Loss: 0.777381
Train Epoch: 3 [9600/13718 (70%)]	Loss: 0.657392
Train Epoch: 3 [10200/13718 (74%)]	Loss: 0.703548
Train Epoch: 3 [10800/13718 (79%)]	Loss: 0.531740
Train Epoch: 3 [11400/13718 (83%)]	Loss: 0.659978
Train Epoch: 3 [12000/13718 (87%)]	Loss: 0.836742
Train Epoch: 3 [12600/13718 (92%)]	Loss: 0.523796
Train Epoch: 3 [13200/13718 (96%)]	Loss: 0.788135
Test set: Average loss: 1.1286, Accuracy: 2123/3429 (61%)
Train Epoch: 4 [0/13718 (0%)]	Loss: 0.538290
Train Epoch: 4 [600/13718 (4%)]	Loss: 0.371367
Train Epoch: 4 [1200/13718 (9%)]	Loss: 0.549912
Train Epoch: 4 [1800/13718 (13%)]	Loss: 0.365369
Train Epoch: 4 [2400/13718 (17%)]	Loss: 0.649161
Train Epoch: 4 [3000/13718 (22%)]	Loss: 0.429662
Train Epoch: 4 [3600/13718 (26%)]	Loss: 0.339386
Train Epoch: 4 [4200/13718 (31%)]	Loss: 0.555465
Train Epoch: 4 [4800/13718 (35%)]	Loss: 0.562707
Train Epoch: 4 [5400/13718 (39%)]	Loss: 0.660618
Train Epoch: 4 [6000/13718 (44%)]	Loss: 0.499064
Train Epoch: 4 [6600/13718 (48%)]	Loss: 0.537068
Train Epoch: 4 [7200/13718 (52%)]	Loss: 0.713064
Train Epoch: 4 [7800/13718 (57%)]	Loss: 0.593187
Train Epoch: 4 [8400/13718 (61%)]	Loss: 0.574525
Train Epoch: 4 [9000/13718 (66%)]	Loss: 0.754854
Train Epoch: 4 [9600/13718 (70%)]	Loss: 0.530207
Train Epoch: 4 [10200/13718 (74%)]	Loss: 0.857848
Train Epoch: 4 [10800/13718 (79%)]	Loss: 0.477484
Train Epoch: 4 [11400/13718 (83%)]	Loss: 0.443052
Train Epoch: 4 [12000/13718 (87%)]	Loss: 0.532353
Train Epoch: 4 [12600/13718 (92%)]	Loss: 0.611435
Train Epoch: 4 [13200/13718 (96%)]	Loss: 0.453126
Test set: Average loss: 1.0421, Accuracy: 2243/3429 (65%)
Train Epoch: 5 [0/13718 (0%)]	Loss: 0.315333
Train Epoch: 5 [600/13718 (4%)]	Loss: 0.180657
Train Epoch: 5 [1200/13718 (9%)]	Loss: 0.264925
Train Epoch: 5 [1800/13718 (13%)]	Loss: 0.243941
Train Epoch: 5 [2400/13718 (17%)]	Loss: 0.274030
Train Epoch: 5 [3000/13718 (22%)]	Loss: 0.354243
Train Epoch: 5 [3600/13718 (26%)]	Loss: 0.268224
Train Epoch: 5 [4200/13718 (31%)]	Loss: 0.450692
Train Epoch: 5 [4800/13718 (35%)]	Loss: 0.193572
Train Epoch: 5 [5400/13718 (39%)]	Loss: 0.316659
Train Epoch: 5 [6000/13718 (44%)]	Loss: 0.225707
Train Epoch: 5 [6600/13718 (48%)]	Loss: 0.239952
Train Epoch: 5 [7200/13718 (52%)]	Loss: 0.401662
Train Epoch: 5 [7800/13718 (57%)]	Loss: 0.320373
Train Epoch: 5 [8400/13718 (61%)]	Loss: 0.297980
Train Epoch: 5 [9000/13718 (66%)]	Loss: 0.420949
Train Epoch: 5 [9600/13718 (70%)]	Loss: 0.313602
Train Epoch: 5 [10200/13718 (74%)]	Loss: 0.354647
Train Epoch: 5 [10800/13718 (79%)]	Loss: 0.374018
Train Epoch: 5 [11400/13718 (83%)]	Loss: 0.308474
Train Epoch: 5 [12000/13718 (87%)]	Loss: 0.241688
Train Epoch: 5 [12600/13718 (92%)]	Loss: 0.492645
Train Epoch: 5 [13200/13718 (96%)]	Loss: 0.293238
Test set: Average loss: 1.1860, Accuracy: 2201/3429 (64%)
Train Epoch: 6 [0/13718 (0%)]	Loss: 0.298509
Train Epoch: 6 [600/13718 (4%)]	Loss: 0.243173
Train Epoch: 6 [1200/13718 (9%)]	Loss: 0.095418
Train Epoch: 6 [1800/13718 (13%)]	Loss: 0.153620
Train Epoch: 6 [2400/13718 (17%)]	Loss: 0.153312
Train Epoch: 6 [3000/13718 (22%)]	Loss: 0.158890
Train Epoch: 6 [3600/13718 (26%)]	Loss: 0.178069
Train Epoch: 6 [4200/13718 (31%)]	Loss: 0.148872
Train Epoch: 6 [4800/13718 (35%)]	Loss: 0.075428
Train Epoch: 6 [5400/13718 (39%)]	Loss: 0.188487
Train Epoch: 6 [6000/13718 (44%)]	Loss: 0.142286
Train Epoch: 6 [6600/13718 (48%)]	Loss: 0.134032
Train Epoch: 6 [7200/13718 (52%)]	Loss: 0.487404
Train Epoch: 6 [7800/13718 (57%)]	Loss: 0.192259
Train Epoch: 6 [8400/13718 (61%)]	Loss: 0.192182
Train Epoch: 6 [9000/13718 (66%)]	Loss: 0.220087
Train Epoch: 6 [9600/13718 (70%)]	Loss: 0.277719
Train Epoch: 6 [10200/13718 (74%)]	Loss: 0.159779
Train Epoch: 6 [10800/13718 (79%)]	Loss: 0.267529
Train Epoch: 6 [11400/13718 (83%)]	Loss: 0.304485
Train Epoch: 6 [12000/13718 (87%)]	Loss: 0.188605
Train Epoch: 6 [12600/13718 (92%)]	Loss: 0.113518
Train Epoch: 6 [13200/13718 (96%)]	Loss: 0.199793
Test set: Average loss: 1.1960, Accuracy: 2286/3429 (66%)
Train Epoch: 7 [0/13718 (0%)]	Loss: 0.108518
Train Epoch: 7 [600/13718 (4%)]	Loss: 0.034340
Train Epoch: 7 [1200/13718 (9%)]	Loss: 0.117208
Train Epoch: 7 [1800/13718 (13%)]	Loss: 0.085383
Train Epoch: 7 [2400/13718 (17%)]	Loss: 0.121945
Train Epoch: 7 [3000/13718 (22%)]	Loss: 0.089136
Train Epoch: 7 [3600/13718 (26%)]	Loss: 0.143970
Train Epoch: 7 [4200/13718 (31%)]	Loss: 0.106460
Train Epoch: 7 [4800/13718 (35%)]	Loss: 0.104105
Train Epoch: 7 [5400/13718 (39%)]	Loss: 0.032226
Train Epoch: 7 [6000/13718 (44%)]	Loss: 0.112302
Train Epoch: 7 [6600/13718 (48%)]	Loss: 0.088480
Train Epoch: 7 [7200/13718 (52%)]	Loss: 0.181265
Train Epoch: 7 [7800/13718 (57%)]	Loss: 0.191169
Train Epoch: 7 [8400/13718 (61%)]	Loss: 0.102211
Train Epoch: 7 [9000/13718 (66%)]	Loss: 0.122515
Train Epoch: 7 [9600/13718 (70%)]	Loss: 0.252231
Train Epoch: 7 [10200/13718 (74%)]	Loss: 0.152367
Train Epoch: 7 [10800/13718 (79%)]	Loss: 0.196899
Train Epoch: 7 [11400/13718 (83%)]	Loss: 0.124181
Train Epoch: 7 [12000/13718 (87%)]	Loss: 0.178696
Train Epoch: 7 [12600/13718 (92%)]	Loss: 0.100317
Train Epoch: 7 [13200/13718 (96%)]	Loss: 0.107048
Test set: Average loss: 1.4561, Accuracy: 2229/3429 (65%)
Train Epoch: 8 [0/13718 (0%)]	Loss: 0.130598
Train Epoch: 8 [600/13718 (4%)]	Loss: 0.033727
Train Epoch: 8 [1200/13718 (9%)]	Loss: 0.085859
Train Epoch: 8 [1800/13718 (13%)]	Loss: 0.055226
Train Epoch: 8 [2400/13718 (17%)]	Loss: 0.031011
Train Epoch: 8 [3000/13718 (22%)]	Loss: 0.077575
Train Epoch: 8 [3600/13718 (26%)]	Loss: 0.153611
Train Epoch: 8 [4200/13718 (31%)]	Loss: 0.119150
Train Epoch: 8 [4800/13718 (35%)]	Loss: 0.088116
Train Epoch: 8 [5400/13718 (39%)]	Loss: 0.278427
Train Epoch: 8 [6000/13718 (44%)]	Loss: 0.074736
Train Epoch: 8 [6600/13718 (48%)]	Loss: 0.047288
Train Epoch: 8 [7200/13718 (52%)]	Loss: 0.055794
Train Epoch: 8 [7800/13718 (57%)]	Loss: 0.157843
Train Epoch: 8 [8400/13718 (61%)]	Loss: 0.156678
Train Epoch: 8 [9000/13718 (66%)]	Loss: 0.082505
Train Epoch: 8 [9600/13718 (70%)]	Loss: 0.052691
Train Epoch: 8 [10200/13718 (74%)]	Loss: 0.141078
Train Epoch: 8 [10800/13718 (79%)]	Loss: 0.067045
Train Epoch: 8 [11400/13718 (83%)]	Loss: 0.033351
Train Epoch: 8 [12000/13718 (87%)]	Loss: 0.116739
Train Epoch: 8 [12600/13718 (92%)]	Loss: 0.054244
Train Epoch: 8 [13200/13718 (96%)]	Loss: 0.031144
Test set: Average loss: 1.2939, Accuracy: 2374/3429 (69%)
Train Epoch: 9 [0/13718 (0%)]	Loss: 0.093992
Train Epoch: 9 [600/13718 (4%)]	Loss: 0.097280
Train Epoch: 9 [1200/13718 (9%)]	Loss: 0.052163
Train Epoch: 9 [1800/13718 (13%)]	Loss: 0.050895
Train Epoch: 9 [2400/13718 (17%)]	Loss: 0.075573
Train Epoch: 9 [3000/13718 (22%)]	Loss: 0.041723
Train Epoch: 9 [3600/13718 (26%)]	Loss: 0.058485
Train Epoch: 9 [4200/13718 (31%)]	Loss: 0.065200
Train Epoch: 9 [4800/13718 (35%)]	Loss: 0.091584
Train Epoch: 9 [5400/13718 (39%)]	Loss: 0.085595
Train Epoch: 9 [6000/13718 (44%)]	Loss: 0.022029
Train Epoch: 9 [6600/13718 (48%)]	Loss: 0.028593
Train Epoch: 9 [7200/13718 (52%)]	Loss: 0.059218
Train Epoch: 9 [7800/13718 (57%)]	Loss: 0.203606
Train Epoch: 9 [8400/13718 (61%)]	Loss: 0.024025
Train Epoch: 9 [9000/13718 (66%)]	Loss: 0.113106
Train Epoch: 9 [9600/13718 (70%)]	Loss: 0.062970
Train Epoch: 9 [10200/13718 (74%)]	Loss: 0.115063
Train Epoch: 9 [10800/13718 (79%)]	Loss: 0.042950
Train Epoch: 9 [11400/13718 (83%)]	Loss: 0.026027
Train Epoch: 9 [12000/13718 (87%)]	Loss: 0.026773
Train Epoch: 9 [12600/13718 (92%)]	Loss: 0.076233
Train Epoch: 9 [13200/13718 (96%)]	Loss: 0.221089
Test set: Average loss: 1.5106, Accuracy: 2290/3429 (66%)
Train Epoch: 10 [0/13718 (0%)]	Loss: 0.063411
Train Epoch: 10 [600/13718 (4%)]	Loss: 0.021400
Train Epoch: 10 [1200/13718 (9%)]	Loss: 0.033111
Train Epoch: 10 [1800/13718 (13%)]	Loss: 0.021118
Train Epoch: 10 [2400/13718 (17%)]	Loss: 0.086085
Train Epoch: 10 [3000/13718 (22%)]	Loss: 0.047965
Train Epoch: 10 [3600/13718 (26%)]	Loss: 0.053006
Train Epoch: 10 [4200/13718 (31%)]	Loss: 0.020613
Train Epoch: 10 [4800/13718 (35%)]	Loss: 0.032539
Train Epoch: 10 [5400/13718 (39%)]	Loss: 0.030112
Train Epoch: 10 [6000/13718 (44%)]	Loss: 0.010411
Train Epoch: 10 [6600/13718 (48%)]	Loss: 0.049885
Train Epoch: 10 [7200/13718 (52%)]	Loss: 0.057062
Train Epoch: 10 [7800/13718 (57%)]	Loss: 0.044033
Train Epoch: 10 [8400/13718 (61%)]	Loss: 0.052153
Train Epoch: 10 [9000/13718 (66%)]	Loss: 0.011124
Train Epoch: 10 [9600/13718 (70%)]	Loss: 0.007929
Train Epoch: 10 [10200/13718 (74%)]	Loss: 0.069016
Train Epoch: 10 [10800/13718 (79%)]	Loss: 0.006654
Train Epoch: 10 [11400/13718 (83%)]	Loss: 0.015429
Train Epoch: 10 [12000/13718 (87%)]	Loss: 0.023371
Train Epoch: 10 [12600/13718 (92%)]	Loss: 0.035521
Train Epoch: 10 [13200/13718 (96%)]	Loss: 0.048728
Test set: Average loss: 1.3547, Accuracy: 2442/3429 (71%)
Train Epoch: 11 [0/13718 (0%)]	Loss: 0.067529
Train Epoch: 11 [600/13718 (4%)]	Loss: 0.016501
Train Epoch: 11 [1200/13718 (9%)]	Loss: 0.069960
Train Epoch: 11 [1800/13718 (13%)]	Loss: 0.104292
Train Epoch: 11 [2400/13718 (17%)]	Loss: 0.047255
Train Epoch: 11 [3000/13718 (22%)]	Loss: 0.009179
Train Epoch: 11 [3600/13718 (26%)]	Loss: 0.061156
Train Epoch: 11 [4200/13718 (31%)]	Loss: 0.024271
Train Epoch: 11 [4800/13718 (35%)]	Loss: 0.041006
Train Epoch: 11 [5400/13718 (39%)]	Loss: 0.047576
Train Epoch: 11 [6000/13718 (44%)]	Loss: 0.058317
Train Epoch: 11 [6600/13718 (48%)]	Loss: 0.028138
Train Epoch: 11 [7200/13718 (52%)]	Loss: 0.025690
Train Epoch: 11 [7800/13718 (57%)]	Loss: 0.010668
Train Epoch: 11 [8400/13718 (61%)]	Loss: 0.030816
Train Epoch: 11 [9000/13718 (66%)]	Loss: 0.168316
Train Epoch: 11 [9600/13718 (70%)]	Loss: 0.023092
Train Epoch: 11 [10200/13718 (74%)]	Loss: 0.053663
Train Epoch: 11 [10800/13718 (79%)]	Loss: 0.049315
Train Epoch: 11 [11400/13718 (83%)]	Loss: 0.052056
Train Epoch: 11 [12000/13718 (87%)]	Loss: 0.078446
Train Epoch: 11 [12600/13718 (92%)]	Loss: 0.014031
Train Epoch: 11 [13200/13718 (96%)]	Loss: 0.067021
Test set: Average loss: 1.5316, Accuracy: 2350/3429 (68%)
Train Epoch: 12 [0/13718 (0%)]	Loss: 0.020303
Train Epoch: 12 [600/13718 (4%)]	Loss: 0.029914
Train Epoch: 12 [1200/13718 (9%)]	Loss: 0.030012
Train Epoch: 12 [1800/13718 (13%)]	Loss: 0.059767
Train Epoch: 12 [2400/13718 (17%)]	Loss: 0.036876
Train Epoch: 12 [3000/13718 (22%)]	Loss: 0.108845
Train Epoch: 12 [3600/13718 (26%)]	Loss: 0.014876
Train Epoch: 12 [4200/13718 (31%)]	Loss: 0.086422
Train Epoch: 12 [4800/13718 (35%)]	Loss: 0.033054
Train Epoch: 12 [5400/13718 (39%)]	Loss: 0.013373
Train Epoch: 12 [6000/13718 (44%)]	Loss: 0.021765
Train Epoch: 12 [6600/13718 (48%)]	Loss: 0.018147
Train Epoch: 12 [7200/13718 (52%)]	Loss: 0.070331
Train Epoch: 12 [7800/13718 (57%)]	Loss: 0.015543
Train Epoch: 12 [8400/13718 (61%)]	Loss: 0.180314
Train Epoch: 12 [9000/13718 (66%)]	Loss: 0.060945
Train Epoch: 12 [9600/13718 (70%)]	Loss: 0.049703
Train Epoch: 12 [10200/13718 (74%)]	Loss: 0.016227
Train Epoch: 12 [10800/13718 (79%)]	Loss: 0.028560
Train Epoch: 12 [11400/13718 (83%)]	Loss: 0.042393
Train Epoch: 12 [12000/13718 (87%)]	Loss: 0.013101
Train Epoch: 12 [12600/13718 (92%)]	Loss: 0.037513
Train Epoch: 12 [13200/13718 (96%)]	Loss: 0.040944
Test set: Average loss: 1.8316, Accuracy: 2208/3429 (64%)
Train Epoch: 13 [0/13718 (0%)]	Loss: 0.076340
Train Epoch: 13 [600/13718 (4%)]	Loss: 0.025862
Train Epoch: 13 [1200/13718 (9%)]	Loss: 0.079393
Train Epoch: 13 [1800/13718 (13%)]	Loss: 0.013412
Train Epoch: 13 [2400/13718 (17%)]	Loss: 0.009003
Train Epoch: 13 [3000/13718 (22%)]	Loss: 0.041158
Train Epoch: 13 [3600/13718 (26%)]	Loss: 0.035144
Train Epoch: 13 [4200/13718 (31%)]	Loss: 0.014223
Train Epoch: 13 [4800/13718 (35%)]	Loss: 0.036622
Train Epoch: 13 [5400/13718 (39%)]	Loss: 0.030989
Train Epoch: 13 [6000/13718 (44%)]	Loss: 0.005402
Train Epoch: 13 [6600/13718 (48%)]	Loss: 0.011339
Train Epoch: 13 [7200/13718 (52%)]	Loss: 0.086280
Train Epoch: 13 [7800/13718 (57%)]	Loss: 0.039526
Train Epoch: 13 [8400/13718 (61%)]	Loss: 0.056280
Train Epoch: 13 [9000/13718 (66%)]	Loss: 0.018189
Train Epoch: 13 [9600/13718 (70%)]	Loss: 0.046258
Train Epoch: 13 [10200/13718 (74%)]	Loss: 0.023415
Train Epoch: 13 [10800/13718 (79%)]	Loss: 0.010401
Train Epoch: 13 [11400/13718 (83%)]	Loss: 0.101908
Train Epoch: 13 [12000/13718 (87%)]	Loss: 0.061978
Train Epoch: 13 [12600/13718 (92%)]	Loss: 0.015748
Train Epoch: 13 [13200/13718 (96%)]	Loss: 0.054309
Test set: Average loss: 1.4909, Accuracy: 2395/3429 (69%)
Train Epoch: 14 [0/13718 (0%)]	Loss: 0.064064
Train Epoch: 14 [600/13718 (4%)]	Loss: 0.034879
Train Epoch: 14 [1200/13718 (9%)]	Loss: 0.007773
Train Epoch: 14 [1800/13718 (13%)]	Loss: 0.014788
Train Epoch: 14 [2400/13718 (17%)]	Loss: 0.003402
Train Epoch: 14 [3000/13718 (22%)]	Loss: 0.027566
Train Epoch: 14 [3600/13718 (26%)]	Loss: 0.055221
Train Epoch: 14 [4200/13718 (31%)]	Loss: 0.030632
Train Epoch: 14 [4800/13718 (35%)]	Loss: 0.035645
Train Epoch: 14 [5400/13718 (39%)]	Loss: 0.081358
Train Epoch: 14 [6000/13718 (44%)]	Loss: 0.105951
Train Epoch: 14 [6600/13718 (48%)]	Loss: 0.030660
Train Epoch: 14 [7200/13718 (52%)]	Loss: 0.023864
Train Epoch: 14 [7800/13718 (57%)]	Loss: 0.008536
Train Epoch: 14 [8400/13718 (61%)]	Loss: 0.066399
Train Epoch: 14 [9000/13718 (66%)]	Loss: 0.013180
Train Epoch: 14 [9600/13718 (70%)]	Loss: 0.074598
Train Epoch: 14 [10200/13718 (74%)]	Loss: 0.066320
Train Epoch: 14 [10800/13718 (79%)]	Loss: 0.039994
Train Epoch: 14 [11400/13718 (83%)]	Loss: 0.063661
Train Epoch: 14 [12000/13718 (87%)]	Loss: 0.070819
Train Epoch: 14 [12600/13718 (92%)]	Loss: 0.030302
Train Epoch: 14 [13200/13718 (96%)]	Loss: 0.033063
Test set: Average loss: 1.4480, Accuracy: 2395/3429 (69%)
Train Epoch: 15 [0/13718 (0%)]	Loss: 0.066780
Train Epoch: 15 [600/13718 (4%)]	Loss: 0.018328
Train Epoch: 15 [1200/13718 (9%)]	Loss: 0.003547
Train Epoch: 15 [1800/13718 (13%)]	Loss: 0.059166
Train Epoch: 15 [2400/13718 (17%)]	Loss: 0.022940
Train Epoch: 15 [3000/13718 (22%)]	Loss: 0.034668
Train Epoch: 15 [3600/13718 (26%)]	Loss: 0.062242
Train Epoch: 15 [4200/13718 (31%)]	Loss: 0.011036
Train Epoch: 15 [4800/13718 (35%)]	Loss: 0.178269
Train Epoch: 15 [5400/13718 (39%)]	Loss: 0.023339
Train Epoch: 15 [6000/13718 (44%)]	Loss: 0.069627
Train Epoch: 15 [6600/13718 (48%)]	Loss: 0.015453
Train Epoch: 15 [7200/13718 (52%)]	Loss: 0.013337
Train Epoch: 15 [7800/13718 (57%)]	Loss: 0.079473
Train Epoch: 15 [8400/13718 (61%)]	Loss: 0.042597
Train Epoch: 15 [9000/13718 (66%)]	Loss: 0.035494
Train Epoch: 15 [9600/13718 (70%)]	Loss: 0.020024
Train Epoch: 15 [10200/13718 (74%)]	Loss: 0.043828
Train Epoch: 15 [10800/13718 (79%)]	Loss: 0.019905
Train Epoch: 15 [11400/13718 (83%)]	Loss: 0.034008
Train Epoch: 15 [12000/13718 (87%)]	Loss: 0.045658
Train Epoch: 15 [12600/13718 (92%)]	Loss: 0.046560
Train Epoch: 15 [13200/13718 (96%)]	Loss: 0.055559
Test set: Average loss: 1.4191, Accuracy: 2421/3429 (70%)
Train Epoch: 16 [0/13718 (0%)]	Loss: 0.008720
Train Epoch: 16 [600/13718 (4%)]	Loss: 0.010735
Train Epoch: 16 [1200/13718 (9%)]	Loss: 0.008691
Train Epoch: 16 [1800/13718 (13%)]	Loss: 0.016349
Train Epoch: 16 [2400/13718 (17%)]	Loss: 0.006957
Train Epoch: 16 [3000/13718 (22%)]	Loss: 0.002681
Train Epoch: 16 [3600/13718 (26%)]	Loss: 0.012837
Train Epoch: 16 [4200/13718 (31%)]	Loss: 0.016912
Train Epoch: 16 [4800/13718 (35%)]	Loss: 0.021195
Train Epoch: 16 [5400/13718 (39%)]	Loss: 0.066382
Train Epoch: 16 [6000/13718 (44%)]	Loss: 0.005658
Train Epoch: 16 [6600/13718 (48%)]	Loss: 0.003306
Train Epoch: 16 [7200/13718 (52%)]	Loss: 0.017263
Train Epoch: 16 [7800/13718 (57%)]	Loss: 0.014247
Train Epoch: 16 [8400/13718 (61%)]	Loss: 0.005950
Train Epoch: 16 [9000/13718 (66%)]	Loss: 0.003566
Train Epoch: 16 [9600/13718 (70%)]	Loss: 0.001740
Train Epoch: 16 [10200/13718 (74%)]	Loss: 0.006063
Train Epoch: 16 [10800/13718 (79%)]	Loss: 0.014904
Train Epoch: 16 [11400/13718 (83%)]	Loss: 0.005098
Train Epoch: 16 [12000/13718 (87%)]	Loss: 0.017218
Train Epoch: 16 [12600/13718 (92%)]	Loss: 0.029086
Train Epoch: 16 [13200/13718 (96%)]	Loss: 0.045959
Test set: Average loss: 1.4397, Accuracy: 2431/3429 (70%)
Train Epoch: 17 [0/13718 (0%)]	Loss: 0.014409
Train Epoch: 17 [600/13718 (4%)]	Loss: 0.018483
Train Epoch: 17 [1200/13718 (9%)]	Loss: 0.001788
Train Epoch: 17 [1800/13718 (13%)]	Loss: 0.010477
Train Epoch: 17 [2400/13718 (17%)]	Loss: 0.004123
Train Epoch: 17 [3000/13718 (22%)]	Loss: 0.005329
Train Epoch: 17 [3600/13718 (26%)]	Loss: 0.001674
Train Epoch: 17 [4200/13718 (31%)]	Loss: 0.002413
Train Epoch: 17 [4800/13718 (35%)]	Loss: 0.035452
Train Epoch: 17 [5400/13718 (39%)]	Loss: 0.013193
Train Epoch: 17 [6000/13718 (44%)]	Loss: 0.051984
Train Epoch: 17 [6600/13718 (48%)]	Loss: 0.012206
Train Epoch: 17 [7200/13718 (52%)]	Loss: 0.004995
Train Epoch: 17 [7800/13718 (57%)]	Loss: 0.011081
Train Epoch: 17 [8400/13718 (61%)]	Loss: 0.003081
Train Epoch: 17 [9000/13718 (66%)]	Loss: 0.043841
Train Epoch: 17 [9600/13718 (70%)]	Loss: 0.004954
Train Epoch: 17 [10200/13718 (74%)]	Loss: 0.001293
Train Epoch: 17 [10800/13718 (79%)]	Loss: 0.002639
Train Epoch: 17 [11400/13718 (83%)]	Loss: 0.006483
Train Epoch: 17 [12000/13718 (87%)]	Loss: 0.001358
Train Epoch: 17 [12600/13718 (92%)]	Loss: 0.026892
Train Epoch: 17 [13200/13718 (96%)]	Loss: 0.011370
Test set: Average loss: 1.4420, Accuracy: 2433/3429 (70%)
Train Epoch: 18 [0/13718 (0%)]	Loss: 0.004480
Train Epoch: 18 [600/13718 (4%)]	Loss: 0.040226
Train Epoch: 18 [1200/13718 (9%)]	Loss: 0.002198
Train Epoch: 18 [1800/13718 (13%)]	Loss: 0.070164
Train Epoch: 18 [2400/13718 (17%)]	Loss: 0.018825
Train Epoch: 18 [3000/13718 (22%)]	Loss: 0.001393
Train Epoch: 18 [3600/13718 (26%)]	Loss: 0.010702
Train Epoch: 18 [4200/13718 (31%)]	Loss: 0.022936
Train Epoch: 18 [4800/13718 (35%)]	Loss: 0.023856
Train Epoch: 18 [5400/13718 (39%)]	Loss: 0.000734
Train Epoch: 18 [6000/13718 (44%)]	Loss: 0.019872
Train Epoch: 18 [6600/13718 (48%)]	Loss: 0.005175
Train Epoch: 18 [7200/13718 (52%)]	Loss: 0.006928
Train Epoch: 18 [7800/13718 (57%)]	Loss: 0.017688
Train Epoch: 18 [8400/13718 (61%)]	Loss: 0.028912
Train Epoch: 18 [9000/13718 (66%)]	Loss: 0.001794
Train Epoch: 18 [9600/13718 (70%)]	Loss: 0.004480
Train Epoch: 18 [10200/13718 (74%)]	Loss: 0.027017
Train Epoch: 18 [10800/13718 (79%)]	Loss: 0.005465
Train Epoch: 18 [11400/13718 (83%)]	Loss: 0.008102
Train Epoch: 18 [12000/13718 (87%)]	Loss: 0.002376
Train Epoch: 18 [12600/13718 (92%)]	Loss: 0.001845
Train Epoch: 18 [13200/13718 (96%)]	Loss: 0.009248
Test set: Average loss: 1.4855, Accuracy: 2466/3429 (71%)
Train Epoch: 19 [0/13718 (0%)]	Loss: 0.007517
Train Epoch: 19 [600/13718 (4%)]	Loss: 0.003819
Train Epoch: 19 [1200/13718 (9%)]	Loss: 0.003350
Train Epoch: 19 [1800/13718 (13%)]	Loss: 0.003375
Train Epoch: 19 [2400/13718 (17%)]	Loss: 0.012028
Train Epoch: 19 [3000/13718 (22%)]	Loss: 0.003040
Train Epoch: 19 [3600/13718 (26%)]	Loss: 0.001527
Train Epoch: 19 [4200/13718 (31%)]	Loss: 0.005147
Train Epoch: 19 [4800/13718 (35%)]	Loss: 0.005235
Train Epoch: 19 [5400/13718 (39%)]	Loss: 0.005888
Train Epoch: 19 [6000/13718 (44%)]	Loss: 0.002075
Train Epoch: 19 [6600/13718 (48%)]	Loss: 0.003154
Train Epoch: 19 [7200/13718 (52%)]	Loss: 0.000778
Train Epoch: 19 [7800/13718 (57%)]	Loss: 0.001745
Train Epoch: 19 [8400/13718 (61%)]	Loss: 0.003295
Train Epoch: 19 [9000/13718 (66%)]	Loss: 0.004111
Train Epoch: 19 [9600/13718 (70%)]	Loss: 0.006087
Train Epoch: 19 [10200/13718 (74%)]	Loss: 0.007914
Train Epoch: 19 [10800/13718 (79%)]	Loss: 0.002401
Train Epoch: 19 [11400/13718 (83%)]	Loss: 0.035100
Train Epoch: 19 [12000/13718 (87%)]	Loss: 0.001964
Train Epoch: 19 [12600/13718 (92%)]	Loss: 0.002908
Train Epoch: 19 [13200/13718 (96%)]	Loss: 0.031512
Test set: Average loss: 1.4590, Accuracy: 2486/3429 (72%)
Train Epoch: 20 [0/13718 (0%)]	Loss: 0.003059
Train Epoch: 20 [600/13718 (4%)]	Loss: 0.021975
Train Epoch: 20 [1200/13718 (9%)]	Loss: 0.002253
Train Epoch: 20 [1800/13718 (13%)]	Loss: 0.001528
Train Epoch: 20 [2400/13718 (17%)]	Loss: 0.002980
Train Epoch: 20 [3000/13718 (22%)]	Loss: 0.007025
Train Epoch: 20 [3600/13718 (26%)]	Loss: 0.000565
Train Epoch: 20 [4200/13718 (31%)]	Loss: 0.001849
Train Epoch: 20 [4800/13718 (35%)]	Loss: 0.001994
Train Epoch: 20 [5400/13718 (39%)]	Loss: 0.003533
Train Epoch: 20 [6000/13718 (44%)]	Loss: 0.000535
Train Epoch: 20 [6600/13718 (48%)]	Loss: 0.001782
Train Epoch: 20 [7200/13718 (52%)]	Loss: 0.001217
Train Epoch: 20 [7800/13718 (57%)]	Loss: 0.001070
Train Epoch: 20 [8400/13718 (61%)]	Loss: 0.001322
Train Epoch: 20 [9000/13718 (66%)]	Loss: 0.001690
Train Epoch: 20 [9600/13718 (70%)]	Loss: 0.018190
Train Epoch: 20 [10200/13718 (74%)]	Loss: 0.005700
Train Epoch: 20 [10800/13718 (79%)]	Loss: 0.001283
Train Epoch: 20 [11400/13718 (83%)]	Loss: 0.000267
Train Epoch: 20 [12000/13718 (87%)]	Loss: 0.016852
Train Epoch: 20 [12600/13718 (92%)]	Loss: 0.002519
Train Epoch: 20 [13200/13718 (96%)]	Loss: 0.002413
Test set: Average loss: 1.4217, Accuracy: 2492/3429 (72%)
Train Epoch: 21 [0/13718 (0%)]	Loss: 0.004698
Train Epoch: 21 [600/13718 (4%)]	Loss: 0.003688
Train Epoch: 21 [1200/13718 (9%)]	Loss: 0.000923
Train Epoch: 21 [1800/13718 (13%)]	Loss: 0.056327
Train Epoch: 21 [2400/13718 (17%)]	Loss: 0.003433
Train Epoch: 21 [3000/13718 (22%)]	Loss: 0.000578
Train Epoch: 21 [3600/13718 (26%)]	Loss: 0.000476
Train Epoch: 21 [4200/13718 (31%)]	Loss: 0.009151
Train Epoch: 21 [4800/13718 (35%)]	Loss: 0.005853
Train Epoch: 21 [5400/13718 (39%)]	Loss: 0.003631
Train Epoch: 21 [6000/13718 (44%)]	Loss: 0.002236
Train Epoch: 21 [6600/13718 (48%)]	Loss: 0.001299
Train Epoch: 21 [7200/13718 (52%)]	Loss: 0.002782
Train Epoch: 21 [7800/13718 (57%)]	Loss: 0.028421
Train Epoch: 21 [8400/13718 (61%)]	Loss: 0.002773
Train Epoch: 21 [9000/13718 (66%)]	Loss: 0.025725
Train Epoch: 21 [9600/13718 (70%)]	Loss: 0.002998
Train Epoch: 21 [10200/13718 (74%)]	Loss: 0.011524
Train Epoch: 21 [10800/13718 (79%)]	Loss: 0.001847
Train Epoch: 21 [11400/13718 (83%)]	Loss: 0.035695
Train Epoch: 21 [12000/13718 (87%)]	Loss: 0.011537
Train Epoch: 21 [12600/13718 (92%)]	Loss: 0.024082
Train Epoch: 21 [13200/13718 (96%)]	Loss: 0.037194
Test set: Average loss: 1.4702, Accuracy: 2422/3429 (70%)
Train Epoch: 22 [0/13718 (0%)]	Loss: 0.004849
Train Epoch: 22 [600/13718 (4%)]	Loss: 0.001214
Train Epoch: 22 [1200/13718 (9%)]	Loss: 0.004268
Train Epoch: 22 [1800/13718 (13%)]	Loss: 0.000721
Train Epoch: 22 [2400/13718 (17%)]	Loss: 0.005536
Train Epoch: 22 [3000/13718 (22%)]	Loss: 0.000369
Train Epoch: 22 [3600/13718 (26%)]	Loss: 0.045833
Train Epoch: 22 [4200/13718 (31%)]	Loss: 0.003722
Train Epoch: 22 [4800/13718 (35%)]	Loss: 0.011351
Train Epoch: 22 [5400/13718 (39%)]	Loss: 0.003953
Train Epoch: 22 [6000/13718 (44%)]	Loss: 0.005120
Train Epoch: 22 [6600/13718 (48%)]	Loss: 0.001452
Train Epoch: 22 [7200/13718 (52%)]	Loss: 0.001437
Train Epoch: 22 [7800/13718 (57%)]	Loss: 0.004995
Train Epoch: 22 [8400/13718 (61%)]	Loss: 0.005392
Train Epoch: 22 [9000/13718 (66%)]	Loss: 0.049980
Train Epoch: 22 [9600/13718 (70%)]	Loss: 0.007132
Train Epoch: 22 [10200/13718 (74%)]	Loss: 0.051992
Train Epoch: 22 [10800/13718 (79%)]	Loss: 0.055378
Train Epoch: 22 [11400/13718 (83%)]	Loss: 0.018629
Train Epoch: 22 [12000/13718 (87%)]	Loss: 0.040038
Train Epoch: 22 [12600/13718 (92%)]	Loss: 0.004162
Train Epoch: 22 [13200/13718 (96%)]	Loss: 0.002068
Test set: Average loss: 1.5576, Accuracy: 2445/3429 (71%)
Train Epoch: 23 [0/13718 (0%)]	Loss: 0.012664
Train Epoch: 23 [600/13718 (4%)]	Loss: 0.000697
Train Epoch: 23 [1200/13718 (9%)]	Loss: 0.002429
Train Epoch: 23 [1800/13718 (13%)]	Loss: 0.003030
Train Epoch: 23 [2400/13718 (17%)]	Loss: 0.001738
Train Epoch: 23 [3000/13718 (22%)]	Loss: 0.001915
Train Epoch: 23 [3600/13718 (26%)]	Loss: 0.006227
Train Epoch: 23 [4200/13718 (31%)]	Loss: 0.012223
Train Epoch: 23 [4800/13718 (35%)]	Loss: 0.005585
Train Epoch: 23 [5400/13718 (39%)]	Loss: 0.002363
Train Epoch: 23 [6000/13718 (44%)]	Loss: 0.000406
Train Epoch: 23 [6600/13718 (48%)]	Loss: 0.000601
Train Epoch: 23 [7200/13718 (52%)]	Loss: 0.001720
Train Epoch: 23 [7800/13718 (57%)]	Loss: 0.002723
Train Epoch: 23 [8400/13718 (61%)]	Loss: 0.003241
Train Epoch: 23 [9000/13718 (66%)]	Loss: 0.013536
Train Epoch: 23 [9600/13718 (70%)]	Loss: 0.005217
Train Epoch: 23 [10200/13718 (74%)]	Loss: 0.000272
Train Epoch: 23 [10800/13718 (79%)]	Loss: 0.002275
Train Epoch: 23 [11400/13718 (83%)]	Loss: 0.001055
Train Epoch: 23 [12000/13718 (87%)]	Loss: 0.002427
Train Epoch: 23 [12600/13718 (92%)]	Loss: 0.001177
Train Epoch: 23 [13200/13718 (96%)]	Loss: 0.001386
Test set: Average loss: 1.4953, Accuracy: 2512/3429 (73%)
Train Epoch: 24 [0/13718 (0%)]	Loss: 0.001181
Train Epoch: 24 [600/13718 (4%)]	Loss: 0.001168
Train Epoch: 24 [1200/13718 (9%)]	Loss: 0.000343
Train Epoch: 24 [1800/13718 (13%)]	Loss: 0.002131
Train Epoch: 24 [2400/13718 (17%)]	Loss: 0.000260
Train Epoch: 24 [3000/13718 (22%)]	Loss: 0.002847
Train Epoch: 24 [3600/13718 (26%)]	Loss: 0.001967
Train Epoch: 24 [4200/13718 (31%)]	Loss: 0.013253
Train Epoch: 24 [4800/13718 (35%)]	Loss: 0.000268
Train Epoch: 24 [5400/13718 (39%)]	Loss: 0.003345
Train Epoch: 24 [6000/13718 (44%)]	Loss: 0.001363
Train Epoch: 24 [6600/13718 (48%)]	Loss: 0.000722
Train Epoch: 24 [7200/13718 (52%)]	Loss: 0.000440
Train Epoch: 24 [7800/13718 (57%)]	Loss: 0.000328
Train Epoch: 24 [8400/13718 (61%)]	Loss: 0.000329
Train Epoch: 24 [9000/13718 (66%)]	Loss: 0.009847
Train Epoch: 24 [9600/13718 (70%)]	Loss: 0.001830
Train Epoch: 24 [10200/13718 (74%)]	Loss: 0.001761
Train Epoch: 24 [10800/13718 (79%)]	Loss: 0.000461
Train Epoch: 24 [11400/13718 (83%)]	Loss: 0.008024
Train Epoch: 24 [12000/13718 (87%)]	Loss: 0.002192
Train Epoch: 24 [12600/13718 (92%)]	Loss: 0.000295
Train Epoch: 24 [13200/13718 (96%)]	Loss: 0.000494
Test set: Average loss: 1.4610, Accuracy: 2537/3429 (73%)
Train Epoch: 25 [0/13718 (0%)]	Loss: 0.001488
Train Epoch: 25 [600/13718 (4%)]	Loss: 0.001238
Train Epoch: 25 [1200/13718 (9%)]	Loss: 0.001521
Train Epoch: 25 [1800/13718 (13%)]	Loss: 0.000401
Train Epoch: 25 [2400/13718 (17%)]	Loss: 0.000134
Train Epoch: 25 [3000/13718 (22%)]	Loss: 0.002028
Train Epoch: 25 [3600/13718 (26%)]	Loss: 0.000571
Train Epoch: 25 [4200/13718 (31%)]	Loss: 0.000573
Train Epoch: 25 [4800/13718 (35%)]	Loss: 0.001428
Train Epoch: 25 [5400/13718 (39%)]	Loss: 0.000246
Train Epoch: 25 [6000/13718 (44%)]	Loss: 0.001600
Train Epoch: 25 [6600/13718 (48%)]	Loss: 0.000459
Train Epoch: 25 [7200/13718 (52%)]	Loss: 0.000726
Train Epoch: 25 [7800/13718 (57%)]	Loss: 0.000268
Train Epoch: 25 [8400/13718 (61%)]	Loss: 0.000669
Train Epoch: 25 [9000/13718 (66%)]	Loss: 0.000704
Train Epoch: 25 [9600/13718 (70%)]	Loss: 0.000946
Train Epoch: 25 [10200/13718 (74%)]	Loss: 0.000446
Train Epoch: 25 [10800/13718 (79%)]	Loss: 0.000310
Train Epoch: 25 [11400/13718 (83%)]	Loss: 0.000383
Train Epoch: 25 [12000/13718 (87%)]	Loss: 0.000289
Train Epoch: 25 [12600/13718 (92%)]	Loss: 0.000110
Train Epoch: 25 [13200/13718 (96%)]	Loss: 0.000703
Test set: Average loss: 1.4688, Accuracy: 2539/3429 (74%)
Train Epoch: 26 [0/13718 (0%)]	Loss: 0.000348
Train Epoch: 26 [600/13718 (4%)]	Loss: 0.000539
Train Epoch: 26 [1200/13718 (9%)]	Loss: 0.000139
Train Epoch: 26 [1800/13718 (13%)]	Loss: 0.000299
Train Epoch: 26 [2400/13718 (17%)]	Loss: 0.000169
Train Epoch: 26 [3000/13718 (22%)]	Loss: 0.001124
Train Epoch: 26 [3600/13718 (26%)]	Loss: 0.000098
Train Epoch: 26 [4200/13718 (31%)]	Loss: 0.000174
Train Epoch: 26 [4800/13718 (35%)]	Loss: 0.000506
Train Epoch: 26 [5400/13718 (39%)]	Loss: 0.000152
Train Epoch: 26 [6000/13718 (44%)]	Loss: 0.000326
Train Epoch: 26 [6600/13718 (48%)]	Loss: 0.000444
Train Epoch: 26 [7200/13718 (52%)]	Loss: 0.000173
Train Epoch: 26 [7800/13718 (57%)]	Loss: 0.000256
Train Epoch: 26 [8400/13718 (61%)]	Loss: 0.000243
Train Epoch: 26 [9000/13718 (66%)]	Loss: 0.023178
Train Epoch: 26 [9600/13718 (70%)]	Loss: 0.000134
Train Epoch: 26 [10200/13718 (74%)]	Loss: 0.001040
Train Epoch: 26 [10800/13718 (79%)]	Loss: 0.000092
Train Epoch: 26 [11400/13718 (83%)]	Loss: 0.000154
Train Epoch: 26 [12000/13718 (87%)]	Loss: 0.000442
Train Epoch: 26 [12600/13718 (92%)]	Loss: 0.000401
Train Epoch: 26 [13200/13718 (96%)]	Loss: 0.000261
Test set: Average loss: 1.5061, Accuracy: 2544/3429 (74%)
Train Epoch: 27 [0/13718 (0%)]	Loss: 0.000322
Train Epoch: 27 [600/13718 (4%)]	Loss: 0.000403
Train Epoch: 27 [1200/13718 (9%)]	Loss: 0.000077
Train Epoch: 27 [1800/13718 (13%)]	Loss: 0.000177
Train Epoch: 27 [2400/13718 (17%)]	Loss: 0.000316
Train Epoch: 27 [3000/13718 (22%)]	Loss: 0.000559
Train Epoch: 27 [3600/13718 (26%)]	Loss: 0.000325
Train Epoch: 27 [4200/13718 (31%)]	Loss: 0.000192
Train Epoch: 27 [4800/13718 (35%)]	Loss: 0.001421
Train Epoch: 27 [5400/13718 (39%)]	Loss: 0.000231
Train Epoch: 27 [6000/13718 (44%)]	Loss: 0.000257
Train Epoch: 27 [6600/13718 (48%)]	Loss: 0.000130
Train Epoch: 27 [7200/13718 (52%)]	Loss: 0.001440
Train Epoch: 27 [7800/13718 (57%)]	Loss: 0.000133
Train Epoch: 27 [8400/13718 (61%)]	Loss: 0.000152
Train Epoch: 27 [9000/13718 (66%)]	Loss: 0.000175
Train Epoch: 27 [9600/13718 (70%)]	Loss: 0.000152
Train Epoch: 27 [10200/13718 (74%)]	Loss: 0.000289
Train Epoch: 27 [10800/13718 (79%)]	Loss: 0.000120
Train Epoch: 27 [11400/13718 (83%)]	Loss: 0.000231
Train Epoch: 27 [12000/13718 (87%)]	Loss: 0.000337
Train Epoch: 27 [12600/13718 (92%)]	Loss: 0.000302
Train Epoch: 27 [13200/13718 (96%)]	Loss: 0.000026
Test set: Average loss: 1.5095, Accuracy: 2537/3429 (73%)
Train Epoch: 28 [0/13718 (0%)]	Loss: 0.000228
Train Epoch: 28 [600/13718 (4%)]	Loss: 0.000096
Train Epoch: 28 [1200/13718 (9%)]	Loss: 0.000995
Train Epoch: 28 [1800/13718 (13%)]	Loss: 0.000106
Train Epoch: 28 [2400/13718 (17%)]	Loss: 0.000632
Train Epoch: 28 [3000/13718 (22%)]	Loss: 0.000127
Train Epoch: 28 [3600/13718 (26%)]	Loss: 0.000697
Train Epoch: 28 [4200/13718 (31%)]	Loss: 0.000195
Train Epoch: 28 [4800/13718 (35%)]	Loss: 0.000151
Train Epoch: 28 [5400/13718 (39%)]	Loss: 0.000425
Train Epoch: 28 [6000/13718 (44%)]	Loss: 0.000057
Train Epoch: 28 [6600/13718 (48%)]	Loss: 0.000320
Train Epoch: 28 [7200/13718 (52%)]	Loss: 0.000083
Train Epoch: 28 [7800/13718 (57%)]	Loss: 0.000447
Train Epoch: 28 [8400/13718 (61%)]	Loss: 0.000129
Train Epoch: 28 [9000/13718 (66%)]	Loss: 0.000171
Train Epoch: 28 [9600/13718 (70%)]	Loss: 0.000215
Train Epoch: 28 [10200/13718 (74%)]	Loss: 0.000939
Train Epoch: 28 [10800/13718 (79%)]	Loss: 0.000426
Train Epoch: 28 [11400/13718 (83%)]	Loss: 0.000194
Train Epoch: 28 [12000/13718 (87%)]	Loss: 0.000137
Train Epoch: 28 [12600/13718 (92%)]	Loss: 0.000219
Train Epoch: 28 [13200/13718 (96%)]	Loss: 0.000337
Test set: Average loss: 1.5129, Accuracy: 2545/3429 (74%)
Train Epoch: 29 [0/13718 (0%)]	Loss: 0.000305
Train Epoch: 29 [600/13718 (4%)]	Loss: 0.000657
Train Epoch: 29 [1200/13718 (9%)]	Loss: 0.000161
Train Epoch: 29 [1800/13718 (13%)]	Loss: 0.000354
Train Epoch: 29 [2400/13718 (17%)]	Loss: 0.000497
Train Epoch: 29 [3000/13718 (22%)]	Loss: 0.000092
Train Epoch: 29 [3600/13718 (26%)]	Loss: 0.000338
Train Epoch: 29 [4200/13718 (31%)]	Loss: 0.000121
Train Epoch: 29 [4800/13718 (35%)]	Loss: 0.000421
Train Epoch: 29 [5400/13718 (39%)]	Loss: 0.000247
Train Epoch: 29 [6000/13718 (44%)]	Loss: 0.000194
Train Epoch: 29 [6600/13718 (48%)]	Loss: 0.000310
Train Epoch: 29 [7200/13718 (52%)]	Loss: 0.000110
Train Epoch: 29 [7800/13718 (57%)]	Loss: 0.000410
Train Epoch: 29 [8400/13718 (61%)]	Loss: 0.000216
Train Epoch: 29 [9000/13718 (66%)]	Loss: 0.000584
Train Epoch: 29 [9600/13718 (70%)]	Loss: 0.000326
Train Epoch: 29 [10200/13718 (74%)]	Loss: 0.000286
Train Epoch: 29 [10800/13718 (79%)]	Loss: 0.000092
Train Epoch: 29 [11400/13718 (83%)]	Loss: 0.000630
Train Epoch: 29 [12000/13718 (87%)]	Loss: 0.000301
Train Epoch: 29 [12600/13718 (92%)]	Loss: 0.000101
Train Epoch: 29 [13200/13718 (96%)]	Loss: 0.000121
Test set: Average loss: 1.5388, Accuracy: 2552/3429 (74%)
Train Epoch: 30 [0/13718 (0%)]	Loss: 0.000062
Train Epoch: 30 [600/13718 (4%)]	Loss: 0.000040
Train Epoch: 30 [1200/13718 (9%)]	Loss: 0.000277
Train Epoch: 30 [1800/13718 (13%)]	Loss: 0.000209
Train Epoch: 30 [2400/13718 (17%)]	Loss: 0.000067
Train Epoch: 30 [3000/13718 (22%)]	Loss: 0.000343
Train Epoch: 30 [3600/13718 (26%)]	Loss: 0.000125
Train Epoch: 30 [4200/13718 (31%)]	Loss: 0.000178
Train Epoch: 30 [4800/13718 (35%)]	Loss: 0.000159
Train Epoch: 30 [5400/13718 (39%)]	Loss: 0.000277
Train Epoch: 30 [6000/13718 (44%)]	Loss: 0.001786
Train Epoch: 30 [6600/13718 (48%)]	Loss: 0.000569
Train Epoch: 30 [7200/13718 (52%)]	Loss: 0.000201
Train Epoch: 30 [7800/13718 (57%)]	Loss: 0.000038
Train Epoch: 30 [8400/13718 (61%)]	Loss: 0.000241
Train Epoch: 30 [9000/13718 (66%)]	Loss: 0.000544
Train Epoch: 30 [9600/13718 (70%)]	Loss: 0.000172
Train Epoch: 30 [10200/13718 (74%)]	Loss: 0.000061
Train Epoch: 30 [10800/13718 (79%)]	Loss: 0.000062
Train Epoch: 30 [11400/13718 (83%)]	Loss: 0.001521
Train Epoch: 30 [12000/13718 (87%)]	Loss: 0.000408
Train Epoch: 30 [12600/13718 (92%)]	Loss: 0.000050
Train Epoch: 30 [13200/13718 (96%)]	Loss: 0.000606
Test set: Average loss: 1.5188, Accuracy: 2542/3429 (74%)
Train Epoch: 31 [0/13718 (0%)]	Loss: 0.000176
Train Epoch: 31 [600/13718 (4%)]	Loss: 0.000088
Train Epoch: 31 [1200/13718 (9%)]	Loss: 0.000243
Train Epoch: 31 [1800/13718 (13%)]	Loss: 0.000308
Train Epoch: 31 [2400/13718 (17%)]	Loss: 0.000079
Train Epoch: 31 [3000/13718 (22%)]	Loss: 0.000091
Train Epoch: 31 [3600/13718 (26%)]	Loss: 0.000188
Train Epoch: 31 [4200/13718 (31%)]	Loss: 0.000095
Train Epoch: 31 [4800/13718 (35%)]	Loss: 0.000171
Train Epoch: 31 [5400/13718 (39%)]	Loss: 0.000788
Train Epoch: 31 [6000/13718 (44%)]	Loss: 0.000043
Train Epoch: 31 [6600/13718 (48%)]	Loss: 0.000072
Train Epoch: 31 [7200/13718 (52%)]	Loss: 0.000045
Train Epoch: 31 [7800/13718 (57%)]	Loss: 0.000097
Train Epoch: 31 [8400/13718 (61%)]	Loss: 0.000252
Train Epoch: 31 [9000/13718 (66%)]	Loss: 0.000517
Train Epoch: 31 [9600/13718 (70%)]	Loss: 0.000171
Train Epoch: 31 [10200/13718 (74%)]	Loss: 0.000055
Train Epoch: 31 [10800/13718 (79%)]	Loss: 0.000362
Train Epoch: 31 [11400/13718 (83%)]	Loss: 0.000420
Train Epoch: 31 [12000/13718 (87%)]	Loss: 0.000178
Train Epoch: 31 [12600/13718 (92%)]	Loss: 0.000111
Train Epoch: 31 [13200/13718 (96%)]	Loss: 0.001032
Test set: Average loss: 1.5467, Accuracy: 2546/3429 (74%)
Train Epoch: 32 [0/13718 (0%)]	Loss: 0.000118
Train Epoch: 32 [600/13718 (4%)]	Loss: 0.000338
Train Epoch: 32 [1200/13718 (9%)]	Loss: 0.000054
Train Epoch: 32 [1800/13718 (13%)]	Loss: 0.000115
Train Epoch: 32 [2400/13718 (17%)]	Loss: 0.000101
Train Epoch: 32 [3000/13718 (22%)]	Loss: 0.000183
Train Epoch: 32 [3600/13718 (26%)]	Loss: 0.000187
Train Epoch: 32 [4200/13718 (31%)]	Loss: 0.000042
Train Epoch: 32 [4800/13718 (35%)]	Loss: 0.000172
Train Epoch: 32 [5400/13718 (39%)]	Loss: 0.000107
Train Epoch: 32 [6000/13718 (44%)]	Loss: 0.000083
Train Epoch: 32 [6600/13718 (48%)]	Loss: 0.000313
Train Epoch: 32 [7200/13718 (52%)]	Loss: 0.000067
Train Epoch: 32 [7800/13718 (57%)]	Loss: 0.000044
Train Epoch: 32 [8400/13718 (61%)]	Loss: 0.000344
Train Epoch: 32 [9000/13718 (66%)]	Loss: 0.000108
Train Epoch: 32 [9600/13718 (70%)]	Loss: 0.000138
Train Epoch: 32 [10200/13718 (74%)]	Loss: 0.000299
Train Epoch: 32 [10800/13718 (79%)]	Loss: 0.000138
Train Epoch: 32 [11400/13718 (83%)]	Loss: 0.000158
Train Epoch: 32 [12000/13718 (87%)]	Loss: 0.000130
Train Epoch: 32 [12600/13718 (92%)]	Loss: 0.000059
Train Epoch: 32 [13200/13718 (96%)]	Loss: 0.000696
Test set: Average loss: 1.5397, Accuracy: 2544/3429 (74%)
Train Epoch: 33 [0/13718 (0%)]	Loss: 0.000138
Train Epoch: 33 [600/13718 (4%)]	Loss: 0.000060
Train Epoch: 33 [1200/13718 (9%)]	Loss: 0.000253
Train Epoch: 33 [1800/13718 (13%)]	Loss: 0.000395
Train Epoch: 33 [2400/13718 (17%)]	Loss: 0.000640
Train Epoch: 33 [3000/13718 (22%)]	Loss: 0.001152
Train Epoch: 33 [3600/13718 (26%)]	Loss: 0.000033
Train Epoch: 33 [4200/13718 (31%)]	Loss: 0.000106
Train Epoch: 33 [4800/13718 (35%)]	Loss: 0.000073
Train Epoch: 33 [5400/13718 (39%)]	Loss: 0.000083
Train Epoch: 33 [6000/13718 (44%)]	Loss: 0.000213
Train Epoch: 33 [6600/13718 (48%)]	Loss: 0.000423
Train Epoch: 33 [7200/13718 (52%)]	Loss: 0.000072
Train Epoch: 33 [7800/13718 (57%)]	Loss: 0.000164
Train Epoch: 33 [8400/13718 (61%)]	Loss: 0.000207
Train Epoch: 33 [9000/13718 (66%)]	Loss: 0.000647
Train Epoch: 33 [9600/13718 (70%)]	Loss: 0.000215
Train Epoch: 33 [10200/13718 (74%)]	Loss: 0.000051
Train Epoch: 33 [10800/13718 (79%)]	Loss: 0.000050
Train Epoch: 33 [11400/13718 (83%)]	Loss: 0.000190
Train Epoch: 33 [12000/13718 (87%)]	Loss: 0.000048
Train Epoch: 33 [12600/13718 (92%)]	Loss: 0.000139
Train Epoch: 33 [13200/13718 (96%)]	Loss: 0.000098
Test set: Average loss: 1.5483, Accuracy: 2548/3429 (74%)
Train Epoch: 34 [0/13718 (0%)]	Loss: 0.000317
Train Epoch: 34 [600/13718 (4%)]	Loss: 0.000851
Train Epoch: 34 [1200/13718 (9%)]	Loss: 0.000102
Train Epoch: 34 [1800/13718 (13%)]	Loss: 0.000104
Train Epoch: 34 [2400/13718 (17%)]	Loss: 0.000124
Train Epoch: 34 [3000/13718 (22%)]	Loss: 0.000077
Train Epoch: 34 [3600/13718 (26%)]	Loss: 0.000307
Train Epoch: 34 [4200/13718 (31%)]	Loss: 0.000307
Train Epoch: 34 [4800/13718 (35%)]	Loss: 0.000088
Train Epoch: 34 [5400/13718 (39%)]	Loss: 0.000081
Train Epoch: 34 [6000/13718 (44%)]	Loss: 0.000151
Train Epoch: 34 [6600/13718 (48%)]	Loss: 0.000209
Train Epoch: 34 [7200/13718 (52%)]	Loss: 0.000238
Train Epoch: 34 [7800/13718 (57%)]	Loss: 0.000068
Train Epoch: 34 [8400/13718 (61%)]	Loss: 0.000051
Train Epoch: 34 [9000/13718 (66%)]	Loss: 0.000044
Train Epoch: 34 [9600/13718 (70%)]	Loss: 0.000269
Train Epoch: 34 [10200/13718 (74%)]	Loss: 0.000377
Train Epoch: 34 [10800/13718 (79%)]	Loss: 0.000185
Train Epoch: 34 [11400/13718 (83%)]	Loss: 0.000075
Train Epoch: 34 [12000/13718 (87%)]	Loss: 0.020192
Train Epoch: 34 [12600/13718 (92%)]	Loss: 0.000095
Train Epoch: 34 [13200/13718 (96%)]	Loss: 0.000075
Test set: Average loss: 1.5506, Accuracy: 2554/3429 (74%)
Train Epoch: 35 [0/13718 (0%)]	Loss: 0.000059
Train Epoch: 35 [600/13718 (4%)]	Loss: 0.000103
Train Epoch: 35 [1200/13718 (9%)]	Loss: 0.000232
Train Epoch: 35 [1800/13718 (13%)]	Loss: 0.000044
Train Epoch: 35 [2400/13718 (17%)]	Loss: 0.000148
Train Epoch: 35 [3000/13718 (22%)]	Loss: 0.000111
Train Epoch: 35 [3600/13718 (26%)]	Loss: 0.000073
Train Epoch: 35 [4200/13718 (31%)]	Loss: 0.000768
Train Epoch: 35 [4800/13718 (35%)]	Loss: 0.000147
Train Epoch: 35 [5400/13718 (39%)]	Loss: 0.000106
Train Epoch: 35 [6000/13718 (44%)]	Loss: 0.000043
Train Epoch: 35 [6600/13718 (48%)]	Loss: 0.000725
Train Epoch: 35 [7200/13718 (52%)]	Loss: 0.000072
Train Epoch: 35 [7800/13718 (57%)]	Loss: 0.000038
Train Epoch: 35 [8400/13718 (61%)]	Loss: 0.000218
Train Epoch: 35 [9000/13718 (66%)]	Loss: 0.000214
Train Epoch: 35 [9600/13718 (70%)]	Loss: 0.000232
Train Epoch: 35 [10200/13718 (74%)]	Loss: 0.000104
Train Epoch: 35 [10800/13718 (79%)]	Loss: 0.000183
Train Epoch: 35 [11400/13718 (83%)]	Loss: 0.000141
Train Epoch: 35 [12000/13718 (87%)]	Loss: 0.000276
Train Epoch: 35 [12600/13718 (92%)]	Loss: 0.000055
Train Epoch: 35 [13200/13718 (96%)]	Loss: 0.000132
Test set: Average loss: 1.5526, Accuracy: 2541/3429 (74%)
Train Epoch: 36 [0/13718 (0%)]	Loss: 0.000039
Train Epoch: 36 [600/13718 (4%)]	Loss: 0.000031
Train Epoch: 36 [1200/13718 (9%)]	Loss: 0.000148
Train Epoch: 36 [1800/13718 (13%)]	Loss: 0.000075
Train Epoch: 36 [2400/13718 (17%)]	Loss: 0.000101
Train Epoch: 36 [3000/13718 (22%)]	Loss: 0.000045
Train Epoch: 36 [3600/13718 (26%)]	Loss: 0.000373
Train Epoch: 36 [4200/13718 (31%)]	Loss: 0.000044
Train Epoch: 36 [4800/13718 (35%)]	Loss: 0.000061
Train Epoch: 36 [5400/13718 (39%)]	Loss: 0.000074
Train Epoch: 36 [6000/13718 (44%)]	Loss: 0.000081
Train Epoch: 36 [6600/13718 (48%)]	Loss: 0.000095
Train Epoch: 36 [7200/13718 (52%)]	Loss: 0.000131
Train Epoch: 36 [7800/13718 (57%)]	Loss: 0.000128
Train Epoch: 36 [8400/13718 (61%)]	Loss: 0.000217
Train Epoch: 36 [9000/13718 (66%)]	Loss: 0.000059
Train Epoch: 36 [9600/13718 (70%)]	Loss: 0.000199
Train Epoch: 36 [10200/13718 (74%)]	Loss: 0.000072
Train Epoch: 36 [10800/13718 (79%)]	Loss: 0.000114
Train Epoch: 36 [11400/13718 (83%)]	Loss: 0.000188
Train Epoch: 36 [12000/13718 (87%)]	Loss: 0.000301
Train Epoch: 36 [12600/13718 (92%)]	Loss: 0.000195
Train Epoch: 36 [13200/13718 (96%)]	Loss: 0.000224
Test set: Average loss: 1.5744, Accuracy: 2555/3429 (74%)
Train Epoch: 37 [0/13718 (0%)]	Loss: 0.000034
Train Epoch: 37 [600/13718 (4%)]	Loss: 0.000048
Train Epoch: 37 [1200/13718 (9%)]	Loss: 0.000268
Train Epoch: 37 [1800/13718 (13%)]	Loss: 0.007379
Train Epoch: 37 [2400/13718 (17%)]	Loss: 0.000078
Train Epoch: 37 [3000/13718 (22%)]	Loss: 0.000123
Train Epoch: 37 [3600/13718 (26%)]	Loss: 0.000120
Train Epoch: 37 [4200/13718 (31%)]	Loss: 0.000183
Train Epoch: 37 [4800/13718 (35%)]	Loss: 0.000383
Train Epoch: 37 [5400/13718 (39%)]	Loss: 0.000221
Train Epoch: 37 [6000/13718 (44%)]	Loss: 0.000085
Train Epoch: 37 [6600/13718 (48%)]	Loss: 0.000121
Train Epoch: 37 [7200/13718 (52%)]	Loss: 0.000087
Train Epoch: 37 [7800/13718 (57%)]	Loss: 0.000129
Train Epoch: 37 [8400/13718 (61%)]	Loss: 0.000089
Train Epoch: 37 [9000/13718 (66%)]	Loss: 0.009876
Train Epoch: 37 [9600/13718 (70%)]	Loss: 0.000039
Train Epoch: 37 [10200/13718 (74%)]	Loss: 0.000024
Train Epoch: 37 [10800/13718 (79%)]	Loss: 0.000405
Train Epoch: 37 [11400/13718 (83%)]	Loss: 0.000085
Train Epoch: 37 [12000/13718 (87%)]	Loss: 0.000094
Train Epoch: 37 [12600/13718 (92%)]	Loss: 0.000151
Train Epoch: 37 [13200/13718 (96%)]	Loss: 0.016551
Test set: Average loss: 1.5654, Accuracy: 2553/3429 (74%)
Train Epoch: 38 [0/13718 (0%)]	Loss: 0.000070
Train Epoch: 38 [600/13718 (4%)]	Loss: 0.000043
Train Epoch: 38 [1200/13718 (9%)]	Loss: 0.000208
Train Epoch: 38 [1800/13718 (13%)]	Loss: 0.015352
Train Epoch: 38 [2400/13718 (17%)]	Loss: 0.000038
Train Epoch: 38 [3000/13718 (22%)]	Loss: 0.000044
Train Epoch: 38 [3600/13718 (26%)]	Loss: 0.000060
Train Epoch: 38 [4200/13718 (31%)]	Loss: 0.000190
Train Epoch: 38 [4800/13718 (35%)]	Loss: 0.000055
Train Epoch: 38 [5400/13718 (39%)]	Loss: 0.000039
Train Epoch: 38 [6000/13718 (44%)]	Loss: 0.000076
Train Epoch: 38 [6600/13718 (48%)]	Loss: 0.000068
Train Epoch: 38 [7200/13718 (52%)]	Loss: 0.000167
Train Epoch: 38 [7800/13718 (57%)]	Loss: 0.000048
Train Epoch: 38 [8400/13718 (61%)]	Loss: 0.000073
Train Epoch: 38 [9000/13718 (66%)]	Loss: 0.000248
Train Epoch: 38 [9600/13718 (70%)]	Loss: 0.000166
Train Epoch: 38 [10200/13718 (74%)]	Loss: 0.000094
Train Epoch: 38 [10800/13718 (79%)]	Loss: 0.000118
Train Epoch: 38 [11400/13718 (83%)]	Loss: 0.000268
Train Epoch: 38 [12000/13718 (87%)]	Loss: 0.000107
Train Epoch: 38 [12600/13718 (92%)]	Loss: 0.000124
Train Epoch: 38 [13200/13718 (96%)]	Loss: 0.000133
Test set: Average loss: 1.5720, Accuracy: 2553/3429 (74%)
Train Epoch: 39 [0/13718 (0%)]	Loss: 0.000072
Train Epoch: 39 [600/13718 (4%)]	Loss: 0.000060
Train Epoch: 39 [1200/13718 (9%)]	Loss: 0.000043
Train Epoch: 39 [1800/13718 (13%)]	Loss: 0.000175
Train Epoch: 39 [2400/13718 (17%)]	Loss: 0.000350
Train Epoch: 39 [3000/13718 (22%)]	Loss: 0.000090
Train Epoch: 39 [3600/13718 (26%)]	Loss: 0.000090
Train Epoch: 39 [4200/13718 (31%)]	Loss: 0.000047
Train Epoch: 39 [4800/13718 (35%)]	Loss: 0.000076
Train Epoch: 39 [5400/13718 (39%)]	Loss: 0.000168
Train Epoch: 39 [6000/13718 (44%)]	Loss: 0.000091
Train Epoch: 39 [6600/13718 (48%)]	Loss: 0.000044
Train Epoch: 39 [7200/13718 (52%)]	Loss: 0.000123
Train Epoch: 39 [7800/13718 (57%)]	Loss: 0.000099
Train Epoch: 39 [8400/13718 (61%)]	Loss: 0.000046
Train Epoch: 39 [9000/13718 (66%)]	Loss: 0.000039
Train Epoch: 39 [9600/13718 (70%)]	Loss: 0.000033
Train Epoch: 39 [10200/13718 (74%)]	Loss: 0.000037
Train Epoch: 39 [10800/13718 (79%)]	Loss: 0.000201
Train Epoch: 39 [11400/13718 (83%)]	Loss: 0.000366
Train Epoch: 39 [12000/13718 (87%)]	Loss: 0.000286
Train Epoch: 39 [12600/13718 (92%)]	Loss: 0.000026
Train Epoch: 39 [13200/13718 (96%)]	Loss: 0.000035
Test set: Average loss: 1.5517, Accuracy: 2553/3429 (74%)
Train Epoch: 40 [0/13718 (0%)]	Loss: 0.000026
Train Epoch: 40 [600/13718 (4%)]	Loss: 0.000062
Train Epoch: 40 [1200/13718 (9%)]	Loss: 0.000072
Train Epoch: 40 [1800/13718 (13%)]	Loss: 0.000179
Train Epoch: 40 [2400/13718 (17%)]	Loss: 0.000047
Train Epoch: 40 [3000/13718 (22%)]	Loss: 0.000172
Train Epoch: 40 [3600/13718 (26%)]	Loss: 0.000221
Train Epoch: 40 [4200/13718 (31%)]	Loss: 0.000346
Train Epoch: 40 [4800/13718 (35%)]	Loss: 0.000050
Train Epoch: 40 [5400/13718 (39%)]	Loss: 0.000048
Train Epoch: 40 [6000/13718 (44%)]	Loss: 0.000044
Train Epoch: 40 [6600/13718 (48%)]	Loss: 0.000064
Train Epoch: 40 [7200/13718 (52%)]	Loss: 0.000039
Train Epoch: 40 [7800/13718 (57%)]	Loss: 0.000068
Train Epoch: 40 [8400/13718 (61%)]	Loss: 0.000050
Train Epoch: 40 [9000/13718 (66%)]	Loss: 0.000087
Train Epoch: 40 [9600/13718 (70%)]	Loss: 0.000173
Train Epoch: 40 [10200/13718 (74%)]	Loss: 0.000038
Train Epoch: 40 [10800/13718 (79%)]	Loss: 0.000243
Train Epoch: 40 [11400/13718 (83%)]	Loss: 0.000131
Train Epoch: 40 [12000/13718 (87%)]	Loss: 0.000041
Train Epoch: 40 [12600/13718 (92%)]	Loss: 0.000037
Train Epoch: 40 [13200/13718 (96%)]	Loss: 0.000092
Test set: Average loss: 1.5661, Accuracy: 2555/3429 (74%)
Train Epoch: 41 [0/13718 (0%)]	Loss: 0.000028
Train Epoch: 41 [600/13718 (4%)]	Loss: 0.000256
Train Epoch: 41 [1200/13718 (9%)]	Loss: 0.000048
Train Epoch: 41 [1800/13718 (13%)]	Loss: 0.000130
Train Epoch: 41 [2400/13718 (17%)]	Loss: 0.000254
Train Epoch: 41 [3000/13718 (22%)]	Loss: 0.000216
Train Epoch: 41 [3600/13718 (26%)]	Loss: 0.000085
Train Epoch: 41 [4200/13718 (31%)]	Loss: 0.000084
Train Epoch: 41 [4800/13718 (35%)]	Loss: 0.003025
Train Epoch: 41 [5400/13718 (39%)]	Loss: 0.000057
Train Epoch: 41 [6000/13718 (44%)]	Loss: 0.000051
Train Epoch: 41 [6600/13718 (48%)]	Loss: 0.000111
Train Epoch: 41 [7200/13718 (52%)]	Loss: 0.000059
Train Epoch: 41 [7800/13718 (57%)]	Loss: 0.000110
Train Epoch: 41 [8400/13718 (61%)]	Loss: 0.000097
Train Epoch: 41 [9000/13718 (66%)]	Loss: 0.000090
Train Epoch: 41 [9600/13718 (70%)]	Loss: 0.000086
Train Epoch: 41 [10200/13718 (74%)]	Loss: 0.000157
Train Epoch: 41 [10800/13718 (79%)]	Loss: 0.000023
Train Epoch: 41 [11400/13718 (83%)]	Loss: 0.000039
Train Epoch: 41 [12000/13718 (87%)]	Loss: 0.000025
Train Epoch: 41 [12600/13718 (92%)]	Loss: 0.000062
Train Epoch: 41 [13200/13718 (96%)]	Loss: 0.000110
Test set: Average loss: 1.5734, Accuracy: 2551/3429 (74%)
Train Epoch: 42 [0/13718 (0%)]	Loss: 0.000083
Train Epoch: 42 [600/13718 (4%)]	Loss: 0.000110
Train Epoch: 42 [1200/13718 (9%)]	Loss: 0.000156
Train Epoch: 42 [1800/13718 (13%)]	Loss: 0.000830
Train Epoch: 42 [2400/13718 (17%)]	Loss: 0.000022
Train Epoch: 42 [3000/13718 (22%)]	Loss: 0.000844
Train Epoch: 42 [3600/13718 (26%)]	Loss: 0.000067
Train Epoch: 42 [4200/13718 (31%)]	Loss: 0.000065
Train Epoch: 42 [4800/13718 (35%)]	Loss: 0.000142
Train Epoch: 42 [5400/13718 (39%)]	Loss: 0.000039
Train Epoch: 42 [6000/13718 (44%)]	Loss: 0.000146
Train Epoch: 42 [6600/13718 (48%)]	Loss: 0.000042
Train Epoch: 42 [7200/13718 (52%)]	Loss: 0.000066
Train Epoch: 42 [7800/13718 (57%)]	Loss: 0.000066
Train Epoch: 42 [8400/13718 (61%)]	Loss: 0.000046
Train Epoch: 42 [9000/13718 (66%)]	Loss: 0.000067
Train Epoch: 42 [9600/13718 (70%)]	Loss: 0.000087
Train Epoch: 42 [10200/13718 (74%)]	Loss: 0.000032
Train Epoch: 42 [10800/13718 (79%)]	Loss: 0.000040
Train Epoch: 42 [11400/13718 (83%)]	Loss: 0.000047
Train Epoch: 42 [12000/13718 (87%)]	Loss: 0.000067
Train Epoch: 42 [12600/13718 (92%)]	Loss: 0.013369
Train Epoch: 42 [13200/13718 (96%)]	Loss: 0.000041
Test set: Average loss: 1.5786, Accuracy: 2558/3429 (74%)
Train Epoch: 43 [0/13718 (0%)]	Loss: 0.000139
Train Epoch: 43 [600/13718 (4%)]	Loss: 0.000211
Train Epoch: 43 [1200/13718 (9%)]	Loss: 0.000175
Train Epoch: 43 [1800/13718 (13%)]	Loss: 0.000068
Train Epoch: 43 [2400/13718 (17%)]	Loss: 0.000058
Train Epoch: 43 [3000/13718 (22%)]	Loss: 0.000203
Train Epoch: 43 [3600/13718 (26%)]	Loss: 0.000066
Train Epoch: 43 [4200/13718 (31%)]	Loss: 0.000026
Train Epoch: 43 [4800/13718 (35%)]	Loss: 0.000029
Train Epoch: 43 [5400/13718 (39%)]	Loss: 0.000061
Train Epoch: 43 [6000/13718 (44%)]	Loss: 0.000042
Train Epoch: 43 [6600/13718 (48%)]	Loss: 0.000078
Train Epoch: 43 [7200/13718 (52%)]	Loss: 0.000079
Train Epoch: 43 [7800/13718 (57%)]	Loss: 0.000141
Train Epoch: 43 [8400/13718 (61%)]	Loss: 0.000032
Train Epoch: 43 [9000/13718 (66%)]	Loss: 0.000030
Train Epoch: 43 [9600/13718 (70%)]	Loss: 0.000041
Train Epoch: 43 [10200/13718 (74%)]	Loss: 0.000020
Train Epoch: 43 [10800/13718 (79%)]	Loss: 0.000060
Train Epoch: 43 [11400/13718 (83%)]	Loss: 0.000026
Train Epoch: 43 [12000/13718 (87%)]	Loss: 0.000251
Train Epoch: 43 [12600/13718 (92%)]	Loss: 0.000036
Train Epoch: 43 [13200/13718 (96%)]	Loss: 0.000057
Test set: Average loss: 1.5884, Accuracy: 2555/3429 (74%)
Train Epoch: 44 [0/13718 (0%)]	Loss: 0.000061
Train Epoch: 44 [600/13718 (4%)]	Loss: 0.000059
Train Epoch: 44 [1200/13718 (9%)]	Loss: 0.000058
Train Epoch: 44 [1800/13718 (13%)]	Loss: 0.000086
Train Epoch: 44 [2400/13718 (17%)]	Loss: 0.000034
Train Epoch: 44 [3000/13718 (22%)]	Loss: 0.000048
Train Epoch: 44 [3600/13718 (26%)]	Loss: 0.000161
Train Epoch: 44 [4200/13718 (31%)]	Loss: 0.000092
Train Epoch: 44 [4800/13718 (35%)]	Loss: 0.000078
Train Epoch: 44 [5400/13718 (39%)]	Loss: 0.000102
Train Epoch: 44 [6000/13718 (44%)]	Loss: 0.000049
Train Epoch: 44 [6600/13718 (48%)]	Loss: 0.000026
Train Epoch: 44 [7200/13718 (52%)]	Loss: 0.000104
Train Epoch: 44 [7800/13718 (57%)]	Loss: 0.000114
Train Epoch: 44 [8400/13718 (61%)]	Loss: 0.000148
Train Epoch: 44 [9000/13718 (66%)]	Loss: 0.000169
Train Epoch: 44 [9600/13718 (70%)]	Loss: 0.000138
Train Epoch: 44 [10200/13718 (74%)]	Loss: 0.000285
Train Epoch: 44 [10800/13718 (79%)]	Loss: 0.000110
Train Epoch: 44 [11400/13718 (83%)]	Loss: 0.000083
Train Epoch: 44 [12000/13718 (87%)]	Loss: 0.000059
Train Epoch: 44 [12600/13718 (92%)]	Loss: 0.000491
Train Epoch: 44 [13200/13718 (96%)]	Loss: 0.000088
Test set: Average loss: 1.5676, Accuracy: 2542/3429 (74%)
Train Epoch: 45 [0/13718 (0%)]	Loss: 0.000036
Train Epoch: 45 [600/13718 (4%)]	Loss: 0.000035
Train Epoch: 45 [1200/13718 (9%)]	Loss: 0.000045
Train Epoch: 45 [1800/13718 (13%)]	Loss: 0.000072
Train Epoch: 45 [2400/13718 (17%)]	Loss: 0.000049
Train Epoch: 45 [3000/13718 (22%)]	Loss: 0.000082
Train Epoch: 45 [3600/13718 (26%)]	Loss: 0.000236
Train Epoch: 45 [4200/13718 (31%)]	Loss: 0.000199
Train Epoch: 45 [4800/13718 (35%)]	Loss: 0.000214
Train Epoch: 45 [5400/13718 (39%)]	Loss: 0.000067
Train Epoch: 45 [6000/13718 (44%)]	Loss: 0.000076
Train Epoch: 45 [6600/13718 (48%)]	Loss: 0.000055
Train Epoch: 45 [7200/13718 (52%)]	Loss: 0.000062
Train Epoch: 45 [7800/13718 (57%)]	Loss: 0.000179
Train Epoch: 45 [8400/13718 (61%)]	Loss: 0.001283
Train Epoch: 45 [9000/13718 (66%)]	Loss: 0.000085
Train Epoch: 45 [9600/13718 (70%)]	Loss: 0.000155
Train Epoch: 45 [10200/13718 (74%)]	Loss: 0.000057
Train Epoch: 45 [10800/13718 (79%)]	Loss: 0.000614
Train Epoch: 45 [11400/13718 (83%)]	Loss: 0.000145
Train Epoch: 45 [12000/13718 (87%)]	Loss: 0.000113
Train Epoch: 45 [12600/13718 (92%)]	Loss: 0.000305
Train Epoch: 45 [13200/13718 (96%)]	Loss: 0.000051
Test set: Average loss: 1.5989, Accuracy: 2539/3429 (74%)
Train Epoch: 46 [0/13718 (0%)]	Loss: 0.000075
Train Epoch: 46 [600/13718 (4%)]	Loss: 0.000062
Train Epoch: 46 [1200/13718 (9%)]	Loss: 0.000037
Train Epoch: 46 [1800/13718 (13%)]	Loss: 0.000207
Train Epoch: 46 [2400/13718 (17%)]	Loss: 0.000071
Train Epoch: 46 [3000/13718 (22%)]	Loss: 0.000054
Train Epoch: 46 [3600/13718 (26%)]	Loss: 0.000163
Train Epoch: 46 [4200/13718 (31%)]	Loss: 0.000104
Train Epoch: 46 [4800/13718 (35%)]	Loss: 0.000092
Train Epoch: 46 [5400/13718 (39%)]	Loss: 0.000194
Train Epoch: 46 [6000/13718 (44%)]	Loss: 0.000031
Train Epoch: 46 [6600/13718 (48%)]	Loss: 0.000065
Train Epoch: 46 [7200/13718 (52%)]	Loss: 0.000075
Train Epoch: 46 [7800/13718 (57%)]	Loss: 0.000072
Train Epoch: 46 [8400/13718 (61%)]	Loss: 0.000185
Train Epoch: 46 [9000/13718 (66%)]	Loss: 0.000273
Train Epoch: 46 [9600/13718 (70%)]	Loss: 0.000045
Train Epoch: 46 [10200/13718 (74%)]	Loss: 0.000048
Train Epoch: 46 [10800/13718 (79%)]	Loss: 0.000062
Train Epoch: 46 [11400/13718 (83%)]	Loss: 0.000152
Train Epoch: 46 [12000/13718 (87%)]	Loss: 0.000065
Train Epoch: 46 [12600/13718 (92%)]	Loss: 0.000027
Train Epoch: 46 [13200/13718 (96%)]	Loss: 0.000024
Test set: Average loss: 1.6012, Accuracy: 2539/3429 (74%)
Train Epoch: 47 [0/13718 (0%)]	Loss: 0.000044
Train Epoch: 47 [600/13718 (4%)]	Loss: 0.000139
Train Epoch: 47 [1200/13718 (9%)]	Loss: 0.000094
Train Epoch: 47 [1800/13718 (13%)]	Loss: 0.000032
Train Epoch: 47 [2400/13718 (17%)]	Loss: 0.000061
Train Epoch: 47 [3000/13718 (22%)]	Loss: 0.012276
Train Epoch: 47 [3600/13718 (26%)]	Loss: 0.000094
Train Epoch: 47 [4200/13718 (31%)]	Loss: 0.000066
Train Epoch: 47 [4800/13718 (35%)]	Loss: 0.000120
Train Epoch: 47 [5400/13718 (39%)]	Loss: 0.000122
Train Epoch: 47 [6000/13718 (44%)]	Loss: 0.022947
Train Epoch: 47 [6600/13718 (48%)]	Loss: 0.000039
Train Epoch: 47 [7200/13718 (52%)]	Loss: 0.000231
Train Epoch: 47 [7800/13718 (57%)]	Loss: 0.000100
Train Epoch: 47 [8400/13718 (61%)]	Loss: 0.000035
Train Epoch: 47 [9000/13718 (66%)]	Loss: 0.000229
Train Epoch: 47 [9600/13718 (70%)]	Loss: 0.000034
Train Epoch: 47 [10200/13718 (74%)]	Loss: 0.000055
Train Epoch: 47 [10800/13718 (79%)]	Loss: 0.000023
Train Epoch: 47 [11400/13718 (83%)]	Loss: 0.000093
Train Epoch: 47 [12000/13718 (87%)]	Loss: 0.000599
Train Epoch: 47 [12600/13718 (92%)]	Loss: 0.000025
Train Epoch: 47 [13200/13718 (96%)]	Loss: 0.000079
Test set: Average loss: 1.6162, Accuracy: 2544/3429 (74%)
Train Epoch: 48 [0/13718 (0%)]	Loss: 0.000193
Train Epoch: 48 [600/13718 (4%)]	Loss: 0.000174
Train Epoch: 48 [1200/13718 (9%)]	Loss: 0.000118
Train Epoch: 48 [1800/13718 (13%)]	Loss: 0.000199
Train Epoch: 48 [2400/13718 (17%)]	Loss: 0.000059
Train Epoch: 48 [3000/13718 (22%)]	Loss: 0.000022
Train Epoch: 48 [3600/13718 (26%)]	Loss: 0.000128
Train Epoch: 48 [4200/13718 (31%)]	Loss: 0.000057
Train Epoch: 48 [4800/13718 (35%)]	Loss: 0.000150
Train Epoch: 48 [5400/13718 (39%)]	Loss: 0.000040
Train Epoch: 48 [6000/13718 (44%)]	Loss: 0.000036
Train Epoch: 48 [6600/13718 (48%)]	Loss: 0.000122
Train Epoch: 48 [7200/13718 (52%)]	Loss: 0.000060
Train Epoch: 48 [7800/13718 (57%)]	Loss: 0.000089
Train Epoch: 48 [8400/13718 (61%)]	Loss: 0.000374
Train Epoch: 48 [9000/13718 (66%)]	Loss: 0.000049
Train Epoch: 48 [9600/13718 (70%)]	Loss: 0.000782
Train Epoch: 48 [10200/13718 (74%)]	Loss: 0.000092
Train Epoch: 48 [10800/13718 (79%)]	Loss: 0.000431
Train Epoch: 48 [11400/13718 (83%)]	Loss: 0.000061
Train Epoch: 48 [12000/13718 (87%)]	Loss: 0.000350
Train Epoch: 48 [12600/13718 (92%)]	Loss: 0.000225
Train Epoch: 48 [13200/13718 (96%)]	Loss: 0.000086
Test set: Average loss: 1.5736, Accuracy: 2545/3429 (74%)
Train Epoch: 49 [0/13718 (0%)]	Loss: 0.000044
Train Epoch: 49 [600/13718 (4%)]	Loss: 0.000080
Train Epoch: 49 [1200/13718 (9%)]	Loss: 0.000060
Train Epoch: 49 [1800/13718 (13%)]	Loss: 0.000049
Train Epoch: 49 [2400/13718 (17%)]	Loss: 0.000031
Train Epoch: 49 [3000/13718 (22%)]	Loss: 0.000322
Train Epoch: 49 [3600/13718 (26%)]	Loss: 0.000070
Train Epoch: 49 [4200/13718 (31%)]	Loss: 0.000062
Train Epoch: 49 [4800/13718 (35%)]	Loss: 0.000043
Train Epoch: 49 [5400/13718 (39%)]	Loss: 0.000022
Train Epoch: 49 [6000/13718 (44%)]	Loss: 0.000132
Train Epoch: 49 [6600/13718 (48%)]	Loss: 0.000053
Train Epoch: 49 [7200/13718 (52%)]	Loss: 0.000115
Train Epoch: 49 [7800/13718 (57%)]	Loss: 0.000130
Train Epoch: 49 [8400/13718 (61%)]	Loss: 0.000034
Train Epoch: 49 [9000/13718 (66%)]	Loss: 0.000071
Train Epoch: 49 [9600/13718 (70%)]	Loss: 0.000123
Train Epoch: 49 [10200/13718 (74%)]	Loss: 0.000061
Train Epoch: 49 [10800/13718 (79%)]	Loss: 0.000188
Train Epoch: 49 [11400/13718 (83%)]	Loss: 0.000064
Train Epoch: 49 [12000/13718 (87%)]	Loss: 0.000099
Train Epoch: 49 [12600/13718 (92%)]	Loss: 0.000022
Train Epoch: 49 [13200/13718 (96%)]	Loss: 0.000039
Test set: Average loss: 1.5950, Accuracy: 2551/3429 (74%)
Train Epoch: 50 [0/13718 (0%)]	Loss: 0.000054
Train Epoch: 50 [600/13718 (4%)]	Loss: 0.000021
Train Epoch: 50 [1200/13718 (9%)]	Loss: 0.000066
Train Epoch: 50 [1800/13718 (13%)]	Loss: 0.000026
Train Epoch: 50 [2400/13718 (17%)]	Loss: 0.000053
Train Epoch: 50 [3000/13718 (22%)]	Loss: 0.000204
Train Epoch: 50 [3600/13718 (26%)]	Loss: 0.000039
Train Epoch: 50 [4200/13718 (31%)]	Loss: 0.000039
Train Epoch: 50 [4800/13718 (35%)]	Loss: 0.000030
Train Epoch: 50 [5400/13718 (39%)]	Loss: 0.000365
Train Epoch: 50 [6000/13718 (44%)]	Loss: 0.000138
Train Epoch: 50 [6600/13718 (48%)]	Loss: 0.000091
Train Epoch: 50 [7200/13718 (52%)]	Loss: 0.000737
Train Epoch: 50 [7800/13718 (57%)]	Loss: 0.000174
Train Epoch: 50 [8400/13718 (61%)]	Loss: 0.000092
Train Epoch: 50 [9000/13718 (66%)]	Loss: 0.000201
Train Epoch: 50 [9600/13718 (70%)]	Loss: 0.000037
Train Epoch: 50 [10200/13718 (74%)]	Loss: 0.000150
Train Epoch: 50 [10800/13718 (79%)]	Loss: 0.000075
Train Epoch: 50 [11400/13718 (83%)]	Loss: 0.000590
Train Epoch: 50 [12000/13718 (87%)]	Loss: 0.000033
Train Epoch: 50 [12600/13718 (92%)]	Loss: 0.000131
Train Epoch: 50 [13200/13718 (96%)]	Loss: 0.000093
Test set: Average loss: 1.5859, Accuracy: 2546/3429 (74%)
Train Epoch: 51 [0/13718 (0%)]	Loss: 0.000357
Train Epoch: 51 [600/13718 (4%)]	Loss: 0.000070
Train Epoch: 51 [1200/13718 (9%)]	Loss: 0.000052
Train Epoch: 51 [1800/13718 (13%)]	Loss: 0.000082
Train Epoch: 51 [2400/13718 (17%)]	Loss: 0.000120
Train Epoch: 51 [3000/13718 (22%)]	Loss: 0.000019
Train Epoch: 51 [3600/13718 (26%)]	Loss: 0.000051
Train Epoch: 51 [4200/13718 (31%)]	Loss: 0.000055
Train Epoch: 51 [4800/13718 (35%)]	Loss: 0.000055
Train Epoch: 51 [5400/13718 (39%)]	Loss: 0.000487
Train Epoch: 51 [6000/13718 (44%)]	Loss: 0.000051
Train Epoch: 51 [6600/13718 (48%)]	Loss: 0.000023
Train Epoch: 51 [7200/13718 (52%)]	Loss: 0.000018
Train Epoch: 51 [7800/13718 (57%)]	Loss: 0.000099
Train Epoch: 51 [8400/13718 (61%)]	Loss: 0.000135
Train Epoch: 51 [9000/13718 (66%)]	Loss: 0.000047
Train Epoch: 51 [9600/13718 (70%)]	Loss: 0.000432
Train Epoch: 51 [10200/13718 (74%)]	Loss: 0.000051
Train Epoch: 51 [10800/13718 (79%)]	Loss: 0.000053
Train Epoch: 51 [11400/13718 (83%)]	Loss: 0.000041
Train Epoch: 51 [12000/13718 (87%)]	Loss: 0.000118
Train Epoch: 51 [12600/13718 (92%)]	Loss: 0.000074
Train Epoch: 51 [13200/13718 (96%)]	Loss: 0.000140
Test set: Average loss: 1.5876, Accuracy: 2546/3429 (74%)
Train Epoch: 52 [0/13718 (0%)]	Loss: 0.000050
Train Epoch: 52 [600/13718 (4%)]	Loss: 0.000191
Train Epoch: 52 [1200/13718 (9%)]	Loss: 0.000122
Train Epoch: 52 [1800/13718 (13%)]	Loss: 0.000033
Train Epoch: 52 [2400/13718 (17%)]	Loss: 0.000021
Train Epoch: 52 [3000/13718 (22%)]	Loss: 0.000080
Train Epoch: 52 [3600/13718 (26%)]	Loss: 0.000038
Train Epoch: 52 [4200/13718 (31%)]	Loss: 0.000033
Train Epoch: 52 [4800/13718 (35%)]	Loss: 0.000054
Train Epoch: 52 [5400/13718 (39%)]	Loss: 0.000045
Train Epoch: 52 [6000/13718 (44%)]	Loss: 0.000025
Train Epoch: 52 [6600/13718 (48%)]	Loss: 0.000069
Train Epoch: 52 [7200/13718 (52%)]	Loss: 0.000088
Train Epoch: 52 [7800/13718 (57%)]	Loss: 0.000212
Train Epoch: 52 [8400/13718 (61%)]	Loss: 0.000050
Train Epoch: 52 [9000/13718 (66%)]	Loss: 0.000310
Train Epoch: 52 [9600/13718 (70%)]	Loss: 0.000587
Train Epoch: 52 [10200/13718 (74%)]	Loss: 0.000204
Train Epoch: 52 [10800/13718 (79%)]	Loss: 0.000095
Train Epoch: 52 [11400/13718 (83%)]	Loss: 0.000496
Train Epoch: 52 [12000/13718 (87%)]	Loss: 0.000338
Train Epoch: 52 [12600/13718 (92%)]	Loss: 0.000024
Train Epoch: 52 [13200/13718 (96%)]	Loss: 0.000052
Test set: Average loss: 1.5948, Accuracy: 2542/3429 (74%)
Train Epoch: 53 [0/13718 (0%)]	Loss: 0.000034
Train Epoch: 53 [600/13718 (4%)]	Loss: 0.000090
Train Epoch: 53 [1200/13718 (9%)]	Loss: 0.000044
Train Epoch: 53 [1800/13718 (13%)]	Loss: 0.000151
Train Epoch: 53 [2400/13718 (17%)]	Loss: 0.000062
Train Epoch: 53 [3000/13718 (22%)]	Loss: 0.000234
Train Epoch: 53 [3600/13718 (26%)]	Loss: 0.000106
Train Epoch: 53 [4200/13718 (31%)]	Loss: 0.000158
Train Epoch: 53 [4800/13718 (35%)]	Loss: 0.000104
Train Epoch: 53 [5400/13718 (39%)]	Loss: 0.000046
Train Epoch: 53 [6000/13718 (44%)]	Loss: 0.000074
Train Epoch: 53 [6600/13718 (48%)]	Loss: 0.000062
Train Epoch: 53 [7200/13718 (52%)]	Loss: 0.000058
Train Epoch: 53 [7800/13718 (57%)]	Loss: 0.000052
Train Epoch: 53 [8400/13718 (61%)]	Loss: 0.000062
Train Epoch: 53 [9000/13718 (66%)]	Loss: 0.000074
Train Epoch: 53 [9600/13718 (70%)]	Loss: 0.000054
Train Epoch: 53 [10200/13718 (74%)]	Loss: 0.000050
Train Epoch: 53 [10800/13718 (79%)]	Loss: 0.000033
Train Epoch: 53 [11400/13718 (83%)]	Loss: 0.000023
Train Epoch: 53 [12000/13718 (87%)]	Loss: 0.000103
Train Epoch: 53 [12600/13718 (92%)]	Loss: 0.000130
Train Epoch: 53 [13200/13718 (96%)]	Loss: 0.000090
Test set: Average loss: 1.6195, Accuracy: 2547/3429 (74%)
Train Epoch: 54 [0/13718 (0%)]	Loss: 0.000073
Train Epoch: 54 [600/13718 (4%)]	Loss: 0.000061
Train Epoch: 54 [1200/13718 (9%)]	Loss: 0.000068
Train Epoch: 54 [1800/13718 (13%)]	Loss: 0.000032
Train Epoch: 54 [2400/13718 (17%)]	Loss: 0.000020
Train Epoch: 54 [3000/13718 (22%)]	Loss: 0.000038
Train Epoch: 54 [3600/13718 (26%)]	Loss: 0.000459
Train Epoch: 54 [4200/13718 (31%)]	Loss: 0.000030
Train Epoch: 54 [4800/13718 (35%)]	Loss: 0.000083
Train Epoch: 54 [5400/13718 (39%)]	Loss: 0.000046
Train Epoch: 54 [6000/13718 (44%)]	Loss: 0.000078
Train Epoch: 54 [6600/13718 (48%)]	Loss: 0.000044
Train Epoch: 54 [7200/13718 (52%)]	Loss: 0.000016
Train Epoch: 54 [7800/13718 (57%)]	Loss: 0.000093
Train Epoch: 54 [8400/13718 (61%)]	Loss: 0.000058
Train Epoch: 54 [9000/13718 (66%)]	Loss: 0.000099
Train Epoch: 54 [9600/13718 (70%)]	Loss: 0.000095
Train Epoch: 54 [10200/13718 (74%)]	Loss: 0.000288
Train Epoch: 54 [10800/13718 (79%)]	Loss: 0.000052
Train Epoch: 54 [11400/13718 (83%)]	Loss: 0.000061
Train Epoch: 54 [12000/13718 (87%)]	Loss: 0.000030
Train Epoch: 54 [12600/13718 (92%)]	Loss: 0.000171
Train Epoch: 54 [13200/13718 (96%)]	Loss: 0.000035
Test set: Average loss: 1.6033, Accuracy: 2551/3429 (74%)
Train Epoch: 55 [0/13718 (0%)]	Loss: 0.000070
Train Epoch: 55 [600/13718 (4%)]	Loss: 0.000396
Train Epoch: 55 [1200/13718 (9%)]	Loss: 0.000519
Train Epoch: 55 [1800/13718 (13%)]	Loss: 0.000101
Train Epoch: 55 [2400/13718 (17%)]	Loss: 0.000025
Train Epoch: 55 [3000/13718 (22%)]	Loss: 0.000125
Train Epoch: 55 [3600/13718 (26%)]	Loss: 0.000032
Train Epoch: 55 [4200/13718 (31%)]	Loss: 0.000082
Train Epoch: 55 [4800/13718 (35%)]	Loss: 0.000072
Train Epoch: 55 [5400/13718 (39%)]	Loss: 0.000049
Train Epoch: 55 [6000/13718 (44%)]	Loss: 0.000055
Train Epoch: 55 [6600/13718 (48%)]	Loss: 0.000027
Train Epoch: 55 [7200/13718 (52%)]	Loss: 0.000027
Train Epoch: 55 [7800/13718 (57%)]	Loss: 0.000085
Train Epoch: 55 [8400/13718 (61%)]	Loss: 0.000105
Train Epoch: 55 [9000/13718 (66%)]	Loss: 0.000036
Train Epoch: 55 [9600/13718 (70%)]	Loss: 0.000081
Train Epoch: 55 [10200/13718 (74%)]	Loss: 0.000039
Train Epoch: 55 [10800/13718 (79%)]	Loss: 0.000079
Train Epoch: 55 [11400/13718 (83%)]	Loss: 0.000123
Train Epoch: 55 [12000/13718 (87%)]	Loss: 0.000033
Train Epoch: 55 [12600/13718 (92%)]	Loss: 0.000237
Train Epoch: 55 [13200/13718 (96%)]	Loss: 0.000041
Test set: Average loss: 1.5956, Accuracy: 2555/3429 (74%)
Train Epoch: 56 [0/13718 (0%)]	Loss: 0.000160
Train Epoch: 56 [600/13718 (4%)]	Loss: 0.000173
Train Epoch: 56 [1200/13718 (9%)]	Loss: 0.000058
Train Epoch: 56 [1800/13718 (13%)]	Loss: 0.019427
Train Epoch: 56 [2400/13718 (17%)]	Loss: 0.000073
Train Epoch: 56 [3000/13718 (22%)]	Loss: 0.000070
Train Epoch: 56 [3600/13718 (26%)]	Loss: 0.000105
Train Epoch: 56 [4200/13718 (31%)]	Loss: 0.000066
Train Epoch: 56 [4800/13718 (35%)]	Loss: 0.000012
Train Epoch: 56 [5400/13718 (39%)]	Loss: 0.000095
Train Epoch: 56 [6000/13718 (44%)]	Loss: 0.000058
Train Epoch: 56 [6600/13718 (48%)]	Loss: 0.000113
Train Epoch: 56 [7200/13718 (52%)]	Loss: 0.000165
Train Epoch: 56 [7800/13718 (57%)]	Loss: 0.000021
Train Epoch: 56 [8400/13718 (61%)]	Loss: 0.000055
Train Epoch: 56 [9000/13718 (66%)]	Loss: 0.000018
Train Epoch: 56 [9600/13718 (70%)]	Loss: 0.000030
Train Epoch: 56 [10200/13718 (74%)]	Loss: 0.000026
Train Epoch: 56 [10800/13718 (79%)]	Loss: 0.000091
Train Epoch: 56 [11400/13718 (83%)]	Loss: 0.000155
Train Epoch: 56 [12000/13718 (87%)]	Loss: 0.000114
Train Epoch: 56 [12600/13718 (92%)]	Loss: 0.000020
Train Epoch: 56 [13200/13718 (96%)]	Loss: 0.000025
Test set: Average loss: 1.5933, Accuracy: 2561/3429 (74%)
Train Epoch: 57 [0/13718 (0%)]	Loss: 0.000027
Train Epoch: 57 [600/13718 (4%)]	Loss: 0.000349
Train Epoch: 57 [1200/13718 (9%)]	Loss: 0.000050
Train Epoch: 57 [1800/13718 (13%)]	Loss: 0.000080
Train Epoch: 57 [2400/13718 (17%)]	Loss: 0.000030
Train Epoch: 57 [3000/13718 (22%)]	Loss: 0.000041
Train Epoch: 57 [3600/13718 (26%)]	Loss: 0.000142
Train Epoch: 57 [4200/13718 (31%)]	Loss: 0.000042
Train Epoch: 57 [4800/13718 (35%)]	Loss: 0.000115
Train Epoch: 57 [5400/13718 (39%)]	Loss: 0.000026
Train Epoch: 57 [6000/13718 (44%)]	Loss: 0.000035
Train Epoch: 57 [6600/13718 (48%)]	Loss: 0.000031
Train Epoch: 57 [7200/13718 (52%)]	Loss: 0.000050
Train Epoch: 57 [7800/13718 (57%)]	Loss: 0.012087
Train Epoch: 57 [8400/13718 (61%)]	Loss: 0.000066
Train Epoch: 57 [9000/13718 (66%)]	Loss: 0.000024
Train Epoch: 57 [9600/13718 (70%)]	Loss: 0.000356
Train Epoch: 57 [10200/13718 (74%)]	Loss: 0.000022
Train Epoch: 57 [10800/13718 (79%)]	Loss: 0.000147
Train Epoch: 57 [11400/13718 (83%)]	Loss: 0.000076
Train Epoch: 57 [12000/13718 (87%)]	Loss: 0.000190
Train Epoch: 57 [12600/13718 (92%)]	Loss: 0.000161
Train Epoch: 57 [13200/13718 (96%)]	Loss: 0.000093
Test set: Average loss: 1.5960, Accuracy: 2559/3429 (74%)
Train Epoch: 58 [0/13718 (0%)]	Loss: 0.000021
Train Epoch: 58 [600/13718 (4%)]	Loss: 0.000089
Train Epoch: 58 [1200/13718 (9%)]	Loss: 0.000093
Train Epoch: 58 [1800/13718 (13%)]	Loss: 0.000010
Train Epoch: 58 [2400/13718 (17%)]	Loss: 0.000010
Train Epoch: 58 [3000/13718 (22%)]	Loss: 0.000141
Train Epoch: 58 [3600/13718 (26%)]	Loss: 0.000189
Train Epoch: 58 [4200/13718 (31%)]	Loss: 0.000077
Train Epoch: 58 [4800/13718 (35%)]	Loss: 0.000121
Train Epoch: 58 [5400/13718 (39%)]	Loss: 0.000143
Train Epoch: 58 [6000/13718 (44%)]	Loss: 0.000039
Train Epoch: 58 [6600/13718 (48%)]	Loss: 0.000102
Train Epoch: 58 [7200/13718 (52%)]	Loss: 0.000129
Train Epoch: 58 [7800/13718 (57%)]	Loss: 0.000032
Train Epoch: 58 [8400/13718 (61%)]	Loss: 0.000043
Train Epoch: 58 [9000/13718 (66%)]	Loss: 0.000025
Train Epoch: 58 [9600/13718 (70%)]	Loss: 0.000049
Train Epoch: 58 [10200/13718 (74%)]	Loss: 0.000013
Train Epoch: 58 [10800/13718 (79%)]	Loss: 0.000050
Train Epoch: 58 [11400/13718 (83%)]	Loss: 0.000051
Train Epoch: 58 [12000/13718 (87%)]	Loss: 0.000021
Train Epoch: 58 [12600/13718 (92%)]	Loss: 0.000052
Train Epoch: 58 [13200/13718 (96%)]	Loss: 0.000050
Test set: Average loss: 1.6105, Accuracy: 2559/3429 (74%)
Train Epoch: 59 [0/13718 (0%)]	Loss: 0.000039
Train Epoch: 59 [600/13718 (4%)]	Loss: 0.000099
Train Epoch: 59 [1200/13718 (9%)]	Loss: 0.000070
Train Epoch: 59 [1800/13718 (13%)]	Loss: 0.000033
Train Epoch: 59 [2400/13718 (17%)]	Loss: 0.000016
Train Epoch: 59 [3000/13718 (22%)]	Loss: 0.000069
Train Epoch: 59 [3600/13718 (26%)]	Loss: 0.000046
Train Epoch: 59 [4200/13718 (31%)]	Loss: 0.000080
Train Epoch: 59 [4800/13718 (35%)]	Loss: 0.000071
Train Epoch: 59 [5400/13718 (39%)]	Loss: 0.000061
Train Epoch: 59 [6000/13718 (44%)]	Loss: 0.000062
Train Epoch: 59 [6600/13718 (48%)]	Loss: 0.000030
Train Epoch: 59 [7200/13718 (52%)]	Loss: 0.000041
Train Epoch: 59 [7800/13718 (57%)]	Loss: 0.000027
Train Epoch: 59 [8400/13718 (61%)]	Loss: 0.000021
Train Epoch: 59 [9000/13718 (66%)]	Loss: 0.000015
Train Epoch: 59 [9600/13718 (70%)]	Loss: 0.000029
Train Epoch: 59 [10200/13718 (74%)]	Loss: 0.000014
Train Epoch: 59 [10800/13718 (79%)]	Loss: 0.000032
Train Epoch: 59 [11400/13718 (83%)]	Loss: 0.000063
Train Epoch: 59 [12000/13718 (87%)]	Loss: 0.000102
Train Epoch: 59 [12600/13718 (92%)]	Loss: 0.000038
Train Epoch: 59 [13200/13718 (96%)]	Loss: 0.000021
Test set: Average loss: 1.6099, Accuracy: 2551/3429 (74%)
Train Epoch: 60 [0/13718 (0%)]	Loss: 0.000057
Train Epoch: 60 [600/13718 (4%)]	Loss: 0.000016
Train Epoch: 60 [1200/13718 (9%)]	Loss: 0.000047
Train Epoch: 60 [1800/13718 (13%)]	Loss: 0.000100
Train Epoch: 60 [2400/13718 (17%)]	Loss: 0.000036
Train Epoch: 60 [3000/13718 (22%)]	Loss: 0.001098
Train Epoch: 60 [3600/13718 (26%)]	Loss: 0.000088
Train Epoch: 60 [4200/13718 (31%)]	Loss: 0.000164
Train Epoch: 60 [4800/13718 (35%)]	Loss: 0.000118
Train Epoch: 60 [5400/13718 (39%)]	Loss: 0.000068
Train Epoch: 60 [6000/13718 (44%)]	Loss: 0.000028
Train Epoch: 60 [6600/13718 (48%)]	Loss: 0.000095
Train Epoch: 60 [7200/13718 (52%)]	Loss: 0.000013
Train Epoch: 60 [7800/13718 (57%)]	Loss: 0.000032
Train Epoch: 60 [8400/13718 (61%)]	Loss: 0.000152
Train Epoch: 60 [9000/13718 (66%)]	Loss: 0.000025
Train Epoch: 60 [9600/13718 (70%)]	Loss: 0.000038
Train Epoch: 60 [10200/13718 (74%)]	Loss: 0.000061
Train Epoch: 60 [10800/13718 (79%)]	Loss: 0.000177
Train Epoch: 60 [11400/13718 (83%)]	Loss: 0.000050
Train Epoch: 60 [12000/13718 (87%)]	Loss: 0.000035
Train Epoch: 60 [12600/13718 (92%)]	Loss: 0.000047
Train Epoch: 60 [13200/13718 (96%)]	Loss: 0.000038
Test set: Average loss: 1.5997, Accuracy: 2569/3429 (74%)
