getting datasets
finished
trainning pant_length_labels:
Train Epoch: 1 [0/5968 (0%)]	Loss: 1.802211
Train Epoch: 1 [600/5968 (10%)]	Loss: 1.723850
Train Epoch: 1 [1200/5968 (20%)]	Loss: 1.730946
Train Epoch: 1 [1800/5968 (30%)]	Loss: 1.621437
Train Epoch: 1 [2400/5968 (40%)]	Loss: 1.365178
Train Epoch: 1 [3000/5968 (50%)]	Loss: 1.379625
Train Epoch: 1 [3600/5968 (60%)]	Loss: 1.340937
Train Epoch: 1 [4200/5968 (70%)]	Loss: 1.211024
Train Epoch: 1 [4800/5968 (80%)]	Loss: 1.084964
Train Epoch: 1 [5400/5968 (90%)]	Loss: 1.242896
Test set: Average loss: 1.3936, Accuracy: 667/1492 (44%)
Train Epoch: 2 [0/5968 (0%)]	Loss: 0.977064
Train Epoch: 2 [600/5968 (10%)]	Loss: 1.091911
Train Epoch: 2 [1200/5968 (20%)]	Loss: 1.000640
Train Epoch: 2 [1800/5968 (30%)]	Loss: 0.813485
Train Epoch: 2 [2400/5968 (40%)]	Loss: 0.807406
Train Epoch: 2 [3000/5968 (50%)]	Loss: 1.010077
Train Epoch: 2 [3600/5968 (60%)]	Loss: 0.815363
Train Epoch: 2 [4200/5968 (70%)]	Loss: 0.897760
Train Epoch: 2 [4800/5968 (80%)]	Loss: 0.873716
Train Epoch: 2 [5400/5968 (90%)]	Loss: 0.834438
Test set: Average loss: 1.6579, Accuracy: 540/1492 (36%)
Train Epoch: 3 [0/5968 (0%)]	Loss: 0.874409
Train Epoch: 3 [600/5968 (10%)]	Loss: 0.776902
Train Epoch: 3 [1200/5968 (20%)]	Loss: 0.762168
Train Epoch: 3 [1800/5968 (30%)]	Loss: 0.648970
Train Epoch: 3 [2400/5968 (40%)]	Loss: 0.574138
Train Epoch: 3 [3000/5968 (50%)]	Loss: 0.900586
Train Epoch: 3 [3600/5968 (60%)]	Loss: 0.931172
Train Epoch: 3 [4200/5968 (70%)]	Loss: 0.688228
Train Epoch: 3 [4800/5968 (80%)]	Loss: 0.595688
Train Epoch: 3 [5400/5968 (90%)]	Loss: 0.560604
Test set: Average loss: 0.9569, Accuracy: 956/1492 (64%)
Train Epoch: 4 [0/5968 (0%)]	Loss: 0.608790
Train Epoch: 4 [600/5968 (10%)]	Loss: 0.510806
Train Epoch: 4 [1200/5968 (20%)]	Loss: 0.431695
Train Epoch: 4 [1800/5968 (30%)]	Loss: 0.483358
Train Epoch: 4 [2400/5968 (40%)]	Loss: 0.465887
Train Epoch: 4 [3000/5968 (50%)]	Loss: 0.394474
Train Epoch: 4 [3600/5968 (60%)]	Loss: 0.541483
Train Epoch: 4 [4200/5968 (70%)]	Loss: 0.451687
Train Epoch: 4 [4800/5968 (80%)]	Loss: 0.514031
Train Epoch: 4 [5400/5968 (90%)]	Loss: 0.566653
Test set: Average loss: 1.1306, Accuracy: 881/1492 (59%)
Train Epoch: 5 [0/5968 (0%)]	Loss: 0.427117
Train Epoch: 5 [600/5968 (10%)]	Loss: 0.421104
Train Epoch: 5 [1200/5968 (20%)]	Loss: 0.357213
Train Epoch: 5 [1800/5968 (30%)]	Loss: 0.422676
Train Epoch: 5 [2400/5968 (40%)]	Loss: 0.415175
Train Epoch: 5 [3000/5968 (50%)]	Loss: 0.198920
Train Epoch: 5 [3600/5968 (60%)]	Loss: 0.170328
Train Epoch: 5 [4200/5968 (70%)]	Loss: 0.331797
Train Epoch: 5 [4800/5968 (80%)]	Loss: 0.354109
Train Epoch: 5 [5400/5968 (90%)]	Loss: 0.345722
Test set: Average loss: 1.0198, Accuracy: 945/1492 (63%)
Train Epoch: 6 [0/5968 (0%)]	Loss: 0.201655
Train Epoch: 6 [600/5968 (10%)]	Loss: 0.129464
Train Epoch: 6 [1200/5968 (20%)]	Loss: 0.083089
Train Epoch: 6 [1800/5968 (30%)]	Loss: 0.093475
Train Epoch: 6 [2400/5968 (40%)]	Loss: 0.114121
Train Epoch: 6 [3000/5968 (50%)]	Loss: 0.356292
Train Epoch: 6 [3600/5968 (60%)]	Loss: 0.196547
Train Epoch: 6 [4200/5968 (70%)]	Loss: 0.278755
Train Epoch: 6 [4800/5968 (80%)]	Loss: 0.242505
Train Epoch: 6 [5400/5968 (90%)]	Loss: 0.226663
Test set: Average loss: 1.1967, Accuracy: 941/1492 (63%)
Train Epoch: 7 [0/5968 (0%)]	Loss: 0.269615
Train Epoch: 7 [600/5968 (10%)]	Loss: 0.162618
Train Epoch: 7 [1200/5968 (20%)]	Loss: 0.141869
Train Epoch: 7 [1800/5968 (30%)]	Loss: 0.036292
Train Epoch: 7 [2400/5968 (40%)]	Loss: 0.075333
Train Epoch: 7 [3000/5968 (50%)]	Loss: 0.124538
Train Epoch: 7 [3600/5968 (60%)]	Loss: 0.156699
Train Epoch: 7 [4200/5968 (70%)]	Loss: 0.208590
Train Epoch: 7 [4800/5968 (80%)]	Loss: 0.119513
Train Epoch: 7 [5400/5968 (90%)]	Loss: 0.060845
Test set: Average loss: 1.0934, Accuracy: 988/1492 (66%)
Train Epoch: 8 [0/5968 (0%)]	Loss: 0.078141
Train Epoch: 8 [600/5968 (10%)]	Loss: 0.146914
Train Epoch: 8 [1200/5968 (20%)]	Loss: 0.028523
Train Epoch: 8 [1800/5968 (30%)]	Loss: 0.099867
Train Epoch: 8 [2400/5968 (40%)]	Loss: 0.083485
Train Epoch: 8 [3000/5968 (50%)]	Loss: 0.190137
Train Epoch: 8 [3600/5968 (60%)]	Loss: 0.110684
Train Epoch: 8 [4200/5968 (70%)]	Loss: 0.061811
Train Epoch: 8 [4800/5968 (80%)]	Loss: 0.065216
Train Epoch: 8 [5400/5968 (90%)]	Loss: 0.097396
Test set: Average loss: 1.1080, Accuracy: 1042/1492 (69%)
Train Epoch: 9 [0/5968 (0%)]	Loss: 0.056036
Train Epoch: 9 [600/5968 (10%)]	Loss: 0.038909
Train Epoch: 9 [1200/5968 (20%)]	Loss: 0.011146
Train Epoch: 9 [1800/5968 (30%)]	Loss: 0.030892
Train Epoch: 9 [2400/5968 (40%)]	Loss: 0.066153
Train Epoch: 9 [3000/5968 (50%)]	Loss: 0.034137
Train Epoch: 9 [3600/5968 (60%)]	Loss: 0.038017
Train Epoch: 9 [4200/5968 (70%)]	Loss: 0.096469
Train Epoch: 9 [4800/5968 (80%)]	Loss: 0.051758
Train Epoch: 9 [5400/5968 (90%)]	Loss: 0.034776
Test set: Average loss: 1.3864, Accuracy: 961/1492 (64%)
Train Epoch: 10 [0/5968 (0%)]	Loss: 0.034632
Train Epoch: 10 [600/5968 (10%)]	Loss: 0.018567
Train Epoch: 10 [1200/5968 (20%)]	Loss: 0.012552
Train Epoch: 10 [1800/5968 (30%)]	Loss: 0.053094
Train Epoch: 10 [2400/5968 (40%)]	Loss: 0.084357
Train Epoch: 10 [3000/5968 (50%)]	Loss: 0.012951
Train Epoch: 10 [3600/5968 (60%)]	Loss: 0.169689
Train Epoch: 10 [4200/5968 (70%)]	Loss: 0.017237
Train Epoch: 10 [4800/5968 (80%)]	Loss: 0.149500
Train Epoch: 10 [5400/5968 (90%)]	Loss: 0.095657
Test set: Average loss: 1.2005, Accuracy: 1014/1492 (67%)
Train Epoch: 11 [0/5968 (0%)]	Loss: 0.015415
Train Epoch: 11 [600/5968 (10%)]	Loss: 0.048374
Train Epoch: 11 [1200/5968 (20%)]	Loss: 0.051108
Train Epoch: 11 [1800/5968 (30%)]	Loss: 0.056980
Train Epoch: 11 [2400/5968 (40%)]	Loss: 0.036371
Train Epoch: 11 [3000/5968 (50%)]	Loss: 0.020162
Train Epoch: 11 [3600/5968 (60%)]	Loss: 0.048760
Train Epoch: 11 [4200/5968 (70%)]	Loss: 0.026330
Train Epoch: 11 [4800/5968 (80%)]	Loss: 0.041349
Train Epoch: 11 [5400/5968 (90%)]	Loss: 0.127569
Test set: Average loss: 1.2700, Accuracy: 1018/1492 (68%)
Train Epoch: 12 [0/5968 (0%)]	Loss: 0.012224
Train Epoch: 12 [600/5968 (10%)]	Loss: 0.009630
Train Epoch: 12 [1200/5968 (20%)]	Loss: 0.139471
Train Epoch: 12 [1800/5968 (30%)]	Loss: 0.006262
Train Epoch: 12 [2400/5968 (40%)]	Loss: 0.057594
Train Epoch: 12 [3000/5968 (50%)]	Loss: 0.041898
Train Epoch: 12 [3600/5968 (60%)]	Loss: 0.096893
Train Epoch: 12 [4200/5968 (70%)]	Loss: 0.122089
Train Epoch: 12 [4800/5968 (80%)]	Loss: 0.054795
Train Epoch: 12 [5400/5968 (90%)]	Loss: 0.065087
Test set: Average loss: 1.3620, Accuracy: 1028/1492 (68%)
Train Epoch: 13 [0/5968 (0%)]	Loss: 0.045770
Train Epoch: 13 [600/5968 (10%)]	Loss: 0.013077
Train Epoch: 13 [1200/5968 (20%)]	Loss: 0.008166
Train Epoch: 13 [1800/5968 (30%)]	Loss: 0.329001
Train Epoch: 13 [2400/5968 (40%)]	Loss: 0.030659
Train Epoch: 13 [3000/5968 (50%)]	Loss: 0.029318
Train Epoch: 13 [3600/5968 (60%)]	Loss: 0.120973
Train Epoch: 13 [4200/5968 (70%)]	Loss: 0.069967
Train Epoch: 13 [4800/5968 (80%)]	Loss: 0.218023
Train Epoch: 13 [5400/5968 (90%)]	Loss: 0.039460
Test set: Average loss: 1.2373, Accuracy: 1030/1492 (69%)
Train Epoch: 14 [0/5968 (0%)]	Loss: 0.055105
Train Epoch: 14 [600/5968 (10%)]	Loss: 0.186287
Train Epoch: 14 [1200/5968 (20%)]	Loss: 0.024579
Train Epoch: 14 [1800/5968 (30%)]	Loss: 0.037455
Train Epoch: 14 [2400/5968 (40%)]	Loss: 0.044101
Train Epoch: 14 [3000/5968 (50%)]	Loss: 0.027948
Train Epoch: 14 [3600/5968 (60%)]	Loss: 0.023440
Train Epoch: 14 [4200/5968 (70%)]	Loss: 0.065642
Train Epoch: 14 [4800/5968 (80%)]	Loss: 0.034323
Train Epoch: 14 [5400/5968 (90%)]	Loss: 0.083015
Test set: Average loss: 1.4084, Accuracy: 994/1492 (66%)
Train Epoch: 15 [0/5968 (0%)]	Loss: 0.004487
Train Epoch: 15 [600/5968 (10%)]	Loss: 0.019048
Train Epoch: 15 [1200/5968 (20%)]	Loss: 0.041369
Train Epoch: 15 [1800/5968 (30%)]	Loss: 0.038054
Train Epoch: 15 [2400/5968 (40%)]	Loss: 0.098591
Train Epoch: 15 [3000/5968 (50%)]	Loss: 0.039856
Train Epoch: 15 [3600/5968 (60%)]	Loss: 0.032490
Train Epoch: 15 [4200/5968 (70%)]	Loss: 0.009700
Train Epoch: 15 [4800/5968 (80%)]	Loss: 0.117943
Train Epoch: 15 [5400/5968 (90%)]	Loss: 0.027028
Test set: Average loss: 1.3895, Accuracy: 1039/1492 (69%)
Train Epoch: 16 [0/5968 (0%)]	Loss: 0.019594
Train Epoch: 16 [600/5968 (10%)]	Loss: 0.009533
Train Epoch: 16 [1200/5968 (20%)]	Loss: 0.001934
Train Epoch: 16 [1800/5968 (30%)]	Loss: 0.008412
Train Epoch: 16 [2400/5968 (40%)]	Loss: 0.015502
Train Epoch: 16 [3000/5968 (50%)]	Loss: 0.025745
Train Epoch: 16 [3600/5968 (60%)]	Loss: 0.106499
Train Epoch: 16 [4200/5968 (70%)]	Loss: 0.050860
Train Epoch: 16 [4800/5968 (80%)]	Loss: 0.097117
Train Epoch: 16 [5400/5968 (90%)]	Loss: 0.021144
Test set: Average loss: 1.3454, Accuracy: 1032/1492 (69%)
Train Epoch: 17 [0/5968 (0%)]	Loss: 0.057280
Train Epoch: 17 [600/5968 (10%)]	Loss: 0.013393
Train Epoch: 17 [1200/5968 (20%)]	Loss: 0.015365
Train Epoch: 17 [1800/5968 (30%)]	Loss: 0.027494
Train Epoch: 17 [2400/5968 (40%)]	Loss: 0.020226
Train Epoch: 17 [3000/5968 (50%)]	Loss: 0.013555
Train Epoch: 17 [3600/5968 (60%)]	Loss: 0.006526
Train Epoch: 17 [4200/5968 (70%)]	Loss: 0.010967
Train Epoch: 17 [4800/5968 (80%)]	Loss: 0.004928
Train Epoch: 17 [5400/5968 (90%)]	Loss: 0.023583
Test set: Average loss: 1.3351, Accuracy: 1067/1492 (71%)
Train Epoch: 18 [0/5968 (0%)]	Loss: 0.003811
Train Epoch: 18 [600/5968 (10%)]	Loss: 0.001983
Train Epoch: 18 [1200/5968 (20%)]	Loss: 0.010882
Train Epoch: 18 [1800/5968 (30%)]	Loss: 0.001209
Train Epoch: 18 [2400/5968 (40%)]	Loss: 0.000646
Train Epoch: 18 [3000/5968 (50%)]	Loss: 0.001048
Train Epoch: 18 [3600/5968 (60%)]	Loss: 0.002276
Train Epoch: 18 [4200/5968 (70%)]	Loss: 0.002440
Train Epoch: 18 [4800/5968 (80%)]	Loss: 0.007128
Train Epoch: 18 [5400/5968 (90%)]	Loss: 0.007596
Test set: Average loss: 1.3011, Accuracy: 1064/1492 (71%)
Train Epoch: 19 [0/5968 (0%)]	Loss: 0.029282
Train Epoch: 19 [600/5968 (10%)]	Loss: 0.001215
Train Epoch: 19 [1200/5968 (20%)]	Loss: 0.001414
Train Epoch: 19 [1800/5968 (30%)]	Loss: 0.001838
Train Epoch: 19 [2400/5968 (40%)]	Loss: 0.003175
Train Epoch: 19 [3000/5968 (50%)]	Loss: 0.003507
Train Epoch: 19 [3600/5968 (60%)]	Loss: 0.016329
Train Epoch: 19 [4200/5968 (70%)]	Loss: 0.007413
Train Epoch: 19 [4800/5968 (80%)]	Loss: 0.001598
Train Epoch: 19 [5400/5968 (90%)]	Loss: 0.003503
Test set: Average loss: 1.3595, Accuracy: 1063/1492 (71%)
Train Epoch: 20 [0/5968 (0%)]	Loss: 0.002086
Train Epoch: 20 [600/5968 (10%)]	Loss: 0.002432
Train Epoch: 20 [1200/5968 (20%)]	Loss: 0.034786
Train Epoch: 20 [1800/5968 (30%)]	Loss: 0.005387
Train Epoch: 20 [2400/5968 (40%)]	Loss: 0.014420
Train Epoch: 20 [3000/5968 (50%)]	Loss: 0.026650
Train Epoch: 20 [3600/5968 (60%)]	Loss: 0.002738
Train Epoch: 20 [4200/5968 (70%)]	Loss: 0.006763
Train Epoch: 20 [4800/5968 (80%)]	Loss: 0.009628
Train Epoch: 20 [5400/5968 (90%)]	Loss: 0.001049
Test set: Average loss: 1.3550, Accuracy: 1072/1492 (71%)
Train Epoch: 21 [0/5968 (0%)]	Loss: 0.006042
Train Epoch: 21 [600/5968 (10%)]	Loss: 0.003845
Train Epoch: 21 [1200/5968 (20%)]	Loss: 0.008163
Train Epoch: 21 [1800/5968 (30%)]	Loss: 0.001964
Train Epoch: 21 [2400/5968 (40%)]	Loss: 0.004135
Train Epoch: 21 [3000/5968 (50%)]	Loss: 0.001850
Train Epoch: 21 [3600/5968 (60%)]	Loss: 0.003719
Train Epoch: 21 [4200/5968 (70%)]	Loss: 0.003609
Train Epoch: 21 [4800/5968 (80%)]	Loss: 0.039317
Train Epoch: 21 [5400/5968 (90%)]	Loss: 0.002187
Test set: Average loss: 1.3371, Accuracy: 1057/1492 (70%)
Train Epoch: 22 [0/5968 (0%)]	Loss: 0.002289
Train Epoch: 22 [600/5968 (10%)]	Loss: 0.004338
Train Epoch: 22 [1200/5968 (20%)]	Loss: 0.003475
Train Epoch: 22 [1800/5968 (30%)]	Loss: 0.001168
Train Epoch: 22 [2400/5968 (40%)]	Loss: 0.000677
Train Epoch: 22 [3000/5968 (50%)]	Loss: 0.003277
Train Epoch: 22 [3600/5968 (60%)]	Loss: 0.000595
Train Epoch: 22 [4200/5968 (70%)]	Loss: 0.000547
Train Epoch: 22 [4800/5968 (80%)]	Loss: 0.010147
Train Epoch: 22 [5400/5968 (90%)]	Loss: 0.002658
Test set: Average loss: 1.3331, Accuracy: 1079/1492 (72%)
Train Epoch: 23 [0/5968 (0%)]	Loss: 0.000577
Train Epoch: 23 [600/5968 (10%)]	Loss: 0.000344
Train Epoch: 23 [1200/5968 (20%)]	Loss: 0.001554
Train Epoch: 23 [1800/5968 (30%)]	Loss: 0.016447
Train Epoch: 23 [2400/5968 (40%)]	Loss: 0.000864
Train Epoch: 23 [3000/5968 (50%)]	Loss: 0.000407
Train Epoch: 23 [3600/5968 (60%)]	Loss: 0.079464
Train Epoch: 23 [4200/5968 (70%)]	Loss: 0.001773
Train Epoch: 23 [4800/5968 (80%)]	Loss: 0.022704
Train Epoch: 23 [5400/5968 (90%)]	Loss: 0.003445
Test set: Average loss: 1.3198, Accuracy: 1083/1492 (72%)
Train Epoch: 24 [0/5968 (0%)]	Loss: 0.002057
Train Epoch: 24 [600/5968 (10%)]	Loss: 0.002719
Train Epoch: 24 [1200/5968 (20%)]	Loss: 0.005140
Train Epoch: 24 [1800/5968 (30%)]	Loss: 0.002224
Train Epoch: 24 [2400/5968 (40%)]	Loss: 0.000389
Train Epoch: 24 [3000/5968 (50%)]	Loss: 0.000842
Train Epoch: 24 [3600/5968 (60%)]	Loss: 0.000186
Train Epoch: 24 [4200/5968 (70%)]	Loss: 0.000692
Train Epoch: 24 [4800/5968 (80%)]	Loss: 0.001444
Train Epoch: 24 [5400/5968 (90%)]	Loss: 0.000220
Test set: Average loss: 1.3252, Accuracy: 1086/1492 (72%)
Train Epoch: 25 [0/5968 (0%)]	Loss: 0.001037
Train Epoch: 25 [600/5968 (10%)]	Loss: 0.011977
Train Epoch: 25 [1200/5968 (20%)]	Loss: 0.000895
Train Epoch: 25 [1800/5968 (30%)]	Loss: 0.000265
Train Epoch: 25 [2400/5968 (40%)]	Loss: 0.000667
Train Epoch: 25 [3000/5968 (50%)]	Loss: 0.000388
Train Epoch: 25 [3600/5968 (60%)]	Loss: 0.000321
Train Epoch: 25 [4200/5968 (70%)]	Loss: 0.002546
Train Epoch: 25 [4800/5968 (80%)]	Loss: 0.011843
Train Epoch: 25 [5400/5968 (90%)]	Loss: 0.003032
Test set: Average loss: 1.3805, Accuracy: 1081/1492 (72%)
Train Epoch: 26 [0/5968 (0%)]	Loss: 0.001164
Train Epoch: 26 [600/5968 (10%)]	Loss: 0.007644
Train Epoch: 26 [1200/5968 (20%)]	Loss: 0.003612
Train Epoch: 26 [1800/5968 (30%)]	Loss: 0.019234
Train Epoch: 26 [2400/5968 (40%)]	Loss: 0.005144
Train Epoch: 26 [3000/5968 (50%)]	Loss: 0.000471
Train Epoch: 26 [3600/5968 (60%)]	Loss: 0.018819
Train Epoch: 26 [4200/5968 (70%)]	Loss: 0.000573
Train Epoch: 26 [4800/5968 (80%)]	Loss: 0.000700
Train Epoch: 26 [5400/5968 (90%)]	Loss: 0.004986
Test set: Average loss: 1.4045, Accuracy: 1053/1492 (70%)
Train Epoch: 27 [0/5968 (0%)]	Loss: 0.006534
Train Epoch: 27 [600/5968 (10%)]	Loss: 0.000176
Train Epoch: 27 [1200/5968 (20%)]	Loss: 0.001222
Train Epoch: 27 [1800/5968 (30%)]	Loss: 0.003428
Train Epoch: 27 [2400/5968 (40%)]	Loss: 0.004194
Train Epoch: 27 [3000/5968 (50%)]	Loss: 0.000414
Train Epoch: 27 [3600/5968 (60%)]	Loss: 0.001636
Train Epoch: 27 [4200/5968 (70%)]	Loss: 0.000354
Train Epoch: 27 [4800/5968 (80%)]	Loss: 0.003585
Train Epoch: 27 [5400/5968 (90%)]	Loss: 0.001217
Test set: Average loss: 1.3225, Accuracy: 1092/1492 (73%)
Train Epoch: 28 [0/5968 (0%)]	Loss: 0.001634
Train Epoch: 28 [600/5968 (10%)]	Loss: 0.000667
Train Epoch: 28 [1200/5968 (20%)]	Loss: 0.000236
Train Epoch: 28 [1800/5968 (30%)]	Loss: 0.000772
Train Epoch: 28 [2400/5968 (40%)]	Loss: 0.002997
Train Epoch: 28 [3000/5968 (50%)]	Loss: 0.000214
Train Epoch: 28 [3600/5968 (60%)]	Loss: 0.000908
Train Epoch: 28 [4200/5968 (70%)]	Loss: 0.001329
Train Epoch: 28 [4800/5968 (80%)]	Loss: 0.000671
Train Epoch: 28 [5400/5968 (90%)]	Loss: 0.000670
Test set: Average loss: 1.3199, Accuracy: 1085/1492 (72%)
Train Epoch: 29 [0/5968 (0%)]	Loss: 0.000197
Train Epoch: 29 [600/5968 (10%)]	Loss: 0.000550
Train Epoch: 29 [1200/5968 (20%)]	Loss: 0.000217
Train Epoch: 29 [1800/5968 (30%)]	Loss: 0.000367
Train Epoch: 29 [2400/5968 (40%)]	Loss: 0.000303
Train Epoch: 29 [3000/5968 (50%)]	Loss: 0.000691
Train Epoch: 29 [3600/5968 (60%)]	Loss: 0.001134
Train Epoch: 29 [4200/5968 (70%)]	Loss: 0.000501
Train Epoch: 29 [4800/5968 (80%)]	Loss: 0.000884
Train Epoch: 29 [5400/5968 (90%)]	Loss: 0.000110
Test set: Average loss: 1.3447, Accuracy: 1100/1492 (73%)
Train Epoch: 30 [0/5968 (0%)]	Loss: 0.000544
Train Epoch: 30 [600/5968 (10%)]	Loss: 0.001148
Train Epoch: 30 [1200/5968 (20%)]	Loss: 0.000758
Train Epoch: 30 [1800/5968 (30%)]	Loss: 0.000172
Train Epoch: 30 [2400/5968 (40%)]	Loss: 0.000182
Train Epoch: 30 [3000/5968 (50%)]	Loss: 0.000266
Train Epoch: 30 [3600/5968 (60%)]	Loss: 0.001795
Train Epoch: 30 [4200/5968 (70%)]	Loss: 0.000481
Train Epoch: 30 [4800/5968 (80%)]	Loss: 0.000264
Train Epoch: 30 [5400/5968 (90%)]	Loss: 0.001761
Test set: Average loss: 1.3471, Accuracy: 1103/1492 (73%)
Train Epoch: 31 [0/5968 (0%)]	Loss: 0.000354
Train Epoch: 31 [600/5968 (10%)]	Loss: 0.000151
Train Epoch: 31 [1200/5968 (20%)]	Loss: 0.000157
Train Epoch: 31 [1800/5968 (30%)]	Loss: 0.000148
Train Epoch: 31 [2400/5968 (40%)]	Loss: 0.012675
Train Epoch: 31 [3000/5968 (50%)]	Loss: 0.014605
Train Epoch: 31 [3600/5968 (60%)]	Loss: 0.000341
Train Epoch: 31 [4200/5968 (70%)]	Loss: 0.000302
Train Epoch: 31 [4800/5968 (80%)]	Loss: 0.000099
Train Epoch: 31 [5400/5968 (90%)]	Loss: 0.000156
Test set: Average loss: 1.3560, Accuracy: 1089/1492 (72%)
Train Epoch: 32 [0/5968 (0%)]	Loss: 0.000462
Train Epoch: 32 [600/5968 (10%)]	Loss: 0.001096
Train Epoch: 32 [1200/5968 (20%)]	Loss: 0.000154
Train Epoch: 32 [1800/5968 (30%)]	Loss: 0.000076
Train Epoch: 32 [2400/5968 (40%)]	Loss: 0.000531
Train Epoch: 32 [3000/5968 (50%)]	Loss: 0.000760
Train Epoch: 32 [3600/5968 (60%)]	Loss: 0.000424
Train Epoch: 32 [4200/5968 (70%)]	Loss: 0.000284
Train Epoch: 32 [4800/5968 (80%)]	Loss: 0.002882
Train Epoch: 32 [5400/5968 (90%)]	Loss: 0.000241
Test set: Average loss: 1.3643, Accuracy: 1097/1492 (73%)
Train Epoch: 33 [0/5968 (0%)]	Loss: 0.000259
Train Epoch: 33 [600/5968 (10%)]	Loss: 0.000121
Train Epoch: 33 [1200/5968 (20%)]	Loss: 0.000122
Train Epoch: 33 [1800/5968 (30%)]	Loss: 0.000063
Train Epoch: 33 [2400/5968 (40%)]	Loss: 0.000170
Train Epoch: 33 [3000/5968 (50%)]	Loss: 0.000160
Train Epoch: 33 [3600/5968 (60%)]	Loss: 0.000310
Train Epoch: 33 [4200/5968 (70%)]	Loss: 0.000074
Train Epoch: 33 [4800/5968 (80%)]	Loss: 0.000278
Train Epoch: 33 [5400/5968 (90%)]	Loss: 0.000115
Test set: Average loss: 1.3590, Accuracy: 1095/1492 (73%)
Train Epoch: 34 [0/5968 (0%)]	Loss: 0.000208
Train Epoch: 34 [600/5968 (10%)]	Loss: 0.000367
Train Epoch: 34 [1200/5968 (20%)]	Loss: 0.000198
Train Epoch: 34 [1800/5968 (30%)]	Loss: 0.000440
Train Epoch: 34 [2400/5968 (40%)]	Loss: 0.000157
Train Epoch: 34 [3000/5968 (50%)]	Loss: 0.000106
Train Epoch: 34 [3600/5968 (60%)]	Loss: 0.000066
Train Epoch: 34 [4200/5968 (70%)]	Loss: 0.000070
Train Epoch: 34 [4800/5968 (80%)]	Loss: 0.002185
Train Epoch: 34 [5400/5968 (90%)]	Loss: 0.000766
Test set: Average loss: 1.3733, Accuracy: 1100/1492 (73%)
Train Epoch: 35 [0/5968 (0%)]	Loss: 0.000102
Train Epoch: 35 [600/5968 (10%)]	Loss: 0.000622
Train Epoch: 35 [1200/5968 (20%)]	Loss: 0.000100
Train Epoch: 35 [1800/5968 (30%)]	Loss: 0.000207
Train Epoch: 35 [2400/5968 (40%)]	Loss: 0.000527
Train Epoch: 35 [3000/5968 (50%)]	Loss: 0.000213
Train Epoch: 35 [3600/5968 (60%)]	Loss: 0.000088
Train Epoch: 35 [4200/5968 (70%)]	Loss: 0.000227
Train Epoch: 35 [4800/5968 (80%)]	Loss: 0.000340
Train Epoch: 35 [5400/5968 (90%)]	Loss: 0.000067
Test set: Average loss: 1.3753, Accuracy: 1098/1492 (73%)
Train Epoch: 36 [0/5968 (0%)]	Loss: 0.000963
Train Epoch: 36 [600/5968 (10%)]	Loss: 0.000189
Train Epoch: 36 [1200/5968 (20%)]	Loss: 0.000059
Train Epoch: 36 [1800/5968 (30%)]	Loss: 0.000202
Train Epoch: 36 [2400/5968 (40%)]	Loss: 0.001019
Train Epoch: 36 [3000/5968 (50%)]	Loss: 0.000368
Train Epoch: 36 [3600/5968 (60%)]	Loss: 0.000536
Train Epoch: 36 [4200/5968 (70%)]	Loss: 0.000127
Train Epoch: 36 [4800/5968 (80%)]	Loss: 0.000451
Train Epoch: 36 [5400/5968 (90%)]	Loss: 0.000218
Test set: Average loss: 1.4039, Accuracy: 1096/1492 (73%)
Train Epoch: 37 [0/5968 (0%)]	Loss: 0.009569
Train Epoch: 37 [600/5968 (10%)]	Loss: 0.000663
Train Epoch: 37 [1200/5968 (20%)]	Loss: 0.000118
Train Epoch: 37 [1800/5968 (30%)]	Loss: 0.016282
Train Epoch: 37 [2400/5968 (40%)]	Loss: 0.000105
Train Epoch: 37 [3000/5968 (50%)]	Loss: 0.000581
Train Epoch: 37 [3600/5968 (60%)]	Loss: 0.000207
Train Epoch: 37 [4200/5968 (70%)]	Loss: 0.000181
Train Epoch: 37 [4800/5968 (80%)]	Loss: 0.000133
Train Epoch: 37 [5400/5968 (90%)]	Loss: 0.015194
Test set: Average loss: 1.3781, Accuracy: 1100/1492 (73%)
Train Epoch: 38 [0/5968 (0%)]	Loss: 0.000144
Train Epoch: 38 [600/5968 (10%)]	Loss: 0.000188
Train Epoch: 38 [1200/5968 (20%)]	Loss: 0.000218
Train Epoch: 38 [1800/5968 (30%)]	Loss: 0.000342
Train Epoch: 38 [2400/5968 (40%)]	Loss: 0.016286
Train Epoch: 38 [3000/5968 (50%)]	Loss: 0.011822
Train Epoch: 38 [3600/5968 (60%)]	Loss: 0.000214
Train Epoch: 38 [4200/5968 (70%)]	Loss: 0.000069
Train Epoch: 38 [4800/5968 (80%)]	Loss: 0.000803
Train Epoch: 38 [5400/5968 (90%)]	Loss: 0.000244
Test set: Average loss: 1.3716, Accuracy: 1101/1492 (73%)
Train Epoch: 39 [0/5968 (0%)]	Loss: 0.002009
Train Epoch: 39 [600/5968 (10%)]	Loss: 0.000169
Train Epoch: 39 [1200/5968 (20%)]	Loss: 0.000828
Train Epoch: 39 [1800/5968 (30%)]	Loss: 0.022581
Train Epoch: 39 [2400/5968 (40%)]	Loss: 0.000165
Train Epoch: 39 [3000/5968 (50%)]	Loss: 0.000341
Train Epoch: 39 [3600/5968 (60%)]	Loss: 0.000116
Train Epoch: 39 [4200/5968 (70%)]	Loss: 0.000115
Train Epoch: 39 [4800/5968 (80%)]	Loss: 0.000140
Train Epoch: 39 [5400/5968 (90%)]	Loss: 0.000165
Test set: Average loss: 1.3865, Accuracy: 1096/1492 (73%)
Train Epoch: 40 [0/5968 (0%)]	Loss: 0.000099
Train Epoch: 40 [600/5968 (10%)]	Loss: 0.000127
Train Epoch: 40 [1200/5968 (20%)]	Loss: 0.000432
Train Epoch: 40 [1800/5968 (30%)]	Loss: 0.000191
Train Epoch: 40 [2400/5968 (40%)]	Loss: 0.000035
Train Epoch: 40 [3000/5968 (50%)]	Loss: 0.000086
Train Epoch: 40 [3600/5968 (60%)]	Loss: 0.000189
Train Epoch: 40 [4200/5968 (70%)]	Loss: 0.014029
Train Epoch: 40 [4800/5968 (80%)]	Loss: 0.000445
Train Epoch: 40 [5400/5968 (90%)]	Loss: 0.000085
Test set: Average loss: 1.3922, Accuracy: 1097/1492 (73%)
Train Epoch: 41 [0/5968 (0%)]	Loss: 0.000218
Train Epoch: 41 [600/5968 (10%)]	Loss: 0.000108
Train Epoch: 41 [1200/5968 (20%)]	Loss: 0.001018
Train Epoch: 41 [1800/5968 (30%)]	Loss: 0.000203
Train Epoch: 41 [2400/5968 (40%)]	Loss: 0.001429
Train Epoch: 41 [3000/5968 (50%)]	Loss: 0.000164
Train Epoch: 41 [3600/5968 (60%)]	Loss: 0.000703
Train Epoch: 41 [4200/5968 (70%)]	Loss: 0.000096
Train Epoch: 41 [4800/5968 (80%)]	Loss: 0.000102
Train Epoch: 41 [5400/5968 (90%)]	Loss: 0.000121
Test set: Average loss: 1.3936, Accuracy: 1096/1492 (73%)
Train Epoch: 42 [0/5968 (0%)]	Loss: 0.000175
Train Epoch: 42 [600/5968 (10%)]	Loss: 0.000087
Train Epoch: 42 [1200/5968 (20%)]	Loss: 0.000171
Train Epoch: 42 [1800/5968 (30%)]	Loss: 0.000110
Train Epoch: 42 [2400/5968 (40%)]	Loss: 0.000138
Train Epoch: 42 [3000/5968 (50%)]	Loss: 0.000241
Train Epoch: 42 [3600/5968 (60%)]	Loss: 0.000087
Train Epoch: 42 [4200/5968 (70%)]	Loss: 0.000068
Train Epoch: 42 [4800/5968 (80%)]	Loss: 0.000172
Train Epoch: 42 [5400/5968 (90%)]	Loss: 0.013788
Test set: Average loss: 1.4192, Accuracy: 1085/1492 (72%)
Train Epoch: 43 [0/5968 (0%)]	Loss: 0.000308
Train Epoch: 43 [600/5968 (10%)]	Loss: 0.000245
Train Epoch: 43 [1200/5968 (20%)]	Loss: 0.000491
Train Epoch: 43 [1800/5968 (30%)]	Loss: 0.003238
Train Epoch: 43 [2400/5968 (40%)]	Loss: 0.000131
Train Epoch: 43 [3000/5968 (50%)]	Loss: 0.000223
Train Epoch: 43 [3600/5968 (60%)]	Loss: 0.000107
Train Epoch: 43 [4200/5968 (70%)]	Loss: 0.000066
Train Epoch: 43 [4800/5968 (80%)]	Loss: 0.000206
Train Epoch: 43 [5400/5968 (90%)]	Loss: 0.000083
Test set: Average loss: 1.4041, Accuracy: 1095/1492 (73%)
Train Epoch: 44 [0/5968 (0%)]	Loss: 0.000298
Train Epoch: 44 [600/5968 (10%)]	Loss: 0.000083
Train Epoch: 44 [1200/5968 (20%)]	Loss: 0.008178
Train Epoch: 44 [1800/5968 (30%)]	Loss: 0.000321
Train Epoch: 44 [2400/5968 (40%)]	Loss: 0.000211
Train Epoch: 44 [3000/5968 (50%)]	Loss: 0.000304
Train Epoch: 44 [3600/5968 (60%)]	Loss: 0.000087
Train Epoch: 44 [4200/5968 (70%)]	Loss: 0.000148
Train Epoch: 44 [4800/5968 (80%)]	Loss: 0.000131
Train Epoch: 44 [5400/5968 (90%)]	Loss: 0.000336
Test set: Average loss: 1.4162, Accuracy: 1094/1492 (73%)
Train Epoch: 45 [0/5968 (0%)]	Loss: 0.000073
Train Epoch: 45 [600/5968 (10%)]	Loss: 0.000113
Train Epoch: 45 [1200/5968 (20%)]	Loss: 0.000574
Train Epoch: 45 [1800/5968 (30%)]	Loss: 0.000099
Train Epoch: 45 [2400/5968 (40%)]	Loss: 0.000099
Train Epoch: 45 [3000/5968 (50%)]	Loss: 0.000299
Train Epoch: 45 [3600/5968 (60%)]	Loss: 0.000157
Train Epoch: 45 [4200/5968 (70%)]	Loss: 0.000165
Train Epoch: 45 [4800/5968 (80%)]	Loss: 0.000228
Train Epoch: 45 [5400/5968 (90%)]	Loss: 0.000481
Test set: Average loss: 1.4436, Accuracy: 1083/1492 (72%)
Train Epoch: 46 [0/5968 (0%)]	Loss: 0.000317
Train Epoch: 46 [600/5968 (10%)]	Loss: 0.000304
Train Epoch: 46 [1200/5968 (20%)]	Loss: 0.000224
Train Epoch: 46 [1800/5968 (30%)]	Loss: 0.000137
Train Epoch: 46 [2400/5968 (40%)]	Loss: 0.000162
Train Epoch: 46 [3000/5968 (50%)]	Loss: 0.000446
Train Epoch: 46 [3600/5968 (60%)]	Loss: 0.000233
Train Epoch: 46 [4200/5968 (70%)]	Loss: 0.000580
Train Epoch: 46 [4800/5968 (80%)]	Loss: 0.000120
Train Epoch: 46 [5400/5968 (90%)]	Loss: 0.021946
Test set: Average loss: 1.4409, Accuracy: 1087/1492 (72%)
Train Epoch: 47 [0/5968 (0%)]	Loss: 0.000195
Train Epoch: 47 [600/5968 (10%)]	Loss: 0.000474
Train Epoch: 47 [1200/5968 (20%)]	Loss: 0.000216
Train Epoch: 47 [1800/5968 (30%)]	Loss: 0.000272
Train Epoch: 47 [2400/5968 (40%)]	Loss: 0.000099
Train Epoch: 47 [3000/5968 (50%)]	Loss: 0.000097
Train Epoch: 47 [3600/5968 (60%)]	Loss: 0.000113
Train Epoch: 47 [4200/5968 (70%)]	Loss: 0.000144
Train Epoch: 47 [4800/5968 (80%)]	Loss: 0.000437
Train Epoch: 47 [5400/5968 (90%)]	Loss: 0.000068
Test set: Average loss: 1.4170, Accuracy: 1088/1492 (72%)
Train Epoch: 48 [0/5968 (0%)]	Loss: 0.000165
Train Epoch: 48 [600/5968 (10%)]	Loss: 0.006311
Train Epoch: 48 [1200/5968 (20%)]	Loss: 0.000040
Train Epoch: 48 [1800/5968 (30%)]	Loss: 0.000114
Train Epoch: 48 [2400/5968 (40%)]	Loss: 0.000107
Train Epoch: 48 [3000/5968 (50%)]	Loss: 0.000346
Train Epoch: 48 [3600/5968 (60%)]	Loss: 0.000086
Train Epoch: 48 [4200/5968 (70%)]	Loss: 0.000046
Train Epoch: 48 [4800/5968 (80%)]	Loss: 0.000042
Train Epoch: 48 [5400/5968 (90%)]	Loss: 0.000083
Test set: Average loss: 1.4225, Accuracy: 1092/1492 (73%)
Train Epoch: 49 [0/5968 (0%)]	Loss: 0.000288
Train Epoch: 49 [600/5968 (10%)]	Loss: 0.012453
Train Epoch: 49 [1200/5968 (20%)]	Loss: 0.000479
Train Epoch: 49 [1800/5968 (30%)]	Loss: 0.000201
Train Epoch: 49 [2400/5968 (40%)]	Loss: 0.000095
Train Epoch: 49 [3000/5968 (50%)]	Loss: 0.000083
Train Epoch: 49 [3600/5968 (60%)]	Loss: 0.000060
Train Epoch: 49 [4200/5968 (70%)]	Loss: 0.000235
Train Epoch: 49 [4800/5968 (80%)]	Loss: 0.000151
Train Epoch: 49 [5400/5968 (90%)]	Loss: 0.000144
Test set: Average loss: 1.4158, Accuracy: 1096/1492 (73%)
Train Epoch: 50 [0/5968 (0%)]	Loss: 0.000213
Train Epoch: 50 [600/5968 (10%)]	Loss: 0.000053
Train Epoch: 50 [1200/5968 (20%)]	Loss: 0.000777
Train Epoch: 50 [1800/5968 (30%)]	Loss: 0.000053
Train Epoch: 50 [2400/5968 (40%)]	Loss: 0.000101
Train Epoch: 50 [3000/5968 (50%)]	Loss: 0.000165
Train Epoch: 50 [3600/5968 (60%)]	Loss: 0.000083
Train Epoch: 50 [4200/5968 (70%)]	Loss: 0.000086
Train Epoch: 50 [4800/5968 (80%)]	Loss: 0.000083
Train Epoch: 50 [5400/5968 (90%)]	Loss: 0.000087
Test set: Average loss: 1.4324, Accuracy: 1098/1492 (73%)
Train Epoch: 51 [0/5968 (0%)]	Loss: 0.000070
Train Epoch: 51 [600/5968 (10%)]	Loss: 0.000069
Train Epoch: 51 [1200/5968 (20%)]	Loss: 0.000267
Train Epoch: 51 [1800/5968 (30%)]	Loss: 0.000171
Train Epoch: 51 [2400/5968 (40%)]	Loss: 0.000110
Train Epoch: 51 [3000/5968 (50%)]	Loss: 0.000084
Train Epoch: 51 [3600/5968 (60%)]	Loss: 0.000165
Train Epoch: 51 [4200/5968 (70%)]	Loss: 0.000049
Train Epoch: 51 [4800/5968 (80%)]	Loss: 0.000172
Train Epoch: 51 [5400/5968 (90%)]	Loss: 0.000690
Test set: Average loss: 1.4961, Accuracy: 1088/1492 (72%)
Train Epoch: 52 [0/5968 (0%)]	Loss: 0.000523
Train Epoch: 52 [600/5968 (10%)]	Loss: 0.000182
Train Epoch: 52 [1200/5968 (20%)]	Loss: 0.000050
Train Epoch: 52 [1800/5968 (30%)]	Loss: 0.000132
Train Epoch: 52 [2400/5968 (40%)]	Loss: 0.000512
Train Epoch: 52 [3000/5968 (50%)]	Loss: 0.001991
Train Epoch: 52 [3600/5968 (60%)]	Loss: 0.000127
Train Epoch: 52 [4200/5968 (70%)]	Loss: 0.000224
Train Epoch: 52 [4800/5968 (80%)]	Loss: 0.000183
Train Epoch: 52 [5400/5968 (90%)]	Loss: 0.000092
Test set: Average loss: 1.5077, Accuracy: 1082/1492 (72%)
Train Epoch: 53 [0/5968 (0%)]	Loss: 0.000113
Train Epoch: 53 [600/5968 (10%)]	Loss: 0.003396
Train Epoch: 53 [1200/5968 (20%)]	Loss: 0.000150
Train Epoch: 53 [1800/5968 (30%)]	Loss: 0.000299
Train Epoch: 53 [2400/5968 (40%)]	Loss: 0.015201
Train Epoch: 53 [3000/5968 (50%)]	Loss: 0.000303
Train Epoch: 53 [3600/5968 (60%)]	Loss: 0.017470
Train Epoch: 53 [4200/5968 (70%)]	Loss: 0.000179
Train Epoch: 53 [4800/5968 (80%)]	Loss: 0.000102
Train Epoch: 53 [5400/5968 (90%)]	Loss: 0.000702
Test set: Average loss: 1.5033, Accuracy: 1075/1492 (72%)
Train Epoch: 54 [0/5968 (0%)]	Loss: 0.000176
Train Epoch: 54 [600/5968 (10%)]	Loss: 0.001023
Train Epoch: 54 [1200/5968 (20%)]	Loss: 0.003106
Train Epoch: 54 [1800/5968 (30%)]	Loss: 0.001740
Train Epoch: 54 [2400/5968 (40%)]	Loss: 0.002994
Train Epoch: 54 [3000/5968 (50%)]	Loss: 0.000565
Train Epoch: 54 [3600/5968 (60%)]	Loss: 0.000255
Train Epoch: 54 [4200/5968 (70%)]	Loss: 0.056889
Train Epoch: 54 [4800/5968 (80%)]	Loss: 0.003564
Train Epoch: 54 [5400/5968 (90%)]	Loss: 0.004851
Test set: Average loss: 1.6515, Accuracy: 1047/1492 (70%)
Train Epoch: 55 [0/5968 (0%)]	Loss: 0.001176
Train Epoch: 55 [600/5968 (10%)]	Loss: 0.001053
Train Epoch: 55 [1200/5968 (20%)]	Loss: 0.001768
Train Epoch: 55 [1800/5968 (30%)]	Loss: 0.001026
Train Epoch: 55 [2400/5968 (40%)]	Loss: 0.003247
Train Epoch: 55 [3000/5968 (50%)]	Loss: 0.001363
Train Epoch: 55 [3600/5968 (60%)]	Loss: 0.008548
Train Epoch: 55 [4200/5968 (70%)]	Loss: 0.010008
Train Epoch: 55 [4800/5968 (80%)]	Loss: 0.000856
Train Epoch: 55 [5400/5968 (90%)]	Loss: 0.000597
Test set: Average loss: 1.5111, Accuracy: 1094/1492 (73%)
Train Epoch: 56 [0/5968 (0%)]	Loss: 0.000360
Train Epoch: 56 [600/5968 (10%)]	Loss: 0.001145
Train Epoch: 56 [1200/5968 (20%)]	Loss: 0.001068
Train Epoch: 56 [1800/5968 (30%)]	Loss: 0.000277
Train Epoch: 56 [2400/5968 (40%)]	Loss: 0.000818
Train Epoch: 56 [3000/5968 (50%)]	Loss: 0.001447
Train Epoch: 56 [3600/5968 (60%)]	Loss: 0.022845
Train Epoch: 56 [4200/5968 (70%)]	Loss: 0.001345
Train Epoch: 56 [4800/5968 (80%)]	Loss: 0.000677
Train Epoch: 56 [5400/5968 (90%)]	Loss: 0.001390
Test set: Average loss: 1.4189, Accuracy: 1093/1492 (73%)
Train Epoch: 57 [0/5968 (0%)]	Loss: 0.000938
Train Epoch: 57 [600/5968 (10%)]	Loss: 0.000374
Train Epoch: 57 [1200/5968 (20%)]	Loss: 0.007772
Train Epoch: 57 [1800/5968 (30%)]	Loss: 0.000201
Train Epoch: 57 [2400/5968 (40%)]	Loss: 0.000590
Train Epoch: 57 [3000/5968 (50%)]	Loss: 0.000104
Train Epoch: 57 [3600/5968 (60%)]	Loss: 0.000229
Train Epoch: 57 [4200/5968 (70%)]	Loss: 0.000328
Train Epoch: 57 [4800/5968 (80%)]	Loss: 0.014382
Train Epoch: 57 [5400/5968 (90%)]	Loss: 0.002716
Test set: Average loss: 1.5181, Accuracy: 1075/1492 (72%)
Train Epoch: 58 [0/5968 (0%)]	Loss: 0.002857
Train Epoch: 58 [600/5968 (10%)]	Loss: 0.026030
Train Epoch: 58 [1200/5968 (20%)]	Loss: 0.010748
Train Epoch: 58 [1800/5968 (30%)]	Loss: 0.019859
Train Epoch: 58 [2400/5968 (40%)]	Loss: 0.000431
Train Epoch: 58 [3000/5968 (50%)]	Loss: 0.005030
Train Epoch: 58 [3600/5968 (60%)]	Loss: 0.001041
Train Epoch: 58 [4200/5968 (70%)]	Loss: 0.000161
Train Epoch: 58 [4800/5968 (80%)]	Loss: 0.001700
Train Epoch: 58 [5400/5968 (90%)]	Loss: 0.000562
Test set: Average loss: 1.5454, Accuracy: 1054/1492 (70%)
Train Epoch: 59 [0/5968 (0%)]	Loss: 0.003490
Train Epoch: 59 [600/5968 (10%)]	Loss: 0.000713
Train Epoch: 59 [1200/5968 (20%)]	Loss: 0.001631
Train Epoch: 59 [1800/5968 (30%)]	Loss: 0.002808
Train Epoch: 59 [2400/5968 (40%)]	Loss: 0.000786
Train Epoch: 59 [3000/5968 (50%)]	Loss: 0.000264
Train Epoch: 59 [3600/5968 (60%)]	Loss: 0.000280
Train Epoch: 59 [4200/5968 (70%)]	Loss: 0.010589
Train Epoch: 59 [4800/5968 (80%)]	Loss: 0.034768
Train Epoch: 59 [5400/5968 (90%)]	Loss: 0.046524
Test set: Average loss: 1.5365, Accuracy: 1053/1492 (70%)
Train Epoch: 60 [0/5968 (0%)]	Loss: 0.004163
Train Epoch: 60 [600/5968 (10%)]	Loss: 0.000579
Train Epoch: 60 [1200/5968 (20%)]	Loss: 0.037464
Train Epoch: 60 [1800/5968 (30%)]	Loss: 0.002368
Train Epoch: 60 [2400/5968 (40%)]	Loss: 0.052492
Train Epoch: 60 [3000/5968 (50%)]	Loss: 0.001036
Train Epoch: 60 [3600/5968 (60%)]	Loss: 0.015242
Train Epoch: 60 [4200/5968 (70%)]	Loss: 0.017650
Train Epoch: 60 [4800/5968 (80%)]	Loss: 0.000499
Train Epoch: 60 [5400/5968 (90%)]	Loss: 0.009075
Test set: Average loss: 1.7190, Accuracy: 1034/1492 (69%)
