getting datasets
finished
trainning skirt_length_labels:
Train Epoch: 1 [0/7378 (0%)]	Loss: 1.795328
Train Epoch: 1 [600/7378 (8%)]	Loss: 1.740324
Train Epoch: 1 [1200/7378 (16%)]	Loss: 1.724571
Train Epoch: 1 [1800/7378 (24%)]	Loss: 1.565825
Train Epoch: 1 [2400/7378 (33%)]	Loss: 1.436039
Train Epoch: 1 [3000/7378 (41%)]	Loss: 1.455385
Train Epoch: 1 [3600/7378 (49%)]	Loss: 1.258331
Train Epoch: 1 [4200/7378 (57%)]	Loss: 1.254748
Train Epoch: 1 [4800/7378 (65%)]	Loss: 1.101225
Train Epoch: 1 [5400/7378 (73%)]	Loss: 1.058324
Train Epoch: 1 [6000/7378 (81%)]	Loss: 1.125805
Train Epoch: 1 [6600/7378 (89%)]	Loss: 1.152567
Train Epoch: 1 [7200/7378 (98%)]	Loss: 0.879881
Test set: Average loss: 1.1834, Accuracy: 1046/1844 (56%)
Train Epoch: 2 [0/7378 (0%)]	Loss: 0.907993
Train Epoch: 2 [600/7378 (8%)]	Loss: 0.769417
Train Epoch: 2 [1200/7378 (16%)]	Loss: 0.632242
Train Epoch: 2 [1800/7378 (24%)]	Loss: 0.790312
Train Epoch: 2 [2400/7378 (33%)]	Loss: 0.771984
Train Epoch: 2 [3000/7378 (41%)]	Loss: 0.888962
Train Epoch: 2 [3600/7378 (49%)]	Loss: 0.876224
Train Epoch: 2 [4200/7378 (57%)]	Loss: 0.650702
Train Epoch: 2 [4800/7378 (65%)]	Loss: 0.694722
Train Epoch: 2 [5400/7378 (73%)]	Loss: 0.910628
Train Epoch: 2 [6000/7378 (81%)]	Loss: 0.771325
Train Epoch: 2 [6600/7378 (89%)]	Loss: 0.645243
Train Epoch: 2 [7200/7378 (98%)]	Loss: 0.852599
Test set: Average loss: 0.8977, Accuracy: 1217/1844 (65%)
Train Epoch: 3 [0/7378 (0%)]	Loss: 0.565038
Train Epoch: 3 [600/7378 (8%)]	Loss: 0.455998
Train Epoch: 3 [1200/7378 (16%)]	Loss: 0.586110
Train Epoch: 3 [1800/7378 (24%)]	Loss: 0.671925
Train Epoch: 3 [2400/7378 (33%)]	Loss: 0.475170
Train Epoch: 3 [3000/7378 (41%)]	Loss: 0.490116
Train Epoch: 3 [3600/7378 (49%)]	Loss: 0.563336
Train Epoch: 3 [4200/7378 (57%)]	Loss: 0.560873
Train Epoch: 3 [4800/7378 (65%)]	Loss: 0.495923
Train Epoch: 3 [5400/7378 (73%)]	Loss: 0.644936
Train Epoch: 3 [6000/7378 (81%)]	Loss: 0.603623
Train Epoch: 3 [6600/7378 (89%)]	Loss: 0.743643
Train Epoch: 3 [7200/7378 (98%)]	Loss: 0.714214
Test set: Average loss: 0.8713, Accuracy: 1230/1844 (66%)
Train Epoch: 4 [0/7378 (0%)]	Loss: 0.390238
Train Epoch: 4 [600/7378 (8%)]	Loss: 0.254948
Train Epoch: 4 [1200/7378 (16%)]	Loss: 0.293854
Train Epoch: 4 [1800/7378 (24%)]	Loss: 0.374655
Train Epoch: 4 [2400/7378 (33%)]	Loss: 0.355423
Train Epoch: 4 [3000/7378 (41%)]	Loss: 0.255102
Train Epoch: 4 [3600/7378 (49%)]	Loss: 0.228179
Train Epoch: 4 [4200/7378 (57%)]	Loss: 0.413249
Train Epoch: 4 [4800/7378 (65%)]	Loss: 0.469318
Train Epoch: 4 [5400/7378 (73%)]	Loss: 0.350367
Train Epoch: 4 [6000/7378 (81%)]	Loss: 0.467808
Train Epoch: 4 [6600/7378 (89%)]	Loss: 0.369585
Train Epoch: 4 [7200/7378 (98%)]	Loss: 0.433901
Test set: Average loss: 0.9766, Accuracy: 1279/1844 (69%)
Train Epoch: 5 [0/7378 (0%)]	Loss: 0.195448
Train Epoch: 5 [600/7378 (8%)]	Loss: 0.188627
Train Epoch: 5 [1200/7378 (16%)]	Loss: 0.232456
Train Epoch: 5 [1800/7378 (24%)]	Loss: 0.152459
Train Epoch: 5 [2400/7378 (33%)]	Loss: 0.115918
Train Epoch: 5 [3000/7378 (41%)]	Loss: 0.173022
Train Epoch: 5 [3600/7378 (49%)]	Loss: 0.204092
Train Epoch: 5 [4200/7378 (57%)]	Loss: 0.223153
Train Epoch: 5 [4800/7378 (65%)]	Loss: 0.254941
Train Epoch: 5 [5400/7378 (73%)]	Loss: 0.089720
Train Epoch: 5 [6000/7378 (81%)]	Loss: 0.531463
Train Epoch: 5 [6600/7378 (89%)]	Loss: 0.157472
Train Epoch: 5 [7200/7378 (98%)]	Loss: 0.131816
Test set: Average loss: 1.1326, Accuracy: 1232/1844 (66%)
Train Epoch: 6 [0/7378 (0%)]	Loss: 0.251605
Train Epoch: 6 [600/7378 (8%)]	Loss: 0.120776
Train Epoch: 6 [1200/7378 (16%)]	Loss: 0.108394
Train Epoch: 6 [1800/7378 (24%)]	Loss: 0.188908
Train Epoch: 6 [2400/7378 (33%)]	Loss: 0.153792
Train Epoch: 6 [3000/7378 (41%)]	Loss: 0.135321
Train Epoch: 6 [3600/7378 (49%)]	Loss: 0.130830
Train Epoch: 6 [4200/7378 (57%)]	Loss: 0.051467
Train Epoch: 6 [4800/7378 (65%)]	Loss: 0.098910
Train Epoch: 6 [5400/7378 (73%)]	Loss: 0.177474
Train Epoch: 6 [6000/7378 (81%)]	Loss: 0.117884
Train Epoch: 6 [6600/7378 (89%)]	Loss: 0.054039
Train Epoch: 6 [7200/7378 (98%)]	Loss: 0.103517
Test set: Average loss: 0.9801, Accuracy: 1323/1844 (71%)
Train Epoch: 7 [0/7378 (0%)]	Loss: 0.091834
Train Epoch: 7 [600/7378 (8%)]	Loss: 0.083460
Train Epoch: 7 [1200/7378 (16%)]	Loss: 0.028955
Train Epoch: 7 [1800/7378 (24%)]	Loss: 0.083930
Train Epoch: 7 [2400/7378 (33%)]	Loss: 0.052002
Train Epoch: 7 [3000/7378 (41%)]	Loss: 0.085827
Train Epoch: 7 [3600/7378 (49%)]	Loss: 0.018153
Train Epoch: 7 [4200/7378 (57%)]	Loss: 0.104257
Train Epoch: 7 [4800/7378 (65%)]	Loss: 0.027093
Train Epoch: 7 [5400/7378 (73%)]	Loss: 0.050480
Train Epoch: 7 [6000/7378 (81%)]	Loss: 0.396432
Train Epoch: 7 [6600/7378 (89%)]	Loss: 0.050356
Train Epoch: 7 [7200/7378 (98%)]	Loss: 0.342629
Test set: Average loss: 1.1653, Accuracy: 1300/1844 (70%)
Train Epoch: 8 [0/7378 (0%)]	Loss: 0.076915
Train Epoch: 8 [600/7378 (8%)]	Loss: 0.032322
Train Epoch: 8 [1200/7378 (16%)]	Loss: 0.038168
Train Epoch: 8 [1800/7378 (24%)]	Loss: 0.023683
Train Epoch: 8 [2400/7378 (33%)]	Loss: 0.017001
Train Epoch: 8 [3000/7378 (41%)]	Loss: 0.016757
Train Epoch: 8 [3600/7378 (49%)]	Loss: 0.037087
Train Epoch: 8 [4200/7378 (57%)]	Loss: 0.043627
Train Epoch: 8 [4800/7378 (65%)]	Loss: 0.140512
Train Epoch: 8 [5400/7378 (73%)]	Loss: 0.084326
Train Epoch: 8 [6000/7378 (81%)]	Loss: 0.199673
Train Epoch: 8 [6600/7378 (89%)]	Loss: 0.049342
Train Epoch: 8 [7200/7378 (98%)]	Loss: 0.111136
Test set: Average loss: 0.9430, Accuracy: 1369/1844 (74%)
Train Epoch: 9 [0/7378 (0%)]	Loss: 0.077208
Train Epoch: 9 [600/7378 (8%)]	Loss: 0.023243
Train Epoch: 9 [1200/7378 (16%)]	Loss: 0.025753
Train Epoch: 9 [1800/7378 (24%)]	Loss: 0.023673
Train Epoch: 9 [2400/7378 (33%)]	Loss: 0.018188
Train Epoch: 9 [3000/7378 (41%)]	Loss: 0.174550
Train Epoch: 9 [3600/7378 (49%)]	Loss: 0.046376
Train Epoch: 9 [4200/7378 (57%)]	Loss: 0.033272
Train Epoch: 9 [4800/7378 (65%)]	Loss: 0.084046
Train Epoch: 9 [5400/7378 (73%)]	Loss: 0.032798
Train Epoch: 9 [6000/7378 (81%)]	Loss: 0.019591
Train Epoch: 9 [6600/7378 (89%)]	Loss: 0.056762
Train Epoch: 9 [7200/7378 (98%)]	Loss: 0.066435
Test set: Average loss: 1.0680, Accuracy: 1380/1844 (74%)
Train Epoch: 10 [0/7378 (0%)]	Loss: 0.026243
Train Epoch: 10 [600/7378 (8%)]	Loss: 0.005317
Train Epoch: 10 [1200/7378 (16%)]	Loss: 0.006905
Train Epoch: 10 [1800/7378 (24%)]	Loss: 0.012312
Train Epoch: 10 [2400/7378 (33%)]	Loss: 0.020046
Train Epoch: 10 [3000/7378 (41%)]	Loss: 0.036417
Train Epoch: 10 [3600/7378 (49%)]	Loss: 0.047804
Train Epoch: 10 [4200/7378 (57%)]	Loss: 0.042073
Train Epoch: 10 [4800/7378 (65%)]	Loss: 0.003442
Train Epoch: 10 [5400/7378 (73%)]	Loss: 0.025243
Train Epoch: 10 [6000/7378 (81%)]	Loss: 0.028480
Train Epoch: 10 [6600/7378 (89%)]	Loss: 0.019525
Train Epoch: 10 [7200/7378 (98%)]	Loss: 0.078542
Test set: Average loss: 1.0421, Accuracy: 1386/1844 (75%)
Train Epoch: 11 [0/7378 (0%)]	Loss: 0.020739
Train Epoch: 11 [600/7378 (8%)]	Loss: 0.061287
Train Epoch: 11 [1200/7378 (16%)]	Loss: 0.030947
Train Epoch: 11 [1800/7378 (24%)]	Loss: 0.024953
Train Epoch: 11 [2400/7378 (33%)]	Loss: 0.054630
Train Epoch: 11 [3000/7378 (41%)]	Loss: 0.068032
Train Epoch: 11 [3600/7378 (49%)]	Loss: 0.004184
Train Epoch: 11 [4200/7378 (57%)]	Loss: 0.004093
Train Epoch: 11 [4800/7378 (65%)]	Loss: 0.005323
Train Epoch: 11 [5400/7378 (73%)]	Loss: 0.024721
Train Epoch: 11 [6000/7378 (81%)]	Loss: 0.034548
Train Epoch: 11 [6600/7378 (89%)]	Loss: 0.027505
Train Epoch: 11 [7200/7378 (98%)]	Loss: 0.015957
Test set: Average loss: 1.0224, Accuracy: 1402/1844 (76%)
Train Epoch: 12 [0/7378 (0%)]	Loss: 0.014195
Train Epoch: 12 [600/7378 (8%)]	Loss: 0.016387
Train Epoch: 12 [1200/7378 (16%)]	Loss: 0.005431
Train Epoch: 12 [1800/7378 (24%)]	Loss: 0.009841
Train Epoch: 12 [2400/7378 (33%)]	Loss: 0.020496
Train Epoch: 12 [3000/7378 (41%)]	Loss: 0.023917
Train Epoch: 12 [3600/7378 (49%)]	Loss: 0.019264
Train Epoch: 12 [4200/7378 (57%)]	Loss: 0.025036
Train Epoch: 12 [4800/7378 (65%)]	Loss: 0.002491
Train Epoch: 12 [5400/7378 (73%)]	Loss: 0.030858
Train Epoch: 12 [6000/7378 (81%)]	Loss: 0.020370
Train Epoch: 12 [6600/7378 (89%)]	Loss: 0.084982
Train Epoch: 12 [7200/7378 (98%)]	Loss: 0.007640
Test set: Average loss: 1.0906, Accuracy: 1409/1844 (76%)
Train Epoch: 13 [0/7378 (0%)]	Loss: 0.003876
Train Epoch: 13 [600/7378 (8%)]	Loss: 0.012306
Train Epoch: 13 [1200/7378 (16%)]	Loss: 0.004925
Train Epoch: 13 [1800/7378 (24%)]	Loss: 0.017963
Train Epoch: 13 [2400/7378 (33%)]	Loss: 0.007874
Train Epoch: 13 [3000/7378 (41%)]	Loss: 0.019337
Train Epoch: 13 [3600/7378 (49%)]	Loss: 0.021167
Train Epoch: 13 [4200/7378 (57%)]	Loss: 0.004769
Train Epoch: 13 [4800/7378 (65%)]	Loss: 0.014615
Train Epoch: 13 [5400/7378 (73%)]	Loss: 0.093498
Train Epoch: 13 [6000/7378 (81%)]	Loss: 0.018271
Train Epoch: 13 [6600/7378 (89%)]	Loss: 0.052371
Train Epoch: 13 [7200/7378 (98%)]	Loss: 0.047350
Test set: Average loss: 1.1909, Accuracy: 1355/1844 (73%)
Train Epoch: 14 [0/7378 (0%)]	Loss: 0.025774
Train Epoch: 14 [600/7378 (8%)]	Loss: 0.029859
Train Epoch: 14 [1200/7378 (16%)]	Loss: 0.044723
Train Epoch: 14 [1800/7378 (24%)]	Loss: 0.024350
Train Epoch: 14 [2400/7378 (33%)]	Loss: 0.026021
Train Epoch: 14 [3000/7378 (41%)]	Loss: 0.006570
Train Epoch: 14 [3600/7378 (49%)]	Loss: 0.022993
Train Epoch: 14 [4200/7378 (57%)]	Loss: 0.023943
Train Epoch: 14 [4800/7378 (65%)]	Loss: 0.206013
Train Epoch: 14 [5400/7378 (73%)]	Loss: 0.028067
Train Epoch: 14 [6000/7378 (81%)]	Loss: 0.013706
Train Epoch: 14 [6600/7378 (89%)]	Loss: 0.046730
Train Epoch: 14 [7200/7378 (98%)]	Loss: 0.024307
Test set: Average loss: 1.0744, Accuracy: 1383/1844 (75%)
Train Epoch: 15 [0/7378 (0%)]	Loss: 0.040017
Train Epoch: 15 [600/7378 (8%)]	Loss: 0.007596
Train Epoch: 15 [1200/7378 (16%)]	Loss: 0.004446
Train Epoch: 15 [1800/7378 (24%)]	Loss: 0.003364
Train Epoch: 15 [2400/7378 (33%)]	Loss: 0.002106
Train Epoch: 15 [3000/7378 (41%)]	Loss: 0.026362
Train Epoch: 15 [3600/7378 (49%)]	Loss: 0.047475
Train Epoch: 15 [4200/7378 (57%)]	Loss: 0.015038
Train Epoch: 15 [4800/7378 (65%)]	Loss: 0.017672
Train Epoch: 15 [5400/7378 (73%)]	Loss: 0.025328
Train Epoch: 15 [6000/7378 (81%)]	Loss: 0.012331
Train Epoch: 15 [6600/7378 (89%)]	Loss: 0.003600
Train Epoch: 15 [7200/7378 (98%)]	Loss: 0.001104
Test set: Average loss: 1.0642, Accuracy: 1445/1844 (78%)
Train Epoch: 16 [0/7378 (0%)]	Loss: 0.001476
Train Epoch: 16 [600/7378 (8%)]	Loss: 0.001518
Train Epoch: 16 [1200/7378 (16%)]	Loss: 0.002801
Train Epoch: 16 [1800/7378 (24%)]	Loss: 0.012763
Train Epoch: 16 [2400/7378 (33%)]	Loss: 0.002082
Train Epoch: 16 [3000/7378 (41%)]	Loss: 0.005843
Train Epoch: 16 [3600/7378 (49%)]	Loss: 0.006550
Train Epoch: 16 [4200/7378 (57%)]	Loss: 0.003466
Train Epoch: 16 [4800/7378 (65%)]	Loss: 0.002084
Train Epoch: 16 [5400/7378 (73%)]	Loss: 0.043732
Train Epoch: 16 [6000/7378 (81%)]	Loss: 0.008016
Train Epoch: 16 [6600/7378 (89%)]	Loss: 0.006561
Train Epoch: 16 [7200/7378 (98%)]	Loss: 0.003601
Test set: Average loss: 1.0032, Accuracy: 1436/1844 (77%)
Train Epoch: 17 [0/7378 (0%)]	Loss: 0.002547
Train Epoch: 17 [600/7378 (8%)]	Loss: 0.001445
Train Epoch: 17 [1200/7378 (16%)]	Loss: 0.001237
Train Epoch: 17 [1800/7378 (24%)]	Loss: 0.005369
Train Epoch: 17 [2400/7378 (33%)]	Loss: 0.035058
Train Epoch: 17 [3000/7378 (41%)]	Loss: 0.001758
Train Epoch: 17 [3600/7378 (49%)]	Loss: 0.002248
Train Epoch: 17 [4200/7378 (57%)]	Loss: 0.003673
Train Epoch: 17 [4800/7378 (65%)]	Loss: 0.001008
Train Epoch: 17 [5400/7378 (73%)]	Loss: 0.001645
Train Epoch: 17 [6000/7378 (81%)]	Loss: 0.001301
Train Epoch: 17 [6600/7378 (89%)]	Loss: 0.006198
Train Epoch: 17 [7200/7378 (98%)]	Loss: 0.016942
Test set: Average loss: 1.1232, Accuracy: 1405/1844 (76%)
Train Epoch: 18 [0/7378 (0%)]	Loss: 0.004217
Train Epoch: 18 [600/7378 (8%)]	Loss: 0.059777
Train Epoch: 18 [1200/7378 (16%)]	Loss: 0.047806
Train Epoch: 18 [1800/7378 (24%)]	Loss: 0.004128
Train Epoch: 18 [2400/7378 (33%)]	Loss: 0.006857
Train Epoch: 18 [3000/7378 (41%)]	Loss: 0.003591
Train Epoch: 18 [3600/7378 (49%)]	Loss: 0.012040
Train Epoch: 18 [4200/7378 (57%)]	Loss: 0.016096
Train Epoch: 18 [4800/7378 (65%)]	Loss: 0.004409
Train Epoch: 18 [5400/7378 (73%)]	Loss: 0.004376
Train Epoch: 18 [6000/7378 (81%)]	Loss: 0.006670
Train Epoch: 18 [6600/7378 (89%)]	Loss: 0.017922
Train Epoch: 18 [7200/7378 (98%)]	Loss: 0.012447
Test set: Average loss: 1.1430, Accuracy: 1414/1844 (76%)
Train Epoch: 19 [0/7378 (0%)]	Loss: 0.003893
Train Epoch: 19 [600/7378 (8%)]	Loss: 0.006672
Train Epoch: 19 [1200/7378 (16%)]	Loss: 0.002004
Train Epoch: 19 [1800/7378 (24%)]	Loss: 0.055887
Train Epoch: 19 [2400/7378 (33%)]	Loss: 0.002203
Train Epoch: 19 [3000/7378 (41%)]	Loss: 0.010564
Train Epoch: 19 [3600/7378 (49%)]	Loss: 0.002824
Train Epoch: 19 [4200/7378 (57%)]	Loss: 0.004439
Train Epoch: 19 [4800/7378 (65%)]	Loss: 0.000509
Train Epoch: 19 [5400/7378 (73%)]	Loss: 0.005771
Train Epoch: 19 [6000/7378 (81%)]	Loss: 0.002490
Train Epoch: 19 [6600/7378 (89%)]	Loss: 0.001458
Train Epoch: 19 [7200/7378 (98%)]	Loss: 0.002566
Test set: Average loss: 1.1151, Accuracy: 1398/1844 (75%)
Train Epoch: 20 [0/7378 (0%)]	Loss: 0.003788
Train Epoch: 20 [600/7378 (8%)]	Loss: 0.002688
Train Epoch: 20 [1200/7378 (16%)]	Loss: 0.002016
Train Epoch: 20 [1800/7378 (24%)]	Loss: 0.006057
Train Epoch: 20 [2400/7378 (33%)]	Loss: 0.000839
Train Epoch: 20 [3000/7378 (41%)]	Loss: 0.001399
Train Epoch: 20 [3600/7378 (49%)]	Loss: 0.048187
Train Epoch: 20 [4200/7378 (57%)]	Loss: 0.002928
Train Epoch: 20 [4800/7378 (65%)]	Loss: 0.008098
Train Epoch: 20 [5400/7378 (73%)]	Loss: 0.001831
Train Epoch: 20 [6000/7378 (81%)]	Loss: 0.000936
Train Epoch: 20 [6600/7378 (89%)]	Loss: 0.000976
Train Epoch: 20 [7200/7378 (98%)]	Loss: 0.003244
Test set: Average loss: 1.0316, Accuracy: 1445/1844 (78%)
Train Epoch: 21 [0/7378 (0%)]	Loss: 0.004355
Train Epoch: 21 [600/7378 (8%)]	Loss: 0.004721
Train Epoch: 21 [1200/7378 (16%)]	Loss: 0.000726
Train Epoch: 21 [1800/7378 (24%)]	Loss: 0.004807
Train Epoch: 21 [2400/7378 (33%)]	Loss: 0.001620
Train Epoch: 21 [3000/7378 (41%)]	Loss: 0.001091
Train Epoch: 21 [3600/7378 (49%)]	Loss: 0.000774
Train Epoch: 21 [4200/7378 (57%)]	Loss: 0.003382
Train Epoch: 21 [4800/7378 (65%)]	Loss: 0.000829
Train Epoch: 21 [5400/7378 (73%)]	Loss: 0.000576
Train Epoch: 21 [6000/7378 (81%)]	Loss: 0.001972
Train Epoch: 21 [6600/7378 (89%)]	Loss: 0.002884
Train Epoch: 21 [7200/7378 (98%)]	Loss: 0.000886
Test set: Average loss: 1.0684, Accuracy: 1443/1844 (78%)
Train Epoch: 22 [0/7378 (0%)]	Loss: 0.002680
Train Epoch: 22 [600/7378 (8%)]	Loss: 0.000851
Train Epoch: 22 [1200/7378 (16%)]	Loss: 0.002554
Train Epoch: 22 [1800/7378 (24%)]	Loss: 0.000269
Train Epoch: 22 [2400/7378 (33%)]	Loss: 0.000288
Train Epoch: 22 [3000/7378 (41%)]	Loss: 0.000472
Train Epoch: 22 [3600/7378 (49%)]	Loss: 0.000598
Train Epoch: 22 [4200/7378 (57%)]	Loss: 0.001171
Train Epoch: 22 [4800/7378 (65%)]	Loss: 0.001727
Train Epoch: 22 [5400/7378 (73%)]	Loss: 0.003600
Train Epoch: 22 [6000/7378 (81%)]	Loss: 0.001368
Train Epoch: 22 [6600/7378 (89%)]	Loss: 0.000854
Train Epoch: 22 [7200/7378 (98%)]	Loss: 0.014660
Test set: Average loss: 1.0782, Accuracy: 1445/1844 (78%)
Train Epoch: 23 [0/7378 (0%)]	Loss: 0.002936
Train Epoch: 23 [600/7378 (8%)]	Loss: 0.000478
Train Epoch: 23 [1200/7378 (16%)]	Loss: 0.000272
Train Epoch: 23 [1800/7378 (24%)]	Loss: 0.000417
Train Epoch: 23 [2400/7378 (33%)]	Loss: 0.000329
Train Epoch: 23 [3000/7378 (41%)]	Loss: 0.000871
Train Epoch: 23 [3600/7378 (49%)]	Loss: 0.001364
Train Epoch: 23 [4200/7378 (57%)]	Loss: 0.001526
Train Epoch: 23 [4800/7378 (65%)]	Loss: 0.003288
Train Epoch: 23 [5400/7378 (73%)]	Loss: 0.000742
Train Epoch: 23 [6000/7378 (81%)]	Loss: 0.000501
Train Epoch: 23 [6600/7378 (89%)]	Loss: 0.001254
Train Epoch: 23 [7200/7378 (98%)]	Loss: 0.000428
Test set: Average loss: 1.0787, Accuracy: 1445/1844 (78%)
Train Epoch: 24 [0/7378 (0%)]	Loss: 0.000747
Train Epoch: 24 [600/7378 (8%)]	Loss: 0.000889
Train Epoch: 24 [1200/7378 (16%)]	Loss: 0.001106
Train Epoch: 24 [1800/7378 (24%)]	Loss: 0.001163
Train Epoch: 24 [2400/7378 (33%)]	Loss: 0.000247
Train Epoch: 24 [3000/7378 (41%)]	Loss: 0.000386
Train Epoch: 24 [3600/7378 (49%)]	Loss: 0.000300
Train Epoch: 24 [4200/7378 (57%)]	Loss: 0.000431
Train Epoch: 24 [4800/7378 (65%)]	Loss: 0.000472
Train Epoch: 24 [5400/7378 (73%)]	Loss: 0.000466
Train Epoch: 24 [6000/7378 (81%)]	Loss: 0.000257
Train Epoch: 24 [6600/7378 (89%)]	Loss: 0.000531
Train Epoch: 24 [7200/7378 (98%)]	Loss: 0.000344
Test set: Average loss: 1.0799, Accuracy: 1434/1844 (77%)
Train Epoch: 25 [0/7378 (0%)]	Loss: 0.000119
Train Epoch: 25 [600/7378 (8%)]	Loss: 0.000737
Train Epoch: 25 [1200/7378 (16%)]	Loss: 0.000377
Train Epoch: 25 [1800/7378 (24%)]	Loss: 0.000299
Train Epoch: 25 [2400/7378 (33%)]	Loss: 0.000227
Train Epoch: 25 [3000/7378 (41%)]	Loss: 0.000280
Train Epoch: 25 [3600/7378 (49%)]	Loss: 0.000431
Train Epoch: 25 [4200/7378 (57%)]	Loss: 0.000296
Train Epoch: 25 [4800/7378 (65%)]	Loss: 0.000136
Train Epoch: 25 [5400/7378 (73%)]	Loss: 0.000262
Train Epoch: 25 [6000/7378 (81%)]	Loss: 0.000203
Train Epoch: 25 [6600/7378 (89%)]	Loss: 0.000199
Train Epoch: 25 [7200/7378 (98%)]	Loss: 0.000464
Test set: Average loss: 1.0928, Accuracy: 1447/1844 (78%)
Train Epoch: 26 [0/7378 (0%)]	Loss: 0.001709
Train Epoch: 26 [600/7378 (8%)]	Loss: 0.000118
Train Epoch: 26 [1200/7378 (16%)]	Loss: 0.000126
Train Epoch: 26 [1800/7378 (24%)]	Loss: 0.000214
Train Epoch: 26 [2400/7378 (33%)]	Loss: 0.000225
Train Epoch: 26 [3000/7378 (41%)]	Loss: 0.000709
Train Epoch: 26 [3600/7378 (49%)]	Loss: 0.000943
Train Epoch: 26 [4200/7378 (57%)]	Loss: 0.000160
Train Epoch: 26 [4800/7378 (65%)]	Loss: 0.000186
Train Epoch: 26 [5400/7378 (73%)]	Loss: 0.000290
Train Epoch: 26 [6000/7378 (81%)]	Loss: 0.000596
Train Epoch: 26 [6600/7378 (89%)]	Loss: 0.000542
Train Epoch: 26 [7200/7378 (98%)]	Loss: 0.000749
Test set: Average loss: 1.1036, Accuracy: 1440/1844 (78%)
Train Epoch: 27 [0/7378 (0%)]	Loss: 0.000147
Train Epoch: 27 [600/7378 (8%)]	Loss: 0.000375
Train Epoch: 27 [1200/7378 (16%)]	Loss: 0.000345
Train Epoch: 27 [1800/7378 (24%)]	Loss: 0.002168
Train Epoch: 27 [2400/7378 (33%)]	Loss: 0.000264
Train Epoch: 27 [3000/7378 (41%)]	Loss: 0.000583
Train Epoch: 27 [3600/7378 (49%)]	Loss: 0.000176
Train Epoch: 27 [4200/7378 (57%)]	Loss: 0.009964
Train Epoch: 27 [4800/7378 (65%)]	Loss: 0.000111
Train Epoch: 27 [5400/7378 (73%)]	Loss: 0.000183
Train Epoch: 27 [6000/7378 (81%)]	Loss: 0.003941
Train Epoch: 27 [6600/7378 (89%)]	Loss: 0.000258
Train Epoch: 27 [7200/7378 (98%)]	Loss: 0.000310
Test set: Average loss: 1.1037, Accuracy: 1454/1844 (78%)
Train Epoch: 28 [0/7378 (0%)]	Loss: 0.000447
Train Epoch: 28 [600/7378 (8%)]	Loss: 0.000377
Train Epoch: 28 [1200/7378 (16%)]	Loss: 0.000356
Train Epoch: 28 [1800/7378 (24%)]	Loss: 0.000246
Train Epoch: 28 [2400/7378 (33%)]	Loss: 0.000174
Train Epoch: 28 [3000/7378 (41%)]	Loss: 0.000228
Train Epoch: 28 [3600/7378 (49%)]	Loss: 0.000339
Train Epoch: 28 [4200/7378 (57%)]	Loss: 0.000197
Train Epoch: 28 [4800/7378 (65%)]	Loss: 0.003703
Train Epoch: 28 [5400/7378 (73%)]	Loss: 0.000159
Train Epoch: 28 [6000/7378 (81%)]	Loss: 0.000092
Train Epoch: 28 [6600/7378 (89%)]	Loss: 0.000628
Train Epoch: 28 [7200/7378 (98%)]	Loss: 0.000231
Test set: Average loss: 1.1030, Accuracy: 1445/1844 (78%)
Train Epoch: 29 [0/7378 (0%)]	Loss: 0.000578
Train Epoch: 29 [600/7378 (8%)]	Loss: 0.000525
Train Epoch: 29 [1200/7378 (16%)]	Loss: 0.000269
Train Epoch: 29 [1800/7378 (24%)]	Loss: 0.000216
Train Epoch: 29 [2400/7378 (33%)]	Loss: 0.000208
Train Epoch: 29 [3000/7378 (41%)]	Loss: 0.000625
Train Epoch: 29 [3600/7378 (49%)]	Loss: 0.000268
Train Epoch: 29 [4200/7378 (57%)]	Loss: 0.000214
Train Epoch: 29 [4800/7378 (65%)]	Loss: 0.000285
Train Epoch: 29 [5400/7378 (73%)]	Loss: 0.000271
Train Epoch: 29 [6000/7378 (81%)]	Loss: 0.000299
Train Epoch: 29 [6600/7378 (89%)]	Loss: 0.000436
Train Epoch: 29 [7200/7378 (98%)]	Loss: 0.000840
Test set: Average loss: 1.1121, Accuracy: 1443/1844 (78%)
Train Epoch: 30 [0/7378 (0%)]	Loss: 0.000250
Train Epoch: 30 [600/7378 (8%)]	Loss: 0.001278
Train Epoch: 30 [1200/7378 (16%)]	Loss: 0.000205
Train Epoch: 30 [1800/7378 (24%)]	Loss: 0.000175
Train Epoch: 30 [2400/7378 (33%)]	Loss: 0.000245
Train Epoch: 30 [3000/7378 (41%)]	Loss: 0.000365
Train Epoch: 30 [3600/7378 (49%)]	Loss: 0.000321
Train Epoch: 30 [4200/7378 (57%)]	Loss: 0.000225
Train Epoch: 30 [4800/7378 (65%)]	Loss: 0.000061
Train Epoch: 30 [5400/7378 (73%)]	Loss: 0.000264
Train Epoch: 30 [6000/7378 (81%)]	Loss: 0.000187
Train Epoch: 30 [6600/7378 (89%)]	Loss: 0.000225
Train Epoch: 30 [7200/7378 (98%)]	Loss: 0.000205
Test set: Average loss: 1.1039, Accuracy: 1455/1844 (78%)
Train Epoch: 31 [0/7378 (0%)]	Loss: 0.000324
Train Epoch: 31 [600/7378 (8%)]	Loss: 0.000448
Train Epoch: 31 [1200/7378 (16%)]	Loss: 0.000313
Train Epoch: 31 [1800/7378 (24%)]	Loss: 0.000288
Train Epoch: 31 [2400/7378 (33%)]	Loss: 0.000240
Train Epoch: 31 [3000/7378 (41%)]	Loss: 0.000092
Train Epoch: 31 [3600/7378 (49%)]	Loss: 0.000067
Train Epoch: 31 [4200/7378 (57%)]	Loss: 0.000079
Train Epoch: 31 [4800/7378 (65%)]	Loss: 0.000070
Train Epoch: 31 [5400/7378 (73%)]	Loss: 0.000130
Train Epoch: 31 [6000/7378 (81%)]	Loss: 0.000107
Train Epoch: 31 [6600/7378 (89%)]	Loss: 0.000318
Train Epoch: 31 [7200/7378 (98%)]	Loss: 0.000171
Test set: Average loss: 1.1047, Accuracy: 1461/1844 (79%)
Train Epoch: 32 [0/7378 (0%)]	Loss: 0.000150
Train Epoch: 32 [600/7378 (8%)]	Loss: 0.000165
Train Epoch: 32 [1200/7378 (16%)]	Loss: 0.000116
Train Epoch: 32 [1800/7378 (24%)]	Loss: 0.000081
Train Epoch: 32 [2400/7378 (33%)]	Loss: 0.000143
Train Epoch: 32 [3000/7378 (41%)]	Loss: 0.000172
Train Epoch: 32 [3600/7378 (49%)]	Loss: 0.000353
Train Epoch: 32 [4200/7378 (57%)]	Loss: 0.000145
Train Epoch: 32 [4800/7378 (65%)]	Loss: 0.000220
Train Epoch: 32 [5400/7378 (73%)]	Loss: 0.000201
Train Epoch: 32 [6000/7378 (81%)]	Loss: 0.000233
Train Epoch: 32 [6600/7378 (89%)]	Loss: 0.000099
Train Epoch: 32 [7200/7378 (98%)]	Loss: 0.000091
Test set: Average loss: 1.1231, Accuracy: 1461/1844 (79%)
Train Epoch: 33 [0/7378 (0%)]	Loss: 0.000331
Train Epoch: 33 [600/7378 (8%)]	Loss: 0.000090
Train Epoch: 33 [1200/7378 (16%)]	Loss: 0.000115
Train Epoch: 33 [1800/7378 (24%)]	Loss: 0.000129
Train Epoch: 33 [2400/7378 (33%)]	Loss: 0.000166
Train Epoch: 33 [3000/7378 (41%)]	Loss: 0.000071
Train Epoch: 33 [3600/7378 (49%)]	Loss: 0.000184
Train Epoch: 33 [4200/7378 (57%)]	Loss: 0.000222
Train Epoch: 33 [4800/7378 (65%)]	Loss: 0.000259
Train Epoch: 33 [5400/7378 (73%)]	Loss: 0.000129
Train Epoch: 33 [6000/7378 (81%)]	Loss: 0.000449
Train Epoch: 33 [6600/7378 (89%)]	Loss: 0.000058
Train Epoch: 33 [7200/7378 (98%)]	Loss: 0.001132
Test set: Average loss: 1.1215, Accuracy: 1458/1844 (79%)
Train Epoch: 34 [0/7378 (0%)]	Loss: 0.000050
Train Epoch: 34 [600/7378 (8%)]	Loss: 0.000417
Train Epoch: 34 [1200/7378 (16%)]	Loss: 0.000095
Train Epoch: 34 [1800/7378 (24%)]	Loss: 0.000184
Train Epoch: 34 [2400/7378 (33%)]	Loss: 0.000310
Train Epoch: 34 [3000/7378 (41%)]	Loss: 0.000122
Train Epoch: 34 [3600/7378 (49%)]	Loss: 0.000188
Train Epoch: 34 [4200/7378 (57%)]	Loss: 0.000368
Train Epoch: 34 [4800/7378 (65%)]	Loss: 0.000468
Train Epoch: 34 [5400/7378 (73%)]	Loss: 0.000787
Train Epoch: 34 [6000/7378 (81%)]	Loss: 0.000252
Train Epoch: 34 [6600/7378 (89%)]	Loss: 0.000148
Train Epoch: 34 [7200/7378 (98%)]	Loss: 0.000254
Test set: Average loss: 1.1578, Accuracy: 1466/1844 (79%)
Train Epoch: 35 [0/7378 (0%)]	Loss: 0.000188
Train Epoch: 35 [600/7378 (8%)]	Loss: 0.001001
Train Epoch: 35 [1200/7378 (16%)]	Loss: 0.000110
Train Epoch: 35 [1800/7378 (24%)]	Loss: 0.000102
Train Epoch: 35 [2400/7378 (33%)]	Loss: 0.000078
Train Epoch: 35 [3000/7378 (41%)]	Loss: 0.000176
Train Epoch: 35 [3600/7378 (49%)]	Loss: 0.000143
Train Epoch: 35 [4200/7378 (57%)]	Loss: 0.000154
Train Epoch: 35 [4800/7378 (65%)]	Loss: 0.000059
Train Epoch: 35 [5400/7378 (73%)]	Loss: 0.000468
Train Epoch: 35 [6000/7378 (81%)]	Loss: 0.000287
Train Epoch: 35 [6600/7378 (89%)]	Loss: 0.000335
Train Epoch: 35 [7200/7378 (98%)]	Loss: 0.000092
Test set: Average loss: 1.1310, Accuracy: 1457/1844 (79%)
Train Epoch: 36 [0/7378 (0%)]	Loss: 0.000427
Train Epoch: 36 [600/7378 (8%)]	Loss: 0.000084
Train Epoch: 36 [1200/7378 (16%)]	Loss: 0.000438
Train Epoch: 36 [1800/7378 (24%)]	Loss: 0.000153
Train Epoch: 36 [2400/7378 (33%)]	Loss: 0.000679
Train Epoch: 36 [3000/7378 (41%)]	Loss: 0.000211
Train Epoch: 36 [3600/7378 (49%)]	Loss: 0.000195
Train Epoch: 36 [4200/7378 (57%)]	Loss: 0.000176
Train Epoch: 36 [4800/7378 (65%)]	Loss: 0.000065
Train Epoch: 36 [5400/7378 (73%)]	Loss: 0.000087
Train Epoch: 36 [6000/7378 (81%)]	Loss: 0.000388
Train Epoch: 36 [6600/7378 (89%)]	Loss: 0.000055
Train Epoch: 36 [7200/7378 (98%)]	Loss: 0.000038
Test set: Average loss: 1.1416, Accuracy: 1463/1844 (79%)
Train Epoch: 37 [0/7378 (0%)]	Loss: 0.000058
Train Epoch: 37 [600/7378 (8%)]	Loss: 0.000106
Train Epoch: 37 [1200/7378 (16%)]	Loss: 0.000100
Train Epoch: 37 [1800/7378 (24%)]	Loss: 0.000298
Train Epoch: 37 [2400/7378 (33%)]	Loss: 0.000051
Train Epoch: 37 [3000/7378 (41%)]	Loss: 0.000205
Train Epoch: 37 [3600/7378 (49%)]	Loss: 0.000126
Train Epoch: 37 [4200/7378 (57%)]	Loss: 0.018445
Train Epoch: 37 [4800/7378 (65%)]	Loss: 0.000193
Train Epoch: 37 [5400/7378 (73%)]	Loss: 0.000046
Train Epoch: 37 [6000/7378 (81%)]	Loss: 0.000170
Train Epoch: 37 [6600/7378 (89%)]	Loss: 0.000369
Train Epoch: 37 [7200/7378 (98%)]	Loss: 0.000294
Test set: Average loss: 1.1404, Accuracy: 1462/1844 (79%)
Train Epoch: 38 [0/7378 (0%)]	Loss: 0.000172
Train Epoch: 38 [600/7378 (8%)]	Loss: 0.000049
Train Epoch: 38 [1200/7378 (16%)]	Loss: 0.000087
Train Epoch: 38 [1800/7378 (24%)]	Loss: 0.000180
Train Epoch: 38 [2400/7378 (33%)]	Loss: 0.000350
Train Epoch: 38 [3000/7378 (41%)]	Loss: 0.000161
Train Epoch: 38 [3600/7378 (49%)]	Loss: 0.000337
Train Epoch: 38 [4200/7378 (57%)]	Loss: 0.000049
Train Epoch: 38 [4800/7378 (65%)]	Loss: 0.000084
Train Epoch: 38 [5400/7378 (73%)]	Loss: 0.000132
Train Epoch: 38 [6000/7378 (81%)]	Loss: 0.000135
Train Epoch: 38 [6600/7378 (89%)]	Loss: 0.000084
Train Epoch: 38 [7200/7378 (98%)]	Loss: 0.000191
Test set: Average loss: 1.1443, Accuracy: 1455/1844 (78%)
Train Epoch: 39 [0/7378 (0%)]	Loss: 0.000188
Train Epoch: 39 [600/7378 (8%)]	Loss: 0.000106
Train Epoch: 39 [1200/7378 (16%)]	Loss: 0.000358
Train Epoch: 39 [1800/7378 (24%)]	Loss: 0.000123
Train Epoch: 39 [2400/7378 (33%)]	Loss: 0.000109
Train Epoch: 39 [3000/7378 (41%)]	Loss: 0.000048
Train Epoch: 39 [3600/7378 (49%)]	Loss: 0.000264
Train Epoch: 39 [4200/7378 (57%)]	Loss: 0.000233
Train Epoch: 39 [4800/7378 (65%)]	Loss: 0.000060
Train Epoch: 39 [5400/7378 (73%)]	Loss: 0.000201
Train Epoch: 39 [6000/7378 (81%)]	Loss: 0.000067
Train Epoch: 39 [6600/7378 (89%)]	Loss: 0.000050
Train Epoch: 39 [7200/7378 (98%)]	Loss: 0.000058
Test set: Average loss: 1.1601, Accuracy: 1461/1844 (79%)
Train Epoch: 40 [0/7378 (0%)]	Loss: 0.000127
Train Epoch: 40 [600/7378 (8%)]	Loss: 0.000184
Train Epoch: 40 [1200/7378 (16%)]	Loss: 0.000156
Train Epoch: 40 [1800/7378 (24%)]	Loss: 0.000041
Train Epoch: 40 [2400/7378 (33%)]	Loss: 0.000077
Train Epoch: 40 [3000/7378 (41%)]	Loss: 0.000159
Train Epoch: 40 [3600/7378 (49%)]	Loss: 0.000071
Train Epoch: 40 [4200/7378 (57%)]	Loss: 0.000179
Train Epoch: 40 [4800/7378 (65%)]	Loss: 0.002665
Train Epoch: 40 [5400/7378 (73%)]	Loss: 0.000043
Train Epoch: 40 [6000/7378 (81%)]	Loss: 0.000048
Train Epoch: 40 [6600/7378 (89%)]	Loss: 0.000289
Train Epoch: 40 [7200/7378 (98%)]	Loss: 0.000119
Test set: Average loss: 1.1503, Accuracy: 1462/1844 (79%)
Train Epoch: 41 [0/7378 (0%)]	Loss: 0.000113
Train Epoch: 41 [600/7378 (8%)]	Loss: 0.000091
Train Epoch: 41 [1200/7378 (16%)]	Loss: 0.000085
Train Epoch: 41 [1800/7378 (24%)]	Loss: 0.000115
Train Epoch: 41 [2400/7378 (33%)]	Loss: 0.000130
Train Epoch: 41 [3000/7378 (41%)]	Loss: 0.000250
Train Epoch: 41 [3600/7378 (49%)]	Loss: 0.000182
Train Epoch: 41 [4200/7378 (57%)]	Loss: 0.000130
Train Epoch: 41 [4800/7378 (65%)]	Loss: 0.000104
Train Epoch: 41 [5400/7378 (73%)]	Loss: 0.000192
Train Epoch: 41 [6000/7378 (81%)]	Loss: 0.000272
Train Epoch: 41 [6600/7378 (89%)]	Loss: 0.000387
Train Epoch: 41 [7200/7378 (98%)]	Loss: 0.000155
Test set: Average loss: 1.1485, Accuracy: 1461/1844 (79%)
Train Epoch: 42 [0/7378 (0%)]	Loss: 0.000125
Train Epoch: 42 [600/7378 (8%)]	Loss: 0.000433
Train Epoch: 42 [1200/7378 (16%)]	Loss: 0.000071
Train Epoch: 42 [1800/7378 (24%)]	Loss: 0.000047
Train Epoch: 42 [2400/7378 (33%)]	Loss: 0.000073
Train Epoch: 42 [3000/7378 (41%)]	Loss: 0.000054
Train Epoch: 42 [3600/7378 (49%)]	Loss: 0.000138
Train Epoch: 42 [4200/7378 (57%)]	Loss: 0.000128
Train Epoch: 42 [4800/7378 (65%)]	Loss: 0.000207
Train Epoch: 42 [5400/7378 (73%)]	Loss: 0.000105
Train Epoch: 42 [6000/7378 (81%)]	Loss: 0.000134
Train Epoch: 42 [6600/7378 (89%)]	Loss: 0.000067
Train Epoch: 42 [7200/7378 (98%)]	Loss: 0.000045
Test set: Average loss: 1.1591, Accuracy: 1481/1844 (80%)
Train Epoch: 43 [0/7378 (0%)]	Loss: 0.000125
Train Epoch: 43 [600/7378 (8%)]	Loss: 0.000234
Train Epoch: 43 [1200/7378 (16%)]	Loss: 0.000259
Train Epoch: 43 [1800/7378 (24%)]	Loss: 0.000181
Train Epoch: 43 [2400/7378 (33%)]	Loss: 0.000130
Train Epoch: 43 [3000/7378 (41%)]	Loss: 0.000069
Train Epoch: 43 [3600/7378 (49%)]	Loss: 0.000266
Train Epoch: 43 [4200/7378 (57%)]	Loss: 0.000034
Train Epoch: 43 [4800/7378 (65%)]	Loss: 0.000171
Train Epoch: 43 [5400/7378 (73%)]	Loss: 0.000075
Train Epoch: 43 [6000/7378 (81%)]	Loss: 0.000061
Train Epoch: 43 [6600/7378 (89%)]	Loss: 0.000131
Train Epoch: 43 [7200/7378 (98%)]	Loss: 0.000049
Test set: Average loss: 1.1422, Accuracy: 1472/1844 (79%)
Train Epoch: 44 [0/7378 (0%)]	Loss: 0.000039
Train Epoch: 44 [600/7378 (8%)]	Loss: 0.000107
Train Epoch: 44 [1200/7378 (16%)]	Loss: 0.000045
Train Epoch: 44 [1800/7378 (24%)]	Loss: 0.000144
Train Epoch: 44 [2400/7378 (33%)]	Loss: 0.000120
Train Epoch: 44 [3000/7378 (41%)]	Loss: 0.000078
Train Epoch: 44 [3600/7378 (49%)]	Loss: 0.000061
Train Epoch: 44 [4200/7378 (57%)]	Loss: 0.000037
Train Epoch: 44 [4800/7378 (65%)]	Loss: 0.000894
Train Epoch: 44 [5400/7378 (73%)]	Loss: 0.000106
Train Epoch: 44 [6000/7378 (81%)]	Loss: 0.000113
Train Epoch: 44 [6600/7378 (89%)]	Loss: 0.000069
Train Epoch: 44 [7200/7378 (98%)]	Loss: 0.000225
Test set: Average loss: 1.1543, Accuracy: 1472/1844 (79%)
Train Epoch: 45 [0/7378 (0%)]	Loss: 0.000345
Train Epoch: 45 [600/7378 (8%)]	Loss: 0.001493
Train Epoch: 45 [1200/7378 (16%)]	Loss: 0.000175
Train Epoch: 45 [1800/7378 (24%)]	Loss: 0.000068
Train Epoch: 45 [2400/7378 (33%)]	Loss: 0.000036
Train Epoch: 45 [3000/7378 (41%)]	Loss: 0.000059
Train Epoch: 45 [3600/7378 (49%)]	Loss: 0.000034
Train Epoch: 45 [4200/7378 (57%)]	Loss: 0.000179
Train Epoch: 45 [4800/7378 (65%)]	Loss: 0.000112
Train Epoch: 45 [5400/7378 (73%)]	Loss: 0.000058
Train Epoch: 45 [6000/7378 (81%)]	Loss: 0.000022
Train Epoch: 45 [6600/7378 (89%)]	Loss: 0.000102
Train Epoch: 45 [7200/7378 (98%)]	Loss: 0.000067
Test set: Average loss: 1.1741, Accuracy: 1470/1844 (79%)
Train Epoch: 46 [0/7378 (0%)]	Loss: 0.000307
Train Epoch: 46 [600/7378 (8%)]	Loss: 0.000173
Train Epoch: 46 [1200/7378 (16%)]	Loss: 0.000040
Train Epoch: 46 [1800/7378 (24%)]	Loss: 0.000068
Train Epoch: 46 [2400/7378 (33%)]	Loss: 0.000268
Train Epoch: 46 [3000/7378 (41%)]	Loss: 0.000145
Train Epoch: 46 [3600/7378 (49%)]	Loss: 0.000203
Train Epoch: 46 [4200/7378 (57%)]	Loss: 0.000105
Train Epoch: 46 [4800/7378 (65%)]	Loss: 0.000050
Train Epoch: 46 [5400/7378 (73%)]	Loss: 0.000108
Train Epoch: 46 [6000/7378 (81%)]	Loss: 0.000066
Train Epoch: 46 [6600/7378 (89%)]	Loss: 0.000111
Train Epoch: 46 [7200/7378 (98%)]	Loss: 0.000106
Test set: Average loss: 1.1574, Accuracy: 1463/1844 (79%)
Train Epoch: 47 [0/7378 (0%)]	Loss: 0.000030
Train Epoch: 47 [600/7378 (8%)]	Loss: 0.000186
Train Epoch: 47 [1200/7378 (16%)]	Loss: 0.000290
Train Epoch: 47 [1800/7378 (24%)]	Loss: 0.000055
Train Epoch: 47 [2400/7378 (33%)]	Loss: 0.000224
Train Epoch: 47 [3000/7378 (41%)]	Loss: 0.000312
Train Epoch: 47 [3600/7378 (49%)]	Loss: 0.000136
Train Epoch: 47 [4200/7378 (57%)]	Loss: 0.000040
Train Epoch: 47 [4800/7378 (65%)]	Loss: 0.012738
Train Epoch: 47 [5400/7378 (73%)]	Loss: 0.000116
Train Epoch: 47 [6000/7378 (81%)]	Loss: 0.000043
Train Epoch: 47 [6600/7378 (89%)]	Loss: 0.000287
Train Epoch: 47 [7200/7378 (98%)]	Loss: 0.000085
Test set: Average loss: 1.1591, Accuracy: 1466/1844 (79%)
Train Epoch: 48 [0/7378 (0%)]	Loss: 0.000039
Train Epoch: 48 [600/7378 (8%)]	Loss: 0.000181
Train Epoch: 48 [1200/7378 (16%)]	Loss: 0.000037
Train Epoch: 48 [1800/7378 (24%)]	Loss: 0.000100
Train Epoch: 48 [2400/7378 (33%)]	Loss: 0.000091
Train Epoch: 48 [3000/7378 (41%)]	Loss: 0.000076
Train Epoch: 48 [3600/7378 (49%)]	Loss: 0.000081
Train Epoch: 48 [4200/7378 (57%)]	Loss: 0.000050
Train Epoch: 48 [4800/7378 (65%)]	Loss: 0.000132
Train Epoch: 48 [5400/7378 (73%)]	Loss: 0.013281
Train Epoch: 48 [6000/7378 (81%)]	Loss: 0.000063
Train Epoch: 48 [6600/7378 (89%)]	Loss: 0.000048
Train Epoch: 48 [7200/7378 (98%)]	Loss: 0.000361
Test set: Average loss: 1.1712, Accuracy: 1464/1844 (79%)
Train Epoch: 49 [0/7378 (0%)]	Loss: 0.000099
Train Epoch: 49 [600/7378 (8%)]	Loss: 0.000115
Train Epoch: 49 [1200/7378 (16%)]	Loss: 0.000172
Train Epoch: 49 [1800/7378 (24%)]	Loss: 0.000506
Train Epoch: 49 [2400/7378 (33%)]	Loss: 0.000060
Train Epoch: 49 [3000/7378 (41%)]	Loss: 0.000867
Train Epoch: 49 [3600/7378 (49%)]	Loss: 0.000049
Train Epoch: 49 [4200/7378 (57%)]	Loss: 0.000412
Train Epoch: 49 [4800/7378 (65%)]	Loss: 0.000214
Train Epoch: 49 [5400/7378 (73%)]	Loss: 0.000188
Train Epoch: 49 [6000/7378 (81%)]	Loss: 0.000175
Train Epoch: 49 [6600/7378 (89%)]	Loss: 0.000388
Train Epoch: 49 [7200/7378 (98%)]	Loss: 0.000266
Test set: Average loss: 1.1700, Accuracy: 1474/1844 (79%)
Train Epoch: 50 [0/7378 (0%)]	Loss: 0.000105
Train Epoch: 50 [600/7378 (8%)]	Loss: 0.000214
Train Epoch: 50 [1200/7378 (16%)]	Loss: 0.000199
Train Epoch: 50 [1800/7378 (24%)]	Loss: 0.000413
Train Epoch: 50 [2400/7378 (33%)]	Loss: 0.000161
Train Epoch: 50 [3000/7378 (41%)]	Loss: 0.000189
Train Epoch: 50 [3600/7378 (49%)]	Loss: 0.000607
Train Epoch: 50 [4200/7378 (57%)]	Loss: 0.000074
Train Epoch: 50 [4800/7378 (65%)]	Loss: 0.000273
Train Epoch: 50 [5400/7378 (73%)]	Loss: 0.000087
Train Epoch: 50 [6000/7378 (81%)]	Loss: 0.000060
Train Epoch: 50 [6600/7378 (89%)]	Loss: 0.000039
Train Epoch: 50 [7200/7378 (98%)]	Loss: 0.000071
Test set: Average loss: 1.1637, Accuracy: 1469/1844 (79%)
Train Epoch: 51 [0/7378 (0%)]	Loss: 0.000047
Train Epoch: 51 [600/7378 (8%)]	Loss: 0.000102
Train Epoch: 51 [1200/7378 (16%)]	Loss: 0.000329
Train Epoch: 51 [1800/7378 (24%)]	Loss: 0.000072
Train Epoch: 51 [2400/7378 (33%)]	Loss: 0.000049
Train Epoch: 51 [3000/7378 (41%)]	Loss: 0.000059
Train Epoch: 51 [3600/7378 (49%)]	Loss: 0.000074
Train Epoch: 51 [4200/7378 (57%)]	Loss: 0.000259
Train Epoch: 51 [4800/7378 (65%)]	Loss: 0.000085
Train Epoch: 51 [5400/7378 (73%)]	Loss: 0.016965
Train Epoch: 51 [6000/7378 (81%)]	Loss: 0.000219
Train Epoch: 51 [6600/7378 (89%)]	Loss: 0.000041
Train Epoch: 51 [7200/7378 (98%)]	Loss: 0.000180
Test set: Average loss: 1.1704, Accuracy: 1472/1844 (79%)
Train Epoch: 52 [0/7378 (0%)]	Loss: 0.000120
Train Epoch: 52 [600/7378 (8%)]	Loss: 0.000025
Train Epoch: 52 [1200/7378 (16%)]	Loss: 0.000067
Train Epoch: 52 [1800/7378 (24%)]	Loss: 0.000187
Train Epoch: 52 [2400/7378 (33%)]	Loss: 0.000056
Train Epoch: 52 [3000/7378 (41%)]	Loss: 0.000067
Train Epoch: 52 [3600/7378 (49%)]	Loss: 0.000044
Train Epoch: 52 [4200/7378 (57%)]	Loss: 0.000053
Train Epoch: 52 [4800/7378 (65%)]	Loss: 0.000074
Train Epoch: 52 [5400/7378 (73%)]	Loss: 0.000168
Train Epoch: 52 [6000/7378 (81%)]	Loss: 0.000039
Train Epoch: 52 [6600/7378 (89%)]	Loss: 0.000077
Train Epoch: 52 [7200/7378 (98%)]	Loss: 0.000026
Test set: Average loss: 1.1573, Accuracy: 1461/1844 (79%)
Train Epoch: 53 [0/7378 (0%)]	Loss: 0.000032
Train Epoch: 53 [600/7378 (8%)]	Loss: 0.000058
Train Epoch: 53 [1200/7378 (16%)]	Loss: 0.000052
Train Epoch: 53 [1800/7378 (24%)]	Loss: 0.000082
Train Epoch: 53 [2400/7378 (33%)]	Loss: 0.000031
Train Epoch: 53 [3000/7378 (41%)]	Loss: 0.000093
Train Epoch: 53 [3600/7378 (49%)]	Loss: 0.000027
Train Epoch: 53 [4200/7378 (57%)]	Loss: 0.000046
Train Epoch: 53 [4800/7378 (65%)]	Loss: 0.000041
Train Epoch: 53 [5400/7378 (73%)]	Loss: 0.000051
Train Epoch: 53 [6000/7378 (81%)]	Loss: 0.000171
Train Epoch: 53 [6600/7378 (89%)]	Loss: 0.000177
Train Epoch: 53 [7200/7378 (98%)]	Loss: 0.000026
Test set: Average loss: 1.1581, Accuracy: 1469/1844 (79%)
Train Epoch: 54 [0/7378 (0%)]	Loss: 0.000041
Train Epoch: 54 [600/7378 (8%)]	Loss: 0.000120
Train Epoch: 54 [1200/7378 (16%)]	Loss: 0.000141
Train Epoch: 54 [1800/7378 (24%)]	Loss: 0.000034
Train Epoch: 54 [2400/7378 (33%)]	Loss: 0.000030
Train Epoch: 54 [3000/7378 (41%)]	Loss: 0.000039
Train Epoch: 54 [3600/7378 (49%)]	Loss: 0.022592
Train Epoch: 54 [4200/7378 (57%)]	Loss: 0.000232
Train Epoch: 54 [4800/7378 (65%)]	Loss: 0.000065
Train Epoch: 54 [5400/7378 (73%)]	Loss: 0.000450
Train Epoch: 54 [6000/7378 (81%)]	Loss: 0.000032
Train Epoch: 54 [6600/7378 (89%)]	Loss: 0.000034
Train Epoch: 54 [7200/7378 (98%)]	Loss: 0.000039
Test set: Average loss: 1.1885, Accuracy: 1474/1844 (79%)
Train Epoch: 55 [0/7378 (0%)]	Loss: 0.000122
Train Epoch: 55 [600/7378 (8%)]	Loss: 0.000113
Train Epoch: 55 [1200/7378 (16%)]	Loss: 0.000040
Train Epoch: 55 [1800/7378 (24%)]	Loss: 0.000034
Train Epoch: 55 [2400/7378 (33%)]	Loss: 0.000034
Train Epoch: 55 [3000/7378 (41%)]	Loss: 0.000070
Train Epoch: 55 [3600/7378 (49%)]	Loss: 0.000213
Train Epoch: 55 [4200/7378 (57%)]	Loss: 0.000134
Train Epoch: 55 [4800/7378 (65%)]	Loss: 0.000120
Train Epoch: 55 [5400/7378 (73%)]	Loss: 0.000037
Train Epoch: 55 [6000/7378 (81%)]	Loss: 0.000064
Train Epoch: 55 [6600/7378 (89%)]	Loss: 0.000052
Train Epoch: 55 [7200/7378 (98%)]	Loss: 0.000064
Test set: Average loss: 1.1760, Accuracy: 1472/1844 (79%)
Train Epoch: 56 [0/7378 (0%)]	Loss: 0.000041
Train Epoch: 56 [600/7378 (8%)]	Loss: 0.000054
Train Epoch: 56 [1200/7378 (16%)]	Loss: 0.000042
Train Epoch: 56 [1800/7378 (24%)]	Loss: 0.000220
Train Epoch: 56 [2400/7378 (33%)]	Loss: 0.000057
Train Epoch: 56 [3000/7378 (41%)]	Loss: 0.000085
Train Epoch: 56 [3600/7378 (49%)]	Loss: 0.000489
Train Epoch: 56 [4200/7378 (57%)]	Loss: 0.000024
Train Epoch: 56 [4800/7378 (65%)]	Loss: 0.000025
Train Epoch: 56 [5400/7378 (73%)]	Loss: 0.000719
Train Epoch: 56 [6000/7378 (81%)]	Loss: 0.000063
Train Epoch: 56 [6600/7378 (89%)]	Loss: 0.000109
Train Epoch: 56 [7200/7378 (98%)]	Loss: 0.000039
Test set: Average loss: 1.1733, Accuracy: 1468/1844 (79%)
Train Epoch: 57 [0/7378 (0%)]	Loss: 0.000027
Train Epoch: 57 [600/7378 (8%)]	Loss: 0.000038
Train Epoch: 57 [1200/7378 (16%)]	Loss: 0.000052
Train Epoch: 57 [1800/7378 (24%)]	Loss: 0.000028
Train Epoch: 57 [2400/7378 (33%)]	Loss: 0.000386
Train Epoch: 57 [3000/7378 (41%)]	Loss: 0.000072
Train Epoch: 57 [3600/7378 (49%)]	Loss: 0.000080
Train Epoch: 57 [4200/7378 (57%)]	Loss: 0.000086
Train Epoch: 57 [4800/7378 (65%)]	Loss: 0.000023
Train Epoch: 57 [5400/7378 (73%)]	Loss: 0.000071
Train Epoch: 57 [6000/7378 (81%)]	Loss: 0.000087
Train Epoch: 57 [6600/7378 (89%)]	Loss: 0.000110
Train Epoch: 57 [7200/7378 (98%)]	Loss: 0.000130
Test set: Average loss: 1.1681, Accuracy: 1469/1844 (79%)
Train Epoch: 58 [0/7378 (0%)]	Loss: 0.000040
Train Epoch: 58 [600/7378 (8%)]	Loss: 0.000058
Train Epoch: 58 [1200/7378 (16%)]	Loss: 0.000103
Train Epoch: 58 [1800/7378 (24%)]	Loss: 0.000042
Train Epoch: 58 [2400/7378 (33%)]	Loss: 0.000494
Train Epoch: 58 [3000/7378 (41%)]	Loss: 0.000029
Train Epoch: 58 [3600/7378 (49%)]	Loss: 0.000086
Train Epoch: 58 [4200/7378 (57%)]	Loss: 0.000033
Train Epoch: 58 [4800/7378 (65%)]	Loss: 0.000060
Train Epoch: 58 [5400/7378 (73%)]	Loss: 0.000222
Train Epoch: 58 [6000/7378 (81%)]	Loss: 0.000055
Train Epoch: 58 [6600/7378 (89%)]	Loss: 0.000415
Train Epoch: 58 [7200/7378 (98%)]	Loss: 0.000060
Test set: Average loss: 1.1935, Accuracy: 1473/1844 (79%)
Train Epoch: 59 [0/7378 (0%)]	Loss: 0.000023
Train Epoch: 59 [600/7378 (8%)]	Loss: 0.000115
Train Epoch: 59 [1200/7378 (16%)]	Loss: 0.000189
Train Epoch: 59 [1800/7378 (24%)]	Loss: 0.000060
Train Epoch: 59 [2400/7378 (33%)]	Loss: 0.000081
Train Epoch: 59 [3000/7378 (41%)]	Loss: 0.000084
Train Epoch: 59 [3600/7378 (49%)]	Loss: 0.000220
Train Epoch: 59 [4200/7378 (57%)]	Loss: 0.000211
Train Epoch: 59 [4800/7378 (65%)]	Loss: 0.000049
Train Epoch: 59 [5400/7378 (73%)]	Loss: 0.000026
Train Epoch: 59 [6000/7378 (81%)]	Loss: 0.000034
Train Epoch: 59 [6600/7378 (89%)]	Loss: 0.000066
Train Epoch: 59 [7200/7378 (98%)]	Loss: 0.000160
Test set: Average loss: 1.1900, Accuracy: 1469/1844 (79%)
Train Epoch: 60 [0/7378 (0%)]	Loss: 0.000117
Train Epoch: 60 [600/7378 (8%)]	Loss: 0.000026
Train Epoch: 60 [1200/7378 (16%)]	Loss: 0.000037
Train Epoch: 60 [1800/7378 (24%)]	Loss: 0.000042
Train Epoch: 60 [2400/7378 (33%)]	Loss: 0.000091
Train Epoch: 60 [3000/7378 (41%)]	Loss: 0.000063
Train Epoch: 60 [3600/7378 (49%)]	Loss: 0.000038
Train Epoch: 60 [4200/7378 (57%)]	Loss: 0.000044
Train Epoch: 60 [4800/7378 (65%)]	Loss: 0.000091
Train Epoch: 60 [5400/7378 (73%)]	Loss: 0.000033
Train Epoch: 60 [6000/7378 (81%)]	Loss: 0.000039
Train Epoch: 60 [6600/7378 (89%)]	Loss: 0.000086
Train Epoch: 60 [7200/7378 (98%)]	Loss: 0.000020
Test set: Average loss: 1.1786, Accuracy: 1469/1844 (79%)
