getting datasets
finished
trainning sleeve_length_labels:
Train Epoch: 1 [0/10639 (0%)]	Loss: 2.234109
Train Epoch: 1 [600/10639 (6%)]	Loss: 2.118121
Train Epoch: 1 [1200/10639 (11%)]	Loss: 2.102495
Train Epoch: 1 [1800/10639 (17%)]	Loss: 2.053311
Train Epoch: 1 [2400/10639 (22%)]	Loss: 1.945452
Train Epoch: 1 [3000/10639 (28%)]	Loss: 1.860582
Train Epoch: 1 [3600/10639 (34%)]	Loss: 1.709252
Train Epoch: 1 [4200/10639 (39%)]	Loss: 1.411366
Train Epoch: 1 [4800/10639 (45%)]	Loss: 1.456739
Train Epoch: 1 [5400/10639 (51%)]	Loss: 1.347214
Train Epoch: 1 [6000/10639 (56%)]	Loss: 1.419177
Train Epoch: 1 [6600/10639 (62%)]	Loss: 1.390617
Train Epoch: 1 [7200/10639 (67%)]	Loss: 1.251733
Train Epoch: 1 [7800/10639 (73%)]	Loss: 1.181917
Train Epoch: 1 [8400/10639 (79%)]	Loss: 1.057371
Train Epoch: 1 [9000/10639 (84%)]	Loss: 0.998952
Train Epoch: 1 [9600/10639 (90%)]	Loss: 1.136677
Train Epoch: 1 [10200/10639 (96%)]	Loss: 1.131572
Test set: Average loss: 1.1905, Accuracy: 1415/2659 (53%)
Train Epoch: 2 [0/10639 (0%)]	Loss: 0.980246
Train Epoch: 2 [600/10639 (6%)]	Loss: 0.825541
Train Epoch: 2 [1200/10639 (11%)]	Loss: 1.055692
Train Epoch: 2 [1800/10639 (17%)]	Loss: 0.835562
Train Epoch: 2 [2400/10639 (22%)]	Loss: 0.735541
Train Epoch: 2 [3000/10639 (28%)]	Loss: 0.902833
Train Epoch: 2 [3600/10639 (34%)]	Loss: 0.794513
Train Epoch: 2 [4200/10639 (39%)]	Loss: 0.818423
Train Epoch: 2 [4800/10639 (45%)]	Loss: 0.831357
Train Epoch: 2 [5400/10639 (51%)]	Loss: 0.857607
Train Epoch: 2 [6000/10639 (56%)]	Loss: 0.745098
Train Epoch: 2 [6600/10639 (62%)]	Loss: 0.668616
Train Epoch: 2 [7200/10639 (67%)]	Loss: 0.921263
Train Epoch: 2 [7800/10639 (73%)]	Loss: 0.839276
Train Epoch: 2 [8400/10639 (79%)]	Loss: 0.836288
Train Epoch: 2 [9000/10639 (84%)]	Loss: 0.807845
Train Epoch: 2 [9600/10639 (90%)]	Loss: 0.800015
Train Epoch: 2 [10200/10639 (96%)]	Loss: 0.650873
Test set: Average loss: 1.9770, Accuracy: 887/2659 (33%)
Train Epoch: 3 [0/10639 (0%)]	Loss: 0.658771
Train Epoch: 3 [600/10639 (6%)]	Loss: 0.450411
Train Epoch: 3 [1200/10639 (11%)]	Loss: 0.399890
Train Epoch: 3 [1800/10639 (17%)]	Loss: 0.511894
Train Epoch: 3 [2400/10639 (22%)]	Loss: 0.492690
Train Epoch: 3 [3000/10639 (28%)]	Loss: 0.405943
Train Epoch: 3 [3600/10639 (34%)]	Loss: 0.565556
Train Epoch: 3 [4200/10639 (39%)]	Loss: 0.361557
Train Epoch: 3 [4800/10639 (45%)]	Loss: 0.543731
Train Epoch: 3 [5400/10639 (51%)]	Loss: 0.487544
Train Epoch: 3 [6000/10639 (56%)]	Loss: 0.550846
Train Epoch: 3 [6600/10639 (62%)]	Loss: 0.634673
Train Epoch: 3 [7200/10639 (67%)]	Loss: 0.335491
Train Epoch: 3 [7800/10639 (73%)]	Loss: 0.596570
Train Epoch: 3 [8400/10639 (79%)]	Loss: 0.707620
Train Epoch: 3 [9000/10639 (84%)]	Loss: 0.357746
Train Epoch: 3 [9600/10639 (90%)]	Loss: 0.519826
Train Epoch: 3 [10200/10639 (96%)]	Loss: 0.532259
Test set: Average loss: 2.4401, Accuracy: 952/2659 (35%)
Train Epoch: 4 [0/10639 (0%)]	Loss: 0.274825
Train Epoch: 4 [600/10639 (6%)]	Loss: 0.404744
Train Epoch: 4 [1200/10639 (11%)]	Loss: 0.342156
Train Epoch: 4 [1800/10639 (17%)]	Loss: 0.243070
Train Epoch: 4 [2400/10639 (22%)]	Loss: 0.319248
Train Epoch: 4 [3000/10639 (28%)]	Loss: 0.405171
Train Epoch: 4 [3600/10639 (34%)]	Loss: 0.320637
Train Epoch: 4 [4200/10639 (39%)]	Loss: 0.261912
Train Epoch: 4 [4800/10639 (45%)]	Loss: 0.504785
Train Epoch: 4 [5400/10639 (51%)]	Loss: 0.301856
Train Epoch: 4 [6000/10639 (56%)]	Loss: 0.484236
Train Epoch: 4 [6600/10639 (62%)]	Loss: 0.440087
Train Epoch: 4 [7200/10639 (67%)]	Loss: 0.435404
Train Epoch: 4 [7800/10639 (73%)]	Loss: 0.481829
Train Epoch: 4 [8400/10639 (79%)]	Loss: 0.341049
Train Epoch: 4 [9000/10639 (84%)]	Loss: 0.518161
Train Epoch: 4 [9600/10639 (90%)]	Loss: 0.467014
Train Epoch: 4 [10200/10639 (96%)]	Loss: 0.343851
Test set: Average loss: 1.2000, Accuracy: 1675/2659 (62%)
Train Epoch: 5 [0/10639 (0%)]	Loss: 0.156108
Train Epoch: 5 [600/10639 (6%)]	Loss: 0.223341
Train Epoch: 5 [1200/10639 (11%)]	Loss: 0.218213
Train Epoch: 5 [1800/10639 (17%)]	Loss: 0.344256
Train Epoch: 5 [2400/10639 (22%)]	Loss: 0.129728
Train Epoch: 5 [3000/10639 (28%)]	Loss: 0.171822
Train Epoch: 5 [3600/10639 (34%)]	Loss: 0.130601
Train Epoch: 5 [4200/10639 (39%)]	Loss: 0.202119
Train Epoch: 5 [4800/10639 (45%)]	Loss: 0.204119
Train Epoch: 5 [5400/10639 (51%)]	Loss: 0.085851
Train Epoch: 5 [6000/10639 (56%)]	Loss: 0.299352
Train Epoch: 5 [6600/10639 (62%)]	Loss: 0.245928
Train Epoch: 5 [7200/10639 (67%)]	Loss: 0.555128
Train Epoch: 5 [7800/10639 (73%)]	Loss: 0.098428
Train Epoch: 5 [8400/10639 (79%)]	Loss: 0.390380
Train Epoch: 5 [9000/10639 (84%)]	Loss: 0.212368
Train Epoch: 5 [9600/10639 (90%)]	Loss: 0.324723
Train Epoch: 5 [10200/10639 (96%)]	Loss: 0.300546
Test set: Average loss: 2.3640, Accuracy: 1103/2659 (41%)
Train Epoch: 6 [0/10639 (0%)]	Loss: 0.132919
Train Epoch: 6 [600/10639 (6%)]	Loss: 0.175480
Train Epoch: 6 [1200/10639 (11%)]	Loss: 0.082715
Train Epoch: 6 [1800/10639 (17%)]	Loss: 0.128507
Train Epoch: 6 [2400/10639 (22%)]	Loss: 0.085342
Train Epoch: 6 [3000/10639 (28%)]	Loss: 0.274689
Train Epoch: 6 [3600/10639 (34%)]	Loss: 0.123431
Train Epoch: 6 [4200/10639 (39%)]	Loss: 0.089789
Train Epoch: 6 [4800/10639 (45%)]	Loss: 0.088498
Train Epoch: 6 [5400/10639 (51%)]	Loss: 0.154289
Train Epoch: 6 [6000/10639 (56%)]	Loss: 0.177595
Train Epoch: 6 [6600/10639 (62%)]	Loss: 0.047020
Train Epoch: 6 [7200/10639 (67%)]	Loss: 0.075285
Train Epoch: 6 [7800/10639 (73%)]	Loss: 0.323511
Train Epoch: 6 [8400/10639 (79%)]	Loss: 0.274367
Train Epoch: 6 [9000/10639 (84%)]	Loss: 0.115731
Train Epoch: 6 [9600/10639 (90%)]	Loss: 0.160645
Train Epoch: 6 [10200/10639 (96%)]	Loss: 0.153607
Test set: Average loss: 1.0798, Accuracy: 1792/2659 (67%)
Train Epoch: 7 [0/10639 (0%)]	Loss: 0.202001
Train Epoch: 7 [600/10639 (6%)]	Loss: 0.091609
Train Epoch: 7 [1200/10639 (11%)]	Loss: 0.062223
Train Epoch: 7 [1800/10639 (17%)]	Loss: 0.056159
Train Epoch: 7 [2400/10639 (22%)]	Loss: 0.041876
Train Epoch: 7 [3000/10639 (28%)]	Loss: 0.037149
Train Epoch: 7 [3600/10639 (34%)]	Loss: 0.045724
Train Epoch: 7 [4200/10639 (39%)]	Loss: 0.075158
Train Epoch: 7 [4800/10639 (45%)]	Loss: 0.069286
Train Epoch: 7 [5400/10639 (51%)]	Loss: 0.119065
Train Epoch: 7 [6000/10639 (56%)]	Loss: 0.032634
Train Epoch: 7 [6600/10639 (62%)]	Loss: 0.111702
Train Epoch: 7 [7200/10639 (67%)]	Loss: 0.352438
Train Epoch: 7 [7800/10639 (73%)]	Loss: 0.048744
Train Epoch: 7 [8400/10639 (79%)]	Loss: 0.176660
Train Epoch: 7 [9000/10639 (84%)]	Loss: 0.135850
Train Epoch: 7 [9600/10639 (90%)]	Loss: 0.167661
Train Epoch: 7 [10200/10639 (96%)]	Loss: 0.115870
Test set: Average loss: 1.2240, Accuracy: 1772/2659 (66%)
Train Epoch: 8 [0/10639 (0%)]	Loss: 0.172914
Train Epoch: 8 [600/10639 (6%)]	Loss: 0.137834
Train Epoch: 8 [1200/10639 (11%)]	Loss: 0.190226
Train Epoch: 8 [1800/10639 (17%)]	Loss: 0.043230
Train Epoch: 8 [2400/10639 (22%)]	Loss: 0.118940
Train Epoch: 8 [3000/10639 (28%)]	Loss: 0.093114
Train Epoch: 8 [3600/10639 (34%)]	Loss: 0.028440
Train Epoch: 8 [4200/10639 (39%)]	Loss: 0.103883
Train Epoch: 8 [4800/10639 (45%)]	Loss: 0.133582
Train Epoch: 8 [5400/10639 (51%)]	Loss: 0.153971
Train Epoch: 8 [6000/10639 (56%)]	Loss: 0.040348
Train Epoch: 8 [6600/10639 (62%)]	Loss: 0.027982
Train Epoch: 8 [7200/10639 (67%)]	Loss: 0.100475
Train Epoch: 8 [7800/10639 (73%)]	Loss: 0.097897
Train Epoch: 8 [8400/10639 (79%)]	Loss: 0.080775
Train Epoch: 8 [9000/10639 (84%)]	Loss: 0.087983
Train Epoch: 8 [9600/10639 (90%)]	Loss: 0.087289
Train Epoch: 8 [10200/10639 (96%)]	Loss: 0.115908
Test set: Average loss: 1.0429, Accuracy: 1910/2659 (71%)
Train Epoch: 9 [0/10639 (0%)]	Loss: 0.044705
Train Epoch: 9 [600/10639 (6%)]	Loss: 0.041122
Train Epoch: 9 [1200/10639 (11%)]	Loss: 0.045920
Train Epoch: 9 [1800/10639 (17%)]	Loss: 0.012003
Train Epoch: 9 [2400/10639 (22%)]	Loss: 0.016962
Train Epoch: 9 [3000/10639 (28%)]	Loss: 0.014599
Train Epoch: 9 [3600/10639 (34%)]	Loss: 0.024781
Train Epoch: 9 [4200/10639 (39%)]	Loss: 0.056213
Train Epoch: 9 [4800/10639 (45%)]	Loss: 0.021688
Train Epoch: 9 [5400/10639 (51%)]	Loss: 0.045520
Train Epoch: 9 [6000/10639 (56%)]	Loss: 0.039855
Train Epoch: 9 [6600/10639 (62%)]	Loss: 0.044020
Train Epoch: 9 [7200/10639 (67%)]	Loss: 0.029745
Train Epoch: 9 [7800/10639 (73%)]	Loss: 0.134689
Train Epoch: 9 [8400/10639 (79%)]	Loss: 0.029016
Train Epoch: 9 [9000/10639 (84%)]	Loss: 0.017005
Train Epoch: 9 [9600/10639 (90%)]	Loss: 0.028690
Train Epoch: 9 [10200/10639 (96%)]	Loss: 0.009369
Test set: Average loss: 0.8948, Accuracy: 2050/2659 (77%)
Train Epoch: 10 [0/10639 (0%)]	Loss: 0.140463
Train Epoch: 10 [600/10639 (6%)]	Loss: 0.044092
Train Epoch: 10 [1200/10639 (11%)]	Loss: 0.056328
Train Epoch: 10 [1800/10639 (17%)]	Loss: 0.011661
Train Epoch: 10 [2400/10639 (22%)]	Loss: 0.147754
Train Epoch: 10 [3000/10639 (28%)]	Loss: 0.032167
Train Epoch: 10 [3600/10639 (34%)]	Loss: 0.027327
Train Epoch: 10 [4200/10639 (39%)]	Loss: 0.011120
Train Epoch: 10 [4800/10639 (45%)]	Loss: 0.020011
Train Epoch: 10 [5400/10639 (51%)]	Loss: 0.006124
Train Epoch: 10 [6000/10639 (56%)]	Loss: 0.023662
Train Epoch: 10 [6600/10639 (62%)]	Loss: 0.080418
Train Epoch: 10 [7200/10639 (67%)]	Loss: 0.068816
Train Epoch: 10 [7800/10639 (73%)]	Loss: 0.013545
Train Epoch: 10 [8400/10639 (79%)]	Loss: 0.021241
Train Epoch: 10 [9000/10639 (84%)]	Loss: 0.052483
Train Epoch: 10 [9600/10639 (90%)]	Loss: 0.030162
Train Epoch: 10 [10200/10639 (96%)]	Loss: 0.034954
Test set: Average loss: 0.8758, Accuracy: 2102/2659 (79%)
Train Epoch: 11 [0/10639 (0%)]	Loss: 0.008621
Train Epoch: 11 [600/10639 (6%)]	Loss: 0.006818
Train Epoch: 11 [1200/10639 (11%)]	Loss: 0.010209
Train Epoch: 11 [1800/10639 (17%)]	Loss: 0.018752
Train Epoch: 11 [2400/10639 (22%)]	Loss: 0.090344
Train Epoch: 11 [3000/10639 (28%)]	Loss: 0.008250
Train Epoch: 11 [3600/10639 (34%)]	Loss: 0.017897
Train Epoch: 11 [4200/10639 (39%)]	Loss: 0.022667
Train Epoch: 11 [4800/10639 (45%)]	Loss: 0.009273
Train Epoch: 11 [5400/10639 (51%)]	Loss: 0.023538
Train Epoch: 11 [6000/10639 (56%)]	Loss: 0.100323
Train Epoch: 11 [6600/10639 (62%)]	Loss: 0.160892
Train Epoch: 11 [7200/10639 (67%)]	Loss: 0.079388
Train Epoch: 11 [7800/10639 (73%)]	Loss: 0.015516
Train Epoch: 11 [8400/10639 (79%)]	Loss: 0.019174
Train Epoch: 11 [9000/10639 (84%)]	Loss: 0.094123
Train Epoch: 11 [9600/10639 (90%)]	Loss: 0.010248
Train Epoch: 11 [10200/10639 (96%)]	Loss: 0.025981
Test set: Average loss: 1.1370, Accuracy: 2011/2659 (75%)
Train Epoch: 12 [0/10639 (0%)]	Loss: 0.010161
Train Epoch: 12 [600/10639 (6%)]	Loss: 0.046222
Train Epoch: 12 [1200/10639 (11%)]	Loss: 0.028491
Train Epoch: 12 [1800/10639 (17%)]	Loss: 0.073372
Train Epoch: 12 [2400/10639 (22%)]	Loss: 0.013759
Train Epoch: 12 [3000/10639 (28%)]	Loss: 0.026394
Train Epoch: 12 [3600/10639 (34%)]	Loss: 0.024055
Train Epoch: 12 [4200/10639 (39%)]	Loss: 0.035201
Train Epoch: 12 [4800/10639 (45%)]	Loss: 0.008098
Train Epoch: 12 [5400/10639 (51%)]	Loss: 0.055566
Train Epoch: 12 [6000/10639 (56%)]	Loss: 0.009165
Train Epoch: 12 [6600/10639 (62%)]	Loss: 0.059508
Train Epoch: 12 [7200/10639 (67%)]	Loss: 0.036121
Train Epoch: 12 [7800/10639 (73%)]	Loss: 0.039459
Train Epoch: 12 [8400/10639 (79%)]	Loss: 0.009827
Train Epoch: 12 [9000/10639 (84%)]	Loss: 0.007263
Train Epoch: 12 [9600/10639 (90%)]	Loss: 0.009432
Train Epoch: 12 [10200/10639 (96%)]	Loss: 0.010468
Test set: Average loss: 0.9389, Accuracy: 2088/2659 (78%)
Train Epoch: 13 [0/10639 (0%)]	Loss: 0.008464
Train Epoch: 13 [600/10639 (6%)]	Loss: 0.008754
Train Epoch: 13 [1200/10639 (11%)]	Loss: 0.009855
Train Epoch: 13 [1800/10639 (17%)]	Loss: 0.005673
Train Epoch: 13 [2400/10639 (22%)]	Loss: 0.021024
Train Epoch: 13 [3000/10639 (28%)]	Loss: 0.097007
Train Epoch: 13 [3600/10639 (34%)]	Loss: 0.029880
Train Epoch: 13 [4200/10639 (39%)]	Loss: 0.005393
Train Epoch: 13 [4800/10639 (45%)]	Loss: 0.019648
Train Epoch: 13 [5400/10639 (51%)]	Loss: 0.021615
Train Epoch: 13 [6000/10639 (56%)]	Loss: 0.003679
Train Epoch: 13 [6600/10639 (62%)]	Loss: 0.014830
Train Epoch: 13 [7200/10639 (67%)]	Loss: 0.063487
Train Epoch: 13 [7800/10639 (73%)]	Loss: 0.002778
Train Epoch: 13 [8400/10639 (79%)]	Loss: 0.009844
Train Epoch: 13 [9000/10639 (84%)]	Loss: 0.002033
Train Epoch: 13 [9600/10639 (90%)]	Loss: 0.074034
Train Epoch: 13 [10200/10639 (96%)]	Loss: 0.017215
Test set: Average loss: 0.9912, Accuracy: 2064/2659 (77%)
Train Epoch: 14 [0/10639 (0%)]	Loss: 0.012045
Train Epoch: 14 [600/10639 (6%)]	Loss: 0.037329
Train Epoch: 14 [1200/10639 (11%)]	Loss: 0.006615
Train Epoch: 14 [1800/10639 (17%)]	Loss: 0.023574
Train Epoch: 14 [2400/10639 (22%)]	Loss: 0.010933
Train Epoch: 14 [3000/10639 (28%)]	Loss: 0.005276
Train Epoch: 14 [3600/10639 (34%)]	Loss: 0.001035
Train Epoch: 14 [4200/10639 (39%)]	Loss: 0.014206
Train Epoch: 14 [4800/10639 (45%)]	Loss: 0.005365
Train Epoch: 14 [5400/10639 (51%)]	Loss: 0.005323
Train Epoch: 14 [6000/10639 (56%)]	Loss: 0.001435
Train Epoch: 14 [6600/10639 (62%)]	Loss: 0.021792
Train Epoch: 14 [7200/10639 (67%)]	Loss: 0.099984
Train Epoch: 14 [7800/10639 (73%)]	Loss: 0.006901
Train Epoch: 14 [8400/10639 (79%)]	Loss: 0.003612
Train Epoch: 14 [9000/10639 (84%)]	Loss: 0.015275
Train Epoch: 14 [9600/10639 (90%)]	Loss: 0.006342
Train Epoch: 14 [10200/10639 (96%)]	Loss: 0.009872
Test set: Average loss: 1.0403, Accuracy: 2069/2659 (77%)
Train Epoch: 15 [0/10639 (0%)]	Loss: 0.011687
Train Epoch: 15 [600/10639 (6%)]	Loss: 0.067482
Train Epoch: 15 [1200/10639 (11%)]	Loss: 0.007281
Train Epoch: 15 [1800/10639 (17%)]	Loss: 0.009516
Train Epoch: 15 [2400/10639 (22%)]	Loss: 0.020390
Train Epoch: 15 [3000/10639 (28%)]	Loss: 0.017268
Train Epoch: 15 [3600/10639 (34%)]	Loss: 0.011015
Train Epoch: 15 [4200/10639 (39%)]	Loss: 0.023881
Train Epoch: 15 [4800/10639 (45%)]	Loss: 0.004782
Train Epoch: 15 [5400/10639 (51%)]	Loss: 0.004864
Train Epoch: 15 [6000/10639 (56%)]	Loss: 0.018649
Train Epoch: 15 [6600/10639 (62%)]	Loss: 0.003354
Train Epoch: 15 [7200/10639 (67%)]	Loss: 0.019189
Train Epoch: 15 [7800/10639 (73%)]	Loss: 0.000433
Train Epoch: 15 [8400/10639 (79%)]	Loss: 0.013979
Train Epoch: 15 [9000/10639 (84%)]	Loss: 0.000760
Train Epoch: 15 [9600/10639 (90%)]	Loss: 0.003515
Train Epoch: 15 [10200/10639 (96%)]	Loss: 0.004954
Test set: Average loss: 0.9888, Accuracy: 2088/2659 (78%)
Train Epoch: 16 [0/10639 (0%)]	Loss: 0.012816
Train Epoch: 16 [600/10639 (6%)]	Loss: 0.001377
Train Epoch: 16 [1200/10639 (11%)]	Loss: 0.000601
Train Epoch: 16 [1800/10639 (17%)]	Loss: 0.001046
Train Epoch: 16 [2400/10639 (22%)]	Loss: 0.005964
Train Epoch: 16 [3000/10639 (28%)]	Loss: 0.000901
Train Epoch: 16 [3600/10639 (34%)]	Loss: 0.000757
Train Epoch: 16 [4200/10639 (39%)]	Loss: 0.001761
Train Epoch: 16 [4800/10639 (45%)]	Loss: 0.037729
Train Epoch: 16 [5400/10639 (51%)]	Loss: 0.003532
Train Epoch: 16 [6000/10639 (56%)]	Loss: 0.002535
Train Epoch: 16 [6600/10639 (62%)]	Loss: 0.015122
Train Epoch: 16 [7200/10639 (67%)]	Loss: 0.005054
Train Epoch: 16 [7800/10639 (73%)]	Loss: 0.001151
Train Epoch: 16 [8400/10639 (79%)]	Loss: 0.004910
Train Epoch: 16 [9000/10639 (84%)]	Loss: 0.034980
Train Epoch: 16 [9600/10639 (90%)]	Loss: 0.003900
Train Epoch: 16 [10200/10639 (96%)]	Loss: 0.001327
Test set: Average loss: 0.9766, Accuracy: 2080/2659 (78%)
Train Epoch: 17 [0/10639 (0%)]	Loss: 0.002362
Train Epoch: 17 [600/10639 (6%)]	Loss: 0.005199
Train Epoch: 17 [1200/10639 (11%)]	Loss: 0.003135
Train Epoch: 17 [1800/10639 (17%)]	Loss: 0.000623
Train Epoch: 17 [2400/10639 (22%)]	Loss: 0.003862
Train Epoch: 17 [3000/10639 (28%)]	Loss: 0.005060
Train Epoch: 17 [3600/10639 (34%)]	Loss: 0.002351
Train Epoch: 17 [4200/10639 (39%)]	Loss: 0.002346
Train Epoch: 17 [4800/10639 (45%)]	Loss: 0.001686
Train Epoch: 17 [5400/10639 (51%)]	Loss: 0.002079
Train Epoch: 17 [6000/10639 (56%)]	Loss: 0.024898
Train Epoch: 17 [6600/10639 (62%)]	Loss: 0.003724
Train Epoch: 17 [7200/10639 (67%)]	Loss: 0.001306
Train Epoch: 17 [7800/10639 (73%)]	Loss: 0.002319
Train Epoch: 17 [8400/10639 (79%)]	Loss: 0.000931
Train Epoch: 17 [9000/10639 (84%)]	Loss: 0.023066
Train Epoch: 17 [9600/10639 (90%)]	Loss: 0.007833
Train Epoch: 17 [10200/10639 (96%)]	Loss: 0.020022
Test set: Average loss: 1.1210, Accuracy: 2030/2659 (76%)
Train Epoch: 18 [0/10639 (0%)]	Loss: 0.002595
Train Epoch: 18 [600/10639 (6%)]	Loss: 0.006988
Train Epoch: 18 [1200/10639 (11%)]	Loss: 0.008449
Train Epoch: 18 [1800/10639 (17%)]	Loss: 0.102824
Train Epoch: 18 [2400/10639 (22%)]	Loss: 0.006098
Train Epoch: 18 [3000/10639 (28%)]	Loss: 0.034288
Train Epoch: 18 [3600/10639 (34%)]	Loss: 0.002792
Train Epoch: 18 [4200/10639 (39%)]	Loss: 0.005887
Train Epoch: 18 [4800/10639 (45%)]	Loss: 0.010982
Train Epoch: 18 [5400/10639 (51%)]	Loss: 0.004368
Train Epoch: 18 [6000/10639 (56%)]	Loss: 0.004794
Train Epoch: 18 [6600/10639 (62%)]	Loss: 0.006728
Train Epoch: 18 [7200/10639 (67%)]	Loss: 0.001325
Train Epoch: 18 [7800/10639 (73%)]	Loss: 0.022899
Train Epoch: 18 [8400/10639 (79%)]	Loss: 0.050704
Train Epoch: 18 [9000/10639 (84%)]	Loss: 0.003329
Train Epoch: 18 [9600/10639 (90%)]	Loss: 0.005754
Train Epoch: 18 [10200/10639 (96%)]	Loss: 0.002741
Test set: Average loss: 1.0247, Accuracy: 2080/2659 (78%)
Train Epoch: 19 [0/10639 (0%)]	Loss: 0.015592
Train Epoch: 19 [600/10639 (6%)]	Loss: 0.002512
Train Epoch: 19 [1200/10639 (11%)]	Loss: 0.001677
Train Epoch: 19 [1800/10639 (17%)]	Loss: 0.004517
Train Epoch: 19 [2400/10639 (22%)]	Loss: 0.002353
Train Epoch: 19 [3000/10639 (28%)]	Loss: 0.004288
Train Epoch: 19 [3600/10639 (34%)]	Loss: 0.010630
Train Epoch: 19 [4200/10639 (39%)]	Loss: 0.001521
Train Epoch: 19 [4800/10639 (45%)]	Loss: 0.010327
Train Epoch: 19 [5400/10639 (51%)]	Loss: 0.002424
Train Epoch: 19 [6000/10639 (56%)]	Loss: 0.000983
Train Epoch: 19 [6600/10639 (62%)]	Loss: 0.000921
Train Epoch: 19 [7200/10639 (67%)]	Loss: 0.004618
Train Epoch: 19 [7800/10639 (73%)]	Loss: 0.001498
Train Epoch: 19 [8400/10639 (79%)]	Loss: 0.003456
Train Epoch: 19 [9000/10639 (84%)]	Loss: 0.079305
Train Epoch: 19 [9600/10639 (90%)]	Loss: 0.021171
Train Epoch: 19 [10200/10639 (96%)]	Loss: 0.000669
Test set: Average loss: 1.0079, Accuracy: 2076/2659 (78%)
Train Epoch: 20 [0/10639 (0%)]	Loss: 0.002645
Train Epoch: 20 [600/10639 (6%)]	Loss: 0.000773
Train Epoch: 20 [1200/10639 (11%)]	Loss: 0.002654
Train Epoch: 20 [1800/10639 (17%)]	Loss: 0.001281
Train Epoch: 20 [2400/10639 (22%)]	Loss: 0.000379
Train Epoch: 20 [3000/10639 (28%)]	Loss: 0.001988
Train Epoch: 20 [3600/10639 (34%)]	Loss: 0.001080
Train Epoch: 20 [4200/10639 (39%)]	Loss: 0.003775
Train Epoch: 20 [4800/10639 (45%)]	Loss: 0.002010
Train Epoch: 20 [5400/10639 (51%)]	Loss: 0.001965
Train Epoch: 20 [6000/10639 (56%)]	Loss: 0.009827
Train Epoch: 20 [6600/10639 (62%)]	Loss: 0.000557
Train Epoch: 20 [7200/10639 (67%)]	Loss: 0.020498
Train Epoch: 20 [7800/10639 (73%)]	Loss: 0.020869
Train Epoch: 20 [8400/10639 (79%)]	Loss: 0.002373
Train Epoch: 20 [9000/10639 (84%)]	Loss: 0.004566
Train Epoch: 20 [9600/10639 (90%)]	Loss: 0.000772
Train Epoch: 20 [10200/10639 (96%)]	Loss: 0.002053
Test set: Average loss: 1.0105, Accuracy: 2100/2659 (78%)
Train Epoch: 21 [0/10639 (0%)]	Loss: 0.002294
Train Epoch: 21 [600/10639 (6%)]	Loss: 0.000720
Train Epoch: 21 [1200/10639 (11%)]	Loss: 0.003872
Train Epoch: 21 [1800/10639 (17%)]	Loss: 0.004936
Train Epoch: 21 [2400/10639 (22%)]	Loss: 0.001043
Train Epoch: 21 [3000/10639 (28%)]	Loss: 0.000948
Train Epoch: 21 [3600/10639 (34%)]	Loss: 0.002954
Train Epoch: 21 [4200/10639 (39%)]	Loss: 0.003112
Train Epoch: 21 [4800/10639 (45%)]	Loss: 0.001358
Train Epoch: 21 [5400/10639 (51%)]	Loss: 0.001629
Train Epoch: 21 [6000/10639 (56%)]	Loss: 0.000861
Train Epoch: 21 [6600/10639 (62%)]	Loss: 0.006358
Train Epoch: 21 [7200/10639 (67%)]	Loss: 0.001227
Train Epoch: 21 [7800/10639 (73%)]	Loss: 0.005458
Train Epoch: 21 [8400/10639 (79%)]	Loss: 0.000967
Train Epoch: 21 [9000/10639 (84%)]	Loss: 0.003136
Train Epoch: 21 [9600/10639 (90%)]	Loss: 0.001182
Train Epoch: 21 [10200/10639 (96%)]	Loss: 0.000753
Test set: Average loss: 0.9828, Accuracy: 2129/2659 (80%)
Train Epoch: 22 [0/10639 (0%)]	Loss: 0.001236
Train Epoch: 22 [600/10639 (6%)]	Loss: 0.000539
Train Epoch: 22 [1200/10639 (11%)]	Loss: 0.004404
Train Epoch: 22 [1800/10639 (17%)]	Loss: 0.002691
Train Epoch: 22 [2400/10639 (22%)]	Loss: 0.000534
Train Epoch: 22 [3000/10639 (28%)]	Loss: 0.000736
Train Epoch: 22 [3600/10639 (34%)]	Loss: 0.003460
Train Epoch: 22 [4200/10639 (39%)]	Loss: 0.004174
Train Epoch: 22 [4800/10639 (45%)]	Loss: 0.000594
Train Epoch: 22 [5400/10639 (51%)]	Loss: 0.000773
Train Epoch: 22 [6000/10639 (56%)]	Loss: 0.002067
Train Epoch: 22 [6600/10639 (62%)]	Loss: 0.000223
Train Epoch: 22 [7200/10639 (67%)]	Loss: 0.000323
Train Epoch: 22 [7800/10639 (73%)]	Loss: 0.015960
Train Epoch: 22 [8400/10639 (79%)]	Loss: 0.006142
Train Epoch: 22 [9000/10639 (84%)]	Loss: 0.000434
Train Epoch: 22 [9600/10639 (90%)]	Loss: 0.000872
Train Epoch: 22 [10200/10639 (96%)]	Loss: 0.011296
Test set: Average loss: 1.3731, Accuracy: 1956/2659 (73%)
Train Epoch: 23 [0/10639 (0%)]	Loss: 0.009146
Train Epoch: 23 [600/10639 (6%)]	Loss: 0.095760
Train Epoch: 23 [1200/10639 (11%)]	Loss: 0.017483
Train Epoch: 23 [1800/10639 (17%)]	Loss: 0.023080
Train Epoch: 23 [2400/10639 (22%)]	Loss: 0.003107
Train Epoch: 23 [3000/10639 (28%)]	Loss: 0.006900
Train Epoch: 23 [3600/10639 (34%)]	Loss: 0.004383
Train Epoch: 23 [4200/10639 (39%)]	Loss: 0.002070
Train Epoch: 23 [4800/10639 (45%)]	Loss: 0.001798
Train Epoch: 23 [5400/10639 (51%)]	Loss: 0.000675
Train Epoch: 23 [6000/10639 (56%)]	Loss: 0.013766
Train Epoch: 23 [6600/10639 (62%)]	Loss: 0.006221
Train Epoch: 23 [7200/10639 (67%)]	Loss: 0.002456
Train Epoch: 23 [7800/10639 (73%)]	Loss: 0.002009
Train Epoch: 23 [8400/10639 (79%)]	Loss: 0.004915
Train Epoch: 23 [9000/10639 (84%)]	Loss: 0.001332
Train Epoch: 23 [9600/10639 (90%)]	Loss: 0.022399
Train Epoch: 23 [10200/10639 (96%)]	Loss: 0.033180
Test set: Average loss: 1.1652, Accuracy: 2049/2659 (77%)
Train Epoch: 24 [0/10639 (0%)]	Loss: 0.001381
Train Epoch: 24 [600/10639 (6%)]	Loss: 0.020200
Train Epoch: 24 [1200/10639 (11%)]	Loss: 0.002178
Train Epoch: 24 [1800/10639 (17%)]	Loss: 0.001036
Train Epoch: 24 [2400/10639 (22%)]	Loss: 0.003849
Train Epoch: 24 [3000/10639 (28%)]	Loss: 0.003537
Train Epoch: 24 [3600/10639 (34%)]	Loss: 0.008019
Train Epoch: 24 [4200/10639 (39%)]	Loss: 0.002055
Train Epoch: 24 [4800/10639 (45%)]	Loss: 0.005333
Train Epoch: 24 [5400/10639 (51%)]	Loss: 0.009644
Train Epoch: 24 [6000/10639 (56%)]	Loss: 0.008602
Train Epoch: 24 [6600/10639 (62%)]	Loss: 0.002726
Train Epoch: 24 [7200/10639 (67%)]	Loss: 0.010095
Train Epoch: 24 [7800/10639 (73%)]	Loss: 0.003554
Train Epoch: 24 [8400/10639 (79%)]	Loss: 0.002659
Train Epoch: 24 [9000/10639 (84%)]	Loss: 0.013396
Train Epoch: 24 [9600/10639 (90%)]	Loss: 0.000344
Train Epoch: 24 [10200/10639 (96%)]	Loss: 0.001488
Test set: Average loss: 1.0307, Accuracy: 2097/2659 (78%)
Train Epoch: 25 [0/10639 (0%)]	Loss: 0.000732
Train Epoch: 25 [600/10639 (6%)]	Loss: 0.002461
Train Epoch: 25 [1200/10639 (11%)]	Loss: 0.024400
Train Epoch: 25 [1800/10639 (17%)]	Loss: 0.003238
Train Epoch: 25 [2400/10639 (22%)]	Loss: 0.002534
Train Epoch: 25 [3000/10639 (28%)]	Loss: 0.001475
Train Epoch: 25 [3600/10639 (34%)]	Loss: 0.000327
Train Epoch: 25 [4200/10639 (39%)]	Loss: 0.000639
Train Epoch: 25 [4800/10639 (45%)]	Loss: 0.002449
Train Epoch: 25 [5400/10639 (51%)]	Loss: 0.003378
Train Epoch: 25 [6000/10639 (56%)]	Loss: 0.000751
Train Epoch: 25 [6600/10639 (62%)]	Loss: 0.006149
Train Epoch: 25 [7200/10639 (67%)]	Loss: 0.008843
Train Epoch: 25 [7800/10639 (73%)]	Loss: 0.001061
Train Epoch: 25 [8400/10639 (79%)]	Loss: 0.002180
Train Epoch: 25 [9000/10639 (84%)]	Loss: 0.045109
Train Epoch: 25 [9600/10639 (90%)]	Loss: 0.006584
Train Epoch: 25 [10200/10639 (96%)]	Loss: 0.004216
Test set: Average loss: 1.0579, Accuracy: 2064/2659 (77%)
Train Epoch: 26 [0/10639 (0%)]	Loss: 0.000285
Train Epoch: 26 [600/10639 (6%)]	Loss: 0.001241
Train Epoch: 26 [1200/10639 (11%)]	Loss: 0.003513
Train Epoch: 26 [1800/10639 (17%)]	Loss: 0.000929
Train Epoch: 26 [2400/10639 (22%)]	Loss: 0.000397
Train Epoch: 26 [3000/10639 (28%)]	Loss: 0.003885
Train Epoch: 26 [3600/10639 (34%)]	Loss: 0.003472
Train Epoch: 26 [4200/10639 (39%)]	Loss: 0.001824
Train Epoch: 26 [4800/10639 (45%)]	Loss: 0.002626
Train Epoch: 26 [5400/10639 (51%)]	Loss: 0.004251
Train Epoch: 26 [6000/10639 (56%)]	Loss: 0.005877
Train Epoch: 26 [6600/10639 (62%)]	Loss: 0.000669
Train Epoch: 26 [7200/10639 (67%)]	Loss: 0.002093
Train Epoch: 26 [7800/10639 (73%)]	Loss: 0.000669
Train Epoch: 26 [8400/10639 (79%)]	Loss: 0.001859
Train Epoch: 26 [9000/10639 (84%)]	Loss: 0.000415
Train Epoch: 26 [9600/10639 (90%)]	Loss: 0.040059
Train Epoch: 26 [10200/10639 (96%)]	Loss: 0.005455
Test set: Average loss: 1.1971, Accuracy: 1973/2659 (74%)
Train Epoch: 27 [0/10639 (0%)]	Loss: 0.011737
Train Epoch: 27 [600/10639 (6%)]	Loss: 0.023790
Train Epoch: 27 [1200/10639 (11%)]	Loss: 0.008536
Train Epoch: 27 [1800/10639 (17%)]	Loss: 0.013143
Train Epoch: 27 [2400/10639 (22%)]	Loss: 0.001574
Train Epoch: 27 [3000/10639 (28%)]	Loss: 0.000771
Train Epoch: 27 [3600/10639 (34%)]	Loss: 0.000787
Train Epoch: 27 [4200/10639 (39%)]	Loss: 0.010000
Train Epoch: 27 [4800/10639 (45%)]	Loss: 0.001852
Train Epoch: 27 [5400/10639 (51%)]	Loss: 0.001928
Train Epoch: 27 [6000/10639 (56%)]	Loss: 0.001151
Train Epoch: 27 [6600/10639 (62%)]	Loss: 0.003249
Train Epoch: 27 [7200/10639 (67%)]	Loss: 0.002437
Train Epoch: 27 [7800/10639 (73%)]	Loss: 0.018999
Train Epoch: 27 [8400/10639 (79%)]	Loss: 0.016869
Train Epoch: 27 [9000/10639 (84%)]	Loss: 0.003802
Train Epoch: 27 [9600/10639 (90%)]	Loss: 0.003340
Train Epoch: 27 [10200/10639 (96%)]	Loss: 0.002349
Test set: Average loss: 1.0633, Accuracy: 2099/2659 (78%)
Train Epoch: 28 [0/10639 (0%)]	Loss: 0.000658
Train Epoch: 28 [600/10639 (6%)]	Loss: 0.001196
Train Epoch: 28 [1200/10639 (11%)]	Loss: 0.000708
Train Epoch: 28 [1800/10639 (17%)]	Loss: 0.000603
Train Epoch: 28 [2400/10639 (22%)]	Loss: 0.000287
Train Epoch: 28 [3000/10639 (28%)]	Loss: 0.000122
Train Epoch: 28 [3600/10639 (34%)]	Loss: 0.000924
Train Epoch: 28 [4200/10639 (39%)]	Loss: 0.003041
Train Epoch: 28 [4800/10639 (45%)]	Loss: 0.000402
Train Epoch: 28 [5400/10639 (51%)]	Loss: 0.009355
Train Epoch: 28 [6000/10639 (56%)]	Loss: 0.003688
Train Epoch: 28 [6600/10639 (62%)]	Loss: 0.000747
Train Epoch: 28 [7200/10639 (67%)]	Loss: 0.000647
Train Epoch: 28 [7800/10639 (73%)]	Loss: 0.000255
Train Epoch: 28 [8400/10639 (79%)]	Loss: 0.002951
Train Epoch: 28 [9000/10639 (84%)]	Loss: 0.000611
Train Epoch: 28 [9600/10639 (90%)]	Loss: 0.001360
Train Epoch: 28 [10200/10639 (96%)]	Loss: 0.003456
Test set: Average loss: 1.0369, Accuracy: 2118/2659 (79%)
Train Epoch: 29 [0/10639 (0%)]	Loss: 0.002947
Train Epoch: 29 [600/10639 (6%)]	Loss: 0.000381
Train Epoch: 29 [1200/10639 (11%)]	Loss: 0.001632
Train Epoch: 29 [1800/10639 (17%)]	Loss: 0.001147
Train Epoch: 29 [2400/10639 (22%)]	Loss: 0.000707
Train Epoch: 29 [3000/10639 (28%)]	Loss: 0.001279
Train Epoch: 29 [3600/10639 (34%)]	Loss: 0.000466
Train Epoch: 29 [4200/10639 (39%)]	Loss: 0.000468
Train Epoch: 29 [4800/10639 (45%)]	Loss: 0.000352
Train Epoch: 29 [5400/10639 (51%)]	Loss: 0.011082
Train Epoch: 29 [6000/10639 (56%)]	Loss: 0.000604
Train Epoch: 29 [6600/10639 (62%)]	Loss: 0.001100
Train Epoch: 29 [7200/10639 (67%)]	Loss: 0.001288
Train Epoch: 29 [7800/10639 (73%)]	Loss: 0.004592
Train Epoch: 29 [8400/10639 (79%)]	Loss: 0.002113
Train Epoch: 29 [9000/10639 (84%)]	Loss: 0.000889
Train Epoch: 29 [9600/10639 (90%)]	Loss: 0.001081
Train Epoch: 29 [10200/10639 (96%)]	Loss: 0.001779
Test set: Average loss: 1.1012, Accuracy: 2122/2659 (79%)
Train Epoch: 30 [0/10639 (0%)]	Loss: 0.000302
Train Epoch: 30 [600/10639 (6%)]	Loss: 0.000662
Train Epoch: 30 [1200/10639 (11%)]	Loss: 0.000385
Train Epoch: 30 [1800/10639 (17%)]	Loss: 0.000450
Train Epoch: 30 [2400/10639 (22%)]	Loss: 0.000509
Train Epoch: 30 [3000/10639 (28%)]	Loss: 0.008802
Train Epoch: 30 [3600/10639 (34%)]	Loss: 0.000795
Train Epoch: 30 [4200/10639 (39%)]	Loss: 0.000398
Train Epoch: 30 [4800/10639 (45%)]	Loss: 0.000762
Train Epoch: 30 [5400/10639 (51%)]	Loss: 0.000167
Train Epoch: 30 [6000/10639 (56%)]	Loss: 0.000249
Train Epoch: 30 [6600/10639 (62%)]	Loss: 0.000473
Train Epoch: 30 [7200/10639 (67%)]	Loss: 0.000228
Train Epoch: 30 [7800/10639 (73%)]	Loss: 0.000085
Train Epoch: 30 [8400/10639 (79%)]	Loss: 0.000560
Train Epoch: 30 [9000/10639 (84%)]	Loss: 0.000284
Train Epoch: 30 [9600/10639 (90%)]	Loss: 0.000135
Train Epoch: 30 [10200/10639 (96%)]	Loss: 0.000686
Test set: Average loss: 1.0847, Accuracy: 2116/2659 (79%)
Train Epoch: 31 [0/10639 (0%)]	Loss: 0.000224
Train Epoch: 31 [600/10639 (6%)]	Loss: 0.000828
Train Epoch: 31 [1200/10639 (11%)]	Loss: 0.000389
Train Epoch: 31 [1800/10639 (17%)]	Loss: 0.000638
Train Epoch: 31 [2400/10639 (22%)]	Loss: 0.000149
Train Epoch: 31 [3000/10639 (28%)]	Loss: 0.000188
Train Epoch: 31 [3600/10639 (34%)]	Loss: 0.000160
Train Epoch: 31 [4200/10639 (39%)]	Loss: 0.000340
Train Epoch: 31 [4800/10639 (45%)]	Loss: 0.000139
Train Epoch: 31 [5400/10639 (51%)]	Loss: 0.000562
Train Epoch: 31 [6000/10639 (56%)]	Loss: 0.000488
Train Epoch: 31 [6600/10639 (62%)]	Loss: 0.000143
Train Epoch: 31 [7200/10639 (67%)]	Loss: 0.001429
Train Epoch: 31 [7800/10639 (73%)]	Loss: 0.000199
Train Epoch: 31 [8400/10639 (79%)]	Loss: 0.143788
Train Epoch: 31 [9000/10639 (84%)]	Loss: 0.081684
Train Epoch: 31 [9600/10639 (90%)]	Loss: 0.002073
Train Epoch: 31 [10200/10639 (96%)]	Loss: 0.001054
Test set: Average loss: 1.1369, Accuracy: 2038/2659 (76%)
Train Epoch: 32 [0/10639 (0%)]	Loss: 0.003751
Train Epoch: 32 [600/10639 (6%)]	Loss: 0.000907
Train Epoch: 32 [1200/10639 (11%)]	Loss: 0.000995
Train Epoch: 32 [1800/10639 (17%)]	Loss: 0.004289
Train Epoch: 32 [2400/10639 (22%)]	Loss: 0.001232
Train Epoch: 32 [3000/10639 (28%)]	Loss: 0.001117
Train Epoch: 32 [3600/10639 (34%)]	Loss: 0.000421
Train Epoch: 32 [4200/10639 (39%)]	Loss: 0.001000
Train Epoch: 32 [4800/10639 (45%)]	Loss: 0.001436
Train Epoch: 32 [5400/10639 (51%)]	Loss: 0.002051
Train Epoch: 32 [6000/10639 (56%)]	Loss: 0.000465
Train Epoch: 32 [6600/10639 (62%)]	Loss: 0.001350
Train Epoch: 32 [7200/10639 (67%)]	Loss: 0.002935
Train Epoch: 32 [7800/10639 (73%)]	Loss: 0.000954
Train Epoch: 32 [8400/10639 (79%)]	Loss: 0.000945
Train Epoch: 32 [9000/10639 (84%)]	Loss: 0.005190
Train Epoch: 32 [9600/10639 (90%)]	Loss: 0.001955
Train Epoch: 32 [10200/10639 (96%)]	Loss: 0.000620
Test set: Average loss: 1.1293, Accuracy: 2102/2659 (79%)
Train Epoch: 33 [0/10639 (0%)]	Loss: 0.001627
Train Epoch: 33 [600/10639 (6%)]	Loss: 0.000389
Train Epoch: 33 [1200/10639 (11%)]	Loss: 0.000618
Train Epoch: 33 [1800/10639 (17%)]	Loss: 0.007432
Train Epoch: 33 [2400/10639 (22%)]	Loss: 0.000792
Train Epoch: 33 [3000/10639 (28%)]	Loss: 0.001729
Train Epoch: 33 [3600/10639 (34%)]	Loss: 0.006069
Train Epoch: 33 [4200/10639 (39%)]	Loss: 0.000634
Train Epoch: 33 [4800/10639 (45%)]	Loss: 0.000615
Train Epoch: 33 [5400/10639 (51%)]	Loss: 0.000817
Train Epoch: 33 [6000/10639 (56%)]	Loss: 0.000162
Train Epoch: 33 [6600/10639 (62%)]	Loss: 0.000963
Train Epoch: 33 [7200/10639 (67%)]	Loss: 0.000197
Train Epoch: 33 [7800/10639 (73%)]	Loss: 0.001395
Train Epoch: 33 [8400/10639 (79%)]	Loss: 0.024197
Train Epoch: 33 [9000/10639 (84%)]	Loss: 0.000662
Train Epoch: 33 [9600/10639 (90%)]	Loss: 0.003852
Train Epoch: 33 [10200/10639 (96%)]	Loss: 0.000567
Test set: Average loss: 1.0615, Accuracy: 2121/2659 (79%)
Train Epoch: 34 [0/10639 (0%)]	Loss: 0.000190
Train Epoch: 34 [600/10639 (6%)]	Loss: 0.000168
Train Epoch: 34 [1200/10639 (11%)]	Loss: 0.009921
Train Epoch: 34 [1800/10639 (17%)]	Loss: 0.000331
Train Epoch: 34 [2400/10639 (22%)]	Loss: 0.000227
Train Epoch: 34 [3000/10639 (28%)]	Loss: 0.001273
Train Epoch: 34 [3600/10639 (34%)]	Loss: 0.000270
Train Epoch: 34 [4200/10639 (39%)]	Loss: 0.000095
Train Epoch: 34 [4800/10639 (45%)]	Loss: 0.001980
Train Epoch: 34 [5400/10639 (51%)]	Loss: 0.000852
Train Epoch: 34 [6000/10639 (56%)]	Loss: 0.000508
Train Epoch: 34 [6600/10639 (62%)]	Loss: 0.000787
Train Epoch: 34 [7200/10639 (67%)]	Loss: 0.002463
Train Epoch: 34 [7800/10639 (73%)]	Loss: 0.001665
Train Epoch: 34 [8400/10639 (79%)]	Loss: 0.004495
Train Epoch: 34 [9000/10639 (84%)]	Loss: 0.002995
Train Epoch: 34 [9600/10639 (90%)]	Loss: 0.001609
Train Epoch: 34 [10200/10639 (96%)]	Loss: 0.000683
Test set: Average loss: 1.1685, Accuracy: 2088/2659 (78%)
Train Epoch: 35 [0/10639 (0%)]	Loss: 0.000085
Train Epoch: 35 [600/10639 (6%)]	Loss: 0.001414
Train Epoch: 35 [1200/10639 (11%)]	Loss: 0.001362
Train Epoch: 35 [1800/10639 (17%)]	Loss: 0.000122
Train Epoch: 35 [2400/10639 (22%)]	Loss: 0.000674
Train Epoch: 35 [3000/10639 (28%)]	Loss: 0.000366
Train Epoch: 35 [3600/10639 (34%)]	Loss: 0.000153
Train Epoch: 35 [4200/10639 (39%)]	Loss: 0.000861
Train Epoch: 35 [4800/10639 (45%)]	Loss: 0.000110
Train Epoch: 35 [5400/10639 (51%)]	Loss: 0.000322
Train Epoch: 35 [6000/10639 (56%)]	Loss: 0.000803
Train Epoch: 35 [6600/10639 (62%)]	Loss: 0.001168
Train Epoch: 35 [7200/10639 (67%)]	Loss: 0.114528
Train Epoch: 35 [7800/10639 (73%)]	Loss: 0.001997
Train Epoch: 35 [8400/10639 (79%)]	Loss: 0.002651
Train Epoch: 35 [9000/10639 (84%)]	Loss: 0.000334
Train Epoch: 35 [9600/10639 (90%)]	Loss: 0.000820
Train Epoch: 35 [10200/10639 (96%)]	Loss: 0.005917
Test set: Average loss: 1.0982, Accuracy: 2060/2659 (77%)
Train Epoch: 36 [0/10639 (0%)]	Loss: 0.012649
Train Epoch: 36 [600/10639 (6%)]	Loss: 0.001404
Train Epoch: 36 [1200/10639 (11%)]	Loss: 0.004953
Train Epoch: 36 [1800/10639 (17%)]	Loss: 0.000367
Train Epoch: 36 [2400/10639 (22%)]	Loss: 0.003245
Train Epoch: 36 [3000/10639 (28%)]	Loss: 0.002231
Train Epoch: 36 [3600/10639 (34%)]	Loss: 0.001452
Train Epoch: 36 [4200/10639 (39%)]	Loss: 0.001091
Train Epoch: 36 [4800/10639 (45%)]	Loss: 0.002150
Train Epoch: 36 [5400/10639 (51%)]	Loss: 0.003619
Train Epoch: 36 [6000/10639 (56%)]	Loss: 0.000786
Train Epoch: 36 [6600/10639 (62%)]	Loss: 0.044785
Train Epoch: 36 [7200/10639 (67%)]	Loss: 0.030521
Train Epoch: 36 [7800/10639 (73%)]	Loss: 0.001623
Train Epoch: 36 [8400/10639 (79%)]	Loss: 0.017903
Train Epoch: 36 [9000/10639 (84%)]	Loss: 0.018680
Train Epoch: 36 [9600/10639 (90%)]	Loss: 0.002324
Train Epoch: 36 [10200/10639 (96%)]	Loss: 0.001239
Test set: Average loss: 1.5626, Accuracy: 1883/2659 (70%)
Train Epoch: 37 [0/10639 (0%)]	Loss: 0.015706
Train Epoch: 37 [600/10639 (6%)]	Loss: 0.002078
Train Epoch: 37 [1200/10639 (11%)]	Loss: 0.004323
Train Epoch: 37 [1800/10639 (17%)]	Loss: 0.001293
Train Epoch: 37 [2400/10639 (22%)]	Loss: 0.011507
Train Epoch: 37 [3000/10639 (28%)]	Loss: 0.023796
Train Epoch: 37 [3600/10639 (34%)]	Loss: 0.004910
Train Epoch: 37 [4200/10639 (39%)]	Loss: 0.016636
Train Epoch: 37 [4800/10639 (45%)]	Loss: 0.030858
Train Epoch: 37 [5400/10639 (51%)]	Loss: 0.134305
Train Epoch: 37 [6000/10639 (56%)]	Loss: 0.003154
Train Epoch: 37 [6600/10639 (62%)]	Loss: 0.004422
Train Epoch: 37 [7200/10639 (67%)]	Loss: 0.004649
Train Epoch: 37 [7800/10639 (73%)]	Loss: 0.114242
Train Epoch: 37 [8400/10639 (79%)]	Loss: 0.011658
Train Epoch: 37 [9000/10639 (84%)]	Loss: 0.006125
Train Epoch: 37 [9600/10639 (90%)]	Loss: 0.013395
Train Epoch: 37 [10200/10639 (96%)]	Loss: 0.011046
Test set: Average loss: 1.1518, Accuracy: 2028/2659 (76%)
Train Epoch: 38 [0/10639 (0%)]	Loss: 0.000458
Train Epoch: 38 [600/10639 (6%)]	Loss: 0.042437
Train Epoch: 38 [1200/10639 (11%)]	Loss: 0.001253
Train Epoch: 38 [1800/10639 (17%)]	Loss: 0.009455
Train Epoch: 38 [2400/10639 (22%)]	Loss: 0.018296
Train Epoch: 38 [3000/10639 (28%)]	Loss: 0.011039
Train Epoch: 38 [3600/10639 (34%)]	Loss: 0.002402
Train Epoch: 38 [4200/10639 (39%)]	Loss: 0.001332
Train Epoch: 38 [4800/10639 (45%)]	Loss: 0.001568
Train Epoch: 38 [5400/10639 (51%)]	Loss: 0.001618
Train Epoch: 38 [6000/10639 (56%)]	Loss: 0.000374
Train Epoch: 38 [6600/10639 (62%)]	Loss: 0.001784
Train Epoch: 38 [7200/10639 (67%)]	Loss: 0.004069
Train Epoch: 38 [7800/10639 (73%)]	Loss: 0.002847
Train Epoch: 38 [8400/10639 (79%)]	Loss: 0.000463
Train Epoch: 38 [9000/10639 (84%)]	Loss: 0.016747
Train Epoch: 38 [9600/10639 (90%)]	Loss: 0.007568
Train Epoch: 38 [10200/10639 (96%)]	Loss: 0.006890
Test set: Average loss: 1.0809, Accuracy: 2082/2659 (78%)
Train Epoch: 39 [0/10639 (0%)]	Loss: 0.002091
Train Epoch: 39 [600/10639 (6%)]	Loss: 0.055420
Train Epoch: 39 [1200/10639 (11%)]	Loss: 0.001138
Train Epoch: 39 [1800/10639 (17%)]	Loss: 0.002333
Train Epoch: 39 [2400/10639 (22%)]	Loss: 0.000796
Train Epoch: 39 [3000/10639 (28%)]	Loss: 0.001083
Train Epoch: 39 [3600/10639 (34%)]	Loss: 0.003841
Train Epoch: 39 [4200/10639 (39%)]	Loss: 0.002510
Train Epoch: 39 [4800/10639 (45%)]	Loss: 0.001745
Train Epoch: 39 [5400/10639 (51%)]	Loss: 0.000433
Train Epoch: 39 [6000/10639 (56%)]	Loss: 0.000589
Train Epoch: 39 [6600/10639 (62%)]	Loss: 0.000884
Train Epoch: 39 [7200/10639 (67%)]	Loss: 0.000428
Train Epoch: 39 [7800/10639 (73%)]	Loss: 0.000902
Train Epoch: 39 [8400/10639 (79%)]	Loss: 0.002355
Train Epoch: 39 [9000/10639 (84%)]	Loss: 0.000525
Train Epoch: 39 [9600/10639 (90%)]	Loss: 0.005523
Train Epoch: 39 [10200/10639 (96%)]	Loss: 0.000565
Test set: Average loss: 1.0222, Accuracy: 2118/2659 (79%)
Train Epoch: 40 [0/10639 (0%)]	Loss: 0.002827
Train Epoch: 40 [600/10639 (6%)]	Loss: 0.010277
Train Epoch: 40 [1200/10639 (11%)]	Loss: 0.000767
Train Epoch: 40 [1800/10639 (17%)]	Loss: 0.000837
Train Epoch: 40 [2400/10639 (22%)]	Loss: 0.001169
Train Epoch: 40 [3000/10639 (28%)]	Loss: 0.000639
Train Epoch: 40 [3600/10639 (34%)]	Loss: 0.002531
Train Epoch: 40 [4200/10639 (39%)]	Loss: 0.000322
Train Epoch: 40 [4800/10639 (45%)]	Loss: 0.000484
Train Epoch: 40 [5400/10639 (51%)]	Loss: 0.000619
Train Epoch: 40 [6000/10639 (56%)]	Loss: 0.000450
Train Epoch: 40 [6600/10639 (62%)]	Loss: 0.004290
Train Epoch: 40 [7200/10639 (67%)]	Loss: 0.000423
Train Epoch: 40 [7800/10639 (73%)]	Loss: 0.000358
Train Epoch: 40 [8400/10639 (79%)]	Loss: 0.000740
Train Epoch: 40 [9000/10639 (84%)]	Loss: 0.000187
Train Epoch: 40 [9600/10639 (90%)]	Loss: 0.000222
Train Epoch: 40 [10200/10639 (96%)]	Loss: 0.000336
Test set: Average loss: 1.0012, Accuracy: 2114/2659 (79%)
Train Epoch: 41 [0/10639 (0%)]	Loss: 0.000330
Train Epoch: 41 [600/10639 (6%)]	Loss: 0.001575
Train Epoch: 41 [1200/10639 (11%)]	Loss: 0.000694
Train Epoch: 41 [1800/10639 (17%)]	Loss: 0.000143
Train Epoch: 41 [2400/10639 (22%)]	Loss: 0.000489
Train Epoch: 41 [3000/10639 (28%)]	Loss: 0.000184
Train Epoch: 41 [3600/10639 (34%)]	Loss: 0.000905
Train Epoch: 41 [4200/10639 (39%)]	Loss: 0.000531
Train Epoch: 41 [4800/10639 (45%)]	Loss: 0.000413
Train Epoch: 41 [5400/10639 (51%)]	Loss: 0.000301
Train Epoch: 41 [6000/10639 (56%)]	Loss: 0.001304
Train Epoch: 41 [6600/10639 (62%)]	Loss: 0.000790
Train Epoch: 41 [7200/10639 (67%)]	Loss: 0.000304
Train Epoch: 41 [7800/10639 (73%)]	Loss: 0.002094
Train Epoch: 41 [8400/10639 (79%)]	Loss: 0.000232
Train Epoch: 41 [9000/10639 (84%)]	Loss: 0.000106
Train Epoch: 41 [9600/10639 (90%)]	Loss: 0.000082
Train Epoch: 41 [10200/10639 (96%)]	Loss: 0.000153
Test set: Average loss: 1.0510, Accuracy: 2127/2659 (79%)
Train Epoch: 42 [0/10639 (0%)]	Loss: 0.000283
Train Epoch: 42 [600/10639 (6%)]	Loss: 0.000143
Train Epoch: 42 [1200/10639 (11%)]	Loss: 0.000131
Train Epoch: 42 [1800/10639 (17%)]	Loss: 0.000425
Train Epoch: 42 [2400/10639 (22%)]	Loss: 0.000291
Train Epoch: 42 [3000/10639 (28%)]	Loss: 0.000124
Train Epoch: 42 [3600/10639 (34%)]	Loss: 0.000288
Train Epoch: 42 [4200/10639 (39%)]	Loss: 0.000356
Train Epoch: 42 [4800/10639 (45%)]	Loss: 0.000269
Train Epoch: 42 [5400/10639 (51%)]	Loss: 0.001193
Train Epoch: 42 [6000/10639 (56%)]	Loss: 0.000284
Train Epoch: 42 [6600/10639 (62%)]	Loss: 0.000410
Train Epoch: 42 [7200/10639 (67%)]	Loss: 0.000338
Train Epoch: 42 [7800/10639 (73%)]	Loss: 0.000086
Train Epoch: 42 [8400/10639 (79%)]	Loss: 0.000537
Train Epoch: 42 [9000/10639 (84%)]	Loss: 0.000268
Train Epoch: 42 [9600/10639 (90%)]	Loss: 0.000658
Train Epoch: 42 [10200/10639 (96%)]	Loss: 0.001801
Test set: Average loss: 1.0659, Accuracy: 2125/2659 (79%)
Train Epoch: 43 [0/10639 (0%)]	Loss: 0.000159
Train Epoch: 43 [600/10639 (6%)]	Loss: 0.000178
Train Epoch: 43 [1200/10639 (11%)]	Loss: 0.000342
Train Epoch: 43 [1800/10639 (17%)]	Loss: 0.000156
Train Epoch: 43 [2400/10639 (22%)]	Loss: 0.000128
Train Epoch: 43 [3000/10639 (28%)]	Loss: 0.000096
Train Epoch: 43 [3600/10639 (34%)]	Loss: 0.001021
Train Epoch: 43 [4200/10639 (39%)]	Loss: 0.000154
Train Epoch: 43 [4800/10639 (45%)]	Loss: 0.000299
Train Epoch: 43 [5400/10639 (51%)]	Loss: 0.000117
Train Epoch: 43 [6000/10639 (56%)]	Loss: 0.000115
Train Epoch: 43 [6600/10639 (62%)]	Loss: 0.000395
Train Epoch: 43 [7200/10639 (67%)]	Loss: 0.000207
Train Epoch: 43 [7800/10639 (73%)]	Loss: 0.001604
Train Epoch: 43 [8400/10639 (79%)]	Loss: 0.000879
Train Epoch: 43 [9000/10639 (84%)]	Loss: 0.000066
Train Epoch: 43 [9600/10639 (90%)]	Loss: 0.000137
Train Epoch: 43 [10200/10639 (96%)]	Loss: 0.000130
Test set: Average loss: 1.0528, Accuracy: 2126/2659 (79%)
Train Epoch: 44 [0/10639 (0%)]	Loss: 0.000232
Train Epoch: 44 [600/10639 (6%)]	Loss: 0.000040
Train Epoch: 44 [1200/10639 (11%)]	Loss: 0.000287
Train Epoch: 44 [1800/10639 (17%)]	Loss: 0.000320
Train Epoch: 44 [2400/10639 (22%)]	Loss: 0.000417
Train Epoch: 44 [3000/10639 (28%)]	Loss: 0.000420
Train Epoch: 44 [3600/10639 (34%)]	Loss: 0.000191
Train Epoch: 44 [4200/10639 (39%)]	Loss: 0.000395
Train Epoch: 44 [4800/10639 (45%)]	Loss: 0.000211
Train Epoch: 44 [5400/10639 (51%)]	Loss: 0.000128
Train Epoch: 44 [6000/10639 (56%)]	Loss: 0.000082
Train Epoch: 44 [6600/10639 (62%)]	Loss: 0.000617
Train Epoch: 44 [7200/10639 (67%)]	Loss: 0.000246
Train Epoch: 44 [7800/10639 (73%)]	Loss: 0.000242
Train Epoch: 44 [8400/10639 (79%)]	Loss: 0.000074
Train Epoch: 44 [9000/10639 (84%)]	Loss: 0.000232
Train Epoch: 44 [9600/10639 (90%)]	Loss: 0.000203
Train Epoch: 44 [10200/10639 (96%)]	Loss: 0.000356
Test set: Average loss: 1.0766, Accuracy: 2108/2659 (79%)
Train Epoch: 45 [0/10639 (0%)]	Loss: 0.000139
Train Epoch: 45 [600/10639 (6%)]	Loss: 0.000181
Train Epoch: 45 [1200/10639 (11%)]	Loss: 0.067517
Train Epoch: 45 [1800/10639 (17%)]	Loss: 0.000388
Train Epoch: 45 [2400/10639 (22%)]	Loss: 0.001505
Train Epoch: 45 [3000/10639 (28%)]	Loss: 0.000556
Train Epoch: 45 [3600/10639 (34%)]	Loss: 0.000071
Train Epoch: 45 [4200/10639 (39%)]	Loss: 0.000642
Train Epoch: 45 [4800/10639 (45%)]	Loss: 0.000182
Train Epoch: 45 [5400/10639 (51%)]	Loss: 0.000340
Train Epoch: 45 [6000/10639 (56%)]	Loss: 0.002191
Train Epoch: 45 [6600/10639 (62%)]	Loss: 0.000251
Train Epoch: 45 [7200/10639 (67%)]	Loss: 0.000399
Train Epoch: 45 [7800/10639 (73%)]	Loss: 0.066396
Train Epoch: 45 [8400/10639 (79%)]	Loss: 0.000429
Train Epoch: 45 [9000/10639 (84%)]	Loss: 0.000899
Train Epoch: 45 [9600/10639 (90%)]	Loss: 0.000909
Train Epoch: 45 [10200/10639 (96%)]	Loss: 0.000587
Test set: Average loss: 1.1363, Accuracy: 2109/2659 (79%)
Train Epoch: 46 [0/10639 (0%)]	Loss: 0.000234
Train Epoch: 46 [600/10639 (6%)]	Loss: 0.000757
Train Epoch: 46 [1200/10639 (11%)]	Loss: 0.000716
Train Epoch: 46 [1800/10639 (17%)]	Loss: 0.000700
Train Epoch: 46 [2400/10639 (22%)]	Loss: 0.000227
Train Epoch: 46 [3000/10639 (28%)]	Loss: 0.001781
Train Epoch: 46 [3600/10639 (34%)]	Loss: 0.000043
Train Epoch: 46 [4200/10639 (39%)]	Loss: 0.001041
Train Epoch: 46 [4800/10639 (45%)]	Loss: 0.001207
Train Epoch: 46 [5400/10639 (51%)]	Loss: 0.000369
Train Epoch: 46 [6000/10639 (56%)]	Loss: 0.010323
Train Epoch: 46 [6600/10639 (62%)]	Loss: 0.001197
Train Epoch: 46 [7200/10639 (67%)]	Loss: 0.000714
Train Epoch: 46 [7800/10639 (73%)]	Loss: 0.000201
Train Epoch: 46 [8400/10639 (79%)]	Loss: 0.000793
Train Epoch: 46 [9000/10639 (84%)]	Loss: 0.000482
Train Epoch: 46 [9600/10639 (90%)]	Loss: 0.000143
Train Epoch: 46 [10200/10639 (96%)]	Loss: 0.000096
Test set: Average loss: 1.0932, Accuracy: 2122/2659 (79%)
Train Epoch: 47 [0/10639 (0%)]	Loss: 0.001532
Train Epoch: 47 [600/10639 (6%)]	Loss: 0.000465
Train Epoch: 47 [1200/10639 (11%)]	Loss: 0.000121
Train Epoch: 47 [1800/10639 (17%)]	Loss: 0.000207
Train Epoch: 47 [2400/10639 (22%)]	Loss: 0.000101
Train Epoch: 47 [3000/10639 (28%)]	Loss: 0.000958
Train Epoch: 47 [3600/10639 (34%)]	Loss: 0.000145
Train Epoch: 47 [4200/10639 (39%)]	Loss: 0.000075
Train Epoch: 47 [4800/10639 (45%)]	Loss: 0.000088
Train Epoch: 47 [5400/10639 (51%)]	Loss: 0.000163
Train Epoch: 47 [6000/10639 (56%)]	Loss: 0.000124
Train Epoch: 47 [6600/10639 (62%)]	Loss: 0.000287
Train Epoch: 47 [7200/10639 (67%)]	Loss: 0.001299
Train Epoch: 47 [7800/10639 (73%)]	Loss: 0.000597
Train Epoch: 47 [8400/10639 (79%)]	Loss: 0.000265
Train Epoch: 47 [9000/10639 (84%)]	Loss: 0.000102
Train Epoch: 47 [9600/10639 (90%)]	Loss: 0.002896
Train Epoch: 47 [10200/10639 (96%)]	Loss: 0.002075
Test set: Average loss: 1.1070, Accuracy: 2116/2659 (79%)
Train Epoch: 48 [0/10639 (0%)]	Loss: 0.002200
Train Epoch: 48 [600/10639 (6%)]	Loss: 0.000264
Train Epoch: 48 [1200/10639 (11%)]	Loss: 0.000165
Train Epoch: 48 [1800/10639 (17%)]	Loss: 0.001125
Train Epoch: 48 [2400/10639 (22%)]	Loss: 0.000394
Train Epoch: 48 [3000/10639 (28%)]	Loss: 0.000191
Train Epoch: 48 [3600/10639 (34%)]	Loss: 0.000114
Train Epoch: 48 [4200/10639 (39%)]	Loss: 0.000373
Train Epoch: 48 [4800/10639 (45%)]	Loss: 0.000503
Train Epoch: 48 [5400/10639 (51%)]	Loss: 0.000127
Train Epoch: 48 [6000/10639 (56%)]	Loss: 0.000059
Train Epoch: 48 [6600/10639 (62%)]	Loss: 0.000203
Train Epoch: 48 [7200/10639 (67%)]	Loss: 0.000184
Train Epoch: 48 [7800/10639 (73%)]	Loss: 0.000338
Train Epoch: 48 [8400/10639 (79%)]	Loss: 0.000085
Train Epoch: 48 [9000/10639 (84%)]	Loss: 0.004183
Train Epoch: 48 [9600/10639 (90%)]	Loss: 0.000286
Train Epoch: 48 [10200/10639 (96%)]	Loss: 0.000209
Test set: Average loss: 1.0988, Accuracy: 2113/2659 (79%)
Train Epoch: 49 [0/10639 (0%)]	Loss: 0.000058
Train Epoch: 49 [600/10639 (6%)]	Loss: 0.000296
Train Epoch: 49 [1200/10639 (11%)]	Loss: 0.000060
Train Epoch: 49 [1800/10639 (17%)]	Loss: 0.000244
Train Epoch: 49 [2400/10639 (22%)]	Loss: 0.000929
Train Epoch: 49 [3000/10639 (28%)]	Loss: 0.000297
Train Epoch: 49 [3600/10639 (34%)]	Loss: 0.000188
Train Epoch: 49 [4200/10639 (39%)]	Loss: 0.000157
Train Epoch: 49 [4800/10639 (45%)]	Loss: 0.001223
Train Epoch: 49 [5400/10639 (51%)]	Loss: 0.000152
Train Epoch: 49 [6000/10639 (56%)]	Loss: 0.001443
Train Epoch: 49 [6600/10639 (62%)]	Loss: 0.000057
Train Epoch: 49 [7200/10639 (67%)]	Loss: 0.000165
Train Epoch: 49 [7800/10639 (73%)]	Loss: 0.000046
Train Epoch: 49 [8400/10639 (79%)]	Loss: 0.000177
Train Epoch: 49 [9000/10639 (84%)]	Loss: 0.001481
Train Epoch: 49 [9600/10639 (90%)]	Loss: 0.000173
Train Epoch: 49 [10200/10639 (96%)]	Loss: 0.000237
Test set: Average loss: 1.1032, Accuracy: 2109/2659 (79%)
Train Epoch: 50 [0/10639 (0%)]	Loss: 0.000127
Train Epoch: 50 [600/10639 (6%)]	Loss: 0.000077
Train Epoch: 50 [1200/10639 (11%)]	Loss: 0.000103
Train Epoch: 50 [1800/10639 (17%)]	Loss: 0.000279
Train Epoch: 50 [2400/10639 (22%)]	Loss: 0.000837
Train Epoch: 50 [3000/10639 (28%)]	Loss: 0.000082
Train Epoch: 50 [3600/10639 (34%)]	Loss: 0.001343
Train Epoch: 50 [4200/10639 (39%)]	Loss: 0.000096
Train Epoch: 50 [4800/10639 (45%)]	Loss: 0.000119
Train Epoch: 50 [5400/10639 (51%)]	Loss: 0.000271
Train Epoch: 50 [6000/10639 (56%)]	Loss: 0.000718
Train Epoch: 50 [6600/10639 (62%)]	Loss: 0.000277
Train Epoch: 50 [7200/10639 (67%)]	Loss: 0.000063
Train Epoch: 50 [7800/10639 (73%)]	Loss: 0.000283
Train Epoch: 50 [8400/10639 (79%)]	Loss: 0.000120
Train Epoch: 50 [9000/10639 (84%)]	Loss: 0.000133
Train Epoch: 50 [9600/10639 (90%)]	Loss: 0.000164
Train Epoch: 50 [10200/10639 (96%)]	Loss: 0.000075
Test set: Average loss: 1.0778, Accuracy: 2118/2659 (79%)
Train Epoch: 51 [0/10639 (0%)]	Loss: 0.000152
Train Epoch: 51 [600/10639 (6%)]	Loss: 0.000165
Train Epoch: 51 [1200/10639 (11%)]	Loss: 0.000061
Train Epoch: 51 [1800/10639 (17%)]	Loss: 0.001292
Train Epoch: 51 [2400/10639 (22%)]	Loss: 0.000084
Train Epoch: 51 [3000/10639 (28%)]	Loss: 0.000052
Train Epoch: 51 [3600/10639 (34%)]	Loss: 0.000406
Train Epoch: 51 [4200/10639 (39%)]	Loss: 0.000058
Train Epoch: 51 [4800/10639 (45%)]	Loss: 0.000052
Train Epoch: 51 [5400/10639 (51%)]	Loss: 0.000166
Train Epoch: 51 [6000/10639 (56%)]	Loss: 0.000137
Train Epoch: 51 [6600/10639 (62%)]	Loss: 0.000034
Train Epoch: 51 [7200/10639 (67%)]	Loss: 0.000023
Train Epoch: 51 [7800/10639 (73%)]	Loss: 0.000093
Train Epoch: 51 [8400/10639 (79%)]	Loss: 0.002061
Train Epoch: 51 [9000/10639 (84%)]	Loss: 0.000045
Train Epoch: 51 [9600/10639 (90%)]	Loss: 0.000399
Train Epoch: 51 [10200/10639 (96%)]	Loss: 0.000086
Test set: Average loss: 1.0973, Accuracy: 2124/2659 (79%)
Train Epoch: 52 [0/10639 (0%)]	Loss: 0.002692
Train Epoch: 52 [600/10639 (6%)]	Loss: 0.000108
Train Epoch: 52 [1200/10639 (11%)]	Loss: 0.000082
Train Epoch: 52 [1800/10639 (17%)]	Loss: 0.000047
Train Epoch: 52 [2400/10639 (22%)]	Loss: 0.000044
Train Epoch: 52 [3000/10639 (28%)]	Loss: 0.001301
Train Epoch: 52 [3600/10639 (34%)]	Loss: 0.000141
Train Epoch: 52 [4200/10639 (39%)]	Loss: 0.000137
Train Epoch: 52 [4800/10639 (45%)]	Loss: 0.000193
Train Epoch: 52 [5400/10639 (51%)]	Loss: 0.000275
Train Epoch: 52 [6000/10639 (56%)]	Loss: 0.000031
Train Epoch: 52 [6600/10639 (62%)]	Loss: 0.000110
Train Epoch: 52 [7200/10639 (67%)]	Loss: 0.000033
Train Epoch: 52 [7800/10639 (73%)]	Loss: 0.000162
Train Epoch: 52 [8400/10639 (79%)]	Loss: 0.000525
Train Epoch: 52 [9000/10639 (84%)]	Loss: 0.000143
Train Epoch: 52 [9600/10639 (90%)]	Loss: 0.000096
Train Epoch: 52 [10200/10639 (96%)]	Loss: 0.000083
Test set: Average loss: 1.1056, Accuracy: 2116/2659 (79%)
Train Epoch: 53 [0/10639 (0%)]	Loss: 0.000099
Train Epoch: 53 [600/10639 (6%)]	Loss: 0.000038
Train Epoch: 53 [1200/10639 (11%)]	Loss: 0.000247
Train Epoch: 53 [1800/10639 (17%)]	Loss: 0.000064
Train Epoch: 53 [2400/10639 (22%)]	Loss: 0.000117
Train Epoch: 53 [3000/10639 (28%)]	Loss: 0.000113
Train Epoch: 53 [3600/10639 (34%)]	Loss: 0.000394
Train Epoch: 53 [4200/10639 (39%)]	Loss: 0.000210
Train Epoch: 53 [4800/10639 (45%)]	Loss: 0.000860
Train Epoch: 53 [5400/10639 (51%)]	Loss: 0.000042
Train Epoch: 53 [6000/10639 (56%)]	Loss: 0.000142
Train Epoch: 53 [6600/10639 (62%)]	Loss: 0.000049
Train Epoch: 53 [7200/10639 (67%)]	Loss: 0.000129
Train Epoch: 53 [7800/10639 (73%)]	Loss: 0.000083
Train Epoch: 53 [8400/10639 (79%)]	Loss: 0.000052
Train Epoch: 53 [9000/10639 (84%)]	Loss: 0.000035
Train Epoch: 53 [9600/10639 (90%)]	Loss: 0.000045
Train Epoch: 53 [10200/10639 (96%)]	Loss: 0.000342
Test set: Average loss: 1.0790, Accuracy: 2117/2659 (79%)
Train Epoch: 54 [0/10639 (0%)]	Loss: 0.000140
Train Epoch: 54 [600/10639 (6%)]	Loss: 0.000096
Train Epoch: 54 [1200/10639 (11%)]	Loss: 0.000645
Train Epoch: 54 [1800/10639 (17%)]	Loss: 0.000242
Train Epoch: 54 [2400/10639 (22%)]	Loss: 0.000062
Train Epoch: 54 [3000/10639 (28%)]	Loss: 0.000043
Train Epoch: 54 [3600/10639 (34%)]	Loss: 0.000158
Train Epoch: 54 [4200/10639 (39%)]	Loss: 0.000060
Train Epoch: 54 [4800/10639 (45%)]	Loss: 0.000106
Train Epoch: 54 [5400/10639 (51%)]	Loss: 0.000280
Train Epoch: 54 [6000/10639 (56%)]	Loss: 0.000020
Train Epoch: 54 [6600/10639 (62%)]	Loss: 0.001555
Train Epoch: 54 [7200/10639 (67%)]	Loss: 0.000131
Train Epoch: 54 [7800/10639 (73%)]	Loss: 0.000048
Train Epoch: 54 [8400/10639 (79%)]	Loss: 0.000241
Train Epoch: 54 [9000/10639 (84%)]	Loss: 0.000116
Train Epoch: 54 [9600/10639 (90%)]	Loss: 0.000117
Train Epoch: 54 [10200/10639 (96%)]	Loss: 0.000027
Test set: Average loss: 1.0988, Accuracy: 2124/2659 (79%)
Train Epoch: 55 [0/10639 (0%)]	Loss: 0.000032
Train Epoch: 55 [600/10639 (6%)]	Loss: 0.000133
Train Epoch: 55 [1200/10639 (11%)]	Loss: 0.000499
Train Epoch: 55 [1800/10639 (17%)]	Loss: 0.000026
Train Epoch: 55 [2400/10639 (22%)]	Loss: 0.000136
Train Epoch: 55 [3000/10639 (28%)]	Loss: 0.000044
Train Epoch: 55 [3600/10639 (34%)]	Loss: 0.000096
Train Epoch: 55 [4200/10639 (39%)]	Loss: 0.000087
Train Epoch: 55 [4800/10639 (45%)]	Loss: 0.000020
Train Epoch: 55 [5400/10639 (51%)]	Loss: 0.000343
Train Epoch: 55 [6000/10639 (56%)]	Loss: 0.002001
Train Epoch: 55 [6600/10639 (62%)]	Loss: 0.000015
Train Epoch: 55 [7200/10639 (67%)]	Loss: 0.000070
Train Epoch: 55 [7800/10639 (73%)]	Loss: 0.000173
Train Epoch: 55 [8400/10639 (79%)]	Loss: 0.000144
Train Epoch: 55 [9000/10639 (84%)]	Loss: 0.001030
Train Epoch: 55 [9600/10639 (90%)]	Loss: 0.000142
Train Epoch: 55 [10200/10639 (96%)]	Loss: 0.000063
Test set: Average loss: 1.1024, Accuracy: 2128/2659 (80%)
Train Epoch: 56 [0/10639 (0%)]	Loss: 0.000055
Train Epoch: 56 [600/10639 (6%)]	Loss: 0.000081
Train Epoch: 56 [1200/10639 (11%)]	Loss: 0.000052
Train Epoch: 56 [1800/10639 (17%)]	Loss: 0.000058
Train Epoch: 56 [2400/10639 (22%)]	Loss: 0.000195
Train Epoch: 56 [3000/10639 (28%)]	Loss: 0.000308
Train Epoch: 56 [3600/10639 (34%)]	Loss: 0.000112
Train Epoch: 56 [4200/10639 (39%)]	Loss: 0.000104
Train Epoch: 56 [4800/10639 (45%)]	Loss: 0.000102
Train Epoch: 56 [5400/10639 (51%)]	Loss: 0.000100
Train Epoch: 56 [6000/10639 (56%)]	Loss: 0.000127
Train Epoch: 56 [6600/10639 (62%)]	Loss: 0.000220
Train Epoch: 56 [7200/10639 (67%)]	Loss: 0.000065
Train Epoch: 56 [7800/10639 (73%)]	Loss: 0.000055
Train Epoch: 56 [8400/10639 (79%)]	Loss: 0.000054
Train Epoch: 56 [9000/10639 (84%)]	Loss: 0.000032
Train Epoch: 56 [9600/10639 (90%)]	Loss: 0.000032
Train Epoch: 56 [10200/10639 (96%)]	Loss: 0.000035
Test set: Average loss: 1.0971, Accuracy: 2117/2659 (79%)
Train Epoch: 57 [0/10639 (0%)]	Loss: 0.000467
Train Epoch: 57 [600/10639 (6%)]	Loss: 0.000031
Train Epoch: 57 [1200/10639 (11%)]	Loss: 0.000106
Train Epoch: 57 [1800/10639 (17%)]	Loss: 0.000141
Train Epoch: 57 [2400/10639 (22%)]	Loss: 0.000214
Train Epoch: 57 [3000/10639 (28%)]	Loss: 0.000145
Train Epoch: 57 [3600/10639 (34%)]	Loss: 0.000043
Train Epoch: 57 [4200/10639 (39%)]	Loss: 0.000166
Train Epoch: 57 [4800/10639 (45%)]	Loss: 0.000070
Train Epoch: 57 [5400/10639 (51%)]	Loss: 0.000043
Train Epoch: 57 [6000/10639 (56%)]	Loss: 0.000100
Train Epoch: 57 [6600/10639 (62%)]	Loss: 0.000323
Train Epoch: 57 [7200/10639 (67%)]	Loss: 0.000071
Train Epoch: 57 [7800/10639 (73%)]	Loss: 0.000032
Train Epoch: 57 [8400/10639 (79%)]	Loss: 0.000053
Train Epoch: 57 [9000/10639 (84%)]	Loss: 0.000078
Train Epoch: 57 [9600/10639 (90%)]	Loss: 0.000027
Train Epoch: 57 [10200/10639 (96%)]	Loss: 0.000150
Test set: Average loss: 1.0972, Accuracy: 2127/2659 (79%)
Train Epoch: 58 [0/10639 (0%)]	Loss: 0.000190
Train Epoch: 58 [600/10639 (6%)]	Loss: 0.000510
Train Epoch: 58 [1200/10639 (11%)]	Loss: 0.000105
Train Epoch: 58 [1800/10639 (17%)]	Loss: 0.000019
Train Epoch: 58 [2400/10639 (22%)]	Loss: 0.000110
Train Epoch: 58 [3000/10639 (28%)]	Loss: 0.000116
Train Epoch: 58 [3600/10639 (34%)]	Loss: 0.000037
Train Epoch: 58 [4200/10639 (39%)]	Loss: 0.000088
Train Epoch: 58 [4800/10639 (45%)]	Loss: 0.000255
Train Epoch: 58 [5400/10639 (51%)]	Loss: 0.000057
Train Epoch: 58 [6000/10639 (56%)]	Loss: 0.000114
Train Epoch: 58 [6600/10639 (62%)]	Loss: 0.000075
Train Epoch: 58 [7200/10639 (67%)]	Loss: 0.000029
Train Epoch: 58 [7800/10639 (73%)]	Loss: 0.000042
Train Epoch: 58 [8400/10639 (79%)]	Loss: 0.000024
Train Epoch: 58 [9000/10639 (84%)]	Loss: 0.000185
Train Epoch: 58 [9600/10639 (90%)]	Loss: 0.000037
Train Epoch: 58 [10200/10639 (96%)]	Loss: 0.000284
Test set: Average loss: 1.0955, Accuracy: 2124/2659 (79%)
Train Epoch: 59 [0/10639 (0%)]	Loss: 0.000038
Train Epoch: 59 [600/10639 (6%)]	Loss: 0.000050
Train Epoch: 59 [1200/10639 (11%)]	Loss: 0.000043
Train Epoch: 59 [1800/10639 (17%)]	Loss: 0.000016
Train Epoch: 59 [2400/10639 (22%)]	Loss: 0.000068
Train Epoch: 59 [3000/10639 (28%)]	Loss: 0.000468
Train Epoch: 59 [3600/10639 (34%)]	Loss: 0.000933
Train Epoch: 59 [4200/10639 (39%)]	Loss: 0.000072
Train Epoch: 59 [4800/10639 (45%)]	Loss: 0.000063
Train Epoch: 59 [5400/10639 (51%)]	Loss: 0.000060
Train Epoch: 59 [6000/10639 (56%)]	Loss: 0.000033
Train Epoch: 59 [6600/10639 (62%)]	Loss: 0.000156
Train Epoch: 59 [7200/10639 (67%)]	Loss: 0.000296
Train Epoch: 59 [7800/10639 (73%)]	Loss: 0.000023
Train Epoch: 59 [8400/10639 (79%)]	Loss: 0.000077
Train Epoch: 59 [9000/10639 (84%)]	Loss: 0.000045
Train Epoch: 59 [9600/10639 (90%)]	Loss: 0.000623
Train Epoch: 59 [10200/10639 (96%)]	Loss: 0.000873
Test set: Average loss: 1.5022, Accuracy: 1997/2659 (75%)
Train Epoch: 60 [0/10639 (0%)]	Loss: 0.129212
Train Epoch: 60 [600/10639 (6%)]	Loss: 0.018784
Train Epoch: 60 [1200/10639 (11%)]	Loss: 0.004514
Train Epoch: 60 [1800/10639 (17%)]	Loss: 0.008825
Train Epoch: 60 [2400/10639 (22%)]	Loss: 0.001570
Train Epoch: 60 [3000/10639 (28%)]	Loss: 0.000381
Train Epoch: 60 [3600/10639 (34%)]	Loss: 0.001266
Train Epoch: 60 [4200/10639 (39%)]	Loss: 0.000382
Train Epoch: 60 [4800/10639 (45%)]	Loss: 0.000238
Train Epoch: 60 [5400/10639 (51%)]	Loss: 0.010894
Train Epoch: 60 [6000/10639 (56%)]	Loss: 0.000725
Train Epoch: 60 [6600/10639 (62%)]	Loss: 0.000687
Train Epoch: 60 [7200/10639 (67%)]	Loss: 0.003028
Train Epoch: 60 [7800/10639 (73%)]	Loss: 0.000418
Train Epoch: 60 [8400/10639 (79%)]	Loss: 0.002196
Train Epoch: 60 [9000/10639 (84%)]	Loss: 0.009940
Train Epoch: 60 [9600/10639 (90%)]	Loss: 0.008973
Train Epoch: 60 [10200/10639 (96%)]	Loss: 0.045506
Test set: Average loss: 1.2820, Accuracy: 2023/2659 (76%)
