getting datasets
finished
trainning neckline_design_labels:
Train Epoch: 1 [0/13718 (0%)]	Loss: 2.759823
Train Epoch: 1 [800/13718 (6%)]	Loss: 2.179696
Train Epoch: 1 [1600/13718 (12%)]	Loss: 2.238654
Train Epoch: 1 [2400/13718 (17%)]	Loss: 2.231503
Train Epoch: 1 [3200/13718 (23%)]	Loss: 2.095479
Train Epoch: 1 [4000/13718 (29%)]	Loss: 2.115814
Train Epoch: 1 [4800/13718 (35%)]	Loss: 1.778873
Train Epoch: 1 [5600/13718 (41%)]	Loss: 1.921110
Train Epoch: 1 [6400/13718 (47%)]	Loss: 1.681333
Train Epoch: 1 [7200/13718 (52%)]	Loss: 1.522255
Train Epoch: 1 [8000/13718 (58%)]	Loss: 1.790549
Train Epoch: 1 [8800/13718 (64%)]	Loss: 1.712703
Train Epoch: 1 [9600/13718 (70%)]	Loss: 1.334099
Train Epoch: 1 [10400/13718 (76%)]	Loss: 1.536128
Train Epoch: 1 [11200/13718 (81%)]	Loss: 1.139576
Train Epoch: 1 [12000/13718 (87%)]	Loss: 1.389655
Train Epoch: 1 [12800/13718 (93%)]	Loss: 1.218389
Train Epoch: 1 [13600/13718 (99%)]	Loss: 1.235573
Test set: Average loss: 3.2107, Accuracy: 454/3429 (13%)
Train Epoch: 2 [0/13718 (0%)]	Loss: 1.132280
Train Epoch: 2 [800/13718 (6%)]	Loss: 1.163503
Train Epoch: 2 [1600/13718 (12%)]	Loss: 1.176732
Train Epoch: 2 [2400/13718 (17%)]	Loss: 1.013407
Train Epoch: 2 [3200/13718 (23%)]	Loss: 1.044610
Train Epoch: 2 [4000/13718 (29%)]	Loss: 1.045134
Train Epoch: 2 [4800/13718 (35%)]	Loss: 0.979750
Train Epoch: 2 [5600/13718 (41%)]	Loss: 0.982177
Train Epoch: 2 [6400/13718 (47%)]	Loss: 1.038802
Train Epoch: 2 [7200/13718 (52%)]	Loss: 1.105153
Train Epoch: 2 [8000/13718 (58%)]	Loss: 0.998751
Train Epoch: 2 [8800/13718 (64%)]	Loss: 1.004929
Train Epoch: 2 [9600/13718 (70%)]	Loss: 0.947778
Train Epoch: 2 [10400/13718 (76%)]	Loss: 1.087766
Train Epoch: 2 [11200/13718 (81%)]	Loss: 0.793877
Train Epoch: 2 [12000/13718 (87%)]	Loss: 0.814002
Train Epoch: 2 [12800/13718 (93%)]	Loss: 0.830643
Train Epoch: 2 [13600/13718 (99%)]	Loss: 0.939123
Test set: Average loss: 2.7996, Accuracy: 452/3429 (13%)
Train Epoch: 3 [0/13718 (0%)]	Loss: 0.874545
Train Epoch: 3 [800/13718 (6%)]	Loss: 0.678960
Train Epoch: 3 [1600/13718 (12%)]	Loss: 0.631384
Train Epoch: 3 [2400/13718 (17%)]	Loss: 0.713971
Train Epoch: 3 [3200/13718 (23%)]	Loss: 0.601693
Train Epoch: 3 [4000/13718 (29%)]	Loss: 0.984636
Train Epoch: 3 [4800/13718 (35%)]	Loss: 0.691189
Train Epoch: 3 [5600/13718 (41%)]	Loss: 0.743517
Train Epoch: 3 [6400/13718 (47%)]	Loss: 0.793079
Train Epoch: 3 [7200/13718 (52%)]	Loss: 0.722450
Train Epoch: 3 [8000/13718 (58%)]	Loss: 0.902216
Train Epoch: 3 [8800/13718 (64%)]	Loss: 0.784143
Train Epoch: 3 [9600/13718 (70%)]	Loss: 0.599217
Train Epoch: 3 [10400/13718 (76%)]	Loss: 0.759804
Train Epoch: 3 [11200/13718 (81%)]	Loss: 0.817755
Train Epoch: 3 [12000/13718 (87%)]	Loss: 0.881338
Train Epoch: 3 [12800/13718 (93%)]	Loss: 0.877102
Train Epoch: 3 [13600/13718 (99%)]	Loss: 0.928263
Test set: Average loss: 2.7833, Accuracy: 455/3429 (13%)
Train Epoch: 4 [0/13718 (0%)]	Loss: 0.540155
Train Epoch: 4 [800/13718 (6%)]	Loss: 0.461100
Train Epoch: 4 [1600/13718 (12%)]	Loss: 0.474629
Train Epoch: 4 [2400/13718 (17%)]	Loss: 0.498511
Train Epoch: 4 [3200/13718 (23%)]	Loss: 0.456862
Train Epoch: 4 [4000/13718 (29%)]	Loss: 0.748795
Train Epoch: 4 [4800/13718 (35%)]	Loss: 0.380984
Train Epoch: 4 [5600/13718 (41%)]	Loss: 0.604152
Train Epoch: 4 [6400/13718 (47%)]	Loss: 0.624154
Train Epoch: 4 [7200/13718 (52%)]	Loss: 0.510141
Train Epoch: 4 [8000/13718 (58%)]	Loss: 0.536630
Train Epoch: 4 [8800/13718 (64%)]	Loss: 0.512872
Train Epoch: 4 [9600/13718 (70%)]	Loss: 0.664585
Train Epoch: 4 [10400/13718 (76%)]	Loss: 0.806291
Train Epoch: 4 [11200/13718 (81%)]	Loss: 0.528170
Train Epoch: 4 [12000/13718 (87%)]	Loss: 0.587342
Train Epoch: 4 [12800/13718 (93%)]	Loss: 0.639081
Train Epoch: 4 [13600/13718 (99%)]	Loss: 0.504397
Test set: Average loss: 4.2725, Accuracy: 452/3429 (13%)
Train Epoch: 5 [0/13718 (0%)]	Loss: 0.577946
Train Epoch: 5 [800/13718 (6%)]	Loss: 0.269891
Train Epoch: 5 [1600/13718 (12%)]	Loss: 0.409448
Train Epoch: 5 [2400/13718 (17%)]	Loss: 0.320265
Train Epoch: 5 [3200/13718 (23%)]	Loss: 0.277852
Train Epoch: 5 [4000/13718 (29%)]	Loss: 0.318581
Train Epoch: 5 [4800/13718 (35%)]	Loss: 0.319793
Train Epoch: 5 [5600/13718 (41%)]	Loss: 0.307878
Train Epoch: 5 [6400/13718 (47%)]	Loss: 0.495212
Train Epoch: 5 [7200/13718 (52%)]	Loss: 0.273197
Train Epoch: 5 [8000/13718 (58%)]	Loss: 0.383544
Train Epoch: 5 [8800/13718 (64%)]	Loss: 0.343345
Train Epoch: 5 [9600/13718 (70%)]	Loss: 0.395883
Train Epoch: 5 [10400/13718 (76%)]	Loss: 0.462791
Train Epoch: 5 [11200/13718 (81%)]	Loss: 0.350539
Train Epoch: 5 [12000/13718 (87%)]	Loss: 0.308966
Train Epoch: 5 [12800/13718 (93%)]	Loss: 0.418647
Train Epoch: 5 [13600/13718 (99%)]	Loss: 0.346822
Test set: Average loss: 3.3540, Accuracy: 485/3429 (14%)
Train Epoch: 6 [0/13718 (0%)]	Loss: 0.186296
Train Epoch: 6 [800/13718 (6%)]	Loss: 0.109223
Train Epoch: 6 [1600/13718 (12%)]	Loss: 0.130516
Train Epoch: 6 [2400/13718 (17%)]	Loss: 0.179604
Train Epoch: 6 [3200/13718 (23%)]	Loss: 0.148811
Train Epoch: 6 [4000/13718 (29%)]	Loss: 0.139713
Train Epoch: 6 [4800/13718 (35%)]	Loss: 0.196338
Train Epoch: 6 [5600/13718 (41%)]	Loss: 0.237877
Train Epoch: 6 [6400/13718 (47%)]	Loss: 0.268196
Train Epoch: 6 [7200/13718 (52%)]	Loss: 0.214006
Train Epoch: 6 [8000/13718 (58%)]	Loss: 0.284535
Train Epoch: 6 [8800/13718 (64%)]	Loss: 0.169457
Train Epoch: 6 [9600/13718 (70%)]	Loss: 0.310127
Train Epoch: 6 [10400/13718 (76%)]	Loss: 0.173497
Train Epoch: 6 [11200/13718 (81%)]	Loss: 0.243966
Train Epoch: 6 [12000/13718 (87%)]	Loss: 0.186569
Train Epoch: 6 [12800/13718 (93%)]	Loss: 0.295079
Train Epoch: 6 [13600/13718 (99%)]	Loss: 0.395777
Test set: Average loss: 4.8062, Accuracy: 452/3429 (13%)
Train Epoch: 7 [0/13718 (0%)]	Loss: 0.176392
Train Epoch: 7 [800/13718 (6%)]	Loss: 0.126004
Train Epoch: 7 [1600/13718 (12%)]	Loss: 0.232416
Train Epoch: 7 [2400/13718 (17%)]	Loss: 0.111281
Train Epoch: 7 [3200/13718 (23%)]	Loss: 0.113620
Train Epoch: 7 [4000/13718 (29%)]	Loss: 0.082429
Train Epoch: 7 [4800/13718 (35%)]	Loss: 0.055110
Train Epoch: 7 [5600/13718 (41%)]	Loss: 0.076862
Train Epoch: 7 [6400/13718 (47%)]	Loss: 0.128888
Train Epoch: 7 [7200/13718 (52%)]	Loss: 0.081147
Train Epoch: 7 [8000/13718 (58%)]	Loss: 0.160692
Train Epoch: 7 [8800/13718 (64%)]	Loss: 0.155392
Train Epoch: 7 [9600/13718 (70%)]	Loss: 0.206531
Train Epoch: 7 [10400/13718 (76%)]	Loss: 0.106247
Train Epoch: 7 [11200/13718 (81%)]	Loss: 0.152806
Train Epoch: 7 [12000/13718 (87%)]	Loss: 0.132110
Train Epoch: 7 [12800/13718 (93%)]	Loss: 0.224410
Train Epoch: 7 [13600/13718 (99%)]	Loss: 0.075774
Test set: Average loss: 4.2995, Accuracy: 361/3429 (10%)
Train Epoch: 8 [0/13718 (0%)]	Loss: 0.078228
Train Epoch: 8 [800/13718 (6%)]	Loss: 0.080300
Train Epoch: 8 [1600/13718 (12%)]	Loss: 0.073075
Train Epoch: 8 [2400/13718 (17%)]	Loss: 0.050765
Train Epoch: 8 [3200/13718 (23%)]	Loss: 0.232897
Train Epoch: 8 [4000/13718 (29%)]	Loss: 0.084988
Train Epoch: 8 [4800/13718 (35%)]	Loss: 0.053988
Train Epoch: 8 [5600/13718 (41%)]	Loss: 0.056268
Train Epoch: 8 [6400/13718 (47%)]	Loss: 0.119409
Train Epoch: 8 [7200/13718 (52%)]	Loss: 0.076681
Train Epoch: 8 [8000/13718 (58%)]	Loss: 0.140005
Train Epoch: 8 [8800/13718 (64%)]	Loss: 0.073788
Train Epoch: 8 [9600/13718 (70%)]	Loss: 0.088656
Train Epoch: 8 [10400/13718 (76%)]	Loss: 0.102612
Train Epoch: 8 [11200/13718 (81%)]	Loss: 0.250548
Train Epoch: 8 [12000/13718 (87%)]	Loss: 0.152730
Train Epoch: 8 [12800/13718 (93%)]	Loss: 0.100948
Train Epoch: 8 [13600/13718 (99%)]	Loss: 0.047873
Test set: Average loss: 4.6356, Accuracy: 370/3429 (10%)
Train Epoch: 9 [0/13718 (0%)]	Loss: 0.136102
Train Epoch: 9 [800/13718 (6%)]	Loss: 0.072386
Train Epoch: 9 [1600/13718 (12%)]	Loss: 0.053704
Train Epoch: 9 [2400/13718 (17%)]	Loss: 0.065622
Train Epoch: 9 [3200/13718 (23%)]	Loss: 0.052405
Train Epoch: 9 [4000/13718 (29%)]	Loss: 0.088119
Train Epoch: 9 [4800/13718 (35%)]	Loss: 0.045369
Train Epoch: 9 [5600/13718 (41%)]	Loss: 0.063970
Train Epoch: 9 [6400/13718 (47%)]	Loss: 0.056549
Train Epoch: 9 [7200/13718 (52%)]	Loss: 0.097791
Train Epoch: 9 [8000/13718 (58%)]	Loss: 0.047401
Train Epoch: 9 [8800/13718 (64%)]	Loss: 0.060607
Train Epoch: 9 [9600/13718 (70%)]	Loss: 0.060007
Train Epoch: 9 [10400/13718 (76%)]	Loss: 0.160059
Train Epoch: 9 [11200/13718 (81%)]	Loss: 0.034799
Train Epoch: 9 [12000/13718 (87%)]	Loss: 0.170586
Train Epoch: 9 [12800/13718 (93%)]	Loss: 0.065027
Train Epoch: 9 [13600/13718 (99%)]	Loss: 0.078214
Test set: Average loss: 3.6821, Accuracy: 453/3429 (13%)
Train Epoch: 10 [0/13718 (0%)]	Loss: 0.056503
Train Epoch: 10 [800/13718 (6%)]	Loss: 0.073254
Train Epoch: 10 [1600/13718 (12%)]	Loss: 0.068288
Train Epoch: 10 [2400/13718 (17%)]	Loss: 0.054736
Train Epoch: 10 [3200/13718 (23%)]	Loss: 0.068838
Train Epoch: 10 [4000/13718 (29%)]	Loss: 0.059633
Train Epoch: 10 [4800/13718 (35%)]	Loss: 0.048979
Train Epoch: 10 [5600/13718 (41%)]	Loss: 0.076857
Train Epoch: 10 [6400/13718 (47%)]	Loss: 0.015327
Train Epoch: 10 [7200/13718 (52%)]	Loss: 0.049401
Train Epoch: 10 [8000/13718 (58%)]	Loss: 0.080617
Train Epoch: 10 [8800/13718 (64%)]	Loss: 0.084481
Train Epoch: 10 [9600/13718 (70%)]	Loss: 0.020523
Train Epoch: 10 [10400/13718 (76%)]	Loss: 0.034820
Train Epoch: 10 [11200/13718 (81%)]	Loss: 0.108397
Train Epoch: 10 [12000/13718 (87%)]	Loss: 0.050733
Train Epoch: 10 [12800/13718 (93%)]	Loss: 0.021235
Train Epoch: 10 [13600/13718 (99%)]	Loss: 0.071321
Test set: Average loss: 6.8766, Accuracy: 452/3429 (13%)
Train Epoch: 11 [0/13718 (0%)]	Loss: 0.035333
Train Epoch: 11 [800/13718 (6%)]	Loss: 0.029872
Train Epoch: 11 [1600/13718 (12%)]	Loss: 0.028383
Train Epoch: 11 [2400/13718 (17%)]	Loss: 0.006420
Train Epoch: 11 [3200/13718 (23%)]	Loss: 0.008442
Train Epoch: 11 [4000/13718 (29%)]	Loss: 0.039000
Train Epoch: 11 [4800/13718 (35%)]	Loss: 0.009612
Train Epoch: 11 [5600/13718 (41%)]	Loss: 0.015183
Train Epoch: 11 [6400/13718 (47%)]	Loss: 0.041504
Train Epoch: 11 [7200/13718 (52%)]	Loss: 0.016065
Train Epoch: 11 [8000/13718 (58%)]	Loss: 0.013662
Train Epoch: 11 [8800/13718 (64%)]	Loss: 0.063510
Train Epoch: 11 [9600/13718 (70%)]	Loss: 0.060835
Train Epoch: 11 [10400/13718 (76%)]	Loss: 0.044620
Train Epoch: 11 [11200/13718 (81%)]	Loss: 0.017113
Train Epoch: 11 [12000/13718 (87%)]	Loss: 0.022437
Train Epoch: 11 [12800/13718 (93%)]	Loss: 0.008555
Train Epoch: 11 [13600/13718 (99%)]	Loss: 0.015864
Test set: Average loss: 5.6230, Accuracy: 459/3429 (13%)
Train Epoch: 12 [0/13718 (0%)]	Loss: 0.026924
Train Epoch: 12 [800/13718 (6%)]	Loss: 0.015251
Train Epoch: 12 [1600/13718 (12%)]	Loss: 0.004520
Train Epoch: 12 [2400/13718 (17%)]	Loss: 0.005581
Train Epoch: 12 [3200/13718 (23%)]	Loss: 0.002905
Train Epoch: 12 [4000/13718 (29%)]	Loss: 0.003776
Train Epoch: 12 [4800/13718 (35%)]	Loss: 0.002340
Train Epoch: 12 [5600/13718 (41%)]	Loss: 0.009809
Train Epoch: 12 [6400/13718 (47%)]	Loss: 0.036767
Train Epoch: 12 [7200/13718 (52%)]	Loss: 0.002620
Train Epoch: 12 [8000/13718 (58%)]	Loss: 0.005154
Train Epoch: 12 [8800/13718 (64%)]	Loss: 0.005341
Train Epoch: 12 [9600/13718 (70%)]	Loss: 0.003076
Train Epoch: 12 [10400/13718 (76%)]	Loss: 0.003783
Train Epoch: 12 [11200/13718 (81%)]	Loss: 0.008254
Train Epoch: 12 [12000/13718 (87%)]	Loss: 0.005485
Train Epoch: 12 [12800/13718 (93%)]	Loss: 0.006185
Train Epoch: 12 [13600/13718 (99%)]	Loss: 0.003436
Test set: Average loss: 3.7813, Accuracy: 466/3429 (13%)
Train Epoch: 13 [0/13718 (0%)]	Loss: 0.003064
Train Epoch: 13 [800/13718 (6%)]	Loss: 0.009344
Train Epoch: 13 [1600/13718 (12%)]	Loss: 0.049555
Train Epoch: 13 [2400/13718 (17%)]	Loss: 0.068147
Train Epoch: 13 [3200/13718 (23%)]	Loss: 0.007280
Train Epoch: 13 [4000/13718 (29%)]	Loss: 0.005085
Train Epoch: 13 [4800/13718 (35%)]	Loss: 0.010718
Train Epoch: 13 [5600/13718 (41%)]	Loss: 0.017572
Train Epoch: 13 [6400/13718 (47%)]	Loss: 0.003599
Train Epoch: 13 [7200/13718 (52%)]	Loss: 0.003313
Train Epoch: 13 [8000/13718 (58%)]	Loss: 0.021618
Train Epoch: 13 [8800/13718 (64%)]	Loss: 0.020315
Train Epoch: 13 [9600/13718 (70%)]	Loss: 0.023136
Train Epoch: 13 [10400/13718 (76%)]	Loss: 0.021465
Train Epoch: 13 [11200/13718 (81%)]	Loss: 0.007167
Train Epoch: 13 [12000/13718 (87%)]	Loss: 0.002476
Train Epoch: 13 [12800/13718 (93%)]	Loss: 0.015482
Train Epoch: 13 [13600/13718 (99%)]	Loss: 0.002227
Test set: Average loss: 3.8536, Accuracy: 492/3429 (14%)
Train Epoch: 14 [0/13718 (0%)]	Loss: 0.002922
Train Epoch: 14 [800/13718 (6%)]	Loss: 0.003841
Train Epoch: 14 [1600/13718 (12%)]	Loss: 0.003918
Train Epoch: 14 [2400/13718 (17%)]	Loss: 0.009196
Train Epoch: 14 [3200/13718 (23%)]	Loss: 0.002019
Train Epoch: 14 [4000/13718 (29%)]	Loss: 0.001337
Train Epoch: 14 [4800/13718 (35%)]	Loss: 0.011791
Train Epoch: 14 [5600/13718 (41%)]	Loss: 0.004813
Train Epoch: 14 [6400/13718 (47%)]	Loss: 0.002396
Train Epoch: 14 [7200/13718 (52%)]	Loss: 0.001839
Train Epoch: 14 [8000/13718 (58%)]	Loss: 0.002706
Train Epoch: 14 [8800/13718 (64%)]	Loss: 0.014579
Train Epoch: 14 [9600/13718 (70%)]	Loss: 0.019837
Train Epoch: 14 [10400/13718 (76%)]	Loss: 0.003743
Train Epoch: 14 [11200/13718 (81%)]	Loss: 0.006034
Train Epoch: 14 [12000/13718 (87%)]	Loss: 0.000894
Train Epoch: 14 [12800/13718 (93%)]	Loss: 0.005968
Train Epoch: 14 [13600/13718 (99%)]	Loss: 0.008742
Test set: Average loss: 4.5911, Accuracy: 595/3429 (17%)
Train Epoch: 15 [0/13718 (0%)]	Loss: 0.005643
Train Epoch: 15 [800/13718 (6%)]	Loss: 0.001821
Train Epoch: 15 [1600/13718 (12%)]	Loss: 0.015406
Train Epoch: 15 [2400/13718 (17%)]	Loss: 0.003734
Train Epoch: 15 [3200/13718 (23%)]	Loss: 0.003495
Train Epoch: 15 [4000/13718 (29%)]	Loss: 0.009544
Train Epoch: 15 [4800/13718 (35%)]	Loss: 0.002059
Train Epoch: 15 [5600/13718 (41%)]	Loss: 0.004218
Train Epoch: 15 [6400/13718 (47%)]	Loss: 0.007075
Train Epoch: 15 [7200/13718 (52%)]	Loss: 0.004022
Train Epoch: 15 [8000/13718 (58%)]	Loss: 0.001105
Train Epoch: 15 [8800/13718 (64%)]	Loss: 0.001979
Train Epoch: 15 [9600/13718 (70%)]	Loss: 0.010816
Train Epoch: 15 [10400/13718 (76%)]	Loss: 0.001761
Train Epoch: 15 [11200/13718 (81%)]	Loss: 0.002461
Train Epoch: 15 [12000/13718 (87%)]	Loss: 0.004418
Train Epoch: 15 [12800/13718 (93%)]	Loss: 0.001845
Train Epoch: 15 [13600/13718 (99%)]	Loss: 0.009228
Test set: Average loss: 1.8115, Accuracy: 2191/3429 (63%)
Train Epoch: 16 [0/13718 (0%)]	Loss: 0.000565
Train Epoch: 16 [800/13718 (6%)]	Loss: 0.001089
Train Epoch: 16 [1600/13718 (12%)]	Loss: 0.002737
Train Epoch: 16 [2400/13718 (17%)]	Loss: 0.002325
Train Epoch: 16 [3200/13718 (23%)]	Loss: 0.000768
Train Epoch: 16 [4000/13718 (29%)]	Loss: 0.000746
Train Epoch: 16 [4800/13718 (35%)]	Loss: 0.001458
Train Epoch: 16 [5600/13718 (41%)]	Loss: 0.001012
Train Epoch: 16 [6400/13718 (47%)]	Loss: 0.000904
Train Epoch: 16 [7200/13718 (52%)]	Loss: 0.000666
Train Epoch: 16 [8000/13718 (58%)]	Loss: 0.001180
Train Epoch: 16 [8800/13718 (64%)]	Loss: 0.000594
Train Epoch: 16 [9600/13718 (70%)]	Loss: 0.013970
Train Epoch: 16 [10400/13718 (76%)]	Loss: 0.001381
Train Epoch: 16 [11200/13718 (81%)]	Loss: 0.000627
Train Epoch: 16 [12000/13718 (87%)]	Loss: 0.003131
Train Epoch: 16 [12800/13718 (93%)]	Loss: 0.003133
Train Epoch: 16 [13600/13718 (99%)]	Loss: 0.001592
Test set: Average loss: 2.7240, Accuracy: 1589/3429 (46%)
Train Epoch: 17 [0/13718 (0%)]	Loss: 0.000708
Train Epoch: 17 [800/13718 (6%)]	Loss: 0.000966
Train Epoch: 17 [1600/13718 (12%)]	Loss: 0.000841
Train Epoch: 17 [2400/13718 (17%)]	Loss: 0.000763
Train Epoch: 17 [3200/13718 (23%)]	Loss: 0.000830
Train Epoch: 17 [4000/13718 (29%)]	Loss: 0.000976
Train Epoch: 17 [4800/13718 (35%)]	Loss: 0.000430
Train Epoch: 17 [5600/13718 (41%)]	Loss: 0.001086
Train Epoch: 17 [6400/13718 (47%)]	Loss: 0.001661
Train Epoch: 17 [7200/13718 (52%)]	Loss: 0.000903
Train Epoch: 17 [8000/13718 (58%)]	Loss: 0.000618
Train Epoch: 17 [8800/13718 (64%)]	Loss: 0.002052
Train Epoch: 17 [9600/13718 (70%)]	Loss: 0.003088
Train Epoch: 17 [10400/13718 (76%)]	Loss: 0.003308
Train Epoch: 17 [11200/13718 (81%)]	Loss: 0.000484
Train Epoch: 17 [12000/13718 (87%)]	Loss: 0.002818
Train Epoch: 17 [12800/13718 (93%)]	Loss: 0.001110
Train Epoch: 17 [13600/13718 (99%)]	Loss: 0.008078
Test set: Average loss: 3.8447, Accuracy: 1022/3429 (29%)
Train Epoch: 18 [0/13718 (0%)]	Loss: 0.001731
Train Epoch: 18 [800/13718 (6%)]	Loss: 0.000895
Train Epoch: 18 [1600/13718 (12%)]	Loss: 0.000655
Train Epoch: 18 [2400/13718 (17%)]	Loss: 0.001379
Train Epoch: 18 [3200/13718 (23%)]	Loss: 0.000904
Train Epoch: 18 [4000/13718 (29%)]	Loss: 0.001651
Train Epoch: 18 [4800/13718 (35%)]	Loss: 0.000349
Train Epoch: 18 [5600/13718 (41%)]	Loss: 0.008209
Train Epoch: 18 [6400/13718 (47%)]	Loss: 0.000587
Train Epoch: 18 [7200/13718 (52%)]	Loss: 0.000895
Train Epoch: 18 [8000/13718 (58%)]	Loss: 0.012610
Train Epoch: 18 [8800/13718 (64%)]	Loss: 0.000702
Train Epoch: 18 [9600/13718 (70%)]	Loss: 0.000637
Train Epoch: 18 [10400/13718 (76%)]	Loss: 0.001685
Train Epoch: 18 [11200/13718 (81%)]	Loss: 0.000810
Train Epoch: 18 [12000/13718 (87%)]	Loss: 0.000460
Train Epoch: 18 [12800/13718 (93%)]	Loss: 0.001034
Train Epoch: 18 [13600/13718 (99%)]	Loss: 0.005068
Test set: Average loss: 1.6463, Accuracy: 2320/3429 (67%)
Train Epoch: 19 [0/13718 (0%)]	Loss: 0.001570
Train Epoch: 19 [800/13718 (6%)]	Loss: 0.000746
Train Epoch: 19 [1600/13718 (12%)]	Loss: 0.000795
Train Epoch: 19 [2400/13718 (17%)]	Loss: 0.000310
Train Epoch: 19 [3200/13718 (23%)]	Loss: 0.001026
Train Epoch: 19 [4000/13718 (29%)]	Loss: 0.000733
Train Epoch: 19 [4800/13718 (35%)]	Loss: 0.000717
Train Epoch: 19 [5600/13718 (41%)]	Loss: 0.000430
Train Epoch: 19 [6400/13718 (47%)]	Loss: 0.003216
Train Epoch: 19 [7200/13718 (52%)]	Loss: 0.000349
Train Epoch: 19 [8000/13718 (58%)]	Loss: 0.000861
Train Epoch: 19 [8800/13718 (64%)]	Loss: 0.000936
Train Epoch: 19 [9600/13718 (70%)]	Loss: 0.001036
Train Epoch: 19 [10400/13718 (76%)]	Loss: 0.000346
Train Epoch: 19 [11200/13718 (81%)]	Loss: 0.000358
Train Epoch: 19 [12000/13718 (87%)]	Loss: 0.000474
Train Epoch: 19 [12800/13718 (93%)]	Loss: 0.000600
Train Epoch: 19 [13600/13718 (99%)]	Loss: 0.000965
Test set: Average loss: 1.5177, Accuracy: 2476/3429 (72%)
Train Epoch: 20 [0/13718 (0%)]	Loss: 0.000371
Train Epoch: 20 [800/13718 (6%)]	Loss: 0.000685
Train Epoch: 20 [1600/13718 (12%)]	Loss: 0.001237
Train Epoch: 20 [2400/13718 (17%)]	Loss: 0.000272
Train Epoch: 20 [3200/13718 (23%)]	Loss: 0.000508
Train Epoch: 20 [4000/13718 (29%)]	Loss: 0.000423
Train Epoch: 20 [4800/13718 (35%)]	Loss: 0.000291
Train Epoch: 20 [5600/13718 (41%)]	Loss: 0.001633
Train Epoch: 20 [6400/13718 (47%)]	Loss: 0.001441
Train Epoch: 20 [7200/13718 (52%)]	Loss: 0.000333
Train Epoch: 20 [8000/13718 (58%)]	Loss: 0.000302
Train Epoch: 20 [8800/13718 (64%)]	Loss: 0.000331
Train Epoch: 20 [9600/13718 (70%)]	Loss: 0.000227
Train Epoch: 20 [10400/13718 (76%)]	Loss: 0.000481
Train Epoch: 20 [11200/13718 (81%)]	Loss: 0.001660
Train Epoch: 20 [12000/13718 (87%)]	Loss: 0.000248
Train Epoch: 20 [12800/13718 (93%)]	Loss: 0.000431
Train Epoch: 20 [13600/13718 (99%)]	Loss: 0.000397
Test set: Average loss: 1.5559, Accuracy: 2464/3429 (71%)
Train Epoch: 21 [0/13718 (0%)]	Loss: 0.000404
Train Epoch: 21 [800/13718 (6%)]	Loss: 0.000297
Train Epoch: 21 [1600/13718 (12%)]	Loss: 0.000540
Train Epoch: 21 [2400/13718 (17%)]	Loss: 0.000328
Train Epoch: 21 [3200/13718 (23%)]	Loss: 0.000366
Train Epoch: 21 [4000/13718 (29%)]	Loss: 0.000869
Train Epoch: 21 [4800/13718 (35%)]	Loss: 0.015475
Train Epoch: 21 [5600/13718 (41%)]	Loss: 0.000230
Train Epoch: 21 [6400/13718 (47%)]	Loss: 0.002478
Train Epoch: 21 [7200/13718 (52%)]	Loss: 0.000514
Train Epoch: 21 [8000/13718 (58%)]	Loss: 0.000284
Train Epoch: 21 [8800/13718 (64%)]	Loss: 0.000213
Train Epoch: 21 [9600/13718 (70%)]	Loss: 0.000405
Train Epoch: 21 [10400/13718 (76%)]	Loss: 0.000478
Train Epoch: 21 [11200/13718 (81%)]	Loss: 0.000195
Train Epoch: 21 [12000/13718 (87%)]	Loss: 0.000458
Train Epoch: 21 [12800/13718 (93%)]	Loss: 0.000581
Train Epoch: 21 [13600/13718 (99%)]	Loss: 0.001082
Test set: Average loss: 1.5446, Accuracy: 2459/3429 (71%)
Train Epoch: 22 [0/13718 (0%)]	Loss: 0.000228
Train Epoch: 22 [800/13718 (6%)]	Loss: 0.000273
Train Epoch: 22 [1600/13718 (12%)]	Loss: 0.000500
Train Epoch: 22 [2400/13718 (17%)]	Loss: 0.000699
Train Epoch: 22 [3200/13718 (23%)]	Loss: 0.000285
Train Epoch: 22 [4000/13718 (29%)]	Loss: 0.000172
Train Epoch: 22 [4800/13718 (35%)]	Loss: 0.000305
Train Epoch: 22 [5600/13718 (41%)]	Loss: 0.000576
Train Epoch: 22 [6400/13718 (47%)]	Loss: 0.000332
Train Epoch: 22 [7200/13718 (52%)]	Loss: 0.000197
Train Epoch: 22 [8000/13718 (58%)]	Loss: 0.000336
Train Epoch: 22 [8800/13718 (64%)]	Loss: 0.000229
Train Epoch: 22 [9600/13718 (70%)]	Loss: 0.000420
Train Epoch: 22 [10400/13718 (76%)]	Loss: 0.000253
Train Epoch: 22 [11200/13718 (81%)]	Loss: 0.001107
Train Epoch: 22 [12000/13718 (87%)]	Loss: 0.000311
Train Epoch: 22 [12800/13718 (93%)]	Loss: 0.001645
Train Epoch: 22 [13600/13718 (99%)]	Loss: 0.002261
Test set: Average loss: 1.6032, Accuracy: 2431/3429 (70%)
Train Epoch: 23 [0/13718 (0%)]	Loss: 0.000446
Train Epoch: 23 [800/13718 (6%)]	Loss: 0.000779
Train Epoch: 23 [1600/13718 (12%)]	Loss: 0.000385
Train Epoch: 23 [2400/13718 (17%)]	Loss: 0.000345
Train Epoch: 23 [3200/13718 (23%)]	Loss: 0.000415
Train Epoch: 23 [4000/13718 (29%)]	Loss: 0.001098
Train Epoch: 23 [4800/13718 (35%)]	Loss: 0.000307
Train Epoch: 23 [5600/13718 (41%)]	Loss: 0.000271
Train Epoch: 23 [6400/13718 (47%)]	Loss: 0.000379
Train Epoch: 23 [7200/13718 (52%)]	Loss: 0.002122
Train Epoch: 23 [8000/13718 (58%)]	Loss: 0.000535
Train Epoch: 23 [8800/13718 (64%)]	Loss: 0.014508
Train Epoch: 23 [9600/13718 (70%)]	Loss: 0.017508
Train Epoch: 23 [10400/13718 (76%)]	Loss: 0.001160
Train Epoch: 23 [11200/13718 (81%)]	Loss: 0.013521
Train Epoch: 23 [12000/13718 (87%)]	Loss: 0.001719
Train Epoch: 23 [12800/13718 (93%)]	Loss: 0.003891
Train Epoch: 23 [13600/13718 (99%)]	Loss: 0.004746
Test set: Average loss: 4.5568, Accuracy: 314/3429 (9%)
Train Epoch: 24 [0/13718 (0%)]	Loss: 0.001430
Train Epoch: 24 [800/13718 (6%)]	Loss: 0.004665
Train Epoch: 24 [1600/13718 (12%)]	Loss: 0.003017
Train Epoch: 24 [2400/13718 (17%)]	Loss: 0.001123
Train Epoch: 24 [3200/13718 (23%)]	Loss: 0.000766
Train Epoch: 24 [4000/13718 (29%)]	Loss: 0.003147
Train Epoch: 24 [4800/13718 (35%)]	Loss: 0.015934
Train Epoch: 24 [5600/13718 (41%)]	Loss: 0.005245
Train Epoch: 24 [6400/13718 (47%)]	Loss: 0.000321
Train Epoch: 24 [7200/13718 (52%)]	Loss: 0.000335
Train Epoch: 24 [8000/13718 (58%)]	Loss: 0.001529
Train Epoch: 24 [8800/13718 (64%)]	Loss: 0.000535
Train Epoch: 24 [9600/13718 (70%)]	Loss: 0.001825
Train Epoch: 24 [10400/13718 (76%)]	Loss: 0.001297
Train Epoch: 24 [11200/13718 (81%)]	Loss: 0.000729
Train Epoch: 24 [12000/13718 (87%)]	Loss: 0.001675
Train Epoch: 24 [12800/13718 (93%)]	Loss: 0.002218
Train Epoch: 24 [13600/13718 (99%)]	Loss: 0.001564
Test set: Average loss: 4.5029, Accuracy: 770/3429 (22%)
Train Epoch: 25 [0/13718 (0%)]	Loss: 0.001139
Train Epoch: 25 [800/13718 (6%)]	Loss: 0.001710
Train Epoch: 25 [1600/13718 (12%)]	Loss: 0.001119
Train Epoch: 25 [2400/13718 (17%)]	Loss: 0.000393
Train Epoch: 25 [3200/13718 (23%)]	Loss: 0.000482
Train Epoch: 25 [4000/13718 (29%)]	Loss: 0.000368
Train Epoch: 25 [4800/13718 (35%)]	Loss: 0.001683
Train Epoch: 25 [5600/13718 (41%)]	Loss: 0.000397
Train Epoch: 25 [6400/13718 (47%)]	Loss: 0.000435
Train Epoch: 25 [7200/13718 (52%)]	Loss: 0.001368
Train Epoch: 25 [8000/13718 (58%)]	Loss: 0.039847
Train Epoch: 25 [8800/13718 (64%)]	Loss: 0.000533
Train Epoch: 25 [9600/13718 (70%)]	Loss: 0.001021
Train Epoch: 25 [10400/13718 (76%)]	Loss: 0.000493
Train Epoch: 25 [11200/13718 (81%)]	Loss: 0.000506
Train Epoch: 25 [12000/13718 (87%)]	Loss: 0.015008
Train Epoch: 25 [12800/13718 (93%)]	Loss: 0.000868
Train Epoch: 25 [13600/13718 (99%)]	Loss: 0.001858
Test set: Average loss: 1.7474, Accuracy: 2350/3429 (68%)
Train Epoch: 26 [0/13718 (0%)]	Loss: 0.000408
Train Epoch: 26 [800/13718 (6%)]	Loss: 0.000744
Train Epoch: 26 [1600/13718 (12%)]	Loss: 0.001184
Train Epoch: 26 [2400/13718 (17%)]	Loss: 0.000603
Train Epoch: 26 [3200/13718 (23%)]	Loss: 0.002451
Train Epoch: 26 [4000/13718 (29%)]	Loss: 0.003753
Train Epoch: 26 [4800/13718 (35%)]	Loss: 0.005034
Train Epoch: 26 [5600/13718 (41%)]	Loss: 0.000645
Train Epoch: 26 [6400/13718 (47%)]	Loss: 0.001092
Train Epoch: 26 [7200/13718 (52%)]	Loss: 0.000209
Train Epoch: 26 [8000/13718 (58%)]	Loss: 0.001620
Train Epoch: 26 [8800/13718 (64%)]	Loss: 0.000266
Train Epoch: 26 [9600/13718 (70%)]	Loss: 0.000211
Train Epoch: 26 [10400/13718 (76%)]	Loss: 0.000556
Train Epoch: 26 [11200/13718 (81%)]	Loss: 0.000599
Train Epoch: 26 [12000/13718 (87%)]	Loss: 0.000688
Train Epoch: 26 [12800/13718 (93%)]	Loss: 0.000391
Train Epoch: 26 [13600/13718 (99%)]	Loss: 0.000262
Test set: Average loss: 2.9180, Accuracy: 1764/3429 (51%)
Train Epoch: 27 [0/13718 (0%)]	Loss: 0.000323
Train Epoch: 27 [800/13718 (6%)]	Loss: 0.000245
Train Epoch: 27 [1600/13718 (12%)]	Loss: 0.000540
Train Epoch: 27 [2400/13718 (17%)]	Loss: 0.000899
Train Epoch: 27 [3200/13718 (23%)]	Loss: 0.000382
Train Epoch: 27 [4000/13718 (29%)]	Loss: 0.000771
Train Epoch: 27 [4800/13718 (35%)]	Loss: 0.000386
Train Epoch: 27 [5600/13718 (41%)]	Loss: 0.000693
Train Epoch: 27 [6400/13718 (47%)]	Loss: 0.000409
Train Epoch: 27 [7200/13718 (52%)]	Loss: 0.001209
Train Epoch: 27 [8000/13718 (58%)]	Loss: 0.000343
Train Epoch: 27 [8800/13718 (64%)]	Loss: 0.000871
Train Epoch: 27 [9600/13718 (70%)]	Loss: 0.000184
Train Epoch: 27 [10400/13718 (76%)]	Loss: 0.001436
Train Epoch: 27 [11200/13718 (81%)]	Loss: 0.000490
Train Epoch: 27 [12000/13718 (87%)]	Loss: 0.000239
Train Epoch: 27 [12800/13718 (93%)]	Loss: 0.000212
Train Epoch: 27 [13600/13718 (99%)]	Loss: 0.000276
Test set: Average loss: 1.5831, Accuracy: 2469/3429 (72%)
Train Epoch: 28 [0/13718 (0%)]	Loss: 0.000208
Train Epoch: 28 [800/13718 (6%)]	Loss: 0.000291
Train Epoch: 28 [1600/13718 (12%)]	Loss: 0.000105
Train Epoch: 28 [2400/13718 (17%)]	Loss: 0.000332
Train Epoch: 28 [3200/13718 (23%)]	Loss: 0.000477
Train Epoch: 28 [4000/13718 (29%)]	Loss: 0.000255
Train Epoch: 28 [4800/13718 (35%)]	Loss: 0.000387
Train Epoch: 28 [5600/13718 (41%)]	Loss: 0.000908
Train Epoch: 28 [6400/13718 (47%)]	Loss: 0.000223
Train Epoch: 28 [7200/13718 (52%)]	Loss: 0.000689
Train Epoch: 28 [8000/13718 (58%)]	Loss: 0.000181
Train Epoch: 28 [8800/13718 (64%)]	Loss: 0.000305
Train Epoch: 28 [9600/13718 (70%)]	Loss: 0.000237
Train Epoch: 28 [10400/13718 (76%)]	Loss: 0.000356
Train Epoch: 28 [11200/13718 (81%)]	Loss: 0.000155
Train Epoch: 28 [12000/13718 (87%)]	Loss: 0.000706
Train Epoch: 28 [12800/13718 (93%)]	Loss: 0.000223
Train Epoch: 28 [13600/13718 (99%)]	Loss: 0.000382
Test set: Average loss: 1.5845, Accuracy: 2490/3429 (72%)
Train Epoch: 29 [0/13718 (0%)]	Loss: 0.000223
Train Epoch: 29 [800/13718 (6%)]	Loss: 0.000203
Train Epoch: 29 [1600/13718 (12%)]	Loss: 0.000250
Train Epoch: 29 [2400/13718 (17%)]	Loss: 0.000215
Train Epoch: 29 [3200/13718 (23%)]	Loss: 0.000349
Train Epoch: 29 [4000/13718 (29%)]	Loss: 0.000148
Train Epoch: 29 [4800/13718 (35%)]	Loss: 0.001061
Train Epoch: 29 [5600/13718 (41%)]	Loss: 0.000412
Train Epoch: 29 [6400/13718 (47%)]	Loss: 0.000212
Train Epoch: 29 [7200/13718 (52%)]	Loss: 0.000200
Train Epoch: 29 [8000/13718 (58%)]	Loss: 0.000277
Train Epoch: 29 [8800/13718 (64%)]	Loss: 0.000189
Train Epoch: 29 [9600/13718 (70%)]	Loss: 0.000296
Train Epoch: 29 [10400/13718 (76%)]	Loss: 0.001303
Train Epoch: 29 [11200/13718 (81%)]	Loss: 0.000332
Train Epoch: 29 [12000/13718 (87%)]	Loss: 0.000190
Train Epoch: 29 [12800/13718 (93%)]	Loss: 0.000177
Train Epoch: 29 [13600/13718 (99%)]	Loss: 0.000457
Test set: Average loss: 1.5771, Accuracy: 2491/3429 (72%)
Train Epoch: 30 [0/13718 (0%)]	Loss: 0.000262
Train Epoch: 30 [800/13718 (6%)]	Loss: 0.000114
Train Epoch: 30 [1600/13718 (12%)]	Loss: 0.000284
Train Epoch: 30 [2400/13718 (17%)]	Loss: 0.000749
Train Epoch: 30 [3200/13718 (23%)]	Loss: 0.000421
Train Epoch: 30 [4000/13718 (29%)]	Loss: 0.000483
Train Epoch: 30 [4800/13718 (35%)]	Loss: 0.003446
Train Epoch: 30 [5600/13718 (41%)]	Loss: 0.000158
Train Epoch: 30 [6400/13718 (47%)]	Loss: 0.000131
Train Epoch: 30 [7200/13718 (52%)]	Loss: 0.000370
Train Epoch: 30 [8000/13718 (58%)]	Loss: 0.000226
Train Epoch: 30 [8800/13718 (64%)]	Loss: 0.000157
Train Epoch: 30 [9600/13718 (70%)]	Loss: 0.000181
Train Epoch: 30 [10400/13718 (76%)]	Loss: 0.000139
Train Epoch: 30 [11200/13718 (81%)]	Loss: 0.000194
Train Epoch: 30 [12000/13718 (87%)]	Loss: 0.000275
Train Epoch: 30 [12800/13718 (93%)]	Loss: 0.018897
Train Epoch: 30 [13600/13718 (99%)]	Loss: 0.000129
Test set: Average loss: 1.6069, Accuracy: 2479/3429 (72%)
Train Epoch: 31 [0/13718 (0%)]	Loss: 0.001066
Train Epoch: 31 [800/13718 (6%)]	Loss: 0.000494
Train Epoch: 31 [1600/13718 (12%)]	Loss: 0.003608
Train Epoch: 31 [2400/13718 (17%)]	Loss: 0.000197
Train Epoch: 31 [3200/13718 (23%)]	Loss: 0.000169
Train Epoch: 31 [4000/13718 (29%)]	Loss: 0.000348
Train Epoch: 31 [4800/13718 (35%)]	Loss: 0.000330
Train Epoch: 31 [5600/13718 (41%)]	Loss: 0.000139
Train Epoch: 31 [6400/13718 (47%)]	Loss: 0.000172
Train Epoch: 31 [7200/13718 (52%)]	Loss: 0.000211
Train Epoch: 31 [8000/13718 (58%)]	Loss: 0.000416
Train Epoch: 31 [8800/13718 (64%)]	Loss: 0.000321
Train Epoch: 31 [9600/13718 (70%)]	Loss: 0.000330
Train Epoch: 31 [10400/13718 (76%)]	Loss: 0.000382
Train Epoch: 31 [11200/13718 (81%)]	Loss: 0.000420
Train Epoch: 31 [12000/13718 (87%)]	Loss: 0.000170
Train Epoch: 31 [12800/13718 (93%)]	Loss: 0.000350
Train Epoch: 31 [13600/13718 (99%)]	Loss: 0.000195
Test set: Average loss: 1.5553, Accuracy: 2516/3429 (73%)
Train Epoch: 32 [0/13718 (0%)]	Loss: 0.010240
Train Epoch: 32 [800/13718 (6%)]	Loss: 0.000422
Train Epoch: 32 [1600/13718 (12%)]	Loss: 0.000126
Train Epoch: 32 [2400/13718 (17%)]	Loss: 0.000200
Train Epoch: 32 [3200/13718 (23%)]	Loss: 0.000140
Train Epoch: 32 [4000/13718 (29%)]	Loss: 0.000357
Train Epoch: 32 [4800/13718 (35%)]	Loss: 0.000583
Train Epoch: 32 [5600/13718 (41%)]	Loss: 0.000125
Train Epoch: 32 [6400/13718 (47%)]	Loss: 0.000182
Train Epoch: 32 [7200/13718 (52%)]	Loss: 0.000099
Train Epoch: 32 [8000/13718 (58%)]	Loss: 0.000411
Train Epoch: 32 [8800/13718 (64%)]	Loss: 0.000210
Train Epoch: 32 [9600/13718 (70%)]	Loss: 0.000165
Train Epoch: 32 [10400/13718 (76%)]	Loss: 0.000264
Train Epoch: 32 [11200/13718 (81%)]	Loss: 0.000170
Train Epoch: 32 [12000/13718 (87%)]	Loss: 0.000311
Train Epoch: 32 [12800/13718 (93%)]	Loss: 0.000118
Train Epoch: 32 [13600/13718 (99%)]	Loss: 0.000099
Test set: Average loss: 1.5843, Accuracy: 2519/3429 (73%)
Train Epoch: 33 [0/13718 (0%)]	Loss: 0.000152
Train Epoch: 33 [800/13718 (6%)]	Loss: 0.000091
Train Epoch: 33 [1600/13718 (12%)]	Loss: 0.000085
Train Epoch: 33 [2400/13718 (17%)]	Loss: 0.000160
Train Epoch: 33 [3200/13718 (23%)]	Loss: 0.000133
Train Epoch: 33 [4000/13718 (29%)]	Loss: 0.000230
Train Epoch: 33 [4800/13718 (35%)]	Loss: 0.000127
Train Epoch: 33 [5600/13718 (41%)]	Loss: 0.000100
Train Epoch: 33 [6400/13718 (47%)]	Loss: 0.000277
Train Epoch: 33 [7200/13718 (52%)]	Loss: 0.000302
Train Epoch: 33 [8000/13718 (58%)]	Loss: 0.000203
Train Epoch: 33 [8800/13718 (64%)]	Loss: 0.000166
Train Epoch: 33 [9600/13718 (70%)]	Loss: 0.000196
Train Epoch: 33 [10400/13718 (76%)]	Loss: 0.000173
Train Epoch: 33 [11200/13718 (81%)]	Loss: 0.000126
Train Epoch: 33 [12000/13718 (87%)]	Loss: 0.000219
Train Epoch: 33 [12800/13718 (93%)]	Loss: 0.000143
Train Epoch: 33 [13600/13718 (99%)]	Loss: 0.000527
Test set: Average loss: 1.6272, Accuracy: 2489/3429 (72%)
Train Epoch: 34 [0/13718 (0%)]	Loss: 0.000150
Train Epoch: 34 [800/13718 (6%)]	Loss: 0.000115
Train Epoch: 34 [1600/13718 (12%)]	Loss: 0.000343
Train Epoch: 34 [2400/13718 (17%)]	Loss: 0.000210
Train Epoch: 34 [3200/13718 (23%)]	Loss: 0.000625
Train Epoch: 34 [4000/13718 (29%)]	Loss: 0.000134
Train Epoch: 34 [4800/13718 (35%)]	Loss: 0.000178
Train Epoch: 34 [5600/13718 (41%)]	Loss: 0.000830
Train Epoch: 34 [6400/13718 (47%)]	Loss: 0.000455
Train Epoch: 34 [7200/13718 (52%)]	Loss: 0.000079
Train Epoch: 34 [8000/13718 (58%)]	Loss: 0.000283
Train Epoch: 34 [8800/13718 (64%)]	Loss: 0.000197
Train Epoch: 34 [9600/13718 (70%)]	Loss: 0.000162
Train Epoch: 34 [10400/13718 (76%)]	Loss: 0.000193
Train Epoch: 34 [11200/13718 (81%)]	Loss: 0.000371
Train Epoch: 34 [12000/13718 (87%)]	Loss: 0.000224
Train Epoch: 34 [12800/13718 (93%)]	Loss: 0.000167
Train Epoch: 34 [13600/13718 (99%)]	Loss: 0.000160
Test set: Average loss: 1.6356, Accuracy: 2483/3429 (72%)
Train Epoch: 35 [0/13718 (0%)]	Loss: 0.000231
Train Epoch: 35 [800/13718 (6%)]	Loss: 0.000148
Train Epoch: 35 [1600/13718 (12%)]	Loss: 0.000119
Train Epoch: 35 [2400/13718 (17%)]	Loss: 0.001316
Train Epoch: 35 [3200/13718 (23%)]	Loss: 0.000348
Train Epoch: 35 [4000/13718 (29%)]	Loss: 0.000136
Train Epoch: 35 [4800/13718 (35%)]	Loss: 0.000568
Train Epoch: 35 [5600/13718 (41%)]	Loss: 0.000218
Train Epoch: 35 [6400/13718 (47%)]	Loss: 0.000154
Train Epoch: 35 [7200/13718 (52%)]	Loss: 0.000162
Train Epoch: 35 [8000/13718 (58%)]	Loss: 0.000198
Train Epoch: 35 [8800/13718 (64%)]	Loss: 0.000113
Train Epoch: 35 [9600/13718 (70%)]	Loss: 0.000137
Train Epoch: 35 [10400/13718 (76%)]	Loss: 0.000108
Train Epoch: 35 [11200/13718 (81%)]	Loss: 0.000163
Train Epoch: 35 [12000/13718 (87%)]	Loss: 0.000105
Train Epoch: 35 [12800/13718 (93%)]	Loss: 0.000276
Train Epoch: 35 [13600/13718 (99%)]	Loss: 0.000087
Test set: Average loss: 1.6202, Accuracy: 2497/3429 (72%)
Train Epoch: 36 [0/13718 (0%)]	Loss: 0.000110
Train Epoch: 36 [800/13718 (6%)]	Loss: 0.000297
Train Epoch: 36 [1600/13718 (12%)]	Loss: 0.000140
Train Epoch: 36 [2400/13718 (17%)]	Loss: 0.000486
Train Epoch: 36 [3200/13718 (23%)]	Loss: 0.000108
Train Epoch: 36 [4000/13718 (29%)]	Loss: 0.000129
Train Epoch: 36 [4800/13718 (35%)]	Loss: 0.000137
Train Epoch: 36 [5600/13718 (41%)]	Loss: 0.000375
Train Epoch: 36 [6400/13718 (47%)]	Loss: 0.000142
Train Epoch: 36 [7200/13718 (52%)]	Loss: 0.000108
Train Epoch: 36 [8000/13718 (58%)]	Loss: 0.000100
Train Epoch: 36 [8800/13718 (64%)]	Loss: 0.000085
Train Epoch: 36 [9600/13718 (70%)]	Loss: 0.000427
Train Epoch: 36 [10400/13718 (76%)]	Loss: 0.000291
Train Epoch: 36 [11200/13718 (81%)]	Loss: 0.000243
Train Epoch: 36 [12000/13718 (87%)]	Loss: 0.000116
Train Epoch: 36 [12800/13718 (93%)]	Loss: 0.000065
Train Epoch: 36 [13600/13718 (99%)]	Loss: 0.000152
Test set: Average loss: 1.6383, Accuracy: 2472/3429 (72%)
Train Epoch: 37 [0/13718 (0%)]	Loss: 0.000177
Train Epoch: 37 [800/13718 (6%)]	Loss: 0.000280
Train Epoch: 37 [1600/13718 (12%)]	Loss: 0.000242
Train Epoch: 37 [2400/13718 (17%)]	Loss: 0.000108
Train Epoch: 37 [3200/13718 (23%)]	Loss: 0.000189
Train Epoch: 37 [4000/13718 (29%)]	Loss: 0.020575
Train Epoch: 37 [4800/13718 (35%)]	Loss: 0.000116
Train Epoch: 37 [5600/13718 (41%)]	Loss: 0.000261
Train Epoch: 37 [6400/13718 (47%)]	Loss: 0.000462
Train Epoch: 37 [7200/13718 (52%)]	Loss: 0.000126
Train Epoch: 37 [8000/13718 (58%)]	Loss: 0.000412
Train Epoch: 37 [8800/13718 (64%)]	Loss: 0.000101
Train Epoch: 37 [9600/13718 (70%)]	Loss: 0.000152
Train Epoch: 37 [10400/13718 (76%)]	Loss: 0.000420
Train Epoch: 37 [11200/13718 (81%)]	Loss: 0.000076
Train Epoch: 37 [12000/13718 (87%)]	Loss: 0.000066
Train Epoch: 37 [12800/13718 (93%)]	Loss: 0.000145
Train Epoch: 37 [13600/13718 (99%)]	Loss: 0.000259
Test set: Average loss: 1.6244, Accuracy: 2497/3429 (72%)
Train Epoch: 38 [0/13718 (0%)]	Loss: 0.000087
Train Epoch: 38 [800/13718 (6%)]	Loss: 0.000082
Train Epoch: 38 [1600/13718 (12%)]	Loss: 0.000448
Train Epoch: 38 [2400/13718 (17%)]	Loss: 0.000097
Train Epoch: 38 [3200/13718 (23%)]	Loss: 0.000240
Train Epoch: 38 [4000/13718 (29%)]	Loss: 0.000247
Train Epoch: 38 [4800/13718 (35%)]	Loss: 0.000061
Train Epoch: 38 [5600/13718 (41%)]	Loss: 0.000753
Train Epoch: 38 [6400/13718 (47%)]	Loss: 0.000150
Train Epoch: 38 [7200/13718 (52%)]	Loss: 0.000149
Train Epoch: 38 [8000/13718 (58%)]	Loss: 0.000072
Train Epoch: 38 [8800/13718 (64%)]	Loss: 0.000065
Train Epoch: 38 [9600/13718 (70%)]	Loss: 0.000179
Train Epoch: 38 [10400/13718 (76%)]	Loss: 0.000172
Train Epoch: 38 [11200/13718 (81%)]	Loss: 0.000288
Train Epoch: 38 [12000/13718 (87%)]	Loss: 0.000079
Train Epoch: 38 [12800/13718 (93%)]	Loss: 0.000045
Train Epoch: 38 [13600/13718 (99%)]	Loss: 0.000108
Test set: Average loss: 1.5953, Accuracy: 2514/3429 (73%)
Train Epoch: 39 [0/13718 (0%)]	Loss: 0.000180
Train Epoch: 39 [800/13718 (6%)]	Loss: 0.000128
Train Epoch: 39 [1600/13718 (12%)]	Loss: 0.000084
Train Epoch: 39 [2400/13718 (17%)]	Loss: 0.000085
Train Epoch: 39 [3200/13718 (23%)]	Loss: 0.000115
Train Epoch: 39 [4000/13718 (29%)]	Loss: 0.001089
Train Epoch: 39 [4800/13718 (35%)]	Loss: 0.000216
Train Epoch: 39 [5600/13718 (41%)]	Loss: 0.000115
Train Epoch: 39 [6400/13718 (47%)]	Loss: 0.000316
Train Epoch: 39 [7200/13718 (52%)]	Loss: 0.000295
Train Epoch: 39 [8000/13718 (58%)]	Loss: 0.000099
Train Epoch: 39 [8800/13718 (64%)]	Loss: 0.000081
Train Epoch: 39 [9600/13718 (70%)]	Loss: 0.000071
Train Epoch: 39 [10400/13718 (76%)]	Loss: 0.000121
Train Epoch: 39 [11200/13718 (81%)]	Loss: 0.000166
Train Epoch: 39 [12000/13718 (87%)]	Loss: 0.000260
Train Epoch: 39 [12800/13718 (93%)]	Loss: 0.000088
Train Epoch: 39 [13600/13718 (99%)]	Loss: 0.000110
Test set: Average loss: 1.6350, Accuracy: 2455/3429 (71%)
Train Epoch: 40 [0/13718 (0%)]	Loss: 0.000132
Train Epoch: 40 [800/13718 (6%)]	Loss: 0.000312
Train Epoch: 40 [1600/13718 (12%)]	Loss: 0.000156
Train Epoch: 40 [2400/13718 (17%)]	Loss: 0.000174
Train Epoch: 40 [3200/13718 (23%)]	Loss: 0.000133
Train Epoch: 40 [4000/13718 (29%)]	Loss: 0.000164
Train Epoch: 40 [4800/13718 (35%)]	Loss: 0.000154
Train Epoch: 40 [5600/13718 (41%)]	Loss: 0.000139
Train Epoch: 40 [6400/13718 (47%)]	Loss: 0.000075
Train Epoch: 40 [7200/13718 (52%)]	Loss: 0.000116
Train Epoch: 40 [8000/13718 (58%)]	Loss: 0.000554
Train Epoch: 40 [8800/13718 (64%)]	Loss: 0.000105
Train Epoch: 40 [9600/13718 (70%)]	Loss: 0.000155
Train Epoch: 40 [10400/13718 (76%)]	Loss: 0.000083
Train Epoch: 40 [11200/13718 (81%)]	Loss: 0.000060
Train Epoch: 40 [12000/13718 (87%)]	Loss: 0.000232
Train Epoch: 40 [12800/13718 (93%)]	Loss: 0.000089
Train Epoch: 40 [13600/13718 (99%)]	Loss: 0.000139
Test set: Average loss: 1.6199, Accuracy: 2519/3429 (73%)
Train Epoch: 41 [0/13718 (0%)]	Loss: 0.000054
Train Epoch: 41 [800/13718 (6%)]	Loss: 0.000100
Train Epoch: 41 [1600/13718 (12%)]	Loss: 0.000397
Train Epoch: 41 [2400/13718 (17%)]	Loss: 0.000141
Train Epoch: 41 [3200/13718 (23%)]	Loss: 0.000149
Train Epoch: 41 [4000/13718 (29%)]	Loss: 0.000126
Train Epoch: 41 [4800/13718 (35%)]	Loss: 0.000339
Train Epoch: 41 [5600/13718 (41%)]	Loss: 0.000190
Train Epoch: 41 [6400/13718 (47%)]	Loss: 0.000068
Train Epoch: 41 [7200/13718 (52%)]	Loss: 0.000243
Train Epoch: 41 [8000/13718 (58%)]	Loss: 0.000216
Train Epoch: 41 [8800/13718 (64%)]	Loss: 0.000071
Train Epoch: 41 [9600/13718 (70%)]	Loss: 0.000462
Train Epoch: 41 [10400/13718 (76%)]	Loss: 0.000147
Train Epoch: 41 [11200/13718 (81%)]	Loss: 0.000081
Train Epoch: 41 [12000/13718 (87%)]	Loss: 0.000107
Train Epoch: 41 [12800/13718 (93%)]	Loss: 0.000143
Train Epoch: 41 [13600/13718 (99%)]	Loss: 0.000158
Test set: Average loss: 1.6197, Accuracy: 2504/3429 (73%)
Train Epoch: 42 [0/13718 (0%)]	Loss: 0.000167
Train Epoch: 42 [800/13718 (6%)]	Loss: 0.000208
Train Epoch: 42 [1600/13718 (12%)]	Loss: 0.000184
Train Epoch: 42 [2400/13718 (17%)]	Loss: 0.000146
Train Epoch: 42 [3200/13718 (23%)]	Loss: 0.000069
Train Epoch: 42 [4000/13718 (29%)]	Loss: 0.000084
Train Epoch: 42 [4800/13718 (35%)]	Loss: 0.000197
Train Epoch: 42 [5600/13718 (41%)]	Loss: 0.000084
Train Epoch: 42 [6400/13718 (47%)]	Loss: 0.000087
Train Epoch: 42 [7200/13718 (52%)]	Loss: 0.000093
Train Epoch: 42 [8000/13718 (58%)]	Loss: 0.000075
Train Epoch: 42 [8800/13718 (64%)]	Loss: 0.000115
Train Epoch: 42 [9600/13718 (70%)]	Loss: 0.000112
Train Epoch: 42 [10400/13718 (76%)]	Loss: 0.000101
Train Epoch: 42 [11200/13718 (81%)]	Loss: 0.000121
Train Epoch: 42 [12000/13718 (87%)]	Loss: 0.000101
Train Epoch: 42 [12800/13718 (93%)]	Loss: 0.000117
Train Epoch: 42 [13600/13718 (99%)]	Loss: 0.000840
Test set: Average loss: 1.6541, Accuracy: 2474/3429 (72%)
Train Epoch: 43 [0/13718 (0%)]	Loss: 0.000145
Train Epoch: 43 [800/13718 (6%)]	Loss: 0.000112
Train Epoch: 43 [1600/13718 (12%)]	Loss: 0.000210
Train Epoch: 43 [2400/13718 (17%)]	Loss: 0.000194
Train Epoch: 43 [3200/13718 (23%)]	Loss: 0.000091
Train Epoch: 43 [4000/13718 (29%)]	Loss: 0.000084
Train Epoch: 43 [4800/13718 (35%)]	Loss: 0.000313
Train Epoch: 43 [5600/13718 (41%)]	Loss: 0.000134
Train Epoch: 43 [6400/13718 (47%)]	Loss: 0.000137
Train Epoch: 43 [7200/13718 (52%)]	Loss: 0.000327
Train Epoch: 43 [8000/13718 (58%)]	Loss: 0.000084
Train Epoch: 43 [8800/13718 (64%)]	Loss: 0.000221
Train Epoch: 43 [9600/13718 (70%)]	Loss: 0.001562
Train Epoch: 43 [10400/13718 (76%)]	Loss: 0.000199
Train Epoch: 43 [11200/13718 (81%)]	Loss: 0.000116
Train Epoch: 43 [12000/13718 (87%)]	Loss: 0.000257
Train Epoch: 43 [12800/13718 (93%)]	Loss: 0.000153
Train Epoch: 43 [13600/13718 (99%)]	Loss: 0.000099
Test set: Average loss: 1.6383, Accuracy: 2446/3429 (71%)
Train Epoch: 44 [0/13718 (0%)]	Loss: 0.000129
Train Epoch: 44 [800/13718 (6%)]	Loss: 0.000093
Train Epoch: 44 [1600/13718 (12%)]	Loss: 0.000188
Train Epoch: 44 [2400/13718 (17%)]	Loss: 0.000200
Train Epoch: 44 [3200/13718 (23%)]	Loss: 0.000149
Train Epoch: 44 [4000/13718 (29%)]	Loss: 0.000097
Train Epoch: 44 [4800/13718 (35%)]	Loss: 0.000134
Train Epoch: 44 [5600/13718 (41%)]	Loss: 0.000077
Train Epoch: 44 [6400/13718 (47%)]	Loss: 0.000177
Train Epoch: 44 [7200/13718 (52%)]	Loss: 0.000093
Train Epoch: 44 [8000/13718 (58%)]	Loss: 0.000087
Train Epoch: 44 [8800/13718 (64%)]	Loss: 0.000073
Train Epoch: 44 [9600/13718 (70%)]	Loss: 0.000044
Train Epoch: 44 [10400/13718 (76%)]	Loss: 0.000125
Train Epoch: 44 [11200/13718 (81%)]	Loss: 0.000086
Train Epoch: 44 [12000/13718 (87%)]	Loss: 0.000125
Train Epoch: 44 [12800/13718 (93%)]	Loss: 0.000214
Train Epoch: 44 [13600/13718 (99%)]	Loss: 0.000154
Test set: Average loss: 1.6226, Accuracy: 2511/3429 (73%)
Train Epoch: 45 [0/13718 (0%)]	Loss: 0.000255
Train Epoch: 45 [800/13718 (6%)]	Loss: 0.000062
Train Epoch: 45 [1600/13718 (12%)]	Loss: 0.000063
Train Epoch: 45 [2400/13718 (17%)]	Loss: 0.000104
Train Epoch: 45 [3200/13718 (23%)]	Loss: 0.000110
Train Epoch: 45 [4000/13718 (29%)]	Loss: 0.000046
Train Epoch: 45 [4800/13718 (35%)]	Loss: 0.000396
Train Epoch: 45 [5600/13718 (41%)]	Loss: 0.000082
Train Epoch: 45 [6400/13718 (47%)]	Loss: 0.000088
Train Epoch: 45 [7200/13718 (52%)]	Loss: 0.000143
Train Epoch: 45 [8000/13718 (58%)]	Loss: 0.000081
Train Epoch: 45 [8800/13718 (64%)]	Loss: 0.000121
Train Epoch: 45 [9600/13718 (70%)]	Loss: 0.000079
Train Epoch: 45 [10400/13718 (76%)]	Loss: 0.000098
Train Epoch: 45 [11200/13718 (81%)]	Loss: 0.000050
Train Epoch: 45 [12000/13718 (87%)]	Loss: 0.000155
Train Epoch: 45 [12800/13718 (93%)]	Loss: 0.000160
Train Epoch: 45 [13600/13718 (99%)]	Loss: 0.000112
Test set: Average loss: 1.6123, Accuracy: 2517/3429 (73%)
Train Epoch: 46 [0/13718 (0%)]	Loss: 0.000126
Train Epoch: 46 [800/13718 (6%)]	Loss: 0.000058
Train Epoch: 46 [1600/13718 (12%)]	Loss: 0.000274
Train Epoch: 46 [2400/13718 (17%)]	Loss: 0.000068
Train Epoch: 46 [3200/13718 (23%)]	Loss: 0.000065
Train Epoch: 46 [4000/13718 (29%)]	Loss: 0.000267
Train Epoch: 46 [4800/13718 (35%)]	Loss: 0.000304
Train Epoch: 46 [5600/13718 (41%)]	Loss: 0.000042
Train Epoch: 46 [6400/13718 (47%)]	Loss: 0.000063
Train Epoch: 46 [7200/13718 (52%)]	Loss: 0.000077
Train Epoch: 46 [8000/13718 (58%)]	Loss: 0.000086
Train Epoch: 46 [8800/13718 (64%)]	Loss: 0.000081
Train Epoch: 46 [9600/13718 (70%)]	Loss: 0.000196
Train Epoch: 46 [10400/13718 (76%)]	Loss: 0.000072
Train Epoch: 46 [11200/13718 (81%)]	Loss: 0.000071
Train Epoch: 46 [12000/13718 (87%)]	Loss: 0.000068
Train Epoch: 46 [12800/13718 (93%)]	Loss: 0.000203
Train Epoch: 46 [13600/13718 (99%)]	Loss: 0.000045
Test set: Average loss: 1.6205, Accuracy: 2526/3429 (73%)
Train Epoch: 47 [0/13718 (0%)]	Loss: 0.000109
Train Epoch: 47 [800/13718 (6%)]	Loss: 0.000141
Train Epoch: 47 [1600/13718 (12%)]	Loss: 0.000088
Train Epoch: 47 [2400/13718 (17%)]	Loss: 0.000104
Train Epoch: 47 [3200/13718 (23%)]	Loss: 0.000046
Train Epoch: 47 [4000/13718 (29%)]	Loss: 0.000126
Train Epoch: 47 [4800/13718 (35%)]	Loss: 0.000086
Train Epoch: 47 [5600/13718 (41%)]	Loss: 0.000209
Train Epoch: 47 [6400/13718 (47%)]	Loss: 0.000112
Train Epoch: 47 [7200/13718 (52%)]	Loss: 0.000393
Train Epoch: 47 [8000/13718 (58%)]	Loss: 0.000076
Train Epoch: 47 [8800/13718 (64%)]	Loss: 0.000101
Train Epoch: 47 [9600/13718 (70%)]	Loss: 0.000072
Train Epoch: 47 [10400/13718 (76%)]	Loss: 0.000101
Train Epoch: 47 [11200/13718 (81%)]	Loss: 0.000054
Train Epoch: 47 [12000/13718 (87%)]	Loss: 0.000328
Train Epoch: 47 [12800/13718 (93%)]	Loss: 0.000263
Train Epoch: 47 [13600/13718 (99%)]	Loss: 0.000076
Test set: Average loss: 1.6646, Accuracy: 2500/3429 (72%)
Train Epoch: 48 [0/13718 (0%)]	Loss: 0.000038
Train Epoch: 48 [800/13718 (6%)]	Loss: 0.000051
Train Epoch: 48 [1600/13718 (12%)]	Loss: 0.000132
Train Epoch: 48 [2400/13718 (17%)]	Loss: 0.000049
Train Epoch: 48 [3200/13718 (23%)]	Loss: 0.000076
Train Epoch: 48 [4000/13718 (29%)]	Loss: 0.000702
Train Epoch: 48 [4800/13718 (35%)]	Loss: 0.000143
Train Epoch: 48 [5600/13718 (41%)]	Loss: 0.000141
Train Epoch: 48 [6400/13718 (47%)]	Loss: 0.000062
Train Epoch: 48 [7200/13718 (52%)]	Loss: 0.000130
Train Epoch: 48 [8000/13718 (58%)]	Loss: 0.000105
Train Epoch: 48 [8800/13718 (64%)]	Loss: 0.000071
Train Epoch: 48 [9600/13718 (70%)]	Loss: 0.000103
Train Epoch: 48 [10400/13718 (76%)]	Loss: 0.000105
Train Epoch: 48 [11200/13718 (81%)]	Loss: 0.000068
Train Epoch: 48 [12000/13718 (87%)]	Loss: 0.000082
Train Epoch: 48 [12800/13718 (93%)]	Loss: 0.000070
Train Epoch: 48 [13600/13718 (99%)]	Loss: 0.000066
Test set: Average loss: 1.6550, Accuracy: 2529/3429 (73%)
Train Epoch: 49 [0/13718 (0%)]	Loss: 0.000152
Train Epoch: 49 [800/13718 (6%)]	Loss: 0.000184
Train Epoch: 49 [1600/13718 (12%)]	Loss: 0.000056
Train Epoch: 49 [2400/13718 (17%)]	Loss: 0.000116
Train Epoch: 49 [3200/13718 (23%)]	Loss: 0.000138
Train Epoch: 49 [4000/13718 (29%)]	Loss: 0.000137
Train Epoch: 49 [4800/13718 (35%)]	Loss: 0.000138
Train Epoch: 49 [5600/13718 (41%)]	Loss: 0.000082
Train Epoch: 49 [6400/13718 (47%)]	Loss: 0.000036
Train Epoch: 49 [7200/13718 (52%)]	Loss: 0.000341
Train Epoch: 49 [8000/13718 (58%)]	Loss: 0.000177
Train Epoch: 49 [8800/13718 (64%)]	Loss: 0.000051
Train Epoch: 49 [9600/13718 (70%)]	Loss: 0.000044
Train Epoch: 49 [10400/13718 (76%)]	Loss: 0.000230
Train Epoch: 49 [11200/13718 (81%)]	Loss: 0.000080
Train Epoch: 49 [12000/13718 (87%)]	Loss: 0.000105
Train Epoch: 49 [12800/13718 (93%)]	Loss: 0.000060
Train Epoch: 49 [13600/13718 (99%)]	Loss: 0.000084
Test set: Average loss: 1.6316, Accuracy: 2521/3429 (73%)
Train Epoch: 50 [0/13718 (0%)]	Loss: 0.000080
Train Epoch: 50 [800/13718 (6%)]	Loss: 0.000050
Train Epoch: 50 [1600/13718 (12%)]	Loss: 0.000258
Train Epoch: 50 [2400/13718 (17%)]	Loss: 0.000228
Train Epoch: 50 [3200/13718 (23%)]	Loss: 0.000102
Train Epoch: 50 [4000/13718 (29%)]	Loss: 0.000056
Train Epoch: 50 [4800/13718 (35%)]	Loss: 0.000132
Train Epoch: 50 [5600/13718 (41%)]	Loss: 0.000063
Train Epoch: 50 [6400/13718 (47%)]	Loss: 0.009715
Train Epoch: 50 [7200/13718 (52%)]	Loss: 0.000118
Train Epoch: 50 [8000/13718 (58%)]	Loss: 0.000117
Train Epoch: 50 [8800/13718 (64%)]	Loss: 0.000148
Train Epoch: 50 [9600/13718 (70%)]	Loss: 0.000123
Train Epoch: 50 [10400/13718 (76%)]	Loss: 0.000068
Train Epoch: 50 [11200/13718 (81%)]	Loss: 0.000063
Train Epoch: 50 [12000/13718 (87%)]	Loss: 0.000263
Train Epoch: 50 [12800/13718 (93%)]	Loss: 0.000269
Train Epoch: 50 [13600/13718 (99%)]	Loss: 0.000058
Test set: Average loss: 1.6433, Accuracy: 2528/3429 (73%)
Train Epoch: 51 [0/13718 (0%)]	Loss: 0.000031
Train Epoch: 51 [800/13718 (6%)]	Loss: 0.000064
Train Epoch: 51 [1600/13718 (12%)]	Loss: 0.000544
Train Epoch: 51 [2400/13718 (17%)]	Loss: 0.000082
Train Epoch: 51 [3200/13718 (23%)]	Loss: 0.000043
Train Epoch: 51 [4000/13718 (29%)]	Loss: 0.000040
Train Epoch: 51 [4800/13718 (35%)]	Loss: 0.000091
Train Epoch: 51 [5600/13718 (41%)]	Loss: 0.000085
Train Epoch: 51 [6400/13718 (47%)]	Loss: 0.000053
Train Epoch: 51 [7200/13718 (52%)]	Loss: 0.000044
Train Epoch: 51 [8000/13718 (58%)]	Loss: 0.000159
Train Epoch: 51 [8800/13718 (64%)]	Loss: 0.000062
Train Epoch: 51 [9600/13718 (70%)]	Loss: 0.000062
Train Epoch: 51 [10400/13718 (76%)]	Loss: 0.000047
Train Epoch: 51 [11200/13718 (81%)]	Loss: 0.000035
Train Epoch: 51 [12000/13718 (87%)]	Loss: 0.000210
Train Epoch: 51 [12800/13718 (93%)]	Loss: 0.000078
Train Epoch: 51 [13600/13718 (99%)]	Loss: 0.000048
Test set: Average loss: 1.7470, Accuracy: 2471/3429 (72%)
Train Epoch: 52 [0/13718 (0%)]	Loss: 0.000078
Train Epoch: 52 [800/13718 (6%)]	Loss: 0.000045
Train Epoch: 52 [1600/13718 (12%)]	Loss: 0.000113
Train Epoch: 52 [2400/13718 (17%)]	Loss: 0.000116
Train Epoch: 52 [3200/13718 (23%)]	Loss: 0.000242
Train Epoch: 52 [4000/13718 (29%)]	Loss: 0.000060
Train Epoch: 52 [4800/13718 (35%)]	Loss: 0.000076
Train Epoch: 52 [5600/13718 (41%)]	Loss: 0.000053
Train Epoch: 52 [6400/13718 (47%)]	Loss: 0.000108
Train Epoch: 52 [7200/13718 (52%)]	Loss: 0.013476
Train Epoch: 52 [8000/13718 (58%)]	Loss: 0.000088
Train Epoch: 52 [8800/13718 (64%)]	Loss: 0.000050
Train Epoch: 52 [9600/13718 (70%)]	Loss: 0.000136
Train Epoch: 52 [10400/13718 (76%)]	Loss: 0.000110
Train Epoch: 52 [11200/13718 (81%)]	Loss: 0.000173
Train Epoch: 52 [12000/13718 (87%)]	Loss: 0.000053
Train Epoch: 52 [12800/13718 (93%)]	Loss: 0.000032
Train Epoch: 52 [13600/13718 (99%)]	Loss: 0.000068
Test set: Average loss: 1.6458, Accuracy: 2520/3429 (73%)
Train Epoch: 53 [0/13718 (0%)]	Loss: 0.011295
Train Epoch: 53 [800/13718 (6%)]	Loss: 0.000122
Train Epoch: 53 [1600/13718 (12%)]	Loss: 0.000049
Train Epoch: 53 [2400/13718 (17%)]	Loss: 0.000099
Train Epoch: 53 [3200/13718 (23%)]	Loss: 0.000062
Train Epoch: 53 [4000/13718 (29%)]	Loss: 0.000128
Train Epoch: 53 [4800/13718 (35%)]	Loss: 0.000158
Train Epoch: 53 [5600/13718 (41%)]	Loss: 0.000122
Train Epoch: 53 [6400/13718 (47%)]	Loss: 0.000147
Train Epoch: 53 [7200/13718 (52%)]	Loss: 0.000083
Train Epoch: 53 [8000/13718 (58%)]	Loss: 0.000123
Train Epoch: 53 [8800/13718 (64%)]	Loss: 0.000059
Train Epoch: 53 [9600/13718 (70%)]	Loss: 0.000086
Train Epoch: 53 [10400/13718 (76%)]	Loss: 0.000038
Train Epoch: 53 [11200/13718 (81%)]	Loss: 0.000313
Train Epoch: 53 [12000/13718 (87%)]	Loss: 0.000132
Train Epoch: 53 [12800/13718 (93%)]	Loss: 0.000148
Train Epoch: 53 [13600/13718 (99%)]	Loss: 0.000240
Test set: Average loss: 1.6374, Accuracy: 2515/3429 (73%)
Train Epoch: 54 [0/13718 (0%)]	Loss: 0.000076
Train Epoch: 54 [800/13718 (6%)]	Loss: 0.000187
Train Epoch: 54 [1600/13718 (12%)]	Loss: 0.000036
Train Epoch: 54 [2400/13718 (17%)]	Loss: 0.000071
Train Epoch: 54 [3200/13718 (23%)]	Loss: 0.000072
Train Epoch: 54 [4000/13718 (29%)]	Loss: 0.000165
Train Epoch: 54 [4800/13718 (35%)]	Loss: 0.000063
Train Epoch: 54 [5600/13718 (41%)]	Loss: 0.000280
Train Epoch: 54 [6400/13718 (47%)]	Loss: 0.000213
Train Epoch: 54 [7200/13718 (52%)]	Loss: 0.000099
Train Epoch: 54 [8000/13718 (58%)]	Loss: 0.000042
Train Epoch: 54 [8800/13718 (64%)]	Loss: 0.000152
Train Epoch: 54 [9600/13718 (70%)]	Loss: 0.000038
Train Epoch: 54 [10400/13718 (76%)]	Loss: 0.000095
Train Epoch: 54 [11200/13718 (81%)]	Loss: 0.000036
Train Epoch: 54 [12000/13718 (87%)]	Loss: 0.000075
Train Epoch: 54 [12800/13718 (93%)]	Loss: 0.000065
Train Epoch: 54 [13600/13718 (99%)]	Loss: 0.000078
Test set: Average loss: 1.7824, Accuracy: 2444/3429 (71%)
Train Epoch: 55 [0/13718 (0%)]	Loss: 0.000268
Train Epoch: 55 [800/13718 (6%)]	Loss: 0.000267
Train Epoch: 55 [1600/13718 (12%)]	Loss: 0.000054
Train Epoch: 55 [2400/13718 (17%)]	Loss: 0.000052
Train Epoch: 55 [3200/13718 (23%)]	Loss: 0.000352
Train Epoch: 55 [4000/13718 (29%)]	Loss: 0.000128
Train Epoch: 55 [4800/13718 (35%)]	Loss: 0.000042
Train Epoch: 55 [5600/13718 (41%)]	Loss: 0.000167
Train Epoch: 55 [6400/13718 (47%)]	Loss: 0.000221
Train Epoch: 55 [7200/13718 (52%)]	Loss: 0.000126
Train Epoch: 55 [8000/13718 (58%)]	Loss: 0.000047
Train Epoch: 55 [8800/13718 (64%)]	Loss: 0.000234
Train Epoch: 55 [9600/13718 (70%)]	Loss: 0.000279
Train Epoch: 55 [10400/13718 (76%)]	Loss: 0.000096
Train Epoch: 55 [11200/13718 (81%)]	Loss: 0.000105
Train Epoch: 55 [12000/13718 (87%)]	Loss: 0.000085
Train Epoch: 55 [12800/13718 (93%)]	Loss: 0.000032
Train Epoch: 55 [13600/13718 (99%)]	Loss: 0.000149
Test set: Average loss: 1.6587, Accuracy: 2516/3429 (73%)
Train Epoch: 56 [0/13718 (0%)]	Loss: 0.000097
Train Epoch: 56 [800/13718 (6%)]	Loss: 0.000061
Train Epoch: 56 [1600/13718 (12%)]	Loss: 0.000118
Train Epoch: 56 [2400/13718 (17%)]	Loss: 0.000128
Train Epoch: 56 [3200/13718 (23%)]	Loss: 0.000036
Train Epoch: 56 [4000/13718 (29%)]	Loss: 0.000029
Train Epoch: 56 [4800/13718 (35%)]	Loss: 0.000126
Train Epoch: 56 [5600/13718 (41%)]	Loss: 0.000244
Train Epoch: 56 [6400/13718 (47%)]	Loss: 0.000066
Train Epoch: 56 [7200/13718 (52%)]	Loss: 0.000049
Train Epoch: 56 [8000/13718 (58%)]	Loss: 0.000049
Train Epoch: 56 [8800/13718 (64%)]	Loss: 0.000163
Train Epoch: 56 [9600/13718 (70%)]	Loss: 0.000061
Train Epoch: 56 [10400/13718 (76%)]	Loss: 0.000050
Train Epoch: 56 [11200/13718 (81%)]	Loss: 0.000120
Train Epoch: 56 [12000/13718 (87%)]	Loss: 0.000163
Train Epoch: 56 [12800/13718 (93%)]	Loss: 0.000064
Train Epoch: 56 [13600/13718 (99%)]	Loss: 0.000327
Test set: Average loss: 1.6594, Accuracy: 2526/3429 (73%)
Train Epoch: 57 [0/13718 (0%)]	Loss: 0.000092
Train Epoch: 57 [800/13718 (6%)]	Loss: 0.000100
Train Epoch: 57 [1600/13718 (12%)]	Loss: 0.000191
Train Epoch: 57 [2400/13718 (17%)]	Loss: 0.000097
Train Epoch: 57 [3200/13718 (23%)]	Loss: 0.000039
Train Epoch: 57 [4000/13718 (29%)]	Loss: 0.000067
Train Epoch: 57 [4800/13718 (35%)]	Loss: 0.000117
Train Epoch: 57 [5600/13718 (41%)]	Loss: 0.000092
Train Epoch: 57 [6400/13718 (47%)]	Loss: 0.000037
Train Epoch: 57 [7200/13718 (52%)]	Loss: 0.000291
Train Epoch: 57 [8000/13718 (58%)]	Loss: 0.000078
Train Epoch: 57 [8800/13718 (64%)]	Loss: 0.000293
Train Epoch: 57 [9600/13718 (70%)]	Loss: 0.000036
Train Epoch: 57 [10400/13718 (76%)]	Loss: 0.000370
Train Epoch: 57 [11200/13718 (81%)]	Loss: 0.000115
Train Epoch: 57 [12000/13718 (87%)]	Loss: 0.000037
Train Epoch: 57 [12800/13718 (93%)]	Loss: 0.000144
Train Epoch: 57 [13600/13718 (99%)]	Loss: 0.000094
Test set: Average loss: 1.6508, Accuracy: 2526/3429 (73%)
Train Epoch: 58 [0/13718 (0%)]	Loss: 0.000054
Train Epoch: 58 [800/13718 (6%)]	Loss: 0.000096
Train Epoch: 58 [1600/13718 (12%)]	Loss: 0.000157
Train Epoch: 58 [2400/13718 (17%)]	Loss: 0.000141
Train Epoch: 58 [3200/13718 (23%)]	Loss: 0.000061
Train Epoch: 58 [4000/13718 (29%)]	Loss: 0.000046
Train Epoch: 58 [4800/13718 (35%)]	Loss: 0.000081
Train Epoch: 58 [5600/13718 (41%)]	Loss: 0.000063
Train Epoch: 58 [6400/13718 (47%)]	Loss: 0.000054
Train Epoch: 58 [7200/13718 (52%)]	Loss: 0.000050
Train Epoch: 58 [8000/13718 (58%)]	Loss: 0.000117
Train Epoch: 58 [8800/13718 (64%)]	Loss: 0.000086
Train Epoch: 58 [9600/13718 (70%)]	Loss: 0.000068
Train Epoch: 58 [10400/13718 (76%)]	Loss: 0.000042
Train Epoch: 58 [11200/13718 (81%)]	Loss: 0.000071
Train Epoch: 58 [12000/13718 (87%)]	Loss: 0.000143
Train Epoch: 58 [12800/13718 (93%)]	Loss: 0.000089
Train Epoch: 58 [13600/13718 (99%)]	Loss: 0.000038
Test set: Average loss: 1.6813, Accuracy: 2496/3429 (72%)
Train Epoch: 59 [0/13718 (0%)]	Loss: 0.000150
Train Epoch: 59 [800/13718 (6%)]	Loss: 0.000124
Train Epoch: 59 [1600/13718 (12%)]	Loss: 0.000054
Train Epoch: 59 [2400/13718 (17%)]	Loss: 0.000089
Train Epoch: 59 [3200/13718 (23%)]	Loss: 0.000099
Train Epoch: 59 [4000/13718 (29%)]	Loss: 0.000049
Train Epoch: 59 [4800/13718 (35%)]	Loss: 0.000040
Train Epoch: 59 [5600/13718 (41%)]	Loss: 0.000052
Train Epoch: 59 [6400/13718 (47%)]	Loss: 0.000037
Train Epoch: 59 [7200/13718 (52%)]	Loss: 0.000154
Train Epoch: 59 [8000/13718 (58%)]	Loss: 0.000062
Train Epoch: 59 [8800/13718 (64%)]	Loss: 0.000095
Train Epoch: 59 [9600/13718 (70%)]	Loss: 0.000143
Train Epoch: 59 [10400/13718 (76%)]	Loss: 0.000056
Train Epoch: 59 [11200/13718 (81%)]	Loss: 0.000106
Train Epoch: 59 [12000/13718 (87%)]	Loss: 0.000042
Train Epoch: 59 [12800/13718 (93%)]	Loss: 0.000117
Train Epoch: 59 [13600/13718 (99%)]	Loss: 0.000094
Test set: Average loss: 1.6547, Accuracy: 2527/3429 (73%)
Train Epoch: 60 [0/13718 (0%)]	Loss: 0.000058
Train Epoch: 60 [800/13718 (6%)]	Loss: 0.000039
Train Epoch: 60 [1600/13718 (12%)]	Loss: 0.000274
Train Epoch: 60 [2400/13718 (17%)]	Loss: 0.000125
Train Epoch: 60 [3200/13718 (23%)]	Loss: 0.000100
Train Epoch: 60 [4000/13718 (29%)]	Loss: 0.000036
Train Epoch: 60 [4800/13718 (35%)]	Loss: 0.000059
Train Epoch: 60 [5600/13718 (41%)]	Loss: 0.000178
Train Epoch: 60 [6400/13718 (47%)]	Loss: 0.000077
Train Epoch: 60 [7200/13718 (52%)]	Loss: 0.000060
Train Epoch: 60 [8000/13718 (58%)]	Loss: 0.000060
Train Epoch: 60 [8800/13718 (64%)]	Loss: 0.000048
Train Epoch: 60 [9600/13718 (70%)]	Loss: 0.000137
Train Epoch: 60 [10400/13718 (76%)]	Loss: 0.000040
Train Epoch: 60 [11200/13718 (81%)]	Loss: 0.000108
Train Epoch: 60 [12000/13718 (87%)]	Loss: 0.000076
Train Epoch: 60 [12800/13718 (93%)]	Loss: 0.000080
Train Epoch: 60 [13600/13718 (99%)]	Loss: 0.000251
Test set: Average loss: 1.6844, Accuracy: 2521/3429 (73%)
