getting datasets
finished
trainning coat_length_labels:
Train Epoch: 1 [0/9056 (0%)]	Loss: 2.364520
Train Epoch: 1 [400/9056 (4%)]	Loss: 1.998813
Train Epoch: 1 [800/9056 (9%)]	Loss: 1.665612
Train Epoch: 1 [1200/9056 (13%)]	Loss: 1.667265
Train Epoch: 1 [1600/9056 (18%)]	Loss: 1.767359
Train Epoch: 1 [2000/9056 (22%)]	Loss: 1.490364
Train Epoch: 1 [2400/9056 (26%)]	Loss: 1.261309
Train Epoch: 1 [2800/9056 (31%)]	Loss: 1.552822
Train Epoch: 1 [3200/9056 (35%)]	Loss: 1.270426
Train Epoch: 1 [3600/9056 (40%)]	Loss: 1.263409
Train Epoch: 1 [4000/9056 (44%)]	Loss: 1.115876
Train Epoch: 1 [4400/9056 (48%)]	Loss: 0.917964
Train Epoch: 1 [4800/9056 (53%)]	Loss: 1.069437
Train Epoch: 1 [5200/9056 (57%)]	Loss: 1.350874
Train Epoch: 1 [5600/9056 (62%)]	Loss: 1.101470
Train Epoch: 1 [6000/9056 (66%)]	Loss: 0.930823
Train Epoch: 1 [6400/9056 (70%)]	Loss: 1.151529
Train Epoch: 1 [6800/9056 (75%)]	Loss: 1.094716
Train Epoch: 1 [7200/9056 (79%)]	Loss: 0.864258
Train Epoch: 1 [7600/9056 (84%)]	Loss: 0.670456
Train Epoch: 1 [8000/9056 (88%)]	Loss: 0.723913
Train Epoch: 1 [8400/9056 (93%)]	Loss: 0.816952
Train Epoch: 1 [8800/9056 (97%)]	Loss: 0.809020
Test set: Average loss: 3.5415, Accuracy: 343/2264 (15%)
Train Epoch: 2 [0/9056 (0%)]	Loss: 0.452035
Train Epoch: 2 [400/9056 (4%)]	Loss: 0.576166
Train Epoch: 2 [800/9056 (9%)]	Loss: 0.547376
Train Epoch: 2 [1200/9056 (13%)]	Loss: 0.518872
Train Epoch: 2 [1600/9056 (18%)]	Loss: 0.600110
Train Epoch: 2 [2000/9056 (22%)]	Loss: 0.504138
Train Epoch: 2 [2400/9056 (26%)]	Loss: 0.570680
Train Epoch: 2 [2800/9056 (31%)]	Loss: 0.536430
Train Epoch: 2 [3200/9056 (35%)]	Loss: 0.556682
Train Epoch: 2 [3600/9056 (40%)]	Loss: 0.392160
Train Epoch: 2 [4000/9056 (44%)]	Loss: 0.621630
Train Epoch: 2 [4400/9056 (48%)]	Loss: 0.737455
Train Epoch: 2 [4800/9056 (53%)]	Loss: 0.556740
Train Epoch: 2 [5200/9056 (57%)]	Loss: 0.709720
Train Epoch: 2 [5600/9056 (62%)]	Loss: 0.613489
Train Epoch: 2 [6000/9056 (66%)]	Loss: 0.572854
Train Epoch: 2 [6400/9056 (70%)]	Loss: 0.437285
Train Epoch: 2 [6800/9056 (75%)]	Loss: 0.575846
Train Epoch: 2 [7200/9056 (79%)]	Loss: 0.692344
Train Epoch: 2 [7600/9056 (84%)]	Loss: 0.848244
Train Epoch: 2 [8000/9056 (88%)]	Loss: 0.722680
Train Epoch: 2 [8400/9056 (93%)]	Loss: 0.645232
Train Epoch: 2 [8800/9056 (97%)]	Loss: 0.506771
Test set: Average loss: 4.7311, Accuracy: 341/2264 (15%)
Train Epoch: 3 [0/9056 (0%)]	Loss: 0.306278
Train Epoch: 3 [400/9056 (4%)]	Loss: 0.312981
Train Epoch: 3 [800/9056 (9%)]	Loss: 0.299506
Train Epoch: 3 [1200/9056 (13%)]	Loss: 0.312314
Train Epoch: 3 [1600/9056 (18%)]	Loss: 0.261866
Train Epoch: 3 [2000/9056 (22%)]	Loss: 0.339919
Train Epoch: 3 [2400/9056 (26%)]	Loss: 0.304994
Train Epoch: 3 [2800/9056 (31%)]	Loss: 0.519643
Train Epoch: 3 [3200/9056 (35%)]	Loss: 0.417064
Train Epoch: 3 [3600/9056 (40%)]	Loss: 0.613728
Train Epoch: 3 [4000/9056 (44%)]	Loss: 0.143033
Train Epoch: 3 [4400/9056 (48%)]	Loss: 0.186494
Train Epoch: 3 [4800/9056 (53%)]	Loss: 0.354337
Train Epoch: 3 [5200/9056 (57%)]	Loss: 0.317775
Train Epoch: 3 [5600/9056 (62%)]	Loss: 0.223166
Train Epoch: 3 [6000/9056 (66%)]	Loss: 0.217843
Train Epoch: 3 [6400/9056 (70%)]	Loss: 0.872025
Train Epoch: 3 [6800/9056 (75%)]	Loss: 0.272788
Train Epoch: 3 [7200/9056 (79%)]	Loss: 0.464994
Train Epoch: 3 [7600/9056 (84%)]	Loss: 0.781840
Train Epoch: 3 [8000/9056 (88%)]	Loss: 0.330211
Train Epoch: 3 [8400/9056 (93%)]	Loss: 0.530186
Train Epoch: 3 [8800/9056 (97%)]	Loss: 0.268050
Test set: Average loss: 4.5572, Accuracy: 338/2264 (14%)
Train Epoch: 4 [0/9056 (0%)]	Loss: 0.276561
Train Epoch: 4 [400/9056 (4%)]	Loss: 0.122383
Train Epoch: 4 [800/9056 (9%)]	Loss: 0.137306
Train Epoch: 4 [1200/9056 (13%)]	Loss: 0.051052
Train Epoch: 4 [1600/9056 (18%)]	Loss: 0.119314
Train Epoch: 4 [2000/9056 (22%)]	Loss: 0.072797
Train Epoch: 4 [2400/9056 (26%)]	Loss: 0.169253
Train Epoch: 4 [2800/9056 (31%)]	Loss: 0.130311
Train Epoch: 4 [3200/9056 (35%)]	Loss: 0.137869
Train Epoch: 4 [3600/9056 (40%)]	Loss: 0.272864
Train Epoch: 4 [4000/9056 (44%)]	Loss: 0.250009
Train Epoch: 4 [4400/9056 (48%)]	Loss: 0.261757
Train Epoch: 4 [4800/9056 (53%)]	Loss: 0.160372
Train Epoch: 4 [5200/9056 (57%)]	Loss: 0.059517
Train Epoch: 4 [5600/9056 (62%)]	Loss: 0.205845
Train Epoch: 4 [6000/9056 (66%)]	Loss: 0.332959
Train Epoch: 4 [6400/9056 (70%)]	Loss: 0.307874
Train Epoch: 4 [6800/9056 (75%)]	Loss: 0.149240
Train Epoch: 4 [7200/9056 (79%)]	Loss: 0.205830
Train Epoch: 4 [7600/9056 (84%)]	Loss: 0.077268
Train Epoch: 4 [8000/9056 (88%)]	Loss: 0.273869
Train Epoch: 4 [8400/9056 (93%)]	Loss: 0.143412
Train Epoch: 4 [8800/9056 (97%)]	Loss: 0.321213
Test set: Average loss: 3.6805, Accuracy: 338/2264 (14%)
Train Epoch: 5 [0/9056 (0%)]	Loss: 0.044351
Train Epoch: 5 [400/9056 (4%)]	Loss: 0.041386
Train Epoch: 5 [800/9056 (9%)]	Loss: 0.070983
Train Epoch: 5 [1200/9056 (13%)]	Loss: 0.050600
Train Epoch: 5 [1600/9056 (18%)]	Loss: 0.095503
Train Epoch: 5 [2000/9056 (22%)]	Loss: 0.086860
Train Epoch: 5 [2400/9056 (26%)]	Loss: 0.047284
Train Epoch: 5 [2800/9056 (31%)]	Loss: 0.068758
Train Epoch: 5 [3200/9056 (35%)]	Loss: 0.337705
Train Epoch: 5 [3600/9056 (40%)]	Loss: 0.113697
Train Epoch: 5 [4000/9056 (44%)]	Loss: 0.136262
Train Epoch: 5 [4400/9056 (48%)]	Loss: 0.043632
Train Epoch: 5 [4800/9056 (53%)]	Loss: 0.090653
Train Epoch: 5 [5200/9056 (57%)]	Loss: 0.042465
Train Epoch: 5 [5600/9056 (62%)]	Loss: 0.158063
Train Epoch: 5 [6000/9056 (66%)]	Loss: 0.056597
Train Epoch: 5 [6400/9056 (70%)]	Loss: 0.140202
Train Epoch: 5 [6800/9056 (75%)]	Loss: 0.171012
Train Epoch: 5 [7200/9056 (79%)]	Loss: 0.024987
Train Epoch: 5 [7600/9056 (84%)]	Loss: 0.081322
Train Epoch: 5 [8000/9056 (88%)]	Loss: 0.033614
Train Epoch: 5 [8400/9056 (93%)]	Loss: 0.113114
Train Epoch: 5 [8800/9056 (97%)]	Loss: 0.160790
Test set: Average loss: 5.4527, Accuracy: 348/2264 (15%)
Train Epoch: 6 [0/9056 (0%)]	Loss: 0.061080
Train Epoch: 6 [400/9056 (4%)]	Loss: 0.048450
Train Epoch: 6 [800/9056 (9%)]	Loss: 0.088025
Train Epoch: 6 [1200/9056 (13%)]	Loss: 0.066684
Train Epoch: 6 [1600/9056 (18%)]	Loss: 0.048560
Train Epoch: 6 [2000/9056 (22%)]	Loss: 0.024311
Train Epoch: 6 [2400/9056 (26%)]	Loss: 0.017564
Train Epoch: 6 [2800/9056 (31%)]	Loss: 0.063554
Train Epoch: 6 [3200/9056 (35%)]	Loss: 0.189068
Train Epoch: 6 [3600/9056 (40%)]	Loss: 0.037153
Train Epoch: 6 [4000/9056 (44%)]	Loss: 0.030453
Train Epoch: 6 [4400/9056 (48%)]	Loss: 0.103014
Train Epoch: 6 [4800/9056 (53%)]	Loss: 0.106554
Train Epoch: 6 [5200/9056 (57%)]	Loss: 0.075345
Train Epoch: 6 [5600/9056 (62%)]	Loss: 0.023336
Train Epoch: 6 [6000/9056 (66%)]	Loss: 0.024532
Train Epoch: 6 [6400/9056 (70%)]	Loss: 0.027821
Train Epoch: 6 [6800/9056 (75%)]	Loss: 0.164311
Train Epoch: 6 [7200/9056 (79%)]	Loss: 0.048528
Train Epoch: 6 [7600/9056 (84%)]	Loss: 0.068477
Train Epoch: 6 [8000/9056 (88%)]	Loss: 0.017330
Train Epoch: 6 [8400/9056 (93%)]	Loss: 0.248858
Train Epoch: 6 [8800/9056 (97%)]	Loss: 0.034465
Test set: Average loss: 2.5379, Accuracy: 338/2264 (14%)
Train Epoch: 7 [0/9056 (0%)]	Loss: 0.040678
Train Epoch: 7 [400/9056 (4%)]	Loss: 0.032691
Train Epoch: 7 [800/9056 (9%)]	Loss: 0.091149
Train Epoch: 7 [1200/9056 (13%)]	Loss: 0.048229
Train Epoch: 7 [1600/9056 (18%)]	Loss: 0.046691
Train Epoch: 7 [2000/9056 (22%)]	Loss: 0.073034
Train Epoch: 7 [2400/9056 (26%)]	Loss: 0.029666
Train Epoch: 7 [2800/9056 (31%)]	Loss: 0.147097
Train Epoch: 7 [3200/9056 (35%)]	Loss: 0.024743
Train Epoch: 7 [3600/9056 (40%)]	Loss: 0.025305
Train Epoch: 7 [4000/9056 (44%)]	Loss: 0.012681
Train Epoch: 7 [4400/9056 (48%)]	Loss: 0.053090
Train Epoch: 7 [4800/9056 (53%)]	Loss: 0.027662
Train Epoch: 7 [5200/9056 (57%)]	Loss: 0.091747
Train Epoch: 7 [5600/9056 (62%)]	Loss: 0.014476
Train Epoch: 7 [6000/9056 (66%)]	Loss: 0.019168
Train Epoch: 7 [6400/9056 (70%)]	Loss: 0.029134
Train Epoch: 7 [6800/9056 (75%)]	Loss: 0.011455
Train Epoch: 7 [7200/9056 (79%)]	Loss: 0.063586
Train Epoch: 7 [7600/9056 (84%)]	Loss: 0.037139
Train Epoch: 7 [8000/9056 (88%)]	Loss: 0.074247
Train Epoch: 7 [8400/9056 (93%)]	Loss: 0.017693
Train Epoch: 7 [8800/9056 (97%)]	Loss: 0.127796
Test set: Average loss: 4.3256, Accuracy: 338/2264 (14%)
Train Epoch: 8 [0/9056 (0%)]	Loss: 0.007647
Train Epoch: 8 [400/9056 (4%)]	Loss: 0.017885
Train Epoch: 8 [800/9056 (9%)]	Loss: 0.013803
Train Epoch: 8 [1200/9056 (13%)]	Loss: 0.041141
Train Epoch: 8 [1600/9056 (18%)]	Loss: 0.057547
Train Epoch: 8 [2000/9056 (22%)]	Loss: 0.027782
Train Epoch: 8 [2400/9056 (26%)]	Loss: 0.001762
Train Epoch: 8 [2800/9056 (31%)]	Loss: 0.010397
Train Epoch: 8 [3200/9056 (35%)]	Loss: 0.016479
Train Epoch: 8 [3600/9056 (40%)]	Loss: 0.050565
Train Epoch: 8 [4000/9056 (44%)]	Loss: 0.050488
Train Epoch: 8 [4400/9056 (48%)]	Loss: 0.151910
Train Epoch: 8 [4800/9056 (53%)]	Loss: 0.010146
Train Epoch: 8 [5200/9056 (57%)]	Loss: 0.047648
Train Epoch: 8 [5600/9056 (62%)]	Loss: 0.108327
Train Epoch: 8 [6000/9056 (66%)]	Loss: 0.015432
Train Epoch: 8 [6400/9056 (70%)]	Loss: 0.031278
Train Epoch: 8 [6800/9056 (75%)]	Loss: 0.150826
Train Epoch: 8 [7200/9056 (79%)]	Loss: 0.014026
Train Epoch: 8 [7600/9056 (84%)]	Loss: 0.100255
Train Epoch: 8 [8000/9056 (88%)]	Loss: 0.034292
Train Epoch: 8 [8400/9056 (93%)]	Loss: 0.012536
Train Epoch: 8 [8800/9056 (97%)]	Loss: 0.014005
Test set: Average loss: 2.5166, Accuracy: 1054/2264 (46%)
Train Epoch: 9 [0/9056 (0%)]	Loss: 0.018420
Train Epoch: 9 [400/9056 (4%)]	Loss: 0.072764
Train Epoch: 9 [800/9056 (9%)]	Loss: 0.022094
Train Epoch: 9 [1200/9056 (13%)]	Loss: 0.008316
Train Epoch: 9 [1600/9056 (18%)]	Loss: 0.014834
Train Epoch: 9 [2000/9056 (22%)]	Loss: 0.026536
Train Epoch: 9 [2400/9056 (26%)]	Loss: 0.002987
Train Epoch: 9 [2800/9056 (31%)]	Loss: 0.004608
Train Epoch: 9 [3200/9056 (35%)]	Loss: 0.026426
Train Epoch: 9 [3600/9056 (40%)]	Loss: 0.018215
Train Epoch: 9 [4000/9056 (44%)]	Loss: 0.005601
Train Epoch: 9 [4400/9056 (48%)]	Loss: 0.003095
Train Epoch: 9 [4800/9056 (53%)]	Loss: 0.025875
Train Epoch: 9 [5200/9056 (57%)]	Loss: 0.006051
Train Epoch: 9 [5600/9056 (62%)]	Loss: 0.021424
Train Epoch: 9 [6000/9056 (66%)]	Loss: 0.004888
Train Epoch: 9 [6400/9056 (70%)]	Loss: 0.009715
Train Epoch: 9 [6800/9056 (75%)]	Loss: 0.004939
Train Epoch: 9 [7200/9056 (79%)]	Loss: 0.010398
Train Epoch: 9 [7600/9056 (84%)]	Loss: 0.006903
Train Epoch: 9 [8000/9056 (88%)]	Loss: 0.039725
Train Epoch: 9 [8400/9056 (93%)]	Loss: 0.045142
Train Epoch: 9 [8800/9056 (97%)]	Loss: 0.046287
Test set: Average loss: 7.4849, Accuracy: 189/2264 (8%)
Train Epoch: 10 [0/9056 (0%)]	Loss: 0.025430
Train Epoch: 10 [400/9056 (4%)]	Loss: 0.006497
Train Epoch: 10 [800/9056 (9%)]	Loss: 0.007759
Train Epoch: 10 [1200/9056 (13%)]	Loss: 0.019916
Train Epoch: 10 [1600/9056 (18%)]	Loss: 0.010751
Train Epoch: 10 [2000/9056 (22%)]	Loss: 0.003677
Train Epoch: 10 [2400/9056 (26%)]	Loss: 0.005454
Train Epoch: 10 [2800/9056 (31%)]	Loss: 0.023068
Train Epoch: 10 [3200/9056 (35%)]	Loss: 0.025380
Train Epoch: 10 [3600/9056 (40%)]	Loss: 0.011349
Train Epoch: 10 [4000/9056 (44%)]	Loss: 0.019435
Train Epoch: 10 [4400/9056 (48%)]	Loss: 0.015385
Train Epoch: 10 [4800/9056 (53%)]	Loss: 0.029959
Train Epoch: 10 [5200/9056 (57%)]	Loss: 0.001636
Train Epoch: 10 [5600/9056 (62%)]	Loss: 0.002813
Train Epoch: 10 [6000/9056 (66%)]	Loss: 0.002298
Train Epoch: 10 [6400/9056 (70%)]	Loss: 0.002445
Train Epoch: 10 [6800/9056 (75%)]	Loss: 0.006877
Train Epoch: 10 [7200/9056 (79%)]	Loss: 0.004480
Train Epoch: 10 [7600/9056 (84%)]	Loss: 0.001558
Train Epoch: 10 [8000/9056 (88%)]	Loss: 0.021919
Train Epoch: 10 [8400/9056 (93%)]	Loss: 0.024372
Train Epoch: 10 [8800/9056 (97%)]	Loss: 0.016672
Test set: Average loss: 3.2509, Accuracy: 936/2264 (41%)
Train Epoch: 11 [0/9056 (0%)]	Loss: 0.000446
Train Epoch: 11 [400/9056 (4%)]	Loss: 0.001264
Train Epoch: 11 [800/9056 (9%)]	Loss: 0.002882
Train Epoch: 11 [1200/9056 (13%)]	Loss: 0.003328
Train Epoch: 11 [1600/9056 (18%)]	Loss: 0.001814
Train Epoch: 11 [2000/9056 (22%)]	Loss: 0.000787
Train Epoch: 11 [2400/9056 (26%)]	Loss: 0.001759
Train Epoch: 11 [2800/9056 (31%)]	Loss: 0.009337
Train Epoch: 11 [3200/9056 (35%)]	Loss: 0.001529
Train Epoch: 11 [3600/9056 (40%)]	Loss: 0.001932
Train Epoch: 11 [4000/9056 (44%)]	Loss: 0.003434
Train Epoch: 11 [4400/9056 (48%)]	Loss: 0.005829
Train Epoch: 11 [4800/9056 (53%)]	Loss: 0.014878
Train Epoch: 11 [5200/9056 (57%)]	Loss: 0.001886
Train Epoch: 11 [5600/9056 (62%)]	Loss: 0.006488
Train Epoch: 11 [6000/9056 (66%)]	Loss: 0.008384
Train Epoch: 11 [6400/9056 (70%)]	Loss: 0.001496
Train Epoch: 11 [6800/9056 (75%)]	Loss: 0.004697
Train Epoch: 11 [7200/9056 (79%)]	Loss: 0.002254
Train Epoch: 11 [7600/9056 (84%)]	Loss: 0.002296
Train Epoch: 11 [8000/9056 (88%)]	Loss: 0.013325
Train Epoch: 11 [8400/9056 (93%)]	Loss: 0.004799
Train Epoch: 11 [8800/9056 (97%)]	Loss: 0.000665
Test set: Average loss: 4.0016, Accuracy: 338/2264 (14%)
Train Epoch: 12 [0/9056 (0%)]	Loss: 0.013639
Train Epoch: 12 [400/9056 (4%)]	Loss: 0.012401
Train Epoch: 12 [800/9056 (9%)]	Loss: 0.013883
Train Epoch: 12 [1200/9056 (13%)]	Loss: 0.008048
Train Epoch: 12 [1600/9056 (18%)]	Loss: 0.001440
Train Epoch: 12 [2000/9056 (22%)]	Loss: 0.007234
Train Epoch: 12 [2400/9056 (26%)]	Loss: 0.038815
Train Epoch: 12 [2800/9056 (31%)]	Loss: 0.000897
Train Epoch: 12 [3200/9056 (35%)]	Loss: 0.002067
Train Epoch: 12 [3600/9056 (40%)]	Loss: 0.001380
Train Epoch: 12 [4000/9056 (44%)]	Loss: 0.000338
Train Epoch: 12 [4400/9056 (48%)]	Loss: 0.002213
Train Epoch: 12 [4800/9056 (53%)]	Loss: 0.001675
Train Epoch: 12 [5200/9056 (57%)]	Loss: 0.001208
Train Epoch: 12 [5600/9056 (62%)]	Loss: 0.001202
Train Epoch: 12 [6000/9056 (66%)]	Loss: 0.002665
Train Epoch: 12 [6400/9056 (70%)]	Loss: 0.004795
Train Epoch: 12 [6800/9056 (75%)]	Loss: 0.002936
Train Epoch: 12 [7200/9056 (79%)]	Loss: 0.004556
Train Epoch: 12 [7600/9056 (84%)]	Loss: 0.021153
Train Epoch: 12 [8000/9056 (88%)]	Loss: 0.003643
Train Epoch: 12 [8400/9056 (93%)]	Loss: 0.001415
Train Epoch: 12 [8800/9056 (97%)]	Loss: 0.047969
Test set: Average loss: 6.7298, Accuracy: 415/2264 (18%)
Train Epoch: 13 [0/9056 (0%)]	Loss: 0.003351
Train Epoch: 13 [400/9056 (4%)]	Loss: 0.032010
Train Epoch: 13 [800/9056 (9%)]	Loss: 0.022922
Train Epoch: 13 [1200/9056 (13%)]	Loss: 0.002431
Train Epoch: 13 [1600/9056 (18%)]	Loss: 0.003934
Train Epoch: 13 [2000/9056 (22%)]	Loss: 0.003226
Train Epoch: 13 [2400/9056 (26%)]	Loss: 0.002314
Train Epoch: 13 [2800/9056 (31%)]	Loss: 0.013708
Train Epoch: 13 [3200/9056 (35%)]	Loss: 0.003162
Train Epoch: 13 [3600/9056 (40%)]	Loss: 0.039168
Train Epoch: 13 [4000/9056 (44%)]	Loss: 0.001721
Train Epoch: 13 [4400/9056 (48%)]	Loss: 0.005420
Train Epoch: 13 [4800/9056 (53%)]	Loss: 0.003805
Train Epoch: 13 [5200/9056 (57%)]	Loss: 0.006074
Train Epoch: 13 [5600/9056 (62%)]	Loss: 0.005625
Train Epoch: 13 [6000/9056 (66%)]	Loss: 0.001533
Train Epoch: 13 [6400/9056 (70%)]	Loss: 0.001506
Train Epoch: 13 [6800/9056 (75%)]	Loss: 0.002312
Train Epoch: 13 [7200/9056 (79%)]	Loss: 0.007931
Train Epoch: 13 [7600/9056 (84%)]	Loss: 0.000614
Train Epoch: 13 [8000/9056 (88%)]	Loss: 0.026227
Train Epoch: 13 [8400/9056 (93%)]	Loss: 0.014512
Train Epoch: 13 [8800/9056 (97%)]	Loss: 0.002412
Test set: Average loss: 6.2260, Accuracy: 380/2264 (16%)
Train Epoch: 14 [0/9056 (0%)]	Loss: 0.002450
Train Epoch: 14 [400/9056 (4%)]	Loss: 0.009366
Train Epoch: 14 [800/9056 (9%)]	Loss: 0.001094
Train Epoch: 14 [1200/9056 (13%)]	Loss: 0.030836
Train Epoch: 14 [1600/9056 (18%)]	Loss: 0.007112
Train Epoch: 14 [2000/9056 (22%)]	Loss: 0.004146
Train Epoch: 14 [2400/9056 (26%)]	Loss: 0.001452
Train Epoch: 14 [2800/9056 (31%)]	Loss: 0.005400
Train Epoch: 14 [3200/9056 (35%)]	Loss: 0.002168
Train Epoch: 14 [3600/9056 (40%)]	Loss: 0.004296
Train Epoch: 14 [4000/9056 (44%)]	Loss: 0.000770
Train Epoch: 14 [4400/9056 (48%)]	Loss: 0.002104
Train Epoch: 14 [4800/9056 (53%)]	Loss: 0.010094
Train Epoch: 14 [5200/9056 (57%)]	Loss: 0.003301
Train Epoch: 14 [5600/9056 (62%)]	Loss: 0.003563
Train Epoch: 14 [6000/9056 (66%)]	Loss: 0.003055
Train Epoch: 14 [6400/9056 (70%)]	Loss: 0.000735
Train Epoch: 14 [6800/9056 (75%)]	Loss: 0.003319
Train Epoch: 14 [7200/9056 (79%)]	Loss: 0.014895
Train Epoch: 14 [7600/9056 (84%)]	Loss: 0.003213
Train Epoch: 14 [8000/9056 (88%)]	Loss: 0.008493
Train Epoch: 14 [8400/9056 (93%)]	Loss: 0.003251
Train Epoch: 14 [8800/9056 (97%)]	Loss: 0.001426
Test set: Average loss: 1.1340, Accuracy: 1740/2264 (76%)
Train Epoch: 15 [0/9056 (0%)]	Loss: 0.000657
Train Epoch: 15 [400/9056 (4%)]	Loss: 0.004200
Train Epoch: 15 [800/9056 (9%)]	Loss: 0.001865
Train Epoch: 15 [1200/9056 (13%)]	Loss: 0.001199
Train Epoch: 15 [1600/9056 (18%)]	Loss: 0.000349
Train Epoch: 15 [2000/9056 (22%)]	Loss: 0.001095
Train Epoch: 15 [2400/9056 (26%)]	Loss: 0.001511
Train Epoch: 15 [2800/9056 (31%)]	Loss: 0.000739
Train Epoch: 15 [3200/9056 (35%)]	Loss: 0.000854
Train Epoch: 15 [3600/9056 (40%)]	Loss: 0.001585
Train Epoch: 15 [4000/9056 (44%)]	Loss: 0.001284
Train Epoch: 15 [4400/9056 (48%)]	Loss: 0.003279
Train Epoch: 15 [4800/9056 (53%)]	Loss: 0.002570
Train Epoch: 15 [5200/9056 (57%)]	Loss: 0.000621
Train Epoch: 15 [5600/9056 (62%)]	Loss: 0.008942
Train Epoch: 15 [6000/9056 (66%)]	Loss: 0.003216
Train Epoch: 15 [6400/9056 (70%)]	Loss: 0.005005
Train Epoch: 15 [6800/9056 (75%)]	Loss: 0.002416
Train Epoch: 15 [7200/9056 (79%)]	Loss: 0.000690
Train Epoch: 15 [7600/9056 (84%)]	Loss: 0.000560
Train Epoch: 15 [8000/9056 (88%)]	Loss: 0.000390
Train Epoch: 15 [8400/9056 (93%)]	Loss: 0.004094
Train Epoch: 15 [8800/9056 (97%)]	Loss: 0.000267
Test set: Average loss: 1.0671, Accuracy: 1723/2264 (76%)
Train Epoch: 16 [0/9056 (0%)]	Loss: 0.001571
Train Epoch: 16 [400/9056 (4%)]	Loss: 0.000196
Train Epoch: 16 [800/9056 (9%)]	Loss: 0.004618
Train Epoch: 16 [1200/9056 (13%)]	Loss: 0.001043
Train Epoch: 16 [1600/9056 (18%)]	Loss: 0.000761
Train Epoch: 16 [2000/9056 (22%)]	Loss: 0.000352
Train Epoch: 16 [2400/9056 (26%)]	Loss: 0.002734
Train Epoch: 16 [2800/9056 (31%)]	Loss: 0.000736
Train Epoch: 16 [3200/9056 (35%)]	Loss: 0.003259
Train Epoch: 16 [3600/9056 (40%)]	Loss: 0.001019
Train Epoch: 16 [4000/9056 (44%)]	Loss: 0.001198
Train Epoch: 16 [4400/9056 (48%)]	Loss: 0.000141
Train Epoch: 16 [4800/9056 (53%)]	Loss: 0.000151
Train Epoch: 16 [5200/9056 (57%)]	Loss: 0.001230
Train Epoch: 16 [5600/9056 (62%)]	Loss: 0.008131
Train Epoch: 16 [6000/9056 (66%)]	Loss: 0.001099
Train Epoch: 16 [6400/9056 (70%)]	Loss: 0.005409
Train Epoch: 16 [6800/9056 (75%)]	Loss: 0.012498
Train Epoch: 16 [7200/9056 (79%)]	Loss: 0.006473
Train Epoch: 16 [7600/9056 (84%)]	Loss: 0.001167
Train Epoch: 16 [8000/9056 (88%)]	Loss: 0.000887
Train Epoch: 16 [8400/9056 (93%)]	Loss: 0.000304
Train Epoch: 16 [8800/9056 (97%)]	Loss: 0.000206
Test set: Average loss: 1.0865, Accuracy: 1767/2264 (78%)
Train Epoch: 17 [0/9056 (0%)]	Loss: 0.071582
Train Epoch: 17 [400/9056 (4%)]	Loss: 0.000773
Train Epoch: 17 [800/9056 (9%)]	Loss: 0.000484
Train Epoch: 17 [1200/9056 (13%)]	Loss: 0.000899
Train Epoch: 17 [1600/9056 (18%)]	Loss: 0.003611
Train Epoch: 17 [2000/9056 (22%)]	Loss: 0.019568
Train Epoch: 17 [2400/9056 (26%)]	Loss: 0.001472
Train Epoch: 17 [2800/9056 (31%)]	Loss: 0.000332
Train Epoch: 17 [3200/9056 (35%)]	Loss: 0.003118
Train Epoch: 17 [3600/9056 (40%)]	Loss: 0.002505
Train Epoch: 17 [4000/9056 (44%)]	Loss: 0.148797
Train Epoch: 17 [4400/9056 (48%)]	Loss: 0.002083
Train Epoch: 17 [4800/9056 (53%)]	Loss: 0.000761
Train Epoch: 17 [5200/9056 (57%)]	Loss: 0.026771
Train Epoch: 17 [5600/9056 (62%)]	Loss: 0.005852
Train Epoch: 17 [6000/9056 (66%)]	Loss: 0.003974
Train Epoch: 17 [6400/9056 (70%)]	Loss: 0.002159
Train Epoch: 17 [6800/9056 (75%)]	Loss: 0.004024
Train Epoch: 17 [7200/9056 (79%)]	Loss: 0.003652
Train Epoch: 17 [7600/9056 (84%)]	Loss: 0.004496
Train Epoch: 17 [8000/9056 (88%)]	Loss: 0.000630
Train Epoch: 17 [8400/9056 (93%)]	Loss: 0.000381
Train Epoch: 17 [8800/9056 (97%)]	Loss: 0.008137
Test set: Average loss: 1.2423, Accuracy: 1701/2264 (75%)
Train Epoch: 18 [0/9056 (0%)]	Loss: 0.000472
Train Epoch: 18 [400/9056 (4%)]	Loss: 0.000288
Train Epoch: 18 [800/9056 (9%)]	Loss: 0.000167
Train Epoch: 18 [1200/9056 (13%)]	Loss: 0.001383
Train Epoch: 18 [1600/9056 (18%)]	Loss: 0.000261
Train Epoch: 18 [2000/9056 (22%)]	Loss: 0.000990
Train Epoch: 18 [2400/9056 (26%)]	Loss: 0.002115
Train Epoch: 18 [2800/9056 (31%)]	Loss: 0.000291
Train Epoch: 18 [3200/9056 (35%)]	Loss: 0.000475
Train Epoch: 18 [3600/9056 (40%)]	Loss: 0.000510
Train Epoch: 18 [4000/9056 (44%)]	Loss: 0.000197
Train Epoch: 18 [4400/9056 (48%)]	Loss: 0.000415
Train Epoch: 18 [4800/9056 (53%)]	Loss: 0.000519
Train Epoch: 18 [5200/9056 (57%)]	Loss: 0.001653
Train Epoch: 18 [5600/9056 (62%)]	Loss: 0.000098
Train Epoch: 18 [6000/9056 (66%)]	Loss: 0.004962
Train Epoch: 18 [6400/9056 (70%)]	Loss: 0.000291
Train Epoch: 18 [6800/9056 (75%)]	Loss: 0.001569
Train Epoch: 18 [7200/9056 (79%)]	Loss: 0.001689
Train Epoch: 18 [7600/9056 (84%)]	Loss: 0.004589
Train Epoch: 18 [8000/9056 (88%)]	Loss: 0.001073
Train Epoch: 18 [8400/9056 (93%)]	Loss: 0.000424
Train Epoch: 18 [8800/9056 (97%)]	Loss: 0.000972
Test set: Average loss: 0.9640, Accuracy: 1826/2264 (80%)
Train Epoch: 19 [0/9056 (0%)]	Loss: 0.000646
Train Epoch: 19 [400/9056 (4%)]	Loss: 0.000866
Train Epoch: 19 [800/9056 (9%)]	Loss: 0.000335
Train Epoch: 19 [1200/9056 (13%)]	Loss: 0.001043
Train Epoch: 19 [1600/9056 (18%)]	Loss: 0.000277
Train Epoch: 19 [2000/9056 (22%)]	Loss: 0.000995
Train Epoch: 19 [2400/9056 (26%)]	Loss: 0.000532
Train Epoch: 19 [2800/9056 (31%)]	Loss: 0.000406
Train Epoch: 19 [3200/9056 (35%)]	Loss: 0.001293
Train Epoch: 19 [3600/9056 (40%)]	Loss: 0.000163
Train Epoch: 19 [4000/9056 (44%)]	Loss: 0.000380
Train Epoch: 19 [4400/9056 (48%)]	Loss: 0.007093
Train Epoch: 19 [4800/9056 (53%)]	Loss: 0.000829
Train Epoch: 19 [5200/9056 (57%)]	Loss: 0.000433
Train Epoch: 19 [5600/9056 (62%)]	Loss: 0.001569
Train Epoch: 19 [6000/9056 (66%)]	Loss: 0.000918
Train Epoch: 19 [6400/9056 (70%)]	Loss: 0.000435
Train Epoch: 19 [6800/9056 (75%)]	Loss: 0.001568
Train Epoch: 19 [7200/9056 (79%)]	Loss: 0.000396
Train Epoch: 19 [7600/9056 (84%)]	Loss: 0.000818
Train Epoch: 19 [8000/9056 (88%)]	Loss: 0.000645
Train Epoch: 19 [8400/9056 (93%)]	Loss: 0.001455
Train Epoch: 19 [8800/9056 (97%)]	Loss: 0.000708
Test set: Average loss: 1.3657, Accuracy: 1586/2264 (70%)
Train Epoch: 20 [0/9056 (0%)]	Loss: 0.007142
Train Epoch: 20 [400/9056 (4%)]	Loss: 0.005685
Train Epoch: 20 [800/9056 (9%)]	Loss: 0.000743
Train Epoch: 20 [1200/9056 (13%)]	Loss: 0.000410
Train Epoch: 20 [1600/9056 (18%)]	Loss: 0.000841
Train Epoch: 20 [2000/9056 (22%)]	Loss: 0.000750
Train Epoch: 20 [2400/9056 (26%)]	Loss: 0.009450
Train Epoch: 20 [2800/9056 (31%)]	Loss: 0.011826
Train Epoch: 20 [3200/9056 (35%)]	Loss: 0.015269
Train Epoch: 20 [3600/9056 (40%)]	Loss: 0.009915
Train Epoch: 20 [4000/9056 (44%)]	Loss: 0.000507
Train Epoch: 20 [4400/9056 (48%)]	Loss: 0.016782
Train Epoch: 20 [4800/9056 (53%)]	Loss: 0.002644
Train Epoch: 20 [5200/9056 (57%)]	Loss: 0.000472
Train Epoch: 20 [5600/9056 (62%)]	Loss: 0.000778
Train Epoch: 20 [6000/9056 (66%)]	Loss: 0.001395
Train Epoch: 20 [6400/9056 (70%)]	Loss: 0.000177
Train Epoch: 20 [6800/9056 (75%)]	Loss: 0.024577
Train Epoch: 20 [7200/9056 (79%)]	Loss: 0.000757
Train Epoch: 20 [7600/9056 (84%)]	Loss: 0.000808
Train Epoch: 20 [8000/9056 (88%)]	Loss: 0.001074
Train Epoch: 20 [8400/9056 (93%)]	Loss: 0.000172
Train Epoch: 20 [8800/9056 (97%)]	Loss: 0.000957
Test set: Average loss: 1.5968, Accuracy: 1545/2264 (68%)
Train Epoch: 21 [0/9056 (0%)]	Loss: 0.013798
Train Epoch: 21 [400/9056 (4%)]	Loss: 0.002046
Train Epoch: 21 [800/9056 (9%)]	Loss: 0.004088
Train Epoch: 21 [1200/9056 (13%)]	Loss: 0.000200
Train Epoch: 21 [1600/9056 (18%)]	Loss: 0.000497
Train Epoch: 21 [2000/9056 (22%)]	Loss: 0.000414
Train Epoch: 21 [2400/9056 (26%)]	Loss: 0.023953
Train Epoch: 21 [2800/9056 (31%)]	Loss: 0.000391
Train Epoch: 21 [3200/9056 (35%)]	Loss: 0.000875
Train Epoch: 21 [3600/9056 (40%)]	Loss: 0.000539
Train Epoch: 21 [4000/9056 (44%)]	Loss: 0.028914
Train Epoch: 21 [4400/9056 (48%)]	Loss: 0.000680
Train Epoch: 21 [4800/9056 (53%)]	Loss: 0.000158
Train Epoch: 21 [5200/9056 (57%)]	Loss: 0.000527
Train Epoch: 21 [5600/9056 (62%)]	Loss: 0.001058
Train Epoch: 21 [6000/9056 (66%)]	Loss: 0.007681
Train Epoch: 21 [6400/9056 (70%)]	Loss: 0.000475
Train Epoch: 21 [6800/9056 (75%)]	Loss: 0.004238
Train Epoch: 21 [7200/9056 (79%)]	Loss: 0.001931
Train Epoch: 21 [7600/9056 (84%)]	Loss: 0.000330
Train Epoch: 21 [8000/9056 (88%)]	Loss: 0.005636
Train Epoch: 21 [8400/9056 (93%)]	Loss: 0.000565
Train Epoch: 21 [8800/9056 (97%)]	Loss: 0.003145
Test set: Average loss: 6.6297, Accuracy: 493/2264 (21%)
Train Epoch: 22 [0/9056 (0%)]	Loss: 0.002764
Train Epoch: 22 [400/9056 (4%)]	Loss: 0.010510
Train Epoch: 22 [800/9056 (9%)]	Loss: 0.000300
Train Epoch: 22 [1200/9056 (13%)]	Loss: 0.000233
Train Epoch: 22 [1600/9056 (18%)]	Loss: 0.000223
Train Epoch: 22 [2000/9056 (22%)]	Loss: 0.002289
Train Epoch: 22 [2400/9056 (26%)]	Loss: 0.005862
Train Epoch: 22 [2800/9056 (31%)]	Loss: 0.000731
Train Epoch: 22 [3200/9056 (35%)]	Loss: 0.000311
Train Epoch: 22 [3600/9056 (40%)]	Loss: 0.003522
Train Epoch: 22 [4000/9056 (44%)]	Loss: 0.000482
Train Epoch: 22 [4400/9056 (48%)]	Loss: 0.000383
Train Epoch: 22 [4800/9056 (53%)]	Loss: 0.001421
Train Epoch: 22 [5200/9056 (57%)]	Loss: 0.000972
Train Epoch: 22 [5600/9056 (62%)]	Loss: 0.000789
Train Epoch: 22 [6000/9056 (66%)]	Loss: 0.000404
Train Epoch: 22 [6400/9056 (70%)]	Loss: 0.002680
Train Epoch: 22 [6800/9056 (75%)]	Loss: 0.000344
Train Epoch: 22 [7200/9056 (79%)]	Loss: 0.019879
Train Epoch: 22 [7600/9056 (84%)]	Loss: 0.000755
Train Epoch: 22 [8000/9056 (88%)]	Loss: 0.008237
Train Epoch: 22 [8400/9056 (93%)]	Loss: 0.000342
Train Epoch: 22 [8800/9056 (97%)]	Loss: 0.002572
Test set: Average loss: 1.0838, Accuracy: 1769/2264 (78%)
Train Epoch: 23 [0/9056 (0%)]	Loss: 0.001063
Train Epoch: 23 [400/9056 (4%)]	Loss: 0.001266
Train Epoch: 23 [800/9056 (9%)]	Loss: 0.004267
Train Epoch: 23 [1200/9056 (13%)]	Loss: 0.000343
Train Epoch: 23 [1600/9056 (18%)]	Loss: 0.000424
Train Epoch: 23 [2000/9056 (22%)]	Loss: 0.000177
Train Epoch: 23 [2400/9056 (26%)]	Loss: 0.000291
Train Epoch: 23 [2800/9056 (31%)]	Loss: 0.001028
Train Epoch: 23 [3200/9056 (35%)]	Loss: 0.000405
Train Epoch: 23 [3600/9056 (40%)]	Loss: 0.000352
Train Epoch: 23 [4000/9056 (44%)]	Loss: 0.000507
Train Epoch: 23 [4400/9056 (48%)]	Loss: 0.008488
Train Epoch: 23 [4800/9056 (53%)]	Loss: 0.000710
Train Epoch: 23 [5200/9056 (57%)]	Loss: 0.000262
Train Epoch: 23 [5600/9056 (62%)]	Loss: 0.002544
Train Epoch: 23 [6000/9056 (66%)]	Loss: 0.001566
Train Epoch: 23 [6400/9056 (70%)]	Loss: 0.000436
Train Epoch: 23 [6800/9056 (75%)]	Loss: 0.000258
Train Epoch: 23 [7200/9056 (79%)]	Loss: 0.001138
Train Epoch: 23 [7600/9056 (84%)]	Loss: 0.000179
Train Epoch: 23 [8000/9056 (88%)]	Loss: 0.000101
Train Epoch: 23 [8400/9056 (93%)]	Loss: 0.001213
Train Epoch: 23 [8800/9056 (97%)]	Loss: 0.000295
Test set: Average loss: 1.0791, Accuracy: 1809/2264 (79%)
Train Epoch: 24 [0/9056 (0%)]	Loss: 0.000056
Train Epoch: 24 [400/9056 (4%)]	Loss: 0.000284
Train Epoch: 24 [800/9056 (9%)]	Loss: 0.000200
Train Epoch: 24 [1200/9056 (13%)]	Loss: 0.000238
Train Epoch: 24 [1600/9056 (18%)]	Loss: 0.000481
Train Epoch: 24 [2000/9056 (22%)]	Loss: 0.001180
Train Epoch: 24 [2400/9056 (26%)]	Loss: 0.000080
Train Epoch: 24 [2800/9056 (31%)]	Loss: 0.000309
Train Epoch: 24 [3200/9056 (35%)]	Loss: 0.000467
Train Epoch: 24 [3600/9056 (40%)]	Loss: 0.000144
Train Epoch: 24 [4000/9056 (44%)]	Loss: 0.000326
Train Epoch: 24 [4400/9056 (48%)]	Loss: 0.000374
Train Epoch: 24 [4800/9056 (53%)]	Loss: 0.000237
Train Epoch: 24 [5200/9056 (57%)]	Loss: 0.000570
Train Epoch: 24 [5600/9056 (62%)]	Loss: 0.000284
Train Epoch: 24 [6000/9056 (66%)]	Loss: 0.002872
Train Epoch: 24 [6400/9056 (70%)]	Loss: 0.000555
Train Epoch: 24 [6800/9056 (75%)]	Loss: 0.000079
Train Epoch: 24 [7200/9056 (79%)]	Loss: 0.000056
Train Epoch: 24 [7600/9056 (84%)]	Loss: 0.000949
Train Epoch: 24 [8000/9056 (88%)]	Loss: 0.000078
Train Epoch: 24 [8400/9056 (93%)]	Loss: 0.000151
Train Epoch: 24 [8800/9056 (97%)]	Loss: 0.000330
Test set: Average loss: 0.9606, Accuracy: 1841/2264 (81%)
Train Epoch: 25 [0/9056 (0%)]	Loss: 0.000182
Train Epoch: 25 [400/9056 (4%)]	Loss: 0.000269
Train Epoch: 25 [800/9056 (9%)]	Loss: 0.000681
Train Epoch: 25 [1200/9056 (13%)]	Loss: 0.000287
Train Epoch: 25 [1600/9056 (18%)]	Loss: 0.000445
Train Epoch: 25 [2000/9056 (22%)]	Loss: 0.000292
Train Epoch: 25 [2400/9056 (26%)]	Loss: 0.000071
Train Epoch: 25 [2800/9056 (31%)]	Loss: 0.000149
Train Epoch: 25 [3200/9056 (35%)]	Loss: 0.000115
Train Epoch: 25 [3600/9056 (40%)]	Loss: 0.001030
Train Epoch: 25 [4000/9056 (44%)]	Loss: 0.001486
Train Epoch: 25 [4400/9056 (48%)]	Loss: 0.000099
Train Epoch: 25 [4800/9056 (53%)]	Loss: 0.001774
Train Epoch: 25 [5200/9056 (57%)]	Loss: 0.000495
Train Epoch: 25 [5600/9056 (62%)]	Loss: 0.001292
Train Epoch: 25 [6000/9056 (66%)]	Loss: 0.000134
Train Epoch: 25 [6400/9056 (70%)]	Loss: 0.000077
Train Epoch: 25 [6800/9056 (75%)]	Loss: 0.000308
Train Epoch: 25 [7200/9056 (79%)]	Loss: 0.000468
Train Epoch: 25 [7600/9056 (84%)]	Loss: 0.000151
Train Epoch: 25 [8000/9056 (88%)]	Loss: 0.000246
Train Epoch: 25 [8400/9056 (93%)]	Loss: 0.001957
Train Epoch: 25 [8800/9056 (97%)]	Loss: 0.000056
Test set: Average loss: 0.9957, Accuracy: 1840/2264 (81%)
Train Epoch: 26 [0/9056 (0%)]	Loss: 0.000287
Train Epoch: 26 [400/9056 (4%)]	Loss: 0.000045
Train Epoch: 26 [800/9056 (9%)]	Loss: 0.001426
Train Epoch: 26 [1200/9056 (13%)]	Loss: 0.000380
Train Epoch: 26 [1600/9056 (18%)]	Loss: 0.000337
Train Epoch: 26 [2000/9056 (22%)]	Loss: 0.000049
Train Epoch: 26 [2400/9056 (26%)]	Loss: 0.001550
Train Epoch: 26 [2800/9056 (31%)]	Loss: 0.000744
Train Epoch: 26 [3200/9056 (35%)]	Loss: 0.000273
Train Epoch: 26 [3600/9056 (40%)]	Loss: 0.000152
Train Epoch: 26 [4000/9056 (44%)]	Loss: 0.000138
Train Epoch: 26 [4400/9056 (48%)]	Loss: 0.000165
Train Epoch: 26 [4800/9056 (53%)]	Loss: 0.000793
Train Epoch: 26 [5200/9056 (57%)]	Loss: 0.002320
Train Epoch: 26 [5600/9056 (62%)]	Loss: 0.000163
Train Epoch: 26 [6000/9056 (66%)]	Loss: 0.000164
Train Epoch: 26 [6400/9056 (70%)]	Loss: 0.000252
Train Epoch: 26 [6800/9056 (75%)]	Loss: 0.000070
Train Epoch: 26 [7200/9056 (79%)]	Loss: 0.000049
Train Epoch: 26 [7600/9056 (84%)]	Loss: 0.000919
Train Epoch: 26 [8000/9056 (88%)]	Loss: 0.000505
Train Epoch: 26 [8400/9056 (93%)]	Loss: 0.000081
Train Epoch: 26 [8800/9056 (97%)]	Loss: 0.000184
Test set: Average loss: 1.2483, Accuracy: 1709/2264 (75%)
Train Epoch: 27 [0/9056 (0%)]	Loss: 0.000081
Train Epoch: 27 [400/9056 (4%)]	Loss: 0.000056
Train Epoch: 27 [800/9056 (9%)]	Loss: 0.000050
Train Epoch: 27 [1200/9056 (13%)]	Loss: 0.000818
Train Epoch: 27 [1600/9056 (18%)]	Loss: 0.000193
Train Epoch: 27 [2000/9056 (22%)]	Loss: 0.000052
Train Epoch: 27 [2400/9056 (26%)]	Loss: 0.000446
Train Epoch: 27 [2800/9056 (31%)]	Loss: 0.000123
Train Epoch: 27 [3200/9056 (35%)]	Loss: 0.000748
Train Epoch: 27 [3600/9056 (40%)]	Loss: 0.000084
Train Epoch: 27 [4000/9056 (44%)]	Loss: 0.000205
Train Epoch: 27 [4400/9056 (48%)]	Loss: 0.000324
Train Epoch: 27 [4800/9056 (53%)]	Loss: 0.000952
Train Epoch: 27 [5200/9056 (57%)]	Loss: 0.000131
Train Epoch: 27 [5600/9056 (62%)]	Loss: 0.000220
Train Epoch: 27 [6000/9056 (66%)]	Loss: 0.000115
Train Epoch: 27 [6400/9056 (70%)]	Loss: 0.000444
Train Epoch: 27 [6800/9056 (75%)]	Loss: 0.000264
Train Epoch: 27 [7200/9056 (79%)]	Loss: 0.000111
Train Epoch: 27 [7600/9056 (84%)]	Loss: 0.000312
Train Epoch: 27 [8000/9056 (88%)]	Loss: 0.000090
Train Epoch: 27 [8400/9056 (93%)]	Loss: 0.000180
Train Epoch: 27 [8800/9056 (97%)]	Loss: 0.000384
Test set: Average loss: 0.9404, Accuracy: 1846/2264 (81%)
Train Epoch: 28 [0/9056 (0%)]	Loss: 0.000073
Train Epoch: 28 [400/9056 (4%)]	Loss: 0.000041
Train Epoch: 28 [800/9056 (9%)]	Loss: 0.000045
Train Epoch: 28 [1200/9056 (13%)]	Loss: 0.000389
Train Epoch: 28 [1600/9056 (18%)]	Loss: 0.000093
Train Epoch: 28 [2000/9056 (22%)]	Loss: 0.000155
Train Epoch: 28 [2400/9056 (26%)]	Loss: 0.000215
Train Epoch: 28 [2800/9056 (31%)]	Loss: 0.000085
Train Epoch: 28 [3200/9056 (35%)]	Loss: 0.000179
Train Epoch: 28 [3600/9056 (40%)]	Loss: 0.000105
Train Epoch: 28 [4000/9056 (44%)]	Loss: 0.000057
Train Epoch: 28 [4400/9056 (48%)]	Loss: 0.000063
Train Epoch: 28 [4800/9056 (53%)]	Loss: 0.000078
Train Epoch: 28 [5200/9056 (57%)]	Loss: 0.000039
Train Epoch: 28 [5600/9056 (62%)]	Loss: 0.000265
Train Epoch: 28 [6000/9056 (66%)]	Loss: 0.000350
Train Epoch: 28 [6400/9056 (70%)]	Loss: 0.000287
Train Epoch: 28 [6800/9056 (75%)]	Loss: 0.000319
Train Epoch: 28 [7200/9056 (79%)]	Loss: 0.000998
Train Epoch: 28 [7600/9056 (84%)]	Loss: 0.000580
Train Epoch: 28 [8000/9056 (88%)]	Loss: 0.000123
Train Epoch: 28 [8400/9056 (93%)]	Loss: 0.000179
Train Epoch: 28 [8800/9056 (97%)]	Loss: 0.000415
Test set: Average loss: 0.9694, Accuracy: 1844/2264 (81%)
Train Epoch: 29 [0/9056 (0%)]	Loss: 0.000070
Train Epoch: 29 [400/9056 (4%)]	Loss: 0.000101
Train Epoch: 29 [800/9056 (9%)]	Loss: 0.000130
Train Epoch: 29 [1200/9056 (13%)]	Loss: 0.000193
Train Epoch: 29 [1600/9056 (18%)]	Loss: 0.001123
Train Epoch: 29 [2000/9056 (22%)]	Loss: 0.000462
Train Epoch: 29 [2400/9056 (26%)]	Loss: 0.000645
Train Epoch: 29 [2800/9056 (31%)]	Loss: 0.000083
Train Epoch: 29 [3200/9056 (35%)]	Loss: 0.000106
Train Epoch: 29 [3600/9056 (40%)]	Loss: 0.000101
Train Epoch: 29 [4000/9056 (44%)]	Loss: 0.000129
Train Epoch: 29 [4400/9056 (48%)]	Loss: 0.000072
Train Epoch: 29 [4800/9056 (53%)]	Loss: 0.000044
Train Epoch: 29 [5200/9056 (57%)]	Loss: 0.000287
Train Epoch: 29 [5600/9056 (62%)]	Loss: 0.000243
Train Epoch: 29 [6000/9056 (66%)]	Loss: 0.000285
Train Epoch: 29 [6400/9056 (70%)]	Loss: 0.000058
Train Epoch: 29 [6800/9056 (75%)]	Loss: 0.000301
Train Epoch: 29 [7200/9056 (79%)]	Loss: 0.000106
Train Epoch: 29 [7600/9056 (84%)]	Loss: 0.000238
Train Epoch: 29 [8000/9056 (88%)]	Loss: 0.000029
Train Epoch: 29 [8400/9056 (93%)]	Loss: 0.000723
Train Epoch: 29 [8800/9056 (97%)]	Loss: 0.000215
Test set: Average loss: 0.9499, Accuracy: 1847/2264 (81%)
Train Epoch: 30 [0/9056 (0%)]	Loss: 0.000054
Train Epoch: 30 [400/9056 (4%)]	Loss: 0.000141
Train Epoch: 30 [800/9056 (9%)]	Loss: 0.000218
Train Epoch: 30 [1200/9056 (13%)]	Loss: 0.000113
Train Epoch: 30 [1600/9056 (18%)]	Loss: 0.000284
Train Epoch: 30 [2000/9056 (22%)]	Loss: 0.000377
Train Epoch: 30 [2400/9056 (26%)]	Loss: 0.001056
Train Epoch: 30 [2800/9056 (31%)]	Loss: 0.000019
Train Epoch: 30 [3200/9056 (35%)]	Loss: 0.000476
Train Epoch: 30 [3600/9056 (40%)]	Loss: 0.000758
Train Epoch: 30 [4000/9056 (44%)]	Loss: 0.000089
Train Epoch: 30 [4400/9056 (48%)]	Loss: 0.000197
Train Epoch: 30 [4800/9056 (53%)]	Loss: 0.000120
Train Epoch: 30 [5200/9056 (57%)]	Loss: 0.000072
Train Epoch: 30 [5600/9056 (62%)]	Loss: 0.001566
Train Epoch: 30 [6000/9056 (66%)]	Loss: 0.000168
Train Epoch: 30 [6400/9056 (70%)]	Loss: 0.000509
Train Epoch: 30 [6800/9056 (75%)]	Loss: 0.000655
Train Epoch: 30 [7200/9056 (79%)]	Loss: 0.000035
Train Epoch: 30 [7600/9056 (84%)]	Loss: 0.000057
Train Epoch: 30 [8000/9056 (88%)]	Loss: 0.000090
Train Epoch: 30 [8400/9056 (93%)]	Loss: 0.003083
Train Epoch: 30 [8800/9056 (97%)]	Loss: 0.000084
Test set: Average loss: 0.9810, Accuracy: 1853/2264 (81%)
Train Epoch: 31 [0/9056 (0%)]	Loss: 0.000082
Train Epoch: 31 [400/9056 (4%)]	Loss: 0.000296
Train Epoch: 31 [800/9056 (9%)]	Loss: 0.000637
Train Epoch: 31 [1200/9056 (13%)]	Loss: 0.000666
Train Epoch: 31 [1600/9056 (18%)]	Loss: 0.000250
Train Epoch: 31 [2000/9056 (22%)]	Loss: 0.000125
Train Epoch: 31 [2400/9056 (26%)]	Loss: 0.000497
Train Epoch: 31 [2800/9056 (31%)]	Loss: 0.000112
Train Epoch: 31 [3200/9056 (35%)]	Loss: 0.000198
Train Epoch: 31 [3600/9056 (40%)]	Loss: 0.000434
Train Epoch: 31 [4000/9056 (44%)]	Loss: 0.000138
Train Epoch: 31 [4400/9056 (48%)]	Loss: 0.000033
Train Epoch: 31 [4800/9056 (53%)]	Loss: 0.000142
Train Epoch: 31 [5200/9056 (57%)]	Loss: 0.000022
Train Epoch: 31 [5600/9056 (62%)]	Loss: 0.000152
Train Epoch: 31 [6000/9056 (66%)]	Loss: 0.000444
Train Epoch: 31 [6400/9056 (70%)]	Loss: 0.000065
Train Epoch: 31 [6800/9056 (75%)]	Loss: 0.000077
Train Epoch: 31 [7200/9056 (79%)]	Loss: 0.000143
Train Epoch: 31 [7600/9056 (84%)]	Loss: 0.000178
Train Epoch: 31 [8000/9056 (88%)]	Loss: 0.000064
Train Epoch: 31 [8400/9056 (93%)]	Loss: 0.000750
Train Epoch: 31 [8800/9056 (97%)]	Loss: 0.000038
Test set: Average loss: 0.9739, Accuracy: 1853/2264 (81%)
Train Epoch: 32 [0/9056 (0%)]	Loss: 0.000067
Train Epoch: 32 [400/9056 (4%)]	Loss: 0.000161
Train Epoch: 32 [800/9056 (9%)]	Loss: 0.000195
Train Epoch: 32 [1200/9056 (13%)]	Loss: 0.001063
Train Epoch: 32 [1600/9056 (18%)]	Loss: 0.000329
Train Epoch: 32 [2000/9056 (22%)]	Loss: 0.000067
Train Epoch: 32 [2400/9056 (26%)]	Loss: 0.000200
Train Epoch: 32 [2800/9056 (31%)]	Loss: 0.000086
Train Epoch: 32 [3200/9056 (35%)]	Loss: 0.000169
Train Epoch: 32 [3600/9056 (40%)]	Loss: 0.000072
Train Epoch: 32 [4000/9056 (44%)]	Loss: 0.000067
Train Epoch: 32 [4400/9056 (48%)]	Loss: 0.000225
Train Epoch: 32 [4800/9056 (53%)]	Loss: 0.000101
Train Epoch: 32 [5200/9056 (57%)]	Loss: 0.000136
Train Epoch: 32 [5600/9056 (62%)]	Loss: 0.000030
Train Epoch: 32 [6000/9056 (66%)]	Loss: 0.000055
Train Epoch: 32 [6400/9056 (70%)]	Loss: 0.000085
Train Epoch: 32 [6800/9056 (75%)]	Loss: 0.000036
Train Epoch: 32 [7200/9056 (79%)]	Loss: 0.000202
Train Epoch: 32 [7600/9056 (84%)]	Loss: 0.000143
Train Epoch: 32 [8000/9056 (88%)]	Loss: 0.000021
Train Epoch: 32 [8400/9056 (93%)]	Loss: 0.000050
Train Epoch: 32 [8800/9056 (97%)]	Loss: 0.000056
Test set: Average loss: 1.1949, Accuracy: 1748/2264 (77%)
Train Epoch: 33 [0/9056 (0%)]	Loss: 0.000417
Train Epoch: 33 [400/9056 (4%)]	Loss: 0.001475
Train Epoch: 33 [800/9056 (9%)]	Loss: 0.000111
Train Epoch: 33 [1200/9056 (13%)]	Loss: 0.000054
Train Epoch: 33 [1600/9056 (18%)]	Loss: 0.000099
Train Epoch: 33 [2000/9056 (22%)]	Loss: 0.000084
Train Epoch: 33 [2400/9056 (26%)]	Loss: 0.000039
Train Epoch: 33 [2800/9056 (31%)]	Loss: 0.000192
Train Epoch: 33 [3200/9056 (35%)]	Loss: 0.000022
Train Epoch: 33 [3600/9056 (40%)]	Loss: 0.000354
Train Epoch: 33 [4000/9056 (44%)]	Loss: 0.000065
Train Epoch: 33 [4400/9056 (48%)]	Loss: 0.000413
Train Epoch: 33 [4800/9056 (53%)]	Loss: 0.000107
Train Epoch: 33 [5200/9056 (57%)]	Loss: 0.000861
Train Epoch: 33 [5600/9056 (62%)]	Loss: 0.000218
Train Epoch: 33 [6000/9056 (66%)]	Loss: 0.000039
Train Epoch: 33 [6400/9056 (70%)]	Loss: 0.000091
Train Epoch: 33 [6800/9056 (75%)]	Loss: 0.000054
Train Epoch: 33 [7200/9056 (79%)]	Loss: 0.000105
Train Epoch: 33 [7600/9056 (84%)]	Loss: 0.000101
Train Epoch: 33 [8000/9056 (88%)]	Loss: 0.000163
Train Epoch: 33 [8400/9056 (93%)]	Loss: 0.000133
Train Epoch: 33 [8800/9056 (97%)]	Loss: 0.000207
Test set: Average loss: 1.0496, Accuracy: 1818/2264 (80%)
Train Epoch: 34 [0/9056 (0%)]	Loss: 0.000079
Train Epoch: 34 [400/9056 (4%)]	Loss: 0.000084
Train Epoch: 34 [800/9056 (9%)]	Loss: 0.000055
Train Epoch: 34 [1200/9056 (13%)]	Loss: 0.000124
Train Epoch: 34 [1600/9056 (18%)]	Loss: 0.000547
Train Epoch: 34 [2000/9056 (22%)]	Loss: 0.000224
Train Epoch: 34 [2400/9056 (26%)]	Loss: 0.000492
Train Epoch: 34 [2800/9056 (31%)]	Loss: 0.000076
Train Epoch: 34 [3200/9056 (35%)]	Loss: 0.000259
Train Epoch: 34 [3600/9056 (40%)]	Loss: 0.000963
Train Epoch: 34 [4000/9056 (44%)]	Loss: 0.000286
Train Epoch: 34 [4400/9056 (48%)]	Loss: 0.000056
Train Epoch: 34 [4800/9056 (53%)]	Loss: 0.000379
Train Epoch: 34 [5200/9056 (57%)]	Loss: 0.000905
Train Epoch: 34 [5600/9056 (62%)]	Loss: 0.000143
Train Epoch: 34 [6000/9056 (66%)]	Loss: 0.000174
Train Epoch: 34 [6400/9056 (70%)]	Loss: 0.000101
Train Epoch: 34 [6800/9056 (75%)]	Loss: 0.000144
Train Epoch: 34 [7200/9056 (79%)]	Loss: 0.000067
Train Epoch: 34 [7600/9056 (84%)]	Loss: 0.008419
Train Epoch: 34 [8000/9056 (88%)]	Loss: 0.000120
Train Epoch: 34 [8400/9056 (93%)]	Loss: 0.000195
Train Epoch: 34 [8800/9056 (97%)]	Loss: 0.000436
Test set: Average loss: 0.9644, Accuracy: 1839/2264 (81%)
Train Epoch: 35 [0/9056 (0%)]	Loss: 0.000069
Train Epoch: 35 [400/9056 (4%)]	Loss: 0.000061
Train Epoch: 35 [800/9056 (9%)]	Loss: 0.000266
Train Epoch: 35 [1200/9056 (13%)]	Loss: 0.004184
Train Epoch: 35 [1600/9056 (18%)]	Loss: 0.000110
Train Epoch: 35 [2000/9056 (22%)]	Loss: 0.000064
Train Epoch: 35 [2400/9056 (26%)]	Loss: 0.002396
Train Epoch: 35 [2800/9056 (31%)]	Loss: 0.012506
Train Epoch: 35 [3200/9056 (35%)]	Loss: 0.000170
Train Epoch: 35 [3600/9056 (40%)]	Loss: 0.000091
Train Epoch: 35 [4000/9056 (44%)]	Loss: 0.000043
Train Epoch: 35 [4400/9056 (48%)]	Loss: 0.000022
Train Epoch: 35 [4800/9056 (53%)]	Loss: 0.000037
Train Epoch: 35 [5200/9056 (57%)]	Loss: 0.000221
Train Epoch: 35 [5600/9056 (62%)]	Loss: 0.000405
Train Epoch: 35 [6000/9056 (66%)]	Loss: 0.000205
Train Epoch: 35 [6400/9056 (70%)]	Loss: 0.001459
Train Epoch: 35 [6800/9056 (75%)]	Loss: 0.000240
Train Epoch: 35 [7200/9056 (79%)]	Loss: 0.000190
Train Epoch: 35 [7600/9056 (84%)]	Loss: 0.000097
Train Epoch: 35 [8000/9056 (88%)]	Loss: 0.000065
Train Epoch: 35 [8400/9056 (93%)]	Loss: 0.000068
Train Epoch: 35 [8800/9056 (97%)]	Loss: 0.000195
Test set: Average loss: 0.9643, Accuracy: 1849/2264 (81%)
Train Epoch: 36 [0/9056 (0%)]	Loss: 0.000085
Train Epoch: 36 [400/9056 (4%)]	Loss: 0.000283
Train Epoch: 36 [800/9056 (9%)]	Loss: 0.000344
Train Epoch: 36 [1200/9056 (13%)]	Loss: 0.000073
Train Epoch: 36 [1600/9056 (18%)]	Loss: 0.000187
Train Epoch: 36 [2000/9056 (22%)]	Loss: 0.000042
Train Epoch: 36 [2400/9056 (26%)]	Loss: 0.000090
Train Epoch: 36 [2800/9056 (31%)]	Loss: 0.000236
Train Epoch: 36 [3200/9056 (35%)]	Loss: 0.000098
Train Epoch: 36 [3600/9056 (40%)]	Loss: 0.000297
Train Epoch: 36 [4000/9056 (44%)]	Loss: 0.000295
Train Epoch: 36 [4400/9056 (48%)]	Loss: 0.000264
Train Epoch: 36 [4800/9056 (53%)]	Loss: 0.000912
Train Epoch: 36 [5200/9056 (57%)]	Loss: 0.000068
Train Epoch: 36 [5600/9056 (62%)]	Loss: 0.000143
Train Epoch: 36 [6000/9056 (66%)]	Loss: 0.000151
Train Epoch: 36 [6400/9056 (70%)]	Loss: 0.000119
Train Epoch: 36 [6800/9056 (75%)]	Loss: 0.001407
Train Epoch: 36 [7200/9056 (79%)]	Loss: 0.000155
Train Epoch: 36 [7600/9056 (84%)]	Loss: 0.000071
Train Epoch: 36 [8000/9056 (88%)]	Loss: 0.000854
Train Epoch: 36 [8400/9056 (93%)]	Loss: 0.000261
Train Epoch: 36 [8800/9056 (97%)]	Loss: 0.000165
Test set: Average loss: 0.9718, Accuracy: 1847/2264 (81%)
Train Epoch: 37 [0/9056 (0%)]	Loss: 0.001362
Train Epoch: 37 [400/9056 (4%)]	Loss: 0.000078
Train Epoch: 37 [800/9056 (9%)]	Loss: 0.000220
Train Epoch: 37 [1200/9056 (13%)]	Loss: 0.000173
Train Epoch: 37 [1600/9056 (18%)]	Loss: 0.000060
Train Epoch: 37 [2000/9056 (22%)]	Loss: 0.000135
Train Epoch: 37 [2400/9056 (26%)]	Loss: 0.000149
Train Epoch: 37 [2800/9056 (31%)]	Loss: 0.000272
Train Epoch: 37 [3200/9056 (35%)]	Loss: 0.000022
Train Epoch: 37 [3600/9056 (40%)]	Loss: 0.000101
Train Epoch: 37 [4000/9056 (44%)]	Loss: 0.000398
Train Epoch: 37 [4400/9056 (48%)]	Loss: 0.000068
Train Epoch: 37 [4800/9056 (53%)]	Loss: 0.000139
Train Epoch: 37 [5200/9056 (57%)]	Loss: 0.000278
Train Epoch: 37 [5600/9056 (62%)]	Loss: 0.000233
Train Epoch: 37 [6000/9056 (66%)]	Loss: 0.000077
Train Epoch: 37 [6400/9056 (70%)]	Loss: 0.000037
Train Epoch: 37 [6800/9056 (75%)]	Loss: 0.000123
Train Epoch: 37 [7200/9056 (79%)]	Loss: 0.000055
Train Epoch: 37 [7600/9056 (84%)]	Loss: 0.000310
Train Epoch: 37 [8000/9056 (88%)]	Loss: 0.000031
Train Epoch: 37 [8400/9056 (93%)]	Loss: 0.000061
Train Epoch: 37 [8800/9056 (97%)]	Loss: 0.000321
Test set: Average loss: 0.9815, Accuracy: 1851/2264 (81%)
Train Epoch: 38 [0/9056 (0%)]	Loss: 0.000063
Train Epoch: 38 [400/9056 (4%)]	Loss: 0.000196
Train Epoch: 38 [800/9056 (9%)]	Loss: 0.000107
Train Epoch: 38 [1200/9056 (13%)]	Loss: 0.000045
Train Epoch: 38 [1600/9056 (18%)]	Loss: 0.000098
Train Epoch: 38 [2000/9056 (22%)]	Loss: 0.000063
Train Epoch: 38 [2400/9056 (26%)]	Loss: 0.000051
Train Epoch: 38 [2800/9056 (31%)]	Loss: 0.000057
Train Epoch: 38 [3200/9056 (35%)]	Loss: 0.000057
Train Epoch: 38 [3600/9056 (40%)]	Loss: 0.000107
Train Epoch: 38 [4000/9056 (44%)]	Loss: 0.000050
Train Epoch: 38 [4400/9056 (48%)]	Loss: 0.001355
Train Epoch: 38 [4800/9056 (53%)]	Loss: 0.000084
Train Epoch: 38 [5200/9056 (57%)]	Loss: 0.000182
Train Epoch: 38 [5600/9056 (62%)]	Loss: 0.000017
Train Epoch: 38 [6000/9056 (66%)]	Loss: 0.008706
Train Epoch: 38 [6400/9056 (70%)]	Loss: 0.000137
Train Epoch: 38 [6800/9056 (75%)]	Loss: 0.000127
Train Epoch: 38 [7200/9056 (79%)]	Loss: 0.000069
Train Epoch: 38 [7600/9056 (84%)]	Loss: 0.000036
Train Epoch: 38 [8000/9056 (88%)]	Loss: 0.000100
Train Epoch: 38 [8400/9056 (93%)]	Loss: 0.000055
Train Epoch: 38 [8800/9056 (97%)]	Loss: 0.000143
Test set: Average loss: 1.2093, Accuracy: 1729/2264 (76%)
Train Epoch: 39 [0/9056 (0%)]	Loss: 0.000690
Train Epoch: 39 [400/9056 (4%)]	Loss: 0.000253
Train Epoch: 39 [800/9056 (9%)]	Loss: 0.000483
Train Epoch: 39 [1200/9056 (13%)]	Loss: 0.000142
Train Epoch: 39 [1600/9056 (18%)]	Loss: 0.000136
Train Epoch: 39 [2000/9056 (22%)]	Loss: 0.000064
Train Epoch: 39 [2400/9056 (26%)]	Loss: 0.000454
Train Epoch: 39 [2800/9056 (31%)]	Loss: 0.000084
Train Epoch: 39 [3200/9056 (35%)]	Loss: 0.000353
Train Epoch: 39 [3600/9056 (40%)]	Loss: 0.000046
Train Epoch: 39 [4000/9056 (44%)]	Loss: 0.000085
Train Epoch: 39 [4400/9056 (48%)]	Loss: 0.000314
Train Epoch: 39 [4800/9056 (53%)]	Loss: 0.000037
Train Epoch: 39 [5200/9056 (57%)]	Loss: 0.000086
Train Epoch: 39 [5600/9056 (62%)]	Loss: 0.000084
Train Epoch: 39 [6000/9056 (66%)]	Loss: 0.000930
Train Epoch: 39 [6400/9056 (70%)]	Loss: 0.000106
Train Epoch: 39 [6800/9056 (75%)]	Loss: 0.000045
Train Epoch: 39 [7200/9056 (79%)]	Loss: 0.000134
Train Epoch: 39 [7600/9056 (84%)]	Loss: 0.000153
Train Epoch: 39 [8000/9056 (88%)]	Loss: 0.000155
Train Epoch: 39 [8400/9056 (93%)]	Loss: 0.000105
Train Epoch: 39 [8800/9056 (97%)]	Loss: 0.000062
Test set: Average loss: 1.1458, Accuracy: 1795/2264 (79%)
Train Epoch: 40 [0/9056 (0%)]	Loss: 0.000047
Train Epoch: 40 [400/9056 (4%)]	Loss: 0.000060
Train Epoch: 40 [800/9056 (9%)]	Loss: 0.000027
Train Epoch: 40 [1200/9056 (13%)]	Loss: 0.000164
Train Epoch: 40 [1600/9056 (18%)]	Loss: 0.000024
Train Epoch: 40 [2000/9056 (22%)]	Loss: 0.000066
Train Epoch: 40 [2400/9056 (26%)]	Loss: 0.000091
Train Epoch: 40 [2800/9056 (31%)]	Loss: 0.000870
Train Epoch: 40 [3200/9056 (35%)]	Loss: 0.000333
Train Epoch: 40 [3600/9056 (40%)]	Loss: 0.000617
Train Epoch: 40 [4000/9056 (44%)]	Loss: 0.000143
Train Epoch: 40 [4400/9056 (48%)]	Loss: 0.000065
Train Epoch: 40 [4800/9056 (53%)]	Loss: 0.000336
Train Epoch: 40 [5200/9056 (57%)]	Loss: 0.000044
Train Epoch: 40 [5600/9056 (62%)]	Loss: 0.000066
Train Epoch: 40 [6000/9056 (66%)]	Loss: 0.000272
Train Epoch: 40 [6400/9056 (70%)]	Loss: 0.000028
Train Epoch: 40 [6800/9056 (75%)]	Loss: 0.000714
Train Epoch: 40 [7200/9056 (79%)]	Loss: 0.000497
Train Epoch: 40 [7600/9056 (84%)]	Loss: 0.000348
Train Epoch: 40 [8000/9056 (88%)]	Loss: 0.000051
Train Epoch: 40 [8400/9056 (93%)]	Loss: 0.000166
Train Epoch: 40 [8800/9056 (97%)]	Loss: 0.000339
Test set: Average loss: 1.1813, Accuracy: 1778/2264 (78%)
Train Epoch: 41 [0/9056 (0%)]	Loss: 0.000131
Train Epoch: 41 [400/9056 (4%)]	Loss: 0.000039
Train Epoch: 41 [800/9056 (9%)]	Loss: 0.000240
Train Epoch: 41 [1200/9056 (13%)]	Loss: 0.000204
Train Epoch: 41 [1600/9056 (18%)]	Loss: 0.000072
Train Epoch: 41 [2000/9056 (22%)]	Loss: 0.000127
Train Epoch: 41 [2400/9056 (26%)]	Loss: 0.000121
Train Epoch: 41 [2800/9056 (31%)]	Loss: 0.000311
Train Epoch: 41 [3200/9056 (35%)]	Loss: 0.000356
Train Epoch: 41 [3600/9056 (40%)]	Loss: 0.000377
Train Epoch: 41 [4000/9056 (44%)]	Loss: 0.000585
Train Epoch: 41 [4400/9056 (48%)]	Loss: 0.000072
Train Epoch: 41 [4800/9056 (53%)]	Loss: 0.000063
Train Epoch: 41 [5200/9056 (57%)]	Loss: 0.000714
Train Epoch: 41 [5600/9056 (62%)]	Loss: 0.000017
Train Epoch: 41 [6000/9056 (66%)]	Loss: 0.000066
Train Epoch: 41 [6400/9056 (70%)]	Loss: 0.000327
Train Epoch: 41 [6800/9056 (75%)]	Loss: 0.000327
Train Epoch: 41 [7200/9056 (79%)]	Loss: 0.000433
Train Epoch: 41 [7600/9056 (84%)]	Loss: 0.000067
Train Epoch: 41 [8000/9056 (88%)]	Loss: 0.000096
Train Epoch: 41 [8400/9056 (93%)]	Loss: 0.000028
Train Epoch: 41 [8800/9056 (97%)]	Loss: 0.000047
Test set: Average loss: 0.9931, Accuracy: 1842/2264 (81%)
Train Epoch: 42 [0/9056 (0%)]	Loss: 0.000511
Train Epoch: 42 [400/9056 (4%)]	Loss: 0.000041
Train Epoch: 42 [800/9056 (9%)]	Loss: 0.000168
Train Epoch: 42 [1200/9056 (13%)]	Loss: 0.000046
Train Epoch: 42 [1600/9056 (18%)]	Loss: 0.000416
Train Epoch: 42 [2000/9056 (22%)]	Loss: 0.000129
Train Epoch: 42 [2400/9056 (26%)]	Loss: 0.000205
Train Epoch: 42 [2800/9056 (31%)]	Loss: 0.000247
Train Epoch: 42 [3200/9056 (35%)]	Loss: 0.000020
Train Epoch: 42 [3600/9056 (40%)]	Loss: 0.001443
Train Epoch: 42 [4000/9056 (44%)]	Loss: 0.000076
Train Epoch: 42 [4400/9056 (48%)]	Loss: 0.000047
Train Epoch: 42 [4800/9056 (53%)]	Loss: 0.000345
Train Epoch: 42 [5200/9056 (57%)]	Loss: 0.000246
Train Epoch: 42 [5600/9056 (62%)]	Loss: 0.000866
Train Epoch: 42 [6000/9056 (66%)]	Loss: 0.000041
Train Epoch: 42 [6400/9056 (70%)]	Loss: 0.000255
Train Epoch: 42 [6800/9056 (75%)]	Loss: 0.000629
Train Epoch: 42 [7200/9056 (79%)]	Loss: 0.000335
Train Epoch: 42 [7600/9056 (84%)]	Loss: 0.000026
Train Epoch: 42 [8000/9056 (88%)]	Loss: 0.000134
Train Epoch: 42 [8400/9056 (93%)]	Loss: 0.000039
Train Epoch: 42 [8800/9056 (97%)]	Loss: 0.000071
Test set: Average loss: 1.0121, Accuracy: 1837/2264 (81%)
Train Epoch: 43 [0/9056 (0%)]	Loss: 0.000156
Train Epoch: 43 [400/9056 (4%)]	Loss: 0.000674
Train Epoch: 43 [800/9056 (9%)]	Loss: 0.000096
Train Epoch: 43 [1200/9056 (13%)]	Loss: 0.000063
Train Epoch: 43 [1600/9056 (18%)]	Loss: 0.000190
Train Epoch: 43 [2000/9056 (22%)]	Loss: 0.000021
Train Epoch: 43 [2400/9056 (26%)]	Loss: 0.000145
Train Epoch: 43 [2800/9056 (31%)]	Loss: 0.000204
Train Epoch: 43 [3200/9056 (35%)]	Loss: 0.000059
Train Epoch: 43 [3600/9056 (40%)]	Loss: 0.000439
Train Epoch: 43 [4000/9056 (44%)]	Loss: 0.000169
Train Epoch: 43 [4400/9056 (48%)]	Loss: 0.000014
Train Epoch: 43 [4800/9056 (53%)]	Loss: 0.000085
Train Epoch: 43 [5200/9056 (57%)]	Loss: 0.000092
Train Epoch: 43 [5600/9056 (62%)]	Loss: 0.000148
Train Epoch: 43 [6000/9056 (66%)]	Loss: 0.000121
Train Epoch: 43 [6400/9056 (70%)]	Loss: 0.000269
Train Epoch: 43 [6800/9056 (75%)]	Loss: 0.000317
Train Epoch: 43 [7200/9056 (79%)]	Loss: 0.000041
Train Epoch: 43 [7600/9056 (84%)]	Loss: 0.000128
Train Epoch: 43 [8000/9056 (88%)]	Loss: 0.000052
Train Epoch: 43 [8400/9056 (93%)]	Loss: 0.000009
Train Epoch: 43 [8800/9056 (97%)]	Loss: 0.000159
Test set: Average loss: 1.0068, Accuracy: 1848/2264 (81%)
Train Epoch: 44 [0/9056 (0%)]	Loss: 0.000045
Train Epoch: 44 [400/9056 (4%)]	Loss: 0.000038
Train Epoch: 44 [800/9056 (9%)]	Loss: 0.000483
Train Epoch: 44 [1200/9056 (13%)]	Loss: 0.000093
Train Epoch: 44 [1600/9056 (18%)]	Loss: 0.000041
Train Epoch: 44 [2000/9056 (22%)]	Loss: 0.000096
Train Epoch: 44 [2400/9056 (26%)]	Loss: 0.000698
Train Epoch: 44 [2800/9056 (31%)]	Loss: 0.000589
Train Epoch: 44 [3200/9056 (35%)]	Loss: 0.000120
Train Epoch: 44 [3600/9056 (40%)]	Loss: 0.000166
Train Epoch: 44 [4000/9056 (44%)]	Loss: 0.000078
Train Epoch: 44 [4400/9056 (48%)]	Loss: 0.000018
Train Epoch: 44 [4800/9056 (53%)]	Loss: 0.000134
Train Epoch: 44 [5200/9056 (57%)]	Loss: 0.000098
Train Epoch: 44 [5600/9056 (62%)]	Loss: 0.000183
Train Epoch: 44 [6000/9056 (66%)]	Loss: 0.000152
Train Epoch: 44 [6400/9056 (70%)]	Loss: 0.000035
Train Epoch: 44 [6800/9056 (75%)]	Loss: 0.000074
Train Epoch: 44 [7200/9056 (79%)]	Loss: 0.000104
Train Epoch: 44 [7600/9056 (84%)]	Loss: 0.000050
Train Epoch: 44 [8000/9056 (88%)]	Loss: 0.000041
Train Epoch: 44 [8400/9056 (93%)]	Loss: 0.000033
Train Epoch: 44 [8800/9056 (97%)]	Loss: 0.000072
Test set: Average loss: 1.0279, Accuracy: 1847/2264 (81%)
Train Epoch: 45 [0/9056 (0%)]	Loss: 0.000228
Train Epoch: 45 [400/9056 (4%)]	Loss: 0.000104
Train Epoch: 45 [800/9056 (9%)]	Loss: 0.000074
Train Epoch: 45 [1200/9056 (13%)]	Loss: 0.000064
Train Epoch: 45 [1600/9056 (18%)]	Loss: 0.000335
Train Epoch: 45 [2000/9056 (22%)]	Loss: 0.000120
Train Epoch: 45 [2400/9056 (26%)]	Loss: 0.000168
Train Epoch: 45 [2800/9056 (31%)]	Loss: 0.000036
Train Epoch: 45 [3200/9056 (35%)]	Loss: 0.000063
Train Epoch: 45 [3600/9056 (40%)]	Loss: 0.000324
Train Epoch: 45 [4000/9056 (44%)]	Loss: 0.000594
Train Epoch: 45 [4400/9056 (48%)]	Loss: 0.000153
Train Epoch: 45 [4800/9056 (53%)]	Loss: 0.000347
Train Epoch: 45 [5200/9056 (57%)]	Loss: 0.000100
Train Epoch: 45 [5600/9056 (62%)]	Loss: 0.000032
Train Epoch: 45 [6000/9056 (66%)]	Loss: 0.000230
Train Epoch: 45 [6400/9056 (70%)]	Loss: 0.000697
Train Epoch: 45 [6800/9056 (75%)]	Loss: 0.000037
Train Epoch: 45 [7200/9056 (79%)]	Loss: 0.000113
Train Epoch: 45 [7600/9056 (84%)]	Loss: 0.000140
Train Epoch: 45 [8000/9056 (88%)]	Loss: 0.000036
Train Epoch: 45 [8400/9056 (93%)]	Loss: 0.000131
Train Epoch: 45 [8800/9056 (97%)]	Loss: 0.000074
Test set: Average loss: 1.0057, Accuracy: 1851/2264 (81%)
Train Epoch: 46 [0/9056 (0%)]	Loss: 0.000174
Train Epoch: 46 [400/9056 (4%)]	Loss: 0.000223
Train Epoch: 46 [800/9056 (9%)]	Loss: 0.000266
Train Epoch: 46 [1200/9056 (13%)]	Loss: 0.000107
Train Epoch: 46 [1600/9056 (18%)]	Loss: 0.000267
Train Epoch: 46 [2000/9056 (22%)]	Loss: 0.000078
Train Epoch: 46 [2400/9056 (26%)]	Loss: 0.000178
Train Epoch: 46 [2800/9056 (31%)]	Loss: 0.000028
Train Epoch: 46 [3200/9056 (35%)]	Loss: 0.000097
Train Epoch: 46 [3600/9056 (40%)]	Loss: 0.000063
Train Epoch: 46 [4000/9056 (44%)]	Loss: 0.000247
Train Epoch: 46 [4400/9056 (48%)]	Loss: 0.000041
Train Epoch: 46 [4800/9056 (53%)]	Loss: 0.000076
Train Epoch: 46 [5200/9056 (57%)]	Loss: 0.000174
Train Epoch: 46 [5600/9056 (62%)]	Loss: 0.000096
Train Epoch: 46 [6000/9056 (66%)]	Loss: 0.000094
Train Epoch: 46 [6400/9056 (70%)]	Loss: 0.000023
Train Epoch: 46 [6800/9056 (75%)]	Loss: 0.000070
Train Epoch: 46 [7200/9056 (79%)]	Loss: 0.000689
Train Epoch: 46 [7600/9056 (84%)]	Loss: 0.000061
Train Epoch: 46 [8000/9056 (88%)]	Loss: 0.000027
Train Epoch: 46 [8400/9056 (93%)]	Loss: 0.000094
Train Epoch: 46 [8800/9056 (97%)]	Loss: 0.000228
Test set: Average loss: 0.9869, Accuracy: 1845/2264 (81%)
Train Epoch: 47 [0/9056 (0%)]	Loss: 0.000104
Train Epoch: 47 [400/9056 (4%)]	Loss: 0.000027
Train Epoch: 47 [800/9056 (9%)]	Loss: 0.000402
Train Epoch: 47 [1200/9056 (13%)]	Loss: 0.000042
Train Epoch: 47 [1600/9056 (18%)]	Loss: 0.000066
Train Epoch: 47 [2000/9056 (22%)]	Loss: 0.000088
Train Epoch: 47 [2400/9056 (26%)]	Loss: 0.000085
Train Epoch: 47 [2800/9056 (31%)]	Loss: 0.000150
Train Epoch: 47 [3200/9056 (35%)]	Loss: 0.000054
Train Epoch: 47 [3600/9056 (40%)]	Loss: 0.000046
Train Epoch: 47 [4000/9056 (44%)]	Loss: 0.000145
Train Epoch: 47 [4400/9056 (48%)]	Loss: 0.000025
Train Epoch: 47 [4800/9056 (53%)]	Loss: 0.000021
Train Epoch: 47 [5200/9056 (57%)]	Loss: 0.000070
Train Epoch: 47 [5600/9056 (62%)]	Loss: 0.000138
Train Epoch: 47 [6000/9056 (66%)]	Loss: 0.000020
Train Epoch: 47 [6400/9056 (70%)]	Loss: 0.000037
Train Epoch: 47 [6800/9056 (75%)]	Loss: 0.000024
Train Epoch: 47 [7200/9056 (79%)]	Loss: 0.000098
Train Epoch: 47 [7600/9056 (84%)]	Loss: 0.000603
Train Epoch: 47 [8000/9056 (88%)]	Loss: 0.000059
Train Epoch: 47 [8400/9056 (93%)]	Loss: 0.000502
Train Epoch: 47 [8800/9056 (97%)]	Loss: 0.000071
Test set: Average loss: 0.9863, Accuracy: 1846/2264 (81%)
Train Epoch: 48 [0/9056 (0%)]	Loss: 0.000122
Train Epoch: 48 [400/9056 (4%)]	Loss: 0.000017
Train Epoch: 48 [800/9056 (9%)]	Loss: 0.000671
Train Epoch: 48 [1200/9056 (13%)]	Loss: 0.000057
Train Epoch: 48 [1600/9056 (18%)]	Loss: 0.000125
Train Epoch: 48 [2000/9056 (22%)]	Loss: 0.000160
Train Epoch: 48 [2400/9056 (26%)]	Loss: 0.000122
Train Epoch: 48 [2800/9056 (31%)]	Loss: 0.000016
Train Epoch: 48 [3200/9056 (35%)]	Loss: 0.000351
Train Epoch: 48 [3600/9056 (40%)]	Loss: 0.000056
Train Epoch: 48 [4000/9056 (44%)]	Loss: 0.000613
Train Epoch: 48 [4400/9056 (48%)]	Loss: 0.000026
Train Epoch: 48 [4800/9056 (53%)]	Loss: 0.000051
Train Epoch: 48 [5200/9056 (57%)]	Loss: 0.000024
Train Epoch: 48 [5600/9056 (62%)]	Loss: 0.000034
Train Epoch: 48 [6000/9056 (66%)]	Loss: 0.000014
Train Epoch: 48 [6400/9056 (70%)]	Loss: 0.000123
Train Epoch: 48 [6800/9056 (75%)]	Loss: 0.000017
Train Epoch: 48 [7200/9056 (79%)]	Loss: 0.000021
Train Epoch: 48 [7600/9056 (84%)]	Loss: 0.002453
Train Epoch: 48 [8000/9056 (88%)]	Loss: 0.000062
Train Epoch: 48 [8400/9056 (93%)]	Loss: 0.000336
Train Epoch: 48 [8800/9056 (97%)]	Loss: 0.000100
Test set: Average loss: 0.9864, Accuracy: 1853/2264 (81%)
Train Epoch: 49 [0/9056 (0%)]	Loss: 0.000053
Train Epoch: 49 [400/9056 (4%)]	Loss: 0.000595
Train Epoch: 49 [800/9056 (9%)]	Loss: 0.000068
Train Epoch: 49 [1200/9056 (13%)]	Loss: 0.000103
Train Epoch: 49 [1600/9056 (18%)]	Loss: 0.000109
Train Epoch: 49 [2000/9056 (22%)]	Loss: 0.000038
Train Epoch: 49 [2400/9056 (26%)]	Loss: 0.000112
Train Epoch: 49 [2800/9056 (31%)]	Loss: 0.000024
Train Epoch: 49 [3200/9056 (35%)]	Loss: 0.000896
Train Epoch: 49 [3600/9056 (40%)]	Loss: 0.000026
Train Epoch: 49 [4000/9056 (44%)]	Loss: 0.000028
Train Epoch: 49 [4400/9056 (48%)]	Loss: 0.000056
Train Epoch: 49 [4800/9056 (53%)]	Loss: 0.000120
Train Epoch: 49 [5200/9056 (57%)]	Loss: 0.000058
Train Epoch: 49 [5600/9056 (62%)]	Loss: 0.000025
Train Epoch: 49 [6000/9056 (66%)]	Loss: 0.000107
Train Epoch: 49 [6400/9056 (70%)]	Loss: 0.000041
Train Epoch: 49 [6800/9056 (75%)]	Loss: 0.000035
Train Epoch: 49 [7200/9056 (79%)]	Loss: 0.002716
Train Epoch: 49 [7600/9056 (84%)]	Loss: 0.000567
Train Epoch: 49 [8000/9056 (88%)]	Loss: 0.000308
Train Epoch: 49 [8400/9056 (93%)]	Loss: 0.000165
Train Epoch: 49 [8800/9056 (97%)]	Loss: 0.000074
Test set: Average loss: 0.9968, Accuracy: 1850/2264 (81%)
Train Epoch: 50 [0/9056 (0%)]	Loss: 0.000013
Train Epoch: 50 [400/9056 (4%)]	Loss: 0.000017
Train Epoch: 50 [800/9056 (9%)]	Loss: 0.000062
Train Epoch: 50 [1200/9056 (13%)]	Loss: 0.000032
Train Epoch: 50 [1600/9056 (18%)]	Loss: 0.000088
Train Epoch: 50 [2000/9056 (22%)]	Loss: 0.000023
Train Epoch: 50 [2400/9056 (26%)]	Loss: 0.000032
Train Epoch: 50 [2800/9056 (31%)]	Loss: 0.000062
Train Epoch: 50 [3200/9056 (35%)]	Loss: 0.000271
Train Epoch: 50 [3600/9056 (40%)]	Loss: 0.000195
Train Epoch: 50 [4000/9056 (44%)]	Loss: 0.000241
Train Epoch: 50 [4400/9056 (48%)]	Loss: 0.000031
Train Epoch: 50 [4800/9056 (53%)]	Loss: 0.000127
Train Epoch: 50 [5200/9056 (57%)]	Loss: 0.007510
Train Epoch: 50 [5600/9056 (62%)]	Loss: 0.000053
Train Epoch: 50 [6000/9056 (66%)]	Loss: 0.000018
Train Epoch: 50 [6400/9056 (70%)]	Loss: 0.000022
Train Epoch: 50 [6800/9056 (75%)]	Loss: 0.000031
Train Epoch: 50 [7200/9056 (79%)]	Loss: 0.000119
Train Epoch: 50 [7600/9056 (84%)]	Loss: 0.000056
Train Epoch: 50 [8000/9056 (88%)]	Loss: 0.000182
Train Epoch: 50 [8400/9056 (93%)]	Loss: 0.000063
Train Epoch: 50 [8800/9056 (97%)]	Loss: 0.000010
Test set: Average loss: 0.9845, Accuracy: 1856/2264 (81%)
Train Epoch: 51 [0/9056 (0%)]	Loss: 0.000152
Train Epoch: 51 [400/9056 (4%)]	Loss: 0.000027
Train Epoch: 51 [800/9056 (9%)]	Loss: 0.000191
Train Epoch: 51 [1200/9056 (13%)]	Loss: 0.000012
Train Epoch: 51 [1600/9056 (18%)]	Loss: 0.000123
Train Epoch: 51 [2000/9056 (22%)]	Loss: 0.000169
Train Epoch: 51 [2400/9056 (26%)]	Loss: 0.000080
Train Epoch: 51 [2800/9056 (31%)]	Loss: 0.000163
Train Epoch: 51 [3200/9056 (35%)]	Loss: 0.000284
Train Epoch: 51 [3600/9056 (40%)]	Loss: 0.000102
Train Epoch: 51 [4000/9056 (44%)]	Loss: 0.000031
Train Epoch: 51 [4400/9056 (48%)]	Loss: 0.000034
Train Epoch: 51 [4800/9056 (53%)]	Loss: 0.000099
Train Epoch: 51 [5200/9056 (57%)]	Loss: 0.000061
Train Epoch: 51 [5600/9056 (62%)]	Loss: 0.000240
Train Epoch: 51 [6000/9056 (66%)]	Loss: 0.000023
Train Epoch: 51 [6400/9056 (70%)]	Loss: 0.000073
Train Epoch: 51 [6800/9056 (75%)]	Loss: 0.000037
Train Epoch: 51 [7200/9056 (79%)]	Loss: 0.000054
Train Epoch: 51 [7600/9056 (84%)]	Loss: 0.000108
Train Epoch: 51 [8000/9056 (88%)]	Loss: 0.000055
Train Epoch: 51 [8400/9056 (93%)]	Loss: 0.000053
Train Epoch: 51 [8800/9056 (97%)]	Loss: 0.000023
Test set: Average loss: 1.0083, Accuracy: 1842/2264 (81%)
Train Epoch: 52 [0/9056 (0%)]	Loss: 0.000015
Train Epoch: 52 [400/9056 (4%)]	Loss: 0.000021
Train Epoch: 52 [800/9056 (9%)]	Loss: 0.000018
Train Epoch: 52 [1200/9056 (13%)]	Loss: 0.000035
Train Epoch: 52 [1600/9056 (18%)]	Loss: 0.000012
Train Epoch: 52 [2000/9056 (22%)]	Loss: 0.000081
Train Epoch: 52 [2400/9056 (26%)]	Loss: 0.000288
Train Epoch: 52 [2800/9056 (31%)]	Loss: 0.000523
Train Epoch: 52 [3200/9056 (35%)]	Loss: 0.000020
Train Epoch: 52 [3600/9056 (40%)]	Loss: 0.000231
Train Epoch: 52 [4000/9056 (44%)]	Loss: 0.000059
Train Epoch: 52 [4400/9056 (48%)]	Loss: 0.000065
Train Epoch: 52 [4800/9056 (53%)]	Loss: 0.000030
Train Epoch: 52 [5200/9056 (57%)]	Loss: 0.000115
Train Epoch: 52 [5600/9056 (62%)]	Loss: 0.000082
Train Epoch: 52 [6000/9056 (66%)]	Loss: 0.000122
Train Epoch: 52 [6400/9056 (70%)]	Loss: 0.000188
Train Epoch: 52 [6800/9056 (75%)]	Loss: 0.000060
Train Epoch: 52 [7200/9056 (79%)]	Loss: 0.000064
Train Epoch: 52 [7600/9056 (84%)]	Loss: 0.000068
Train Epoch: 52 [8000/9056 (88%)]	Loss: 0.000008
Train Epoch: 52 [8400/9056 (93%)]	Loss: 0.000026
Train Epoch: 52 [8800/9056 (97%)]	Loss: 0.000491
Test set: Average loss: 1.0071, Accuracy: 1854/2264 (81%)
Train Epoch: 53 [0/9056 (0%)]	Loss: 0.000041
Train Epoch: 53 [400/9056 (4%)]	Loss: 0.000039
Train Epoch: 53 [800/9056 (9%)]	Loss: 0.000162
Train Epoch: 53 [1200/9056 (13%)]	Loss: 0.000294
Train Epoch: 53 [1600/9056 (18%)]	Loss: 0.000025
Train Epoch: 53 [2000/9056 (22%)]	Loss: 0.000058
Train Epoch: 53 [2400/9056 (26%)]	Loss: 0.000092
Train Epoch: 53 [2800/9056 (31%)]	Loss: 0.000060
Train Epoch: 53 [3200/9056 (35%)]	Loss: 0.000159
Train Epoch: 53 [3600/9056 (40%)]	Loss: 0.000016
Train Epoch: 53 [4000/9056 (44%)]	Loss: 0.000013
Train Epoch: 53 [4400/9056 (48%)]	Loss: 0.000014
Train Epoch: 53 [4800/9056 (53%)]	Loss: 0.000171
Train Epoch: 53 [5200/9056 (57%)]	Loss: 0.000087
Train Epoch: 53 [5600/9056 (62%)]	Loss: 0.000477
Train Epoch: 53 [6000/9056 (66%)]	Loss: 0.000051
Train Epoch: 53 [6400/9056 (70%)]	Loss: 0.000052
Train Epoch: 53 [6800/9056 (75%)]	Loss: 0.000042
Train Epoch: 53 [7200/9056 (79%)]	Loss: 0.000028
Train Epoch: 53 [7600/9056 (84%)]	Loss: 0.000062
Train Epoch: 53 [8000/9056 (88%)]	Loss: 0.000022
Train Epoch: 53 [8400/9056 (93%)]	Loss: 0.000023
Train Epoch: 53 [8800/9056 (97%)]	Loss: 0.000013
Test set: Average loss: 1.4254, Accuracy: 1650/2264 (72%)
Train Epoch: 54 [0/9056 (0%)]	Loss: 0.000132
Train Epoch: 54 [400/9056 (4%)]	Loss: 0.000104
Train Epoch: 54 [800/9056 (9%)]	Loss: 0.000162
Train Epoch: 54 [1200/9056 (13%)]	Loss: 0.000048
Train Epoch: 54 [1600/9056 (18%)]	Loss: 0.000062
Train Epoch: 54 [2000/9056 (22%)]	Loss: 0.000142
Train Epoch: 54 [2400/9056 (26%)]	Loss: 0.000025
Train Epoch: 54 [2800/9056 (31%)]	Loss: 0.000046
Train Epoch: 54 [3200/9056 (35%)]	Loss: 0.000121
Train Epoch: 54 [3600/9056 (40%)]	Loss: 0.000027
Train Epoch: 54 [4000/9056 (44%)]	Loss: 0.000039
Train Epoch: 54 [4400/9056 (48%)]	Loss: 0.000135
Train Epoch: 54 [4800/9056 (53%)]	Loss: 0.000021
Train Epoch: 54 [5200/9056 (57%)]	Loss: 0.000100
Train Epoch: 54 [5600/9056 (62%)]	Loss: 0.000040
Train Epoch: 54 [6000/9056 (66%)]	Loss: 0.000013
Train Epoch: 54 [6400/9056 (70%)]	Loss: 0.000038
Train Epoch: 54 [6800/9056 (75%)]	Loss: 0.000063
Train Epoch: 54 [7200/9056 (79%)]	Loss: 0.000063
Train Epoch: 54 [7600/9056 (84%)]	Loss: 0.000091
Train Epoch: 54 [8000/9056 (88%)]	Loss: 0.000041
Train Epoch: 54 [8400/9056 (93%)]	Loss: 0.001126
Train Epoch: 54 [8800/9056 (97%)]	Loss: 0.000052
Test set: Average loss: 1.0042, Accuracy: 1860/2264 (82%)
Train Epoch: 55 [0/9056 (0%)]	Loss: 0.000276
Train Epoch: 55 [400/9056 (4%)]	Loss: 0.000010
Train Epoch: 55 [800/9056 (9%)]	Loss: 0.000019
Train Epoch: 55 [1200/9056 (13%)]	Loss: 0.000360
Train Epoch: 55 [1600/9056 (18%)]	Loss: 0.000078
Train Epoch: 55 [2000/9056 (22%)]	Loss: 0.000014
Train Epoch: 55 [2400/9056 (26%)]	Loss: 0.000340
Train Epoch: 55 [2800/9056 (31%)]	Loss: 0.000045
Train Epoch: 55 [3200/9056 (35%)]	Loss: 0.000029
Train Epoch: 55 [3600/9056 (40%)]	Loss: 0.000025
Train Epoch: 55 [4000/9056 (44%)]	Loss: 0.000018
Train Epoch: 55 [4400/9056 (48%)]	Loss: 0.000015
Train Epoch: 55 [4800/9056 (53%)]	Loss: 0.000033
Train Epoch: 55 [5200/9056 (57%)]	Loss: 0.000034
Train Epoch: 55 [5600/9056 (62%)]	Loss: 0.000046
Train Epoch: 55 [6000/9056 (66%)]	Loss: 0.000015
Train Epoch: 55 [6400/9056 (70%)]	Loss: 0.000194
Train Epoch: 55 [6800/9056 (75%)]	Loss: 0.000031
Train Epoch: 55 [7200/9056 (79%)]	Loss: 0.000233
Train Epoch: 55 [7600/9056 (84%)]	Loss: 0.000037
Train Epoch: 55 [8000/9056 (88%)]	Loss: 0.000103
Train Epoch: 55 [8400/9056 (93%)]	Loss: 0.000017
Train Epoch: 55 [8800/9056 (97%)]	Loss: 0.000037
Test set: Average loss: 1.0183, Accuracy: 1853/2264 (81%)
Train Epoch: 56 [0/9056 (0%)]	Loss: 0.000032
Train Epoch: 56 [400/9056 (4%)]	Loss: 0.000025
Train Epoch: 56 [800/9056 (9%)]	Loss: 0.000049
Train Epoch: 56 [1200/9056 (13%)]	Loss: 0.000134
Train Epoch: 56 [1600/9056 (18%)]	Loss: 0.000166
Train Epoch: 56 [2000/9056 (22%)]	Loss: 0.000023
Train Epoch: 56 [2400/9056 (26%)]	Loss: 0.000055
Train Epoch: 56 [2800/9056 (31%)]	Loss: 0.000116
Train Epoch: 56 [3200/9056 (35%)]	Loss: 0.000188
Train Epoch: 56 [3600/9056 (40%)]	Loss: 0.000038
Train Epoch: 56 [4000/9056 (44%)]	Loss: 0.000292
Train Epoch: 56 [4400/9056 (48%)]	Loss: 0.000672
Train Epoch: 56 [4800/9056 (53%)]	Loss: 0.000134
Train Epoch: 56 [5200/9056 (57%)]	Loss: 0.000222
Train Epoch: 56 [5600/9056 (62%)]	Loss: 0.000068
Train Epoch: 56 [6000/9056 (66%)]	Loss: 0.000061
Train Epoch: 56 [6400/9056 (70%)]	Loss: 0.000037
Train Epoch: 56 [6800/9056 (75%)]	Loss: 0.000245
Train Epoch: 56 [7200/9056 (79%)]	Loss: 0.000135
Train Epoch: 56 [7600/9056 (84%)]	Loss: 0.000046
Train Epoch: 56 [8000/9056 (88%)]	Loss: 0.000023
Train Epoch: 56 [8400/9056 (93%)]	Loss: 0.000143
Train Epoch: 56 [8800/9056 (97%)]	Loss: 0.000021
Test set: Average loss: 1.0059, Accuracy: 1859/2264 (82%)
Train Epoch: 57 [0/9056 (0%)]	Loss: 0.000036
Train Epoch: 57 [400/9056 (4%)]	Loss: 0.000067
Train Epoch: 57 [800/9056 (9%)]	Loss: 0.000019
Train Epoch: 57 [1200/9056 (13%)]	Loss: 0.000013
Train Epoch: 57 [1600/9056 (18%)]	Loss: 0.000116
Train Epoch: 57 [2000/9056 (22%)]	Loss: 0.000060
Train Epoch: 57 [2400/9056 (26%)]	Loss: 0.000039
Train Epoch: 57 [2800/9056 (31%)]	Loss: 0.000047
Train Epoch: 57 [3200/9056 (35%)]	Loss: 0.000023
Train Epoch: 57 [3600/9056 (40%)]	Loss: 0.000280
Train Epoch: 57 [4000/9056 (44%)]	Loss: 0.000084
Train Epoch: 57 [4400/9056 (48%)]	Loss: 0.000034
Train Epoch: 57 [4800/9056 (53%)]	Loss: 0.000146
Train Epoch: 57 [5200/9056 (57%)]	Loss: 0.000207
Train Epoch: 57 [5600/9056 (62%)]	Loss: 0.000053
Train Epoch: 57 [6000/9056 (66%)]	Loss: 0.000077
Train Epoch: 57 [6400/9056 (70%)]	Loss: 0.000013
Train Epoch: 57 [6800/9056 (75%)]	Loss: 0.000013
Train Epoch: 57 [7200/9056 (79%)]	Loss: 0.000041
Train Epoch: 57 [7600/9056 (84%)]	Loss: 0.000099
Train Epoch: 57 [8000/9056 (88%)]	Loss: 0.000023
Train Epoch: 57 [8400/9056 (93%)]	Loss: 0.000063
Train Epoch: 57 [8800/9056 (97%)]	Loss: 0.000059
Test set: Average loss: 1.0277, Accuracy: 1854/2264 (81%)
Train Epoch: 58 [0/9056 (0%)]	Loss: 0.000059
Train Epoch: 58 [400/9056 (4%)]	Loss: 0.000083
Train Epoch: 58 [800/9056 (9%)]	Loss: 0.000010
Train Epoch: 58 [1200/9056 (13%)]	Loss: 0.000037
Train Epoch: 58 [1600/9056 (18%)]	Loss: 0.000017
Train Epoch: 58 [2000/9056 (22%)]	Loss: 0.000020
Train Epoch: 58 [2400/9056 (26%)]	Loss: 0.000330
Train Epoch: 58 [2800/9056 (31%)]	Loss: 0.000179
Train Epoch: 58 [3200/9056 (35%)]	Loss: 0.000133
Train Epoch: 58 [3600/9056 (40%)]	Loss: 0.001057
Train Epoch: 58 [4000/9056 (44%)]	Loss: 0.000162
Train Epoch: 58 [4400/9056 (48%)]	Loss: 0.000039
Train Epoch: 58 [4800/9056 (53%)]	Loss: 0.000036
Train Epoch: 58 [5200/9056 (57%)]	Loss: 0.000056
Train Epoch: 58 [5600/9056 (62%)]	Loss: 0.000070
Train Epoch: 58 [6000/9056 (66%)]	Loss: 0.000034
Train Epoch: 58 [6400/9056 (70%)]	Loss: 0.000035
Train Epoch: 58 [6800/9056 (75%)]	Loss: 0.000026
Train Epoch: 58 [7200/9056 (79%)]	Loss: 0.000012
Train Epoch: 58 [7600/9056 (84%)]	Loss: 0.000076
Train Epoch: 58 [8000/9056 (88%)]	Loss: 0.000316
Train Epoch: 58 [8400/9056 (93%)]	Loss: 0.000069
Train Epoch: 58 [8800/9056 (97%)]	Loss: 0.000041
Test set: Average loss: 1.2689, Accuracy: 1735/2264 (76%)
Train Epoch: 59 [0/9056 (0%)]	Loss: 0.000199
Train Epoch: 59 [400/9056 (4%)]	Loss: 0.000112
Train Epoch: 59 [800/9056 (9%)]	Loss: 0.000224
Train Epoch: 59 [1200/9056 (13%)]	Loss: 0.000115
Train Epoch: 59 [1600/9056 (18%)]	Loss: 0.000019
Train Epoch: 59 [2000/9056 (22%)]	Loss: 0.000218
Train Epoch: 59 [2400/9056 (26%)]	Loss: 0.000036
Train Epoch: 59 [2800/9056 (31%)]	Loss: 0.000030
Train Epoch: 59 [3200/9056 (35%)]	Loss: 0.000777
Train Epoch: 59 [3600/9056 (40%)]	Loss: 0.000045
Train Epoch: 59 [4000/9056 (44%)]	Loss: 0.005061
Train Epoch: 59 [4400/9056 (48%)]	Loss: 0.000037
Train Epoch: 59 [4800/9056 (53%)]	Loss: 0.000169
Train Epoch: 59 [5200/9056 (57%)]	Loss: 0.000114
Train Epoch: 59 [5600/9056 (62%)]	Loss: 0.000205
Train Epoch: 59 [6000/9056 (66%)]	Loss: 0.000158
Train Epoch: 59 [6400/9056 (70%)]	Loss: 0.000015
Train Epoch: 59 [6800/9056 (75%)]	Loss: 0.000330
Train Epoch: 59 [7200/9056 (79%)]	Loss: 0.000125
Train Epoch: 59 [7600/9056 (84%)]	Loss: 0.000086
Train Epoch: 59 [8000/9056 (88%)]	Loss: 0.000067
Train Epoch: 59 [8400/9056 (93%)]	Loss: 0.000628
Train Epoch: 59 [8800/9056 (97%)]	Loss: 0.000119
Test set: Average loss: 10.0464, Accuracy: 338/2264 (14%)
Train Epoch: 60 [0/9056 (0%)]	Loss: 0.000517
Train Epoch: 60 [400/9056 (4%)]	Loss: 0.000162
Train Epoch: 60 [800/9056 (9%)]	Loss: 0.015055
Train Epoch: 60 [1200/9056 (13%)]	Loss: 0.000283
Train Epoch: 60 [1600/9056 (18%)]	Loss: 0.000247
Train Epoch: 60 [2000/9056 (22%)]	Loss: 0.000149
Train Epoch: 60 [2400/9056 (26%)]	Loss: 0.007567
Train Epoch: 60 [2800/9056 (31%)]	Loss: 0.000294
Train Epoch: 60 [3200/9056 (35%)]	Loss: 0.000566
Train Epoch: 60 [3600/9056 (40%)]	Loss: 0.006743
Train Epoch: 60 [4000/9056 (44%)]	Loss: 0.001572
Train Epoch: 60 [4400/9056 (48%)]	Loss: 0.000419
Train Epoch: 60 [4800/9056 (53%)]	Loss: 0.005770
Train Epoch: 60 [5200/9056 (57%)]	Loss: 0.001017
Train Epoch: 60 [5600/9056 (62%)]	Loss: 0.000339
Train Epoch: 60 [6000/9056 (66%)]	Loss: 0.000247
Train Epoch: 60 [6400/9056 (70%)]	Loss: 0.000361
Train Epoch: 60 [6800/9056 (75%)]	Loss: 0.000780
Train Epoch: 60 [7200/9056 (79%)]	Loss: 0.000113
Train Epoch: 60 [7600/9056 (84%)]	Loss: 0.003779
Train Epoch: 60 [8000/9056 (88%)]	Loss: 0.000060
Train Epoch: 60 [8400/9056 (93%)]	Loss: 0.000379
Train Epoch: 60 [8800/9056 (97%)]	Loss: 0.000577
Test set: Average loss: 1.2163, Accuracy: 1728/2264 (76%)
