getting datasets
finished
trainning collar_design_labels:
Train Epoch: 1 [0/6714 (0%)]	Loss: 1.906233
Train Epoch: 1 [400/6714 (6%)]	Loss: 1.808687
Train Epoch: 1 [800/6714 (12%)]	Loss: 1.485150
Train Epoch: 1 [1200/6714 (18%)]	Loss: 1.573258
Train Epoch: 1 [1600/6714 (24%)]	Loss: 1.437937
Train Epoch: 1 [2000/6714 (30%)]	Loss: 1.391424
Train Epoch: 1 [2400/6714 (36%)]	Loss: 1.303506
Train Epoch: 1 [2800/6714 (42%)]	Loss: 1.361016
Train Epoch: 1 [3200/6714 (48%)]	Loss: 1.308318
Train Epoch: 1 [3600/6714 (54%)]	Loss: 1.326296
Train Epoch: 1 [4000/6714 (60%)]	Loss: 1.205920
Train Epoch: 1 [4400/6714 (65%)]	Loss: 0.983481
Train Epoch: 1 [4800/6714 (71%)]	Loss: 1.270388
Train Epoch: 1 [5200/6714 (77%)]	Loss: 1.300796
Train Epoch: 1 [5600/6714 (83%)]	Loss: 1.143549
Train Epoch: 1 [6000/6714 (89%)]	Loss: 0.987561
Train Epoch: 1 [6400/6714 (95%)]	Loss: 0.953184
Test set: Average loss: 2.8939, Accuracy: 355/1678 (21%)
Train Epoch: 2 [0/6714 (0%)]	Loss: 0.916607
Train Epoch: 2 [400/6714 (6%)]	Loss: 0.926883
Train Epoch: 2 [800/6714 (12%)]	Loss: 0.683514
Train Epoch: 2 [1200/6714 (18%)]	Loss: 1.304972
Train Epoch: 2 [1600/6714 (24%)]	Loss: 0.624321
Train Epoch: 2 [2000/6714 (30%)]	Loss: 0.898453
Train Epoch: 2 [2400/6714 (36%)]	Loss: 1.008441
Train Epoch: 2 [2800/6714 (42%)]	Loss: 0.800359
Train Epoch: 2 [3200/6714 (48%)]	Loss: 0.770922
Train Epoch: 2 [3600/6714 (54%)]	Loss: 1.127579
Train Epoch: 2 [4000/6714 (60%)]	Loss: 0.798147
Train Epoch: 2 [4400/6714 (65%)]	Loss: 0.738470
Train Epoch: 2 [4800/6714 (71%)]	Loss: 0.778329
Train Epoch: 2 [5200/6714 (77%)]	Loss: 1.048597
Train Epoch: 2 [5600/6714 (83%)]	Loss: 0.842839
Train Epoch: 2 [6000/6714 (89%)]	Loss: 0.684210
Train Epoch: 2 [6400/6714 (95%)]	Loss: 0.876352
Test set: Average loss: 2.3294, Accuracy: 355/1678 (21%)
Train Epoch: 3 [0/6714 (0%)]	Loss: 0.668569
Train Epoch: 3 [400/6714 (6%)]	Loss: 0.516980
Train Epoch: 3 [800/6714 (12%)]	Loss: 0.786300
Train Epoch: 3 [1200/6714 (18%)]	Loss: 0.635499
Train Epoch: 3 [1600/6714 (24%)]	Loss: 0.779660
Train Epoch: 3 [2000/6714 (30%)]	Loss: 0.422696
Train Epoch: 3 [2400/6714 (36%)]	Loss: 0.609009
Train Epoch: 3 [2800/6714 (42%)]	Loss: 0.446464
Train Epoch: 3 [3200/6714 (48%)]	Loss: 0.711043
Train Epoch: 3 [3600/6714 (54%)]	Loss: 0.471137
Train Epoch: 3 [4000/6714 (60%)]	Loss: 0.719058
Train Epoch: 3 [4400/6714 (65%)]	Loss: 0.605240
Train Epoch: 3 [4800/6714 (71%)]	Loss: 0.645094
Train Epoch: 3 [5200/6714 (77%)]	Loss: 0.496643
Train Epoch: 3 [5600/6714 (83%)]	Loss: 0.790735
Train Epoch: 3 [6000/6714 (89%)]	Loss: 0.543655
Train Epoch: 3 [6400/6714 (95%)]	Loss: 0.388673
Test set: Average loss: 2.7756, Accuracy: 355/1678 (21%)
Train Epoch: 4 [0/6714 (0%)]	Loss: 0.463663
Train Epoch: 4 [400/6714 (6%)]	Loss: 0.263258
Train Epoch: 4 [800/6714 (12%)]	Loss: 0.216677
Train Epoch: 4 [1200/6714 (18%)]	Loss: 0.175171
Train Epoch: 4 [1600/6714 (24%)]	Loss: 0.102544
Train Epoch: 4 [2000/6714 (30%)]	Loss: 0.453283
Train Epoch: 4 [2400/6714 (36%)]	Loss: 0.304560
Train Epoch: 4 [2800/6714 (42%)]	Loss: 0.148415
Train Epoch: 4 [3200/6714 (48%)]	Loss: 0.499481
Train Epoch: 4 [3600/6714 (54%)]	Loss: 0.156027
Train Epoch: 4 [4000/6714 (60%)]	Loss: 0.181562
Train Epoch: 4 [4400/6714 (65%)]	Loss: 0.320082
Train Epoch: 4 [4800/6714 (71%)]	Loss: 0.293563
Train Epoch: 4 [5200/6714 (77%)]	Loss: 0.317700
Train Epoch: 4 [5600/6714 (83%)]	Loss: 0.347433
Train Epoch: 4 [6000/6714 (89%)]	Loss: 0.293101
Train Epoch: 4 [6400/6714 (95%)]	Loss: 0.478377
Test set: Average loss: 5.6999, Accuracy: 355/1678 (21%)
Train Epoch: 5 [0/6714 (0%)]	Loss: 0.215727
Train Epoch: 5 [400/6714 (6%)]	Loss: 0.074077
Train Epoch: 5 [800/6714 (12%)]	Loss: 0.140125
Train Epoch: 5 [1200/6714 (18%)]	Loss: 0.126026
Train Epoch: 5 [1600/6714 (24%)]	Loss: 0.027300
Train Epoch: 5 [2000/6714 (30%)]	Loss: 0.124489
Train Epoch: 5 [2400/6714 (36%)]	Loss: 0.134623
Train Epoch: 5 [2800/6714 (42%)]	Loss: 0.115607
Train Epoch: 5 [3200/6714 (48%)]	Loss: 0.127731
Train Epoch: 5 [3600/6714 (54%)]	Loss: 0.159186
Train Epoch: 5 [4000/6714 (60%)]	Loss: 0.177700
Train Epoch: 5 [4400/6714 (65%)]	Loss: 0.094904
Train Epoch: 5 [4800/6714 (71%)]	Loss: 0.258132
Train Epoch: 5 [5200/6714 (77%)]	Loss: 0.131278
Train Epoch: 5 [5600/6714 (83%)]	Loss: 0.148951
Train Epoch: 5 [6000/6714 (89%)]	Loss: 0.250118
Train Epoch: 5 [6400/6714 (95%)]	Loss: 0.253165
Test set: Average loss: 6.6339, Accuracy: 355/1678 (21%)
Train Epoch: 6 [0/6714 (0%)]	Loss: 0.048316
Train Epoch: 6 [400/6714 (6%)]	Loss: 0.077246
Train Epoch: 6 [800/6714 (12%)]	Loss: 0.074896
Train Epoch: 6 [1200/6714 (18%)]	Loss: 0.035262
Train Epoch: 6 [1600/6714 (24%)]	Loss: 0.117418
Train Epoch: 6 [2000/6714 (30%)]	Loss: 0.070825
Train Epoch: 6 [2400/6714 (36%)]	Loss: 0.038146
Train Epoch: 6 [2800/6714 (42%)]	Loss: 0.067008
Train Epoch: 6 [3200/6714 (48%)]	Loss: 0.075031
Train Epoch: 6 [3600/6714 (54%)]	Loss: 0.015680
Train Epoch: 6 [4000/6714 (60%)]	Loss: 0.208457
Train Epoch: 6 [4400/6714 (65%)]	Loss: 0.064540
Train Epoch: 6 [4800/6714 (71%)]	Loss: 0.021842
Train Epoch: 6 [5200/6714 (77%)]	Loss: 0.225511
Train Epoch: 6 [5600/6714 (83%)]	Loss: 0.163619
Train Epoch: 6 [6000/6714 (89%)]	Loss: 0.212185
Train Epoch: 6 [6400/6714 (95%)]	Loss: 0.132785
Test set: Average loss: 3.8602, Accuracy: 402/1678 (23%)
Train Epoch: 7 [0/6714 (0%)]	Loss: 0.053388
Train Epoch: 7 [400/6714 (6%)]	Loss: 0.055506
Train Epoch: 7 [800/6714 (12%)]	Loss: 0.109575
Train Epoch: 7 [1200/6714 (18%)]	Loss: 0.008957
Train Epoch: 7 [1600/6714 (24%)]	Loss: 0.070445
Train Epoch: 7 [2000/6714 (30%)]	Loss: 0.011227
Train Epoch: 7 [2400/6714 (36%)]	Loss: 0.042408
Train Epoch: 7 [2800/6714 (42%)]	Loss: 0.011842
Train Epoch: 7 [3200/6714 (48%)]	Loss: 0.034464
Train Epoch: 7 [3600/6714 (54%)]	Loss: 0.052389
Train Epoch: 7 [4000/6714 (60%)]	Loss: 0.113844
Train Epoch: 7 [4400/6714 (65%)]	Loss: 0.124031
Train Epoch: 7 [4800/6714 (71%)]	Loss: 0.125273
Train Epoch: 7 [5200/6714 (77%)]	Loss: 0.131089
Train Epoch: 7 [5600/6714 (83%)]	Loss: 0.057559
Train Epoch: 7 [6000/6714 (89%)]	Loss: 0.124787
Train Epoch: 7 [6400/6714 (95%)]	Loss: 0.194389
Test set: Average loss: 4.7635, Accuracy: 354/1678 (21%)
Train Epoch: 8 [0/6714 (0%)]	Loss: 0.020160
Train Epoch: 8 [400/6714 (6%)]	Loss: 0.030326
Train Epoch: 8 [800/6714 (12%)]	Loss: 0.075102
Train Epoch: 8 [1200/6714 (18%)]	Loss: 0.091517
Train Epoch: 8 [1600/6714 (24%)]	Loss: 0.015933
Train Epoch: 8 [2000/6714 (30%)]	Loss: 0.020274
Train Epoch: 8 [2400/6714 (36%)]	Loss: 0.031597
Train Epoch: 8 [2800/6714 (42%)]	Loss: 0.068454
Train Epoch: 8 [3200/6714 (48%)]	Loss: 0.013430
Train Epoch: 8 [3600/6714 (54%)]	Loss: 0.048882
Train Epoch: 8 [4000/6714 (60%)]	Loss: 0.073318
Train Epoch: 8 [4400/6714 (65%)]	Loss: 0.045833
Train Epoch: 8 [4800/6714 (71%)]	Loss: 0.032206
Train Epoch: 8 [5200/6714 (77%)]	Loss: 0.028654
Train Epoch: 8 [5600/6714 (83%)]	Loss: 0.056016
Train Epoch: 8 [6000/6714 (89%)]	Loss: 0.025231
Train Epoch: 8 [6400/6714 (95%)]	Loss: 0.040535
Test set: Average loss: 6.4495, Accuracy: 360/1678 (21%)
Train Epoch: 9 [0/6714 (0%)]	Loss: 0.104451
Train Epoch: 9 [400/6714 (6%)]	Loss: 0.105254
Train Epoch: 9 [800/6714 (12%)]	Loss: 0.008867
Train Epoch: 9 [1200/6714 (18%)]	Loss: 0.138708
Train Epoch: 9 [1600/6714 (24%)]	Loss: 0.009330
Train Epoch: 9 [2000/6714 (30%)]	Loss: 0.161971
Train Epoch: 9 [2400/6714 (36%)]	Loss: 0.074868
Train Epoch: 9 [2800/6714 (42%)]	Loss: 0.052110
Train Epoch: 9 [3200/6714 (48%)]	Loss: 0.073505
Train Epoch: 9 [3600/6714 (54%)]	Loss: 0.130429
Train Epoch: 9 [4000/6714 (60%)]	Loss: 0.119249
Train Epoch: 9 [4400/6714 (65%)]	Loss: 0.044475
Train Epoch: 9 [4800/6714 (71%)]	Loss: 0.026083
Train Epoch: 9 [5200/6714 (77%)]	Loss: 0.057558
Train Epoch: 9 [5600/6714 (83%)]	Loss: 0.050127
Train Epoch: 9 [6000/6714 (89%)]	Loss: 0.032647
Train Epoch: 9 [6400/6714 (95%)]	Loss: 0.074028
Test set: Average loss: 8.4974, Accuracy: 355/1678 (21%)
Train Epoch: 10 [0/6714 (0%)]	Loss: 0.056385
Train Epoch: 10 [400/6714 (6%)]	Loss: 0.016649
Train Epoch: 10 [800/6714 (12%)]	Loss: 0.006702
Train Epoch: 10 [1200/6714 (18%)]	Loss: 0.011779
Train Epoch: 10 [1600/6714 (24%)]	Loss: 0.014513
Train Epoch: 10 [2000/6714 (30%)]	Loss: 0.008711
Train Epoch: 10 [2400/6714 (36%)]	Loss: 0.010994
Train Epoch: 10 [2800/6714 (42%)]	Loss: 0.012298
Train Epoch: 10 [3200/6714 (48%)]	Loss: 0.058530
Train Epoch: 10 [3600/6714 (54%)]	Loss: 0.030940
Train Epoch: 10 [4000/6714 (60%)]	Loss: 0.015076
Train Epoch: 10 [4400/6714 (65%)]	Loss: 0.189954
Train Epoch: 10 [4800/6714 (71%)]	Loss: 0.032285
Train Epoch: 10 [5200/6714 (77%)]	Loss: 0.010410
Train Epoch: 10 [5600/6714 (83%)]	Loss: 0.008589
Train Epoch: 10 [6000/6714 (89%)]	Loss: 0.163141
Train Epoch: 10 [6400/6714 (95%)]	Loss: 0.007098
Test set: Average loss: 5.0939, Accuracy: 442/1678 (26%)
Train Epoch: 11 [0/6714 (0%)]	Loss: 0.019359
Train Epoch: 11 [400/6714 (6%)]	Loss: 0.004687
Train Epoch: 11 [800/6714 (12%)]	Loss: 0.011959
Train Epoch: 11 [1200/6714 (18%)]	Loss: 0.003876
Train Epoch: 11 [1600/6714 (24%)]	Loss: 0.007387
Train Epoch: 11 [2000/6714 (30%)]	Loss: 0.013987
Train Epoch: 11 [2400/6714 (36%)]	Loss: 0.009267
Train Epoch: 11 [2800/6714 (42%)]	Loss: 0.006772
Train Epoch: 11 [3200/6714 (48%)]	Loss: 0.005857
Train Epoch: 11 [3600/6714 (54%)]	Loss: 0.005126
Train Epoch: 11 [4000/6714 (60%)]	Loss: 0.007681
Train Epoch: 11 [4400/6714 (65%)]	Loss: 0.014445
Train Epoch: 11 [4800/6714 (71%)]	Loss: 0.020188
Train Epoch: 11 [5200/6714 (77%)]	Loss: 0.022746
Train Epoch: 11 [5600/6714 (83%)]	Loss: 0.012107
Train Epoch: 11 [6000/6714 (89%)]	Loss: 0.005478
Train Epoch: 11 [6400/6714 (95%)]	Loss: 0.013897
Test set: Average loss: 5.0824, Accuracy: 355/1678 (21%)
Train Epoch: 12 [0/6714 (0%)]	Loss: 0.012959
Train Epoch: 12 [400/6714 (6%)]	Loss: 0.003251
Train Epoch: 12 [800/6714 (12%)]	Loss: 0.006761
Train Epoch: 12 [1200/6714 (18%)]	Loss: 0.023092
Train Epoch: 12 [1600/6714 (24%)]	Loss: 0.043570
Train Epoch: 12 [2000/6714 (30%)]	Loss: 0.002118
Train Epoch: 12 [2400/6714 (36%)]	Loss: 0.007039
Train Epoch: 12 [2800/6714 (42%)]	Loss: 0.001524
Train Epoch: 12 [3200/6714 (48%)]	Loss: 0.002023
Train Epoch: 12 [3600/6714 (54%)]	Loss: 0.001784
Train Epoch: 12 [4000/6714 (60%)]	Loss: 0.003007
Train Epoch: 12 [4400/6714 (65%)]	Loss: 0.020836
Train Epoch: 12 [4800/6714 (71%)]	Loss: 0.001175
Train Epoch: 12 [5200/6714 (77%)]	Loss: 0.009142
Train Epoch: 12 [5600/6714 (83%)]	Loss: 0.004290
Train Epoch: 12 [6000/6714 (89%)]	Loss: 0.009114
Train Epoch: 12 [6400/6714 (95%)]	Loss: 0.021231
Test set: Average loss: 7.6671, Accuracy: 373/1678 (22%)
Train Epoch: 13 [0/6714 (0%)]	Loss: 0.006989
Train Epoch: 13 [400/6714 (6%)]	Loss: 0.000422
Train Epoch: 13 [800/6714 (12%)]	Loss: 0.001191
Train Epoch: 13 [1200/6714 (18%)]	Loss: 0.003821
Train Epoch: 13 [1600/6714 (24%)]	Loss: 0.015209
Train Epoch: 13 [2000/6714 (30%)]	Loss: 0.002930
Train Epoch: 13 [2400/6714 (36%)]	Loss: 0.001257
Train Epoch: 13 [2800/6714 (42%)]	Loss: 0.000999
Train Epoch: 13 [3200/6714 (48%)]	Loss: 0.000237
Train Epoch: 13 [3600/6714 (54%)]	Loss: 0.000400
Train Epoch: 13 [4000/6714 (60%)]	Loss: 0.001830
Train Epoch: 13 [4400/6714 (65%)]	Loss: 0.001133
Train Epoch: 13 [4800/6714 (71%)]	Loss: 0.000946
Train Epoch: 13 [5200/6714 (77%)]	Loss: 0.001134
Train Epoch: 13 [5600/6714 (83%)]	Loss: 0.005056
Train Epoch: 13 [6000/6714 (89%)]	Loss: 0.004818
Train Epoch: 13 [6400/6714 (95%)]	Loss: 0.007595
Test set: Average loss: 3.3597, Accuracy: 703/1678 (41%)
Train Epoch: 14 [0/6714 (0%)]	Loss: 0.001405
Train Epoch: 14 [400/6714 (6%)]	Loss: 0.001398
Train Epoch: 14 [800/6714 (12%)]	Loss: 0.004030
Train Epoch: 14 [1200/6714 (18%)]	Loss: 0.000699
Train Epoch: 14 [1600/6714 (24%)]	Loss: 0.002783
Train Epoch: 14 [2000/6714 (30%)]	Loss: 0.000400
Train Epoch: 14 [2400/6714 (36%)]	Loss: 0.008152
Train Epoch: 14 [2800/6714 (42%)]	Loss: 0.000232
Train Epoch: 14 [3200/6714 (48%)]	Loss: 0.000670
Train Epoch: 14 [3600/6714 (54%)]	Loss: 0.004257
Train Epoch: 14 [4000/6714 (60%)]	Loss: 0.000795
Train Epoch: 14 [4400/6714 (65%)]	Loss: 0.002355
Train Epoch: 14 [4800/6714 (71%)]	Loss: 0.000340
Train Epoch: 14 [5200/6714 (77%)]	Loss: 0.001996
Train Epoch: 14 [5600/6714 (83%)]	Loss: 0.000550
Train Epoch: 14 [6000/6714 (89%)]	Loss: 0.000349
Train Epoch: 14 [6400/6714 (95%)]	Loss: 0.000980
Test set: Average loss: 3.2046, Accuracy: 804/1678 (47%)
Train Epoch: 15 [0/6714 (0%)]	Loss: 0.001491
Train Epoch: 15 [400/6714 (6%)]	Loss: 0.001056
Train Epoch: 15 [800/6714 (12%)]	Loss: 0.000354
Train Epoch: 15 [1200/6714 (18%)]	Loss: 0.001321
Train Epoch: 15 [1600/6714 (24%)]	Loss: 0.000340
Train Epoch: 15 [2000/6714 (30%)]	Loss: 0.002053
Train Epoch: 15 [2400/6714 (36%)]	Loss: 0.001059
Train Epoch: 15 [2800/6714 (42%)]	Loss: 0.001114
Train Epoch: 15 [3200/6714 (48%)]	Loss: 0.000418
Train Epoch: 15 [3600/6714 (54%)]	Loss: 0.000253
Train Epoch: 15 [4000/6714 (60%)]	Loss: 0.000258
Train Epoch: 15 [4400/6714 (65%)]	Loss: 0.000220
Train Epoch: 15 [4800/6714 (71%)]	Loss: 0.000741
Train Epoch: 15 [5200/6714 (77%)]	Loss: 0.000361
Train Epoch: 15 [5600/6714 (83%)]	Loss: 0.000324
Train Epoch: 15 [6000/6714 (89%)]	Loss: 0.000475
Train Epoch: 15 [6400/6714 (95%)]	Loss: 0.000937
Test set: Average loss: 2.0967, Accuracy: 1061/1678 (63%)
Train Epoch: 16 [0/6714 (0%)]	Loss: 0.000861
Train Epoch: 16 [400/6714 (6%)]	Loss: 0.000321
Train Epoch: 16 [800/6714 (12%)]	Loss: 0.002888
Train Epoch: 16 [1200/6714 (18%)]	Loss: 0.000539
Train Epoch: 16 [1600/6714 (24%)]	Loss: 0.000195
Train Epoch: 16 [2000/6714 (30%)]	Loss: 0.000579
Train Epoch: 16 [2400/6714 (36%)]	Loss: 0.000275
Train Epoch: 16 [2800/6714 (42%)]	Loss: 0.000276
Train Epoch: 16 [3200/6714 (48%)]	Loss: 0.000520
Train Epoch: 16 [3600/6714 (54%)]	Loss: 0.000655
Train Epoch: 16 [4000/6714 (60%)]	Loss: 0.000154
Train Epoch: 16 [4400/6714 (65%)]	Loss: 0.001168
Train Epoch: 16 [4800/6714 (71%)]	Loss: 0.000057
Train Epoch: 16 [5200/6714 (77%)]	Loss: 0.000476
Train Epoch: 16 [5600/6714 (83%)]	Loss: 0.000306
Train Epoch: 16 [6000/6714 (89%)]	Loss: 0.009028
Train Epoch: 16 [6400/6714 (95%)]	Loss: 0.004395
Test set: Average loss: 1.3576, Accuracy: 1213/1678 (72%)
Train Epoch: 17 [0/6714 (0%)]	Loss: 0.026434
Train Epoch: 17 [400/6714 (6%)]	Loss: 0.000177
Train Epoch: 17 [800/6714 (12%)]	Loss: 0.019382
Train Epoch: 17 [1200/6714 (18%)]	Loss: 0.002267
Train Epoch: 17 [1600/6714 (24%)]	Loss: 0.001076
Train Epoch: 17 [2000/6714 (30%)]	Loss: 0.000318
Train Epoch: 17 [2400/6714 (36%)]	Loss: 0.000607
Train Epoch: 17 [2800/6714 (42%)]	Loss: 0.000092
Train Epoch: 17 [3200/6714 (48%)]	Loss: 0.001021
Train Epoch: 17 [3600/6714 (54%)]	Loss: 0.000242
Train Epoch: 17 [4000/6714 (60%)]	Loss: 0.000222
Train Epoch: 17 [4400/6714 (65%)]	Loss: 0.002248
Train Epoch: 17 [4800/6714 (71%)]	Loss: 0.000116
Train Epoch: 17 [5200/6714 (77%)]	Loss: 0.000525
Train Epoch: 17 [5600/6714 (83%)]	Loss: 0.000345
Train Epoch: 17 [6000/6714 (89%)]	Loss: 0.000150
Train Epoch: 17 [6400/6714 (95%)]	Loss: 0.000646
Test set: Average loss: 1.5119, Accuracy: 1185/1678 (70%)
Train Epoch: 18 [0/6714 (0%)]	Loss: 0.000257
Train Epoch: 18 [400/6714 (6%)]	Loss: 0.000407
Train Epoch: 18 [800/6714 (12%)]	Loss: 0.000186
Train Epoch: 18 [1200/6714 (18%)]	Loss: 0.000158
Train Epoch: 18 [1600/6714 (24%)]	Loss: 0.000482
Train Epoch: 18 [2000/6714 (30%)]	Loss: 0.000192
Train Epoch: 18 [2400/6714 (36%)]	Loss: 0.000561
Train Epoch: 18 [2800/6714 (42%)]	Loss: 0.000162
Train Epoch: 18 [3200/6714 (48%)]	Loss: 0.000472
Train Epoch: 18 [3600/6714 (54%)]	Loss: 0.012913
Train Epoch: 18 [4000/6714 (60%)]	Loss: 0.000282
Train Epoch: 18 [4400/6714 (65%)]	Loss: 0.000112
Train Epoch: 18 [4800/6714 (71%)]	Loss: 0.001318
Train Epoch: 18 [5200/6714 (77%)]	Loss: 0.000309
Train Epoch: 18 [5600/6714 (83%)]	Loss: 0.000204
Train Epoch: 18 [6000/6714 (89%)]	Loss: 0.000136
Train Epoch: 18 [6400/6714 (95%)]	Loss: 0.001357
Test set: Average loss: 1.3805, Accuracy: 1211/1678 (72%)
Train Epoch: 19 [0/6714 (0%)]	Loss: 0.000061
Train Epoch: 19 [400/6714 (6%)]	Loss: 0.000104
Train Epoch: 19 [800/6714 (12%)]	Loss: 0.000258
Train Epoch: 19 [1200/6714 (18%)]	Loss: 0.000109
Train Epoch: 19 [1600/6714 (24%)]	Loss: 0.000132
Train Epoch: 19 [2000/6714 (30%)]	Loss: 0.000913
Train Epoch: 19 [2400/6714 (36%)]	Loss: 0.000160
Train Epoch: 19 [2800/6714 (42%)]	Loss: 0.001618
Train Epoch: 19 [3200/6714 (48%)]	Loss: 0.001005
Train Epoch: 19 [3600/6714 (54%)]	Loss: 0.000645
Train Epoch: 19 [4000/6714 (60%)]	Loss: 0.000106
Train Epoch: 19 [4400/6714 (65%)]	Loss: 0.000260
Train Epoch: 19 [4800/6714 (71%)]	Loss: 0.002429
Train Epoch: 19 [5200/6714 (77%)]	Loss: 0.000136
Train Epoch: 19 [5600/6714 (83%)]	Loss: 0.000854
Train Epoch: 19 [6000/6714 (89%)]	Loss: 0.000061
Train Epoch: 19 [6400/6714 (95%)]	Loss: 0.001539
Test set: Average loss: 1.3403, Accuracy: 1242/1678 (74%)
Train Epoch: 20 [0/6714 (0%)]	Loss: 0.000159
Train Epoch: 20 [400/6714 (6%)]	Loss: 0.000182
Train Epoch: 20 [800/6714 (12%)]	Loss: 0.000302
Train Epoch: 20 [1200/6714 (18%)]	Loss: 0.003701
Train Epoch: 20 [1600/6714 (24%)]	Loss: 0.000980
Train Epoch: 20 [2000/6714 (30%)]	Loss: 0.000191
Train Epoch: 20 [2400/6714 (36%)]	Loss: 0.000121
Train Epoch: 20 [2800/6714 (42%)]	Loss: 0.000145
Train Epoch: 20 [3200/6714 (48%)]	Loss: 0.000438
Train Epoch: 20 [3600/6714 (54%)]	Loss: 0.000086
Train Epoch: 20 [4000/6714 (60%)]	Loss: 0.002120
Train Epoch: 20 [4400/6714 (65%)]	Loss: 0.000197
Train Epoch: 20 [4800/6714 (71%)]	Loss: 0.000306
Train Epoch: 20 [5200/6714 (77%)]	Loss: 0.001670
Train Epoch: 20 [5600/6714 (83%)]	Loss: 0.000367
Train Epoch: 20 [6000/6714 (89%)]	Loss: 0.000229
Train Epoch: 20 [6400/6714 (95%)]	Loss: 0.000157
Test set: Average loss: 1.3298, Accuracy: 1246/1678 (74%)
Train Epoch: 21 [0/6714 (0%)]	Loss: 0.000597
Train Epoch: 21 [400/6714 (6%)]	Loss: 0.002019
Train Epoch: 21 [800/6714 (12%)]	Loss: 0.000367
Train Epoch: 21 [1200/6714 (18%)]	Loss: 0.000121
Train Epoch: 21 [1600/6714 (24%)]	Loss: 0.000236
Train Epoch: 21 [2000/6714 (30%)]	Loss: 0.000431
Train Epoch: 21 [2400/6714 (36%)]	Loss: 0.000149
Train Epoch: 21 [2800/6714 (42%)]	Loss: 0.000067
Train Epoch: 21 [3200/6714 (48%)]	Loss: 0.000090
Train Epoch: 21 [3600/6714 (54%)]	Loss: 0.000585
Train Epoch: 21 [4000/6714 (60%)]	Loss: 0.000426
Train Epoch: 21 [4400/6714 (65%)]	Loss: 0.000196
Train Epoch: 21 [4800/6714 (71%)]	Loss: 0.000078
Train Epoch: 21 [5200/6714 (77%)]	Loss: 0.000147
Train Epoch: 21 [5600/6714 (83%)]	Loss: 0.000220
Train Epoch: 21 [6000/6714 (89%)]	Loss: 0.000076
Train Epoch: 21 [6400/6714 (95%)]	Loss: 0.000189
Test set: Average loss: 1.3401, Accuracy: 1235/1678 (73%)
Train Epoch: 22 [0/6714 (0%)]	Loss: 0.001671
Train Epoch: 22 [400/6714 (6%)]	Loss: 0.000102
Train Epoch: 22 [800/6714 (12%)]	Loss: 0.000194
Train Epoch: 22 [1200/6714 (18%)]	Loss: 0.000171
Train Epoch: 22 [1600/6714 (24%)]	Loss: 0.000034
Train Epoch: 22 [2000/6714 (30%)]	Loss: 0.001808
Train Epoch: 22 [2400/6714 (36%)]	Loss: 0.000101
Train Epoch: 22 [2800/6714 (42%)]	Loss: 0.001942
Train Epoch: 22 [3200/6714 (48%)]	Loss: 0.000425
Train Epoch: 22 [3600/6714 (54%)]	Loss: 0.000474
Train Epoch: 22 [4000/6714 (60%)]	Loss: 0.004633
Train Epoch: 22 [4400/6714 (65%)]	Loss: 0.000056
Train Epoch: 22 [4800/6714 (71%)]	Loss: 0.000047
Train Epoch: 22 [5200/6714 (77%)]	Loss: 0.000069
Train Epoch: 22 [5600/6714 (83%)]	Loss: 0.000175
Train Epoch: 22 [6000/6714 (89%)]	Loss: 0.000188
Train Epoch: 22 [6400/6714 (95%)]	Loss: 0.000177
Test set: Average loss: 1.3308, Accuracy: 1242/1678 (74%)
Train Epoch: 23 [0/6714 (0%)]	Loss: 0.000080
Train Epoch: 23 [400/6714 (6%)]	Loss: 0.000088
Train Epoch: 23 [800/6714 (12%)]	Loss: 0.000262
Train Epoch: 23 [1200/6714 (18%)]	Loss: 0.001865
Train Epoch: 23 [1600/6714 (24%)]	Loss: 0.000054
Train Epoch: 23 [2000/6714 (30%)]	Loss: 0.000116
Train Epoch: 23 [2400/6714 (36%)]	Loss: 0.000822
Train Epoch: 23 [2800/6714 (42%)]	Loss: 0.000104
Train Epoch: 23 [3200/6714 (48%)]	Loss: 0.000069
Train Epoch: 23 [3600/6714 (54%)]	Loss: 0.000411
Train Epoch: 23 [4000/6714 (60%)]	Loss: 0.000144
Train Epoch: 23 [4400/6714 (65%)]	Loss: 0.000042
Train Epoch: 23 [4800/6714 (71%)]	Loss: 0.000283
Train Epoch: 23 [5200/6714 (77%)]	Loss: 0.000080
Train Epoch: 23 [5600/6714 (83%)]	Loss: 0.000111
Train Epoch: 23 [6000/6714 (89%)]	Loss: 0.000299
Train Epoch: 23 [6400/6714 (95%)]	Loss: 0.000141
Test set: Average loss: 1.3200, Accuracy: 1250/1678 (74%)
Train Epoch: 24 [0/6714 (0%)]	Loss: 0.000042
Train Epoch: 24 [400/6714 (6%)]	Loss: 0.000192
Train Epoch: 24 [800/6714 (12%)]	Loss: 0.000034
Train Epoch: 24 [1200/6714 (18%)]	Loss: 0.000696
Train Epoch: 24 [1600/6714 (24%)]	Loss: 0.001934
Train Epoch: 24 [2000/6714 (30%)]	Loss: 0.000074
Train Epoch: 24 [2400/6714 (36%)]	Loss: 0.000188
Train Epoch: 24 [2800/6714 (42%)]	Loss: 0.000662
Train Epoch: 24 [3200/6714 (48%)]	Loss: 0.000289
Train Epoch: 24 [3600/6714 (54%)]	Loss: 0.000021
Train Epoch: 24 [4000/6714 (60%)]	Loss: 0.000179
Train Epoch: 24 [4400/6714 (65%)]	Loss: 0.000103
Train Epoch: 24 [4800/6714 (71%)]	Loss: 0.000207
Train Epoch: 24 [5200/6714 (77%)]	Loss: 0.000224
Train Epoch: 24 [5600/6714 (83%)]	Loss: 0.000055
Train Epoch: 24 [6000/6714 (89%)]	Loss: 0.000090
Train Epoch: 24 [6400/6714 (95%)]	Loss: 0.000059
Test set: Average loss: 1.3336, Accuracy: 1238/1678 (73%)
Train Epoch: 25 [0/6714 (0%)]	Loss: 0.001108
Train Epoch: 25 [400/6714 (6%)]	Loss: 0.000138
Train Epoch: 25 [800/6714 (12%)]	Loss: 0.000134
Train Epoch: 25 [1200/6714 (18%)]	Loss: 0.000338
Train Epoch: 25 [1600/6714 (24%)]	Loss: 0.000435
Train Epoch: 25 [2000/6714 (30%)]	Loss: 0.000127
Train Epoch: 25 [2400/6714 (36%)]	Loss: 0.000238
Train Epoch: 25 [2800/6714 (42%)]	Loss: 0.000153
Train Epoch: 25 [3200/6714 (48%)]	Loss: 0.000103
Train Epoch: 25 [3600/6714 (54%)]	Loss: 0.000066
Train Epoch: 25 [4000/6714 (60%)]	Loss: 0.000085
Train Epoch: 25 [4400/6714 (65%)]	Loss: 0.000194
Train Epoch: 25 [4800/6714 (71%)]	Loss: 0.000037
Train Epoch: 25 [5200/6714 (77%)]	Loss: 0.000129
Train Epoch: 25 [5600/6714 (83%)]	Loss: 0.000087
Train Epoch: 25 [6000/6714 (89%)]	Loss: 0.000575
Train Epoch: 25 [6400/6714 (95%)]	Loss: 0.000086
Test set: Average loss: 1.3584, Accuracy: 1234/1678 (73%)
Train Epoch: 26 [0/6714 (0%)]	Loss: 0.001009
Train Epoch: 26 [400/6714 (6%)]	Loss: 0.000039
Train Epoch: 26 [800/6714 (12%)]	Loss: 0.000367
Train Epoch: 26 [1200/6714 (18%)]	Loss: 0.001115
Train Epoch: 26 [1600/6714 (24%)]	Loss: 0.000113
Train Epoch: 26 [2000/6714 (30%)]	Loss: 0.000062
Train Epoch: 26 [2400/6714 (36%)]	Loss: 0.000087
Train Epoch: 26 [2800/6714 (42%)]	Loss: 0.000033
Train Epoch: 26 [3200/6714 (48%)]	Loss: 0.000104
Train Epoch: 26 [3600/6714 (54%)]	Loss: 0.000059
Train Epoch: 26 [4000/6714 (60%)]	Loss: 0.000316
Train Epoch: 26 [4400/6714 (65%)]	Loss: 0.000226
Train Epoch: 26 [4800/6714 (71%)]	Loss: 0.000218
Train Epoch: 26 [5200/6714 (77%)]	Loss: 0.000042
Train Epoch: 26 [5600/6714 (83%)]	Loss: 0.000175
Train Epoch: 26 [6000/6714 (89%)]	Loss: 0.000214
Train Epoch: 26 [6400/6714 (95%)]	Loss: 0.000123
Test set: Average loss: 1.3595, Accuracy: 1252/1678 (74%)
Train Epoch: 27 [0/6714 (0%)]	Loss: 0.000204
Train Epoch: 27 [400/6714 (6%)]	Loss: 0.000111
Train Epoch: 27 [800/6714 (12%)]	Loss: 0.000160
Train Epoch: 27 [1200/6714 (18%)]	Loss: 0.000324
Train Epoch: 27 [1600/6714 (24%)]	Loss: 0.000328
Train Epoch: 27 [2000/6714 (30%)]	Loss: 0.000116
Train Epoch: 27 [2400/6714 (36%)]	Loss: 0.000051
Train Epoch: 27 [2800/6714 (42%)]	Loss: 0.002086
Train Epoch: 27 [3200/6714 (48%)]	Loss: 0.000051
Train Epoch: 27 [3600/6714 (54%)]	Loss: 0.000080
Train Epoch: 27 [4000/6714 (60%)]	Loss: 0.000040
Train Epoch: 27 [4400/6714 (65%)]	Loss: 0.000047
Train Epoch: 27 [4800/6714 (71%)]	Loss: 0.000045
Train Epoch: 27 [5200/6714 (77%)]	Loss: 0.000049
Train Epoch: 27 [5600/6714 (83%)]	Loss: 0.000060
Train Epoch: 27 [6000/6714 (89%)]	Loss: 0.000107
Train Epoch: 27 [6400/6714 (95%)]	Loss: 0.000097
Test set: Average loss: 1.3409, Accuracy: 1249/1678 (74%)
Train Epoch: 28 [0/6714 (0%)]	Loss: 0.000053
Train Epoch: 28 [400/6714 (6%)]	Loss: 0.000049
Train Epoch: 28 [800/6714 (12%)]	Loss: 0.000070
Train Epoch: 28 [1200/6714 (18%)]	Loss: 0.000426
Train Epoch: 28 [1600/6714 (24%)]	Loss: 0.000051
Train Epoch: 28 [2000/6714 (30%)]	Loss: 0.001176
Train Epoch: 28 [2400/6714 (36%)]	Loss: 0.000066
Train Epoch: 28 [2800/6714 (42%)]	Loss: 0.000067
Train Epoch: 28 [3200/6714 (48%)]	Loss: 0.000210
Train Epoch: 28 [3600/6714 (54%)]	Loss: 0.001371
Train Epoch: 28 [4000/6714 (60%)]	Loss: 0.000128
Train Epoch: 28 [4400/6714 (65%)]	Loss: 0.000405
Train Epoch: 28 [4800/6714 (71%)]	Loss: 0.000020
Train Epoch: 28 [5200/6714 (77%)]	Loss: 0.000175
Train Epoch: 28 [5600/6714 (83%)]	Loss: 0.000086
Train Epoch: 28 [6000/6714 (89%)]	Loss: 0.000332
Train Epoch: 28 [6400/6714 (95%)]	Loss: 0.000059
Test set: Average loss: 1.3531, Accuracy: 1257/1678 (74%)
Train Epoch: 29 [0/6714 (0%)]	Loss: 0.000071
Train Epoch: 29 [400/6714 (6%)]	Loss: 0.000059
Train Epoch: 29 [800/6714 (12%)]	Loss: 0.000030
Train Epoch: 29 [1200/6714 (18%)]	Loss: 0.000093
Train Epoch: 29 [1600/6714 (24%)]	Loss: 0.000114
Train Epoch: 29 [2000/6714 (30%)]	Loss: 0.000525
Train Epoch: 29 [2400/6714 (36%)]	Loss: 0.000069
Train Epoch: 29 [2800/6714 (42%)]	Loss: 0.000205
Train Epoch: 29 [3200/6714 (48%)]	Loss: 0.000091
Train Epoch: 29 [3600/6714 (54%)]	Loss: 0.000086
Train Epoch: 29 [4000/6714 (60%)]	Loss: 0.000069
Train Epoch: 29 [4400/6714 (65%)]	Loss: 0.000061
Train Epoch: 29 [4800/6714 (71%)]	Loss: 0.000039
Train Epoch: 29 [5200/6714 (77%)]	Loss: 0.000126
Train Epoch: 29 [5600/6714 (83%)]	Loss: 0.000025
Train Epoch: 29 [6000/6714 (89%)]	Loss: 0.000054
Train Epoch: 29 [6400/6714 (95%)]	Loss: 0.000062
Test set: Average loss: 1.3756, Accuracy: 1253/1678 (74%)
Train Epoch: 30 [0/6714 (0%)]	Loss: 0.000022
Train Epoch: 30 [400/6714 (6%)]	Loss: 0.000133
Train Epoch: 30 [800/6714 (12%)]	Loss: 0.000076
Train Epoch: 30 [1200/6714 (18%)]	Loss: 0.000420
Train Epoch: 30 [1600/6714 (24%)]	Loss: 0.000197
Train Epoch: 30 [2000/6714 (30%)]	Loss: 0.000072
Train Epoch: 30 [2400/6714 (36%)]	Loss: 0.001485
Train Epoch: 30 [2800/6714 (42%)]	Loss: 0.000373
Train Epoch: 30 [3200/6714 (48%)]	Loss: 0.000065
Train Epoch: 30 [3600/6714 (54%)]	Loss: 0.000695
Train Epoch: 30 [4000/6714 (60%)]	Loss: 0.000048
Train Epoch: 30 [4400/6714 (65%)]	Loss: 0.000183
Train Epoch: 30 [4800/6714 (71%)]	Loss: 0.000028
Train Epoch: 30 [5200/6714 (77%)]	Loss: 0.000107
Train Epoch: 30 [5600/6714 (83%)]	Loss: 0.000047
Train Epoch: 30 [6000/6714 (89%)]	Loss: 0.000182
Train Epoch: 30 [6400/6714 (95%)]	Loss: 0.000137
Test set: Average loss: 1.3647, Accuracy: 1247/1678 (74%)
Train Epoch: 31 [0/6714 (0%)]	Loss: 0.000027
Train Epoch: 31 [400/6714 (6%)]	Loss: 0.000613
Train Epoch: 31 [800/6714 (12%)]	Loss: 0.000023
Train Epoch: 31 [1200/6714 (18%)]	Loss: 0.000042
Train Epoch: 31 [1600/6714 (24%)]	Loss: 0.000245
Train Epoch: 31 [2000/6714 (30%)]	Loss: 0.000206
Train Epoch: 31 [2400/6714 (36%)]	Loss: 0.000037
Train Epoch: 31 [2800/6714 (42%)]	Loss: 0.000265
Train Epoch: 31 [3200/6714 (48%)]	Loss: 0.000030
Train Epoch: 31 [3600/6714 (54%)]	Loss: 0.000235
Train Epoch: 31 [4000/6714 (60%)]	Loss: 0.000036
Train Epoch: 31 [4400/6714 (65%)]	Loss: 0.000260
Train Epoch: 31 [4800/6714 (71%)]	Loss: 0.000124
Train Epoch: 31 [5200/6714 (77%)]	Loss: 0.000345
Train Epoch: 31 [5600/6714 (83%)]	Loss: 0.000130
Train Epoch: 31 [6000/6714 (89%)]	Loss: 0.000061
Train Epoch: 31 [6400/6714 (95%)]	Loss: 0.000060
Test set: Average loss: 1.3712, Accuracy: 1256/1678 (74%)
Train Epoch: 32 [0/6714 (0%)]	Loss: 0.000091
Train Epoch: 32 [400/6714 (6%)]	Loss: 0.000128
Train Epoch: 32 [800/6714 (12%)]	Loss: 0.000102
Train Epoch: 32 [1200/6714 (18%)]	Loss: 0.000218
Train Epoch: 32 [1600/6714 (24%)]	Loss: 0.000052
Train Epoch: 32 [2000/6714 (30%)]	Loss: 0.000113
Train Epoch: 32 [2400/6714 (36%)]	Loss: 0.000048
Train Epoch: 32 [2800/6714 (42%)]	Loss: 0.000249
Train Epoch: 32 [3200/6714 (48%)]	Loss: 0.000487
Train Epoch: 32 [3600/6714 (54%)]	Loss: 0.000026
Train Epoch: 32 [4000/6714 (60%)]	Loss: 0.000068
Train Epoch: 32 [4400/6714 (65%)]	Loss: 0.000077
Train Epoch: 32 [4800/6714 (71%)]	Loss: 0.000344
Train Epoch: 32 [5200/6714 (77%)]	Loss: 0.000056
Train Epoch: 32 [5600/6714 (83%)]	Loss: 0.000317
Train Epoch: 32 [6000/6714 (89%)]	Loss: 0.000025
Train Epoch: 32 [6400/6714 (95%)]	Loss: 0.000065
Test set: Average loss: 1.3951, Accuracy: 1252/1678 (74%)
Train Epoch: 33 [0/6714 (0%)]	Loss: 0.000558
Train Epoch: 33 [400/6714 (6%)]	Loss: 0.000228
Train Epoch: 33 [800/6714 (12%)]	Loss: 0.000216
Train Epoch: 33 [1200/6714 (18%)]	Loss: 0.000076
Train Epoch: 33 [1600/6714 (24%)]	Loss: 0.000553
Train Epoch: 33 [2000/6714 (30%)]	Loss: 0.000069
Train Epoch: 33 [2400/6714 (36%)]	Loss: 0.000319
Train Epoch: 33 [2800/6714 (42%)]	Loss: 0.000030
Train Epoch: 33 [3200/6714 (48%)]	Loss: 0.000022
Train Epoch: 33 [3600/6714 (54%)]	Loss: 0.000120
Train Epoch: 33 [4000/6714 (60%)]	Loss: 0.000100
Train Epoch: 33 [4400/6714 (65%)]	Loss: 0.000050
Train Epoch: 33 [4800/6714 (71%)]	Loss: 0.000295
Train Epoch: 33 [5200/6714 (77%)]	Loss: 0.000066
Train Epoch: 33 [5600/6714 (83%)]	Loss: 0.000085
Train Epoch: 33 [6000/6714 (89%)]	Loss: 0.000116
Train Epoch: 33 [6400/6714 (95%)]	Loss: 0.000139
Test set: Average loss: 1.4078, Accuracy: 1239/1678 (73%)
Train Epoch: 34 [0/6714 (0%)]	Loss: 0.000638
Train Epoch: 34 [400/6714 (6%)]	Loss: 0.000326
Train Epoch: 34 [800/6714 (12%)]	Loss: 0.000159
Train Epoch: 34 [1200/6714 (18%)]	Loss: 0.000358
Train Epoch: 34 [1600/6714 (24%)]	Loss: 0.000029
Train Epoch: 34 [2000/6714 (30%)]	Loss: 0.000103
Train Epoch: 34 [2400/6714 (36%)]	Loss: 0.000198
Train Epoch: 34 [2800/6714 (42%)]	Loss: 0.000051
Train Epoch: 34 [3200/6714 (48%)]	Loss: 0.000161
Train Epoch: 34 [3600/6714 (54%)]	Loss: 0.000059
Train Epoch: 34 [4000/6714 (60%)]	Loss: 0.000037
Train Epoch: 34 [4400/6714 (65%)]	Loss: 0.000340
Train Epoch: 34 [4800/6714 (71%)]	Loss: 0.000070
Train Epoch: 34 [5200/6714 (77%)]	Loss: 0.000779
Train Epoch: 34 [5600/6714 (83%)]	Loss: 0.000053
Train Epoch: 34 [6000/6714 (89%)]	Loss: 0.000090
Train Epoch: 34 [6400/6714 (95%)]	Loss: 0.000718
Test set: Average loss: 1.4422, Accuracy: 1232/1678 (73%)
Train Epoch: 35 [0/6714 (0%)]	Loss: 0.000126
Train Epoch: 35 [400/6714 (6%)]	Loss: 0.004873
Train Epoch: 35 [800/6714 (12%)]	Loss: 0.000170
Train Epoch: 35 [1200/6714 (18%)]	Loss: 0.000118
Train Epoch: 35 [1600/6714 (24%)]	Loss: 0.000019
Train Epoch: 35 [2000/6714 (30%)]	Loss: 0.000080
Train Epoch: 35 [2400/6714 (36%)]	Loss: 0.000041
Train Epoch: 35 [2800/6714 (42%)]	Loss: 0.000270
Train Epoch: 35 [3200/6714 (48%)]	Loss: 0.000202
Train Epoch: 35 [3600/6714 (54%)]	Loss: 0.000026
Train Epoch: 35 [4000/6714 (60%)]	Loss: 0.000073
Train Epoch: 35 [4400/6714 (65%)]	Loss: 0.000040
Train Epoch: 35 [4800/6714 (71%)]	Loss: 0.000039
Train Epoch: 35 [5200/6714 (77%)]	Loss: 0.000016
Train Epoch: 35 [5600/6714 (83%)]	Loss: 0.000042
Train Epoch: 35 [6000/6714 (89%)]	Loss: 0.000035
Train Epoch: 35 [6400/6714 (95%)]	Loss: 0.000494
Test set: Average loss: 1.3884, Accuracy: 1247/1678 (74%)
Train Epoch: 36 [0/6714 (0%)]	Loss: 0.000025
Train Epoch: 36 [400/6714 (6%)]	Loss: 0.000032
Train Epoch: 36 [800/6714 (12%)]	Loss: 0.000089
Train Epoch: 36 [1200/6714 (18%)]	Loss: 0.000037
Train Epoch: 36 [1600/6714 (24%)]	Loss: 0.000058
Train Epoch: 36 [2000/6714 (30%)]	Loss: 0.000441
Train Epoch: 36 [2400/6714 (36%)]	Loss: 0.002813
Train Epoch: 36 [2800/6714 (42%)]	Loss: 0.000014
Train Epoch: 36 [3200/6714 (48%)]	Loss: 0.000059
Train Epoch: 36 [3600/6714 (54%)]	Loss: 0.000058
Train Epoch: 36 [4000/6714 (60%)]	Loss: 0.000074
Train Epoch: 36 [4400/6714 (65%)]	Loss: 0.000153
Train Epoch: 36 [4800/6714 (71%)]	Loss: 0.000087
Train Epoch: 36 [5200/6714 (77%)]	Loss: 0.000186
Train Epoch: 36 [5600/6714 (83%)]	Loss: 0.000031
Train Epoch: 36 [6000/6714 (89%)]	Loss: 0.000013
Train Epoch: 36 [6400/6714 (95%)]	Loss: 0.000051
Test set: Average loss: 1.4407, Accuracy: 1253/1678 (74%)
Train Epoch: 37 [0/6714 (0%)]	Loss: 0.000158
Train Epoch: 37 [400/6714 (6%)]	Loss: 0.000034
Train Epoch: 37 [800/6714 (12%)]	Loss: 0.000769
Train Epoch: 37 [1200/6714 (18%)]	Loss: 0.000080
Train Epoch: 37 [1600/6714 (24%)]	Loss: 0.000285
Train Epoch: 37 [2000/6714 (30%)]	Loss: 0.000093
Train Epoch: 37 [2400/6714 (36%)]	Loss: 0.000018
Train Epoch: 37 [2800/6714 (42%)]	Loss: 0.000176
Train Epoch: 37 [3200/6714 (48%)]	Loss: 0.000076
Train Epoch: 37 [3600/6714 (54%)]	Loss: 0.000027
Train Epoch: 37 [4000/6714 (60%)]	Loss: 0.000213
Train Epoch: 37 [4400/6714 (65%)]	Loss: 0.000089
Train Epoch: 37 [4800/6714 (71%)]	Loss: 0.000172
Train Epoch: 37 [5200/6714 (77%)]	Loss: 0.000313
Train Epoch: 37 [5600/6714 (83%)]	Loss: 0.000217
Train Epoch: 37 [6000/6714 (89%)]	Loss: 0.000037
Train Epoch: 37 [6400/6714 (95%)]	Loss: 0.000669
Test set: Average loss: 1.3789, Accuracy: 1241/1678 (73%)
Train Epoch: 38 [0/6714 (0%)]	Loss: 0.000558
Train Epoch: 38 [400/6714 (6%)]	Loss: 0.000330
Train Epoch: 38 [800/6714 (12%)]	Loss: 0.000156
Train Epoch: 38 [1200/6714 (18%)]	Loss: 0.000103
Train Epoch: 38 [1600/6714 (24%)]	Loss: 0.000171
Train Epoch: 38 [2000/6714 (30%)]	Loss: 0.000062
Train Epoch: 38 [2400/6714 (36%)]	Loss: 0.000047
Train Epoch: 38 [2800/6714 (42%)]	Loss: 0.000074
Train Epoch: 38 [3200/6714 (48%)]	Loss: 0.000108
Train Epoch: 38 [3600/6714 (54%)]	Loss: 0.000028
Train Epoch: 38 [4000/6714 (60%)]	Loss: 0.000058
Train Epoch: 38 [4400/6714 (65%)]	Loss: 0.000107
Train Epoch: 38 [4800/6714 (71%)]	Loss: 0.000051
Train Epoch: 38 [5200/6714 (77%)]	Loss: 0.000031
Train Epoch: 38 [5600/6714 (83%)]	Loss: 0.000145
Train Epoch: 38 [6000/6714 (89%)]	Loss: 0.000285
Train Epoch: 38 [6400/6714 (95%)]	Loss: 0.000061
Test set: Average loss: 1.4070, Accuracy: 1234/1678 (73%)
Train Epoch: 39 [0/6714 (0%)]	Loss: 0.000082
Train Epoch: 39 [400/6714 (6%)]	Loss: 0.001709
Train Epoch: 39 [800/6714 (12%)]	Loss: 0.000032
Train Epoch: 39 [1200/6714 (18%)]	Loss: 0.000054
Train Epoch: 39 [1600/6714 (24%)]	Loss: 0.000034
Train Epoch: 39 [2000/6714 (30%)]	Loss: 0.000203
Train Epoch: 39 [2400/6714 (36%)]	Loss: 0.000020
Train Epoch: 39 [2800/6714 (42%)]	Loss: 0.000163
Train Epoch: 39 [3200/6714 (48%)]	Loss: 0.000122
Train Epoch: 39 [3600/6714 (54%)]	Loss: 0.000019
Train Epoch: 39 [4000/6714 (60%)]	Loss: 0.000084
Train Epoch: 39 [4400/6714 (65%)]	Loss: 0.000049
Train Epoch: 39 [4800/6714 (71%)]	Loss: 0.000036
Train Epoch: 39 [5200/6714 (77%)]	Loss: 0.000026
Train Epoch: 39 [5600/6714 (83%)]	Loss: 0.000090
Train Epoch: 39 [6000/6714 (89%)]	Loss: 0.000024
Train Epoch: 39 [6400/6714 (95%)]	Loss: 0.000058
Test set: Average loss: 1.3988, Accuracy: 1241/1678 (73%)
Train Epoch: 40 [0/6714 (0%)]	Loss: 0.000710
Train Epoch: 40 [400/6714 (6%)]	Loss: 0.000084
Train Epoch: 40 [800/6714 (12%)]	Loss: 0.000089
Train Epoch: 40 [1200/6714 (18%)]	Loss: 0.000201
Train Epoch: 40 [1600/6714 (24%)]	Loss: 0.000039
Train Epoch: 40 [2000/6714 (30%)]	Loss: 0.000799
Train Epoch: 40 [2400/6714 (36%)]	Loss: 0.000055
Train Epoch: 40 [2800/6714 (42%)]	Loss: 0.000057
Train Epoch: 40 [3200/6714 (48%)]	Loss: 0.000100
Train Epoch: 40 [3600/6714 (54%)]	Loss: 0.000082
Train Epoch: 40 [4000/6714 (60%)]	Loss: 0.000319
Train Epoch: 40 [4400/6714 (65%)]	Loss: 0.000570
Train Epoch: 40 [4800/6714 (71%)]	Loss: 0.000051
Train Epoch: 40 [5200/6714 (77%)]	Loss: 0.000041
Train Epoch: 40 [5600/6714 (83%)]	Loss: 0.000019
Train Epoch: 40 [6000/6714 (89%)]	Loss: 0.000112
Train Epoch: 40 [6400/6714 (95%)]	Loss: 0.000032
Test set: Average loss: 1.4056, Accuracy: 1242/1678 (74%)
Train Epoch: 41 [0/6714 (0%)]	Loss: 0.000100
Train Epoch: 41 [400/6714 (6%)]	Loss: 0.000263
Train Epoch: 41 [800/6714 (12%)]	Loss: 0.000053
Train Epoch: 41 [1200/6714 (18%)]	Loss: 0.000129
Train Epoch: 41 [1600/6714 (24%)]	Loss: 0.000042
Train Epoch: 41 [2000/6714 (30%)]	Loss: 0.000394
Train Epoch: 41 [2400/6714 (36%)]	Loss: 0.000987
Train Epoch: 41 [2800/6714 (42%)]	Loss: 0.000200
Train Epoch: 41 [3200/6714 (48%)]	Loss: 0.000022
Train Epoch: 41 [3600/6714 (54%)]	Loss: 0.000053
Train Epoch: 41 [4000/6714 (60%)]	Loss: 0.000037
Train Epoch: 41 [4400/6714 (65%)]	Loss: 0.000056
Train Epoch: 41 [4800/6714 (71%)]	Loss: 0.000137
Train Epoch: 41 [5200/6714 (77%)]	Loss: 0.000321
Train Epoch: 41 [5600/6714 (83%)]	Loss: 0.000023
Train Epoch: 41 [6000/6714 (89%)]	Loss: 0.000034
Train Epoch: 41 [6400/6714 (95%)]	Loss: 0.000013
Test set: Average loss: 1.4178, Accuracy: 1247/1678 (74%)
Train Epoch: 42 [0/6714 (0%)]	Loss: 0.000224
Train Epoch: 42 [400/6714 (6%)]	Loss: 0.000597
Train Epoch: 42 [800/6714 (12%)]	Loss: 0.000029
Train Epoch: 42 [1200/6714 (18%)]	Loss: 0.000089
Train Epoch: 42 [1600/6714 (24%)]	Loss: 0.000029
Train Epoch: 42 [2000/6714 (30%)]	Loss: 0.000074
Train Epoch: 42 [2400/6714 (36%)]	Loss: 0.000054
Train Epoch: 42 [2800/6714 (42%)]	Loss: 0.000055
Train Epoch: 42 [3200/6714 (48%)]	Loss: 0.000121
Train Epoch: 42 [3600/6714 (54%)]	Loss: 0.000124
Train Epoch: 42 [4000/6714 (60%)]	Loss: 0.000026
Train Epoch: 42 [4400/6714 (65%)]	Loss: 0.000052
Train Epoch: 42 [4800/6714 (71%)]	Loss: 0.000079
Train Epoch: 42 [5200/6714 (77%)]	Loss: 0.000173
Train Epoch: 42 [5600/6714 (83%)]	Loss: 0.000020
Train Epoch: 42 [6000/6714 (89%)]	Loss: 0.000052
Train Epoch: 42 [6400/6714 (95%)]	Loss: 0.000133
Test set: Average loss: 1.4106, Accuracy: 1239/1678 (73%)
Train Epoch: 43 [0/6714 (0%)]	Loss: 0.000235
Train Epoch: 43 [400/6714 (6%)]	Loss: 0.000060
Train Epoch: 43 [800/6714 (12%)]	Loss: 0.000023
Train Epoch: 43 [1200/6714 (18%)]	Loss: 0.000035
Train Epoch: 43 [1600/6714 (24%)]	Loss: 0.000031
Train Epoch: 43 [2000/6714 (30%)]	Loss: 0.000100
Train Epoch: 43 [2400/6714 (36%)]	Loss: 0.000096
Train Epoch: 43 [2800/6714 (42%)]	Loss: 0.000016
Train Epoch: 43 [3200/6714 (48%)]	Loss: 0.000065
Train Epoch: 43 [3600/6714 (54%)]	Loss: 0.000207
Train Epoch: 43 [4000/6714 (60%)]	Loss: 0.000064
Train Epoch: 43 [4400/6714 (65%)]	Loss: 0.000039
Train Epoch: 43 [4800/6714 (71%)]	Loss: 0.000028
Train Epoch: 43 [5200/6714 (77%)]	Loss: 0.000082
Train Epoch: 43 [5600/6714 (83%)]	Loss: 0.000118
Train Epoch: 43 [6000/6714 (89%)]	Loss: 0.000181
Train Epoch: 43 [6400/6714 (95%)]	Loss: 0.000129
Test set: Average loss: 1.4235, Accuracy: 1252/1678 (74%)
Train Epoch: 44 [0/6714 (0%)]	Loss: 0.000084
Train Epoch: 44 [400/6714 (6%)]	Loss: 0.000039
Train Epoch: 44 [800/6714 (12%)]	Loss: 0.000065
Train Epoch: 44 [1200/6714 (18%)]	Loss: 0.000021
Train Epoch: 44 [1600/6714 (24%)]	Loss: 0.000112
Train Epoch: 44 [2000/6714 (30%)]	Loss: 0.000099
Train Epoch: 44 [2400/6714 (36%)]	Loss: 0.000079
Train Epoch: 44 [2800/6714 (42%)]	Loss: 0.000054
Train Epoch: 44 [3200/6714 (48%)]	Loss: 0.000019
Train Epoch: 44 [3600/6714 (54%)]	Loss: 0.000347
Train Epoch: 44 [4000/6714 (60%)]	Loss: 0.000078
Train Epoch: 44 [4400/6714 (65%)]	Loss: 0.000035
Train Epoch: 44 [4800/6714 (71%)]	Loss: 0.001415
Train Epoch: 44 [5200/6714 (77%)]	Loss: 0.000117
Train Epoch: 44 [5600/6714 (83%)]	Loss: 0.000036
Train Epoch: 44 [6000/6714 (89%)]	Loss: 0.000025
Train Epoch: 44 [6400/6714 (95%)]	Loss: 0.000079
Test set: Average loss: 1.4324, Accuracy: 1251/1678 (74%)
Train Epoch: 45 [0/6714 (0%)]	Loss: 0.000193
Train Epoch: 45 [400/6714 (6%)]	Loss: 0.000442
Train Epoch: 45 [800/6714 (12%)]	Loss: 0.000022
Train Epoch: 45 [1200/6714 (18%)]	Loss: 0.000121
Train Epoch: 45 [1600/6714 (24%)]	Loss: 0.000031
Train Epoch: 45 [2000/6714 (30%)]	Loss: 0.000067
Train Epoch: 45 [2400/6714 (36%)]	Loss: 0.000018
Train Epoch: 45 [2800/6714 (42%)]	Loss: 0.000114
Train Epoch: 45 [3200/6714 (48%)]	Loss: 0.000152
Train Epoch: 45 [3600/6714 (54%)]	Loss: 0.000019
Train Epoch: 45 [4000/6714 (60%)]	Loss: 0.000047
Train Epoch: 45 [4400/6714 (65%)]	Loss: 0.000032
Train Epoch: 45 [4800/6714 (71%)]	Loss: 0.000157
Train Epoch: 45 [5200/6714 (77%)]	Loss: 0.000032
Train Epoch: 45 [5600/6714 (83%)]	Loss: 0.000019
Train Epoch: 45 [6000/6714 (89%)]	Loss: 0.000024
Train Epoch: 45 [6400/6714 (95%)]	Loss: 0.000082
Test set: Average loss: 1.4111, Accuracy: 1240/1678 (73%)
Train Epoch: 46 [0/6714 (0%)]	Loss: 0.000031
Train Epoch: 46 [400/6714 (6%)]	Loss: 0.000016
Train Epoch: 46 [800/6714 (12%)]	Loss: 0.000049
Train Epoch: 46 [1200/6714 (18%)]	Loss: 0.000063
Train Epoch: 46 [1600/6714 (24%)]	Loss: 0.000014
Train Epoch: 46 [2000/6714 (30%)]	Loss: 0.000018
Train Epoch: 46 [2400/6714 (36%)]	Loss: 0.000375
Train Epoch: 46 [2800/6714 (42%)]	Loss: 0.000030
Train Epoch: 46 [3200/6714 (48%)]	Loss: 0.000026
Train Epoch: 46 [3600/6714 (54%)]	Loss: 0.000031
Train Epoch: 46 [4000/6714 (60%)]	Loss: 0.000030
Train Epoch: 46 [4400/6714 (65%)]	Loss: 0.000190
Train Epoch: 46 [4800/6714 (71%)]	Loss: 0.000020
Train Epoch: 46 [5200/6714 (77%)]	Loss: 0.000261
Train Epoch: 46 [5600/6714 (83%)]	Loss: 0.000039
Train Epoch: 46 [6000/6714 (89%)]	Loss: 0.000257
Train Epoch: 46 [6400/6714 (95%)]	Loss: 0.000015
Test set: Average loss: 1.4244, Accuracy: 1250/1678 (74%)
Train Epoch: 47 [0/6714 (0%)]	Loss: 0.000083
Train Epoch: 47 [400/6714 (6%)]	Loss: 0.000178
Train Epoch: 47 [800/6714 (12%)]	Loss: 0.000070
Train Epoch: 47 [1200/6714 (18%)]	Loss: 0.000127
Train Epoch: 47 [1600/6714 (24%)]	Loss: 0.000068
Train Epoch: 47 [2000/6714 (30%)]	Loss: 0.000156
Train Epoch: 47 [2400/6714 (36%)]	Loss: 0.000113
Train Epoch: 47 [2800/6714 (42%)]	Loss: 0.000020
Train Epoch: 47 [3200/6714 (48%)]	Loss: 0.000043
Train Epoch: 47 [3600/6714 (54%)]	Loss: 0.000031
Train Epoch: 47 [4000/6714 (60%)]	Loss: 0.000025
Train Epoch: 47 [4400/6714 (65%)]	Loss: 0.000029
Train Epoch: 47 [4800/6714 (71%)]	Loss: 0.000093
Train Epoch: 47 [5200/6714 (77%)]	Loss: 0.000011
Train Epoch: 47 [5600/6714 (83%)]	Loss: 0.000069
Train Epoch: 47 [6000/6714 (89%)]	Loss: 0.000023
Train Epoch: 47 [6400/6714 (95%)]	Loss: 0.000800
Test set: Average loss: 1.4277, Accuracy: 1245/1678 (74%)
Train Epoch: 48 [0/6714 (0%)]	Loss: 0.000398
Train Epoch: 48 [400/6714 (6%)]	Loss: 0.000038
Train Epoch: 48 [800/6714 (12%)]	Loss: 0.000030
Train Epoch: 48 [1200/6714 (18%)]	Loss: 0.000033
Train Epoch: 48 [1600/6714 (24%)]	Loss: 0.000028
Train Epoch: 48 [2000/6714 (30%)]	Loss: 0.000045
Train Epoch: 48 [2400/6714 (36%)]	Loss: 0.000095
Train Epoch: 48 [2800/6714 (42%)]	Loss: 0.000020
Train Epoch: 48 [3200/6714 (48%)]	Loss: 0.000446
Train Epoch: 48 [3600/6714 (54%)]	Loss: 0.000032
Train Epoch: 48 [4000/6714 (60%)]	Loss: 0.000115
Train Epoch: 48 [4400/6714 (65%)]	Loss: 0.000033
Train Epoch: 48 [4800/6714 (71%)]	Loss: 0.000044
Train Epoch: 48 [5200/6714 (77%)]	Loss: 0.000162
Train Epoch: 48 [5600/6714 (83%)]	Loss: 0.000015
Train Epoch: 48 [6000/6714 (89%)]	Loss: 0.000030
Train Epoch: 48 [6400/6714 (95%)]	Loss: 0.000139
Test set: Average loss: 1.4144, Accuracy: 1246/1678 (74%)
Train Epoch: 49 [0/6714 (0%)]	Loss: 0.000054
Train Epoch: 49 [400/6714 (6%)]	Loss: 0.000047
Train Epoch: 49 [800/6714 (12%)]	Loss: 0.000043
Train Epoch: 49 [1200/6714 (18%)]	Loss: 0.000066
Train Epoch: 49 [1600/6714 (24%)]	Loss: 0.000030
Train Epoch: 49 [2000/6714 (30%)]	Loss: 0.000090
Train Epoch: 49 [2400/6714 (36%)]	Loss: 0.000046
Train Epoch: 49 [2800/6714 (42%)]	Loss: 0.000022
Train Epoch: 49 [3200/6714 (48%)]	Loss: 0.000017
Train Epoch: 49 [3600/6714 (54%)]	Loss: 0.000353
Train Epoch: 49 [4000/6714 (60%)]	Loss: 0.000283
Train Epoch: 49 [4400/6714 (65%)]	Loss: 0.000023
Train Epoch: 49 [4800/6714 (71%)]	Loss: 0.000022
Train Epoch: 49 [5200/6714 (77%)]	Loss: 0.000244
Train Epoch: 49 [5600/6714 (83%)]	Loss: 0.000015
Train Epoch: 49 [6000/6714 (89%)]	Loss: 0.000033
Train Epoch: 49 [6400/6714 (95%)]	Loss: 0.000063
Test set: Average loss: 1.4206, Accuracy: 1244/1678 (74%)
Train Epoch: 50 [0/6714 (0%)]	Loss: 0.000206
Train Epoch: 50 [400/6714 (6%)]	Loss: 0.000023
Train Epoch: 50 [800/6714 (12%)]	Loss: 0.000025
Train Epoch: 50 [1200/6714 (18%)]	Loss: 0.000059
Train Epoch: 50 [1600/6714 (24%)]	Loss: 0.000042
Train Epoch: 50 [2000/6714 (30%)]	Loss: 0.000016
Train Epoch: 50 [2400/6714 (36%)]	Loss: 0.000057
Train Epoch: 50 [2800/6714 (42%)]	Loss: 0.000081
Train Epoch: 50 [3200/6714 (48%)]	Loss: 0.000026
Train Epoch: 50 [3600/6714 (54%)]	Loss: 0.000065
Train Epoch: 50 [4000/6714 (60%)]	Loss: 0.000022
Train Epoch: 50 [4400/6714 (65%)]	Loss: 0.000028
Train Epoch: 50 [4800/6714 (71%)]	Loss: 0.000153
Train Epoch: 50 [5200/6714 (77%)]	Loss: 0.000595
Train Epoch: 50 [5600/6714 (83%)]	Loss: 0.000272
Train Epoch: 50 [6000/6714 (89%)]	Loss: 0.000028
Train Epoch: 50 [6400/6714 (95%)]	Loss: 0.000026
Test set: Average loss: 1.4003, Accuracy: 1242/1678 (74%)
Train Epoch: 51 [0/6714 (0%)]	Loss: 0.000032
Train Epoch: 51 [400/6714 (6%)]	Loss: 0.000014
Train Epoch: 51 [800/6714 (12%)]	Loss: 0.000069
Train Epoch: 51 [1200/6714 (18%)]	Loss: 0.000250
Train Epoch: 51 [1600/6714 (24%)]	Loss: 0.000022
Train Epoch: 51 [2000/6714 (30%)]	Loss: 0.000018
Train Epoch: 51 [2400/6714 (36%)]	Loss: 0.000113
Train Epoch: 51 [2800/6714 (42%)]	Loss: 0.000016
Train Epoch: 51 [3200/6714 (48%)]	Loss: 0.000086
Train Epoch: 51 [3600/6714 (54%)]	Loss: 0.000023
Train Epoch: 51 [4000/6714 (60%)]	Loss: 0.000012
Train Epoch: 51 [4400/6714 (65%)]	Loss: 0.000031
Train Epoch: 51 [4800/6714 (71%)]	Loss: 0.000059
Train Epoch: 51 [5200/6714 (77%)]	Loss: 0.000045
Train Epoch: 51 [5600/6714 (83%)]	Loss: 0.000292
Train Epoch: 51 [6000/6714 (89%)]	Loss: 0.000330
Train Epoch: 51 [6400/6714 (95%)]	Loss: 0.000263
Test set: Average loss: 1.4406, Accuracy: 1240/1678 (73%)
Train Epoch: 52 [0/6714 (0%)]	Loss: 0.000018
Train Epoch: 52 [400/6714 (6%)]	Loss: 0.000094
Train Epoch: 52 [800/6714 (12%)]	Loss: 0.000112
Train Epoch: 52 [1200/6714 (18%)]	Loss: 0.000023
Train Epoch: 52 [1600/6714 (24%)]	Loss: 0.000033
Train Epoch: 52 [2000/6714 (30%)]	Loss: 0.000015
Train Epoch: 52 [2400/6714 (36%)]	Loss: 0.000014
Train Epoch: 52 [2800/6714 (42%)]	Loss: 0.000022
Train Epoch: 52 [3200/6714 (48%)]	Loss: 0.000037
Train Epoch: 52 [3600/6714 (54%)]	Loss: 0.000188
Train Epoch: 52 [4000/6714 (60%)]	Loss: 0.000041
Train Epoch: 52 [4400/6714 (65%)]	Loss: 0.000109
Train Epoch: 52 [4800/6714 (71%)]	Loss: 0.000405
Train Epoch: 52 [5200/6714 (77%)]	Loss: 0.000040
Train Epoch: 52 [5600/6714 (83%)]	Loss: 0.000398
Train Epoch: 52 [6000/6714 (89%)]	Loss: 0.000548
Train Epoch: 52 [6400/6714 (95%)]	Loss: 0.000111
Test set: Average loss: 1.4360, Accuracy: 1244/1678 (74%)
Train Epoch: 53 [0/6714 (0%)]	Loss: 0.000022
Train Epoch: 53 [400/6714 (6%)]	Loss: 0.000066
Train Epoch: 53 [800/6714 (12%)]	Loss: 0.000010
Train Epoch: 53 [1200/6714 (18%)]	Loss: 0.000040
Train Epoch: 53 [1600/6714 (24%)]	Loss: 0.000030
Train Epoch: 53 [2000/6714 (30%)]	Loss: 0.000107
Train Epoch: 53 [2400/6714 (36%)]	Loss: 0.000062
Train Epoch: 53 [2800/6714 (42%)]	Loss: 0.000060
Train Epoch: 53 [3200/6714 (48%)]	Loss: 0.000034
Train Epoch: 53 [3600/6714 (54%)]	Loss: 0.000072
Train Epoch: 53 [4000/6714 (60%)]	Loss: 0.000012
Train Epoch: 53 [4400/6714 (65%)]	Loss: 0.000579
Train Epoch: 53 [4800/6714 (71%)]	Loss: 0.000039
Train Epoch: 53 [5200/6714 (77%)]	Loss: 0.000014
Train Epoch: 53 [5600/6714 (83%)]	Loss: 0.000177
Train Epoch: 53 [6000/6714 (89%)]	Loss: 0.000083
Train Epoch: 53 [6400/6714 (95%)]	Loss: 0.000018
Test set: Average loss: 1.4448, Accuracy: 1242/1678 (74%)
Train Epoch: 54 [0/6714 (0%)]	Loss: 0.000023
Train Epoch: 54 [400/6714 (6%)]	Loss: 0.000072
Train Epoch: 54 [800/6714 (12%)]	Loss: 0.000011
Train Epoch: 54 [1200/6714 (18%)]	Loss: 0.000031
Train Epoch: 54 [1600/6714 (24%)]	Loss: 0.000023
Train Epoch: 54 [2000/6714 (30%)]	Loss: 0.000029
Train Epoch: 54 [2400/6714 (36%)]	Loss: 0.000419
Train Epoch: 54 [2800/6714 (42%)]	Loss: 0.000032
Train Epoch: 54 [3200/6714 (48%)]	Loss: 0.000012
Train Epoch: 54 [3600/6714 (54%)]	Loss: 0.000040
Train Epoch: 54 [4000/6714 (60%)]	Loss: 0.000450
Train Epoch: 54 [4400/6714 (65%)]	Loss: 0.000158
Train Epoch: 54 [4800/6714 (71%)]	Loss: 0.000034
Train Epoch: 54 [5200/6714 (77%)]	Loss: 0.000016
Train Epoch: 54 [5600/6714 (83%)]	Loss: 0.000036
Train Epoch: 54 [6000/6714 (89%)]	Loss: 0.000013
Train Epoch: 54 [6400/6714 (95%)]	Loss: 0.000127
Test set: Average loss: 1.4338, Accuracy: 1243/1678 (74%)
Train Epoch: 55 [0/6714 (0%)]	Loss: 0.000132
Train Epoch: 55 [400/6714 (6%)]	Loss: 0.000493
Train Epoch: 55 [800/6714 (12%)]	Loss: 0.000018
Train Epoch: 55 [1200/6714 (18%)]	Loss: 0.000104
Train Epoch: 55 [1600/6714 (24%)]	Loss: 0.000033
Train Epoch: 55 [2000/6714 (30%)]	Loss: 0.000060
Train Epoch: 55 [2400/6714 (36%)]	Loss: 0.000018
Train Epoch: 55 [2800/6714 (42%)]	Loss: 0.000036
Train Epoch: 55 [3200/6714 (48%)]	Loss: 0.000022
Train Epoch: 55 [3600/6714 (54%)]	Loss: 0.000016
Train Epoch: 55 [4000/6714 (60%)]	Loss: 0.000034
Train Epoch: 55 [4400/6714 (65%)]	Loss: 0.000055
Train Epoch: 55 [4800/6714 (71%)]	Loss: 0.000094
Train Epoch: 55 [5200/6714 (77%)]	Loss: 0.000036
Train Epoch: 55 [5600/6714 (83%)]	Loss: 0.000050
Train Epoch: 55 [6000/6714 (89%)]	Loss: 0.000030
Train Epoch: 55 [6400/6714 (95%)]	Loss: 0.000072
Test set: Average loss: 1.4405, Accuracy: 1239/1678 (73%)
Train Epoch: 56 [0/6714 (0%)]	Loss: 0.000062
Train Epoch: 56 [400/6714 (6%)]	Loss: 0.000088
Train Epoch: 56 [800/6714 (12%)]	Loss: 0.000012
Train Epoch: 56 [1200/6714 (18%)]	Loss: 0.000021
Train Epoch: 56 [1600/6714 (24%)]	Loss: 0.000055
Train Epoch: 56 [2000/6714 (30%)]	Loss: 0.000472
Train Epoch: 56 [2400/6714 (36%)]	Loss: 0.000036
Train Epoch: 56 [2800/6714 (42%)]	Loss: 0.000013
Train Epoch: 56 [3200/6714 (48%)]	Loss: 0.000011
Train Epoch: 56 [3600/6714 (54%)]	Loss: 0.000079
Train Epoch: 56 [4000/6714 (60%)]	Loss: 0.000075
Train Epoch: 56 [4400/6714 (65%)]	Loss: 0.000017
Train Epoch: 56 [4800/6714 (71%)]	Loss: 0.000117
Train Epoch: 56 [5200/6714 (77%)]	Loss: 0.000103
Train Epoch: 56 [5600/6714 (83%)]	Loss: 0.000079
Train Epoch: 56 [6000/6714 (89%)]	Loss: 0.000251
Train Epoch: 56 [6400/6714 (95%)]	Loss: 0.000088
Test set: Average loss: 1.6219, Accuracy: 1183/1678 (70%)
Train Epoch: 57 [0/6714 (0%)]	Loss: 0.000030
Train Epoch: 57 [400/6714 (6%)]	Loss: 0.000101
Train Epoch: 57 [800/6714 (12%)]	Loss: 0.000028
Train Epoch: 57 [1200/6714 (18%)]	Loss: 0.002941
Train Epoch: 57 [1600/6714 (24%)]	Loss: 0.000224
Train Epoch: 57 [2000/6714 (30%)]	Loss: 0.000043
Train Epoch: 57 [2400/6714 (36%)]	Loss: 0.000032
Train Epoch: 57 [2800/6714 (42%)]	Loss: 0.000044
Train Epoch: 57 [3200/6714 (48%)]	Loss: 0.000286
Train Epoch: 57 [3600/6714 (54%)]	Loss: 0.000017
Train Epoch: 57 [4000/6714 (60%)]	Loss: 0.000031
Train Epoch: 57 [4400/6714 (65%)]	Loss: 0.000183
Train Epoch: 57 [4800/6714 (71%)]	Loss: 0.000019
Train Epoch: 57 [5200/6714 (77%)]	Loss: 0.000026
Train Epoch: 57 [5600/6714 (83%)]	Loss: 0.000007
Train Epoch: 57 [6000/6714 (89%)]	Loss: 0.000022
Train Epoch: 57 [6400/6714 (95%)]	Loss: 0.000783
Test set: Average loss: 1.4421, Accuracy: 1240/1678 (73%)
Train Epoch: 58 [0/6714 (0%)]	Loss: 0.000027
Train Epoch: 58 [400/6714 (6%)]	Loss: 0.000027
Train Epoch: 58 [800/6714 (12%)]	Loss: 0.000095
Train Epoch: 58 [1200/6714 (18%)]	Loss: 0.000069
Train Epoch: 58 [1600/6714 (24%)]	Loss: 0.000026
Train Epoch: 58 [2000/6714 (30%)]	Loss: 0.000040
Train Epoch: 58 [2400/6714 (36%)]	Loss: 0.000039
Train Epoch: 58 [2800/6714 (42%)]	Loss: 0.000596
Train Epoch: 58 [3200/6714 (48%)]	Loss: 0.000044
Train Epoch: 58 [3600/6714 (54%)]	Loss: 0.000030
Train Epoch: 58 [4000/6714 (60%)]	Loss: 0.000295
Train Epoch: 58 [4400/6714 (65%)]	Loss: 0.000068
Train Epoch: 58 [4800/6714 (71%)]	Loss: 0.000384
Train Epoch: 58 [5200/6714 (77%)]	Loss: 0.000040
Train Epoch: 58 [5600/6714 (83%)]	Loss: 0.000021
Train Epoch: 58 [6000/6714 (89%)]	Loss: 0.000055
Train Epoch: 58 [6400/6714 (95%)]	Loss: 0.000025
Test set: Average loss: 1.4459, Accuracy: 1229/1678 (73%)
Train Epoch: 59 [0/6714 (0%)]	Loss: 0.000017
Train Epoch: 59 [400/6714 (6%)]	Loss: 0.000062
Train Epoch: 59 [800/6714 (12%)]	Loss: 0.000192
Train Epoch: 59 [1200/6714 (18%)]	Loss: 0.000077
Train Epoch: 59 [1600/6714 (24%)]	Loss: 0.000012
Train Epoch: 59 [2000/6714 (30%)]	Loss: 0.000208
Train Epoch: 59 [2400/6714 (36%)]	Loss: 0.000015
Train Epoch: 59 [2800/6714 (42%)]	Loss: 0.000014
Train Epoch: 59 [3200/6714 (48%)]	Loss: 0.000041
Train Epoch: 59 [3600/6714 (54%)]	Loss: 0.000035
Train Epoch: 59 [4000/6714 (60%)]	Loss: 0.000061
Train Epoch: 59 [4400/6714 (65%)]	Loss: 0.000019
Train Epoch: 59 [4800/6714 (71%)]	Loss: 0.000064
Train Epoch: 59 [5200/6714 (77%)]	Loss: 0.000010
Train Epoch: 59 [5600/6714 (83%)]	Loss: 0.000068
Train Epoch: 59 [6000/6714 (89%)]	Loss: 0.000085
Train Epoch: 59 [6400/6714 (95%)]	Loss: 0.000444
Test set: Average loss: 1.4491, Accuracy: 1241/1678 (73%)
Train Epoch: 60 [0/6714 (0%)]	Loss: 0.000036
Train Epoch: 60 [400/6714 (6%)]	Loss: 0.000309
Train Epoch: 60 [800/6714 (12%)]	Loss: 0.000029
Train Epoch: 60 [1200/6714 (18%)]	Loss: 0.000086
Train Epoch: 60 [1600/6714 (24%)]	Loss: 0.000045
Train Epoch: 60 [2000/6714 (30%)]	Loss: 0.000016
Train Epoch: 60 [2400/6714 (36%)]	Loss: 0.000056
Train Epoch: 60 [2800/6714 (42%)]	Loss: 0.000009
Train Epoch: 60 [3200/6714 (48%)]	Loss: 0.000012
Train Epoch: 60 [3600/6714 (54%)]	Loss: 0.000098
Train Epoch: 60 [4000/6714 (60%)]	Loss: 0.000060
Train Epoch: 60 [4400/6714 (65%)]	Loss: 0.000077
Train Epoch: 60 [4800/6714 (71%)]	Loss: 0.000029
Train Epoch: 60 [5200/6714 (77%)]	Loss: 0.000089
Train Epoch: 60 [5600/6714 (83%)]	Loss: 0.000029
Train Epoch: 60 [6000/6714 (89%)]	Loss: 0.000027
Train Epoch: 60 [6400/6714 (95%)]	Loss: 0.000310
Test set: Average loss: 1.4663, Accuracy: 1241/1678 (73%)
