getting datasets
finished
trainning lapel_design_labels:
Train Epoch: 1 [0/5627 (0%)]	Loss: 1.756078
Train Epoch: 1 [400/5627 (7%)]	Loss: 1.582289
Train Epoch: 1 [800/5627 (14%)]	Loss: 1.600938
Train Epoch: 1 [1200/5627 (21%)]	Loss: 1.372529
Train Epoch: 1 [1600/5627 (28%)]	Loss: 1.619520
Train Epoch: 1 [2000/5627 (35%)]	Loss: 1.336038
Train Epoch: 1 [2400/5627 (43%)]	Loss: 1.421513
Train Epoch: 1 [2800/5627 (50%)]	Loss: 1.662225
Train Epoch: 1 [3200/5627 (57%)]	Loss: 0.928971
Train Epoch: 1 [3600/5627 (64%)]	Loss: 1.249822
Train Epoch: 1 [4000/5627 (71%)]	Loss: 1.083213
Train Epoch: 1 [4400/5627 (78%)]	Loss: 1.392432
Train Epoch: 1 [4800/5627 (85%)]	Loss: 1.224333
Train Epoch: 1 [5200/5627 (92%)]	Loss: 1.074757
Train Epoch: 1 [3780/5627 (99%)]	Loss: 0.982051
Test set: Average loss: 1.5642, Accuracy: 370/1406 (26%)
Train Epoch: 2 [0/5627 (0%)]	Loss: 1.020911
Train Epoch: 2 [400/5627 (7%)]	Loss: 0.788499
Train Epoch: 2 [800/5627 (14%)]	Loss: 0.645124
Train Epoch: 2 [1200/5627 (21%)]	Loss: 0.897384
Train Epoch: 2 [1600/5627 (28%)]	Loss: 0.705536
Train Epoch: 2 [2000/5627 (35%)]	Loss: 1.079827
Train Epoch: 2 [2400/5627 (43%)]	Loss: 0.920284
Train Epoch: 2 [2800/5627 (50%)]	Loss: 1.005966
Train Epoch: 2 [3200/5627 (57%)]	Loss: 0.895784
Train Epoch: 2 [3600/5627 (64%)]	Loss: 0.561309
Train Epoch: 2 [4000/5627 (71%)]	Loss: 0.830378
Train Epoch: 2 [4400/5627 (78%)]	Loss: 0.726241
Train Epoch: 2 [4800/5627 (85%)]	Loss: 0.924714
Train Epoch: 2 [5200/5627 (92%)]	Loss: 0.776813
Train Epoch: 2 [3780/5627 (99%)]	Loss: 0.877424
Test set: Average loss: 1.8351, Accuracy: 324/1406 (23%)
Train Epoch: 3 [0/5627 (0%)]	Loss: 0.564242
Train Epoch: 3 [400/5627 (7%)]	Loss: 0.372070
Train Epoch: 3 [800/5627 (14%)]	Loss: 0.453872
Train Epoch: 3 [1200/5627 (21%)]	Loss: 0.625244
Train Epoch: 3 [1600/5627 (28%)]	Loss: 0.506022
Train Epoch: 3 [2000/5627 (35%)]	Loss: 0.248770
Train Epoch: 3 [2400/5627 (43%)]	Loss: 0.496401
Train Epoch: 3 [2800/5627 (50%)]	Loss: 0.583331
Train Epoch: 3 [3200/5627 (57%)]	Loss: 0.485437
Train Epoch: 3 [3600/5627 (64%)]	Loss: 0.298123
Train Epoch: 3 [4000/5627 (71%)]	Loss: 0.476801
Train Epoch: 3 [4400/5627 (78%)]	Loss: 0.732281
Train Epoch: 3 [4800/5627 (85%)]	Loss: 0.351402
Train Epoch: 3 [5200/5627 (92%)]	Loss: 0.518165
Train Epoch: 3 [3780/5627 (99%)]	Loss: 0.359836
Test set: Average loss: 2.5143, Accuracy: 202/1406 (14%)
Train Epoch: 4 [0/5627 (0%)]	Loss: 0.283245
Train Epoch: 4 [400/5627 (7%)]	Loss: 0.195534
Train Epoch: 4 [800/5627 (14%)]	Loss: 0.198096
Train Epoch: 4 [1200/5627 (21%)]	Loss: 0.375735
Train Epoch: 4 [1600/5627 (28%)]	Loss: 0.204566
Train Epoch: 4 [2000/5627 (35%)]	Loss: 0.211912
Train Epoch: 4 [2400/5627 (43%)]	Loss: 0.204934
Train Epoch: 4 [2800/5627 (50%)]	Loss: 0.498223
Train Epoch: 4 [3200/5627 (57%)]	Loss: 0.221451
Train Epoch: 4 [3600/5627 (64%)]	Loss: 0.115115
Train Epoch: 4 [4000/5627 (71%)]	Loss: 0.230561
Train Epoch: 4 [4400/5627 (78%)]	Loss: 0.353162
Train Epoch: 4 [4800/5627 (85%)]	Loss: 0.254056
Train Epoch: 4 [5200/5627 (92%)]	Loss: 0.273799
Train Epoch: 4 [3780/5627 (99%)]	Loss: 0.168390
Test set: Average loss: 2.4114, Accuracy: 203/1406 (14%)
Train Epoch: 5 [0/5627 (0%)]	Loss: 0.083616
Train Epoch: 5 [400/5627 (7%)]	Loss: 0.050965
Train Epoch: 5 [800/5627 (14%)]	Loss: 0.103411
Train Epoch: 5 [1200/5627 (21%)]	Loss: 0.106212
Train Epoch: 5 [1600/5627 (28%)]	Loss: 0.045639
Train Epoch: 5 [2000/5627 (35%)]	Loss: 0.125331
Train Epoch: 5 [2400/5627 (43%)]	Loss: 0.240522
Train Epoch: 5 [2800/5627 (50%)]	Loss: 0.095229
Train Epoch: 5 [3200/5627 (57%)]	Loss: 0.054081
Train Epoch: 5 [3600/5627 (64%)]	Loss: 0.054168
Train Epoch: 5 [4000/5627 (71%)]	Loss: 0.042142
Train Epoch: 5 [4400/5627 (78%)]	Loss: 0.067515
Train Epoch: 5 [4800/5627 (85%)]	Loss: 0.055280
Train Epoch: 5 [5200/5627 (92%)]	Loss: 0.195647
Train Epoch: 5 [3780/5627 (99%)]	Loss: 0.271644
Test set: Average loss: 2.9072, Accuracy: 211/1406 (15%)
Train Epoch: 6 [0/5627 (0%)]	Loss: 0.056063
Train Epoch: 6 [400/5627 (7%)]	Loss: 0.032710
Train Epoch: 6 [800/5627 (14%)]	Loss: 0.046802
Train Epoch: 6 [1200/5627 (21%)]	Loss: 0.280435
Train Epoch: 6 [1600/5627 (28%)]	Loss: 0.107182
Train Epoch: 6 [2000/5627 (35%)]	Loss: 0.163033
Train Epoch: 6 [2400/5627 (43%)]	Loss: 0.171847
Train Epoch: 6 [2800/5627 (50%)]	Loss: 0.048998
Train Epoch: 6 [3200/5627 (57%)]	Loss: 0.030419
Train Epoch: 6 [3600/5627 (64%)]	Loss: 0.127402
Train Epoch: 6 [4000/5627 (71%)]	Loss: 0.034010
Train Epoch: 6 [4400/5627 (78%)]	Loss: 0.125341
Train Epoch: 6 [4800/5627 (85%)]	Loss: 0.056543
Train Epoch: 6 [5200/5627 (92%)]	Loss: 0.118025
Train Epoch: 6 [3780/5627 (99%)]	Loss: 0.708545
Test set: Average loss: 3.2854, Accuracy: 202/1406 (14%)
Train Epoch: 7 [0/5627 (0%)]	Loss: 0.161865
Train Epoch: 7 [400/5627 (7%)]	Loss: 0.131982
Train Epoch: 7 [800/5627 (14%)]	Loss: 0.023214
Train Epoch: 7 [1200/5627 (21%)]	Loss: 0.025284
Train Epoch: 7 [1600/5627 (28%)]	Loss: 0.013427
Train Epoch: 7 [2000/5627 (35%)]	Loss: 0.022661
Train Epoch: 7 [2400/5627 (43%)]	Loss: 0.071496
Train Epoch: 7 [2800/5627 (50%)]	Loss: 0.058730
Train Epoch: 7 [3200/5627 (57%)]	Loss: 0.040857
Train Epoch: 7 [3600/5627 (64%)]	Loss: 0.008245
Train Epoch: 7 [4000/5627 (71%)]	Loss: 0.022900
Train Epoch: 7 [4400/5627 (78%)]	Loss: 0.003901
Train Epoch: 7 [4800/5627 (85%)]	Loss: 0.065409
Train Epoch: 7 [5200/5627 (92%)]	Loss: 0.058931
Train Epoch: 7 [3780/5627 (99%)]	Loss: 0.037141
Test set: Average loss: 3.7505, Accuracy: 202/1406 (14%)
Train Epoch: 8 [0/5627 (0%)]	Loss: 0.021030
Train Epoch: 8 [400/5627 (7%)]	Loss: 0.062282
Train Epoch: 8 [800/5627 (14%)]	Loss: 0.081132
Train Epoch: 8 [1200/5627 (21%)]	Loss: 0.061198
Train Epoch: 8 [1600/5627 (28%)]	Loss: 0.003731
Train Epoch: 8 [2000/5627 (35%)]	Loss: 0.040181
Train Epoch: 8 [2400/5627 (43%)]	Loss: 0.032364
Train Epoch: 8 [2800/5627 (50%)]	Loss: 0.010081
Train Epoch: 8 [3200/5627 (57%)]	Loss: 0.145260
Train Epoch: 8 [3600/5627 (64%)]	Loss: 0.049914
Train Epoch: 8 [4000/5627 (71%)]	Loss: 0.039339
Train Epoch: 8 [4400/5627 (78%)]	Loss: 0.021031
Train Epoch: 8 [4800/5627 (85%)]	Loss: 0.004114
Train Epoch: 8 [5200/5627 (92%)]	Loss: 0.020657
Train Epoch: 8 [3780/5627 (99%)]	Loss: 0.162053
Test set: Average loss: 2.9931, Accuracy: 434/1406 (30%)
Train Epoch: 9 [0/5627 (0%)]	Loss: 0.019135
Train Epoch: 9 [400/5627 (7%)]	Loss: 0.059810
Train Epoch: 9 [800/5627 (14%)]	Loss: 0.015090
Train Epoch: 9 [1200/5627 (21%)]	Loss: 0.005577
Train Epoch: 9 [1600/5627 (28%)]	Loss: 0.050199
Train Epoch: 9 [2000/5627 (35%)]	Loss: 0.022484
Train Epoch: 9 [2400/5627 (43%)]	Loss: 0.029018
Train Epoch: 9 [2800/5627 (50%)]	Loss: 0.015450
Train Epoch: 9 [3200/5627 (57%)]	Loss: 0.010165
Train Epoch: 9 [3600/5627 (64%)]	Loss: 0.086856
Train Epoch: 9 [4000/5627 (71%)]	Loss: 0.044641
Train Epoch: 9 [4400/5627 (78%)]	Loss: 0.026604
Train Epoch: 9 [4800/5627 (85%)]	Loss: 0.143511
Train Epoch: 9 [5200/5627 (92%)]	Loss: 0.019718
Train Epoch: 9 [3780/5627 (99%)]	Loss: 0.003808
Test set: Average loss: 2.4632, Accuracy: 408/1406 (29%)
Train Epoch: 10 [0/5627 (0%)]	Loss: 0.057612
Train Epoch: 10 [400/5627 (7%)]	Loss: 0.016599
Train Epoch: 10 [800/5627 (14%)]	Loss: 0.007088
Train Epoch: 10 [1200/5627 (21%)]	Loss: 0.043959
Train Epoch: 10 [1600/5627 (28%)]	Loss: 0.002175
Train Epoch: 10 [2000/5627 (35%)]	Loss: 0.026943
Train Epoch: 10 [2400/5627 (43%)]	Loss: 0.019629
Train Epoch: 10 [2800/5627 (50%)]	Loss: 0.002748
Train Epoch: 10 [3200/5627 (57%)]	Loss: 0.014464
Train Epoch: 10 [3600/5627 (64%)]	Loss: 0.003647
Train Epoch: 10 [4000/5627 (71%)]	Loss: 0.061367
Train Epoch: 10 [4400/5627 (78%)]	Loss: 0.032901
Train Epoch: 10 [4800/5627 (85%)]	Loss: 0.062397
Train Epoch: 10 [5200/5627 (92%)]	Loss: 0.019272
Train Epoch: 10 [3780/5627 (99%)]	Loss: 0.005940
Test set: Average loss: 2.2866, Accuracy: 483/1406 (34%)
Train Epoch: 11 [0/5627 (0%)]	Loss: 0.007400
Train Epoch: 11 [400/5627 (7%)]	Loss: 0.029377
Train Epoch: 11 [800/5627 (14%)]	Loss: 0.032408
Train Epoch: 11 [1200/5627 (21%)]	Loss: 0.028923
Train Epoch: 11 [1600/5627 (28%)]	Loss: 0.030425
Train Epoch: 11 [2000/5627 (35%)]	Loss: 0.001619
Train Epoch: 11 [2400/5627 (43%)]	Loss: 0.005100
Train Epoch: 11 [2800/5627 (50%)]	Loss: 0.007844
Train Epoch: 11 [3200/5627 (57%)]	Loss: 0.006720
Train Epoch: 11 [3600/5627 (64%)]	Loss: 0.006181
Train Epoch: 11 [4000/5627 (71%)]	Loss: 0.007729
Train Epoch: 11 [4400/5627 (78%)]	Loss: 0.002768
Train Epoch: 11 [4800/5627 (85%)]	Loss: 0.002864
Train Epoch: 11 [5200/5627 (92%)]	Loss: 0.004440
Train Epoch: 11 [3780/5627 (99%)]	Loss: 0.005146
Test set: Average loss: 2.7682, Accuracy: 668/1406 (47%)
Train Epoch: 12 [0/5627 (0%)]	Loss: 0.002644
Train Epoch: 12 [400/5627 (7%)]	Loss: 0.001101
Train Epoch: 12 [800/5627 (14%)]	Loss: 0.001103
Train Epoch: 12 [1200/5627 (21%)]	Loss: 0.002517
Train Epoch: 12 [1600/5627 (28%)]	Loss: 0.002320
Train Epoch: 12 [2000/5627 (35%)]	Loss: 0.001094
Train Epoch: 12 [2400/5627 (43%)]	Loss: 0.001313
Train Epoch: 12 [2800/5627 (50%)]	Loss: 0.000916
Train Epoch: 12 [3200/5627 (57%)]	Loss: 0.008490
Train Epoch: 12 [3600/5627 (64%)]	Loss: 0.014210
Train Epoch: 12 [4000/5627 (71%)]	Loss: 0.001338
Train Epoch: 12 [4400/5627 (78%)]	Loss: 0.003881
Train Epoch: 12 [4800/5627 (85%)]	Loss: 0.003341
Train Epoch: 12 [5200/5627 (92%)]	Loss: 0.002740
Train Epoch: 12 [3780/5627 (99%)]	Loss: 0.000708
Test set: Average loss: 1.9455, Accuracy: 830/1406 (59%)
Train Epoch: 13 [0/5627 (0%)]	Loss: 0.002025
Train Epoch: 13 [400/5627 (7%)]	Loss: 0.002667
Train Epoch: 13 [800/5627 (14%)]	Loss: 0.000946
Train Epoch: 13 [1200/5627 (21%)]	Loss: 0.001113
Train Epoch: 13 [1600/5627 (28%)]	Loss: 0.004634
Train Epoch: 13 [2000/5627 (35%)]	Loss: 0.003403
Train Epoch: 13 [2400/5627 (43%)]	Loss: 0.001397
Train Epoch: 13 [2800/5627 (50%)]	Loss: 0.000611
Train Epoch: 13 [3200/5627 (57%)]	Loss: 0.002031
Train Epoch: 13 [3600/5627 (64%)]	Loss: 0.000473
Train Epoch: 13 [4000/5627 (71%)]	Loss: 0.000348
Train Epoch: 13 [4400/5627 (78%)]	Loss: 0.003724
Train Epoch: 13 [4800/5627 (85%)]	Loss: 0.000293
Train Epoch: 13 [5200/5627 (92%)]	Loss: 0.004769
Train Epoch: 13 [3780/5627 (99%)]	Loss: 0.000879
Test set: Average loss: 1.3591, Accuracy: 967/1406 (68%)
Train Epoch: 14 [0/5627 (0%)]	Loss: 0.001265
Train Epoch: 14 [400/5627 (7%)]	Loss: 0.000547
Train Epoch: 14 [800/5627 (14%)]	Loss: 0.011236
Train Epoch: 14 [1200/5627 (21%)]	Loss: 0.001363
Train Epoch: 14 [1600/5627 (28%)]	Loss: 0.000914
Train Epoch: 14 [2000/5627 (35%)]	Loss: 0.000656
Train Epoch: 14 [2400/5627 (43%)]	Loss: 0.002998
Train Epoch: 14 [2800/5627 (50%)]	Loss: 0.000441
Train Epoch: 14 [3200/5627 (57%)]	Loss: 0.001277
Train Epoch: 14 [3600/5627 (64%)]	Loss: 0.000671
Train Epoch: 14 [4000/5627 (71%)]	Loss: 0.003334
Train Epoch: 14 [4400/5627 (78%)]	Loss: 0.000344
Train Epoch: 14 [4800/5627 (85%)]	Loss: 0.001416
Train Epoch: 14 [5200/5627 (92%)]	Loss: 0.000561
Train Epoch: 14 [3780/5627 (99%)]	Loss: 0.001882
Test set: Average loss: 2.0338, Accuracy: 766/1406 (54%)
Train Epoch: 15 [0/5627 (0%)]	Loss: 0.001126
Train Epoch: 15 [400/5627 (7%)]	Loss: 0.000672
Train Epoch: 15 [800/5627 (14%)]	Loss: 0.005582
Train Epoch: 15 [1200/5627 (21%)]	Loss: 0.000425
Train Epoch: 15 [1600/5627 (28%)]	Loss: 0.024952
Train Epoch: 15 [2000/5627 (35%)]	Loss: 0.001244
Train Epoch: 15 [2400/5627 (43%)]	Loss: 0.001930
Train Epoch: 15 [2800/5627 (50%)]	Loss: 0.001594
Train Epoch: 15 [3200/5627 (57%)]	Loss: 0.001259
Train Epoch: 15 [3600/5627 (64%)]	Loss: 0.000880
Train Epoch: 15 [4000/5627 (71%)]	Loss: 0.018857
Train Epoch: 15 [4400/5627 (78%)]	Loss: 0.000831
Train Epoch: 15 [4800/5627 (85%)]	Loss: 0.001877
Train Epoch: 15 [5200/5627 (92%)]	Loss: 0.016040
Train Epoch: 15 [3780/5627 (99%)]	Loss: 0.001408
Test set: Average loss: 2.1071, Accuracy: 714/1406 (50%)
Train Epoch: 16 [0/5627 (0%)]	Loss: 0.000577
Train Epoch: 16 [400/5627 (7%)]	Loss: 0.000800
Train Epoch: 16 [800/5627 (14%)]	Loss: 0.000431
Train Epoch: 16 [1200/5627 (21%)]	Loss: 0.000196
Train Epoch: 16 [1600/5627 (28%)]	Loss: 0.000736
Train Epoch: 16 [2000/5627 (35%)]	Loss: 0.000813
Train Epoch: 16 [2400/5627 (43%)]	Loss: 0.000273
Train Epoch: 16 [2800/5627 (50%)]	Loss: 0.000227
Train Epoch: 16 [3200/5627 (57%)]	Loss: 0.000131
Train Epoch: 16 [3600/5627 (64%)]	Loss: 0.003225
Train Epoch: 16 [4000/5627 (71%)]	Loss: 0.000872
Train Epoch: 16 [4400/5627 (78%)]	Loss: 0.000448
Train Epoch: 16 [4800/5627 (85%)]	Loss: 0.000899
Train Epoch: 16 [5200/5627 (92%)]	Loss: 0.001511
Train Epoch: 16 [3780/5627 (99%)]	Loss: 0.001987
Test set: Average loss: 2.0382, Accuracy: 741/1406 (52%)
Train Epoch: 17 [0/5627 (0%)]	Loss: 0.003315
Train Epoch: 17 [400/5627 (7%)]	Loss: 0.006548
Train Epoch: 17 [800/5627 (14%)]	Loss: 0.003839
Train Epoch: 17 [1200/5627 (21%)]	Loss: 0.000700
Train Epoch: 17 [1600/5627 (28%)]	Loss: 0.002457
Train Epoch: 17 [2000/5627 (35%)]	Loss: 0.006693
Train Epoch: 17 [2400/5627 (43%)]	Loss: 0.000205
Train Epoch: 17 [2800/5627 (50%)]	Loss: 0.002760
Train Epoch: 17 [3200/5627 (57%)]	Loss: 0.002696
Train Epoch: 17 [3600/5627 (64%)]	Loss: 0.005021
Train Epoch: 17 [4000/5627 (71%)]	Loss: 0.001049
Train Epoch: 17 [4400/5627 (78%)]	Loss: 0.011852
Train Epoch: 17 [4800/5627 (85%)]	Loss: 0.002704
Train Epoch: 17 [5200/5627 (92%)]	Loss: 0.007651
Train Epoch: 17 [3780/5627 (99%)]	Loss: 0.012536
Test set: Average loss: 2.8841, Accuracy: 212/1406 (15%)
Train Epoch: 18 [0/5627 (0%)]	Loss: 0.075627
Train Epoch: 18 [400/5627 (7%)]	Loss: 0.004157
Train Epoch: 18 [800/5627 (14%)]	Loss: 0.098431
Train Epoch: 18 [1200/5627 (21%)]	Loss: 0.045813
Train Epoch: 18 [1600/5627 (28%)]	Loss: 0.056974
Train Epoch: 18 [2000/5627 (35%)]	Loss: 0.041184
Train Epoch: 18 [2400/5627 (43%)]	Loss: 0.004955
Train Epoch: 18 [2800/5627 (50%)]	Loss: 0.004727
Train Epoch: 18 [3200/5627 (57%)]	Loss: 0.000489
Train Epoch: 18 [3600/5627 (64%)]	Loss: 0.007314
Train Epoch: 18 [4000/5627 (71%)]	Loss: 0.027072
Train Epoch: 18 [4400/5627 (78%)]	Loss: 0.002532
Train Epoch: 18 [4800/5627 (85%)]	Loss: 0.025555
Train Epoch: 18 [5200/5627 (92%)]	Loss: 0.003095
Train Epoch: 18 [3780/5627 (99%)]	Loss: 0.245070
Test set: Average loss: 5.4110, Accuracy: 202/1406 (14%)
Train Epoch: 19 [0/5627 (0%)]	Loss: 0.004409
Train Epoch: 19 [400/5627 (7%)]	Loss: 0.006279
Train Epoch: 19 [800/5627 (14%)]	Loss: 0.010847
Train Epoch: 19 [1200/5627 (21%)]	Loss: 0.010292
Train Epoch: 19 [1600/5627 (28%)]	Loss: 0.001034
Train Epoch: 19 [2000/5627 (35%)]	Loss: 0.010043
Train Epoch: 19 [2400/5627 (43%)]	Loss: 0.001140
Train Epoch: 19 [2800/5627 (50%)]	Loss: 0.006644
Train Epoch: 19 [3200/5627 (57%)]	Loss: 0.000877
Train Epoch: 19 [3600/5627 (64%)]	Loss: 0.033203
Train Epoch: 19 [4000/5627 (71%)]	Loss: 0.025998
Train Epoch: 19 [4400/5627 (78%)]	Loss: 0.002045
Train Epoch: 19 [4800/5627 (85%)]	Loss: 0.100113
Train Epoch: 19 [5200/5627 (92%)]	Loss: 0.092389
Train Epoch: 19 [3780/5627 (99%)]	Loss: 0.003457
Test set: Average loss: 2.6483, Accuracy: 326/1406 (23%)
Train Epoch: 20 [0/5627 (0%)]	Loss: 0.048407
Train Epoch: 20 [400/5627 (7%)]	Loss: 0.017095
Train Epoch: 20 [800/5627 (14%)]	Loss: 0.014997
Train Epoch: 20 [1200/5627 (21%)]	Loss: 0.008188
Train Epoch: 20 [1600/5627 (28%)]	Loss: 0.002840
Train Epoch: 20 [2000/5627 (35%)]	Loss: 0.003332
Train Epoch: 20 [2400/5627 (43%)]	Loss: 0.041977
Train Epoch: 20 [2800/5627 (50%)]	Loss: 0.267238
Train Epoch: 20 [3200/5627 (57%)]	Loss: 0.020029
Train Epoch: 20 [3600/5627 (64%)]	Loss: 0.004113
Train Epoch: 20 [4000/5627 (71%)]	Loss: 0.143413
Train Epoch: 20 [4400/5627 (78%)]	Loss: 0.089816
Train Epoch: 20 [4800/5627 (85%)]	Loss: 0.040922
Train Epoch: 20 [5200/5627 (92%)]	Loss: 0.178078
Train Epoch: 20 [3780/5627 (99%)]	Loss: 0.009123
Test set: Average loss: 4.6455, Accuracy: 202/1406 (14%)
Train Epoch: 21 [0/5627 (0%)]	Loss: 0.114680
Train Epoch: 21 [400/5627 (7%)]	Loss: 0.198473
Train Epoch: 21 [800/5627 (14%)]	Loss: 0.121163
Train Epoch: 21 [1200/5627 (21%)]	Loss: 0.040655
Train Epoch: 21 [1600/5627 (28%)]	Loss: 0.011138
Train Epoch: 21 [2000/5627 (35%)]	Loss: 0.061843
Train Epoch: 21 [2400/5627 (43%)]	Loss: 0.053391
Train Epoch: 21 [2800/5627 (50%)]	Loss: 0.114905
Train Epoch: 21 [3200/5627 (57%)]	Loss: 0.010553
Train Epoch: 21 [3600/5627 (64%)]	Loss: 0.015799
Train Epoch: 21 [4000/5627 (71%)]	Loss: 0.012662
Train Epoch: 21 [4400/5627 (78%)]	Loss: 0.000963
Train Epoch: 21 [4800/5627 (85%)]	Loss: 0.003706
Train Epoch: 21 [5200/5627 (92%)]	Loss: 0.060427
Train Epoch: 21 [3780/5627 (99%)]	Loss: 0.002460
Test set: Average loss: 2.2244, Accuracy: 434/1406 (30%)
Train Epoch: 22 [0/5627 (0%)]	Loss: 0.006013
Train Epoch: 22 [400/5627 (7%)]	Loss: 0.002108
Train Epoch: 22 [800/5627 (14%)]	Loss: 0.000818
Train Epoch: 22 [1200/5627 (21%)]	Loss: 0.052208
Train Epoch: 22 [1600/5627 (28%)]	Loss: 0.051336
Train Epoch: 22 [2000/5627 (35%)]	Loss: 0.004012
Train Epoch: 22 [2400/5627 (43%)]	Loss: 0.000258
Train Epoch: 22 [2800/5627 (50%)]	Loss: 0.018357
Train Epoch: 22 [3200/5627 (57%)]	Loss: 0.002025
Train Epoch: 22 [3600/5627 (64%)]	Loss: 0.015538
Train Epoch: 22 [4000/5627 (71%)]	Loss: 0.023390
Train Epoch: 22 [4400/5627 (78%)]	Loss: 0.010003
Train Epoch: 22 [4800/5627 (85%)]	Loss: 0.005503
Train Epoch: 22 [5200/5627 (92%)]	Loss: 0.016082
Train Epoch: 22 [3780/5627 (99%)]	Loss: 0.012153
Test set: Average loss: 3.1064, Accuracy: 326/1406 (23%)
Train Epoch: 23 [0/5627 (0%)]	Loss: 0.022668
Train Epoch: 23 [400/5627 (7%)]	Loss: 0.009857
Train Epoch: 23 [800/5627 (14%)]	Loss: 0.001559
Train Epoch: 23 [1200/5627 (21%)]	Loss: 0.001989
Train Epoch: 23 [1600/5627 (28%)]	Loss: 0.088840
Train Epoch: 23 [2000/5627 (35%)]	Loss: 0.025247
Train Epoch: 23 [2400/5627 (43%)]	Loss: 0.062145
Train Epoch: 23 [2800/5627 (50%)]	Loss: 0.005337
Train Epoch: 23 [3200/5627 (57%)]	Loss: 0.003549
Train Epoch: 23 [3600/5627 (64%)]	Loss: 0.001143
Train Epoch: 23 [4000/5627 (71%)]	Loss: 0.003327
Train Epoch: 23 [4400/5627 (78%)]	Loss: 0.002562
Train Epoch: 23 [4800/5627 (85%)]	Loss: 0.003644
Train Epoch: 23 [5200/5627 (92%)]	Loss: 0.005747
Train Epoch: 23 [3780/5627 (99%)]	Loss: 0.005469
Test set: Average loss: 3.3965, Accuracy: 311/1406 (22%)
Train Epoch: 24 [0/5627 (0%)]	Loss: 0.007192
Train Epoch: 24 [400/5627 (7%)]	Loss: 0.039552
Train Epoch: 24 [800/5627 (14%)]	Loss: 0.003337
Train Epoch: 24 [1200/5627 (21%)]	Loss: 0.026957
Train Epoch: 24 [1600/5627 (28%)]	Loss: 0.039745
Train Epoch: 24 [2000/5627 (35%)]	Loss: 0.008740
Train Epoch: 24 [2400/5627 (43%)]	Loss: 0.000945
Train Epoch: 24 [2800/5627 (50%)]	Loss: 0.017747
Train Epoch: 24 [3200/5627 (57%)]	Loss: 0.014543
Train Epoch: 24 [3600/5627 (64%)]	Loss: 0.000810
Train Epoch: 24 [4000/5627 (71%)]	Loss: 0.016080
Train Epoch: 24 [4400/5627 (78%)]	Loss: 0.001395
Train Epoch: 24 [4800/5627 (85%)]	Loss: 0.012408
Train Epoch: 24 [5200/5627 (92%)]	Loss: 0.002774
Train Epoch: 24 [3780/5627 (99%)]	Loss: 0.081613
Test set: Average loss: 4.7175, Accuracy: 202/1406 (14%)
Train Epoch: 25 [0/5627 (0%)]	Loss: 0.002264
Train Epoch: 25 [400/5627 (7%)]	Loss: 0.001755
Train Epoch: 25 [800/5627 (14%)]	Loss: 0.001714
Train Epoch: 25 [1200/5627 (21%)]	Loss: 0.002611
Train Epoch: 25 [1600/5627 (28%)]	Loss: 0.000571
Train Epoch: 25 [2000/5627 (35%)]	Loss: 0.001754
Train Epoch: 25 [2400/5627 (43%)]	Loss: 0.017606
Train Epoch: 25 [2800/5627 (50%)]	Loss: 0.000169
Train Epoch: 25 [3200/5627 (57%)]	Loss: 0.000415
Train Epoch: 25 [3600/5627 (64%)]	Loss: 0.000699
Train Epoch: 25 [4000/5627 (71%)]	Loss: 0.003241
Train Epoch: 25 [4400/5627 (78%)]	Loss: 0.001544
Train Epoch: 25 [4800/5627 (85%)]	Loss: 0.001236
Train Epoch: 25 [5200/5627 (92%)]	Loss: 0.001812
Train Epoch: 25 [3780/5627 (99%)]	Loss: 0.000388
Test set: Average loss: 2.0370, Accuracy: 743/1406 (52%)
Train Epoch: 26 [0/5627 (0%)]	Loss: 0.001059
Train Epoch: 26 [400/5627 (7%)]	Loss: 0.016885
Train Epoch: 26 [800/5627 (14%)]	Loss: 0.002390
Train Epoch: 26 [1200/5627 (21%)]	Loss: 0.000751
Train Epoch: 26 [1600/5627 (28%)]	Loss: 0.000798
Train Epoch: 26 [2000/5627 (35%)]	Loss: 0.002850
Train Epoch: 26 [2400/5627 (43%)]	Loss: 0.000293
Train Epoch: 26 [2800/5627 (50%)]	Loss: 0.006810
Train Epoch: 26 [3200/5627 (57%)]	Loss: 0.002767
Train Epoch: 26 [3600/5627 (64%)]	Loss: 0.000759
Train Epoch: 26 [4000/5627 (71%)]	Loss: 0.000311
Train Epoch: 26 [4400/5627 (78%)]	Loss: 0.001057
Train Epoch: 26 [4800/5627 (85%)]	Loss: 0.003958
Train Epoch: 26 [5200/5627 (92%)]	Loss: 0.001596
Train Epoch: 26 [3780/5627 (99%)]	Loss: 0.020270
Test set: Average loss: 2.0369, Accuracy: 669/1406 (47%)
Train Epoch: 27 [0/5627 (0%)]	Loss: 0.000531
Train Epoch: 27 [400/5627 (7%)]	Loss: 0.003775
Train Epoch: 27 [800/5627 (14%)]	Loss: 0.000886
Train Epoch: 27 [1200/5627 (21%)]	Loss: 0.001693
Train Epoch: 27 [1600/5627 (28%)]	Loss: 0.005997
Train Epoch: 27 [2000/5627 (35%)]	Loss: 0.000323
Train Epoch: 27 [2400/5627 (43%)]	Loss: 0.028675
Train Epoch: 27 [2800/5627 (50%)]	Loss: 0.001518
Train Epoch: 27 [3200/5627 (57%)]	Loss: 0.001651
Train Epoch: 27 [3600/5627 (64%)]	Loss: 0.000916
Train Epoch: 27 [4000/5627 (71%)]	Loss: 0.017906
Train Epoch: 27 [4400/5627 (78%)]	Loss: 0.002371
Train Epoch: 27 [4800/5627 (85%)]	Loss: 0.013054
Train Epoch: 27 [5200/5627 (92%)]	Loss: 0.008779
Train Epoch: 27 [3780/5627 (99%)]	Loss: 0.000325
Test set: Average loss: 1.3433, Accuracy: 1017/1406 (72%)
Train Epoch: 28 [0/5627 (0%)]	Loss: 0.001288
Train Epoch: 28 [400/5627 (7%)]	Loss: 0.003274
Train Epoch: 28 [800/5627 (14%)]	Loss: 0.000373
Train Epoch: 28 [1200/5627 (21%)]	Loss: 0.000139
Train Epoch: 28 [1600/5627 (28%)]	Loss: 0.000335
Train Epoch: 28 [2000/5627 (35%)]	Loss: 0.000946
Train Epoch: 28 [2400/5627 (43%)]	Loss: 0.000255
Train Epoch: 28 [2800/5627 (50%)]	Loss: 0.000492
Train Epoch: 28 [3200/5627 (57%)]	Loss: 0.000170
Train Epoch: 28 [3600/5627 (64%)]	Loss: 0.000257
Train Epoch: 28 [4000/5627 (71%)]	Loss: 0.000362
Train Epoch: 28 [4400/5627 (78%)]	Loss: 0.003492
Train Epoch: 28 [4800/5627 (85%)]	Loss: 0.002087
Train Epoch: 28 [5200/5627 (92%)]	Loss: 0.000314
Train Epoch: 28 [3780/5627 (99%)]	Loss: 0.000406
Test set: Average loss: 1.6779, Accuracy: 929/1406 (66%)
Train Epoch: 29 [0/5627 (0%)]	Loss: 0.000211
Train Epoch: 29 [400/5627 (7%)]	Loss: 0.001877
Train Epoch: 29 [800/5627 (14%)]	Loss: 0.000851
Train Epoch: 29 [1200/5627 (21%)]	Loss: 0.000365
Train Epoch: 29 [1600/5627 (28%)]	Loss: 0.000346
Train Epoch: 29 [2000/5627 (35%)]	Loss: 0.000239
Train Epoch: 29 [2400/5627 (43%)]	Loss: 0.001669
Train Epoch: 29 [2800/5627 (50%)]	Loss: 0.000207
Train Epoch: 29 [3200/5627 (57%)]	Loss: 0.000181
Train Epoch: 29 [3600/5627 (64%)]	Loss: 0.000169
Train Epoch: 29 [4000/5627 (71%)]	Loss: 0.000397
Train Epoch: 29 [4400/5627 (78%)]	Loss: 0.000223
Train Epoch: 29 [4800/5627 (85%)]	Loss: 0.000285
Train Epoch: 29 [5200/5627 (92%)]	Loss: 0.001433
Train Epoch: 29 [3780/5627 (99%)]	Loss: 0.000979
Test set: Average loss: 1.3887, Accuracy: 1002/1406 (71%)
Train Epoch: 30 [0/5627 (0%)]	Loss: 0.000135
Train Epoch: 30 [400/5627 (7%)]	Loss: 0.000054
Train Epoch: 30 [800/5627 (14%)]	Loss: 0.000102
Train Epoch: 30 [1200/5627 (21%)]	Loss: 0.000088
Train Epoch: 30 [1600/5627 (28%)]	Loss: 0.000238
Train Epoch: 30 [2000/5627 (35%)]	Loss: 0.000173
Train Epoch: 30 [2400/5627 (43%)]	Loss: 0.000134
Train Epoch: 30 [2800/5627 (50%)]	Loss: 0.000367
Train Epoch: 30 [3200/5627 (57%)]	Loss: 0.000161
Train Epoch: 30 [3600/5627 (64%)]	Loss: 0.000232
Train Epoch: 30 [4000/5627 (71%)]	Loss: 0.000343
Train Epoch: 30 [4400/5627 (78%)]	Loss: 0.000204
Train Epoch: 30 [4800/5627 (85%)]	Loss: 0.000693
Train Epoch: 30 [5200/5627 (92%)]	Loss: 0.000058
Train Epoch: 30 [3780/5627 (99%)]	Loss: 0.000211
Test set: Average loss: 1.2170, Accuracy: 1068/1406 (75%)
Train Epoch: 31 [0/5627 (0%)]	Loss: 0.004065
Train Epoch: 31 [400/5627 (7%)]	Loss: 0.000122
Train Epoch: 31 [800/5627 (14%)]	Loss: 0.001189
Train Epoch: 31 [1200/5627 (21%)]	Loss: 0.000113
Train Epoch: 31 [1600/5627 (28%)]	Loss: 0.000373
Train Epoch: 31 [2000/5627 (35%)]	Loss: 0.000112
Train Epoch: 31 [2400/5627 (43%)]	Loss: 0.000498
Train Epoch: 31 [2800/5627 (50%)]	Loss: 0.000094
Train Epoch: 31 [3200/5627 (57%)]	Loss: 0.000235
Train Epoch: 31 [3600/5627 (64%)]	Loss: 0.000217
Train Epoch: 31 [4000/5627 (71%)]	Loss: 0.005617
Train Epoch: 31 [4400/5627 (78%)]	Loss: 0.000219
Train Epoch: 31 [4800/5627 (85%)]	Loss: 0.000244
Train Epoch: 31 [5200/5627 (92%)]	Loss: 0.000088
Train Epoch: 31 [3780/5627 (99%)]	Loss: 0.000126
Test set: Average loss: 1.2915, Accuracy: 1029/1406 (73%)
Train Epoch: 32 [0/5627 (0%)]	Loss: 0.000160
Train Epoch: 32 [400/5627 (7%)]	Loss: 0.000073
Train Epoch: 32 [800/5627 (14%)]	Loss: 0.000204
Train Epoch: 32 [1200/5627 (21%)]	Loss: 0.009244
Train Epoch: 32 [1600/5627 (28%)]	Loss: 0.000215
Train Epoch: 32 [2000/5627 (35%)]	Loss: 0.000219
Train Epoch: 32 [2400/5627 (43%)]	Loss: 0.000328
Train Epoch: 32 [2800/5627 (50%)]	Loss: 0.001127
Train Epoch: 32 [3200/5627 (57%)]	Loss: 0.000071
Train Epoch: 32 [3600/5627 (64%)]	Loss: 0.000141
Train Epoch: 32 [4000/5627 (71%)]	Loss: 0.000194
Train Epoch: 32 [4400/5627 (78%)]	Loss: 0.000099
Train Epoch: 32 [4800/5627 (85%)]	Loss: 0.000296
Train Epoch: 32 [5200/5627 (92%)]	Loss: 0.000123
Train Epoch: 32 [3780/5627 (99%)]	Loss: 0.000212
Test set: Average loss: 1.1770, Accuracy: 1065/1406 (75%)
Train Epoch: 33 [0/5627 (0%)]	Loss: 0.000035
Train Epoch: 33 [400/5627 (7%)]	Loss: 0.002276
Train Epoch: 33 [800/5627 (14%)]	Loss: 0.000125
Train Epoch: 33 [1200/5627 (21%)]	Loss: 0.000326
Train Epoch: 33 [1600/5627 (28%)]	Loss: 0.001403
Train Epoch: 33 [2000/5627 (35%)]	Loss: 0.000115
Train Epoch: 33 [2400/5627 (43%)]	Loss: 0.000106
Train Epoch: 33 [2800/5627 (50%)]	Loss: 0.000128
Train Epoch: 33 [3200/5627 (57%)]	Loss: 0.001123
Train Epoch: 33 [3600/5627 (64%)]	Loss: 0.000074
Train Epoch: 33 [4000/5627 (71%)]	Loss: 0.000046
Train Epoch: 33 [4400/5627 (78%)]	Loss: 0.000039
Train Epoch: 33 [4800/5627 (85%)]	Loss: 0.000763
Train Epoch: 33 [5200/5627 (92%)]	Loss: 0.000140
Train Epoch: 33 [3780/5627 (99%)]	Loss: 0.000214
Test set: Average loss: 1.1977, Accuracy: 1077/1406 (76%)
Train Epoch: 34 [0/5627 (0%)]	Loss: 0.000055
Train Epoch: 34 [400/5627 (7%)]	Loss: 0.000084
Train Epoch: 34 [800/5627 (14%)]	Loss: 0.000040
Train Epoch: 34 [1200/5627 (21%)]	Loss: 0.000137
Train Epoch: 34 [1600/5627 (28%)]	Loss: 0.000114
Train Epoch: 34 [2000/5627 (35%)]	Loss: 0.000213
Train Epoch: 34 [2400/5627 (43%)]	Loss: 0.002366
Train Epoch: 34 [2800/5627 (50%)]	Loss: 0.000409
Train Epoch: 34 [3200/5627 (57%)]	Loss: 0.000086
Train Epoch: 34 [3600/5627 (64%)]	Loss: 0.000107
Train Epoch: 34 [4000/5627 (71%)]	Loss: 0.000078
Train Epoch: 34 [4400/5627 (78%)]	Loss: 0.000473
Train Epoch: 34 [4800/5627 (85%)]	Loss: 0.000122
Train Epoch: 34 [5200/5627 (92%)]	Loss: 0.000753
Train Epoch: 34 [3780/5627 (99%)]	Loss: 0.000101
Test set: Average loss: 1.2235, Accuracy: 1066/1406 (75%)
Train Epoch: 35 [0/5627 (0%)]	Loss: 0.000791
Train Epoch: 35 [400/5627 (7%)]	Loss: 0.000124
Train Epoch: 35 [800/5627 (14%)]	Loss: 0.000194
Train Epoch: 35 [1200/5627 (21%)]	Loss: 0.000120
Train Epoch: 35 [1600/5627 (28%)]	Loss: 0.000071
Train Epoch: 35 [2000/5627 (35%)]	Loss: 0.000061
Train Epoch: 35 [2400/5627 (43%)]	Loss: 0.000115
Train Epoch: 35 [2800/5627 (50%)]	Loss: 0.000161
Train Epoch: 35 [3200/5627 (57%)]	Loss: 0.000055
Train Epoch: 35 [3600/5627 (64%)]	Loss: 0.003988
Train Epoch: 35 [4000/5627 (71%)]	Loss: 0.000206
Train Epoch: 35 [4400/5627 (78%)]	Loss: 0.000378
Train Epoch: 35 [4800/5627 (85%)]	Loss: 0.000266
Train Epoch: 35 [5200/5627 (92%)]	Loss: 0.000136
Train Epoch: 35 [3780/5627 (99%)]	Loss: 0.000572
Test set: Average loss: 1.2163, Accuracy: 1061/1406 (75%)
Train Epoch: 36 [0/5627 (0%)]	Loss: 0.000061
Train Epoch: 36 [400/5627 (7%)]	Loss: 0.000117
Train Epoch: 36 [800/5627 (14%)]	Loss: 0.000118
Train Epoch: 36 [1200/5627 (21%)]	Loss: 0.000273
Train Epoch: 36 [1600/5627 (28%)]	Loss: 0.000217
Train Epoch: 36 [2000/5627 (35%)]	Loss: 0.000604
Train Epoch: 36 [2400/5627 (43%)]	Loss: 0.000063
Train Epoch: 36 [2800/5627 (50%)]	Loss: 0.000088
Train Epoch: 36 [3200/5627 (57%)]	Loss: 0.000171
Train Epoch: 36 [3600/5627 (64%)]	Loss: 0.000136
Train Epoch: 36 [4000/5627 (71%)]	Loss: 0.001380
Train Epoch: 36 [4400/5627 (78%)]	Loss: 0.000146
Train Epoch: 36 [4800/5627 (85%)]	Loss: 0.000059
Train Epoch: 36 [5200/5627 (92%)]	Loss: 0.000024
Train Epoch: 36 [3780/5627 (99%)]	Loss: 0.001951
Test set: Average loss: 1.2536, Accuracy: 1054/1406 (74%)
Train Epoch: 37 [0/5627 (0%)]	Loss: 0.000024
Train Epoch: 37 [400/5627 (7%)]	Loss: 0.001379
Train Epoch: 37 [800/5627 (14%)]	Loss: 0.000492
Train Epoch: 37 [1200/5627 (21%)]	Loss: 0.000156
Train Epoch: 37 [1600/5627 (28%)]	Loss: 0.000084
Train Epoch: 37 [2000/5627 (35%)]	Loss: 0.000112
Train Epoch: 37 [2400/5627 (43%)]	Loss: 0.001460
Train Epoch: 37 [2800/5627 (50%)]	Loss: 0.000080
Train Epoch: 37 [3200/5627 (57%)]	Loss: 0.000692
Train Epoch: 37 [3600/5627 (64%)]	Loss: 0.000134
Train Epoch: 37 [4000/5627 (71%)]	Loss: 0.000059
Train Epoch: 37 [4400/5627 (78%)]	Loss: 0.000101
Train Epoch: 37 [4800/5627 (85%)]	Loss: 0.000040
Train Epoch: 37 [5200/5627 (92%)]	Loss: 0.000048
Train Epoch: 37 [3780/5627 (99%)]	Loss: 0.000048
Test set: Average loss: 1.1839, Accuracy: 1067/1406 (75%)
Train Epoch: 38 [0/5627 (0%)]	Loss: 0.000887
Train Epoch: 38 [400/5627 (7%)]	Loss: 0.000045
Train Epoch: 38 [800/5627 (14%)]	Loss: 0.000258
Train Epoch: 38 [1200/5627 (21%)]	Loss: 0.000045
Train Epoch: 38 [1600/5627 (28%)]	Loss: 0.000047
Train Epoch: 38 [2000/5627 (35%)]	Loss: 0.000035
Train Epoch: 38 [2400/5627 (43%)]	Loss: 0.000029
Train Epoch: 38 [2800/5627 (50%)]	Loss: 0.000441
Train Epoch: 38 [3200/5627 (57%)]	Loss: 0.000322
Train Epoch: 38 [3600/5627 (64%)]	Loss: 0.000144
Train Epoch: 38 [4000/5627 (71%)]	Loss: 0.000056
Train Epoch: 38 [4400/5627 (78%)]	Loss: 0.000024
Train Epoch: 38 [4800/5627 (85%)]	Loss: 0.000046
Train Epoch: 38 [5200/5627 (92%)]	Loss: 0.000169
Train Epoch: 38 [3780/5627 (99%)]	Loss: 0.000012
Test set: Average loss: 1.2005, Accuracy: 1063/1406 (75%)
Train Epoch: 39 [0/5627 (0%)]	Loss: 0.000500
Train Epoch: 39 [400/5627 (7%)]	Loss: 0.000438
Train Epoch: 39 [800/5627 (14%)]	Loss: 0.000026
Train Epoch: 39 [1200/5627 (21%)]	Loss: 0.000051
Train Epoch: 39 [1600/5627 (28%)]	Loss: 0.000065
Train Epoch: 39 [2000/5627 (35%)]	Loss: 0.000522
Train Epoch: 39 [2400/5627 (43%)]	Loss: 0.000029
Train Epoch: 39 [2800/5627 (50%)]	Loss: 0.000163
Train Epoch: 39 [3200/5627 (57%)]	Loss: 0.000037
Train Epoch: 39 [3600/5627 (64%)]	Loss: 0.000134
Train Epoch: 39 [4000/5627 (71%)]	Loss: 0.000594
Train Epoch: 39 [4400/5627 (78%)]	Loss: 0.000079
Train Epoch: 39 [4800/5627 (85%)]	Loss: 0.000259
Train Epoch: 39 [5200/5627 (92%)]	Loss: 0.000103
Train Epoch: 39 [3780/5627 (99%)]	Loss: 0.000141
Test set: Average loss: 1.2205, Accuracy: 1073/1406 (76%)
Train Epoch: 40 [0/5627 (0%)]	Loss: 0.000030
Train Epoch: 40 [400/5627 (7%)]	Loss: 0.000028
Train Epoch: 40 [800/5627 (14%)]	Loss: 0.000158
Train Epoch: 40 [1200/5627 (21%)]	Loss: 0.000174
Train Epoch: 40 [1600/5627 (28%)]	Loss: 0.000074
Train Epoch: 40 [2000/5627 (35%)]	Loss: 0.000082
Train Epoch: 40 [2400/5627 (43%)]	Loss: 0.001135
Train Epoch: 40 [2800/5627 (50%)]	Loss: 0.000262
Train Epoch: 40 [3200/5627 (57%)]	Loss: 0.000144
Train Epoch: 40 [3600/5627 (64%)]	Loss: 0.000060
Train Epoch: 40 [4000/5627 (71%)]	Loss: 0.000117
Train Epoch: 40 [4400/5627 (78%)]	Loss: 0.000054
Train Epoch: 40 [4800/5627 (85%)]	Loss: 0.000157
Train Epoch: 40 [5200/5627 (92%)]	Loss: 0.000324
Train Epoch: 40 [3780/5627 (99%)]	Loss: 0.003539
Test set: Average loss: 1.2991, Accuracy: 1056/1406 (75%)
Train Epoch: 41 [0/5627 (0%)]	Loss: 0.000037
Train Epoch: 41 [400/5627 (7%)]	Loss: 0.000245
Train Epoch: 41 [800/5627 (14%)]	Loss: 0.000123
Train Epoch: 41 [1200/5627 (21%)]	Loss: 0.001919
Train Epoch: 41 [1600/5627 (28%)]	Loss: 0.000051
Train Epoch: 41 [2000/5627 (35%)]	Loss: 0.000376
Train Epoch: 41 [2400/5627 (43%)]	Loss: 0.000039
Train Epoch: 41 [2800/5627 (50%)]	Loss: 0.000064
Train Epoch: 41 [3200/5627 (57%)]	Loss: 0.000029
Train Epoch: 41 [3600/5627 (64%)]	Loss: 0.000056
Train Epoch: 41 [4000/5627 (71%)]	Loss: 0.000041
Train Epoch: 41 [4400/5627 (78%)]	Loss: 0.000110
Train Epoch: 41 [4800/5627 (85%)]	Loss: 0.000225
Train Epoch: 41 [5200/5627 (92%)]	Loss: 0.000058
Train Epoch: 41 [3780/5627 (99%)]	Loss: 0.000150
Test set: Average loss: 1.3202, Accuracy: 1041/1406 (74%)
Train Epoch: 42 [0/5627 (0%)]	Loss: 0.000083
Train Epoch: 42 [400/5627 (7%)]	Loss: 0.000193
Train Epoch: 42 [800/5627 (14%)]	Loss: 0.000392
Train Epoch: 42 [1200/5627 (21%)]	Loss: 0.000236
Train Epoch: 42 [1600/5627 (28%)]	Loss: 0.000090
Train Epoch: 42 [2000/5627 (35%)]	Loss: 0.000067
Train Epoch: 42 [2400/5627 (43%)]	Loss: 0.000057
Train Epoch: 42 [2800/5627 (50%)]	Loss: 0.000649
Train Epoch: 42 [3200/5627 (57%)]	Loss: 0.000031
Train Epoch: 42 [3600/5627 (64%)]	Loss: 0.000039
Train Epoch: 42 [4000/5627 (71%)]	Loss: 0.000018
Train Epoch: 42 [4400/5627 (78%)]	Loss: 0.000053
Train Epoch: 42 [4800/5627 (85%)]	Loss: 0.000049
Train Epoch: 42 [5200/5627 (92%)]	Loss: 0.000100
Train Epoch: 42 [3780/5627 (99%)]	Loss: 0.000139
Test set: Average loss: 1.2300, Accuracy: 1075/1406 (76%)
Train Epoch: 43 [0/5627 (0%)]	Loss: 0.000056
Train Epoch: 43 [400/5627 (7%)]	Loss: 0.000023
Train Epoch: 43 [800/5627 (14%)]	Loss: 0.000176
Train Epoch: 43 [1200/5627 (21%)]	Loss: 0.000025
Train Epoch: 43 [1600/5627 (28%)]	Loss: 0.000089
Train Epoch: 43 [2000/5627 (35%)]	Loss: 0.000254
Train Epoch: 43 [2400/5627 (43%)]	Loss: 0.000037
Train Epoch: 43 [2800/5627 (50%)]	Loss: 0.000140
Train Epoch: 43 [3200/5627 (57%)]	Loss: 0.000258
Train Epoch: 43 [3600/5627 (64%)]	Loss: 0.000016
Train Epoch: 43 [4000/5627 (71%)]	Loss: 0.000109
Train Epoch: 43 [4400/5627 (78%)]	Loss: 0.000626
Train Epoch: 43 [4800/5627 (85%)]	Loss: 0.000131
Train Epoch: 43 [5200/5627 (92%)]	Loss: 0.000348
Train Epoch: 43 [3780/5627 (99%)]	Loss: 0.000411
Test set: Average loss: 1.2207, Accuracy: 1067/1406 (75%)
Train Epoch: 44 [0/5627 (0%)]	Loss: 0.000214
Train Epoch: 44 [400/5627 (7%)]	Loss: 0.000341
Train Epoch: 44 [800/5627 (14%)]	Loss: 0.000101
Train Epoch: 44 [1200/5627 (21%)]	Loss: 0.000063
Train Epoch: 44 [1600/5627 (28%)]	Loss: 0.000120
Train Epoch: 44 [2000/5627 (35%)]	Loss: 0.000068
Train Epoch: 44 [2400/5627 (43%)]	Loss: 0.000049
Train Epoch: 44 [2800/5627 (50%)]	Loss: 0.000108
Train Epoch: 44 [3200/5627 (57%)]	Loss: 0.000090
Train Epoch: 44 [3600/5627 (64%)]	Loss: 0.002385
Train Epoch: 44 [4000/5627 (71%)]	Loss: 0.000048
Train Epoch: 44 [4400/5627 (78%)]	Loss: 0.000043
Train Epoch: 44 [4800/5627 (85%)]	Loss: 0.000063
Train Epoch: 44 [5200/5627 (92%)]	Loss: 0.000025
Train Epoch: 44 [3780/5627 (99%)]	Loss: 0.000031
Test set: Average loss: 1.2336, Accuracy: 1075/1406 (76%)
Train Epoch: 45 [0/5627 (0%)]	Loss: 0.000132
Train Epoch: 45 [400/5627 (7%)]	Loss: 0.000081
Train Epoch: 45 [800/5627 (14%)]	Loss: 0.000036
Train Epoch: 45 [1200/5627 (21%)]	Loss: 0.000171
Train Epoch: 45 [1600/5627 (28%)]	Loss: 0.000380
Train Epoch: 45 [2000/5627 (35%)]	Loss: 0.000425
Train Epoch: 45 [2400/5627 (43%)]	Loss: 0.000196
Train Epoch: 45 [2800/5627 (50%)]	Loss: 0.000024
Train Epoch: 45 [3200/5627 (57%)]	Loss: 0.000018
Train Epoch: 45 [3600/5627 (64%)]	Loss: 0.000038
Train Epoch: 45 [4000/5627 (71%)]	Loss: 0.000055
Train Epoch: 45 [4400/5627 (78%)]	Loss: 0.000482
Train Epoch: 45 [4800/5627 (85%)]	Loss: 0.000071
Train Epoch: 45 [5200/5627 (92%)]	Loss: 0.000123
Train Epoch: 45 [3780/5627 (99%)]	Loss: 0.000117
Test set: Average loss: 1.2517, Accuracy: 1062/1406 (75%)
Train Epoch: 46 [0/5627 (0%)]	Loss: 0.000018
Train Epoch: 46 [400/5627 (7%)]	Loss: 0.000032
Train Epoch: 46 [800/5627 (14%)]	Loss: 0.000103
Train Epoch: 46 [1200/5627 (21%)]	Loss: 0.000047
Train Epoch: 46 [1600/5627 (28%)]	Loss: 0.000149
Train Epoch: 46 [2000/5627 (35%)]	Loss: 0.000111
Train Epoch: 46 [2400/5627 (43%)]	Loss: 0.000466
Train Epoch: 46 [2800/5627 (50%)]	Loss: 0.000041
Train Epoch: 46 [3200/5627 (57%)]	Loss: 0.000104
Train Epoch: 46 [3600/5627 (64%)]	Loss: 0.000042
Train Epoch: 46 [4000/5627 (71%)]	Loss: 0.000057
Train Epoch: 46 [4400/5627 (78%)]	Loss: 0.000244
Train Epoch: 46 [4800/5627 (85%)]	Loss: 0.001134
Train Epoch: 46 [5200/5627 (92%)]	Loss: 0.000020
Train Epoch: 46 [3780/5627 (99%)]	Loss: 0.000061
Test set: Average loss: 1.2486, Accuracy: 1065/1406 (75%)
Train Epoch: 47 [0/5627 (0%)]	Loss: 0.000351
Train Epoch: 47 [400/5627 (7%)]	Loss: 0.000093
Train Epoch: 47 [800/5627 (14%)]	Loss: 0.000066
Train Epoch: 47 [1200/5627 (21%)]	Loss: 0.000383
Train Epoch: 47 [1600/5627 (28%)]	Loss: 0.000318
Train Epoch: 47 [2000/5627 (35%)]	Loss: 0.000309
Train Epoch: 47 [2400/5627 (43%)]	Loss: 0.000019
Train Epoch: 47 [2800/5627 (50%)]	Loss: 0.000031
Train Epoch: 47 [3200/5627 (57%)]	Loss: 0.000110
Train Epoch: 47 [3600/5627 (64%)]	Loss: 0.000025
Train Epoch: 47 [4000/5627 (71%)]	Loss: 0.000015
Train Epoch: 47 [4400/5627 (78%)]	Loss: 0.000075
Train Epoch: 47 [4800/5627 (85%)]	Loss: 0.000041
Train Epoch: 47 [5200/5627 (92%)]	Loss: 0.000052
Train Epoch: 47 [3780/5627 (99%)]	Loss: 0.000043
Test set: Average loss: 1.3159, Accuracy: 1053/1406 (74%)
Train Epoch: 48 [0/5627 (0%)]	Loss: 0.000037
Train Epoch: 48 [400/5627 (7%)]	Loss: 0.000038
Train Epoch: 48 [800/5627 (14%)]	Loss: 0.000044
Train Epoch: 48 [1200/5627 (21%)]	Loss: 0.000694
Train Epoch: 48 [1600/5627 (28%)]	Loss: 0.000176
Train Epoch: 48 [2000/5627 (35%)]	Loss: 0.000020
Train Epoch: 48 [2400/5627 (43%)]	Loss: 0.002052
Train Epoch: 48 [2800/5627 (50%)]	Loss: 0.000174
Train Epoch: 48 [3200/5627 (57%)]	Loss: 0.000073
Train Epoch: 48 [3600/5627 (64%)]	Loss: 0.000019
Train Epoch: 48 [4000/5627 (71%)]	Loss: 0.000044
Train Epoch: 48 [4400/5627 (78%)]	Loss: 0.000035
Train Epoch: 48 [4800/5627 (85%)]	Loss: 0.000164
Train Epoch: 48 [5200/5627 (92%)]	Loss: 0.000115
Train Epoch: 48 [3780/5627 (99%)]	Loss: 0.000023
Test set: Average loss: 1.4593, Accuracy: 1053/1406 (74%)
Train Epoch: 49 [0/5627 (0%)]	Loss: 0.000026
Train Epoch: 49 [400/5627 (7%)]	Loss: 0.000105
Train Epoch: 49 [800/5627 (14%)]	Loss: 0.000069
Train Epoch: 49 [1200/5627 (21%)]	Loss: 0.000053
Train Epoch: 49 [1600/5627 (28%)]	Loss: 0.000194
Train Epoch: 49 [2000/5627 (35%)]	Loss: 0.000025
Train Epoch: 49 [2400/5627 (43%)]	Loss: 0.000294
Train Epoch: 49 [2800/5627 (50%)]	Loss: 0.000039
Train Epoch: 49 [3200/5627 (57%)]	Loss: 0.000064
Train Epoch: 49 [3600/5627 (64%)]	Loss: 0.000133
Train Epoch: 49 [4000/5627 (71%)]	Loss: 0.000647
Train Epoch: 49 [4400/5627 (78%)]	Loss: 0.000046
Train Epoch: 49 [4800/5627 (85%)]	Loss: 0.000019
Train Epoch: 49 [5200/5627 (92%)]	Loss: 0.000020
Train Epoch: 49 [3780/5627 (99%)]	Loss: 0.000118
Test set: Average loss: 1.2659, Accuracy: 1071/1406 (76%)
Train Epoch: 50 [0/5627 (0%)]	Loss: 0.000024
Train Epoch: 50 [400/5627 (7%)]	Loss: 0.000201
Train Epoch: 50 [800/5627 (14%)]	Loss: 0.000024
Train Epoch: 50 [1200/5627 (21%)]	Loss: 0.000226
Train Epoch: 50 [1600/5627 (28%)]	Loss: 0.000012
Train Epoch: 50 [2000/5627 (35%)]	Loss: 0.000081
Train Epoch: 50 [2400/5627 (43%)]	Loss: 0.000016
Train Epoch: 50 [2800/5627 (50%)]	Loss: 0.000043
Train Epoch: 50 [3200/5627 (57%)]	Loss: 0.000081
Train Epoch: 50 [3600/5627 (64%)]	Loss: 0.000048
Train Epoch: 50 [4000/5627 (71%)]	Loss: 0.000081
Train Epoch: 50 [4400/5627 (78%)]	Loss: 0.000099
Train Epoch: 50 [4800/5627 (85%)]	Loss: 0.000090
Train Epoch: 50 [5200/5627 (92%)]	Loss: 0.000091
Train Epoch: 50 [3780/5627 (99%)]	Loss: 0.000073
Test set: Average loss: 1.4285, Accuracy: 1043/1406 (74%)
Train Epoch: 51 [0/5627 (0%)]	Loss: 0.000027
Train Epoch: 51 [400/5627 (7%)]	Loss: 0.000061
Train Epoch: 51 [800/5627 (14%)]	Loss: 0.000176
Train Epoch: 51 [1200/5627 (21%)]	Loss: 0.000019
Train Epoch: 51 [1600/5627 (28%)]	Loss: 0.000068
Train Epoch: 51 [2000/5627 (35%)]	Loss: 0.000154
Train Epoch: 51 [2400/5627 (43%)]	Loss: 0.000045
Train Epoch: 51 [2800/5627 (50%)]	Loss: 0.000018
Train Epoch: 51 [3200/5627 (57%)]	Loss: 0.000019
Train Epoch: 51 [3600/5627 (64%)]	Loss: 0.000083
Train Epoch: 51 [4000/5627 (71%)]	Loss: 0.000108
Train Epoch: 51 [4400/5627 (78%)]	Loss: 0.000032
Train Epoch: 51 [4800/5627 (85%)]	Loss: 0.000031
Train Epoch: 51 [5200/5627 (92%)]	Loss: 0.000033
Train Epoch: 51 [3780/5627 (99%)]	Loss: 0.000052
Test set: Average loss: 1.2622, Accuracy: 1073/1406 (76%)
Train Epoch: 52 [0/5627 (0%)]	Loss: 0.000164
Train Epoch: 52 [400/5627 (7%)]	Loss: 0.000036
Train Epoch: 52 [800/5627 (14%)]	Loss: 0.000122
Train Epoch: 52 [1200/5627 (21%)]	Loss: 0.000190
Train Epoch: 52 [1600/5627 (28%)]	Loss: 0.000028
Train Epoch: 52 [2000/5627 (35%)]	Loss: 0.000048
Train Epoch: 52 [2400/5627 (43%)]	Loss: 0.000048
Train Epoch: 52 [2800/5627 (50%)]	Loss: 0.000124
Train Epoch: 52 [3200/5627 (57%)]	Loss: 0.000017
Train Epoch: 52 [3600/5627 (64%)]	Loss: 0.000015
Train Epoch: 52 [4000/5627 (71%)]	Loss: 0.000077
Train Epoch: 52 [4400/5627 (78%)]	Loss: 0.000045
Train Epoch: 52 [4800/5627 (85%)]	Loss: 0.000092
Train Epoch: 52 [5200/5627 (92%)]	Loss: 0.000125
Train Epoch: 52 [3780/5627 (99%)]	Loss: 0.000055
Test set: Average loss: 1.2821, Accuracy: 1072/1406 (76%)
Train Epoch: 53 [0/5627 (0%)]	Loss: 0.000154
Train Epoch: 53 [400/5627 (7%)]	Loss: 0.000084
Train Epoch: 53 [800/5627 (14%)]	Loss: 0.000801
Train Epoch: 53 [1200/5627 (21%)]	Loss: 0.000025
Train Epoch: 53 [1600/5627 (28%)]	Loss: 0.000026
Train Epoch: 53 [2000/5627 (35%)]	Loss: 0.000056
Train Epoch: 53 [2400/5627 (43%)]	Loss: 0.000018
Train Epoch: 53 [2800/5627 (50%)]	Loss: 0.000098
Train Epoch: 53 [3200/5627 (57%)]	Loss: 0.000038
Train Epoch: 53 [3600/5627 (64%)]	Loss: 0.000377
Train Epoch: 53 [4000/5627 (71%)]	Loss: 0.000079
Train Epoch: 53 [4400/5627 (78%)]	Loss: 0.000077
Train Epoch: 53 [4800/5627 (85%)]	Loss: 0.000017
Train Epoch: 53 [5200/5627 (92%)]	Loss: 0.000090
Train Epoch: 53 [3780/5627 (99%)]	Loss: 0.000801
Test set: Average loss: 1.2795, Accuracy: 1073/1406 (76%)
Train Epoch: 54 [0/5627 (0%)]	Loss: 0.000018
Train Epoch: 54 [400/5627 (7%)]	Loss: 0.000014
Train Epoch: 54 [800/5627 (14%)]	Loss: 0.000013
Train Epoch: 54 [1200/5627 (21%)]	Loss: 0.000213
Train Epoch: 54 [1600/5627 (28%)]	Loss: 0.000201
Train Epoch: 54 [2000/5627 (35%)]	Loss: 0.000287
Train Epoch: 54 [2400/5627 (43%)]	Loss: 0.000059
Train Epoch: 54 [2800/5627 (50%)]	Loss: 0.000219
Train Epoch: 54 [3200/5627 (57%)]	Loss: 0.000080
Train Epoch: 54 [3600/5627 (64%)]	Loss: 0.000017
Train Epoch: 54 [4000/5627 (71%)]	Loss: 0.000022
Train Epoch: 54 [4400/5627 (78%)]	Loss: 0.000033
Train Epoch: 54 [4800/5627 (85%)]	Loss: 0.000029
Train Epoch: 54 [5200/5627 (92%)]	Loss: 0.000115
Train Epoch: 54 [3780/5627 (99%)]	Loss: 0.000410
Test set: Average loss: 1.2979, Accuracy: 1068/1406 (75%)
Train Epoch: 55 [0/5627 (0%)]	Loss: 0.000109
Train Epoch: 55 [400/5627 (7%)]	Loss: 0.005011
Train Epoch: 55 [800/5627 (14%)]	Loss: 0.000021
Train Epoch: 55 [1200/5627 (21%)]	Loss: 0.000023
Train Epoch: 55 [1600/5627 (28%)]	Loss: 0.000010
Train Epoch: 55 [2000/5627 (35%)]	Loss: 0.000016
Train Epoch: 55 [2400/5627 (43%)]	Loss: 0.000012
Train Epoch: 55 [2800/5627 (50%)]	Loss: 0.000084
Train Epoch: 55 [3200/5627 (57%)]	Loss: 0.000015
Train Epoch: 55 [3600/5627 (64%)]	Loss: 0.000047
Train Epoch: 55 [4000/5627 (71%)]	Loss: 0.000095
Train Epoch: 55 [4400/5627 (78%)]	Loss: 0.000059
Train Epoch: 55 [4800/5627 (85%)]	Loss: 0.000077
Train Epoch: 55 [5200/5627 (92%)]	Loss: 0.000034
Train Epoch: 55 [3780/5627 (99%)]	Loss: 0.000159
Test set: Average loss: 1.2811, Accuracy: 1072/1406 (76%)
Train Epoch: 56 [0/5627 (0%)]	Loss: 0.000024
Train Epoch: 56 [400/5627 (7%)]	Loss: 0.000073
Train Epoch: 56 [800/5627 (14%)]	Loss: 0.000163
Train Epoch: 56 [1200/5627 (21%)]	Loss: 0.000036
Train Epoch: 56 [1600/5627 (28%)]	Loss: 0.000078
Train Epoch: 56 [2000/5627 (35%)]	Loss: 0.000710
Train Epoch: 56 [2400/5627 (43%)]	Loss: 0.000017
Train Epoch: 56 [2800/5627 (50%)]	Loss: 0.000118
Train Epoch: 56 [3200/5627 (57%)]	Loss: 0.000014
Train Epoch: 56 [3600/5627 (64%)]	Loss: 0.000056
Train Epoch: 56 [4000/5627 (71%)]	Loss: 0.000569
Train Epoch: 56 [4400/5627 (78%)]	Loss: 0.000053
Train Epoch: 56 [4800/5627 (85%)]	Loss: 0.000399
Train Epoch: 56 [5200/5627 (92%)]	Loss: 0.000018
Train Epoch: 56 [3780/5627 (99%)]	Loss: 0.000104
Test set: Average loss: 1.2674, Accuracy: 1071/1406 (76%)
Train Epoch: 57 [0/5627 (0%)]	Loss: 0.000041
Train Epoch: 57 [400/5627 (7%)]	Loss: 0.001715
Train Epoch: 57 [800/5627 (14%)]	Loss: 0.000010
Train Epoch: 57 [1200/5627 (21%)]	Loss: 0.000083
Train Epoch: 57 [1600/5627 (28%)]	Loss: 0.000497
Train Epoch: 57 [2000/5627 (35%)]	Loss: 0.000038
Train Epoch: 57 [2400/5627 (43%)]	Loss: 0.000017
Train Epoch: 57 [2800/5627 (50%)]	Loss: 0.000013
Train Epoch: 57 [3200/5627 (57%)]	Loss: 0.000175
Train Epoch: 57 [3600/5627 (64%)]	Loss: 0.000023
Train Epoch: 57 [4000/5627 (71%)]	Loss: 0.000091
Train Epoch: 57 [4400/5627 (78%)]	Loss: 0.000157
Train Epoch: 57 [4800/5627 (85%)]	Loss: 0.000086
Train Epoch: 57 [5200/5627 (92%)]	Loss: 0.000087
Train Epoch: 57 [3780/5627 (99%)]	Loss: 0.000040
Test set: Average loss: 1.3043, Accuracy: 1076/1406 (76%)
Train Epoch: 58 [0/5627 (0%)]	Loss: 0.000024
Train Epoch: 58 [400/5627 (7%)]	Loss: 0.000025
Train Epoch: 58 [800/5627 (14%)]	Loss: 0.000030
Train Epoch: 58 [1200/5627 (21%)]	Loss: 0.000020
Train Epoch: 58 [1600/5627 (28%)]	Loss: 0.000011
Train Epoch: 58 [2000/5627 (35%)]	Loss: 0.000115
Train Epoch: 58 [2400/5627 (43%)]	Loss: 0.000432
Train Epoch: 58 [2800/5627 (50%)]	Loss: 0.000058
Train Epoch: 58 [3200/5627 (57%)]	Loss: 0.000029
Train Epoch: 58 [3600/5627 (64%)]	Loss: 0.000004
Train Epoch: 58 [4000/5627 (71%)]	Loss: 0.000074
Train Epoch: 58 [4400/5627 (78%)]	Loss: 0.000787
Train Epoch: 58 [4800/5627 (85%)]	Loss: 0.000059
Train Epoch: 58 [5200/5627 (92%)]	Loss: 0.000044
Train Epoch: 58 [3780/5627 (99%)]	Loss: 0.000034
Test set: Average loss: 1.2735, Accuracy: 1070/1406 (76%)
Train Epoch: 59 [0/5627 (0%)]	Loss: 0.000040
Train Epoch: 59 [400/5627 (7%)]	Loss: 0.000043
Train Epoch: 59 [800/5627 (14%)]	Loss: 0.000023
Train Epoch: 59 [1200/5627 (21%)]	Loss: 0.000102
Train Epoch: 59 [1600/5627 (28%)]	Loss: 0.000094
Train Epoch: 59 [2000/5627 (35%)]	Loss: 0.000148
Train Epoch: 59 [2400/5627 (43%)]	Loss: 0.000093
Train Epoch: 59 [2800/5627 (50%)]	Loss: 0.000030
Train Epoch: 59 [3200/5627 (57%)]	Loss: 0.000028
Train Epoch: 59 [3600/5627 (64%)]	Loss: 0.000033
Train Epoch: 59 [4000/5627 (71%)]	Loss: 0.000047
Train Epoch: 59 [4400/5627 (78%)]	Loss: 0.000021
Train Epoch: 59 [4800/5627 (85%)]	Loss: 0.000045
Train Epoch: 59 [5200/5627 (92%)]	Loss: 0.000067
Train Epoch: 59 [3780/5627 (99%)]	Loss: 0.000200
Test set: Average loss: 1.2813, Accuracy: 1074/1406 (76%)
Train Epoch: 60 [0/5627 (0%)]	Loss: 0.000033
Train Epoch: 60 [400/5627 (7%)]	Loss: 0.000028
Train Epoch: 60 [800/5627 (14%)]	Loss: 0.000011
Train Epoch: 60 [1200/5627 (21%)]	Loss: 0.000077
Train Epoch: 60 [1600/5627 (28%)]	Loss: 0.000032
Train Epoch: 60 [2000/5627 (35%)]	Loss: 0.000170
Train Epoch: 60 [2400/5627 (43%)]	Loss: 0.000122
Train Epoch: 60 [2800/5627 (50%)]	Loss: 0.000252
Train Epoch: 60 [3200/5627 (57%)]	Loss: 0.000033
Train Epoch: 60 [3600/5627 (64%)]	Loss: 0.000012
Train Epoch: 60 [4000/5627 (71%)]	Loss: 0.000120
Train Epoch: 60 [4400/5627 (78%)]	Loss: 0.000033
Train Epoch: 60 [4800/5627 (85%)]	Loss: 0.000080
Train Epoch: 60 [5200/5627 (92%)]	Loss: 0.000040
Train Epoch: 60 [3780/5627 (99%)]	Loss: 0.000030
Test set: Average loss: 1.2672, Accuracy: 1066/1406 (75%)
