getting datasets
finished
trainning neck_design_labels:
Train Epoch: 1 [0/4556 (0%)]	Loss: 1.860796
Train Epoch: 1 [400/4556 (9%)]	Loss: 1.499418
Train Epoch: 1 [800/4556 (18%)]	Loss: 1.563078
Train Epoch: 1 [1200/4556 (26%)]	Loss: 1.701567
Train Epoch: 1 [1600/4556 (35%)]	Loss: 1.634935
Train Epoch: 1 [2000/4556 (44%)]	Loss: 1.355513
Train Epoch: 1 [2400/4556 (53%)]	Loss: 1.442598
Train Epoch: 1 [2800/4556 (61%)]	Loss: 1.613341
Train Epoch: 1 [3200/4556 (70%)]	Loss: 1.404144
Train Epoch: 1 [3600/4556 (79%)]	Loss: 1.645418
Train Epoch: 1 [4000/4556 (88%)]	Loss: 1.609148
Train Epoch: 1 [4400/4556 (96%)]	Loss: 1.496648
Test set: Average loss: 1.7221, Accuracy: 287/1139 (25%)
Train Epoch: 2 [0/4556 (0%)]	Loss: 1.305816
Train Epoch: 2 [400/4556 (9%)]	Loss: 1.576306
Train Epoch: 2 [800/4556 (18%)]	Loss: 1.742250
Train Epoch: 2 [1200/4556 (26%)]	Loss: 1.473183
Train Epoch: 2 [1600/4556 (35%)]	Loss: 1.656342
Train Epoch: 2 [2000/4556 (44%)]	Loss: 1.161591
Train Epoch: 2 [2400/4556 (53%)]	Loss: 1.542873
Train Epoch: 2 [2800/4556 (61%)]	Loss: 1.440026
Train Epoch: 2 [3200/4556 (70%)]	Loss: 1.610392
Train Epoch: 2 [3600/4556 (79%)]	Loss: 1.274361
Train Epoch: 2 [4000/4556 (88%)]	Loss: 1.507752
Train Epoch: 2 [4400/4556 (96%)]	Loss: 1.444573
Test set: Average loss: 1.7783, Accuracy: 203/1139 (17%)
Train Epoch: 3 [0/4556 (0%)]	Loss: 1.039503
Train Epoch: 3 [400/4556 (9%)]	Loss: 1.028655
Train Epoch: 3 [800/4556 (18%)]	Loss: 1.004893
Train Epoch: 3 [1200/4556 (26%)]	Loss: 1.021092
Train Epoch: 3 [1600/4556 (35%)]	Loss: 1.158147
Train Epoch: 3 [2000/4556 (44%)]	Loss: 1.407452
Train Epoch: 3 [2400/4556 (53%)]	Loss: 1.243742
Train Epoch: 3 [2800/4556 (61%)]	Loss: 1.016752
Train Epoch: 3 [3200/4556 (70%)]	Loss: 1.101129
Train Epoch: 3 [3600/4556 (79%)]	Loss: 1.188206
Train Epoch: 3 [4000/4556 (88%)]	Loss: 1.139841
Train Epoch: 3 [4400/4556 (96%)]	Loss: 1.004609
Test set: Average loss: 2.0593, Accuracy: 159/1139 (13%)
Train Epoch: 4 [0/4556 (0%)]	Loss: 0.666923
Train Epoch: 4 [400/4556 (9%)]	Loss: 0.497091
Train Epoch: 4 [800/4556 (18%)]	Loss: 0.674259
Train Epoch: 4 [1200/4556 (26%)]	Loss: 0.596333
Train Epoch: 4 [1600/4556 (35%)]	Loss: 1.120127
Train Epoch: 4 [2000/4556 (44%)]	Loss: 0.899787
Train Epoch: 4 [2400/4556 (53%)]	Loss: 0.930377
Train Epoch: 4 [2800/4556 (61%)]	Loss: 0.952649
Train Epoch: 4 [3200/4556 (70%)]	Loss: 1.125462
Train Epoch: 4 [3600/4556 (79%)]	Loss: 0.974898
Train Epoch: 4 [4000/4556 (88%)]	Loss: 0.798923
Train Epoch: 4 [4400/4556 (96%)]	Loss: 0.826574
Test set: Average loss: 2.0340, Accuracy: 197/1139 (17%)
Train Epoch: 5 [0/4556 (0%)]	Loss: 0.801196
Train Epoch: 5 [400/4556 (9%)]	Loss: 0.649203
Train Epoch: 5 [800/4556 (18%)]	Loss: 0.456966
Train Epoch: 5 [1200/4556 (26%)]	Loss: 0.697826
Train Epoch: 5 [1600/4556 (35%)]	Loss: 0.448703
Train Epoch: 5 [2000/4556 (44%)]	Loss: 0.409666
Train Epoch: 5 [2400/4556 (53%)]	Loss: 0.725126
Train Epoch: 5 [2800/4556 (61%)]	Loss: 0.781357
Train Epoch: 5 [3200/4556 (70%)]	Loss: 0.899890
Train Epoch: 5 [3600/4556 (79%)]	Loss: 0.521195
Train Epoch: 5 [4000/4556 (88%)]	Loss: 0.688706
Train Epoch: 5 [4400/4556 (96%)]	Loss: 0.506480
Test set: Average loss: 2.7946, Accuracy: 215/1139 (18%)
Train Epoch: 6 [0/4556 (0%)]	Loss: 0.366457
Train Epoch: 6 [400/4556 (9%)]	Loss: 0.222967
Train Epoch: 6 [800/4556 (18%)]	Loss: 0.279142
Train Epoch: 6 [1200/4556 (26%)]	Loss: 0.280771
Train Epoch: 6 [1600/4556 (35%)]	Loss: 0.167830
Train Epoch: 6 [2000/4556 (44%)]	Loss: 0.226117
Train Epoch: 6 [2400/4556 (53%)]	Loss: 0.278913
Train Epoch: 6 [2800/4556 (61%)]	Loss: 0.268820
Train Epoch: 6 [3200/4556 (70%)]	Loss: 0.474979
Train Epoch: 6 [3600/4556 (79%)]	Loss: 0.379505
Train Epoch: 6 [4000/4556 (88%)]	Loss: 0.316467
Train Epoch: 6 [4400/4556 (96%)]	Loss: 0.462650
Test set: Average loss: 3.1333, Accuracy: 273/1139 (23%)
Train Epoch: 7 [0/4556 (0%)]	Loss: 0.195087
Train Epoch: 7 [400/4556 (9%)]	Loss: 0.083068
Train Epoch: 7 [800/4556 (18%)]	Loss: 0.151681
Train Epoch: 7 [1200/4556 (26%)]	Loss: 0.252942
Train Epoch: 7 [1600/4556 (35%)]	Loss: 0.044323
Train Epoch: 7 [2000/4556 (44%)]	Loss: 0.081867
Train Epoch: 7 [2400/4556 (53%)]	Loss: 0.133020
Train Epoch: 7 [2800/4556 (61%)]	Loss: 0.071266
Train Epoch: 7 [3200/4556 (70%)]	Loss: 0.148498
Train Epoch: 7 [3600/4556 (79%)]	Loss: 0.220419
Train Epoch: 7 [4000/4556 (88%)]	Loss: 0.126778
Train Epoch: 7 [4400/4556 (96%)]	Loss: 0.126230
Test set: Average loss: 4.2586, Accuracy: 269/1139 (23%)
Train Epoch: 8 [0/4556 (0%)]	Loss: 0.105388
Train Epoch: 8 [400/4556 (9%)]	Loss: 0.123577
Train Epoch: 8 [800/4556 (18%)]	Loss: 0.023518
Train Epoch: 8 [1200/4556 (26%)]	Loss: 0.084612
Train Epoch: 8 [1600/4556 (35%)]	Loss: 0.057691
Train Epoch: 8 [2000/4556 (44%)]	Loss: 0.187706
Train Epoch: 8 [2400/4556 (53%)]	Loss: 0.140009
Train Epoch: 8 [2800/4556 (61%)]	Loss: 0.100027
Train Epoch: 8 [3200/4556 (70%)]	Loss: 0.066988
Train Epoch: 8 [3600/4556 (79%)]	Loss: 0.184000
Train Epoch: 8 [4000/4556 (88%)]	Loss: 0.109147
Train Epoch: 8 [4400/4556 (96%)]	Loss: 0.292912
Test set: Average loss: 3.0306, Accuracy: 201/1139 (17%)
Train Epoch: 9 [0/4556 (0%)]	Loss: 0.092070
Train Epoch: 9 [400/4556 (9%)]	Loss: 0.210256
Train Epoch: 9 [800/4556 (18%)]	Loss: 0.143831
Train Epoch: 9 [1200/4556 (26%)]	Loss: 0.093026
Train Epoch: 9 [1600/4556 (35%)]	Loss: 0.117115
Train Epoch: 9 [2000/4556 (44%)]	Loss: 0.183656
Train Epoch: 9 [2400/4556 (53%)]	Loss: 0.039596
Train Epoch: 9 [2800/4556 (61%)]	Loss: 0.143362
Train Epoch: 9 [3200/4556 (70%)]	Loss: 0.067243
Train Epoch: 9 [3600/4556 (79%)]	Loss: 0.249048
Train Epoch: 9 [4000/4556 (88%)]	Loss: 0.045879
Train Epoch: 9 [4400/4556 (96%)]	Loss: 0.178048
Test set: Average loss: 2.9796, Accuracy: 260/1139 (22%)
Train Epoch: 10 [0/4556 (0%)]	Loss: 0.100560
Train Epoch: 10 [400/4556 (9%)]	Loss: 0.076051
Train Epoch: 10 [800/4556 (18%)]	Loss: 0.102745
Train Epoch: 10 [1200/4556 (26%)]	Loss: 0.069786
Train Epoch: 10 [1600/4556 (35%)]	Loss: 0.026868
Train Epoch: 10 [2000/4556 (44%)]	Loss: 0.054721
Train Epoch: 10 [2400/4556 (53%)]	Loss: 0.125782
Train Epoch: 10 [2800/4556 (61%)]	Loss: 0.023622
Train Epoch: 10 [3200/4556 (70%)]	Loss: 0.094523
Train Epoch: 10 [3600/4556 (79%)]	Loss: 0.088510
Train Epoch: 10 [4000/4556 (88%)]	Loss: 0.037935
Train Epoch: 10 [4400/4556 (96%)]	Loss: 0.079140
Test set: Average loss: 3.4176, Accuracy: 168/1139 (14%)
Train Epoch: 11 [0/4556 (0%)]	Loss: 0.158335
Train Epoch: 11 [400/4556 (9%)]	Loss: 0.017568
Train Epoch: 11 [800/4556 (18%)]	Loss: 0.023706
Train Epoch: 11 [1200/4556 (26%)]	Loss: 0.004901
Train Epoch: 11 [1600/4556 (35%)]	Loss: 0.012285
Train Epoch: 11 [2000/4556 (44%)]	Loss: 0.025035
Train Epoch: 11 [2400/4556 (53%)]	Loss: 0.058178
Train Epoch: 11 [2800/4556 (61%)]	Loss: 0.015645
Train Epoch: 11 [3200/4556 (70%)]	Loss: 0.029469
Train Epoch: 11 [3600/4556 (79%)]	Loss: 0.012922
Train Epoch: 11 [4000/4556 (88%)]	Loss: 0.024536
Train Epoch: 11 [4400/4556 (96%)]	Loss: 0.086473
Test set: Average loss: 3.2133, Accuracy: 242/1139 (21%)
Train Epoch: 12 [0/4556 (0%)]	Loss: 0.026637
Train Epoch: 12 [400/4556 (9%)]	Loss: 0.012914
Train Epoch: 12 [800/4556 (18%)]	Loss: 0.006017
Train Epoch: 12 [1200/4556 (26%)]	Loss: 0.005129
Train Epoch: 12 [1600/4556 (35%)]	Loss: 0.013868
Train Epoch: 12 [2000/4556 (44%)]	Loss: 0.003559
Train Epoch: 12 [2400/4556 (53%)]	Loss: 0.036120
Train Epoch: 12 [2800/4556 (61%)]	Loss: 0.001479
Train Epoch: 12 [3200/4556 (70%)]	Loss: 0.011037
Train Epoch: 12 [3600/4556 (79%)]	Loss: 0.040816
Train Epoch: 12 [4000/4556 (88%)]	Loss: 0.005884
Train Epoch: 12 [4400/4556 (96%)]	Loss: 0.059382
Test set: Average loss: 7.3965, Accuracy: 159/1139 (13%)
Train Epoch: 13 [0/4556 (0%)]	Loss: 0.009202
Train Epoch: 13 [400/4556 (9%)]	Loss: 0.002092
Train Epoch: 13 [800/4556 (18%)]	Loss: 0.021857
Train Epoch: 13 [1200/4556 (26%)]	Loss: 0.019800
Train Epoch: 13 [1600/4556 (35%)]	Loss: 0.013505
Train Epoch: 13 [2000/4556 (44%)]	Loss: 0.002872
Train Epoch: 13 [2400/4556 (53%)]	Loss: 0.005170
Train Epoch: 13 [2800/4556 (61%)]	Loss: 0.005111
Train Epoch: 13 [3200/4556 (70%)]	Loss: 0.007484
Train Epoch: 13 [3600/4556 (79%)]	Loss: 0.003399
Train Epoch: 13 [4000/4556 (88%)]	Loss: 0.006847
Train Epoch: 13 [4400/4556 (96%)]	Loss: 0.019407
Test set: Average loss: 2.3216, Accuracy: 575/1139 (50%)
Train Epoch: 14 [0/4556 (0%)]	Loss: 0.004467
Train Epoch: 14 [400/4556 (9%)]	Loss: 0.012199
Train Epoch: 14 [800/4556 (18%)]	Loss: 0.001974
Train Epoch: 14 [1200/4556 (26%)]	Loss: 0.015212
Train Epoch: 14 [1600/4556 (35%)]	Loss: 0.005611
Train Epoch: 14 [2000/4556 (44%)]	Loss: 0.003967
Train Epoch: 14 [2400/4556 (53%)]	Loss: 0.002218
Train Epoch: 14 [2800/4556 (61%)]	Loss: 0.011097
Train Epoch: 14 [3200/4556 (70%)]	Loss: 0.010079
Train Epoch: 14 [3600/4556 (79%)]	Loss: 0.003238
Train Epoch: 14 [4000/4556 (88%)]	Loss: 0.002094
Train Epoch: 14 [4400/4556 (96%)]	Loss: 0.005170
Test set: Average loss: 2.9993, Accuracy: 441/1139 (38%)
Train Epoch: 15 [0/4556 (0%)]	Loss: 0.003950
Train Epoch: 15 [400/4556 (9%)]	Loss: 0.002002
Train Epoch: 15 [800/4556 (18%)]	Loss: 0.001596
Train Epoch: 15 [1200/4556 (26%)]	Loss: 0.001525
Train Epoch: 15 [1600/4556 (35%)]	Loss: 0.003559
Train Epoch: 15 [2000/4556 (44%)]	Loss: 0.000978
Train Epoch: 15 [2400/4556 (53%)]	Loss: 0.001752
Train Epoch: 15 [2800/4556 (61%)]	Loss: 0.003969
Train Epoch: 15 [3200/4556 (70%)]	Loss: 0.004705
Train Epoch: 15 [3600/4556 (79%)]	Loss: 0.002492
Train Epoch: 15 [4000/4556 (88%)]	Loss: 0.002134
Train Epoch: 15 [4400/4556 (96%)]	Loss: 0.001272
Test set: Average loss: 3.3167, Accuracy: 469/1139 (41%)
Train Epoch: 16 [0/4556 (0%)]	Loss: 0.001523
Train Epoch: 16 [400/4556 (9%)]	Loss: 0.001623
Train Epoch: 16 [800/4556 (18%)]	Loss: 0.000347
Train Epoch: 16 [1200/4556 (26%)]	Loss: 0.014121
Train Epoch: 16 [1600/4556 (35%)]	Loss: 0.000469
Train Epoch: 16 [2000/4556 (44%)]	Loss: 0.000739
Train Epoch: 16 [2400/4556 (53%)]	Loss: 0.001037
Train Epoch: 16 [2800/4556 (61%)]	Loss: 0.016574
Train Epoch: 16 [3200/4556 (70%)]	Loss: 0.000408
Train Epoch: 16 [3600/4556 (79%)]	Loss: 0.003045
Train Epoch: 16 [4000/4556 (88%)]	Loss: 0.001721
Train Epoch: 16 [4400/4556 (96%)]	Loss: 0.004770
Test set: Average loss: 2.3786, Accuracy: 600/1139 (52%)
Train Epoch: 17 [0/4556 (0%)]	Loss: 0.001207
Train Epoch: 17 [400/4556 (9%)]	Loss: 0.005511
Train Epoch: 17 [800/4556 (18%)]	Loss: 0.001618
Train Epoch: 17 [1200/4556 (26%)]	Loss: 0.002295
Train Epoch: 17 [1600/4556 (35%)]	Loss: 0.000900
Train Epoch: 17 [2000/4556 (44%)]	Loss: 0.001208
Train Epoch: 17 [2400/4556 (53%)]	Loss: 0.000602
Train Epoch: 17 [2800/4556 (61%)]	Loss: 0.007353
Train Epoch: 17 [3200/4556 (70%)]	Loss: 0.000971
Train Epoch: 17 [3600/4556 (79%)]	Loss: 0.000516
Train Epoch: 17 [4000/4556 (88%)]	Loss: 0.003102
Train Epoch: 17 [4400/4556 (96%)]	Loss: 0.001780
Test set: Average loss: 2.3498, Accuracy: 572/1139 (50%)
Train Epoch: 18 [0/4556 (0%)]	Loss: 0.001352
Train Epoch: 18 [400/4556 (9%)]	Loss: 0.000080
Train Epoch: 18 [800/4556 (18%)]	Loss: 0.000136
Train Epoch: 18 [1200/4556 (26%)]	Loss: 0.000398
Train Epoch: 18 [1600/4556 (35%)]	Loss: 0.000423
Train Epoch: 18 [2000/4556 (44%)]	Loss: 0.016257
Train Epoch: 18 [2400/4556 (53%)]	Loss: 0.000414
Train Epoch: 18 [2800/4556 (61%)]	Loss: 0.000345
Train Epoch: 18 [3200/4556 (70%)]	Loss: 0.000612
Train Epoch: 18 [3600/4556 (79%)]	Loss: 0.000209
Train Epoch: 18 [4000/4556 (88%)]	Loss: 0.000374
Train Epoch: 18 [4400/4556 (96%)]	Loss: 0.000529
Test set: Average loss: 2.3107, Accuracy: 619/1139 (54%)
Train Epoch: 19 [0/4556 (0%)]	Loss: 0.000176
Train Epoch: 19 [400/4556 (9%)]	Loss: 0.000389
Train Epoch: 19 [800/4556 (18%)]	Loss: 0.000354
Train Epoch: 19 [1200/4556 (26%)]	Loss: 0.008027
Train Epoch: 19 [1600/4556 (35%)]	Loss: 0.000502
Train Epoch: 19 [2000/4556 (44%)]	Loss: 0.000285
Train Epoch: 19 [2400/4556 (53%)]	Loss: 0.000213
Train Epoch: 19 [2800/4556 (61%)]	Loss: 0.002376
Train Epoch: 19 [3200/4556 (70%)]	Loss: 0.000289
Train Epoch: 19 [3600/4556 (79%)]	Loss: 0.042852
Train Epoch: 19 [4000/4556 (88%)]	Loss: 0.000798
Train Epoch: 19 [4400/4556 (96%)]	Loss: 0.000707
Test set: Average loss: 3.1104, Accuracy: 508/1139 (44%)
Train Epoch: 20 [0/4556 (0%)]	Loss: 0.000231
Train Epoch: 20 [400/4556 (9%)]	Loss: 0.000715
Train Epoch: 20 [800/4556 (18%)]	Loss: 0.001503
Train Epoch: 20 [1200/4556 (26%)]	Loss: 0.000233
Train Epoch: 20 [1600/4556 (35%)]	Loss: 0.000538
Train Epoch: 20 [2000/4556 (44%)]	Loss: 0.000110
Train Epoch: 20 [2400/4556 (53%)]	Loss: 0.000376
Train Epoch: 20 [2800/4556 (61%)]	Loss: 0.000204
Train Epoch: 20 [3200/4556 (70%)]	Loss: 0.001825
Train Epoch: 20 [3600/4556 (79%)]	Loss: 0.000472
Train Epoch: 20 [4000/4556 (88%)]	Loss: 0.003674
Train Epoch: 20 [4400/4556 (96%)]	Loss: 0.000247
Test set: Average loss: 2.2927, Accuracy: 627/1139 (55%)
Train Epoch: 21 [0/4556 (0%)]	Loss: 0.000649
Train Epoch: 21 [400/4556 (9%)]	Loss: 0.000786
Train Epoch: 21 [800/4556 (18%)]	Loss: 0.001233
Train Epoch: 21 [1200/4556 (26%)]	Loss: 0.000427
Train Epoch: 21 [1600/4556 (35%)]	Loss: 0.000180
Train Epoch: 21 [2000/4556 (44%)]	Loss: 0.001855
Train Epoch: 21 [2400/4556 (53%)]	Loss: 0.003577
Train Epoch: 21 [2800/4556 (61%)]	Loss: 0.000401
Train Epoch: 21 [3200/4556 (70%)]	Loss: 0.000477
Train Epoch: 21 [3600/4556 (79%)]	Loss: 0.000471
Train Epoch: 21 [4000/4556 (88%)]	Loss: 0.007911
Train Epoch: 21 [4400/4556 (96%)]	Loss: 0.000158
Test set: Average loss: 2.2539, Accuracy: 627/1139 (55%)
Train Epoch: 22 [0/4556 (0%)]	Loss: 0.000256
Train Epoch: 22 [400/4556 (9%)]	Loss: 0.001280
Train Epoch: 22 [800/4556 (18%)]	Loss: 0.025265
Train Epoch: 22 [1200/4556 (26%)]	Loss: 0.000207
Train Epoch: 22 [1600/4556 (35%)]	Loss: 0.001225
Train Epoch: 22 [2000/4556 (44%)]	Loss: 0.000586
Train Epoch: 22 [2400/4556 (53%)]	Loss: 0.002767
Train Epoch: 22 [2800/4556 (61%)]	Loss: 0.000116
Train Epoch: 22 [3200/4556 (70%)]	Loss: 0.000195
Train Epoch: 22 [3600/4556 (79%)]	Loss: 0.000217
Train Epoch: 22 [4000/4556 (88%)]	Loss: 0.000272
Train Epoch: 22 [4400/4556 (96%)]	Loss: 0.000452
Test set: Average loss: 2.5956, Accuracy: 591/1139 (51%)
Train Epoch: 23 [0/4556 (0%)]	Loss: 0.000201
Train Epoch: 23 [400/4556 (9%)]	Loss: 0.000134
Train Epoch: 23 [800/4556 (18%)]	Loss: 0.000240
Train Epoch: 23 [1200/4556 (26%)]	Loss: 0.000325
Train Epoch: 23 [1600/4556 (35%)]	Loss: 0.000945
Train Epoch: 23 [2000/4556 (44%)]	Loss: 0.000608
Train Epoch: 23 [2400/4556 (53%)]	Loss: 0.000976
Train Epoch: 23 [2800/4556 (61%)]	Loss: 0.000294
Train Epoch: 23 [3200/4556 (70%)]	Loss: 0.000312
Train Epoch: 23 [3600/4556 (79%)]	Loss: 0.000291
Train Epoch: 23 [4000/4556 (88%)]	Loss: 0.001585
Train Epoch: 23 [4400/4556 (96%)]	Loss: 0.000256
Test set: Average loss: 2.2691, Accuracy: 643/1139 (56%)
Train Epoch: 24 [0/4556 (0%)]	Loss: 0.000740
Train Epoch: 24 [400/4556 (9%)]	Loss: 0.000121
Train Epoch: 24 [800/4556 (18%)]	Loss: 0.000271
Train Epoch: 24 [1200/4556 (26%)]	Loss: 0.000200
Train Epoch: 24 [1600/4556 (35%)]	Loss: 0.000424
Train Epoch: 24 [2000/4556 (44%)]	Loss: 0.000163
Train Epoch: 24 [2400/4556 (53%)]	Loss: 0.000232
Train Epoch: 24 [2800/4556 (61%)]	Loss: 0.000096
Train Epoch: 24 [3200/4556 (70%)]	Loss: 0.000413
Train Epoch: 24 [3600/4556 (79%)]	Loss: 0.000236
Train Epoch: 24 [4000/4556 (88%)]	Loss: 0.000146
Train Epoch: 24 [4400/4556 (96%)]	Loss: 0.000133
Test set: Average loss: 2.3718, Accuracy: 631/1139 (55%)
Train Epoch: 25 [0/4556 (0%)]	Loss: 0.000093
Train Epoch: 25 [400/4556 (9%)]	Loss: 0.000065
Train Epoch: 25 [800/4556 (18%)]	Loss: 0.000182
Train Epoch: 25 [1200/4556 (26%)]	Loss: 0.000464
Train Epoch: 25 [1600/4556 (35%)]	Loss: 0.000128
Train Epoch: 25 [2000/4556 (44%)]	Loss: 0.000043
Train Epoch: 25 [2400/4556 (53%)]	Loss: 0.000132
Train Epoch: 25 [2800/4556 (61%)]	Loss: 0.000382
Train Epoch: 25 [3200/4556 (70%)]	Loss: 0.000045
Train Epoch: 25 [3600/4556 (79%)]	Loss: 0.000676
Train Epoch: 25 [4000/4556 (88%)]	Loss: 0.000144
Train Epoch: 25 [4400/4556 (96%)]	Loss: 0.000261
Test set: Average loss: 2.3232, Accuracy: 632/1139 (55%)
Train Epoch: 26 [0/4556 (0%)]	Loss: 0.001102
Train Epoch: 26 [400/4556 (9%)]	Loss: 0.000131
Train Epoch: 26 [800/4556 (18%)]	Loss: 0.000088
Train Epoch: 26 [1200/4556 (26%)]	Loss: 0.000380
Train Epoch: 26 [1600/4556 (35%)]	Loss: 0.000107
Train Epoch: 26 [2000/4556 (44%)]	Loss: 0.000230
Train Epoch: 26 [2400/4556 (53%)]	Loss: 0.000268
Train Epoch: 26 [2800/4556 (61%)]	Loss: 0.000642
Train Epoch: 26 [3200/4556 (70%)]	Loss: 0.000565
Train Epoch: 26 [3600/4556 (79%)]	Loss: 0.000172
Train Epoch: 26 [4000/4556 (88%)]	Loss: 0.000296
Train Epoch: 26 [4400/4556 (96%)]	Loss: 0.000352
Test set: Average loss: 2.4390, Accuracy: 622/1139 (54%)
Train Epoch: 27 [0/4556 (0%)]	Loss: 0.002351
Train Epoch: 27 [400/4556 (9%)]	Loss: 0.000209
Train Epoch: 27 [800/4556 (18%)]	Loss: 0.002181
Train Epoch: 27 [1200/4556 (26%)]	Loss: 0.000169
Train Epoch: 27 [1600/4556 (35%)]	Loss: 0.000086
Train Epoch: 27 [2000/4556 (44%)]	Loss: 0.000064
Train Epoch: 27 [2400/4556 (53%)]	Loss: 0.001550
Train Epoch: 27 [2800/4556 (61%)]	Loss: 0.000136
Train Epoch: 27 [3200/4556 (70%)]	Loss: 0.000269
Train Epoch: 27 [3600/4556 (79%)]	Loss: 0.000071
Train Epoch: 27 [4000/4556 (88%)]	Loss: 0.000267
Train Epoch: 27 [4400/4556 (96%)]	Loss: 0.000083
Test set: Average loss: 2.3519, Accuracy: 617/1139 (54%)
Train Epoch: 28 [0/4556 (0%)]	Loss: 0.000069
Train Epoch: 28 [400/4556 (9%)]	Loss: 0.000074
Train Epoch: 28 [800/4556 (18%)]	Loss: 0.000164
Train Epoch: 28 [1200/4556 (26%)]	Loss: 0.000039
Train Epoch: 28 [1600/4556 (35%)]	Loss: 0.000160
Train Epoch: 28 [2000/4556 (44%)]	Loss: 0.000153
Train Epoch: 28 [2400/4556 (53%)]	Loss: 0.000165
Train Epoch: 28 [2800/4556 (61%)]	Loss: 0.000508
Train Epoch: 28 [3200/4556 (70%)]	Loss: 0.000256
Train Epoch: 28 [3600/4556 (79%)]	Loss: 0.000092
Train Epoch: 28 [4000/4556 (88%)]	Loss: 0.000190
Train Epoch: 28 [4400/4556 (96%)]	Loss: 0.000295
Test set: Average loss: 2.3630, Accuracy: 630/1139 (55%)
Train Epoch: 29 [0/4556 (0%)]	Loss: 0.000121
Train Epoch: 29 [400/4556 (9%)]	Loss: 0.000052
Train Epoch: 29 [800/4556 (18%)]	Loss: 0.000294
Train Epoch: 29 [1200/4556 (26%)]	Loss: 0.000109
Train Epoch: 29 [1600/4556 (35%)]	Loss: 0.000111
Train Epoch: 29 [2000/4556 (44%)]	Loss: 0.000172
Train Epoch: 29 [2400/4556 (53%)]	Loss: 0.000093
Train Epoch: 29 [2800/4556 (61%)]	Loss: 0.000421
Train Epoch: 29 [3200/4556 (70%)]	Loss: 0.000224
Train Epoch: 29 [3600/4556 (79%)]	Loss: 0.000149
Train Epoch: 29 [4000/4556 (88%)]	Loss: 0.000100
Train Epoch: 29 [4400/4556 (96%)]	Loss: 0.000445
Test set: Average loss: 2.3231, Accuracy: 641/1139 (56%)
Train Epoch: 30 [0/4556 (0%)]	Loss: 0.000314
Train Epoch: 30 [400/4556 (9%)]	Loss: 0.000129
Train Epoch: 30 [800/4556 (18%)]	Loss: 0.000122
Train Epoch: 30 [1200/4556 (26%)]	Loss: 0.000063
Train Epoch: 30 [1600/4556 (35%)]	Loss: 0.000048
Train Epoch: 30 [2000/4556 (44%)]	Loss: 0.000250
Train Epoch: 30 [2400/4556 (53%)]	Loss: 0.000090
Train Epoch: 30 [2800/4556 (61%)]	Loss: 0.001032
Train Epoch: 30 [3200/4556 (70%)]	Loss: 0.000543
Train Epoch: 30 [3600/4556 (79%)]	Loss: 0.000298
Train Epoch: 30 [4000/4556 (88%)]	Loss: 0.029562
Train Epoch: 30 [4400/4556 (96%)]	Loss: 0.000629
Test set: Average loss: 2.3707, Accuracy: 633/1139 (55%)
Train Epoch: 31 [0/4556 (0%)]	Loss: 0.000092
Train Epoch: 31 [400/4556 (9%)]	Loss: 0.000082
Train Epoch: 31 [800/4556 (18%)]	Loss: 0.000083
Train Epoch: 31 [1200/4556 (26%)]	Loss: 0.000101
Train Epoch: 31 [1600/4556 (35%)]	Loss: 0.000248
Train Epoch: 31 [2000/4556 (44%)]	Loss: 0.000045
Train Epoch: 31 [2400/4556 (53%)]	Loss: 0.000047
Train Epoch: 31 [2800/4556 (61%)]	Loss: 0.000053
Train Epoch: 31 [3200/4556 (70%)]	Loss: 0.000207
Train Epoch: 31 [3600/4556 (79%)]	Loss: 0.001735
Train Epoch: 31 [4000/4556 (88%)]	Loss: 0.001844
Train Epoch: 31 [4400/4556 (96%)]	Loss: 0.000134
Test set: Average loss: 2.3645, Accuracy: 626/1139 (54%)
Train Epoch: 32 [0/4556 (0%)]	Loss: 0.000223
Train Epoch: 32 [400/4556 (9%)]	Loss: 0.000090
Train Epoch: 32 [800/4556 (18%)]	Loss: 0.000788
Train Epoch: 32 [1200/4556 (26%)]	Loss: 0.000065
Train Epoch: 32 [1600/4556 (35%)]	Loss: 0.000117
Train Epoch: 32 [2000/4556 (44%)]	Loss: 0.000067
Train Epoch: 32 [2400/4556 (53%)]	Loss: 0.000175
Train Epoch: 32 [2800/4556 (61%)]	Loss: 0.000050
Train Epoch: 32 [3200/4556 (70%)]	Loss: 0.000135
Train Epoch: 32 [3600/4556 (79%)]	Loss: 0.000066
Train Epoch: 32 [4000/4556 (88%)]	Loss: 0.000095
Train Epoch: 32 [4400/4556 (96%)]	Loss: 0.001104
Test set: Average loss: 2.3780, Accuracy: 645/1139 (56%)
Train Epoch: 33 [0/4556 (0%)]	Loss: 0.000039
Train Epoch: 33 [400/4556 (9%)]	Loss: 0.000046
Train Epoch: 33 [800/4556 (18%)]	Loss: 0.000038
Train Epoch: 33 [1200/4556 (26%)]	Loss: 0.000164
Train Epoch: 33 [1600/4556 (35%)]	Loss: 0.000059
Train Epoch: 33 [2000/4556 (44%)]	Loss: 0.000070
Train Epoch: 33 [2400/4556 (53%)]	Loss: 0.000199
Train Epoch: 33 [2800/4556 (61%)]	Loss: 0.000272
Train Epoch: 33 [3200/4556 (70%)]	Loss: 0.000131
Train Epoch: 33 [3600/4556 (79%)]	Loss: 0.000793
Train Epoch: 33 [4000/4556 (88%)]	Loss: 0.000067
Train Epoch: 33 [4400/4556 (96%)]	Loss: 0.000054
Test set: Average loss: 2.3725, Accuracy: 628/1139 (55%)
Train Epoch: 34 [0/4556 (0%)]	Loss: 0.000160
Train Epoch: 34 [400/4556 (9%)]	Loss: 0.000137
Train Epoch: 34 [800/4556 (18%)]	Loss: 0.000081
Train Epoch: 34 [1200/4556 (26%)]	Loss: 0.000046
Train Epoch: 34 [1600/4556 (35%)]	Loss: 0.000086
Train Epoch: 34 [2000/4556 (44%)]	Loss: 0.000108
Train Epoch: 34 [2400/4556 (53%)]	Loss: 0.000247
Train Epoch: 34 [2800/4556 (61%)]	Loss: 0.000058
Train Epoch: 34 [3200/4556 (70%)]	Loss: 0.000043
Train Epoch: 34 [3600/4556 (79%)]	Loss: 0.000087
Train Epoch: 34 [4000/4556 (88%)]	Loss: 0.000099
Train Epoch: 34 [4400/4556 (96%)]	Loss: 0.000156
Test set: Average loss: 2.3679, Accuracy: 626/1139 (54%)
Train Epoch: 35 [0/4556 (0%)]	Loss: 0.000093
Train Epoch: 35 [400/4556 (9%)]	Loss: 0.000113
Train Epoch: 35 [800/4556 (18%)]	Loss: 0.000086
Train Epoch: 35 [1200/4556 (26%)]	Loss: 0.001002
Train Epoch: 35 [1600/4556 (35%)]	Loss: 0.000222
Train Epoch: 35 [2000/4556 (44%)]	Loss: 0.000046
Train Epoch: 35 [2400/4556 (53%)]	Loss: 0.029260
Train Epoch: 35 [2800/4556 (61%)]	Loss: 0.000029
Train Epoch: 35 [3200/4556 (70%)]	Loss: 0.000091
Train Epoch: 35 [3600/4556 (79%)]	Loss: 0.000060
Train Epoch: 35 [4000/4556 (88%)]	Loss: 0.000218
Train Epoch: 35 [4400/4556 (96%)]	Loss: 0.000425
Test set: Average loss: 2.3514, Accuracy: 638/1139 (56%)
Train Epoch: 36 [0/4556 (0%)]	Loss: 0.000206
Train Epoch: 36 [400/4556 (9%)]	Loss: 0.000254
Train Epoch: 36 [800/4556 (18%)]	Loss: 0.000069
Train Epoch: 36 [1200/4556 (26%)]	Loss: 0.000045
Train Epoch: 36 [1600/4556 (35%)]	Loss: 0.001319
Train Epoch: 36 [2000/4556 (44%)]	Loss: 0.000032
Train Epoch: 36 [2400/4556 (53%)]	Loss: 0.000240
Train Epoch: 36 [2800/4556 (61%)]	Loss: 0.000614
Train Epoch: 36 [3200/4556 (70%)]	Loss: 0.000061
Train Epoch: 36 [3600/4556 (79%)]	Loss: 0.000187
Train Epoch: 36 [4000/4556 (88%)]	Loss: 0.000344
Train Epoch: 36 [4400/4556 (96%)]	Loss: 0.000036
Test set: Average loss: 2.3778, Accuracy: 642/1139 (56%)
Train Epoch: 37 [0/4556 (0%)]	Loss: 0.000358
Train Epoch: 37 [400/4556 (9%)]	Loss: 0.000042
Train Epoch: 37 [800/4556 (18%)]	Loss: 0.000150
Train Epoch: 37 [1200/4556 (26%)]	Loss: 0.000068
Train Epoch: 37 [1600/4556 (35%)]	Loss: 0.000206
Train Epoch: 37 [2000/4556 (44%)]	Loss: 0.000371
Train Epoch: 37 [2400/4556 (53%)]	Loss: 0.000363
Train Epoch: 37 [2800/4556 (61%)]	Loss: 0.000072
Train Epoch: 37 [3200/4556 (70%)]	Loss: 0.000120
Train Epoch: 37 [3600/4556 (79%)]	Loss: 0.000139
Train Epoch: 37 [4000/4556 (88%)]	Loss: 0.000291
Train Epoch: 37 [4400/4556 (96%)]	Loss: 0.000250
Test set: Average loss: 2.3833, Accuracy: 641/1139 (56%)
Train Epoch: 38 [0/4556 (0%)]	Loss: 0.000098
Train Epoch: 38 [400/4556 (9%)]	Loss: 0.001297
Train Epoch: 38 [800/4556 (18%)]	Loss: 0.000076
Train Epoch: 38 [1200/4556 (26%)]	Loss: 0.000024
Train Epoch: 38 [1600/4556 (35%)]	Loss: 0.000084
Train Epoch: 38 [2000/4556 (44%)]	Loss: 0.000049
Train Epoch: 38 [2400/4556 (53%)]	Loss: 0.000036
Train Epoch: 38 [2800/4556 (61%)]	Loss: 0.000051
Train Epoch: 38 [3200/4556 (70%)]	Loss: 0.000094
Train Epoch: 38 [3600/4556 (79%)]	Loss: 0.000114
Train Epoch: 38 [4000/4556 (88%)]	Loss: 0.000050
Train Epoch: 38 [4400/4556 (96%)]	Loss: 0.001669
Test set: Average loss: 2.4479, Accuracy: 623/1139 (54%)
Train Epoch: 39 [0/4556 (0%)]	Loss: 0.000355
Train Epoch: 39 [400/4556 (9%)]	Loss: 0.000093
Train Epoch: 39 [800/4556 (18%)]	Loss: 0.000108
Train Epoch: 39 [1200/4556 (26%)]	Loss: 0.000101
Train Epoch: 39 [1600/4556 (35%)]	Loss: 0.000044
Train Epoch: 39 [2000/4556 (44%)]	Loss: 0.000058
Train Epoch: 39 [2400/4556 (53%)]	Loss: 0.000099
Train Epoch: 39 [2800/4556 (61%)]	Loss: 0.000111
Train Epoch: 39 [3200/4556 (70%)]	Loss: 0.000044
Train Epoch: 39 [3600/4556 (79%)]	Loss: 0.000295
Train Epoch: 39 [4000/4556 (88%)]	Loss: 0.000069
Train Epoch: 39 [4400/4556 (96%)]	Loss: 0.000069
Test set: Average loss: 2.3843, Accuracy: 645/1139 (56%)
Train Epoch: 40 [0/4556 (0%)]	Loss: 0.000200
Train Epoch: 40 [400/4556 (9%)]	Loss: 0.000156
Train Epoch: 40 [800/4556 (18%)]	Loss: 0.000095
Train Epoch: 40 [1200/4556 (26%)]	Loss: 0.000079
Train Epoch: 40 [1600/4556 (35%)]	Loss: 0.000546
Train Epoch: 40 [2000/4556 (44%)]	Loss: 0.000042
Train Epoch: 40 [2400/4556 (53%)]	Loss: 0.000066
Train Epoch: 40 [2800/4556 (61%)]	Loss: 0.000067
Train Epoch: 40 [3200/4556 (70%)]	Loss: 0.000479
Train Epoch: 40 [3600/4556 (79%)]	Loss: 0.000256
Train Epoch: 40 [4000/4556 (88%)]	Loss: 0.000046
Train Epoch: 40 [4400/4556 (96%)]	Loss: 0.000137
Test set: Average loss: 2.4605, Accuracy: 622/1139 (54%)
Train Epoch: 41 [0/4556 (0%)]	Loss: 0.000137
Train Epoch: 41 [400/4556 (9%)]	Loss: 0.000049
Train Epoch: 41 [800/4556 (18%)]	Loss: 0.000101
Train Epoch: 41 [1200/4556 (26%)]	Loss: 0.000071
Train Epoch: 41 [1600/4556 (35%)]	Loss: 0.000098
Train Epoch: 41 [2000/4556 (44%)]	Loss: 0.000031
Train Epoch: 41 [2400/4556 (53%)]	Loss: 0.000036
Train Epoch: 41 [2800/4556 (61%)]	Loss: 0.000153
Train Epoch: 41 [3200/4556 (70%)]	Loss: 0.023413
Train Epoch: 41 [3600/4556 (79%)]	Loss: 0.000124
Train Epoch: 41 [4000/4556 (88%)]	Loss: 0.000093
Train Epoch: 41 [4400/4556 (96%)]	Loss: 0.000028
Test set: Average loss: 2.4241, Accuracy: 620/1139 (54%)
Train Epoch: 42 [0/4556 (0%)]	Loss: 0.000317
Train Epoch: 42 [400/4556 (9%)]	Loss: 0.000069
Train Epoch: 42 [800/4556 (18%)]	Loss: 0.000047
Train Epoch: 42 [1200/4556 (26%)]	Loss: 0.000033
Train Epoch: 42 [1600/4556 (35%)]	Loss: 0.000119
Train Epoch: 42 [2000/4556 (44%)]	Loss: 0.000091
Train Epoch: 42 [2400/4556 (53%)]	Loss: 0.000051
Train Epoch: 42 [2800/4556 (61%)]	Loss: 0.000057
Train Epoch: 42 [3200/4556 (70%)]	Loss: 0.000101
Train Epoch: 42 [3600/4556 (79%)]	Loss: 0.000049
Train Epoch: 42 [4000/4556 (88%)]	Loss: 0.000154
Train Epoch: 42 [4400/4556 (96%)]	Loss: 0.000137
Test set: Average loss: 2.3843, Accuracy: 635/1139 (55%)
Train Epoch: 43 [0/4556 (0%)]	Loss: 0.000052
Train Epoch: 43 [400/4556 (9%)]	Loss: 0.000100
Train Epoch: 43 [800/4556 (18%)]	Loss: 0.000227
Train Epoch: 43 [1200/4556 (26%)]	Loss: 0.000186
Train Epoch: 43 [1600/4556 (35%)]	Loss: 0.000042
Train Epoch: 43 [2000/4556 (44%)]	Loss: 0.000162
Train Epoch: 43 [2400/4556 (53%)]	Loss: 0.000066
Train Epoch: 43 [2800/4556 (61%)]	Loss: 0.000065
Train Epoch: 43 [3200/4556 (70%)]	Loss: 0.000081
Train Epoch: 43 [3600/4556 (79%)]	Loss: 0.000710
Train Epoch: 43 [4000/4556 (88%)]	Loss: 0.000083
Train Epoch: 43 [4400/4556 (96%)]	Loss: 0.000059
Test set: Average loss: 2.3962, Accuracy: 634/1139 (55%)
Train Epoch: 44 [0/4556 (0%)]	Loss: 0.000039
Train Epoch: 44 [400/4556 (9%)]	Loss: 0.000857
Train Epoch: 44 [800/4556 (18%)]	Loss: 0.000052
Train Epoch: 44 [1200/4556 (26%)]	Loss: 0.000044
Train Epoch: 44 [1600/4556 (35%)]	Loss: 0.000088
Train Epoch: 44 [2000/4556 (44%)]	Loss: 0.000043
Train Epoch: 44 [2400/4556 (53%)]	Loss: 0.000038
Train Epoch: 44 [2800/4556 (61%)]	Loss: 0.000041
Train Epoch: 44 [3200/4556 (70%)]	Loss: 0.000252
Train Epoch: 44 [3600/4556 (79%)]	Loss: 0.000059
Train Epoch: 44 [4000/4556 (88%)]	Loss: 0.000046
Train Epoch: 44 [4400/4556 (96%)]	Loss: 0.000056
Test set: Average loss: 2.3859, Accuracy: 641/1139 (56%)
Train Epoch: 45 [0/4556 (0%)]	Loss: 0.000085
Train Epoch: 45 [400/4556 (9%)]	Loss: 0.000625
Train Epoch: 45 [800/4556 (18%)]	Loss: 0.000501
Train Epoch: 45 [1200/4556 (26%)]	Loss: 0.000094
Train Epoch: 45 [1600/4556 (35%)]	Loss: 0.000039
Train Epoch: 45 [2000/4556 (44%)]	Loss: 0.000148
Train Epoch: 45 [2400/4556 (53%)]	Loss: 0.000563
Train Epoch: 45 [2800/4556 (61%)]	Loss: 0.000100
Train Epoch: 45 [3200/4556 (70%)]	Loss: 0.000060
Train Epoch: 45 [3600/4556 (79%)]	Loss: 0.001242
Train Epoch: 45 [4000/4556 (88%)]	Loss: 0.000146
Train Epoch: 45 [4400/4556 (96%)]	Loss: 0.000105
Test set: Average loss: 2.4111, Accuracy: 633/1139 (55%)
Train Epoch: 46 [0/4556 (0%)]	Loss: 0.000089
Train Epoch: 46 [400/4556 (9%)]	Loss: 0.000171
Train Epoch: 46 [800/4556 (18%)]	Loss: 0.000110
Train Epoch: 46 [1200/4556 (26%)]	Loss: 0.000570
Train Epoch: 46 [1600/4556 (35%)]	Loss: 0.000029
Train Epoch: 46 [2000/4556 (44%)]	Loss: 0.000161
Train Epoch: 46 [2400/4556 (53%)]	Loss: 0.000062
Train Epoch: 46 [2800/4556 (61%)]	Loss: 0.000047
Train Epoch: 46 [3200/4556 (70%)]	Loss: 0.000058
Train Epoch: 46 [3600/4556 (79%)]	Loss: 0.000083
Train Epoch: 46 [4000/4556 (88%)]	Loss: 0.000173
Train Epoch: 46 [4400/4556 (96%)]	Loss: 0.000070
Test set: Average loss: 2.4034, Accuracy: 635/1139 (55%)
Train Epoch: 47 [0/4556 (0%)]	Loss: 0.000041
Train Epoch: 47 [400/4556 (9%)]	Loss: 0.000081
Train Epoch: 47 [800/4556 (18%)]	Loss: 0.000017
Train Epoch: 47 [1200/4556 (26%)]	Loss: 0.000030
Train Epoch: 47 [1600/4556 (35%)]	Loss: 0.000039
Train Epoch: 47 [2000/4556 (44%)]	Loss: 0.000147
Train Epoch: 47 [2400/4556 (53%)]	Loss: 0.000109
Train Epoch: 47 [2800/4556 (61%)]	Loss: 0.000070
Train Epoch: 47 [3200/4556 (70%)]	Loss: 0.000414
Train Epoch: 47 [3600/4556 (79%)]	Loss: 0.000028
Train Epoch: 47 [4000/4556 (88%)]	Loss: 0.000179
Train Epoch: 47 [4400/4556 (96%)]	Loss: 0.000128
Test set: Average loss: 2.3888, Accuracy: 633/1139 (55%)
Train Epoch: 48 [0/4556 (0%)]	Loss: 0.000022
Train Epoch: 48 [400/4556 (9%)]	Loss: 0.000155
Train Epoch: 48 [800/4556 (18%)]	Loss: 0.000044
Train Epoch: 48 [1200/4556 (26%)]	Loss: 0.000190
Train Epoch: 48 [1600/4556 (35%)]	Loss: 0.000029
Train Epoch: 48 [2000/4556 (44%)]	Loss: 0.000073
Train Epoch: 48 [2400/4556 (53%)]	Loss: 0.000055
Train Epoch: 48 [2800/4556 (61%)]	Loss: 0.000151
Train Epoch: 48 [3200/4556 (70%)]	Loss: 0.000040
Train Epoch: 48 [3600/4556 (79%)]	Loss: 0.000025
Train Epoch: 48 [4000/4556 (88%)]	Loss: 0.000457
Train Epoch: 48 [4400/4556 (96%)]	Loss: 0.000104
Test set: Average loss: 2.4046, Accuracy: 640/1139 (56%)
Train Epoch: 49 [0/4556 (0%)]	Loss: 0.000058
Train Epoch: 49 [400/4556 (9%)]	Loss: 0.000438
Train Epoch: 49 [800/4556 (18%)]	Loss: 0.000123
Train Epoch: 49 [1200/4556 (26%)]	Loss: 0.000046
Train Epoch: 49 [1600/4556 (35%)]	Loss: 0.000080
Train Epoch: 49 [2000/4556 (44%)]	Loss: 0.000031
Train Epoch: 49 [2400/4556 (53%)]	Loss: 0.000041
Train Epoch: 49 [2800/4556 (61%)]	Loss: 0.000080
Train Epoch: 49 [3200/4556 (70%)]	Loss: 0.000136
Train Epoch: 49 [3600/4556 (79%)]	Loss: 0.000034
Train Epoch: 49 [4000/4556 (88%)]	Loss: 0.000036
Train Epoch: 49 [4400/4556 (96%)]	Loss: 0.000063
Test set: Average loss: 2.4122, Accuracy: 633/1139 (55%)
Train Epoch: 50 [0/4556 (0%)]	Loss: 0.000117
Train Epoch: 50 [400/4556 (9%)]	Loss: 0.000210
Train Epoch: 50 [800/4556 (18%)]	Loss: 0.000654
Train Epoch: 50 [1200/4556 (26%)]	Loss: 0.000024
Train Epoch: 50 [1600/4556 (35%)]	Loss: 0.000765
Train Epoch: 50 [2000/4556 (44%)]	Loss: 0.000134
Train Epoch: 50 [2400/4556 (53%)]	Loss: 0.000350
Train Epoch: 50 [2800/4556 (61%)]	Loss: 0.000111
Train Epoch: 50 [3200/4556 (70%)]	Loss: 0.000067
Train Epoch: 50 [3600/4556 (79%)]	Loss: 0.000046
Train Epoch: 50 [4000/4556 (88%)]	Loss: 0.000120
Train Epoch: 50 [4400/4556 (96%)]	Loss: 0.000129
Test set: Average loss: 2.4869, Accuracy: 628/1139 (55%)
Train Epoch: 51 [0/4556 (0%)]	Loss: 0.000040
Train Epoch: 51 [400/4556 (9%)]	Loss: 0.000050
Train Epoch: 51 [800/4556 (18%)]	Loss: 0.000034
Train Epoch: 51 [1200/4556 (26%)]	Loss: 0.000166
Train Epoch: 51 [1600/4556 (35%)]	Loss: 0.000026
Train Epoch: 51 [2000/4556 (44%)]	Loss: 0.000105
Train Epoch: 51 [2400/4556 (53%)]	Loss: 0.000062
Train Epoch: 51 [2800/4556 (61%)]	Loss: 0.000062
Train Epoch: 51 [3200/4556 (70%)]	Loss: 0.000036
Train Epoch: 51 [3600/4556 (79%)]	Loss: 0.000041
Train Epoch: 51 [4000/4556 (88%)]	Loss: 0.000014
Train Epoch: 51 [4400/4556 (96%)]	Loss: 0.000019
Test set: Average loss: 2.4236, Accuracy: 642/1139 (56%)
Train Epoch: 52 [0/4556 (0%)]	Loss: 0.000068
Train Epoch: 52 [400/4556 (9%)]	Loss: 0.000081
Train Epoch: 52 [800/4556 (18%)]	Loss: 0.000055
Train Epoch: 52 [1200/4556 (26%)]	Loss: 0.000104
Train Epoch: 52 [1600/4556 (35%)]	Loss: 0.000033
Train Epoch: 52 [2000/4556 (44%)]	Loss: 0.000020
Train Epoch: 52 [2400/4556 (53%)]	Loss: 0.000042
Train Epoch: 52 [2800/4556 (61%)]	Loss: 0.000063
Train Epoch: 52 [3200/4556 (70%)]	Loss: 0.000123
Train Epoch: 52 [3600/4556 (79%)]	Loss: 0.000056
Train Epoch: 52 [4000/4556 (88%)]	Loss: 0.000056
Train Epoch: 52 [4400/4556 (96%)]	Loss: 0.000017
Test set: Average loss: 2.4339, Accuracy: 635/1139 (55%)
Train Epoch: 53 [0/4556 (0%)]	Loss: 0.000171
Train Epoch: 53 [400/4556 (9%)]	Loss: 0.000044
Train Epoch: 53 [800/4556 (18%)]	Loss: 0.000060
Train Epoch: 53 [1200/4556 (26%)]	Loss: 0.000028
Train Epoch: 53 [1600/4556 (35%)]	Loss: 0.000051
Train Epoch: 53 [2000/4556 (44%)]	Loss: 0.000058
Train Epoch: 53 [2400/4556 (53%)]	Loss: 0.000225
Train Epoch: 53 [2800/4556 (61%)]	Loss: 0.000033
Train Epoch: 53 [3200/4556 (70%)]	Loss: 0.000265
Train Epoch: 53 [3600/4556 (79%)]	Loss: 0.000024
Train Epoch: 53 [4000/4556 (88%)]	Loss: 0.000028
Train Epoch: 53 [4400/4556 (96%)]	Loss: 0.000125
Test set: Average loss: 2.4310, Accuracy: 631/1139 (55%)
Train Epoch: 54 [0/4556 (0%)]	Loss: 0.000125
Train Epoch: 54 [400/4556 (9%)]	Loss: 0.000243
Train Epoch: 54 [800/4556 (18%)]	Loss: 0.000043
Train Epoch: 54 [1200/4556 (26%)]	Loss: 0.000319
Train Epoch: 54 [1600/4556 (35%)]	Loss: 0.000067
Train Epoch: 54 [2000/4556 (44%)]	Loss: 0.000031
Train Epoch: 54 [2400/4556 (53%)]	Loss: 0.000078
Train Epoch: 54 [2800/4556 (61%)]	Loss: 0.000020
Train Epoch: 54 [3200/4556 (70%)]	Loss: 0.000200
Train Epoch: 54 [3600/4556 (79%)]	Loss: 0.000084
Train Epoch: 54 [4000/4556 (88%)]	Loss: 0.000205
Train Epoch: 54 [4400/4556 (96%)]	Loss: 0.000217
Test set: Average loss: 2.4509, Accuracy: 632/1139 (55%)
Train Epoch: 55 [0/4556 (0%)]	Loss: 0.011144
Train Epoch: 55 [400/4556 (9%)]	Loss: 0.000145
Train Epoch: 55 [800/4556 (18%)]	Loss: 0.000030
Train Epoch: 55 [1200/4556 (26%)]	Loss: 0.000068
Train Epoch: 55 [1600/4556 (35%)]	Loss: 0.000090
Train Epoch: 55 [2000/4556 (44%)]	Loss: 0.000066
Train Epoch: 55 [2400/4556 (53%)]	Loss: 0.000083
Train Epoch: 55 [2800/4556 (61%)]	Loss: 0.000053
Train Epoch: 55 [3200/4556 (70%)]	Loss: 0.000993
Train Epoch: 55 [3600/4556 (79%)]	Loss: 0.000066
Train Epoch: 55 [4000/4556 (88%)]	Loss: 0.000089
Train Epoch: 55 [4400/4556 (96%)]	Loss: 0.000064
Test set: Average loss: 2.4401, Accuracy: 626/1139 (54%)
Train Epoch: 56 [0/4556 (0%)]	Loss: 0.000017
Train Epoch: 56 [400/4556 (9%)]	Loss: 0.000064
Train Epoch: 56 [800/4556 (18%)]	Loss: 0.000048
Train Epoch: 56 [1200/4556 (26%)]	Loss: 0.000067
Train Epoch: 56 [1600/4556 (35%)]	Loss: 0.000099
Train Epoch: 56 [2000/4556 (44%)]	Loss: 0.000030
Train Epoch: 56 [2400/4556 (53%)]	Loss: 0.000045
Train Epoch: 56 [2800/4556 (61%)]	Loss: 0.000025
Train Epoch: 56 [3200/4556 (70%)]	Loss: 0.000077
Train Epoch: 56 [3600/4556 (79%)]	Loss: 0.000123
Train Epoch: 56 [4000/4556 (88%)]	Loss: 0.000024
Train Epoch: 56 [4400/4556 (96%)]	Loss: 0.000096
Test set: Average loss: 2.4489, Accuracy: 635/1139 (55%)
Train Epoch: 57 [0/4556 (0%)]	Loss: 0.000053
Train Epoch: 57 [400/4556 (9%)]	Loss: 0.000030
Train Epoch: 57 [800/4556 (18%)]	Loss: 0.000016
Train Epoch: 57 [1200/4556 (26%)]	Loss: 0.000527
Train Epoch: 57 [1600/4556 (35%)]	Loss: 0.000215
Train Epoch: 57 [2000/4556 (44%)]	Loss: 0.000143
Train Epoch: 57 [2400/4556 (53%)]	Loss: 0.000257
Train Epoch: 57 [2800/4556 (61%)]	Loss: 0.000034
Train Epoch: 57 [3200/4556 (70%)]	Loss: 0.000037
Train Epoch: 57 [3600/4556 (79%)]	Loss: 0.000129
Train Epoch: 57 [4000/4556 (88%)]	Loss: 0.000012
Train Epoch: 57 [4400/4556 (96%)]	Loss: 0.000058
Test set: Average loss: 2.4383, Accuracy: 631/1139 (55%)
Train Epoch: 58 [0/4556 (0%)]	Loss: 0.000041
Train Epoch: 58 [400/4556 (9%)]	Loss: 0.000026
Train Epoch: 58 [800/4556 (18%)]	Loss: 0.000070
Train Epoch: 58 [1200/4556 (26%)]	Loss: 0.000021
Train Epoch: 58 [1600/4556 (35%)]	Loss: 0.000025
Train Epoch: 58 [2000/4556 (44%)]	Loss: 0.000052
Train Epoch: 58 [2400/4556 (53%)]	Loss: 0.000029
Train Epoch: 58 [2800/4556 (61%)]	Loss: 0.000033
Train Epoch: 58 [3200/4556 (70%)]	Loss: 0.000180
Train Epoch: 58 [3600/4556 (79%)]	Loss: 0.000025
Train Epoch: 58 [4000/4556 (88%)]	Loss: 0.000017
Train Epoch: 58 [4400/4556 (96%)]	Loss: 0.000025
Test set: Average loss: 2.4396, Accuracy: 630/1139 (55%)
Train Epoch: 59 [0/4556 (0%)]	Loss: 0.000213
Train Epoch: 59 [400/4556 (9%)]	Loss: 0.000077
Train Epoch: 59 [800/4556 (18%)]	Loss: 0.000030
Train Epoch: 59 [1200/4556 (26%)]	Loss: 0.000017
Train Epoch: 59 [1600/4556 (35%)]	Loss: 0.000068
Train Epoch: 59 [2000/4556 (44%)]	Loss: 0.000024
Train Epoch: 59 [2400/4556 (53%)]	Loss: 0.000643
Train Epoch: 59 [2800/4556 (61%)]	Loss: 0.000070
Train Epoch: 59 [3200/4556 (70%)]	Loss: 0.000497
Train Epoch: 59 [3600/4556 (79%)]	Loss: 0.000314
Train Epoch: 59 [4000/4556 (88%)]	Loss: 0.000041
Train Epoch: 59 [4400/4556 (96%)]	Loss: 0.000036
Test set: Average loss: 2.4330, Accuracy: 636/1139 (55%)
Train Epoch: 60 [0/4556 (0%)]	Loss: 0.000012
Train Epoch: 60 [400/4556 (9%)]	Loss: 0.000033
Train Epoch: 60 [800/4556 (18%)]	Loss: 0.000064
Train Epoch: 60 [1200/4556 (26%)]	Loss: 0.000029
Train Epoch: 60 [1600/4556 (35%)]	Loss: 0.000041
Train Epoch: 60 [2000/4556 (44%)]	Loss: 0.000110
Train Epoch: 60 [2400/4556 (53%)]	Loss: 0.000045
Train Epoch: 60 [2800/4556 (61%)]	Loss: 0.000020
Train Epoch: 60 [3200/4556 (70%)]	Loss: 0.000103
Train Epoch: 60 [3600/4556 (79%)]	Loss: 0.000019
Train Epoch: 60 [4000/4556 (88%)]	Loss: 0.000089
Train Epoch: 60 [4400/4556 (96%)]	Loss: 0.000700
Test set: Average loss: 2.4675, Accuracy: 636/1139 (55%)
