getting datasets
finished
trainning pant_length_labels:
Train Epoch: 1 [0/5968 (0%)]	Loss: 2.088177
Train Epoch: 1 [400/5968 (7%)]	Loss: 1.690285
Train Epoch: 1 [800/5968 (13%)]	Loss: 1.384831
Train Epoch: 1 [1200/5968 (20%)]	Loss: 1.216273
Train Epoch: 1 [1600/5968 (27%)]	Loss: 1.326711
Train Epoch: 1 [2000/5968 (33%)]	Loss: 1.100047
Train Epoch: 1 [2400/5968 (40%)]	Loss: 1.174668
Train Epoch: 1 [2800/5968 (47%)]	Loss: 1.015410
Train Epoch: 1 [3200/5968 (53%)]	Loss: 1.185989
Train Epoch: 1 [3600/5968 (60%)]	Loss: 1.220777
Train Epoch: 1 [4000/5968 (67%)]	Loss: 0.883840
Train Epoch: 1 [4400/5968 (73%)]	Loss: 1.276034
Train Epoch: 1 [4800/5968 (80%)]	Loss: 0.863659
Train Epoch: 1 [5200/5968 (87%)]	Loss: 0.876575
Train Epoch: 1 [5600/5968 (93%)]	Loss: 0.892991
Test set: Average loss: 2.4130, Accuracy: 299/1492 (20%)
Train Epoch: 2 [0/5968 (0%)]	Loss: 0.749965
Train Epoch: 2 [400/5968 (7%)]	Loss: 0.626128
Train Epoch: 2 [800/5968 (13%)]	Loss: 0.550043
Train Epoch: 2 [1200/5968 (20%)]	Loss: 0.704086
Train Epoch: 2 [1600/5968 (27%)]	Loss: 0.649337
Train Epoch: 2 [2000/5968 (33%)]	Loss: 0.576964
Train Epoch: 2 [2400/5968 (40%)]	Loss: 0.717634
Train Epoch: 2 [2800/5968 (47%)]	Loss: 1.132108
Train Epoch: 2 [3200/5968 (53%)]	Loss: 0.936955
Train Epoch: 2 [3600/5968 (60%)]	Loss: 0.872094
Train Epoch: 2 [4000/5968 (67%)]	Loss: 0.759408
Train Epoch: 2 [4400/5968 (73%)]	Loss: 0.697649
Train Epoch: 2 [4800/5968 (80%)]	Loss: 0.647457
Train Epoch: 2 [5200/5968 (87%)]	Loss: 0.701585
Train Epoch: 2 [5600/5968 (93%)]	Loss: 0.844517
Test set: Average loss: 2.1531, Accuracy: 290/1492 (19%)
Train Epoch: 3 [0/5968 (0%)]	Loss: 0.432997
Train Epoch: 3 [400/5968 (7%)]	Loss: 0.260983
Train Epoch: 3 [800/5968 (13%)]	Loss: 0.494752
Train Epoch: 3 [1200/5968 (20%)]	Loss: 0.320146
Train Epoch: 3 [1600/5968 (27%)]	Loss: 0.548123
Train Epoch: 3 [2000/5968 (33%)]	Loss: 0.571437
Train Epoch: 3 [2400/5968 (40%)]	Loss: 0.731449
Train Epoch: 3 [2800/5968 (47%)]	Loss: 0.204845
Train Epoch: 3 [3200/5968 (53%)]	Loss: 0.506834
Train Epoch: 3 [3600/5968 (60%)]	Loss: 0.553488
Train Epoch: 3 [4000/5968 (67%)]	Loss: 0.421654
Train Epoch: 3 [4400/5968 (73%)]	Loss: 0.441098
Train Epoch: 3 [4800/5968 (80%)]	Loss: 0.481325
Train Epoch: 3 [5200/5968 (87%)]	Loss: 0.353550
Train Epoch: 3 [5600/5968 (93%)]	Loss: 0.304885
Test set: Average loss: 2.1440, Accuracy: 299/1492 (20%)
Train Epoch: 4 [0/5968 (0%)]	Loss: 0.421684
Train Epoch: 4 [400/5968 (7%)]	Loss: 0.144953
Train Epoch: 4 [800/5968 (13%)]	Loss: 0.238032
Train Epoch: 4 [1200/5968 (20%)]	Loss: 0.202402
Train Epoch: 4 [1600/5968 (27%)]	Loss: 0.373201
Train Epoch: 4 [2000/5968 (33%)]	Loss: 0.097789
Train Epoch: 4 [2400/5968 (40%)]	Loss: 0.171455
Train Epoch: 4 [2800/5968 (47%)]	Loss: 0.271065
Train Epoch: 4 [3200/5968 (53%)]	Loss: 0.193074
Train Epoch: 4 [3600/5968 (60%)]	Loss: 0.222154
Train Epoch: 4 [4000/5968 (67%)]	Loss: 0.311944
Train Epoch: 4 [4400/5968 (73%)]	Loss: 0.259915
Train Epoch: 4 [4800/5968 (80%)]	Loss: 0.518204
Train Epoch: 4 [5200/5968 (87%)]	Loss: 0.441573
Train Epoch: 4 [5600/5968 (93%)]	Loss: 0.300671
Test set: Average loss: 2.1485, Accuracy: 468/1492 (31%)
Train Epoch: 5 [0/5968 (0%)]	Loss: 0.097820
Train Epoch: 5 [400/5968 (7%)]	Loss: 0.177738
Train Epoch: 5 [800/5968 (13%)]	Loss: 0.051924
Train Epoch: 5 [1200/5968 (20%)]	Loss: 0.054605
Train Epoch: 5 [1600/5968 (27%)]	Loss: 0.079441
Train Epoch: 5 [2000/5968 (33%)]	Loss: 0.081287
Train Epoch: 5 [2400/5968 (40%)]	Loss: 0.121229
Train Epoch: 5 [2800/5968 (47%)]	Loss: 0.114153
Train Epoch: 5 [3200/5968 (53%)]	Loss: 0.115870
Train Epoch: 5 [3600/5968 (60%)]	Loss: 0.074270
Train Epoch: 5 [4000/5968 (67%)]	Loss: 0.214912
Train Epoch: 5 [4400/5968 (73%)]	Loss: 0.207741
Train Epoch: 5 [4800/5968 (80%)]	Loss: 0.241583
Train Epoch: 5 [5200/5968 (87%)]	Loss: 0.640685
Train Epoch: 5 [5600/5968 (93%)]	Loss: 0.228244
Test set: Average loss: 3.0116, Accuracy: 418/1492 (28%)
Train Epoch: 6 [0/5968 (0%)]	Loss: 0.101354
Train Epoch: 6 [400/5968 (7%)]	Loss: 0.057126
Train Epoch: 6 [800/5968 (13%)]	Loss: 0.053075
Train Epoch: 6 [1200/5968 (20%)]	Loss: 0.028027
Train Epoch: 6 [1600/5968 (27%)]	Loss: 0.024865
Train Epoch: 6 [2000/5968 (33%)]	Loss: 0.130153
Train Epoch: 6 [2400/5968 (40%)]	Loss: 0.092866
Train Epoch: 6 [2800/5968 (47%)]	Loss: 0.039149
Train Epoch: 6 [3200/5968 (53%)]	Loss: 0.079109
Train Epoch: 6 [3600/5968 (60%)]	Loss: 0.117015
Train Epoch: 6 [4000/5968 (67%)]	Loss: 0.109008
Train Epoch: 6 [4400/5968 (73%)]	Loss: 0.020783
Train Epoch: 6 [4800/5968 (80%)]	Loss: 0.110019
Train Epoch: 6 [5200/5968 (87%)]	Loss: 0.225874
Train Epoch: 6 [5600/5968 (93%)]	Loss: 0.079932
Test set: Average loss: 4.3603, Accuracy: 299/1492 (20%)
Train Epoch: 7 [0/5968 (0%)]	Loss: 0.164308
Train Epoch: 7 [400/5968 (7%)]	Loss: 0.125720
Train Epoch: 7 [800/5968 (13%)]	Loss: 0.085990
Train Epoch: 7 [1200/5968 (20%)]	Loss: 0.129973
Train Epoch: 7 [1600/5968 (27%)]	Loss: 0.011284
Train Epoch: 7 [2000/5968 (33%)]	Loss: 0.019309
Train Epoch: 7 [2400/5968 (40%)]	Loss: 0.062886
Train Epoch: 7 [2800/5968 (47%)]	Loss: 0.137321
Train Epoch: 7 [3200/5968 (53%)]	Loss: 0.071145
Train Epoch: 7 [3600/5968 (60%)]	Loss: 0.026836
Train Epoch: 7 [4000/5968 (67%)]	Loss: 0.097034
Train Epoch: 7 [4400/5968 (73%)]	Loss: 0.065471
Train Epoch: 7 [4800/5968 (80%)]	Loss: 0.118624
Train Epoch: 7 [5200/5968 (87%)]	Loss: 0.196848
Train Epoch: 7 [5600/5968 (93%)]	Loss: 0.053968
Test set: Average loss: 2.7785, Accuracy: 320/1492 (21%)
Train Epoch: 8 [0/5968 (0%)]	Loss: 0.004955
Train Epoch: 8 [400/5968 (7%)]	Loss: 0.085240
Train Epoch: 8 [800/5968 (13%)]	Loss: 0.054788
Train Epoch: 8 [1200/5968 (20%)]	Loss: 0.113381
Train Epoch: 8 [1600/5968 (27%)]	Loss: 0.020585
Train Epoch: 8 [2000/5968 (33%)]	Loss: 0.041968
Train Epoch: 8 [2400/5968 (40%)]	Loss: 0.160445
Train Epoch: 8 [2800/5968 (47%)]	Loss: 0.133367
Train Epoch: 8 [3200/5968 (53%)]	Loss: 0.121429
Train Epoch: 8 [3600/5968 (60%)]	Loss: 0.026498
Train Epoch: 8 [4000/5968 (67%)]	Loss: 0.057496
Train Epoch: 8 [4400/5968 (73%)]	Loss: 0.056735
Train Epoch: 8 [4800/5968 (80%)]	Loss: 0.031980
Train Epoch: 8 [5200/5968 (87%)]	Loss: 0.066161
Train Epoch: 8 [5600/5968 (93%)]	Loss: 0.040516
Test set: Average loss: 3.4601, Accuracy: 309/1492 (20%)
Train Epoch: 9 [0/5968 (0%)]	Loss: 0.032585
Train Epoch: 9 [400/5968 (7%)]	Loss: 0.016219
Train Epoch: 9 [800/5968 (13%)]	Loss: 0.059128
Train Epoch: 9 [1200/5968 (20%)]	Loss: 0.024874
Train Epoch: 9 [1600/5968 (27%)]	Loss: 0.039936
Train Epoch: 9 [2000/5968 (33%)]	Loss: 0.006922
Train Epoch: 9 [2400/5968 (40%)]	Loss: 0.022031
Train Epoch: 9 [2800/5968 (47%)]	Loss: 0.017600
Train Epoch: 9 [3200/5968 (53%)]	Loss: 0.011891
Train Epoch: 9 [3600/5968 (60%)]	Loss: 0.105401
Train Epoch: 9 [4000/5968 (67%)]	Loss: 0.015377
Train Epoch: 9 [4400/5968 (73%)]	Loss: 0.008832
Train Epoch: 9 [4800/5968 (80%)]	Loss: 0.033082
Train Epoch: 9 [5200/5968 (87%)]	Loss: 0.007063
Train Epoch: 9 [5600/5968 (93%)]	Loss: 0.038960
Test set: Average loss: 3.8850, Accuracy: 317/1492 (21%)
Train Epoch: 10 [0/5968 (0%)]	Loss: 0.001713
Train Epoch: 10 [400/5968 (7%)]	Loss: 0.040304
Train Epoch: 10 [800/5968 (13%)]	Loss: 0.025461
Train Epoch: 10 [1200/5968 (20%)]	Loss: 0.022701
Train Epoch: 10 [1600/5968 (27%)]	Loss: 0.006010
Train Epoch: 10 [2000/5968 (33%)]	Loss: 0.012395
Train Epoch: 10 [2400/5968 (40%)]	Loss: 0.028968
Train Epoch: 10 [2800/5968 (47%)]	Loss: 0.003978
Train Epoch: 10 [3200/5968 (53%)]	Loss: 0.049651
Train Epoch: 10 [3600/5968 (60%)]	Loss: 0.003514
Train Epoch: 10 [4000/5968 (67%)]	Loss: 0.191675
Train Epoch: 10 [4400/5968 (73%)]	Loss: 0.005144
Train Epoch: 10 [4800/5968 (80%)]	Loss: 0.080990
Train Epoch: 10 [5200/5968 (87%)]	Loss: 0.007897
Train Epoch: 10 [5600/5968 (93%)]	Loss: 0.068751
Test set: Average loss: 5.8227, Accuracy: 299/1492 (20%)
Train Epoch: 11 [0/5968 (0%)]	Loss: 0.028034
Train Epoch: 11 [400/5968 (7%)]	Loss: 0.181719
Train Epoch: 11 [800/5968 (13%)]	Loss: 0.290663
Train Epoch: 11 [1200/5968 (20%)]	Loss: 0.043905
Train Epoch: 11 [1600/5968 (27%)]	Loss: 0.015983
Train Epoch: 11 [2000/5968 (33%)]	Loss: 0.016428
Train Epoch: 11 [2400/5968 (40%)]	Loss: 0.004452
Train Epoch: 11 [2800/5968 (47%)]	Loss: 0.006143
Train Epoch: 11 [3200/5968 (53%)]	Loss: 0.023777
Train Epoch: 11 [3600/5968 (60%)]	Loss: 0.050774
Train Epoch: 11 [4000/5968 (67%)]	Loss: 0.079476
Train Epoch: 11 [4400/5968 (73%)]	Loss: 0.005220
Train Epoch: 11 [4800/5968 (80%)]	Loss: 0.008987
Train Epoch: 11 [5200/5968 (87%)]	Loss: 0.022052
Train Epoch: 11 [5600/5968 (93%)]	Loss: 0.094080
Test set: Average loss: 3.3557, Accuracy: 328/1492 (21%)
Train Epoch: 12 [0/5968 (0%)]	Loss: 0.006555
Train Epoch: 12 [400/5968 (7%)]	Loss: 0.007617
Train Epoch: 12 [800/5968 (13%)]	Loss: 0.017820
Train Epoch: 12 [1200/5968 (20%)]	Loss: 0.027752
Train Epoch: 12 [1600/5968 (27%)]	Loss: 0.003819
Train Epoch: 12 [2000/5968 (33%)]	Loss: 0.088123
Train Epoch: 12 [2400/5968 (40%)]	Loss: 0.031357
Train Epoch: 12 [2800/5968 (47%)]	Loss: 0.085628
Train Epoch: 12 [3200/5968 (53%)]	Loss: 0.026213
Train Epoch: 12 [3600/5968 (60%)]	Loss: 0.032563
Train Epoch: 12 [4000/5968 (67%)]	Loss: 0.093902
Train Epoch: 12 [4400/5968 (73%)]	Loss: 0.021752
Train Epoch: 12 [4800/5968 (80%)]	Loss: 0.040881
Train Epoch: 12 [5200/5968 (87%)]	Loss: 0.030353
Train Epoch: 12 [5600/5968 (93%)]	Loss: 0.011883
Test set: Average loss: 3.4990, Accuracy: 299/1492 (20%)
Train Epoch: 13 [0/5968 (0%)]	Loss: 0.011888
Train Epoch: 13 [400/5968 (7%)]	Loss: 0.087831
Train Epoch: 13 [800/5968 (13%)]	Loss: 0.014032
Train Epoch: 13 [1200/5968 (20%)]	Loss: 0.012153
Train Epoch: 13 [1600/5968 (27%)]	Loss: 0.004085
Train Epoch: 13 [2000/5968 (33%)]	Loss: 0.014017
Train Epoch: 13 [2400/5968 (40%)]	Loss: 0.076838
Train Epoch: 13 [2800/5968 (47%)]	Loss: 0.059813
Train Epoch: 13 [3200/5968 (53%)]	Loss: 0.012313
Train Epoch: 13 [3600/5968 (60%)]	Loss: 0.001358
Train Epoch: 13 [4000/5968 (67%)]	Loss: 0.055420
Train Epoch: 13 [4400/5968 (73%)]	Loss: 0.040884
Train Epoch: 13 [4800/5968 (80%)]	Loss: 0.078750
Train Epoch: 13 [5200/5968 (87%)]	Loss: 0.017146
Train Epoch: 13 [5600/5968 (93%)]	Loss: 0.002147
Test set: Average loss: 1.4983, Accuracy: 945/1492 (63%)
Train Epoch: 14 [0/5968 (0%)]	Loss: 0.012885
Train Epoch: 14 [400/5968 (7%)]	Loss: 0.006078
Train Epoch: 14 [800/5968 (13%)]	Loss: 0.068506
Train Epoch: 14 [1200/5968 (20%)]	Loss: 0.008971
Train Epoch: 14 [1600/5968 (27%)]	Loss: 0.004674
Train Epoch: 14 [2000/5968 (33%)]	Loss: 0.003181
Train Epoch: 14 [2400/5968 (40%)]	Loss: 0.003120
Train Epoch: 14 [2800/5968 (47%)]	Loss: 0.007934
Train Epoch: 14 [3200/5968 (53%)]	Loss: 0.000857
Train Epoch: 14 [3600/5968 (60%)]	Loss: 0.070771
Train Epoch: 14 [4000/5968 (67%)]	Loss: 0.001682
Train Epoch: 14 [4400/5968 (73%)]	Loss: 0.017376
Train Epoch: 14 [4800/5968 (80%)]	Loss: 0.064368
Train Epoch: 14 [5200/5968 (87%)]	Loss: 0.025750
Train Epoch: 14 [5600/5968 (93%)]	Loss: 0.008537
Test set: Average loss: 3.1160, Accuracy: 313/1492 (20%)
Train Epoch: 15 [0/5968 (0%)]	Loss: 0.003935
Train Epoch: 15 [400/5968 (7%)]	Loss: 0.059522
Train Epoch: 15 [800/5968 (13%)]	Loss: 0.003681
Train Epoch: 15 [1200/5968 (20%)]	Loss: 0.002612
Train Epoch: 15 [1600/5968 (27%)]	Loss: 0.001376
Train Epoch: 15 [2000/5968 (33%)]	Loss: 0.017220
Train Epoch: 15 [2400/5968 (40%)]	Loss: 0.010259
Train Epoch: 15 [2800/5968 (47%)]	Loss: 0.003345
Train Epoch: 15 [3200/5968 (53%)]	Loss: 0.005202
Train Epoch: 15 [3600/5968 (60%)]	Loss: 0.003847
Train Epoch: 15 [4000/5968 (67%)]	Loss: 0.028922
Train Epoch: 15 [4400/5968 (73%)]	Loss: 0.002012
Train Epoch: 15 [4800/5968 (80%)]	Loss: 0.002160
Train Epoch: 15 [5200/5968 (87%)]	Loss: 0.002312
Train Epoch: 15 [5600/5968 (93%)]	Loss: 0.088548
Test set: Average loss: 7.3099, Accuracy: 299/1492 (20%)
Train Epoch: 16 [0/5968 (0%)]	Loss: 0.127317
Train Epoch: 16 [400/5968 (7%)]	Loss: 0.011132
Train Epoch: 16 [800/5968 (13%)]	Loss: 0.124552
Train Epoch: 16 [1200/5968 (20%)]	Loss: 0.012767
Train Epoch: 16 [1600/5968 (27%)]	Loss: 0.085877
Train Epoch: 16 [2000/5968 (33%)]	Loss: 0.017618
Train Epoch: 16 [2400/5968 (40%)]	Loss: 0.005726
Train Epoch: 16 [2800/5968 (47%)]	Loss: 0.003452
Train Epoch: 16 [3200/5968 (53%)]	Loss: 0.187400
Train Epoch: 16 [3600/5968 (60%)]	Loss: 0.002420
Train Epoch: 16 [4000/5968 (67%)]	Loss: 0.074943
Train Epoch: 16 [4400/5968 (73%)]	Loss: 0.005608
Train Epoch: 16 [4800/5968 (80%)]	Loss: 0.032193
Train Epoch: 16 [5200/5968 (87%)]	Loss: 0.049113
Train Epoch: 16 [5600/5968 (93%)]	Loss: 0.111041
Test set: Average loss: 3.3728, Accuracy: 379/1492 (25%)
Train Epoch: 17 [0/5968 (0%)]	Loss: 0.001540
Train Epoch: 17 [400/5968 (7%)]	Loss: 0.033477
Train Epoch: 17 [800/5968 (13%)]	Loss: 0.059002
Train Epoch: 17 [1200/5968 (20%)]	Loss: 0.001655
Train Epoch: 17 [1600/5968 (27%)]	Loss: 0.066317
Train Epoch: 17 [2000/5968 (33%)]	Loss: 0.007756
Train Epoch: 17 [2400/5968 (40%)]	Loss: 0.089417
Train Epoch: 17 [2800/5968 (47%)]	Loss: 0.004827
Train Epoch: 17 [3200/5968 (53%)]	Loss: 0.016297
Train Epoch: 17 [3600/5968 (60%)]	Loss: 0.037096
Train Epoch: 17 [4000/5968 (67%)]	Loss: 0.011760
Train Epoch: 17 [4400/5968 (73%)]	Loss: 0.099535
Train Epoch: 17 [4800/5968 (80%)]	Loss: 0.011843
Train Epoch: 17 [5200/5968 (87%)]	Loss: 0.103459
Train Epoch: 17 [5600/5968 (93%)]	Loss: 0.062556
Test set: Average loss: 2.8314, Accuracy: 701/1492 (46%)
Train Epoch: 18 [0/5968 (0%)]	Loss: 0.007501
Train Epoch: 18 [400/5968 (7%)]	Loss: 0.090810
Train Epoch: 18 [800/5968 (13%)]	Loss: 0.006330
Train Epoch: 18 [1200/5968 (20%)]	Loss: 0.009060
Train Epoch: 18 [1600/5968 (27%)]	Loss: 0.002234
Train Epoch: 18 [2000/5968 (33%)]	Loss: 0.002421
Train Epoch: 18 [2400/5968 (40%)]	Loss: 0.022225
Train Epoch: 18 [2800/5968 (47%)]	Loss: 0.002814
Train Epoch: 18 [3200/5968 (53%)]	Loss: 0.010648
Train Epoch: 18 [3600/5968 (60%)]	Loss: 0.002501
Train Epoch: 18 [4000/5968 (67%)]	Loss: 0.000891
Train Epoch: 18 [4400/5968 (73%)]	Loss: 0.013658
Train Epoch: 18 [4800/5968 (80%)]	Loss: 0.005221
Train Epoch: 18 [5200/5968 (87%)]	Loss: 0.000696
Train Epoch: 18 [5600/5968 (93%)]	Loss: 0.004463
Test set: Average loss: 2.4554, Accuracy: 474/1492 (31%)
Train Epoch: 19 [0/5968 (0%)]	Loss: 0.004065
Train Epoch: 19 [400/5968 (7%)]	Loss: 0.001475
Train Epoch: 19 [800/5968 (13%)]	Loss: 0.000790
Train Epoch: 19 [1200/5968 (20%)]	Loss: 0.001456
Train Epoch: 19 [1600/5968 (27%)]	Loss: 0.001066
Train Epoch: 19 [2000/5968 (33%)]	Loss: 0.001112
Train Epoch: 19 [2400/5968 (40%)]	Loss: 0.002670
Train Epoch: 19 [2800/5968 (47%)]	Loss: 0.001478
Train Epoch: 19 [3200/5968 (53%)]	Loss: 0.002560
Train Epoch: 19 [3600/5968 (60%)]	Loss: 0.003987
Train Epoch: 19 [4000/5968 (67%)]	Loss: 0.002410
Train Epoch: 19 [4400/5968 (73%)]	Loss: 0.002973
Train Epoch: 19 [4800/5968 (80%)]	Loss: 0.001970
Train Epoch: 19 [5200/5968 (87%)]	Loss: 0.004911
Train Epoch: 19 [5600/5968 (93%)]	Loss: 0.019337
Test set: Average loss: 1.7526, Accuracy: 941/1492 (63%)
Train Epoch: 20 [0/5968 (0%)]	Loss: 0.001034
Train Epoch: 20 [400/5968 (7%)]	Loss: 0.028580
Train Epoch: 20 [800/5968 (13%)]	Loss: 0.000220
Train Epoch: 20 [1200/5968 (20%)]	Loss: 0.000637
Train Epoch: 20 [1600/5968 (27%)]	Loss: 0.003540
Train Epoch: 20 [2000/5968 (33%)]	Loss: 0.002242
Train Epoch: 20 [2400/5968 (40%)]	Loss: 0.005184
Train Epoch: 20 [2800/5968 (47%)]	Loss: 0.001569
Train Epoch: 20 [3200/5968 (53%)]	Loss: 0.003253
Train Epoch: 20 [3600/5968 (60%)]	Loss: 0.002216
Train Epoch: 20 [4000/5968 (67%)]	Loss: 0.004216
Train Epoch: 20 [4400/5968 (73%)]	Loss: 0.001687
Train Epoch: 20 [4800/5968 (80%)]	Loss: 0.000481
Train Epoch: 20 [5200/5968 (87%)]	Loss: 0.000648
Train Epoch: 20 [5600/5968 (93%)]	Loss: 0.000214
Test set: Average loss: 2.1877, Accuracy: 731/1492 (48%)
Train Epoch: 21 [0/5968 (0%)]	Loss: 0.062344
Train Epoch: 21 [400/5968 (7%)]	Loss: 0.056134
Train Epoch: 21 [800/5968 (13%)]	Loss: 0.026517
Train Epoch: 21 [1200/5968 (20%)]	Loss: 0.001851
Train Epoch: 21 [1600/5968 (27%)]	Loss: 0.001144
Train Epoch: 21 [2000/5968 (33%)]	Loss: 0.001731
Train Epoch: 21 [2400/5968 (40%)]	Loss: 0.027831
Train Epoch: 21 [2800/5968 (47%)]	Loss: 0.003866
Train Epoch: 21 [3200/5968 (53%)]	Loss: 0.000461
Train Epoch: 21 [3600/5968 (60%)]	Loss: 0.001069
Train Epoch: 21 [4000/5968 (67%)]	Loss: 0.009243
Train Epoch: 21 [4400/5968 (73%)]	Loss: 0.001431
Train Epoch: 21 [4800/5968 (80%)]	Loss: 0.018513
Train Epoch: 21 [5200/5968 (87%)]	Loss: 0.001175
Train Epoch: 21 [5600/5968 (93%)]	Loss: 0.008761
Test set: Average loss: 3.8415, Accuracy: 294/1492 (19%)
Train Epoch: 22 [0/5968 (0%)]	Loss: 0.001096
Train Epoch: 22 [400/5968 (7%)]	Loss: 0.065672
Train Epoch: 22 [800/5968 (13%)]	Loss: 0.022641
Train Epoch: 22 [1200/5968 (20%)]	Loss: 0.019495
Train Epoch: 22 [1600/5968 (27%)]	Loss: 0.014276
Train Epoch: 22 [2000/5968 (33%)]	Loss: 0.000606
Train Epoch: 22 [2400/5968 (40%)]	Loss: 0.071400
Train Epoch: 22 [2800/5968 (47%)]	Loss: 0.003297
Train Epoch: 22 [3200/5968 (53%)]	Loss: 0.008914
Train Epoch: 22 [3600/5968 (60%)]	Loss: 0.008930
Train Epoch: 22 [4000/5968 (67%)]	Loss: 0.004733
Train Epoch: 22 [4400/5968 (73%)]	Loss: 0.002759
Train Epoch: 22 [4800/5968 (80%)]	Loss: 0.005757
Train Epoch: 22 [5200/5968 (87%)]	Loss: 0.005673
Train Epoch: 22 [5600/5968 (93%)]	Loss: 0.006701
Test set: Average loss: 2.3861, Accuracy: 640/1492 (42%)
Train Epoch: 23 [0/5968 (0%)]	Loss: 0.000594
Train Epoch: 23 [400/5968 (7%)]	Loss: 0.001752
Train Epoch: 23 [800/5968 (13%)]	Loss: 0.000450
Train Epoch: 23 [1200/5968 (20%)]	Loss: 0.002856
Train Epoch: 23 [1600/5968 (27%)]	Loss: 0.001618
Train Epoch: 23 [2000/5968 (33%)]	Loss: 0.000940
Train Epoch: 23 [2400/5968 (40%)]	Loss: 0.003470
Train Epoch: 23 [2800/5968 (47%)]	Loss: 0.003062
Train Epoch: 23 [3200/5968 (53%)]	Loss: 0.003648
Train Epoch: 23 [3600/5968 (60%)]	Loss: 0.001172
Train Epoch: 23 [4000/5968 (67%)]	Loss: 0.003156
Train Epoch: 23 [4400/5968 (73%)]	Loss: 0.001316
Train Epoch: 23 [4800/5968 (80%)]	Loss: 0.003976
Train Epoch: 23 [5200/5968 (87%)]	Loss: 0.000572
Train Epoch: 23 [5600/5968 (93%)]	Loss: 0.006622
Test set: Average loss: 3.0409, Accuracy: 632/1492 (42%)
Train Epoch: 24 [0/5968 (0%)]	Loss: 0.001580
Train Epoch: 24 [400/5968 (7%)]	Loss: 0.000288
Train Epoch: 24 [800/5968 (13%)]	Loss: 0.036719
Train Epoch: 24 [1200/5968 (20%)]	Loss: 0.002577
Train Epoch: 24 [1600/5968 (27%)]	Loss: 0.001515
Train Epoch: 24 [2000/5968 (33%)]	Loss: 0.002058
Train Epoch: 24 [2400/5968 (40%)]	Loss: 0.000681
Train Epoch: 24 [2800/5968 (47%)]	Loss: 0.001469
Train Epoch: 24 [3200/5968 (53%)]	Loss: 0.000512
Train Epoch: 24 [3600/5968 (60%)]	Loss: 0.002139
Train Epoch: 24 [4000/5968 (67%)]	Loss: 0.002826
Train Epoch: 24 [4400/5968 (73%)]	Loss: 0.002383
Train Epoch: 24 [4800/5968 (80%)]	Loss: 0.000481
Train Epoch: 24 [5200/5968 (87%)]	Loss: 0.001256
Train Epoch: 24 [5600/5968 (93%)]	Loss: 0.000277
Test set: Average loss: 1.0561, Accuracy: 1143/1492 (76%)
Train Epoch: 25 [0/5968 (0%)]	Loss: 0.000275
Train Epoch: 25 [400/5968 (7%)]	Loss: 0.000606
Train Epoch: 25 [800/5968 (13%)]	Loss: 0.000481
Train Epoch: 25 [1200/5968 (20%)]	Loss: 0.000489
Train Epoch: 25 [1600/5968 (27%)]	Loss: 0.000498
Train Epoch: 25 [2000/5968 (33%)]	Loss: 0.002759
Train Epoch: 25 [2400/5968 (40%)]	Loss: 0.000484
Train Epoch: 25 [2800/5968 (47%)]	Loss: 0.000328
Train Epoch: 25 [3200/5968 (53%)]	Loss: 0.002248
Train Epoch: 25 [3600/5968 (60%)]	Loss: 0.001293
Train Epoch: 25 [4000/5968 (67%)]	Loss: 0.001522
Train Epoch: 25 [4400/5968 (73%)]	Loss: 0.000406
Train Epoch: 25 [4800/5968 (80%)]	Loss: 0.000171
Train Epoch: 25 [5200/5968 (87%)]	Loss: 0.000200
Train Epoch: 25 [5600/5968 (93%)]	Loss: 0.000243
Test set: Average loss: 1.5195, Accuracy: 880/1492 (58%)
Train Epoch: 26 [0/5968 (0%)]	Loss: 0.001696
Train Epoch: 26 [400/5968 (7%)]	Loss: 0.007334
Train Epoch: 26 [800/5968 (13%)]	Loss: 0.000649
Train Epoch: 26 [1200/5968 (20%)]	Loss: 0.000433
Train Epoch: 26 [1600/5968 (27%)]	Loss: 0.000282
Train Epoch: 26 [2000/5968 (33%)]	Loss: 0.000206
Train Epoch: 26 [2400/5968 (40%)]	Loss: 0.000757
Train Epoch: 26 [2800/5968 (47%)]	Loss: 0.000096
Train Epoch: 26 [3200/5968 (53%)]	Loss: 0.000343
Train Epoch: 26 [3600/5968 (60%)]	Loss: 0.005953
Train Epoch: 26 [4000/5968 (67%)]	Loss: 0.009015
Train Epoch: 26 [4400/5968 (73%)]	Loss: 0.003610
Train Epoch: 26 [4800/5968 (80%)]	Loss: 0.004332
Train Epoch: 26 [5200/5968 (87%)]	Loss: 0.036339
Train Epoch: 26 [5600/5968 (93%)]	Loss: 0.000302
Test set: Average loss: 1.7004, Accuracy: 994/1492 (66%)
Train Epoch: 27 [0/5968 (0%)]	Loss: 0.001692
Train Epoch: 27 [400/5968 (7%)]	Loss: 0.001111
Train Epoch: 27 [800/5968 (13%)]	Loss: 0.000184
Train Epoch: 27 [1200/5968 (20%)]	Loss: 0.000292
Train Epoch: 27 [1600/5968 (27%)]	Loss: 0.000387
Train Epoch: 27 [2000/5968 (33%)]	Loss: 0.000134
Train Epoch: 27 [2400/5968 (40%)]	Loss: 0.000314
Train Epoch: 27 [2800/5968 (47%)]	Loss: 0.000208
Train Epoch: 27 [3200/5968 (53%)]	Loss: 0.000179
Train Epoch: 27 [3600/5968 (60%)]	Loss: 0.002108
Train Epoch: 27 [4000/5968 (67%)]	Loss: 0.004709
Train Epoch: 27 [4400/5968 (73%)]	Loss: 0.000378
Train Epoch: 27 [4800/5968 (80%)]	Loss: 0.000093
Train Epoch: 27 [5200/5968 (87%)]	Loss: 0.000493
Train Epoch: 27 [5600/5968 (93%)]	Loss: 0.000295
Test set: Average loss: 1.2580, Accuracy: 1113/1492 (74%)
Train Epoch: 28 [0/5968 (0%)]	Loss: 0.001077
Train Epoch: 28 [400/5968 (7%)]	Loss: 0.000096
Train Epoch: 28 [800/5968 (13%)]	Loss: 0.000211
Train Epoch: 28 [1200/5968 (20%)]	Loss: 0.001679
Train Epoch: 28 [1600/5968 (27%)]	Loss: 0.000256
Train Epoch: 28 [2000/5968 (33%)]	Loss: 0.001557
Train Epoch: 28 [2400/5968 (40%)]	Loss: 0.000194
Train Epoch: 28 [2800/5968 (47%)]	Loss: 0.000846
Train Epoch: 28 [3200/5968 (53%)]	Loss: 0.000259
Train Epoch: 28 [3600/5968 (60%)]	Loss: 0.000128
Train Epoch: 28 [4000/5968 (67%)]	Loss: 0.002584
Train Epoch: 28 [4400/5968 (73%)]	Loss: 0.000226
Train Epoch: 28 [4800/5968 (80%)]	Loss: 0.000298
Train Epoch: 28 [5200/5968 (87%)]	Loss: 0.000230
Train Epoch: 28 [5600/5968 (93%)]	Loss: 0.000317
Test set: Average loss: 1.0669, Accuracy: 1176/1492 (78%)
Train Epoch: 29 [0/5968 (0%)]	Loss: 0.000394
Train Epoch: 29 [400/5968 (7%)]	Loss: 0.000295
Train Epoch: 29 [800/5968 (13%)]	Loss: 0.000071
Train Epoch: 29 [1200/5968 (20%)]	Loss: 0.000333
Train Epoch: 29 [1600/5968 (27%)]	Loss: 0.000171
Train Epoch: 29 [2000/5968 (33%)]	Loss: 0.001829
Train Epoch: 29 [2400/5968 (40%)]	Loss: 0.000056
Train Epoch: 29 [2800/5968 (47%)]	Loss: 0.000450
Train Epoch: 29 [3200/5968 (53%)]	Loss: 0.000774
Train Epoch: 29 [3600/5968 (60%)]	Loss: 0.034557
Train Epoch: 29 [4000/5968 (67%)]	Loss: 0.000354
Train Epoch: 29 [4400/5968 (73%)]	Loss: 0.000086
Train Epoch: 29 [4800/5968 (80%)]	Loss: 0.000237
Train Epoch: 29 [5200/5968 (87%)]	Loss: 0.001309
Train Epoch: 29 [5600/5968 (93%)]	Loss: 0.000671
Test set: Average loss: 1.1247, Accuracy: 1146/1492 (76%)
Train Epoch: 30 [0/5968 (0%)]	Loss: 0.000130
Train Epoch: 30 [400/5968 (7%)]	Loss: 0.000250
Train Epoch: 30 [800/5968 (13%)]	Loss: 0.000099
Train Epoch: 30 [1200/5968 (20%)]	Loss: 0.001012
Train Epoch: 30 [1600/5968 (27%)]	Loss: 0.001774
Train Epoch: 30 [2000/5968 (33%)]	Loss: 0.000123
Train Epoch: 30 [2400/5968 (40%)]	Loss: 0.000239
Train Epoch: 30 [2800/5968 (47%)]	Loss: 0.000241
Train Epoch: 30 [3200/5968 (53%)]	Loss: 0.000321
Train Epoch: 30 [3600/5968 (60%)]	Loss: 0.000186
Train Epoch: 30 [4000/5968 (67%)]	Loss: 0.000372
Train Epoch: 30 [4400/5968 (73%)]	Loss: 0.000309
Train Epoch: 30 [4800/5968 (80%)]	Loss: 0.000134
Train Epoch: 30 [5200/5968 (87%)]	Loss: 0.000369
Train Epoch: 30 [5600/5968 (93%)]	Loss: 0.000158
Test set: Average loss: 1.1684, Accuracy: 1150/1492 (77%)
Train Epoch: 31 [0/5968 (0%)]	Loss: 0.000270
Train Epoch: 31 [400/5968 (7%)]	Loss: 0.000105
Train Epoch: 31 [800/5968 (13%)]	Loss: 0.000221
Train Epoch: 31 [1200/5968 (20%)]	Loss: 0.000167
Train Epoch: 31 [1600/5968 (27%)]	Loss: 0.000105
Train Epoch: 31 [2000/5968 (33%)]	Loss: 0.000166
Train Epoch: 31 [2400/5968 (40%)]	Loss: 0.000138
Train Epoch: 31 [2800/5968 (47%)]	Loss: 0.000541
Train Epoch: 31 [3200/5968 (53%)]	Loss: 0.000312
Train Epoch: 31 [3600/5968 (60%)]	Loss: 0.000195
Train Epoch: 31 [4000/5968 (67%)]	Loss: 0.000751
Train Epoch: 31 [4400/5968 (73%)]	Loss: 0.000118
Train Epoch: 31 [4800/5968 (80%)]	Loss: 0.000404
Train Epoch: 31 [5200/5968 (87%)]	Loss: 0.000272
Train Epoch: 31 [5600/5968 (93%)]	Loss: 0.000163
Test set: Average loss: 2.3400, Accuracy: 742/1492 (49%)
Train Epoch: 32 [0/5968 (0%)]	Loss: 0.000144
Train Epoch: 32 [400/5968 (7%)]	Loss: 0.000471
Train Epoch: 32 [800/5968 (13%)]	Loss: 0.000132
Train Epoch: 32 [1200/5968 (20%)]	Loss: 0.000201
Train Epoch: 32 [1600/5968 (27%)]	Loss: 0.000303
Train Epoch: 32 [2000/5968 (33%)]	Loss: 0.000421
Train Epoch: 32 [2400/5968 (40%)]	Loss: 0.000724
Train Epoch: 32 [2800/5968 (47%)]	Loss: 0.001187
Train Epoch: 32 [3200/5968 (53%)]	Loss: 0.000277
Train Epoch: 32 [3600/5968 (60%)]	Loss: 0.000333
Train Epoch: 32 [4000/5968 (67%)]	Loss: 0.000134
Train Epoch: 32 [4400/5968 (73%)]	Loss: 0.000147
Train Epoch: 32 [4800/5968 (80%)]	Loss: 0.001040
Train Epoch: 32 [5200/5968 (87%)]	Loss: 0.000083
Train Epoch: 32 [5600/5968 (93%)]	Loss: 0.000245
Test set: Average loss: 1.0794, Accuracy: 1168/1492 (78%)
Train Epoch: 33 [0/5968 (0%)]	Loss: 0.002168
Train Epoch: 33 [400/5968 (7%)]	Loss: 0.000109
Train Epoch: 33 [800/5968 (13%)]	Loss: 0.000386
Train Epoch: 33 [1200/5968 (20%)]	Loss: 0.000127
Train Epoch: 33 [1600/5968 (27%)]	Loss: 0.000222
Train Epoch: 33 [2000/5968 (33%)]	Loss: 0.000888
Train Epoch: 33 [2400/5968 (40%)]	Loss: 0.000135
Train Epoch: 33 [2800/5968 (47%)]	Loss: 0.000580
Train Epoch: 33 [3200/5968 (53%)]	Loss: 0.000129
Train Epoch: 33 [3600/5968 (60%)]	Loss: 0.000213
Train Epoch: 33 [4000/5968 (67%)]	Loss: 0.000087
Train Epoch: 33 [4400/5968 (73%)]	Loss: 0.000114
Train Epoch: 33 [4800/5968 (80%)]	Loss: 0.000229
Train Epoch: 33 [5200/5968 (87%)]	Loss: 0.000069
Train Epoch: 33 [5600/5968 (93%)]	Loss: 0.000082
Test set: Average loss: 1.5597, Accuracy: 910/1492 (60%)
Train Epoch: 34 [0/5968 (0%)]	Loss: 0.001034
Train Epoch: 34 [400/5968 (7%)]	Loss: 0.000377
Train Epoch: 34 [800/5968 (13%)]	Loss: 0.000210
Train Epoch: 34 [1200/5968 (20%)]	Loss: 0.000512
Train Epoch: 34 [1600/5968 (27%)]	Loss: 0.000115
Train Epoch: 34 [2000/5968 (33%)]	Loss: 0.000065
Train Epoch: 34 [2400/5968 (40%)]	Loss: 0.000045
Train Epoch: 34 [2800/5968 (47%)]	Loss: 0.000435
Train Epoch: 34 [3200/5968 (53%)]	Loss: 0.035628
Train Epoch: 34 [3600/5968 (60%)]	Loss: 0.000101
Train Epoch: 34 [4000/5968 (67%)]	Loss: 0.000200
Train Epoch: 34 [4400/5968 (73%)]	Loss: 0.000096
Train Epoch: 34 [4800/5968 (80%)]	Loss: 0.000139
Train Epoch: 34 [5200/5968 (87%)]	Loss: 0.000210
Train Epoch: 34 [5600/5968 (93%)]	Loss: 0.000290
Test set: Average loss: 2.4159, Accuracy: 618/1492 (41%)
Train Epoch: 35 [0/5968 (0%)]	Loss: 0.000254
Train Epoch: 35 [400/5968 (7%)]	Loss: 0.000217
Train Epoch: 35 [800/5968 (13%)]	Loss: 0.000595
Train Epoch: 35 [1200/5968 (20%)]	Loss: 0.000322
Train Epoch: 35 [1600/5968 (27%)]	Loss: 0.000430
Train Epoch: 35 [2000/5968 (33%)]	Loss: 0.000261
Train Epoch: 35 [2400/5968 (40%)]	Loss: 0.000121
Train Epoch: 35 [2800/5968 (47%)]	Loss: 0.000579
Train Epoch: 35 [3200/5968 (53%)]	Loss: 0.000157
Train Epoch: 35 [3600/5968 (60%)]	Loss: 0.000210
Train Epoch: 35 [4000/5968 (67%)]	Loss: 0.000260
Train Epoch: 35 [4400/5968 (73%)]	Loss: 0.000047
Train Epoch: 35 [4800/5968 (80%)]	Loss: 0.000863
Train Epoch: 35 [5200/5968 (87%)]	Loss: 0.000909
Train Epoch: 35 [5600/5968 (93%)]	Loss: 0.001975
Test set: Average loss: 2.1175, Accuracy: 368/1492 (24%)
Train Epoch: 36 [0/5968 (0%)]	Loss: 0.001884
Train Epoch: 36 [400/5968 (7%)]	Loss: 0.001870
Train Epoch: 36 [800/5968 (13%)]	Loss: 0.000763
Train Epoch: 36 [1200/5968 (20%)]	Loss: 0.000416
Train Epoch: 36 [1600/5968 (27%)]	Loss: 0.000116
Train Epoch: 36 [2000/5968 (33%)]	Loss: 0.000363
Train Epoch: 36 [2400/5968 (40%)]	Loss: 0.000334
Train Epoch: 36 [2800/5968 (47%)]	Loss: 0.001686
Train Epoch: 36 [3200/5968 (53%)]	Loss: 0.009847
Train Epoch: 36 [3600/5968 (60%)]	Loss: 0.001959
Train Epoch: 36 [4000/5968 (67%)]	Loss: 0.002567
Train Epoch: 36 [4400/5968 (73%)]	Loss: 0.000739
Train Epoch: 36 [4800/5968 (80%)]	Loss: 0.000253
Train Epoch: 36 [5200/5968 (87%)]	Loss: 0.000594
Train Epoch: 36 [5600/5968 (93%)]	Loss: 0.000453
Test set: Average loss: 1.6222, Accuracy: 889/1492 (59%)
Train Epoch: 37 [0/5968 (0%)]	Loss: 0.000393
Train Epoch: 37 [400/5968 (7%)]	Loss: 0.000552
Train Epoch: 37 [800/5968 (13%)]	Loss: 0.000076
Train Epoch: 37 [1200/5968 (20%)]	Loss: 0.000087
Train Epoch: 37 [1600/5968 (27%)]	Loss: 0.000611
Train Epoch: 37 [2000/5968 (33%)]	Loss: 0.000175
Train Epoch: 37 [2400/5968 (40%)]	Loss: 0.000145
Train Epoch: 37 [2800/5968 (47%)]	Loss: 0.000358
Train Epoch: 37 [3200/5968 (53%)]	Loss: 0.001708
Train Epoch: 37 [3600/5968 (60%)]	Loss: 0.000236
Train Epoch: 37 [4000/5968 (67%)]	Loss: 0.000287
Train Epoch: 37 [4400/5968 (73%)]	Loss: 0.000102
Train Epoch: 37 [4800/5968 (80%)]	Loss: 0.000093
Train Epoch: 37 [5200/5968 (87%)]	Loss: 0.000053
Train Epoch: 37 [5600/5968 (93%)]	Loss: 0.000233
Test set: Average loss: 1.1518, Accuracy: 1181/1492 (79%)
Train Epoch: 38 [0/5968 (0%)]	Loss: 0.001410
Train Epoch: 38 [400/5968 (7%)]	Loss: 0.000129
Train Epoch: 38 [800/5968 (13%)]	Loss: 0.000114
Train Epoch: 38 [1200/5968 (20%)]	Loss: 0.000069
Train Epoch: 38 [1600/5968 (27%)]	Loss: 0.000166
Train Epoch: 38 [2000/5968 (33%)]	Loss: 0.000265
Train Epoch: 38 [2400/5968 (40%)]	Loss: 0.000144
Train Epoch: 38 [2800/5968 (47%)]	Loss: 0.000088
Train Epoch: 38 [3200/5968 (53%)]	Loss: 0.000216
Train Epoch: 38 [3600/5968 (60%)]	Loss: 0.000103
Train Epoch: 38 [4000/5968 (67%)]	Loss: 0.000092
Train Epoch: 38 [4400/5968 (73%)]	Loss: 0.000502
Train Epoch: 38 [4800/5968 (80%)]	Loss: 0.000039
Train Epoch: 38 [5200/5968 (87%)]	Loss: 0.000195
Train Epoch: 38 [5600/5968 (93%)]	Loss: 0.000340
Test set: Average loss: 1.0839, Accuracy: 1177/1492 (78%)
Train Epoch: 39 [0/5968 (0%)]	Loss: 0.000517
Train Epoch: 39 [400/5968 (7%)]	Loss: 0.000068
Train Epoch: 39 [800/5968 (13%)]	Loss: 0.000063
Train Epoch: 39 [1200/5968 (20%)]	Loss: 0.000189
Train Epoch: 39 [1600/5968 (27%)]	Loss: 0.000090
Train Epoch: 39 [2000/5968 (33%)]	Loss: 0.000357
Train Epoch: 39 [2400/5968 (40%)]	Loss: 0.000094
Train Epoch: 39 [2800/5968 (47%)]	Loss: 0.000222
Train Epoch: 39 [3200/5968 (53%)]	Loss: 0.000155
Train Epoch: 39 [3600/5968 (60%)]	Loss: 0.000594
Train Epoch: 39 [4000/5968 (67%)]	Loss: 0.000095
Train Epoch: 39 [4400/5968 (73%)]	Loss: 0.000688
Train Epoch: 39 [4800/5968 (80%)]	Loss: 0.000062
Train Epoch: 39 [5200/5968 (87%)]	Loss: 0.000127
Train Epoch: 39 [5600/5968 (93%)]	Loss: 0.000547
Test set: Average loss: 1.2922, Accuracy: 1107/1492 (74%)
Train Epoch: 40 [0/5968 (0%)]	Loss: 0.014765
Train Epoch: 40 [400/5968 (7%)]	Loss: 0.000415
Train Epoch: 40 [800/5968 (13%)]	Loss: 0.000090
Train Epoch: 40 [1200/5968 (20%)]	Loss: 0.000173
Train Epoch: 40 [1600/5968 (27%)]	Loss: 0.000178
Train Epoch: 40 [2000/5968 (33%)]	Loss: 0.001024
Train Epoch: 40 [2400/5968 (40%)]	Loss: 0.000075
Train Epoch: 40 [2800/5968 (47%)]	Loss: 0.000278
Train Epoch: 40 [3200/5968 (53%)]	Loss: 0.000634
Train Epoch: 40 [3600/5968 (60%)]	Loss: 0.000111
Train Epoch: 40 [4000/5968 (67%)]	Loss: 0.000058
Train Epoch: 40 [4400/5968 (73%)]	Loss: 0.000068
Train Epoch: 40 [4800/5968 (80%)]	Loss: 0.000086
Train Epoch: 40 [5200/5968 (87%)]	Loss: 0.000047
Train Epoch: 40 [5600/5968 (93%)]	Loss: 0.000334
Test set: Average loss: 1.1077, Accuracy: 1182/1492 (79%)
Train Epoch: 41 [0/5968 (0%)]	Loss: 0.000078
Train Epoch: 41 [400/5968 (7%)]	Loss: 0.005623
Train Epoch: 41 [800/5968 (13%)]	Loss: 0.000110
Train Epoch: 41 [1200/5968 (20%)]	Loss: 0.000098
Train Epoch: 41 [1600/5968 (27%)]	Loss: 0.000073
Train Epoch: 41 [2000/5968 (33%)]	Loss: 0.000101
Train Epoch: 41 [2400/5968 (40%)]	Loss: 0.000048
Train Epoch: 41 [2800/5968 (47%)]	Loss: 0.000271
Train Epoch: 41 [3200/5968 (53%)]	Loss: 0.000348
Train Epoch: 41 [3600/5968 (60%)]	Loss: 0.000435
Train Epoch: 41 [4000/5968 (67%)]	Loss: 0.000056
Train Epoch: 41 [4400/5968 (73%)]	Loss: 0.000275
Train Epoch: 41 [4800/5968 (80%)]	Loss: 0.000035
Train Epoch: 41 [5200/5968 (87%)]	Loss: 0.000571
Train Epoch: 41 [5600/5968 (93%)]	Loss: 0.000120
Test set: Average loss: 1.1095, Accuracy: 1186/1492 (79%)
Train Epoch: 42 [0/5968 (0%)]	Loss: 0.000073
Train Epoch: 42 [400/5968 (7%)]	Loss: 0.000052
Train Epoch: 42 [800/5968 (13%)]	Loss: 0.000743
Train Epoch: 42 [1200/5968 (20%)]	Loss: 0.000206
Train Epoch: 42 [1600/5968 (27%)]	Loss: 0.000857
Train Epoch: 42 [2000/5968 (33%)]	Loss: 0.000665
Train Epoch: 42 [2400/5968 (40%)]	Loss: 0.000107
Train Epoch: 42 [2800/5968 (47%)]	Loss: 0.000042
Train Epoch: 42 [3200/5968 (53%)]	Loss: 0.000274
Train Epoch: 42 [3600/5968 (60%)]	Loss: 0.000102
Train Epoch: 42 [4000/5968 (67%)]	Loss: 0.000151
Train Epoch: 42 [4400/5968 (73%)]	Loss: 0.000189
Train Epoch: 42 [4800/5968 (80%)]	Loss: 0.000085
Train Epoch: 42 [5200/5968 (87%)]	Loss: 0.000083
Train Epoch: 42 [5600/5968 (93%)]	Loss: 0.000206
Test set: Average loss: 1.0955, Accuracy: 1177/1492 (78%)
Train Epoch: 43 [0/5968 (0%)]	Loss: 0.000250
Train Epoch: 43 [400/5968 (7%)]	Loss: 0.000417
Train Epoch: 43 [800/5968 (13%)]	Loss: 0.000020
Train Epoch: 43 [1200/5968 (20%)]	Loss: 0.000158
Train Epoch: 43 [1600/5968 (27%)]	Loss: 0.000769
Train Epoch: 43 [2000/5968 (33%)]	Loss: 0.000298
Train Epoch: 43 [2400/5968 (40%)]	Loss: 0.001119
Train Epoch: 43 [2800/5968 (47%)]	Loss: 0.000062
Train Epoch: 43 [3200/5968 (53%)]	Loss: 0.000126
Train Epoch: 43 [3600/5968 (60%)]	Loss: 0.000373
Train Epoch: 43 [4000/5968 (67%)]	Loss: 0.000281
Train Epoch: 43 [4400/5968 (73%)]	Loss: 0.000476
Train Epoch: 43 [4800/5968 (80%)]	Loss: 0.000223
Train Epoch: 43 [5200/5968 (87%)]	Loss: 0.000051
Train Epoch: 43 [5600/5968 (93%)]	Loss: 0.000153
Test set: Average loss: 1.0843, Accuracy: 1186/1492 (79%)
Train Epoch: 44 [0/5968 (0%)]	Loss: 0.000061
Train Epoch: 44 [400/5968 (7%)]	Loss: 0.000113
Train Epoch: 44 [800/5968 (13%)]	Loss: 0.000322
Train Epoch: 44 [1200/5968 (20%)]	Loss: 0.000135
Train Epoch: 44 [1600/5968 (27%)]	Loss: 0.000155
Train Epoch: 44 [2000/5968 (33%)]	Loss: 0.000314
Train Epoch: 44 [2400/5968 (40%)]	Loss: 0.000183
Train Epoch: 44 [2800/5968 (47%)]	Loss: 0.000075
Train Epoch: 44 [3200/5968 (53%)]	Loss: 0.000073
Train Epoch: 44 [3600/5968 (60%)]	Loss: 0.000522
Train Epoch: 44 [4000/5968 (67%)]	Loss: 0.000100
Train Epoch: 44 [4400/5968 (73%)]	Loss: 0.000167
Train Epoch: 44 [4800/5968 (80%)]	Loss: 0.000072
Train Epoch: 44 [5200/5968 (87%)]	Loss: 0.000075
Train Epoch: 44 [5600/5968 (93%)]	Loss: 0.000205
Test set: Average loss: 1.1322, Accuracy: 1178/1492 (78%)
Train Epoch: 45 [0/5968 (0%)]	Loss: 0.000202
Train Epoch: 45 [400/5968 (7%)]	Loss: 0.000218
Train Epoch: 45 [800/5968 (13%)]	Loss: 0.000166
Train Epoch: 45 [1200/5968 (20%)]	Loss: 0.000136
Train Epoch: 45 [1600/5968 (27%)]	Loss: 0.000852
Train Epoch: 45 [2000/5968 (33%)]	Loss: 0.000109
Train Epoch: 45 [2400/5968 (40%)]	Loss: 0.000165
Train Epoch: 45 [2800/5968 (47%)]	Loss: 0.000102
Train Epoch: 45 [3200/5968 (53%)]	Loss: 0.000069
Train Epoch: 45 [3600/5968 (60%)]	Loss: 0.000383
Train Epoch: 45 [4000/5968 (67%)]	Loss: 0.000083
Train Epoch: 45 [4400/5968 (73%)]	Loss: 0.000077
Train Epoch: 45 [4800/5968 (80%)]	Loss: 0.000168
Train Epoch: 45 [5200/5968 (87%)]	Loss: 0.000022
Train Epoch: 45 [5600/5968 (93%)]	Loss: 0.000051
Test set: Average loss: 1.4349, Accuracy: 1086/1492 (72%)
Train Epoch: 46 [0/5968 (0%)]	Loss: 0.000064
Train Epoch: 46 [400/5968 (7%)]	Loss: 0.007277
Train Epoch: 46 [800/5968 (13%)]	Loss: 0.000204
Train Epoch: 46 [1200/5968 (20%)]	Loss: 0.000171
Train Epoch: 46 [1600/5968 (27%)]	Loss: 0.010784
Train Epoch: 46 [2000/5968 (33%)]	Loss: 0.000117
Train Epoch: 46 [2400/5968 (40%)]	Loss: 0.000671
Train Epoch: 46 [2800/5968 (47%)]	Loss: 0.034540
Train Epoch: 46 [3200/5968 (53%)]	Loss: 0.000094
Train Epoch: 46 [3600/5968 (60%)]	Loss: 0.000093
Train Epoch: 46 [4000/5968 (67%)]	Loss: 0.000234
Train Epoch: 46 [4400/5968 (73%)]	Loss: 0.000058
Train Epoch: 46 [4800/5968 (80%)]	Loss: 0.018940
Train Epoch: 46 [5200/5968 (87%)]	Loss: 0.000032
Train Epoch: 46 [5600/5968 (93%)]	Loss: 0.000077
Test set: Average loss: 2.1174, Accuracy: 958/1492 (64%)
Train Epoch: 47 [0/5968 (0%)]	Loss: 0.000046
Train Epoch: 47 [400/5968 (7%)]	Loss: 0.000163
Train Epoch: 47 [800/5968 (13%)]	Loss: 0.000041
Train Epoch: 47 [1200/5968 (20%)]	Loss: 0.000309
Train Epoch: 47 [1600/5968 (27%)]	Loss: 0.000057
Train Epoch: 47 [2000/5968 (33%)]	Loss: 0.000206
Train Epoch: 47 [2400/5968 (40%)]	Loss: 0.000049
Train Epoch: 47 [2800/5968 (47%)]	Loss: 0.000119
Train Epoch: 47 [3200/5968 (53%)]	Loss: 0.000063
Train Epoch: 47 [3600/5968 (60%)]	Loss: 0.000037
Train Epoch: 47 [4000/5968 (67%)]	Loss: 0.000043
Train Epoch: 47 [4400/5968 (73%)]	Loss: 0.000033
Train Epoch: 47 [4800/5968 (80%)]	Loss: 0.000173
Train Epoch: 47 [5200/5968 (87%)]	Loss: 0.000054
Train Epoch: 47 [5600/5968 (93%)]	Loss: 0.000117
Test set: Average loss: 1.2720, Accuracy: 1126/1492 (75%)
Train Epoch: 48 [0/5968 (0%)]	Loss: 0.000082
Train Epoch: 48 [400/5968 (7%)]	Loss: 0.000055
Train Epoch: 48 [800/5968 (13%)]	Loss: 0.000078
Train Epoch: 48 [1200/5968 (20%)]	Loss: 0.000150
Train Epoch: 48 [1600/5968 (27%)]	Loss: 0.027603
Train Epoch: 48 [2000/5968 (33%)]	Loss: 0.000155
Train Epoch: 48 [2400/5968 (40%)]	Loss: 0.000026
Train Epoch: 48 [2800/5968 (47%)]	Loss: 0.000046
Train Epoch: 48 [3200/5968 (53%)]	Loss: 0.001583
Train Epoch: 48 [3600/5968 (60%)]	Loss: 0.000215
Train Epoch: 48 [4000/5968 (67%)]	Loss: 0.000128
Train Epoch: 48 [4400/5968 (73%)]	Loss: 0.000027
Train Epoch: 48 [4800/5968 (80%)]	Loss: 0.000311
Train Epoch: 48 [5200/5968 (87%)]	Loss: 0.000108
Train Epoch: 48 [5600/5968 (93%)]	Loss: 0.035447
Test set: Average loss: 1.1102, Accuracy: 1187/1492 (79%)
Train Epoch: 49 [0/5968 (0%)]	Loss: 0.000064
Train Epoch: 49 [400/5968 (7%)]	Loss: 0.000275
Train Epoch: 49 [800/5968 (13%)]	Loss: 0.000062
Train Epoch: 49 [1200/5968 (20%)]	Loss: 0.000146
Train Epoch: 49 [1600/5968 (27%)]	Loss: 0.000126
Train Epoch: 49 [2000/5968 (33%)]	Loss: 0.000077
Train Epoch: 49 [2400/5968 (40%)]	Loss: 0.000126
Train Epoch: 49 [2800/5968 (47%)]	Loss: 0.000029
Train Epoch: 49 [3200/5968 (53%)]	Loss: 0.001646
Train Epoch: 49 [3600/5968 (60%)]	Loss: 0.000054
Train Epoch: 49 [4000/5968 (67%)]	Loss: 0.000039
Train Epoch: 49 [4400/5968 (73%)]	Loss: 0.000146
Train Epoch: 49 [4800/5968 (80%)]	Loss: 0.000092
Train Epoch: 49 [5200/5968 (87%)]	Loss: 0.000084
Train Epoch: 49 [5600/5968 (93%)]	Loss: 0.000100
Test set: Average loss: 1.5209, Accuracy: 1069/1492 (71%)
Train Epoch: 50 [0/5968 (0%)]	Loss: 0.000088
Train Epoch: 50 [400/5968 (7%)]	Loss: 0.012131
Train Epoch: 50 [800/5968 (13%)]	Loss: 0.000025
Train Epoch: 50 [1200/5968 (20%)]	Loss: 0.000124
Train Epoch: 50 [1600/5968 (27%)]	Loss: 0.000089
Train Epoch: 50 [2000/5968 (33%)]	Loss: 0.000036
Train Epoch: 50 [2400/5968 (40%)]	Loss: 0.000022
Train Epoch: 50 [2800/5968 (47%)]	Loss: 0.000033
Train Epoch: 50 [3200/5968 (53%)]	Loss: 0.000045
Train Epoch: 50 [3600/5968 (60%)]	Loss: 0.000227
Train Epoch: 50 [4000/5968 (67%)]	Loss: 0.000054
Train Epoch: 50 [4400/5968 (73%)]	Loss: 0.000171
Train Epoch: 50 [4800/5968 (80%)]	Loss: 0.000143
Train Epoch: 50 [5200/5968 (87%)]	Loss: 0.000272
Train Epoch: 50 [5600/5968 (93%)]	Loss: 0.000052
Test set: Average loss: 1.1403, Accuracy: 1182/1492 (79%)
Train Epoch: 51 [0/5968 (0%)]	Loss: 0.000081
Train Epoch: 51 [400/5968 (7%)]	Loss: 0.000019
Train Epoch: 51 [800/5968 (13%)]	Loss: 0.000102
Train Epoch: 51 [1200/5968 (20%)]	Loss: 0.000050
Train Epoch: 51 [1600/5968 (27%)]	Loss: 0.000164
Train Epoch: 51 [2000/5968 (33%)]	Loss: 0.000117
Train Epoch: 51 [2400/5968 (40%)]	Loss: 0.000235
Train Epoch: 51 [2800/5968 (47%)]	Loss: 0.000098
Train Epoch: 51 [3200/5968 (53%)]	Loss: 0.000200
Train Epoch: 51 [3600/5968 (60%)]	Loss: 0.000106
Train Epoch: 51 [4000/5968 (67%)]	Loss: 0.000246
Train Epoch: 51 [4400/5968 (73%)]	Loss: 0.000149
Train Epoch: 51 [4800/5968 (80%)]	Loss: 0.000027
Train Epoch: 51 [5200/5968 (87%)]	Loss: 0.000069
Train Epoch: 51 [5600/5968 (93%)]	Loss: 0.000049
Test set: Average loss: 1.1494, Accuracy: 1189/1492 (79%)
Train Epoch: 52 [0/5968 (0%)]	Loss: 0.000030
Train Epoch: 52 [400/5968 (7%)]	Loss: 0.000085
Train Epoch: 52 [800/5968 (13%)]	Loss: 0.000553
Train Epoch: 52 [1200/5968 (20%)]	Loss: 0.000481
Train Epoch: 52 [1600/5968 (27%)]	Loss: 0.000019
Train Epoch: 52 [2000/5968 (33%)]	Loss: 0.000072
Train Epoch: 52 [2400/5968 (40%)]	Loss: 0.000149
Train Epoch: 52 [2800/5968 (47%)]	Loss: 0.000062
Train Epoch: 52 [3200/5968 (53%)]	Loss: 0.000056
Train Epoch: 52 [3600/5968 (60%)]	Loss: 0.000020
Train Epoch: 52 [4000/5968 (67%)]	Loss: 0.000073
Train Epoch: 52 [4400/5968 (73%)]	Loss: 0.000190
Train Epoch: 52 [4800/5968 (80%)]	Loss: 0.000032
Train Epoch: 52 [5200/5968 (87%)]	Loss: 0.000040
Train Epoch: 52 [5600/5968 (93%)]	Loss: 0.000153
Test set: Average loss: 1.1751, Accuracy: 1173/1492 (78%)
Train Epoch: 53 [0/5968 (0%)]	Loss: 0.000106
Train Epoch: 53 [400/5968 (7%)]	Loss: 0.000051
Train Epoch: 53 [800/5968 (13%)]	Loss: 0.000072
Train Epoch: 53 [1200/5968 (20%)]	Loss: 0.000492
Train Epoch: 53 [1600/5968 (27%)]	Loss: 0.000044
Train Epoch: 53 [2000/5968 (33%)]	Loss: 0.000175
Train Epoch: 53 [2400/5968 (40%)]	Loss: 0.000064
Train Epoch: 53 [2800/5968 (47%)]	Loss: 0.000517
Train Epoch: 53 [3200/5968 (53%)]	Loss: 0.000030
Train Epoch: 53 [3600/5968 (60%)]	Loss: 0.006936
Train Epoch: 53 [4000/5968 (67%)]	Loss: 0.000064
Train Epoch: 53 [4400/5968 (73%)]	Loss: 0.000476
Train Epoch: 53 [4800/5968 (80%)]	Loss: 0.000033
Train Epoch: 53 [5200/5968 (87%)]	Loss: 0.024953
Train Epoch: 53 [5600/5968 (93%)]	Loss: 0.000018
Test set: Average loss: 3.9402, Accuracy: 391/1492 (26%)
Train Epoch: 54 [0/5968 (0%)]	Loss: 0.036863
Train Epoch: 54 [400/5968 (7%)]	Loss: 0.002942
Train Epoch: 54 [800/5968 (13%)]	Loss: 0.249386
Train Epoch: 54 [1200/5968 (20%)]	Loss: 0.028427
Train Epoch: 54 [1600/5968 (27%)]	Loss: 0.008043
Train Epoch: 54 [2000/5968 (33%)]	Loss: 0.004652
Train Epoch: 54 [2400/5968 (40%)]	Loss: 0.001134
Train Epoch: 54 [2800/5968 (47%)]	Loss: 0.083166
Train Epoch: 54 [3200/5968 (53%)]	Loss: 0.003133
Train Epoch: 54 [3600/5968 (60%)]	Loss: 0.018327
Train Epoch: 54 [4000/5968 (67%)]	Loss: 0.005627
Train Epoch: 54 [4400/5968 (73%)]	Loss: 0.005065
Train Epoch: 54 [4800/5968 (80%)]	Loss: 0.015485
Train Epoch: 54 [5200/5968 (87%)]	Loss: 0.048134
Train Epoch: 54 [5600/5968 (93%)]	Loss: 0.022209
Test set: Average loss: 3.4083, Accuracy: 394/1492 (26%)
Train Epoch: 55 [0/5968 (0%)]	Loss: 0.301212
Train Epoch: 55 [400/5968 (7%)]	Loss: 0.009465
Train Epoch: 55 [800/5968 (13%)]	Loss: 0.035507
Train Epoch: 55 [1200/5968 (20%)]	Loss: 0.103394
Train Epoch: 55 [1600/5968 (27%)]	Loss: 0.012574
Train Epoch: 55 [2000/5968 (33%)]	Loss: 0.062233
Train Epoch: 55 [2400/5968 (40%)]	Loss: 0.005847
Train Epoch: 55 [2800/5968 (47%)]	Loss: 0.025259
Train Epoch: 55 [3200/5968 (53%)]	Loss: 0.051462
Train Epoch: 55 [3600/5968 (60%)]	Loss: 0.006406
Train Epoch: 55 [4000/5968 (67%)]	Loss: 0.002900
Train Epoch: 55 [4400/5968 (73%)]	Loss: 0.008059
Train Epoch: 55 [4800/5968 (80%)]	Loss: 0.002723
Train Epoch: 55 [5200/5968 (87%)]	Loss: 0.010565
Train Epoch: 55 [5600/5968 (93%)]	Loss: 0.001313
Test set: Average loss: 1.7878, Accuracy: 806/1492 (54%)
Train Epoch: 56 [0/5968 (0%)]	Loss: 0.004353
Train Epoch: 56 [400/5968 (7%)]	Loss: 0.002109
Train Epoch: 56 [800/5968 (13%)]	Loss: 0.001873
Train Epoch: 56 [1200/5968 (20%)]	Loss: 0.006662
Train Epoch: 56 [1600/5968 (27%)]	Loss: 0.002459
Train Epoch: 56 [2000/5968 (33%)]	Loss: 0.001552
Train Epoch: 56 [2400/5968 (40%)]	Loss: 0.002505
Train Epoch: 56 [2800/5968 (47%)]	Loss: 0.014105
Train Epoch: 56 [3200/5968 (53%)]	Loss: 0.014904
Train Epoch: 56 [3600/5968 (60%)]	Loss: 0.002423
Train Epoch: 56 [4000/5968 (67%)]	Loss: 0.001348
Train Epoch: 56 [4400/5968 (73%)]	Loss: 0.002716
Train Epoch: 56 [4800/5968 (80%)]	Loss: 0.000888
Train Epoch: 56 [5200/5968 (87%)]	Loss: 0.000930
Train Epoch: 56 [5600/5968 (93%)]	Loss: 0.001148
Test set: Average loss: 1.4269, Accuracy: 1005/1492 (67%)
Train Epoch: 57 [0/5968 (0%)]	Loss: 0.001169
Train Epoch: 57 [400/5968 (7%)]	Loss: 0.001234
Train Epoch: 57 [800/5968 (13%)]	Loss: 0.000991
Train Epoch: 57 [1200/5968 (20%)]	Loss: 0.000563
Train Epoch: 57 [1600/5968 (27%)]	Loss: 0.000234
Train Epoch: 57 [2000/5968 (33%)]	Loss: 0.000783
Train Epoch: 57 [2400/5968 (40%)]	Loss: 0.000541
Train Epoch: 57 [2800/5968 (47%)]	Loss: 0.000578
Train Epoch: 57 [3200/5968 (53%)]	Loss: 0.000358
Train Epoch: 57 [3600/5968 (60%)]	Loss: 0.003727
Train Epoch: 57 [4000/5968 (67%)]	Loss: 0.000384
Train Epoch: 57 [4400/5968 (73%)]	Loss: 0.003503
Train Epoch: 57 [4800/5968 (80%)]	Loss: 0.001747
Train Epoch: 57 [5200/5968 (87%)]	Loss: 0.004628
Train Epoch: 57 [5600/5968 (93%)]	Loss: 0.001932
Test set: Average loss: 3.9136, Accuracy: 298/1492 (19%)
Train Epoch: 58 [0/5968 (0%)]	Loss: 0.001135
Train Epoch: 58 [400/5968 (7%)]	Loss: 0.004539
Train Epoch: 58 [800/5968 (13%)]	Loss: 0.002178
Train Epoch: 58 [1200/5968 (20%)]	Loss: 0.002256
Train Epoch: 58 [1600/5968 (27%)]	Loss: 0.007671
Train Epoch: 58 [2000/5968 (33%)]	Loss: 0.001561
Train Epoch: 58 [2400/5968 (40%)]	Loss: 0.000899
Train Epoch: 58 [2800/5968 (47%)]	Loss: 0.001604
Train Epoch: 58 [3200/5968 (53%)]	Loss: 0.002710
Train Epoch: 58 [3600/5968 (60%)]	Loss: 0.001892
Train Epoch: 58 [4000/5968 (67%)]	Loss: 0.033505
Train Epoch: 58 [4400/5968 (73%)]	Loss: 0.041750
Train Epoch: 58 [4800/5968 (80%)]	Loss: 0.006830
Train Epoch: 58 [5200/5968 (87%)]	Loss: 0.007199
Train Epoch: 58 [5600/5968 (93%)]	Loss: 0.007784
Test set: Average loss: 3.2227, Accuracy: 719/1492 (48%)
Train Epoch: 59 [0/5968 (0%)]	Loss: 0.000966
Train Epoch: 59 [400/5968 (7%)]	Loss: 0.013449
Train Epoch: 59 [800/5968 (13%)]	Loss: 0.001676
Train Epoch: 59 [1200/5968 (20%)]	Loss: 0.029922
Train Epoch: 59 [1600/5968 (27%)]	Loss: 0.001123
Train Epoch: 59 [2000/5968 (33%)]	Loss: 0.001353
Train Epoch: 59 [2400/5968 (40%)]	Loss: 0.000313
Train Epoch: 59 [2800/5968 (47%)]	Loss: 0.000912
Train Epoch: 59 [3200/5968 (53%)]	Loss: 0.000221
Train Epoch: 59 [3600/5968 (60%)]	Loss: 0.001262
Train Epoch: 59 [4000/5968 (67%)]	Loss: 0.001335
Train Epoch: 59 [4400/5968 (73%)]	Loss: 0.000422
Train Epoch: 59 [4800/5968 (80%)]	Loss: 0.004141
Train Epoch: 59 [5200/5968 (87%)]	Loss: 0.019498
Train Epoch: 59 [5600/5968 (93%)]	Loss: 0.032763
Test set: Average loss: 1.6287, Accuracy: 796/1492 (53%)
Train Epoch: 60 [0/5968 (0%)]	Loss: 0.000892
Train Epoch: 60 [400/5968 (7%)]	Loss: 0.001101
Train Epoch: 60 [800/5968 (13%)]	Loss: 0.000213
Train Epoch: 60 [1200/5968 (20%)]	Loss: 0.000285
Train Epoch: 60 [1600/5968 (27%)]	Loss: 0.000419
Train Epoch: 60 [2000/5968 (33%)]	Loss: 0.000561
Train Epoch: 60 [2400/5968 (40%)]	Loss: 0.000362
Train Epoch: 60 [2800/5968 (47%)]	Loss: 0.000431
Train Epoch: 60 [3200/5968 (53%)]	Loss: 0.000470
Train Epoch: 60 [3600/5968 (60%)]	Loss: 0.001196
Train Epoch: 60 [4000/5968 (67%)]	Loss: 0.000388
Train Epoch: 60 [4400/5968 (73%)]	Loss: 0.015802
Train Epoch: 60 [4800/5968 (80%)]	Loss: 0.028975
Train Epoch: 60 [5200/5968 (87%)]	Loss: 0.001417
Train Epoch: 60 [5600/5968 (93%)]	Loss: 0.001566
Test set: Average loss: 1.2119, Accuracy: 1165/1492 (78%)
