getting datasets
finished
trainning skirt_length_labels:
Train Epoch: 1 [0/7378 (0%)]	Loss: 2.194708
Train Epoch: 1 [400/7378 (5%)]	Loss: 1.811185
Train Epoch: 1 [800/7378 (11%)]	Loss: 1.634892
Train Epoch: 1 [1200/7378 (16%)]	Loss: 1.722482
Train Epoch: 1 [1600/7378 (22%)]	Loss: 1.506420
Train Epoch: 1 [2000/7378 (27%)]	Loss: 1.520442
Train Epoch: 1 [2400/7378 (32%)]	Loss: 1.084312
Train Epoch: 1 [2800/7378 (38%)]	Loss: 1.219292
Train Epoch: 1 [3200/7378 (43%)]	Loss: 1.653838
Train Epoch: 1 [3600/7378 (49%)]	Loss: 1.208413
Train Epoch: 1 [4000/7378 (54%)]	Loss: 1.293284
Train Epoch: 1 [4400/7378 (59%)]	Loss: 1.025355
Train Epoch: 1 [4800/7378 (65%)]	Loss: 1.119370
Train Epoch: 1 [5200/7378 (70%)]	Loss: 1.054710
Train Epoch: 1 [5600/7378 (76%)]	Loss: 0.973746
Train Epoch: 1 [6000/7378 (81%)]	Loss: 0.901904
Train Epoch: 1 [6400/7378 (86%)]	Loss: 1.256908
Train Epoch: 1 [6800/7378 (92%)]	Loss: 1.040172
Train Epoch: 1 [7200/7378 (97%)]	Loss: 0.992159
Test set: Average loss: 2.9186, Accuracy: 405/1844 (21%)
Train Epoch: 2 [0/7378 (0%)]	Loss: 1.017553
Train Epoch: 2 [400/7378 (5%)]	Loss: 0.692502
Train Epoch: 2 [800/7378 (11%)]	Loss: 0.692681
Train Epoch: 2 [1200/7378 (16%)]	Loss: 0.590736
Train Epoch: 2 [1600/7378 (22%)]	Loss: 0.826716
Train Epoch: 2 [2000/7378 (27%)]	Loss: 0.810778
Train Epoch: 2 [2400/7378 (32%)]	Loss: 0.666004
Train Epoch: 2 [2800/7378 (38%)]	Loss: 0.843523
Train Epoch: 2 [3200/7378 (43%)]	Loss: 0.841971
Train Epoch: 2 [3600/7378 (49%)]	Loss: 0.919724
Train Epoch: 2 [4000/7378 (54%)]	Loss: 0.823584
Train Epoch: 2 [4400/7378 (59%)]	Loss: 0.845305
Train Epoch: 2 [4800/7378 (65%)]	Loss: 0.751994
Train Epoch: 2 [5200/7378 (70%)]	Loss: 0.638144
Train Epoch: 2 [5600/7378 (76%)]	Loss: 0.736630
Train Epoch: 2 [6000/7378 (81%)]	Loss: 0.798354
Train Epoch: 2 [6400/7378 (86%)]	Loss: 1.106308
Train Epoch: 2 [6800/7378 (92%)]	Loss: 0.760251
Train Epoch: 2 [7200/7378 (97%)]	Loss: 0.705812
Test set: Average loss: 2.4061, Accuracy: 488/1844 (26%)
Train Epoch: 3 [0/7378 (0%)]	Loss: 0.510089
Train Epoch: 3 [400/7378 (5%)]	Loss: 0.564463
Train Epoch: 3 [800/7378 (11%)]	Loss: 0.511609
Train Epoch: 3 [1200/7378 (16%)]	Loss: 0.284447
Train Epoch: 3 [1600/7378 (22%)]	Loss: 0.672057
Train Epoch: 3 [2000/7378 (27%)]	Loss: 0.637735
Train Epoch: 3 [2400/7378 (32%)]	Loss: 0.539724
Train Epoch: 3 [2800/7378 (38%)]	Loss: 0.432375
Train Epoch: 3 [3200/7378 (43%)]	Loss: 0.351805
Train Epoch: 3 [3600/7378 (49%)]	Loss: 0.722821
Train Epoch: 3 [4000/7378 (54%)]	Loss: 0.489704
Train Epoch: 3 [4400/7378 (59%)]	Loss: 0.440382
Train Epoch: 3 [4800/7378 (65%)]	Loss: 0.588397
Train Epoch: 3 [5200/7378 (70%)]	Loss: 0.313626
Train Epoch: 3 [5600/7378 (76%)]	Loss: 0.923324
Train Epoch: 3 [6000/7378 (81%)]	Loss: 0.646641
Train Epoch: 3 [6400/7378 (86%)]	Loss: 0.775172
Train Epoch: 3 [6800/7378 (92%)]	Loss: 0.519405
Train Epoch: 3 [7200/7378 (97%)]	Loss: 0.388279
Test set: Average loss: 2.5408, Accuracy: 406/1844 (22%)
Train Epoch: 4 [0/7378 (0%)]	Loss: 0.304666
Train Epoch: 4 [400/7378 (5%)]	Loss: 0.331206
Train Epoch: 4 [800/7378 (11%)]	Loss: 0.447164
Train Epoch: 4 [1200/7378 (16%)]	Loss: 0.466983
Train Epoch: 4 [1600/7378 (22%)]	Loss: 0.507525
Train Epoch: 4 [2000/7378 (27%)]	Loss: 0.422568
Train Epoch: 4 [2400/7378 (32%)]	Loss: 0.314773
Train Epoch: 4 [2800/7378 (38%)]	Loss: 0.254976
Train Epoch: 4 [3200/7378 (43%)]	Loss: 0.206656
Train Epoch: 4 [3600/7378 (49%)]	Loss: 0.215084
Train Epoch: 4 [4000/7378 (54%)]	Loss: 0.361332
Train Epoch: 4 [4400/7378 (59%)]	Loss: 0.524114
Train Epoch: 4 [4800/7378 (65%)]	Loss: 0.152554
Train Epoch: 4 [5200/7378 (70%)]	Loss: 0.391168
Train Epoch: 4 [5600/7378 (76%)]	Loss: 0.496353
Train Epoch: 4 [6000/7378 (81%)]	Loss: 0.325337
Train Epoch: 4 [6400/7378 (86%)]	Loss: 0.344610
Train Epoch: 4 [6800/7378 (92%)]	Loss: 0.454564
Train Epoch: 4 [7200/7378 (97%)]	Loss: 0.333488
Test set: Average loss: 2.6811, Accuracy: 405/1844 (21%)
Train Epoch: 5 [0/7378 (0%)]	Loss: 0.180250
Train Epoch: 5 [400/7378 (5%)]	Loss: 0.263330
Train Epoch: 5 [800/7378 (11%)]	Loss: 0.131166
Train Epoch: 5 [1200/7378 (16%)]	Loss: 0.105940
Train Epoch: 5 [1600/7378 (22%)]	Loss: 0.113874
Train Epoch: 5 [2000/7378 (27%)]	Loss: 0.223694
Train Epoch: 5 [2400/7378 (32%)]	Loss: 0.141312
Train Epoch: 5 [2800/7378 (38%)]	Loss: 0.109591
Train Epoch: 5 [3200/7378 (43%)]	Loss: 0.043915
Train Epoch: 5 [3600/7378 (49%)]	Loss: 0.204777
Train Epoch: 5 [4000/7378 (54%)]	Loss: 0.266240
Train Epoch: 5 [4400/7378 (59%)]	Loss: 0.140916
Train Epoch: 5 [4800/7378 (65%)]	Loss: 0.117736
Train Epoch: 5 [5200/7378 (70%)]	Loss: 0.171464
Train Epoch: 5 [5600/7378 (76%)]	Loss: 0.189195
Train Epoch: 5 [6000/7378 (81%)]	Loss: 0.145266
Train Epoch: 5 [6400/7378 (86%)]	Loss: 0.262090
Train Epoch: 5 [6800/7378 (92%)]	Loss: 0.147161
Train Epoch: 5 [7200/7378 (97%)]	Loss: 0.075264
Test set: Average loss: 3.4439, Accuracy: 301/1844 (16%)
Train Epoch: 6 [0/7378 (0%)]	Loss: 0.213152
Train Epoch: 6 [400/7378 (5%)]	Loss: 0.164599
Train Epoch: 6 [800/7378 (11%)]	Loss: 0.105226
Train Epoch: 6 [1200/7378 (16%)]	Loss: 0.022020
Train Epoch: 6 [1600/7378 (22%)]	Loss: 0.124895
Train Epoch: 6 [2000/7378 (27%)]	Loss: 0.091973
Train Epoch: 6 [2400/7378 (32%)]	Loss: 0.085424
Train Epoch: 6 [2800/7378 (38%)]	Loss: 0.075178
Train Epoch: 6 [3200/7378 (43%)]	Loss: 0.123100
Train Epoch: 6 [3600/7378 (49%)]	Loss: 0.053987
Train Epoch: 6 [4000/7378 (54%)]	Loss: 0.145522
Train Epoch: 6 [4400/7378 (59%)]	Loss: 0.026111
Train Epoch: 6 [4800/7378 (65%)]	Loss: 0.165806
Train Epoch: 6 [5200/7378 (70%)]	Loss: 0.063804
Train Epoch: 6 [5600/7378 (76%)]	Loss: 0.282815
Train Epoch: 6 [6000/7378 (81%)]	Loss: 0.331769
Train Epoch: 6 [6400/7378 (86%)]	Loss: 0.065372
Train Epoch: 6 [6800/7378 (92%)]	Loss: 0.072649
Train Epoch: 6 [7200/7378 (97%)]	Loss: 0.291458
Test set: Average loss: 3.4884, Accuracy: 411/1844 (22%)
Train Epoch: 7 [0/7378 (0%)]	Loss: 0.415964
Train Epoch: 7 [400/7378 (5%)]	Loss: 0.094953
Train Epoch: 7 [800/7378 (11%)]	Loss: 0.121432
Train Epoch: 7 [1200/7378 (16%)]	Loss: 0.109485
Train Epoch: 7 [1600/7378 (22%)]	Loss: 0.321202
Train Epoch: 7 [2000/7378 (27%)]	Loss: 0.101335
Train Epoch: 7 [2400/7378 (32%)]	Loss: 0.109369
Train Epoch: 7 [2800/7378 (38%)]	Loss: 0.224671
Train Epoch: 7 [3200/7378 (43%)]	Loss: 0.087205
Train Epoch: 7 [3600/7378 (49%)]	Loss: 0.122517
Train Epoch: 7 [4000/7378 (54%)]	Loss: 0.148743
Train Epoch: 7 [4400/7378 (59%)]	Loss: 0.112367
Train Epoch: 7 [4800/7378 (65%)]	Loss: 0.036450
Train Epoch: 7 [5200/7378 (70%)]	Loss: 0.015166
Train Epoch: 7 [5600/7378 (76%)]	Loss: 0.022609
Train Epoch: 7 [6000/7378 (81%)]	Loss: 0.081572
Train Epoch: 7 [6400/7378 (86%)]	Loss: 0.019585
Train Epoch: 7 [6800/7378 (92%)]	Loss: 0.260190
Train Epoch: 7 [7200/7378 (97%)]	Loss: 0.065597
Test set: Average loss: 2.5448, Accuracy: 578/1844 (31%)
Train Epoch: 8 [0/7378 (0%)]	Loss: 0.019981
Train Epoch: 8 [400/7378 (5%)]	Loss: 0.065454
Train Epoch: 8 [800/7378 (11%)]	Loss: 0.018716
Train Epoch: 8 [1200/7378 (16%)]	Loss: 0.018356
Train Epoch: 8 [1600/7378 (22%)]	Loss: 0.014010
Train Epoch: 8 [2000/7378 (27%)]	Loss: 0.017443
Train Epoch: 8 [2400/7378 (32%)]	Loss: 0.039066
Train Epoch: 8 [2800/7378 (38%)]	Loss: 0.021092
Train Epoch: 8 [3200/7378 (43%)]	Loss: 0.020056
Train Epoch: 8 [3600/7378 (49%)]	Loss: 0.056413
Train Epoch: 8 [4000/7378 (54%)]	Loss: 0.036616
Train Epoch: 8 [4400/7378 (59%)]	Loss: 0.027962
Train Epoch: 8 [4800/7378 (65%)]	Loss: 0.088923
Train Epoch: 8 [5200/7378 (70%)]	Loss: 0.111649
Train Epoch: 8 [5600/7378 (76%)]	Loss: 0.046301
Train Epoch: 8 [6000/7378 (81%)]	Loss: 0.024987
Train Epoch: 8 [6400/7378 (86%)]	Loss: 0.042476
Train Epoch: 8 [6800/7378 (92%)]	Loss: 0.018730
Train Epoch: 8 [7200/7378 (97%)]	Loss: 0.109611
Test set: Average loss: 1.2171, Accuracy: 1287/1844 (69%)
Train Epoch: 9 [0/7378 (0%)]	Loss: 0.015125
Train Epoch: 9 [400/7378 (5%)]	Loss: 0.010994
Train Epoch: 9 [800/7378 (11%)]	Loss: 0.039081
Train Epoch: 9 [1200/7378 (16%)]	Loss: 0.094316
Train Epoch: 9 [1600/7378 (22%)]	Loss: 0.019733
Train Epoch: 9 [2000/7378 (27%)]	Loss: 0.094135
Train Epoch: 9 [2400/7378 (32%)]	Loss: 0.008932
Train Epoch: 9 [2800/7378 (38%)]	Loss: 0.026058
Train Epoch: 9 [3200/7378 (43%)]	Loss: 0.016004
Train Epoch: 9 [3600/7378 (49%)]	Loss: 0.030763
Train Epoch: 9 [4000/7378 (54%)]	Loss: 0.193294
Train Epoch: 9 [4400/7378 (59%)]	Loss: 0.047628
Train Epoch: 9 [4800/7378 (65%)]	Loss: 0.070575
Train Epoch: 9 [5200/7378 (70%)]	Loss: 0.023563
Train Epoch: 9 [5600/7378 (76%)]	Loss: 0.003569
Train Epoch: 9 [6000/7378 (81%)]	Loss: 0.011937
Train Epoch: 9 [6400/7378 (86%)]	Loss: 0.004053
Train Epoch: 9 [6800/7378 (92%)]	Loss: 0.014498
Train Epoch: 9 [7200/7378 (97%)]	Loss: 0.004941
Test set: Average loss: 2.9202, Accuracy: 536/1844 (29%)
Train Epoch: 10 [0/7378 (0%)]	Loss: 0.024375
Train Epoch: 10 [400/7378 (5%)]	Loss: 0.017743
Train Epoch: 10 [800/7378 (11%)]	Loss: 0.046376
Train Epoch: 10 [1200/7378 (16%)]	Loss: 0.019394
Train Epoch: 10 [1600/7378 (22%)]	Loss: 0.032036
Train Epoch: 10 [2000/7378 (27%)]	Loss: 0.042695
Train Epoch: 10 [2400/7378 (32%)]	Loss: 0.013552
Train Epoch: 10 [2800/7378 (38%)]	Loss: 0.021333
Train Epoch: 10 [3200/7378 (43%)]	Loss: 0.001600
Train Epoch: 10 [3600/7378 (49%)]	Loss: 0.012507
Train Epoch: 10 [4000/7378 (54%)]	Loss: 0.004749
Train Epoch: 10 [4400/7378 (59%)]	Loss: 0.047122
Train Epoch: 10 [4800/7378 (65%)]	Loss: 0.025584
Train Epoch: 10 [5200/7378 (70%)]	Loss: 0.015843
Train Epoch: 10 [5600/7378 (76%)]	Loss: 0.048868
Train Epoch: 10 [6000/7378 (81%)]	Loss: 0.012444
Train Epoch: 10 [6400/7378 (86%)]	Loss: 0.027432
Train Epoch: 10 [6800/7378 (92%)]	Loss: 0.012776
Train Epoch: 10 [7200/7378 (97%)]	Loss: 0.014126
Test set: Average loss: 2.9131, Accuracy: 643/1844 (34%)
Train Epoch: 11 [0/7378 (0%)]	Loss: 0.063511
Train Epoch: 11 [400/7378 (5%)]	Loss: 0.144608
Train Epoch: 11 [800/7378 (11%)]	Loss: 0.004124
Train Epoch: 11 [1200/7378 (16%)]	Loss: 0.062173
Train Epoch: 11 [1600/7378 (22%)]	Loss: 0.004851
Train Epoch: 11 [2000/7378 (27%)]	Loss: 0.017631
Train Epoch: 11 [2400/7378 (32%)]	Loss: 0.059190
Train Epoch: 11 [2800/7378 (38%)]	Loss: 0.036317
Train Epoch: 11 [3200/7378 (43%)]	Loss: 0.161596
Train Epoch: 11 [3600/7378 (49%)]	Loss: 0.026267
Train Epoch: 11 [4000/7378 (54%)]	Loss: 0.006685
Train Epoch: 11 [4400/7378 (59%)]	Loss: 0.038335
Train Epoch: 11 [4800/7378 (65%)]	Loss: 0.071352
Train Epoch: 11 [5200/7378 (70%)]	Loss: 0.044642
Train Epoch: 11 [5600/7378 (76%)]	Loss: 0.151826
Train Epoch: 11 [6000/7378 (81%)]	Loss: 0.019253
Train Epoch: 11 [6400/7378 (86%)]	Loss: 0.002800
Train Epoch: 11 [6800/7378 (92%)]	Loss: 0.051948
Train Epoch: 11 [7200/7378 (97%)]	Loss: 0.027766
Test set: Average loss: 2.6044, Accuracy: 629/1844 (34%)
Train Epoch: 12 [0/7378 (0%)]	Loss: 0.006524
Train Epoch: 12 [400/7378 (5%)]	Loss: 0.026802
Train Epoch: 12 [800/7378 (11%)]	Loss: 0.008754
Train Epoch: 12 [1200/7378 (16%)]	Loss: 0.013722
Train Epoch: 12 [1600/7378 (22%)]	Loss: 0.016094
Train Epoch: 12 [2000/7378 (27%)]	Loss: 0.027508
Train Epoch: 12 [2400/7378 (32%)]	Loss: 0.026593
Train Epoch: 12 [2800/7378 (38%)]	Loss: 0.007702
Train Epoch: 12 [3200/7378 (43%)]	Loss: 0.005710
Train Epoch: 12 [3600/7378 (49%)]	Loss: 0.003650
Train Epoch: 12 [4000/7378 (54%)]	Loss: 0.035002
Train Epoch: 12 [4400/7378 (59%)]	Loss: 0.038003
Train Epoch: 12 [4800/7378 (65%)]	Loss: 0.009901
Train Epoch: 12 [5200/7378 (70%)]	Loss: 0.020790
Train Epoch: 12 [5600/7378 (76%)]	Loss: 0.009773
Train Epoch: 12 [6000/7378 (81%)]	Loss: 0.022045
Train Epoch: 12 [6400/7378 (86%)]	Loss: 0.021384
Train Epoch: 12 [6800/7378 (92%)]	Loss: 0.004975
Train Epoch: 12 [7200/7378 (97%)]	Loss: 0.021418
Test set: Average loss: 1.3878, Accuracy: 1229/1844 (66%)
Train Epoch: 13 [0/7378 (0%)]	Loss: 0.002952
Train Epoch: 13 [400/7378 (5%)]	Loss: 0.007587
Train Epoch: 13 [800/7378 (11%)]	Loss: 0.001613
Train Epoch: 13 [1200/7378 (16%)]	Loss: 0.042080
Train Epoch: 13 [1600/7378 (22%)]	Loss: 0.003433
Train Epoch: 13 [2000/7378 (27%)]	Loss: 0.002365
Train Epoch: 13 [2400/7378 (32%)]	Loss: 0.008956
Train Epoch: 13 [2800/7378 (38%)]	Loss: 0.001581
Train Epoch: 13 [3200/7378 (43%)]	Loss: 0.004241
Train Epoch: 13 [3600/7378 (49%)]	Loss: 0.001208
Train Epoch: 13 [4000/7378 (54%)]	Loss: 0.000699
Train Epoch: 13 [4400/7378 (59%)]	Loss: 0.006040
Train Epoch: 13 [4800/7378 (65%)]	Loss: 0.004177
Train Epoch: 13 [5200/7378 (70%)]	Loss: 0.001603
Train Epoch: 13 [5600/7378 (76%)]	Loss: 0.004364
Train Epoch: 13 [6000/7378 (81%)]	Loss: 0.005318
Train Epoch: 13 [6400/7378 (86%)]	Loss: 0.004246
Train Epoch: 13 [6800/7378 (92%)]	Loss: 0.005427
Train Epoch: 13 [7200/7378 (97%)]	Loss: 0.001308
Test set: Average loss: 4.6828, Accuracy: 436/1844 (23%)
Train Epoch: 14 [0/7378 (0%)]	Loss: 0.198096
Train Epoch: 14 [400/7378 (5%)]	Loss: 0.005274
Train Epoch: 14 [800/7378 (11%)]	Loss: 0.017023
Train Epoch: 14 [1200/7378 (16%)]	Loss: 0.009095
Train Epoch: 14 [1600/7378 (22%)]	Loss: 0.002682
Train Epoch: 14 [2000/7378 (27%)]	Loss: 0.007672
Train Epoch: 14 [2400/7378 (32%)]	Loss: 0.004257
Train Epoch: 14 [2800/7378 (38%)]	Loss: 0.002796
Train Epoch: 14 [3200/7378 (43%)]	Loss: 0.023657
Train Epoch: 14 [3600/7378 (49%)]	Loss: 0.018310
Train Epoch: 14 [4000/7378 (54%)]	Loss: 0.021180
Train Epoch: 14 [4400/7378 (59%)]	Loss: 0.001160
Train Epoch: 14 [4800/7378 (65%)]	Loss: 0.002032
Train Epoch: 14 [5200/7378 (70%)]	Loss: 0.006362
Train Epoch: 14 [5600/7378 (76%)]	Loss: 0.036760
Train Epoch: 14 [6000/7378 (81%)]	Loss: 0.001574
Train Epoch: 14 [6400/7378 (86%)]	Loss: 0.080762
Train Epoch: 14 [6800/7378 (92%)]	Loss: 0.004395
Train Epoch: 14 [7200/7378 (97%)]	Loss: 0.011272
Test set: Average loss: 1.8721, Accuracy: 1026/1844 (55%)
Train Epoch: 15 [0/7378 (0%)]	Loss: 0.006336
Train Epoch: 15 [400/7378 (5%)]	Loss: 0.017264
Train Epoch: 15 [800/7378 (11%)]	Loss: 0.004155
Train Epoch: 15 [1200/7378 (16%)]	Loss: 0.006028
Train Epoch: 15 [1600/7378 (22%)]	Loss: 0.011846
Train Epoch: 15 [2000/7378 (27%)]	Loss: 0.001339
Train Epoch: 15 [2400/7378 (32%)]	Loss: 0.000822
Train Epoch: 15 [2800/7378 (38%)]	Loss: 0.001030
Train Epoch: 15 [3200/7378 (43%)]	Loss: 0.015505
Train Epoch: 15 [3600/7378 (49%)]	Loss: 0.001660
Train Epoch: 15 [4000/7378 (54%)]	Loss: 0.119922
Train Epoch: 15 [4400/7378 (59%)]	Loss: 0.018131
Train Epoch: 15 [4800/7378 (65%)]	Loss: 0.000484
Train Epoch: 15 [5200/7378 (70%)]	Loss: 0.003556
Train Epoch: 15 [5600/7378 (76%)]	Loss: 0.004253
Train Epoch: 15 [6000/7378 (81%)]	Loss: 0.000302
Train Epoch: 15 [6400/7378 (86%)]	Loss: 0.007597
Train Epoch: 15 [6800/7378 (92%)]	Loss: 0.000853
Train Epoch: 15 [7200/7378 (97%)]	Loss: 0.004680
Test set: Average loss: 4.7448, Accuracy: 532/1844 (28%)
Train Epoch: 16 [0/7378 (0%)]	Loss: 0.001037
Train Epoch: 16 [400/7378 (5%)]	Loss: 0.001531
Train Epoch: 16 [800/7378 (11%)]	Loss: 0.007424
Train Epoch: 16 [1200/7378 (16%)]	Loss: 0.019821
Train Epoch: 16 [1600/7378 (22%)]	Loss: 0.002250
Train Epoch: 16 [2000/7378 (27%)]	Loss: 0.001432
Train Epoch: 16 [2400/7378 (32%)]	Loss: 0.046460
Train Epoch: 16 [2800/7378 (38%)]	Loss: 0.002118
Train Epoch: 16 [3200/7378 (43%)]	Loss: 0.005294
Train Epoch: 16 [3600/7378 (49%)]	Loss: 0.000474
Train Epoch: 16 [4000/7378 (54%)]	Loss: 0.007053
Train Epoch: 16 [4400/7378 (59%)]	Loss: 0.003597
Train Epoch: 16 [4800/7378 (65%)]	Loss: 0.000678
Train Epoch: 16 [5200/7378 (70%)]	Loss: 0.007729
Train Epoch: 16 [5600/7378 (76%)]	Loss: 0.001029
Train Epoch: 16 [6000/7378 (81%)]	Loss: 0.001903
Train Epoch: 16 [6400/7378 (86%)]	Loss: 0.002098
Train Epoch: 16 [6800/7378 (92%)]	Loss: 0.001023
Train Epoch: 16 [7200/7378 (97%)]	Loss: 0.094792
Test set: Average loss: 4.7672, Accuracy: 610/1844 (33%)
Train Epoch: 17 [0/7378 (0%)]	Loss: 0.000841
Train Epoch: 17 [400/7378 (5%)]	Loss: 0.012348
Train Epoch: 17 [800/7378 (11%)]	Loss: 0.006569
Train Epoch: 17 [1200/7378 (16%)]	Loss: 0.000489
Train Epoch: 17 [1600/7378 (22%)]	Loss: 0.002823
Train Epoch: 17 [2000/7378 (27%)]	Loss: 0.005582
Train Epoch: 17 [2400/7378 (32%)]	Loss: 0.001130
Train Epoch: 17 [2800/7378 (38%)]	Loss: 0.001843
Train Epoch: 17 [3200/7378 (43%)]	Loss: 0.001471
Train Epoch: 17 [3600/7378 (49%)]	Loss: 0.004633
Train Epoch: 17 [4000/7378 (54%)]	Loss: 0.000798
Train Epoch: 17 [4400/7378 (59%)]	Loss: 0.030411
Train Epoch: 17 [4800/7378 (65%)]	Loss: 0.009897
Train Epoch: 17 [5200/7378 (70%)]	Loss: 0.002553
Train Epoch: 17 [5600/7378 (76%)]	Loss: 0.050076
Train Epoch: 17 [6000/7378 (81%)]	Loss: 0.023806
Train Epoch: 17 [6400/7378 (86%)]	Loss: 0.009527
Train Epoch: 17 [6800/7378 (92%)]	Loss: 0.004862
Train Epoch: 17 [7200/7378 (97%)]	Loss: 0.000620
Test set: Average loss: 3.4796, Accuracy: 789/1844 (42%)
Train Epoch: 18 [0/7378 (0%)]	Loss: 0.004306
Train Epoch: 18 [400/7378 (5%)]	Loss: 0.001440
Train Epoch: 18 [800/7378 (11%)]	Loss: 0.000907
Train Epoch: 18 [1200/7378 (16%)]	Loss: 0.009558
Train Epoch: 18 [1600/7378 (22%)]	Loss: 0.004253
Train Epoch: 18 [2000/7378 (27%)]	Loss: 0.001170
Train Epoch: 18 [2400/7378 (32%)]	Loss: 0.001784
Train Epoch: 18 [2800/7378 (38%)]	Loss: 0.006326
Train Epoch: 18 [3200/7378 (43%)]	Loss: 0.006843
Train Epoch: 18 [3600/7378 (49%)]	Loss: 0.002614
Train Epoch: 18 [4000/7378 (54%)]	Loss: 0.002993
Train Epoch: 18 [4400/7378 (59%)]	Loss: 0.002622
Train Epoch: 18 [4800/7378 (65%)]	Loss: 0.003006
Train Epoch: 18 [5200/7378 (70%)]	Loss: 0.001654
Train Epoch: 18 [5600/7378 (76%)]	Loss: 0.003163
Train Epoch: 18 [6000/7378 (81%)]	Loss: 0.001025
Train Epoch: 18 [6400/7378 (86%)]	Loss: 0.006970
Train Epoch: 18 [6800/7378 (92%)]	Loss: 0.001624
Train Epoch: 18 [7200/7378 (97%)]	Loss: 0.000773
Test set: Average loss: 1.5855, Accuracy: 1263/1844 (68%)
Train Epoch: 19 [0/7378 (0%)]	Loss: 0.002928
Train Epoch: 19 [400/7378 (5%)]	Loss: 0.127960
Train Epoch: 19 [800/7378 (11%)]	Loss: 0.000301
Train Epoch: 19 [1200/7378 (16%)]	Loss: 0.000478
Train Epoch: 19 [1600/7378 (22%)]	Loss: 0.000520
Train Epoch: 19 [2000/7378 (27%)]	Loss: 0.000469
Train Epoch: 19 [2400/7378 (32%)]	Loss: 0.000748
Train Epoch: 19 [2800/7378 (38%)]	Loss: 0.001038
Train Epoch: 19 [3200/7378 (43%)]	Loss: 0.000635
Train Epoch: 19 [3600/7378 (49%)]	Loss: 0.000756
Train Epoch: 19 [4000/7378 (54%)]	Loss: 0.001141
Train Epoch: 19 [4400/7378 (59%)]	Loss: 0.000697
Train Epoch: 19 [4800/7378 (65%)]	Loss: 0.001478
Train Epoch: 19 [5200/7378 (70%)]	Loss: 0.021426
Train Epoch: 19 [5600/7378 (76%)]	Loss: 0.012521
Train Epoch: 19 [6000/7378 (81%)]	Loss: 0.001043
Train Epoch: 19 [6400/7378 (86%)]	Loss: 0.001135
Train Epoch: 19 [6800/7378 (92%)]	Loss: 0.001450
Train Epoch: 19 [7200/7378 (97%)]	Loss: 0.000455
Test set: Average loss: 1.0852, Accuracy: 1456/1844 (78%)
Train Epoch: 20 [0/7378 (0%)]	Loss: 0.000241
Train Epoch: 20 [400/7378 (5%)]	Loss: 0.003706
Train Epoch: 20 [800/7378 (11%)]	Loss: 0.000766
Train Epoch: 20 [1200/7378 (16%)]	Loss: 0.000679
Train Epoch: 20 [1600/7378 (22%)]	Loss: 0.001978
Train Epoch: 20 [2000/7378 (27%)]	Loss: 0.001014
Train Epoch: 20 [2400/7378 (32%)]	Loss: 0.000420
Train Epoch: 20 [2800/7378 (38%)]	Loss: 0.000722
Train Epoch: 20 [3200/7378 (43%)]	Loss: 0.000292
Train Epoch: 20 [3600/7378 (49%)]	Loss: 0.000521
Train Epoch: 20 [4000/7378 (54%)]	Loss: 0.001615
Train Epoch: 20 [4400/7378 (59%)]	Loss: 0.003272
Train Epoch: 20 [4800/7378 (65%)]	Loss: 0.000363
Train Epoch: 20 [5200/7378 (70%)]	Loss: 0.000853
Train Epoch: 20 [5600/7378 (76%)]	Loss: 0.000922
Train Epoch: 20 [6000/7378 (81%)]	Loss: 0.003564
Train Epoch: 20 [6400/7378 (86%)]	Loss: 0.000242
Train Epoch: 20 [6800/7378 (92%)]	Loss: 0.000501
Train Epoch: 20 [7200/7378 (97%)]	Loss: 0.000359
Test set: Average loss: 1.0861, Accuracy: 1441/1844 (78%)
Train Epoch: 21 [0/7378 (0%)]	Loss: 0.000276
Train Epoch: 21 [400/7378 (5%)]	Loss: 0.000232
Train Epoch: 21 [800/7378 (11%)]	Loss: 0.000385
Train Epoch: 21 [1200/7378 (16%)]	Loss: 0.000455
Train Epoch: 21 [1600/7378 (22%)]	Loss: 0.000656
Train Epoch: 21 [2000/7378 (27%)]	Loss: 0.000696
Train Epoch: 21 [2400/7378 (32%)]	Loss: 0.000428
Train Epoch: 21 [2800/7378 (38%)]	Loss: 0.001360
Train Epoch: 21 [3200/7378 (43%)]	Loss: 0.001091
Train Epoch: 21 [3600/7378 (49%)]	Loss: 0.016269
Train Epoch: 21 [4000/7378 (54%)]	Loss: 0.000215
Train Epoch: 21 [4400/7378 (59%)]	Loss: 0.000372
Train Epoch: 21 [4800/7378 (65%)]	Loss: 0.001552
Train Epoch: 21 [5200/7378 (70%)]	Loss: 0.000857
Train Epoch: 21 [5600/7378 (76%)]	Loss: 0.000139
Train Epoch: 21 [6000/7378 (81%)]	Loss: 0.000477
Train Epoch: 21 [6400/7378 (86%)]	Loss: 0.000088
Train Epoch: 21 [6800/7378 (92%)]	Loss: 0.000352
Train Epoch: 21 [7200/7378 (97%)]	Loss: 0.000965
Test set: Average loss: 1.0836, Accuracy: 1449/1844 (78%)
Train Epoch: 22 [0/7378 (0%)]	Loss: 0.000482
Train Epoch: 22 [400/7378 (5%)]	Loss: 0.000298
Train Epoch: 22 [800/7378 (11%)]	Loss: 0.000170
Train Epoch: 22 [1200/7378 (16%)]	Loss: 0.000683
Train Epoch: 22 [1600/7378 (22%)]	Loss: 0.000109
Train Epoch: 22 [2000/7378 (27%)]	Loss: 0.000481
Train Epoch: 22 [2400/7378 (32%)]	Loss: 0.000109
Train Epoch: 22 [2800/7378 (38%)]	Loss: 0.000304
Train Epoch: 22 [3200/7378 (43%)]	Loss: 0.000306
Train Epoch: 22 [3600/7378 (49%)]	Loss: 0.000354
Train Epoch: 22 [4000/7378 (54%)]	Loss: 0.000187
Train Epoch: 22 [4400/7378 (59%)]	Loss: 0.000405
Train Epoch: 22 [4800/7378 (65%)]	Loss: 0.000139
Train Epoch: 22 [5200/7378 (70%)]	Loss: 0.000165
Train Epoch: 22 [5600/7378 (76%)]	Loss: 0.000984
Train Epoch: 22 [6000/7378 (81%)]	Loss: 0.000148
Train Epoch: 22 [6400/7378 (86%)]	Loss: 0.000383
Train Epoch: 22 [6800/7378 (92%)]	Loss: 0.014676
Train Epoch: 22 [7200/7378 (97%)]	Loss: 0.000122
Test set: Average loss: 1.6160, Accuracy: 1262/1844 (68%)
Train Epoch: 23 [0/7378 (0%)]	Loss: 0.000114
Train Epoch: 23 [400/7378 (5%)]	Loss: 0.000264
Train Epoch: 23 [800/7378 (11%)]	Loss: 0.000335
Train Epoch: 23 [1200/7378 (16%)]	Loss: 0.000237
Train Epoch: 23 [1600/7378 (22%)]	Loss: 0.000202
Train Epoch: 23 [2000/7378 (27%)]	Loss: 0.001790
Train Epoch: 23 [2400/7378 (32%)]	Loss: 0.000488
Train Epoch: 23 [2800/7378 (38%)]	Loss: 0.008823
Train Epoch: 23 [3200/7378 (43%)]	Loss: 0.000159
Train Epoch: 23 [3600/7378 (49%)]	Loss: 0.000190
Train Epoch: 23 [4000/7378 (54%)]	Loss: 0.000209
Train Epoch: 23 [4400/7378 (59%)]	Loss: 0.000400
Train Epoch: 23 [4800/7378 (65%)]	Loss: 0.000511
Train Epoch: 23 [5200/7378 (70%)]	Loss: 0.000602
Train Epoch: 23 [5600/7378 (76%)]	Loss: 0.000379
Train Epoch: 23 [6000/7378 (81%)]	Loss: 0.005142
Train Epoch: 23 [6400/7378 (86%)]	Loss: 0.000120
Train Epoch: 23 [6800/7378 (92%)]	Loss: 0.001752
Train Epoch: 23 [7200/7378 (97%)]	Loss: 0.000595
Test set: Average loss: 1.3173, Accuracy: 1394/1844 (75%)
Train Epoch: 24 [0/7378 (0%)]	Loss: 0.000308
Train Epoch: 24 [400/7378 (5%)]	Loss: 0.000477
Train Epoch: 24 [800/7378 (11%)]	Loss: 0.000342
Train Epoch: 24 [1200/7378 (16%)]	Loss: 0.000567
Train Epoch: 24 [1600/7378 (22%)]	Loss: 0.000186
Train Epoch: 24 [2000/7378 (27%)]	Loss: 0.000378
Train Epoch: 24 [2400/7378 (32%)]	Loss: 0.001285
Train Epoch: 24 [2800/7378 (38%)]	Loss: 0.000989
Train Epoch: 24 [3200/7378 (43%)]	Loss: 0.000279
Train Epoch: 24 [3600/7378 (49%)]	Loss: 0.000173
Train Epoch: 24 [4000/7378 (54%)]	Loss: 0.000130
Train Epoch: 24 [4400/7378 (59%)]	Loss: 0.000904
Train Epoch: 24 [4800/7378 (65%)]	Loss: 0.000122
Train Epoch: 24 [5200/7378 (70%)]	Loss: 0.000961
Train Epoch: 24 [5600/7378 (76%)]	Loss: 0.000486
Train Epoch: 24 [6000/7378 (81%)]	Loss: 0.000161
Train Epoch: 24 [6400/7378 (86%)]	Loss: 0.000104
Train Epoch: 24 [6800/7378 (92%)]	Loss: 0.000065
Train Epoch: 24 [7200/7378 (97%)]	Loss: 0.001537
Test set: Average loss: 2.4892, Accuracy: 1088/1844 (59%)
Train Epoch: 25 [0/7378 (0%)]	Loss: 0.000936
Train Epoch: 25 [400/7378 (5%)]	Loss: 0.000600
Train Epoch: 25 [800/7378 (11%)]	Loss: 0.000071
Train Epoch: 25 [1200/7378 (16%)]	Loss: 0.000308
Train Epoch: 25 [1600/7378 (22%)]	Loss: 0.000275
Train Epoch: 25 [2000/7378 (27%)]	Loss: 0.000270
Train Epoch: 25 [2400/7378 (32%)]	Loss: 0.000565
Train Epoch: 25 [2800/7378 (38%)]	Loss: 0.000175
Train Epoch: 25 [3200/7378 (43%)]	Loss: 0.000080
Train Epoch: 25 [3600/7378 (49%)]	Loss: 0.000163
Train Epoch: 25 [4000/7378 (54%)]	Loss: 0.000278
Train Epoch: 25 [4400/7378 (59%)]	Loss: 0.000556
Train Epoch: 25 [4800/7378 (65%)]	Loss: 0.001516
Train Epoch: 25 [5200/7378 (70%)]	Loss: 0.000082
Train Epoch: 25 [5600/7378 (76%)]	Loss: 0.000343
Train Epoch: 25 [6000/7378 (81%)]	Loss: 0.000245
Train Epoch: 25 [6400/7378 (86%)]	Loss: 0.000578
Train Epoch: 25 [6800/7378 (92%)]	Loss: 0.000266
Train Epoch: 25 [7200/7378 (97%)]	Loss: 0.000155
Test set: Average loss: 1.0936, Accuracy: 1469/1844 (79%)
Train Epoch: 26 [0/7378 (0%)]	Loss: 0.000245
Train Epoch: 26 [400/7378 (5%)]	Loss: 0.000602
Train Epoch: 26 [800/7378 (11%)]	Loss: 0.000198
Train Epoch: 26 [1200/7378 (16%)]	Loss: 0.000219
Train Epoch: 26 [1600/7378 (22%)]	Loss: 0.000068
Train Epoch: 26 [2000/7378 (27%)]	Loss: 0.000401
Train Epoch: 26 [2400/7378 (32%)]	Loss: 0.000429
Train Epoch: 26 [2800/7378 (38%)]	Loss: 0.000076
Train Epoch: 26 [3200/7378 (43%)]	Loss: 0.000050
Train Epoch: 26 [3600/7378 (49%)]	Loss: 0.000124
Train Epoch: 26 [4000/7378 (54%)]	Loss: 0.000254
Train Epoch: 26 [4400/7378 (59%)]	Loss: 0.000353
Train Epoch: 26 [4800/7378 (65%)]	Loss: 0.000070
Train Epoch: 26 [5200/7378 (70%)]	Loss: 0.000278
Train Epoch: 26 [5600/7378 (76%)]	Loss: 0.000188
Train Epoch: 26 [6000/7378 (81%)]	Loss: 0.000663
Train Epoch: 26 [6400/7378 (86%)]	Loss: 0.000309
Train Epoch: 26 [6800/7378 (92%)]	Loss: 0.000244
Train Epoch: 26 [7200/7378 (97%)]	Loss: 0.000053
Test set: Average loss: 1.0866, Accuracy: 1466/1844 (79%)
Train Epoch: 27 [0/7378 (0%)]	Loss: 0.000464
Train Epoch: 27 [400/7378 (5%)]	Loss: 0.000186
Train Epoch: 27 [800/7378 (11%)]	Loss: 0.000119
Train Epoch: 27 [1200/7378 (16%)]	Loss: 0.000207
Train Epoch: 27 [1600/7378 (22%)]	Loss: 0.000307
Train Epoch: 27 [2000/7378 (27%)]	Loss: 0.000261
Train Epoch: 27 [2400/7378 (32%)]	Loss: 0.000166
Train Epoch: 27 [2800/7378 (38%)]	Loss: 0.000148
Train Epoch: 27 [3200/7378 (43%)]	Loss: 0.000832
Train Epoch: 27 [3600/7378 (49%)]	Loss: 0.000587
Train Epoch: 27 [4000/7378 (54%)]	Loss: 0.000475
Train Epoch: 27 [4400/7378 (59%)]	Loss: 0.007043
Train Epoch: 27 [4800/7378 (65%)]	Loss: 0.000095
Train Epoch: 27 [5200/7378 (70%)]	Loss: 0.000069
Train Epoch: 27 [5600/7378 (76%)]	Loss: 0.000134
Train Epoch: 27 [6000/7378 (81%)]	Loss: 0.000220
Train Epoch: 27 [6400/7378 (86%)]	Loss: 0.000355
Train Epoch: 27 [6800/7378 (92%)]	Loss: 0.000153
Train Epoch: 27 [7200/7378 (97%)]	Loss: 0.000842
Test set: Average loss: 1.1328, Accuracy: 1461/1844 (79%)
Train Epoch: 28 [0/7378 (0%)]	Loss: 0.000728
Train Epoch: 28 [400/7378 (5%)]	Loss: 0.000030
Train Epoch: 28 [800/7378 (11%)]	Loss: 0.001151
Train Epoch: 28 [1200/7378 (16%)]	Loss: 0.000085
Train Epoch: 28 [1600/7378 (22%)]	Loss: 0.000110
Train Epoch: 28 [2000/7378 (27%)]	Loss: 0.000088
Train Epoch: 28 [2400/7378 (32%)]	Loss: 0.000517
Train Epoch: 28 [2800/7378 (38%)]	Loss: 0.000075
Train Epoch: 28 [3200/7378 (43%)]	Loss: 0.000348
Train Epoch: 28 [3600/7378 (49%)]	Loss: 0.000050
Train Epoch: 28 [4000/7378 (54%)]	Loss: 0.000270
Train Epoch: 28 [4400/7378 (59%)]	Loss: 0.000099
Train Epoch: 28 [4800/7378 (65%)]	Loss: 0.000067
Train Epoch: 28 [5200/7378 (70%)]	Loss: 0.000206
Train Epoch: 28 [5600/7378 (76%)]	Loss: 0.000269
Train Epoch: 28 [6000/7378 (81%)]	Loss: 0.000059
Train Epoch: 28 [6400/7378 (86%)]	Loss: 0.000080
Train Epoch: 28 [6800/7378 (92%)]	Loss: 0.000116
Train Epoch: 28 [7200/7378 (97%)]	Loss: 0.000518
Test set: Average loss: 1.0802, Accuracy: 1459/1844 (79%)
Train Epoch: 29 [0/7378 (0%)]	Loss: 0.000111
Train Epoch: 29 [400/7378 (5%)]	Loss: 0.018406
Train Epoch: 29 [800/7378 (11%)]	Loss: 0.000114
Train Epoch: 29 [1200/7378 (16%)]	Loss: 0.000147
Train Epoch: 29 [1600/7378 (22%)]	Loss: 0.006706
Train Epoch: 29 [2000/7378 (27%)]	Loss: 0.000046
Train Epoch: 29 [2400/7378 (32%)]	Loss: 0.000121
Train Epoch: 29 [2800/7378 (38%)]	Loss: 0.000080
Train Epoch: 29 [3200/7378 (43%)]	Loss: 0.000078
Train Epoch: 29 [3600/7378 (49%)]	Loss: 0.000091
Train Epoch: 29 [4000/7378 (54%)]	Loss: 0.000078
Train Epoch: 29 [4400/7378 (59%)]	Loss: 0.000700
Train Epoch: 29 [4800/7378 (65%)]	Loss: 0.000244
Train Epoch: 29 [5200/7378 (70%)]	Loss: 0.005349
Train Epoch: 29 [5600/7378 (76%)]	Loss: 0.000198
Train Epoch: 29 [6000/7378 (81%)]	Loss: 0.000310
Train Epoch: 29 [6400/7378 (86%)]	Loss: 0.000162
Train Epoch: 29 [6800/7378 (92%)]	Loss: 0.000284
Train Epoch: 29 [7200/7378 (97%)]	Loss: 0.001316
Test set: Average loss: 1.0902, Accuracy: 1455/1844 (78%)
Train Epoch: 30 [0/7378 (0%)]	Loss: 0.000073
Train Epoch: 30 [400/7378 (5%)]	Loss: 0.000139
Train Epoch: 30 [800/7378 (11%)]	Loss: 0.000554
Train Epoch: 30 [1200/7378 (16%)]	Loss: 0.000400
Train Epoch: 30 [1600/7378 (22%)]	Loss: 0.000132
Train Epoch: 30 [2000/7378 (27%)]	Loss: 0.003278
Train Epoch: 30 [2400/7378 (32%)]	Loss: 0.000206
Train Epoch: 30 [2800/7378 (38%)]	Loss: 0.000073
Train Epoch: 30 [3200/7378 (43%)]	Loss: 0.000088
Train Epoch: 30 [3600/7378 (49%)]	Loss: 0.000252
Train Epoch: 30 [4000/7378 (54%)]	Loss: 0.005767
Train Epoch: 30 [4400/7378 (59%)]	Loss: 0.000231
Train Epoch: 30 [4800/7378 (65%)]	Loss: 0.000027
Train Epoch: 30 [5200/7378 (70%)]	Loss: 0.000069
Train Epoch: 30 [5600/7378 (76%)]	Loss: 0.000493
Train Epoch: 30 [6000/7378 (81%)]	Loss: 0.002541
Train Epoch: 30 [6400/7378 (86%)]	Loss: 0.000156
Train Epoch: 30 [6800/7378 (92%)]	Loss: 0.000049
Train Epoch: 30 [7200/7378 (97%)]	Loss: 0.000429
Test set: Average loss: 1.1184, Accuracy: 1471/1844 (79%)
Train Epoch: 31 [0/7378 (0%)]	Loss: 0.000278
Train Epoch: 31 [400/7378 (5%)]	Loss: 0.000080
Train Epoch: 31 [800/7378 (11%)]	Loss: 0.000086
Train Epoch: 31 [1200/7378 (16%)]	Loss: 0.000046
Train Epoch: 31 [1600/7378 (22%)]	Loss: 0.000129
Train Epoch: 31 [2000/7378 (27%)]	Loss: 0.000113
Train Epoch: 31 [2400/7378 (32%)]	Loss: 0.000099
Train Epoch: 31 [2800/7378 (38%)]	Loss: 0.000574
Train Epoch: 31 [3200/7378 (43%)]	Loss: 0.000105
Train Epoch: 31 [3600/7378 (49%)]	Loss: 0.001124
Train Epoch: 31 [4000/7378 (54%)]	Loss: 0.000047
Train Epoch: 31 [4400/7378 (59%)]	Loss: 0.000082
Train Epoch: 31 [4800/7378 (65%)]	Loss: 0.000046
Train Epoch: 31 [5200/7378 (70%)]	Loss: 0.000055
Train Epoch: 31 [5600/7378 (76%)]	Loss: 0.000134
Train Epoch: 31 [6000/7378 (81%)]	Loss: 0.000076
Train Epoch: 31 [6400/7378 (86%)]	Loss: 0.000166
Train Epoch: 31 [6800/7378 (92%)]	Loss: 0.000055
Train Epoch: 31 [7200/7378 (97%)]	Loss: 0.000046
Test set: Average loss: 1.1143, Accuracy: 1478/1844 (80%)
Train Epoch: 32 [0/7378 (0%)]	Loss: 0.000054
Train Epoch: 32 [400/7378 (5%)]	Loss: 0.000047
Train Epoch: 32 [800/7378 (11%)]	Loss: 0.000123
Train Epoch: 32 [1200/7378 (16%)]	Loss: 0.000480
Train Epoch: 32 [1600/7378 (22%)]	Loss: 0.000171
Train Epoch: 32 [2000/7378 (27%)]	Loss: 0.000069
Train Epoch: 32 [2400/7378 (32%)]	Loss: 0.000082
Train Epoch: 32 [2800/7378 (38%)]	Loss: 0.000106
Train Epoch: 32 [3200/7378 (43%)]	Loss: 0.000100
Train Epoch: 32 [3600/7378 (49%)]	Loss: 0.000049
Train Epoch: 32 [4000/7378 (54%)]	Loss: 0.000060
Train Epoch: 32 [4400/7378 (59%)]	Loss: 0.000088
Train Epoch: 32 [4800/7378 (65%)]	Loss: 0.000294
Train Epoch: 32 [5200/7378 (70%)]	Loss: 0.000108
Train Epoch: 32 [5600/7378 (76%)]	Loss: 0.000445
Train Epoch: 32 [6000/7378 (81%)]	Loss: 0.000280
Train Epoch: 32 [6400/7378 (86%)]	Loss: 0.000129
Train Epoch: 32 [6800/7378 (92%)]	Loss: 0.000669
Train Epoch: 32 [7200/7378 (97%)]	Loss: 0.000207
Test set: Average loss: 1.1218, Accuracy: 1462/1844 (79%)
Train Epoch: 33 [0/7378 (0%)]	Loss: 0.000554
Train Epoch: 33 [400/7378 (5%)]	Loss: 0.000057
Train Epoch: 33 [800/7378 (11%)]	Loss: 0.000017
Train Epoch: 33 [1200/7378 (16%)]	Loss: 0.002454
Train Epoch: 33 [1600/7378 (22%)]	Loss: 0.000197
Train Epoch: 33 [2000/7378 (27%)]	Loss: 0.000282
Train Epoch: 33 [2400/7378 (32%)]	Loss: 0.000340
Train Epoch: 33 [2800/7378 (38%)]	Loss: 0.000050
Train Epoch: 33 [3200/7378 (43%)]	Loss: 0.000055
Train Epoch: 33 [3600/7378 (49%)]	Loss: 0.000072
Train Epoch: 33 [4000/7378 (54%)]	Loss: 0.000080
Train Epoch: 33 [4400/7378 (59%)]	Loss: 0.000033
Train Epoch: 33 [4800/7378 (65%)]	Loss: 0.000033
Train Epoch: 33 [5200/7378 (70%)]	Loss: 0.000075
Train Epoch: 33 [5600/7378 (76%)]	Loss: 0.000072
Train Epoch: 33 [6000/7378 (81%)]	Loss: 0.000439
Train Epoch: 33 [6400/7378 (86%)]	Loss: 0.000284
Train Epoch: 33 [6800/7378 (92%)]	Loss: 0.000196
Train Epoch: 33 [7200/7378 (97%)]	Loss: 0.000015
Test set: Average loss: 1.1069, Accuracy: 1468/1844 (79%)
Train Epoch: 34 [0/7378 (0%)]	Loss: 0.000050
Train Epoch: 34 [400/7378 (5%)]	Loss: 0.000078
Train Epoch: 34 [800/7378 (11%)]	Loss: 0.000106
Train Epoch: 34 [1200/7378 (16%)]	Loss: 0.000159
Train Epoch: 34 [1600/7378 (22%)]	Loss: 0.000052
Train Epoch: 34 [2000/7378 (27%)]	Loss: 0.000055
Train Epoch: 34 [2400/7378 (32%)]	Loss: 0.000737
Train Epoch: 34 [2800/7378 (38%)]	Loss: 0.000116
Train Epoch: 34 [3200/7378 (43%)]	Loss: 0.000052
Train Epoch: 34 [3600/7378 (49%)]	Loss: 0.000246
Train Epoch: 34 [4000/7378 (54%)]	Loss: 0.000417
Train Epoch: 34 [4400/7378 (59%)]	Loss: 0.000070
Train Epoch: 34 [4800/7378 (65%)]	Loss: 0.000072
Train Epoch: 34 [5200/7378 (70%)]	Loss: 0.000085
Train Epoch: 34 [5600/7378 (76%)]	Loss: 0.000203
Train Epoch: 34 [6000/7378 (81%)]	Loss: 0.000098
Train Epoch: 34 [6400/7378 (86%)]	Loss: 0.000044
Train Epoch: 34 [6800/7378 (92%)]	Loss: 0.000041
Train Epoch: 34 [7200/7378 (97%)]	Loss: 0.000014
Test set: Average loss: 1.1128, Accuracy: 1464/1844 (79%)
Train Epoch: 35 [0/7378 (0%)]	Loss: 0.000316
Train Epoch: 35 [400/7378 (5%)]	Loss: 0.000680
Train Epoch: 35 [800/7378 (11%)]	Loss: 0.000248
Train Epoch: 35 [1200/7378 (16%)]	Loss: 0.000065
Train Epoch: 35 [1600/7378 (22%)]	Loss: 0.000104
Train Epoch: 35 [2000/7378 (27%)]	Loss: 0.000051
Train Epoch: 35 [2400/7378 (32%)]	Loss: 0.000130
Train Epoch: 35 [2800/7378 (38%)]	Loss: 0.000047
Train Epoch: 35 [3200/7378 (43%)]	Loss: 0.000059
Train Epoch: 35 [3600/7378 (49%)]	Loss: 0.000029
Train Epoch: 35 [4000/7378 (54%)]	Loss: 0.000607
Train Epoch: 35 [4400/7378 (59%)]	Loss: 0.000079
Train Epoch: 35 [4800/7378 (65%)]	Loss: 0.000036
Train Epoch: 35 [5200/7378 (70%)]	Loss: 0.000065
Train Epoch: 35 [5600/7378 (76%)]	Loss: 0.000035
Train Epoch: 35 [6000/7378 (81%)]	Loss: 0.000055
Train Epoch: 35 [6400/7378 (86%)]	Loss: 0.000110
Train Epoch: 35 [6800/7378 (92%)]	Loss: 0.000033
Train Epoch: 35 [7200/7378 (97%)]	Loss: 0.000593
Test set: Average loss: 1.1184, Accuracy: 1465/1844 (79%)
Train Epoch: 36 [0/7378 (0%)]	Loss: 0.000052
Train Epoch: 36 [400/7378 (5%)]	Loss: 0.000035
Train Epoch: 36 [800/7378 (11%)]	Loss: 0.000170
Train Epoch: 36 [1200/7378 (16%)]	Loss: 0.000216
Train Epoch: 36 [1600/7378 (22%)]	Loss: 0.000045
Train Epoch: 36 [2000/7378 (27%)]	Loss: 0.000041
Train Epoch: 36 [2400/7378 (32%)]	Loss: 0.000018
Train Epoch: 36 [2800/7378 (38%)]	Loss: 0.000121
Train Epoch: 36 [3200/7378 (43%)]	Loss: 0.002241
Train Epoch: 36 [3600/7378 (49%)]	Loss: 0.000062
Train Epoch: 36 [4000/7378 (54%)]	Loss: 0.000087
Train Epoch: 36 [4400/7378 (59%)]	Loss: 0.000020
Train Epoch: 36 [4800/7378 (65%)]	Loss: 0.000056
Train Epoch: 36 [5200/7378 (70%)]	Loss: 0.032124
Train Epoch: 36 [5600/7378 (76%)]	Loss: 0.000020
Train Epoch: 36 [6000/7378 (81%)]	Loss: 0.000151
Train Epoch: 36 [6400/7378 (86%)]	Loss: 0.000033
Train Epoch: 36 [6800/7378 (92%)]	Loss: 0.000125
Train Epoch: 36 [7200/7378 (97%)]	Loss: 0.000043
Test set: Average loss: 1.1175, Accuracy: 1465/1844 (79%)
Train Epoch: 37 [0/7378 (0%)]	Loss: 0.000016
Train Epoch: 37 [400/7378 (5%)]	Loss: 0.000025
Train Epoch: 37 [800/7378 (11%)]	Loss: 0.000205
Train Epoch: 37 [1200/7378 (16%)]	Loss: 0.000053
Train Epoch: 37 [1600/7378 (22%)]	Loss: 0.000022
Train Epoch: 37 [2000/7378 (27%)]	Loss: 0.000025
Train Epoch: 37 [2400/7378 (32%)]	Loss: 0.000081
Train Epoch: 37 [2800/7378 (38%)]	Loss: 0.000064
Train Epoch: 37 [3200/7378 (43%)]	Loss: 0.000030
Train Epoch: 37 [3600/7378 (49%)]	Loss: 0.000190
Train Epoch: 37 [4000/7378 (54%)]	Loss: 0.000135
Train Epoch: 37 [4400/7378 (59%)]	Loss: 0.000274
Train Epoch: 37 [4800/7378 (65%)]	Loss: 0.000060
Train Epoch: 37 [5200/7378 (70%)]	Loss: 0.000046
Train Epoch: 37 [5600/7378 (76%)]	Loss: 0.000222
Train Epoch: 37 [6000/7378 (81%)]	Loss: 0.000098
Train Epoch: 37 [6400/7378 (86%)]	Loss: 0.000073
Train Epoch: 37 [6800/7378 (92%)]	Loss: 0.000196
Train Epoch: 37 [7200/7378 (97%)]	Loss: 0.000077
Test set: Average loss: 1.1417, Accuracy: 1462/1844 (79%)
Train Epoch: 38 [0/7378 (0%)]	Loss: 0.000142
Train Epoch: 38 [400/7378 (5%)]	Loss: 0.000096
Train Epoch: 38 [800/7378 (11%)]	Loss: 0.000393
Train Epoch: 38 [1200/7378 (16%)]	Loss: 0.000073
Train Epoch: 38 [1600/7378 (22%)]	Loss: 0.000853
Train Epoch: 38 [2000/7378 (27%)]	Loss: 0.000322
Train Epoch: 38 [2400/7378 (32%)]	Loss: 0.000228
Train Epoch: 38 [2800/7378 (38%)]	Loss: 0.000172
Train Epoch: 38 [3200/7378 (43%)]	Loss: 0.000084
Train Epoch: 38 [3600/7378 (49%)]	Loss: 0.000109
Train Epoch: 38 [4000/7378 (54%)]	Loss: 0.000118
Train Epoch: 38 [4400/7378 (59%)]	Loss: 0.000179
Train Epoch: 38 [4800/7378 (65%)]	Loss: 0.000035
Train Epoch: 38 [5200/7378 (70%)]	Loss: 0.000573
Train Epoch: 38 [5600/7378 (76%)]	Loss: 0.000154
Train Epoch: 38 [6000/7378 (81%)]	Loss: 0.000055
Train Epoch: 38 [6400/7378 (86%)]	Loss: 0.000067
Train Epoch: 38 [6800/7378 (92%)]	Loss: 0.000056
Train Epoch: 38 [7200/7378 (97%)]	Loss: 0.000136
Test set: Average loss: 1.1615, Accuracy: 1462/1844 (79%)
Train Epoch: 39 [0/7378 (0%)]	Loss: 0.000024
Train Epoch: 39 [400/7378 (5%)]	Loss: 0.000112
Train Epoch: 39 [800/7378 (11%)]	Loss: 0.000047
Train Epoch: 39 [1200/7378 (16%)]	Loss: 0.007471
Train Epoch: 39 [1600/7378 (22%)]	Loss: 0.000028
Train Epoch: 39 [2000/7378 (27%)]	Loss: 0.006086
Train Epoch: 39 [2400/7378 (32%)]	Loss: 0.000623
Train Epoch: 39 [2800/7378 (38%)]	Loss: 0.000188
Train Epoch: 39 [3200/7378 (43%)]	Loss: 0.000691
Train Epoch: 39 [3600/7378 (49%)]	Loss: 0.000708
Train Epoch: 39 [4000/7378 (54%)]	Loss: 0.000068
Train Epoch: 39 [4400/7378 (59%)]	Loss: 0.000026
Train Epoch: 39 [4800/7378 (65%)]	Loss: 0.000126
Train Epoch: 39 [5200/7378 (70%)]	Loss: 0.000057
Train Epoch: 39 [5600/7378 (76%)]	Loss: 0.000382
Train Epoch: 39 [6000/7378 (81%)]	Loss: 0.000142
Train Epoch: 39 [6400/7378 (86%)]	Loss: 0.000067
Train Epoch: 39 [6800/7378 (92%)]	Loss: 0.000057
Train Epoch: 39 [7200/7378 (97%)]	Loss: 0.000206
Test set: Average loss: 1.1999, Accuracy: 1464/1844 (79%)
Train Epoch: 40 [0/7378 (0%)]	Loss: 0.000704
Train Epoch: 40 [400/7378 (5%)]	Loss: 0.002872
Train Epoch: 40 [800/7378 (11%)]	Loss: 0.000118
Train Epoch: 40 [1200/7378 (16%)]	Loss: 0.000277
Train Epoch: 40 [1600/7378 (22%)]	Loss: 0.000232
Train Epoch: 40 [2000/7378 (27%)]	Loss: 0.001394
Train Epoch: 40 [2400/7378 (32%)]	Loss: 0.000020
Train Epoch: 40 [2800/7378 (38%)]	Loss: 0.000141
Train Epoch: 40 [3200/7378 (43%)]	Loss: 0.000056
Train Epoch: 40 [3600/7378 (49%)]	Loss: 0.000454
Train Epoch: 40 [4000/7378 (54%)]	Loss: 0.000844
Train Epoch: 40 [4400/7378 (59%)]	Loss: 0.000271
Train Epoch: 40 [4800/7378 (65%)]	Loss: 0.000027
Train Epoch: 40 [5200/7378 (70%)]	Loss: 0.000057
Train Epoch: 40 [5600/7378 (76%)]	Loss: 0.000082
Train Epoch: 40 [6000/7378 (81%)]	Loss: 0.000191
Train Epoch: 40 [6400/7378 (86%)]	Loss: 0.000036
Train Epoch: 40 [6800/7378 (92%)]	Loss: 0.000183
Train Epoch: 40 [7200/7378 (97%)]	Loss: 0.000017
Test set: Average loss: 1.1953, Accuracy: 1464/1844 (79%)
Train Epoch: 41 [0/7378 (0%)]	Loss: 0.000172
Train Epoch: 41 [400/7378 (5%)]	Loss: 0.000053
Train Epoch: 41 [800/7378 (11%)]	Loss: 0.000067
Train Epoch: 41 [1200/7378 (16%)]	Loss: 0.000384
Train Epoch: 41 [1600/7378 (22%)]	Loss: 0.000170
Train Epoch: 41 [2000/7378 (27%)]	Loss: 0.000125
Train Epoch: 41 [2400/7378 (32%)]	Loss: 0.000014
Train Epoch: 41 [2800/7378 (38%)]	Loss: 0.000054
Train Epoch: 41 [3200/7378 (43%)]	Loss: 0.000082
Train Epoch: 41 [3600/7378 (49%)]	Loss: 0.000055
Train Epoch: 41 [4000/7378 (54%)]	Loss: 0.000174
Train Epoch: 41 [4400/7378 (59%)]	Loss: 0.000197
Train Epoch: 41 [4800/7378 (65%)]	Loss: 0.000029
Train Epoch: 41 [5200/7378 (70%)]	Loss: 0.000283
Train Epoch: 41 [5600/7378 (76%)]	Loss: 0.000248
Train Epoch: 41 [6000/7378 (81%)]	Loss: 0.000065
Train Epoch: 41 [6400/7378 (86%)]	Loss: 0.000100
Train Epoch: 41 [6800/7378 (92%)]	Loss: 0.000261
Train Epoch: 41 [7200/7378 (97%)]	Loss: 0.000046
Test set: Average loss: 3.2087, Accuracy: 1022/1844 (55%)
Train Epoch: 42 [0/7378 (0%)]	Loss: 0.000076
Train Epoch: 42 [400/7378 (5%)]	Loss: 0.000051
Train Epoch: 42 [800/7378 (11%)]	Loss: 0.000150
Train Epoch: 42 [1200/7378 (16%)]	Loss: 0.000083
Train Epoch: 42 [1600/7378 (22%)]	Loss: 0.017440
Train Epoch: 42 [2000/7378 (27%)]	Loss: 0.003976
Train Epoch: 42 [2400/7378 (32%)]	Loss: 0.000201
Train Epoch: 42 [2800/7378 (38%)]	Loss: 0.009481
Train Epoch: 42 [3200/7378 (43%)]	Loss: 0.000644
Train Epoch: 42 [3600/7378 (49%)]	Loss: 0.000459
Train Epoch: 42 [4000/7378 (54%)]	Loss: 0.000713
Train Epoch: 42 [4400/7378 (59%)]	Loss: 0.000041
Train Epoch: 42 [4800/7378 (65%)]	Loss: 0.000090
Train Epoch: 42 [5200/7378 (70%)]	Loss: 0.007564
Train Epoch: 42 [5600/7378 (76%)]	Loss: 0.000976
Train Epoch: 42 [6000/7378 (81%)]	Loss: 0.053540
Train Epoch: 42 [6400/7378 (86%)]	Loss: 0.000856
Train Epoch: 42 [6800/7378 (92%)]	Loss: 0.012520
Train Epoch: 42 [7200/7378 (97%)]	Loss: 0.000877
Test set: Average loss: 1.5567, Accuracy: 1349/1844 (73%)
Train Epoch: 43 [0/7378 (0%)]	Loss: 0.000847
Train Epoch: 43 [400/7378 (5%)]	Loss: 0.000203
Train Epoch: 43 [800/7378 (11%)]	Loss: 0.000321
Train Epoch: 43 [1200/7378 (16%)]	Loss: 0.000435
Train Epoch: 43 [1600/7378 (22%)]	Loss: 0.000241
Train Epoch: 43 [2000/7378 (27%)]	Loss: 0.001326
Train Epoch: 43 [2400/7378 (32%)]	Loss: 0.006242
Train Epoch: 43 [2800/7378 (38%)]	Loss: 0.001297
Train Epoch: 43 [3200/7378 (43%)]	Loss: 0.000786
Train Epoch: 43 [3600/7378 (49%)]	Loss: 0.000264
Train Epoch: 43 [4000/7378 (54%)]	Loss: 0.000332
Train Epoch: 43 [4400/7378 (59%)]	Loss: 0.000090
Train Epoch: 43 [4800/7378 (65%)]	Loss: 0.000544
Train Epoch: 43 [5200/7378 (70%)]	Loss: 0.000365
Train Epoch: 43 [5600/7378 (76%)]	Loss: 0.004493
Train Epoch: 43 [6000/7378 (81%)]	Loss: 0.000130
Train Epoch: 43 [6400/7378 (86%)]	Loss: 0.000300
Train Epoch: 43 [6800/7378 (92%)]	Loss: 0.000621
Train Epoch: 43 [7200/7378 (97%)]	Loss: 0.000579
Test set: Average loss: 3.8862, Accuracy: 613/1844 (33%)
Train Epoch: 44 [0/7378 (0%)]	Loss: 0.000775
Train Epoch: 44 [400/7378 (5%)]	Loss: 0.000529
Train Epoch: 44 [800/7378 (11%)]	Loss: 0.002559
Train Epoch: 44 [1200/7378 (16%)]	Loss: 0.000233
Train Epoch: 44 [1600/7378 (22%)]	Loss: 0.007332
Train Epoch: 44 [2000/7378 (27%)]	Loss: 0.031542
Train Epoch: 44 [2400/7378 (32%)]	Loss: 0.000858
Train Epoch: 44 [2800/7378 (38%)]	Loss: 0.006169
Train Epoch: 44 [3200/7378 (43%)]	Loss: 0.001604
Train Epoch: 44 [3600/7378 (49%)]	Loss: 0.000460
Train Epoch: 44 [4000/7378 (54%)]	Loss: 0.003224
Train Epoch: 44 [4400/7378 (59%)]	Loss: 0.000126
Train Epoch: 44 [4800/7378 (65%)]	Loss: 0.000965
Train Epoch: 44 [5200/7378 (70%)]	Loss: 0.000143
Train Epoch: 44 [5600/7378 (76%)]	Loss: 0.000078
Train Epoch: 44 [6000/7378 (81%)]	Loss: 0.000123
Train Epoch: 44 [6400/7378 (86%)]	Loss: 0.001422
Train Epoch: 44 [6800/7378 (92%)]	Loss: 0.000206
Train Epoch: 44 [7200/7378 (97%)]	Loss: 0.007273
Test set: Average loss: 4.4901, Accuracy: 835/1844 (45%)
Train Epoch: 45 [0/7378 (0%)]	Loss: 0.014121
Train Epoch: 45 [400/7378 (5%)]	Loss: 0.002130
Train Epoch: 45 [800/7378 (11%)]	Loss: 0.013398
Train Epoch: 45 [1200/7378 (16%)]	Loss: 0.020606
Train Epoch: 45 [1600/7378 (22%)]	Loss: 0.000237
Train Epoch: 45 [2000/7378 (27%)]	Loss: 0.000415
Train Epoch: 45 [2400/7378 (32%)]	Loss: 0.016891
Train Epoch: 45 [2800/7378 (38%)]	Loss: 0.000278
Train Epoch: 45 [3200/7378 (43%)]	Loss: 0.002389
Train Epoch: 45 [3600/7378 (49%)]	Loss: 0.000312
Train Epoch: 45 [4000/7378 (54%)]	Loss: 0.000055
Train Epoch: 45 [4400/7378 (59%)]	Loss: 0.000232
Train Epoch: 45 [4800/7378 (65%)]	Loss: 0.000178
Train Epoch: 45 [5200/7378 (70%)]	Loss: 0.000223
Train Epoch: 45 [5600/7378 (76%)]	Loss: 0.004326
Train Epoch: 45 [6000/7378 (81%)]	Loss: 0.000255
Train Epoch: 45 [6400/7378 (86%)]	Loss: 0.001508
Train Epoch: 45 [6800/7378 (92%)]	Loss: 0.000311
Train Epoch: 45 [7200/7378 (97%)]	Loss: 0.000129
Test set: Average loss: 1.2267, Accuracy: 1436/1844 (77%)
Train Epoch: 46 [0/7378 (0%)]	Loss: 0.000096
Train Epoch: 46 [400/7378 (5%)]	Loss: 0.000178
Train Epoch: 46 [800/7378 (11%)]	Loss: 0.000272
Train Epoch: 46 [1200/7378 (16%)]	Loss: 0.001065
Train Epoch: 46 [1600/7378 (22%)]	Loss: 0.000517
Train Epoch: 46 [2000/7378 (27%)]	Loss: 0.000809
Train Epoch: 46 [2400/7378 (32%)]	Loss: 0.000565
Train Epoch: 46 [2800/7378 (38%)]	Loss: 0.000642
Train Epoch: 46 [3200/7378 (43%)]	Loss: 0.001644
Train Epoch: 46 [3600/7378 (49%)]	Loss: 0.000098
Train Epoch: 46 [4000/7378 (54%)]	Loss: 0.000245
Train Epoch: 46 [4400/7378 (59%)]	Loss: 0.000022
Train Epoch: 46 [4800/7378 (65%)]	Loss: 0.000257
Train Epoch: 46 [5200/7378 (70%)]	Loss: 0.000078
Train Epoch: 46 [5600/7378 (76%)]	Loss: 0.000230
Train Epoch: 46 [6000/7378 (81%)]	Loss: 0.000046
Train Epoch: 46 [6400/7378 (86%)]	Loss: 0.000047
Train Epoch: 46 [6800/7378 (92%)]	Loss: 0.000376
Train Epoch: 46 [7200/7378 (97%)]	Loss: 0.009076
Test set: Average loss: 1.8431, Accuracy: 1236/1844 (67%)
Train Epoch: 47 [0/7378 (0%)]	Loss: 0.000107
Train Epoch: 47 [400/7378 (5%)]	Loss: 0.000074
Train Epoch: 47 [800/7378 (11%)]	Loss: 0.000084
Train Epoch: 47 [1200/7378 (16%)]	Loss: 0.000046
Train Epoch: 47 [1600/7378 (22%)]	Loss: 0.000338
Train Epoch: 47 [2000/7378 (27%)]	Loss: 0.000251
Train Epoch: 47 [2400/7378 (32%)]	Loss: 0.000195
Train Epoch: 47 [2800/7378 (38%)]	Loss: 0.000135
Train Epoch: 47 [3200/7378 (43%)]	Loss: 0.000103
Train Epoch: 47 [3600/7378 (49%)]	Loss: 0.000137
Train Epoch: 47 [4000/7378 (54%)]	Loss: 0.000061
Train Epoch: 47 [4400/7378 (59%)]	Loss: 0.000452
Train Epoch: 47 [4800/7378 (65%)]	Loss: 0.000036
Train Epoch: 47 [5200/7378 (70%)]	Loss: 0.000091
Train Epoch: 47 [5600/7378 (76%)]	Loss: 0.000662
Train Epoch: 47 [6000/7378 (81%)]	Loss: 0.000399
Train Epoch: 47 [6400/7378 (86%)]	Loss: 0.000212
Train Epoch: 47 [6800/7378 (92%)]	Loss: 0.000201
Train Epoch: 47 [7200/7378 (97%)]	Loss: 0.000379
Test set: Average loss: 1.1531, Accuracy: 1461/1844 (79%)
Train Epoch: 48 [0/7378 (0%)]	Loss: 0.000309
Train Epoch: 48 [400/7378 (5%)]	Loss: 0.000132
Train Epoch: 48 [800/7378 (11%)]	Loss: 0.000066
Train Epoch: 48 [1200/7378 (16%)]	Loss: 0.000120
Train Epoch: 48 [1600/7378 (22%)]	Loss: 0.000185
Train Epoch: 48 [2000/7378 (27%)]	Loss: 0.000386
Train Epoch: 48 [2400/7378 (32%)]	Loss: 0.000113
Train Epoch: 48 [2800/7378 (38%)]	Loss: 0.002451
Train Epoch: 48 [3200/7378 (43%)]	Loss: 0.000159
Train Epoch: 48 [3600/7378 (49%)]	Loss: 0.003545
Train Epoch: 48 [4000/7378 (54%)]	Loss: 0.000398
Train Epoch: 48 [4400/7378 (59%)]	Loss: 0.004521
Train Epoch: 48 [4800/7378 (65%)]	Loss: 0.000076
Train Epoch: 48 [5200/7378 (70%)]	Loss: 0.000069
Train Epoch: 48 [5600/7378 (76%)]	Loss: 0.000047
Train Epoch: 48 [6000/7378 (81%)]	Loss: 0.000450
Train Epoch: 48 [6400/7378 (86%)]	Loss: 0.000215
Train Epoch: 48 [6800/7378 (92%)]	Loss: 0.000324
Train Epoch: 48 [7200/7378 (97%)]	Loss: 0.000027
Test set: Average loss: 1.1465, Accuracy: 1471/1844 (79%)
Train Epoch: 49 [0/7378 (0%)]	Loss: 0.000068
Train Epoch: 49 [400/7378 (5%)]	Loss: 0.000125
Train Epoch: 49 [800/7378 (11%)]	Loss: 0.000158
Train Epoch: 49 [1200/7378 (16%)]	Loss: 0.000134
Train Epoch: 49 [1600/7378 (22%)]	Loss: 0.000218
Train Epoch: 49 [2000/7378 (27%)]	Loss: 0.001835
Train Epoch: 49 [2400/7378 (32%)]	Loss: 0.000255
Train Epoch: 49 [2800/7378 (38%)]	Loss: 0.000122
Train Epoch: 49 [3200/7378 (43%)]	Loss: 0.000098
Train Epoch: 49 [3600/7378 (49%)]	Loss: 0.000076
Train Epoch: 49 [4000/7378 (54%)]	Loss: 0.000157
Train Epoch: 49 [4400/7378 (59%)]	Loss: 0.000096
Train Epoch: 49 [4800/7378 (65%)]	Loss: 0.000228
Train Epoch: 49 [5200/7378 (70%)]	Loss: 0.000074
Train Epoch: 49 [5600/7378 (76%)]	Loss: 0.000090
Train Epoch: 49 [6000/7378 (81%)]	Loss: 0.000255
Train Epoch: 49 [6400/7378 (86%)]	Loss: 0.000115
Train Epoch: 49 [6800/7378 (92%)]	Loss: 0.000578
Train Epoch: 49 [7200/7378 (97%)]	Loss: 0.000141
Test set: Average loss: 1.2468, Accuracy: 1445/1844 (78%)
Train Epoch: 50 [0/7378 (0%)]	Loss: 0.000233
Train Epoch: 50 [400/7378 (5%)]	Loss: 0.000040
Train Epoch: 50 [800/7378 (11%)]	Loss: 0.000363
Train Epoch: 50 [1200/7378 (16%)]	Loss: 0.000745
Train Epoch: 50 [1600/7378 (22%)]	Loss: 0.000077
Train Epoch: 50 [2000/7378 (27%)]	Loss: 0.000022
Train Epoch: 50 [2400/7378 (32%)]	Loss: 0.000074
Train Epoch: 50 [2800/7378 (38%)]	Loss: 0.000055
Train Epoch: 50 [3200/7378 (43%)]	Loss: 0.001351
Train Epoch: 50 [3600/7378 (49%)]	Loss: 0.001598
Train Epoch: 50 [4000/7378 (54%)]	Loss: 0.000085
Train Epoch: 50 [4400/7378 (59%)]	Loss: 0.000116
Train Epoch: 50 [4800/7378 (65%)]	Loss: 0.000143
Train Epoch: 50 [5200/7378 (70%)]	Loss: 0.000186
Train Epoch: 50 [5600/7378 (76%)]	Loss: 0.000035
Train Epoch: 50 [6000/7378 (81%)]	Loss: 0.000044
Train Epoch: 50 [6400/7378 (86%)]	Loss: 0.000390
Train Epoch: 50 [6800/7378 (92%)]	Loss: 0.000122
Train Epoch: 50 [7200/7378 (97%)]	Loss: 0.000368
Test set: Average loss: 3.7046, Accuracy: 932/1844 (50%)
Train Epoch: 51 [0/7378 (0%)]	Loss: 0.000063
Train Epoch: 51 [400/7378 (5%)]	Loss: 0.000199
Train Epoch: 51 [800/7378 (11%)]	Loss: 0.000063
Train Epoch: 51 [1200/7378 (16%)]	Loss: 0.000143
Train Epoch: 51 [1600/7378 (22%)]	Loss: 0.000332
Train Epoch: 51 [2000/7378 (27%)]	Loss: 0.000422
Train Epoch: 51 [2400/7378 (32%)]	Loss: 0.000062
Train Epoch: 51 [2800/7378 (38%)]	Loss: 0.000210
Train Epoch: 51 [3200/7378 (43%)]	Loss: 0.000380
Train Epoch: 51 [3600/7378 (49%)]	Loss: 0.000060
Train Epoch: 51 [4000/7378 (54%)]	Loss: 0.000166
Train Epoch: 51 [4400/7378 (59%)]	Loss: 0.000116
Train Epoch: 51 [4800/7378 (65%)]	Loss: 0.000166
Train Epoch: 51 [5200/7378 (70%)]	Loss: 0.000368
Train Epoch: 51 [5600/7378 (76%)]	Loss: 0.000065
Train Epoch: 51 [6000/7378 (81%)]	Loss: 0.000240
Train Epoch: 51 [6400/7378 (86%)]	Loss: 0.000353
Train Epoch: 51 [6800/7378 (92%)]	Loss: 0.000174
Train Epoch: 51 [7200/7378 (97%)]	Loss: 0.000045
Test set: Average loss: 1.1957, Accuracy: 1465/1844 (79%)
Train Epoch: 52 [0/7378 (0%)]	Loss: 0.000822
Train Epoch: 52 [400/7378 (5%)]	Loss: 0.000349
Train Epoch: 52 [800/7378 (11%)]	Loss: 0.000187
Train Epoch: 52 [1200/7378 (16%)]	Loss: 0.000049
Train Epoch: 52 [1600/7378 (22%)]	Loss: 0.000044
Train Epoch: 52 [2000/7378 (27%)]	Loss: 0.000086
Train Epoch: 52 [2400/7378 (32%)]	Loss: 0.000107
Train Epoch: 52 [2800/7378 (38%)]	Loss: 0.000078
Train Epoch: 52 [3200/7378 (43%)]	Loss: 0.000315
Train Epoch: 52 [3600/7378 (49%)]	Loss: 0.000151
Train Epoch: 52 [4000/7378 (54%)]	Loss: 0.000204
Train Epoch: 52 [4400/7378 (59%)]	Loss: 0.000068
Train Epoch: 52 [4800/7378 (65%)]	Loss: 0.000082
Train Epoch: 52 [5200/7378 (70%)]	Loss: 0.000052
Train Epoch: 52 [5600/7378 (76%)]	Loss: 0.000136
Train Epoch: 52 [6000/7378 (81%)]	Loss: 0.000264
Train Epoch: 52 [6400/7378 (86%)]	Loss: 0.002096
Train Epoch: 52 [6800/7378 (92%)]	Loss: 0.000305
Train Epoch: 52 [7200/7378 (97%)]	Loss: 0.003545
Test set: Average loss: 3.2714, Accuracy: 946/1844 (51%)
Train Epoch: 53 [0/7378 (0%)]	Loss: 0.000890
Train Epoch: 53 [400/7378 (5%)]	Loss: 0.000776
Train Epoch: 53 [800/7378 (11%)]	Loss: 0.000089
Train Epoch: 53 [1200/7378 (16%)]	Loss: 0.000288
Train Epoch: 53 [1600/7378 (22%)]	Loss: 0.000080
Train Epoch: 53 [2000/7378 (27%)]	Loss: 0.000902
Train Epoch: 53 [2400/7378 (32%)]	Loss: 0.000142
Train Epoch: 53 [2800/7378 (38%)]	Loss: 0.000149
Train Epoch: 53 [3200/7378 (43%)]	Loss: 0.000050
Train Epoch: 53 [3600/7378 (49%)]	Loss: 0.000481
Train Epoch: 53 [4000/7378 (54%)]	Loss: 0.000258
Train Epoch: 53 [4400/7378 (59%)]	Loss: 0.000287
Train Epoch: 53 [4800/7378 (65%)]	Loss: 0.000327
Train Epoch: 53 [5200/7378 (70%)]	Loss: 0.000174
Train Epoch: 53 [5600/7378 (76%)]	Loss: 0.000682
Train Epoch: 53 [6000/7378 (81%)]	Loss: 0.000397
Train Epoch: 53 [6400/7378 (86%)]	Loss: 0.000261
Train Epoch: 53 [6800/7378 (92%)]	Loss: 0.000216
Train Epoch: 53 [7200/7378 (97%)]	Loss: 0.000045
Test set: Average loss: 1.2484, Accuracy: 1442/1844 (78%)
Train Epoch: 54 [0/7378 (0%)]	Loss: 0.000277
Train Epoch: 54 [400/7378 (5%)]	Loss: 0.000073
Train Epoch: 54 [800/7378 (11%)]	Loss: 0.000512
Train Epoch: 54 [1200/7378 (16%)]	Loss: 0.000104
Train Epoch: 54 [1600/7378 (22%)]	Loss: 0.000187
Train Epoch: 54 [2000/7378 (27%)]	Loss: 0.000605
Train Epoch: 54 [2400/7378 (32%)]	Loss: 0.035215
Train Epoch: 54 [2800/7378 (38%)]	Loss: 0.000085
Train Epoch: 54 [3200/7378 (43%)]	Loss: 0.000406
Train Epoch: 54 [3600/7378 (49%)]	Loss: 0.000069
Train Epoch: 54 [4000/7378 (54%)]	Loss: 0.000189
Train Epoch: 54 [4400/7378 (59%)]	Loss: 0.000170
Train Epoch: 54 [4800/7378 (65%)]	Loss: 0.000043
Train Epoch: 54 [5200/7378 (70%)]	Loss: 0.004572
Train Epoch: 54 [5600/7378 (76%)]	Loss: 0.000904
Train Epoch: 54 [6000/7378 (81%)]	Loss: 0.001083
Train Epoch: 54 [6400/7378 (86%)]	Loss: 0.000659
Train Epoch: 54 [6800/7378 (92%)]	Loss: 0.000439
Train Epoch: 54 [7200/7378 (97%)]	Loss: 0.000282
Test set: Average loss: 1.2623, Accuracy: 1429/1844 (77%)
Train Epoch: 55 [0/7378 (0%)]	Loss: 0.000377
Train Epoch: 55 [400/7378 (5%)]	Loss: 0.000344
Train Epoch: 55 [800/7378 (11%)]	Loss: 0.072880
Train Epoch: 55 [1200/7378 (16%)]	Loss: 0.001619
Train Epoch: 55 [1600/7378 (22%)]	Loss: 0.000593
Train Epoch: 55 [2000/7378 (27%)]	Loss: 0.000097
Train Epoch: 55 [2400/7378 (32%)]	Loss: 0.000037
Train Epoch: 55 [2800/7378 (38%)]	Loss: 0.005523
Train Epoch: 55 [3200/7378 (43%)]	Loss: 0.000021
Train Epoch: 55 [3600/7378 (49%)]	Loss: 0.000116
Train Epoch: 55 [4000/7378 (54%)]	Loss: 0.000484
Train Epoch: 55 [4400/7378 (59%)]	Loss: 0.000547
Train Epoch: 55 [4800/7378 (65%)]	Loss: 0.001762
Train Epoch: 55 [5200/7378 (70%)]	Loss: 0.000048
Train Epoch: 55 [5600/7378 (76%)]	Loss: 0.000204
Train Epoch: 55 [6000/7378 (81%)]	Loss: 0.000032
Train Epoch: 55 [6400/7378 (86%)]	Loss: 0.000057
Train Epoch: 55 [6800/7378 (92%)]	Loss: 0.000935
Train Epoch: 55 [7200/7378 (97%)]	Loss: 0.000088
Test set: Average loss: 1.1808, Accuracy: 1449/1844 (78%)
Train Epoch: 56 [0/7378 (0%)]	Loss: 0.000087
Train Epoch: 56 [400/7378 (5%)]	Loss: 0.014960
Train Epoch: 56 [800/7378 (11%)]	Loss: 0.000098
Train Epoch: 56 [1200/7378 (16%)]	Loss: 0.000039
Train Epoch: 56 [1600/7378 (22%)]	Loss: 0.000221
Train Epoch: 56 [2000/7378 (27%)]	Loss: 0.000207
Train Epoch: 56 [2400/7378 (32%)]	Loss: 0.000602
Train Epoch: 56 [2800/7378 (38%)]	Loss: 0.005398
Train Epoch: 56 [3200/7378 (43%)]	Loss: 0.000203
Train Epoch: 56 [3600/7378 (49%)]	Loss: 0.000110
Train Epoch: 56 [4000/7378 (54%)]	Loss: 0.000470
Train Epoch: 56 [4400/7378 (59%)]	Loss: 0.001027
Train Epoch: 56 [4800/7378 (65%)]	Loss: 0.000233
Train Epoch: 56 [5200/7378 (70%)]	Loss: 0.000159
Train Epoch: 56 [5600/7378 (76%)]	Loss: 0.000494
Train Epoch: 56 [6000/7378 (81%)]	Loss: 0.000086
Train Epoch: 56 [6400/7378 (86%)]	Loss: 0.000327
Train Epoch: 56 [6800/7378 (92%)]	Loss: 0.000238
Train Epoch: 56 [7200/7378 (97%)]	Loss: 0.000866
Test set: Average loss: 1.3104, Accuracy: 1438/1844 (77%)
Train Epoch: 57 [0/7378 (0%)]	Loss: 0.000218
Train Epoch: 57 [400/7378 (5%)]	Loss: 0.000111
Train Epoch: 57 [800/7378 (11%)]	Loss: 0.000639
Train Epoch: 57 [1200/7378 (16%)]	Loss: 0.006713
Train Epoch: 57 [1600/7378 (22%)]	Loss: 0.000877
Train Epoch: 57 [2000/7378 (27%)]	Loss: 0.002633
Train Epoch: 57 [2400/7378 (32%)]	Loss: 0.000292
Train Epoch: 57 [2800/7378 (38%)]	Loss: 0.002987
Train Epoch: 57 [3200/7378 (43%)]	Loss: 0.013391
Train Epoch: 57 [3600/7378 (49%)]	Loss: 0.003069
Train Epoch: 57 [4000/7378 (54%)]	Loss: 0.005233
Train Epoch: 57 [4400/7378 (59%)]	Loss: 0.020457
Train Epoch: 57 [4800/7378 (65%)]	Loss: 0.000342
Train Epoch: 57 [5200/7378 (70%)]	Loss: 0.002470
Train Epoch: 57 [5600/7378 (76%)]	Loss: 0.000760
Train Epoch: 57 [6000/7378 (81%)]	Loss: 0.000646
Train Epoch: 57 [6400/7378 (86%)]	Loss: 0.004882
Train Epoch: 57 [6800/7378 (92%)]	Loss: 0.000262
Train Epoch: 57 [7200/7378 (97%)]	Loss: 0.009711
Test set: Average loss: 11.5940, Accuracy: 405/1844 (21%)
Train Epoch: 58 [0/7378 (0%)]	Loss: 0.007231
Train Epoch: 58 [400/7378 (5%)]	Loss: 0.006150
Train Epoch: 58 [800/7378 (11%)]	Loss: 0.048595
Train Epoch: 58 [1200/7378 (16%)]	Loss: 0.104345
Train Epoch: 58 [1600/7378 (22%)]	Loss: 0.004604
Train Epoch: 58 [2000/7378 (27%)]	Loss: 0.011672
Train Epoch: 58 [2400/7378 (32%)]	Loss: 0.155883
Train Epoch: 58 [2800/7378 (38%)]	Loss: 0.067141
Train Epoch: 58 [3200/7378 (43%)]	Loss: 0.016803
Train Epoch: 58 [3600/7378 (49%)]	Loss: 0.010936
Train Epoch: 58 [4000/7378 (54%)]	Loss: 0.045197
Train Epoch: 58 [4400/7378 (59%)]	Loss: 0.297612
Train Epoch: 58 [4800/7378 (65%)]	Loss: 0.100630
Train Epoch: 58 [5200/7378 (70%)]	Loss: 0.030714
Train Epoch: 58 [5600/7378 (76%)]	Loss: 0.024426
Train Epoch: 58 [6000/7378 (81%)]	Loss: 0.100746
Train Epoch: 58 [6400/7378 (86%)]	Loss: 0.098861
Train Epoch: 58 [6800/7378 (92%)]	Loss: 0.035033
Train Epoch: 58 [7200/7378 (97%)]	Loss: 0.206074
Test set: Average loss: 3.9690, Accuracy: 593/1844 (32%)
Train Epoch: 59 [0/7378 (0%)]	Loss: 0.029334
Train Epoch: 59 [400/7378 (5%)]	Loss: 0.008265
Train Epoch: 59 [800/7378 (11%)]	Loss: 0.123276
Train Epoch: 59 [1200/7378 (16%)]	Loss: 0.114655
Train Epoch: 59 [1600/7378 (22%)]	Loss: 0.050098
Train Epoch: 59 [2000/7378 (27%)]	Loss: 0.034300
Train Epoch: 59 [2400/7378 (32%)]	Loss: 0.005700
Train Epoch: 59 [2800/7378 (38%)]	Loss: 0.078387
Train Epoch: 59 [3200/7378 (43%)]	Loss: 0.005443
Train Epoch: 59 [3600/7378 (49%)]	Loss: 0.076654
Train Epoch: 59 [4000/7378 (54%)]	Loss: 0.023956
Train Epoch: 59 [4400/7378 (59%)]	Loss: 0.012815
Train Epoch: 59 [4800/7378 (65%)]	Loss: 0.057109
Train Epoch: 59 [5200/7378 (70%)]	Loss: 0.004572
Train Epoch: 59 [5600/7378 (76%)]	Loss: 0.009575
Train Epoch: 59 [6000/7378 (81%)]	Loss: 0.051433
Train Epoch: 59 [6400/7378 (86%)]	Loss: 0.009887
Train Epoch: 59 [6800/7378 (92%)]	Loss: 0.042761
Train Epoch: 59 [7200/7378 (97%)]	Loss: 0.036678
Test set: Average loss: 3.3987, Accuracy: 613/1844 (33%)
Train Epoch: 60 [0/7378 (0%)]	Loss: 0.030112
Train Epoch: 60 [400/7378 (5%)]	Loss: 0.009626
Train Epoch: 60 [800/7378 (11%)]	Loss: 0.013595
Train Epoch: 60 [1200/7378 (16%)]	Loss: 0.004945
Train Epoch: 60 [1600/7378 (22%)]	Loss: 0.001170
Train Epoch: 60 [2000/7378 (27%)]	Loss: 0.011287
Train Epoch: 60 [2400/7378 (32%)]	Loss: 0.002406
Train Epoch: 60 [2800/7378 (38%)]	Loss: 0.008853
Train Epoch: 60 [3200/7378 (43%)]	Loss: 0.110572
Train Epoch: 60 [3600/7378 (49%)]	Loss: 0.003835
Train Epoch: 60 [4000/7378 (54%)]	Loss: 0.011007
Train Epoch: 60 [4400/7378 (59%)]	Loss: 0.078029
Train Epoch: 60 [4800/7378 (65%)]	Loss: 0.054327
Train Epoch: 60 [5200/7378 (70%)]	Loss: 0.000828
Train Epoch: 60 [5600/7378 (76%)]	Loss: 0.003124
Train Epoch: 60 [6000/7378 (81%)]	Loss: 0.004890
Train Epoch: 60 [6400/7378 (86%)]	Loss: 0.028603
Train Epoch: 60 [6800/7378 (92%)]	Loss: 0.057203
Train Epoch: 60 [7200/7378 (97%)]	Loss: 0.024299
Test set: Average loss: 5.2952, Accuracy: 405/1844 (21%)
