getting datasets
finished
trainning sleeve_length_labels:
Train Epoch: 1 [0/10639 (0%)]	Loss: 2.512204
Train Epoch: 1 [400/10639 (4%)]	Loss: 2.109692
Train Epoch: 1 [800/10639 (8%)]	Loss: 2.107057
Train Epoch: 1 [1200/10639 (11%)]	Loss: 1.911406
Train Epoch: 1 [1600/10639 (15%)]	Loss: 1.880090
Train Epoch: 1 [2000/10639 (19%)]	Loss: 1.905096
Train Epoch: 1 [2400/10639 (23%)]	Loss: 1.905713
Train Epoch: 1 [2800/10639 (26%)]	Loss: 1.758169
Train Epoch: 1 [3200/10639 (30%)]	Loss: 1.881390
Train Epoch: 1 [3600/10639 (34%)]	Loss: 1.787228
Train Epoch: 1 [4000/10639 (38%)]	Loss: 1.521429
Train Epoch: 1 [4400/10639 (41%)]	Loss: 1.325542
Train Epoch: 1 [4800/10639 (45%)]	Loss: 1.656701
Train Epoch: 1 [5200/10639 (49%)]	Loss: 1.582341
Train Epoch: 1 [5600/10639 (53%)]	Loss: 1.457047
Train Epoch: 1 [6000/10639 (56%)]	Loss: 1.443287
Train Epoch: 1 [6400/10639 (60%)]	Loss: 1.487531
Train Epoch: 1 [6800/10639 (64%)]	Loss: 1.270858
Train Epoch: 1 [7200/10639 (68%)]	Loss: 1.532098
Train Epoch: 1 [7600/10639 (71%)]	Loss: 1.324870
Train Epoch: 1 [8000/10639 (75%)]	Loss: 1.113487
Train Epoch: 1 [8400/10639 (79%)]	Loss: 1.253795
Train Epoch: 1 [8800/10639 (83%)]	Loss: 1.433919
Train Epoch: 1 [9200/10639 (86%)]	Loss: 1.143972
Train Epoch: 1 [9600/10639 (90%)]	Loss: 1.206193
Train Epoch: 1 [10000/10639 (94%)]	Loss: 0.714087
Train Epoch: 1 [10400/10639 (98%)]	Loss: 1.176999
Test set: Average loss: 2.8749, Accuracy: 371/2659 (13%)
Train Epoch: 2 [0/10639 (0%)]	Loss: 0.787766
Train Epoch: 2 [400/10639 (4%)]	Loss: 0.708290
Train Epoch: 2 [800/10639 (8%)]	Loss: 1.002557
Train Epoch: 2 [1200/10639 (11%)]	Loss: 0.789971
Train Epoch: 2 [1600/10639 (15%)]	Loss: 0.823328
Train Epoch: 2 [2000/10639 (19%)]	Loss: 0.994480
Train Epoch: 2 [2400/10639 (23%)]	Loss: 0.987273
Train Epoch: 2 [2800/10639 (26%)]	Loss: 0.820965
Train Epoch: 2 [3200/10639 (30%)]	Loss: 0.765209
Train Epoch: 2 [3600/10639 (34%)]	Loss: 0.996556
Train Epoch: 2 [4000/10639 (38%)]	Loss: 0.865390
Train Epoch: 2 [4400/10639 (41%)]	Loss: 0.679975
Train Epoch: 2 [4800/10639 (45%)]	Loss: 0.732470
Train Epoch: 2 [5200/10639 (49%)]	Loss: 0.666276
Train Epoch: 2 [5600/10639 (53%)]	Loss: 0.387807
Train Epoch: 2 [6000/10639 (56%)]	Loss: 0.676612
Train Epoch: 2 [6400/10639 (60%)]	Loss: 1.006648
Train Epoch: 2 [6800/10639 (64%)]	Loss: 0.742274
Train Epoch: 2 [7200/10639 (68%)]	Loss: 0.781623
Train Epoch: 2 [7600/10639 (71%)]	Loss: 0.671354
Train Epoch: 2 [8000/10639 (75%)]	Loss: 0.711082
Train Epoch: 2 [8400/10639 (79%)]	Loss: 0.720840
Train Epoch: 2 [8800/10639 (83%)]	Loss: 0.979139
Train Epoch: 2 [9200/10639 (86%)]	Loss: 0.789741
Train Epoch: 2 [9600/10639 (90%)]	Loss: 0.782866
Train Epoch: 2 [10000/10639 (94%)]	Loss: 0.584994
Train Epoch: 2 [10400/10639 (98%)]	Loss: 0.659510
Test set: Average loss: 2.4668, Accuracy: 346/2659 (13%)
Train Epoch: 3 [0/10639 (0%)]	Loss: 0.803911
Train Epoch: 3 [400/10639 (4%)]	Loss: 0.307923
Train Epoch: 3 [800/10639 (8%)]	Loss: 0.286932
Train Epoch: 3 [1200/10639 (11%)]	Loss: 0.385072
Train Epoch: 3 [1600/10639 (15%)]	Loss: 0.951215
Train Epoch: 3 [2000/10639 (19%)]	Loss: 0.435989
Train Epoch: 3 [2400/10639 (23%)]	Loss: 0.666727
Train Epoch: 3 [2800/10639 (26%)]	Loss: 0.370320
Train Epoch: 3 [3200/10639 (30%)]	Loss: 0.509705
Train Epoch: 3 [3600/10639 (34%)]	Loss: 0.524885
Train Epoch: 3 [4000/10639 (38%)]	Loss: 0.493515
Train Epoch: 3 [4400/10639 (41%)]	Loss: 0.537508
Train Epoch: 3 [4800/10639 (45%)]	Loss: 0.410559
Train Epoch: 3 [5200/10639 (49%)]	Loss: 0.714793
Train Epoch: 3 [5600/10639 (53%)]	Loss: 0.383425
Train Epoch: 3 [6000/10639 (56%)]	Loss: 0.594562
Train Epoch: 3 [6400/10639 (60%)]	Loss: 0.349405
Train Epoch: 3 [6800/10639 (64%)]	Loss: 0.419095
Train Epoch: 3 [7200/10639 (68%)]	Loss: 0.540693
Train Epoch: 3 [7600/10639 (71%)]	Loss: 0.727675
Train Epoch: 3 [8000/10639 (75%)]	Loss: 0.768888
Train Epoch: 3 [8400/10639 (79%)]	Loss: 0.256029
Train Epoch: 3 [8800/10639 (83%)]	Loss: 0.719516
Train Epoch: 3 [9200/10639 (86%)]	Loss: 0.604829
Train Epoch: 3 [9600/10639 (90%)]	Loss: 0.214753
Train Epoch: 3 [10000/10639 (94%)]	Loss: 0.259189
Train Epoch: 3 [10400/10639 (98%)]	Loss: 0.645341
Test set: Average loss: 4.2772, Accuracy: 283/2659 (10%)
Train Epoch: 4 [0/10639 (0%)]	Loss: 0.093069
Train Epoch: 4 [400/10639 (4%)]	Loss: 0.224752
Train Epoch: 4 [800/10639 (8%)]	Loss: 0.253122
Train Epoch: 4 [1200/10639 (11%)]	Loss: 0.116384
Train Epoch: 4 [1600/10639 (15%)]	Loss: 0.192630
Train Epoch: 4 [2000/10639 (19%)]	Loss: 0.198253
Train Epoch: 4 [2400/10639 (23%)]	Loss: 0.317045
Train Epoch: 4 [2800/10639 (26%)]	Loss: 0.118807
Train Epoch: 4 [3200/10639 (30%)]	Loss: 0.150101
Train Epoch: 4 [3600/10639 (34%)]	Loss: 0.158376
Train Epoch: 4 [4000/10639 (38%)]	Loss: 0.213654
Train Epoch: 4 [4400/10639 (41%)]	Loss: 0.425863
Train Epoch: 4 [4800/10639 (45%)]	Loss: 0.182534
Train Epoch: 4 [5200/10639 (49%)]	Loss: 0.379491
Train Epoch: 4 [5600/10639 (53%)]	Loss: 0.362490
Train Epoch: 4 [6000/10639 (56%)]	Loss: 0.184557
Train Epoch: 4 [6400/10639 (60%)]	Loss: 0.292403
Train Epoch: 4 [6800/10639 (64%)]	Loss: 0.499503
Train Epoch: 4 [7200/10639 (68%)]	Loss: 0.287920
Train Epoch: 4 [7600/10639 (71%)]	Loss: 0.381750
Train Epoch: 4 [8000/10639 (75%)]	Loss: 0.167163
Train Epoch: 4 [8400/10639 (79%)]	Loss: 0.560613
Train Epoch: 4 [8800/10639 (83%)]	Loss: 0.288946
Train Epoch: 4 [9200/10639 (86%)]	Loss: 0.277903
Train Epoch: 4 [9600/10639 (90%)]	Loss: 0.426516
Train Epoch: 4 [10000/10639 (94%)]	Loss: 0.510810
Train Epoch: 4 [10400/10639 (98%)]	Loss: 0.290088
Test set: Average loss: 2.5418, Accuracy: 259/2659 (9%)
Train Epoch: 5 [0/10639 (0%)]	Loss: 0.190306
Train Epoch: 5 [400/10639 (4%)]	Loss: 0.167574
Train Epoch: 5 [800/10639 (8%)]	Loss: 0.079656
Train Epoch: 5 [1200/10639 (11%)]	Loss: 0.147927
Train Epoch: 5 [1600/10639 (15%)]	Loss: 0.103545
Train Epoch: 5 [2000/10639 (19%)]	Loss: 0.112361
Train Epoch: 5 [2400/10639 (23%)]	Loss: 0.136658
Train Epoch: 5 [2800/10639 (26%)]	Loss: 0.106081
Train Epoch: 5 [3200/10639 (30%)]	Loss: 0.062632
Train Epoch: 5 [3600/10639 (34%)]	Loss: 0.188999
Train Epoch: 5 [4000/10639 (38%)]	Loss: 0.325000
Train Epoch: 5 [4400/10639 (41%)]	Loss: 0.240557
Train Epoch: 5 [4800/10639 (45%)]	Loss: 0.243614
Train Epoch: 5 [5200/10639 (49%)]	Loss: 0.135819
Train Epoch: 5 [5600/10639 (53%)]	Loss: 0.120731
Train Epoch: 5 [6000/10639 (56%)]	Loss: 0.181391
Train Epoch: 5 [6400/10639 (60%)]	Loss: 0.196849
Train Epoch: 5 [6800/10639 (64%)]	Loss: 0.212982
Train Epoch: 5 [7200/10639 (68%)]	Loss: 0.266998
Train Epoch: 5 [7600/10639 (71%)]	Loss: 0.254612
Train Epoch: 5 [8000/10639 (75%)]	Loss: 0.123009
Train Epoch: 5 [8400/10639 (79%)]	Loss: 0.417095
Train Epoch: 5 [8800/10639 (83%)]	Loss: 0.156838
Train Epoch: 5 [9200/10639 (86%)]	Loss: 0.161807
Train Epoch: 5 [9600/10639 (90%)]	Loss: 0.062259
Train Epoch: 5 [10000/10639 (94%)]	Loss: 0.219915
Train Epoch: 5 [10400/10639 (98%)]	Loss: 0.128400
Test set: Average loss: 2.9188, Accuracy: 265/2659 (9%)
Train Epoch: 6 [0/10639 (0%)]	Loss: 0.134300
Train Epoch: 6 [400/10639 (4%)]	Loss: 0.097511
Train Epoch: 6 [800/10639 (8%)]	Loss: 0.116201
Train Epoch: 6 [1200/10639 (11%)]	Loss: 0.028123
Train Epoch: 6 [1600/10639 (15%)]	Loss: 0.126486
Train Epoch: 6 [2000/10639 (19%)]	Loss: 0.028205
Train Epoch: 6 [2400/10639 (23%)]	Loss: 0.042152
Train Epoch: 6 [2800/10639 (26%)]	Loss: 0.146955
Train Epoch: 6 [3200/10639 (30%)]	Loss: 0.170218
Train Epoch: 6 [3600/10639 (34%)]	Loss: 0.155752
Train Epoch: 6 [4000/10639 (38%)]	Loss: 0.171204
Train Epoch: 6 [4400/10639 (41%)]	Loss: 0.118764
Train Epoch: 6 [4800/10639 (45%)]	Loss: 0.091579
Train Epoch: 6 [5200/10639 (49%)]	Loss: 0.142110
Train Epoch: 6 [5600/10639 (53%)]	Loss: 0.149782
Train Epoch: 6 [6000/10639 (56%)]	Loss: 0.038557
Train Epoch: 6 [6400/10639 (60%)]	Loss: 0.075345
Train Epoch: 6 [6800/10639 (64%)]	Loss: 0.130725
Train Epoch: 6 [7200/10639 (68%)]	Loss: 0.091399
Train Epoch: 6 [7600/10639 (71%)]	Loss: 0.046781
Train Epoch: 6 [8000/10639 (75%)]	Loss: 0.218719
Train Epoch: 6 [8400/10639 (79%)]	Loss: 0.043870
Train Epoch: 6 [8800/10639 (83%)]	Loss: 0.196543
Train Epoch: 6 [9200/10639 (86%)]	Loss: 0.132474
Train Epoch: 6 [9600/10639 (90%)]	Loss: 0.185289
Train Epoch: 6 [10000/10639 (94%)]	Loss: 0.048055
Train Epoch: 6 [10400/10639 (98%)]	Loss: 0.244015
Test set: Average loss: 9.4580, Accuracy: 284/2659 (10%)
Train Epoch: 7 [0/10639 (0%)]	Loss: 0.070563
Train Epoch: 7 [400/10639 (4%)]	Loss: 0.108994
Train Epoch: 7 [800/10639 (8%)]	Loss: 0.061715
Train Epoch: 7 [1200/10639 (11%)]	Loss: 0.098883
Train Epoch: 7 [1600/10639 (15%)]	Loss: 0.059760
Train Epoch: 7 [2000/10639 (19%)]	Loss: 0.023931
Train Epoch: 7 [2400/10639 (23%)]	Loss: 0.048206
Train Epoch: 7 [2800/10639 (26%)]	Loss: 0.056190
Train Epoch: 7 [3200/10639 (30%)]	Loss: 0.079526
Train Epoch: 7 [3600/10639 (34%)]	Loss: 0.078378
Train Epoch: 7 [4000/10639 (38%)]	Loss: 0.046969
Train Epoch: 7 [4400/10639 (41%)]	Loss: 0.044303
Train Epoch: 7 [4800/10639 (45%)]	Loss: 0.144647
Train Epoch: 7 [5200/10639 (49%)]	Loss: 0.202269
Train Epoch: 7 [5600/10639 (53%)]	Loss: 0.058906
Train Epoch: 7 [6000/10639 (56%)]	Loss: 0.097534
Train Epoch: 7 [6400/10639 (60%)]	Loss: 0.170393
Train Epoch: 7 [6800/10639 (64%)]	Loss: 0.021928
Train Epoch: 7 [7200/10639 (68%)]	Loss: 0.111224
Train Epoch: 7 [7600/10639 (71%)]	Loss: 0.083535
Train Epoch: 7 [8000/10639 (75%)]	Loss: 0.047572
Train Epoch: 7 [8400/10639 (79%)]	Loss: 0.072642
Train Epoch: 7 [8800/10639 (83%)]	Loss: 0.063779
Train Epoch: 7 [9200/10639 (86%)]	Loss: 0.215202
Train Epoch: 7 [9600/10639 (90%)]	Loss: 0.126496
Train Epoch: 7 [10000/10639 (94%)]	Loss: 0.152130
Train Epoch: 7 [10400/10639 (98%)]	Loss: 0.036514
Test set: Average loss: 3.3485, Accuracy: 290/2659 (10%)
Train Epoch: 8 [0/10639 (0%)]	Loss: 0.071225
Train Epoch: 8 [400/10639 (4%)]	Loss: 0.049280
Train Epoch: 8 [800/10639 (8%)]	Loss: 0.029424
Train Epoch: 8 [1200/10639 (11%)]	Loss: 0.037099
Train Epoch: 8 [1600/10639 (15%)]	Loss: 0.215954
Train Epoch: 8 [2000/10639 (19%)]	Loss: 0.027736
Train Epoch: 8 [2400/10639 (23%)]	Loss: 0.055037
Train Epoch: 8 [2800/10639 (26%)]	Loss: 0.051570
Train Epoch: 8 [3200/10639 (30%)]	Loss: 0.040170
Train Epoch: 8 [3600/10639 (34%)]	Loss: 0.005107
Train Epoch: 8 [4000/10639 (38%)]	Loss: 0.020403
Train Epoch: 8 [4400/10639 (41%)]	Loss: 0.023306
Train Epoch: 8 [4800/10639 (45%)]	Loss: 0.072842
Train Epoch: 8 [5200/10639 (49%)]	Loss: 0.016927
Train Epoch: 8 [5600/10639 (53%)]	Loss: 0.161428
Train Epoch: 8 [6000/10639 (56%)]	Loss: 0.067755
Train Epoch: 8 [6400/10639 (60%)]	Loss: 0.008435
Train Epoch: 8 [6800/10639 (64%)]	Loss: 0.072986
Train Epoch: 8 [7200/10639 (68%)]	Loss: 0.021670
Train Epoch: 8 [7600/10639 (71%)]	Loss: 0.066803
Train Epoch: 8 [8000/10639 (75%)]	Loss: 0.083142
Train Epoch: 8 [8400/10639 (79%)]	Loss: 0.009324
Train Epoch: 8 [8800/10639 (83%)]	Loss: 0.063946
Train Epoch: 8 [9200/10639 (86%)]	Loss: 0.133499
Train Epoch: 8 [9600/10639 (90%)]	Loss: 0.013732
Train Epoch: 8 [10000/10639 (94%)]	Loss: 0.024422
Train Epoch: 8 [10400/10639 (98%)]	Loss: 0.065430
Test set: Average loss: 5.7112, Accuracy: 283/2659 (10%)
Train Epoch: 9 [0/10639 (0%)]	Loss: 0.028899
Train Epoch: 9 [400/10639 (4%)]	Loss: 0.008435
Train Epoch: 9 [800/10639 (8%)]	Loss: 0.013633
Train Epoch: 9 [1200/10639 (11%)]	Loss: 0.023196
Train Epoch: 9 [1600/10639 (15%)]	Loss: 0.058846
Train Epoch: 9 [2000/10639 (19%)]	Loss: 0.009454
Train Epoch: 9 [2400/10639 (23%)]	Loss: 0.019891
Train Epoch: 9 [2800/10639 (26%)]	Loss: 0.037590
Train Epoch: 9 [3200/10639 (30%)]	Loss: 0.046640
Train Epoch: 9 [3600/10639 (34%)]	Loss: 0.019066
Train Epoch: 9 [4000/10639 (38%)]	Loss: 0.024784
Train Epoch: 9 [4400/10639 (41%)]	Loss: 0.045995
Train Epoch: 9 [4800/10639 (45%)]	Loss: 0.079365
Train Epoch: 9 [5200/10639 (49%)]	Loss: 0.007673
Train Epoch: 9 [5600/10639 (53%)]	Loss: 0.026804
Train Epoch: 9 [6000/10639 (56%)]	Loss: 0.073564
Train Epoch: 9 [6400/10639 (60%)]	Loss: 0.131074
Train Epoch: 9 [6800/10639 (64%)]	Loss: 0.003328
Train Epoch: 9 [7200/10639 (68%)]	Loss: 0.083442
Train Epoch: 9 [7600/10639 (71%)]	Loss: 0.011188
Train Epoch: 9 [8000/10639 (75%)]	Loss: 0.005994
Train Epoch: 9 [8400/10639 (79%)]	Loss: 0.027943
Train Epoch: 9 [8800/10639 (83%)]	Loss: 0.067429
Train Epoch: 9 [9200/10639 (86%)]	Loss: 0.011073
Train Epoch: 9 [9600/10639 (90%)]	Loss: 0.044326
Train Epoch: 9 [10000/10639 (94%)]	Loss: 0.132841
Train Epoch: 9 [10400/10639 (98%)]	Loss: 0.031025
getting datasets
finished
trainning sleeve_length_labels:
Train Epoch: 9 [0/10639 (0%)]	Loss: 0.020914
Train Epoch: 9 [400/10639 (4%)]	Loss: 0.018940
Train Epoch: 9 [800/10639 (8%)]	Loss: 0.009297
Train Epoch: 9 [1200/10639 (11%)]	Loss: 0.018082
Train Epoch: 9 [1600/10639 (15%)]	Loss: 0.048401
Train Epoch: 9 [2000/10639 (19%)]	Loss: 0.047678
Train Epoch: 9 [2400/10639 (23%)]	Loss: 0.073870
Train Epoch: 9 [2800/10639 (26%)]	Loss: 0.091182
Train Epoch: 9 [3200/10639 (30%)]	Loss: 0.031311
Train Epoch: 9 [3600/10639 (34%)]	Loss: 0.006393
Train Epoch: 9 [4000/10639 (38%)]	Loss: 0.009881
Train Epoch: 9 [4400/10639 (41%)]	Loss: 0.027788
Train Epoch: 9 [4800/10639 (45%)]	Loss: 0.113147
Train Epoch: 9 [5200/10639 (49%)]	Loss: 0.081606
Train Epoch: 9 [5600/10639 (53%)]	Loss: 0.085649
Train Epoch: 9 [6000/10639 (56%)]	Loss: 0.035426
Train Epoch: 9 [6400/10639 (60%)]	Loss: 0.064354
Train Epoch: 9 [6800/10639 (64%)]	Loss: 0.019660
Train Epoch: 9 [7200/10639 (68%)]	Loss: 0.017365
Train Epoch: 9 [7600/10639 (71%)]	Loss: 0.058126
Train Epoch: 9 [8000/10639 (75%)]	Loss: 0.065019
Train Epoch: 9 [8400/10639 (79%)]	Loss: 0.033040
Train Epoch: 9 [8800/10639 (83%)]	Loss: 0.036421
Train Epoch: 9 [9200/10639 (86%)]	Loss: 0.076383
Train Epoch: 9 [9600/10639 (90%)]	Loss: 0.020243
Train Epoch: 9 [10000/10639 (94%)]	Loss: 0.004292
Train Epoch: 9 [10400/10639 (98%)]	Loss: 0.027390
Test set: Average loss: 4.0783, Accuracy: 309/2659 (11%)
Train Epoch: 10 [0/10639 (0%)]	Loss: 0.015910
Train Epoch: 10 [400/10639 (4%)]	Loss: 0.016558
Train Epoch: 10 [800/10639 (8%)]	Loss: 0.033329
Train Epoch: 10 [1200/10639 (11%)]	Loss: 0.012825
Train Epoch: 10 [1600/10639 (15%)]	Loss: 0.035292
Train Epoch: 10 [2000/10639 (19%)]	Loss: 0.014338
Train Epoch: 10 [2400/10639 (23%)]	Loss: 0.010620
Train Epoch: 10 [2800/10639 (26%)]	Loss: 0.097732
Train Epoch: 10 [3200/10639 (30%)]	Loss: 0.004440
Train Epoch: 10 [3600/10639 (34%)]	Loss: 0.031873
Train Epoch: 10 [4000/10639 (38%)]	Loss: 0.003617
Train Epoch: 10 [4400/10639 (41%)]	Loss: 0.002783
Train Epoch: 10 [4800/10639 (45%)]	Loss: 0.035775
Train Epoch: 10 [5200/10639 (49%)]	Loss: 0.004529
Train Epoch: 10 [5600/10639 (53%)]	Loss: 0.011630
Train Epoch: 10 [6000/10639 (56%)]	Loss: 0.005032
Train Epoch: 10 [6400/10639 (60%)]	Loss: 0.013299
Train Epoch: 10 [6800/10639 (64%)]	Loss: 0.007759
Train Epoch: 10 [7200/10639 (68%)]	Loss: 0.007338
Train Epoch: 10 [7600/10639 (71%)]	Loss: 0.003217
Train Epoch: 10 [8000/10639 (75%)]	Loss: 0.003758
Train Epoch: 10 [8400/10639 (79%)]	Loss: 0.021111
Train Epoch: 10 [8800/10639 (83%)]	Loss: 0.010614
Train Epoch: 10 [9200/10639 (86%)]	Loss: 0.086360
Train Epoch: 10 [9600/10639 (90%)]	Loss: 0.041300
Train Epoch: 10 [10000/10639 (94%)]	Loss: 0.144933
Train Epoch: 10 [10400/10639 (98%)]	Loss: 0.012243
Test set: Average loss: 4.5146, Accuracy: 366/2659 (13%)
Train Epoch: 11 [0/10639 (0%)]	Loss: 0.015698
Train Epoch: 11 [400/10639 (4%)]	Loss: 0.001089
Train Epoch: 11 [800/10639 (8%)]	Loss: 0.008776
Train Epoch: 11 [1200/10639 (11%)]	Loss: 0.011412
Train Epoch: 11 [1600/10639 (15%)]	Loss: 0.005073
Train Epoch: 11 [2000/10639 (19%)]	Loss: 0.003852
Train Epoch: 11 [2400/10639 (23%)]	Loss: 0.003248
Train Epoch: 11 [2800/10639 (26%)]	Loss: 0.007995
Train Epoch: 11 [3200/10639 (30%)]	Loss: 0.000809
Train Epoch: 11 [3600/10639 (34%)]	Loss: 0.005194
Train Epoch: 11 [4000/10639 (38%)]	Loss: 0.018453
Train Epoch: 11 [4400/10639 (41%)]	Loss: 0.006623
Train Epoch: 11 [4800/10639 (45%)]	Loss: 0.001226
Train Epoch: 11 [5200/10639 (49%)]	Loss: 0.000440
Train Epoch: 11 [5600/10639 (53%)]	Loss: 0.027664
Train Epoch: 11 [6000/10639 (56%)]	Loss: 0.012182
Train Epoch: 11 [6400/10639 (60%)]	Loss: 0.052308
Train Epoch: 11 [6800/10639 (64%)]	Loss: 0.003278
Train Epoch: 11 [7200/10639 (68%)]	Loss: 0.001154
Train Epoch: 11 [7600/10639 (71%)]	Loss: 0.004404
Train Epoch: 11 [8000/10639 (75%)]	Loss: 0.001731
Train Epoch: 11 [8400/10639 (79%)]	Loss: 0.016602
Train Epoch: 11 [8800/10639 (83%)]	Loss: 0.004705
Train Epoch: 11 [9200/10639 (86%)]	Loss: 0.018871
Train Epoch: 11 [9600/10639 (90%)]	Loss: 0.003744
Train Epoch: 11 [10000/10639 (94%)]	Loss: 0.000628
Train Epoch: 11 [10400/10639 (98%)]	Loss: 0.007535
Test set: Average loss: 3.8613, Accuracy: 441/2659 (16%)
Train Epoch: 12 [0/10639 (0%)]	Loss: 0.000860
Train Epoch: 12 [400/10639 (4%)]	Loss: 0.001074
Train Epoch: 12 [800/10639 (8%)]	Loss: 0.020350
Train Epoch: 12 [1200/10639 (11%)]	Loss: 0.000780
Train Epoch: 12 [1600/10639 (15%)]	Loss: 0.001459
Train Epoch: 12 [2000/10639 (19%)]	Loss: 0.012478
Train Epoch: 12 [2400/10639 (23%)]	Loss: 0.001086
Train Epoch: 12 [2800/10639 (26%)]	Loss: 0.001312
Train Epoch: 12 [3200/10639 (30%)]	Loss: 0.002220
Train Epoch: 12 [3600/10639 (34%)]	Loss: 0.001086
Train Epoch: 12 [4000/10639 (38%)]	Loss: 0.001098
Train Epoch: 12 [4400/10639 (41%)]	Loss: 0.008173
Train Epoch: 12 [4800/10639 (45%)]	Loss: 0.001007
Train Epoch: 12 [5200/10639 (49%)]	Loss: 0.002057
Train Epoch: 12 [5600/10639 (53%)]	Loss: 0.002867
Train Epoch: 12 [6000/10639 (56%)]	Loss: 0.000692
Train Epoch: 12 [6400/10639 (60%)]	Loss: 0.000723
Train Epoch: 12 [6800/10639 (64%)]	Loss: 0.009307
Train Epoch: 12 [7200/10639 (68%)]	Loss: 0.001842
Train Epoch: 12 [7600/10639 (71%)]	Loss: 0.000950
Train Epoch: 12 [8000/10639 (75%)]	Loss: 0.000554
Train Epoch: 12 [8400/10639 (79%)]	Loss: 0.001682
Train Epoch: 12 [8800/10639 (83%)]	Loss: 0.000764
Train Epoch: 12 [9200/10639 (86%)]	Loss: 0.041769
Train Epoch: 12 [9600/10639 (90%)]	Loss: 0.000936
Train Epoch: 12 [10000/10639 (94%)]	Loss: 0.014008
Train Epoch: 12 [10400/10639 (98%)]	Loss: 0.001154
Test set: Average loss: 1.0532, Accuracy: 2058/2659 (77%)
Train Epoch: 13 [0/10639 (0%)]	Loss: 0.003435
Train Epoch: 13 [400/10639 (4%)]	Loss: 0.000400
Train Epoch: 13 [800/10639 (8%)]	Loss: 0.001254
Train Epoch: 13 [1200/10639 (11%)]	Loss: 0.004211
Train Epoch: 13 [1600/10639 (15%)]	Loss: 0.006259
Train Epoch: 13 [2000/10639 (19%)]	Loss: 0.000989
Train Epoch: 13 [2400/10639 (23%)]	Loss: 0.003955
Train Epoch: 13 [2800/10639 (26%)]	Loss: 0.003486
Train Epoch: 13 [3200/10639 (30%)]	Loss: 0.000423
Train Epoch: 13 [3600/10639 (34%)]	Loss: 0.001629
Train Epoch: 13 [4000/10639 (38%)]	Loss: 0.002873
Train Epoch: 13 [4400/10639 (41%)]	Loss: 0.000622
Train Epoch: 13 [4800/10639 (45%)]	Loss: 0.000924
Train Epoch: 13 [5200/10639 (49%)]	Loss: 0.000286
Train Epoch: 13 [5600/10639 (53%)]	Loss: 0.003770
Train Epoch: 13 [6000/10639 (56%)]	Loss: 0.000840
Train Epoch: 13 [6400/10639 (60%)]	Loss: 0.045089
Train Epoch: 13 [6800/10639 (64%)]	Loss: 0.001542
Train Epoch: 13 [7200/10639 (68%)]	Loss: 0.001182
Train Epoch: 13 [7600/10639 (71%)]	Loss: 0.000511
Train Epoch: 13 [8000/10639 (75%)]	Loss: 0.000748
Train Epoch: 13 [8400/10639 (79%)]	Loss: 0.006715
Train Epoch: 13 [8800/10639 (83%)]	Loss: 0.000716
Train Epoch: 13 [9200/10639 (86%)]	Loss: 0.000610
Train Epoch: 13 [9600/10639 (90%)]	Loss: 0.000447
Train Epoch: 13 [10000/10639 (94%)]	Loss: 0.000298
Train Epoch: 13 [10400/10639 (98%)]	Loss: 0.005754
Test set: Average loss: 4.5483, Accuracy: 292/2659 (10%)
Train Epoch: 14 [0/10639 (0%)]	Loss: 0.000830
Train Epoch: 14 [400/10639 (4%)]	Loss: 0.002903
Train Epoch: 14 [800/10639 (8%)]	Loss: 0.002817
Train Epoch: 14 [1200/10639 (11%)]	Loss: 0.000427
Train Epoch: 14 [1600/10639 (15%)]	Loss: 0.001031
Train Epoch: 14 [2000/10639 (19%)]	Loss: 0.018604
Train Epoch: 14 [2400/10639 (23%)]	Loss: 0.002234
Train Epoch: 14 [2800/10639 (26%)]	Loss: 0.023453
Train Epoch: 14 [3200/10639 (30%)]	Loss: 0.002468
Train Epoch: 14 [3600/10639 (34%)]	Loss: 0.007373
Train Epoch: 14 [4000/10639 (38%)]	Loss: 0.002135
Train Epoch: 14 [4400/10639 (41%)]	Loss: 0.002624
Train Epoch: 14 [4800/10639 (45%)]	Loss: 0.022119
Train Epoch: 14 [5200/10639 (49%)]	Loss: 0.004469
Train Epoch: 14 [5600/10639 (53%)]	Loss: 0.002857
Train Epoch: 14 [6000/10639 (56%)]	Loss: 0.000491
Train Epoch: 14 [6400/10639 (60%)]	Loss: 0.000446
Train Epoch: 14 [6800/10639 (64%)]	Loss: 0.009634
Train Epoch: 14 [7200/10639 (68%)]	Loss: 0.001023
Train Epoch: 14 [7600/10639 (71%)]	Loss: 0.000426
Train Epoch: 14 [8000/10639 (75%)]	Loss: 0.000337
Train Epoch: 14 [8400/10639 (79%)]	Loss: 0.003777
Train Epoch: 14 [8800/10639 (83%)]	Loss: 0.007557
Train Epoch: 14 [9200/10639 (86%)]	Loss: 0.031160
Train Epoch: 14 [9600/10639 (90%)]	Loss: 0.000577
Train Epoch: 14 [10000/10639 (94%)]	Loss: 0.007295
Train Epoch: 14 [10400/10639 (98%)]	Loss: 0.047882
Test set: Average loss: 3.3445, Accuracy: 371/2659 (13%)
Train Epoch: 15 [0/10639 (0%)]	Loss: 0.000928
Train Epoch: 15 [400/10639 (4%)]	Loss: 0.093466
Train Epoch: 15 [800/10639 (8%)]	Loss: 0.001701
Train Epoch: 15 [1200/10639 (11%)]	Loss: 0.001377
Train Epoch: 15 [1600/10639 (15%)]	Loss: 0.037229
Train Epoch: 15 [2000/10639 (19%)]	Loss: 0.001493
Train Epoch: 15 [2400/10639 (23%)]	Loss: 0.012218
Train Epoch: 15 [2800/10639 (26%)]	Loss: 0.001099
Train Epoch: 15 [3200/10639 (30%)]	Loss: 0.002549
Train Epoch: 15 [3600/10639 (34%)]	Loss: 0.002288
Train Epoch: 15 [4000/10639 (38%)]	Loss: 0.003355
Train Epoch: 15 [4400/10639 (41%)]	Loss: 0.001292
Train Epoch: 15 [4800/10639 (45%)]	Loss: 0.001466
Train Epoch: 15 [5200/10639 (49%)]	Loss: 0.004977
Train Epoch: 15 [5600/10639 (53%)]	Loss: 0.003137
Train Epoch: 15 [6000/10639 (56%)]	Loss: 0.005935
Train Epoch: 15 [6400/10639 (60%)]	Loss: 0.001759
Train Epoch: 15 [6800/10639 (64%)]	Loss: 0.010670
Train Epoch: 15 [7200/10639 (68%)]	Loss: 0.002606
Train Epoch: 15 [7600/10639 (71%)]	Loss: 0.000874
Train Epoch: 15 [8000/10639 (75%)]	Loss: 0.001023
Train Epoch: 15 [8400/10639 (79%)]	Loss: 0.000500
Train Epoch: 15 [8800/10639 (83%)]	Loss: 0.004817
Train Epoch: 15 [9200/10639 (86%)]	Loss: 0.000545
Train Epoch: 15 [9600/10639 (90%)]	Loss: 0.011695
Train Epoch: 15 [10000/10639 (94%)]	Loss: 0.000764
Train Epoch: 15 [10400/10639 (98%)]	Loss: 0.000465
Test set: Average loss: 3.2852, Accuracy: 1017/2659 (38%)
Train Epoch: 16 [0/10639 (0%)]	Loss: 0.030056
Train Epoch: 16 [400/10639 (4%)]	Loss: 0.001051
Train Epoch: 16 [800/10639 (8%)]	Loss: 0.000576
Train Epoch: 16 [1200/10639 (11%)]	Loss: 0.000404
Train Epoch: 16 [1600/10639 (15%)]	Loss: 0.006845
Train Epoch: 16 [2000/10639 (19%)]	Loss: 0.076126
Train Epoch: 16 [2400/10639 (23%)]	Loss: 0.010540
Train Epoch: 16 [2800/10639 (26%)]	Loss: 0.003181
Train Epoch: 16 [3200/10639 (30%)]	Loss: 0.002337
Train Epoch: 16 [3600/10639 (34%)]	Loss: 0.000542
Train Epoch: 16 [4000/10639 (38%)]	Loss: 0.001844
Train Epoch: 16 [4400/10639 (41%)]	Loss: 0.002151
Train Epoch: 16 [4800/10639 (45%)]	Loss: 0.001712
Train Epoch: 16 [5200/10639 (49%)]	Loss: 0.001130
Train Epoch: 16 [5600/10639 (53%)]	Loss: 0.000748
Train Epoch: 16 [6000/10639 (56%)]	Loss: 0.000686
Train Epoch: 16 [6400/10639 (60%)]	Loss: 0.001451
Train Epoch: 16 [6800/10639 (64%)]	Loss: 0.000215
Train Epoch: 16 [7200/10639 (68%)]	Loss: 0.000580
Train Epoch: 16 [7600/10639 (71%)]	Loss: 0.000454
Train Epoch: 16 [8000/10639 (75%)]	Loss: 0.002316
Train Epoch: 16 [8400/10639 (79%)]	Loss: 0.001766
Train Epoch: 16 [8800/10639 (83%)]	Loss: 0.000447
Train Epoch: 16 [9200/10639 (86%)]	Loss: 0.004277
Train Epoch: 16 [9600/10639 (90%)]	Loss: 0.001417
Train Epoch: 16 [10000/10639 (94%)]	Loss: 0.002420
Train Epoch: 16 [10400/10639 (98%)]	Loss: 0.001014
Test set: Average loss: 5.3292, Accuracy: 591/2659 (22%)
Train Epoch: 17 [0/10639 (0%)]	Loss: 0.001467
Train Epoch: 17 [400/10639 (4%)]	Loss: 0.000648
Train Epoch: 17 [800/10639 (8%)]	Loss: 0.000821
Train Epoch: 17 [1200/10639 (11%)]	Loss: 0.001583
Train Epoch: 17 [1600/10639 (15%)]	Loss: 0.011591
Train Epoch: 17 [2000/10639 (19%)]	Loss: 0.000428
Train Epoch: 17 [2400/10639 (23%)]	Loss: 0.001659
Train Epoch: 17 [2800/10639 (26%)]	Loss: 0.007240
Train Epoch: 17 [3200/10639 (30%)]	Loss: 0.006035
Train Epoch: 17 [3600/10639 (34%)]	Loss: 0.001820
Train Epoch: 17 [4000/10639 (38%)]	Loss: 0.001424
Train Epoch: 17 [4400/10639 (41%)]	Loss: 0.001959
Train Epoch: 17 [4800/10639 (45%)]	Loss: 0.012223
Train Epoch: 17 [5200/10639 (49%)]	Loss: 0.000421
Train Epoch: 17 [5600/10639 (53%)]	Loss: 0.000611
Train Epoch: 17 [6000/10639 (56%)]	Loss: 0.001286
Train Epoch: 17 [6400/10639 (60%)]	Loss: 0.000159
Train Epoch: 17 [6800/10639 (64%)]	Loss: 0.001095
Train Epoch: 17 [7200/10639 (68%)]	Loss: 0.000779
Train Epoch: 17 [7600/10639 (71%)]	Loss: 0.000761
Train Epoch: 17 [8000/10639 (75%)]	Loss: 0.000639
Train Epoch: 17 [8400/10639 (79%)]	Loss: 0.001121
Train Epoch: 17 [8800/10639 (83%)]	Loss: 0.000323
Train Epoch: 17 [9200/10639 (86%)]	Loss: 0.001169
Train Epoch: 17 [9600/10639 (90%)]	Loss: 0.001412
Train Epoch: 17 [10000/10639 (94%)]	Loss: 0.015513
Train Epoch: 17 [10400/10639 (98%)]	Loss: 0.029632
Test set: Average loss: 5.6714, Accuracy: 450/2659 (16%)
Train Epoch: 18 [0/10639 (0%)]	Loss: 0.002168
Train Epoch: 18 [400/10639 (4%)]	Loss: 0.010308
Train Epoch: 18 [800/10639 (8%)]	Loss: 0.021540
Train Epoch: 18 [1200/10639 (11%)]	Loss: 0.006125
Train Epoch: 18 [1600/10639 (15%)]	Loss: 0.011637
Train Epoch: 18 [2000/10639 (19%)]	Loss: 0.001487
Train Epoch: 18 [2400/10639 (23%)]	Loss: 0.001276
Train Epoch: 18 [2800/10639 (26%)]	Loss: 0.001499
Train Epoch: 18 [3200/10639 (30%)]	Loss: 0.000739
Train Epoch: 18 [3600/10639 (34%)]	Loss: 0.000751
Train Epoch: 18 [4000/10639 (38%)]	Loss: 0.017776
Train Epoch: 18 [4400/10639 (41%)]	Loss: 0.002410
Train Epoch: 18 [4800/10639 (45%)]	Loss: 0.001376
Train Epoch: 18 [5200/10639 (49%)]	Loss: 0.002639
Train Epoch: 18 [5600/10639 (53%)]	Loss: 0.001258
Train Epoch: 18 [6000/10639 (56%)]	Loss: 0.001509
Train Epoch: 18 [6400/10639 (60%)]	Loss: 0.000475
Train Epoch: 18 [6800/10639 (64%)]	Loss: 0.033588
Train Epoch: 18 [7200/10639 (68%)]	Loss: 0.004366
Train Epoch: 18 [7600/10639 (71%)]	Loss: 0.002423
Train Epoch: 18 [8000/10639 (75%)]	Loss: 0.000781
Train Epoch: 18 [8400/10639 (79%)]	Loss: 0.000618
Train Epoch: 18 [8800/10639 (83%)]	Loss: 0.001569
Train Epoch: 18 [9200/10639 (86%)]	Loss: 0.000294
Train Epoch: 18 [9600/10639 (90%)]	Loss: 0.007472
Train Epoch: 18 [10000/10639 (94%)]	Loss: 0.000630
Train Epoch: 18 [10400/10639 (98%)]	Loss: 0.029682
Test set: Average loss: 4.4330, Accuracy: 948/2659 (35%)
Train Epoch: 19 [0/10639 (0%)]	Loss: 0.000252
Train Epoch: 19 [400/10639 (4%)]	Loss: 0.007425
Train Epoch: 19 [800/10639 (8%)]	Loss: 0.001237
Train Epoch: 19 [1200/10639 (11%)]	Loss: 0.002040
Train Epoch: 19 [1600/10639 (15%)]	Loss: 0.002483
Train Epoch: 19 [2000/10639 (19%)]	Loss: 0.000976
Train Epoch: 19 [2400/10639 (23%)]	Loss: 0.001024
Train Epoch: 19 [2800/10639 (26%)]	Loss: 0.000412
Train Epoch: 19 [3200/10639 (30%)]	Loss: 0.001293
Train Epoch: 19 [3600/10639 (34%)]	Loss: 0.009081
Train Epoch: 19 [4000/10639 (38%)]	Loss: 0.001212
Train Epoch: 19 [4400/10639 (41%)]	Loss: 0.001113
Train Epoch: 19 [4800/10639 (45%)]	Loss: 0.002571
Train Epoch: 19 [5200/10639 (49%)]	Loss: 0.001039
Train Epoch: 19 [5600/10639 (53%)]	Loss: 0.002157
Train Epoch: 19 [6000/10639 (56%)]	Loss: 0.008805
Train Epoch: 19 [6400/10639 (60%)]	Loss: 0.000555
Train Epoch: 19 [6800/10639 (64%)]	Loss: 0.002353
Train Epoch: 19 [7200/10639 (68%)]	Loss: 0.015498
Train Epoch: 19 [7600/10639 (71%)]	Loss: 0.016942
Train Epoch: 19 [8000/10639 (75%)]	Loss: 0.006637
Train Epoch: 19 [8400/10639 (79%)]	Loss: 0.029137
Train Epoch: 19 [8800/10639 (83%)]	Loss: 0.016406
Train Epoch: 19 [9200/10639 (86%)]	Loss: 0.027275
Train Epoch: 19 [9600/10639 (90%)]	Loss: 0.006807
Train Epoch: 19 [10000/10639 (94%)]	Loss: 0.126165
Train Epoch: 19 [10400/10639 (98%)]	Loss: 0.065240
Test set: Average loss: 5.8371, Accuracy: 371/2659 (13%)
Train Epoch: 20 [0/10639 (0%)]	Loss: 0.002019
Train Epoch: 20 [400/10639 (4%)]	Loss: 0.001331
Train Epoch: 20 [800/10639 (8%)]	Loss: 0.027088
Train Epoch: 20 [1200/10639 (11%)]	Loss: 0.003977
Train Epoch: 20 [1600/10639 (15%)]	Loss: 0.000841
Train Epoch: 20 [2000/10639 (19%)]	Loss: 0.001961
Train Epoch: 20 [2400/10639 (23%)]	Loss: 0.006827
Train Epoch: 20 [2800/10639 (26%)]	Loss: 0.017084
Train Epoch: 20 [3200/10639 (30%)]	Loss: 0.006392
Train Epoch: 20 [3600/10639 (34%)]	Loss: 0.006265
Train Epoch: 20 [4000/10639 (38%)]	Loss: 0.005106
Train Epoch: 20 [4400/10639 (41%)]	Loss: 0.009278
Train Epoch: 20 [4800/10639 (45%)]	Loss: 0.006241
Train Epoch: 20 [5200/10639 (49%)]	Loss: 0.004614
Train Epoch: 20 [5600/10639 (53%)]	Loss: 0.032626
Train Epoch: 20 [6000/10639 (56%)]	Loss: 0.036223
Train Epoch: 20 [6400/10639 (60%)]	Loss: 0.003159
Train Epoch: 20 [6800/10639 (64%)]	Loss: 0.012798
Train Epoch: 20 [7200/10639 (68%)]	Loss: 0.016443
Train Epoch: 20 [7600/10639 (71%)]	Loss: 0.010085
Train Epoch: 20 [8000/10639 (75%)]	Loss: 0.003804
Train Epoch: 20 [8400/10639 (79%)]	Loss: 0.001844
Train Epoch: 20 [8800/10639 (83%)]	Loss: 0.019699
Train Epoch: 20 [9200/10639 (86%)]	Loss: 0.007245
Train Epoch: 20 [9600/10639 (90%)]	Loss: 0.001635
Train Epoch: 20 [10000/10639 (94%)]	Loss: 0.005690
Train Epoch: 20 [10400/10639 (98%)]	Loss: 0.002981
Test set: Average loss: 5.0185, Accuracy: 301/2659 (11%)
Train Epoch: 21 [0/10639 (0%)]	Loss: 0.023923
Train Epoch: 21 [400/10639 (4%)]	Loss: 0.027595
Train Epoch: 21 [800/10639 (8%)]	Loss: 0.005904
Train Epoch: 21 [1200/10639 (11%)]	Loss: 0.000869
Train Epoch: 21 [1600/10639 (15%)]	Loss: 0.000403
Train Epoch: 21 [2000/10639 (19%)]	Loss: 0.000914
Train Epoch: 21 [2400/10639 (23%)]	Loss: 0.001801
Train Epoch: 21 [2800/10639 (26%)]	Loss: 0.000756
Train Epoch: 21 [3200/10639 (30%)]	Loss: 0.001155
Train Epoch: 21 [3600/10639 (34%)]	Loss: 0.004817
Train Epoch: 21 [4000/10639 (38%)]	Loss: 0.008165
Train Epoch: 21 [4400/10639 (41%)]	Loss: 0.000547
Train Epoch: 21 [4800/10639 (45%)]	Loss: 0.005191
Train Epoch: 21 [5200/10639 (49%)]	Loss: 0.004162
Train Epoch: 21 [5600/10639 (53%)]	Loss: 0.001062
Train Epoch: 21 [6000/10639 (56%)]	Loss: 0.002235
Train Epoch: 21 [6400/10639 (60%)]	Loss: 0.002446
Train Epoch: 21 [6800/10639 (64%)]	Loss: 0.002485
Train Epoch: 21 [7200/10639 (68%)]	Loss: 0.001920
Train Epoch: 21 [7600/10639 (71%)]	Loss: 0.000717
Train Epoch: 21 [8000/10639 (75%)]	Loss: 0.002587
Train Epoch: 21 [8400/10639 (79%)]	Loss: 0.000743
Train Epoch: 21 [8800/10639 (83%)]	Loss: 0.090798
Train Epoch: 21 [9200/10639 (86%)]	Loss: 0.008420
Train Epoch: 21 [9600/10639 (90%)]	Loss: 0.002720
Train Epoch: 21 [10000/10639 (94%)]	Loss: 0.000333
Train Epoch: 21 [10400/10639 (98%)]	Loss: 0.003309
Test set: Average loss: 4.9763, Accuracy: 433/2659 (16%)
Train Epoch: 22 [0/10639 (0%)]	Loss: 0.001058
Train Epoch: 22 [400/10639 (4%)]	Loss: 0.002592
Train Epoch: 22 [800/10639 (8%)]	Loss: 0.004836
Train Epoch: 22 [1200/10639 (11%)]	Loss: 0.000866
Train Epoch: 22 [1600/10639 (15%)]	Loss: 0.003102
Train Epoch: 22 [2000/10639 (19%)]	Loss: 0.008429
Train Epoch: 22 [2400/10639 (23%)]	Loss: 0.000724
Train Epoch: 22 [2800/10639 (26%)]	Loss: 0.000743
Train Epoch: 22 [3200/10639 (30%)]	Loss: 0.010176
Train Epoch: 22 [3600/10639 (34%)]	Loss: 0.000752
Train Epoch: 22 [4000/10639 (38%)]	Loss: 0.005617
Train Epoch: 22 [4400/10639 (41%)]	Loss: 0.000942
Train Epoch: 22 [4800/10639 (45%)]	Loss: 0.001434
Train Epoch: 22 [5200/10639 (49%)]	Loss: 0.039725
Train Epoch: 22 [5600/10639 (53%)]	Loss: 0.000693
Train Epoch: 22 [6000/10639 (56%)]	Loss: 0.000879
Train Epoch: 22 [6400/10639 (60%)]	Loss: 0.002773
Train Epoch: 22 [6800/10639 (64%)]	Loss: 0.000934
Train Epoch: 22 [7200/10639 (68%)]	Loss: 0.011944
Train Epoch: 22 [7600/10639 (71%)]	Loss: 0.179737
Train Epoch: 22 [8000/10639 (75%)]	Loss: 0.007286
Train Epoch: 22 [8400/10639 (79%)]	Loss: 0.006095
Train Epoch: 22 [8800/10639 (83%)]	Loss: 0.006411
Train Epoch: 22 [9200/10639 (86%)]	Loss: 0.021165
Train Epoch: 22 [9600/10639 (90%)]	Loss: 0.006774
Train Epoch: 22 [10000/10639 (94%)]	Loss: 0.012270
Train Epoch: 22 [10400/10639 (98%)]	Loss: 0.019996
Test set: Average loss: 5.0424, Accuracy: 315/2659 (11%)
Train Epoch: 23 [0/10639 (0%)]	Loss: 0.013830
Train Epoch: 23 [400/10639 (4%)]	Loss: 0.000249
Train Epoch: 23 [800/10639 (8%)]	Loss: 0.007930
Train Epoch: 23 [1200/10639 (11%)]	Loss: 0.009709
Train Epoch: 23 [1600/10639 (15%)]	Loss: 0.002172
Train Epoch: 23 [2000/10639 (19%)]	Loss: 0.016942
Train Epoch: 23 [2400/10639 (23%)]	Loss: 0.012411
Train Epoch: 23 [2800/10639 (26%)]	Loss: 0.005450
Train Epoch: 23 [3200/10639 (30%)]	Loss: 0.048817
Train Epoch: 23 [3600/10639 (34%)]	Loss: 0.001335
Train Epoch: 23 [4000/10639 (38%)]	Loss: 0.005617
Train Epoch: 23 [4400/10639 (41%)]	Loss: 0.005665
Train Epoch: 23 [4800/10639 (45%)]	Loss: 0.004262
Train Epoch: 23 [5200/10639 (49%)]	Loss: 0.149374
Train Epoch: 23 [5600/10639 (53%)]	Loss: 0.021878
Train Epoch: 23 [6000/10639 (56%)]	Loss: 0.051715
Train Epoch: 23 [6400/10639 (60%)]	Loss: 0.036854
Train Epoch: 23 [6800/10639 (64%)]	Loss: 0.050146
Train Epoch: 23 [7200/10639 (68%)]	Loss: 0.104265
Train Epoch: 23 [7600/10639 (71%)]	Loss: 0.084957
Train Epoch: 23 [8000/10639 (75%)]	Loss: 0.001800
Train Epoch: 23 [8400/10639 (79%)]	Loss: 0.067217
Train Epoch: 23 [8800/10639 (83%)]	Loss: 0.026936
Train Epoch: 23 [9200/10639 (86%)]	Loss: 0.032585
Train Epoch: 23 [9600/10639 (90%)]	Loss: 0.005062
Train Epoch: 23 [10000/10639 (94%)]	Loss: 0.010073
Train Epoch: 23 [10400/10639 (98%)]	Loss: 0.030024
Test set: Average loss: 3.9688, Accuracy: 295/2659 (11%)
Train Epoch: 24 [0/10639 (0%)]	Loss: 0.005744
Train Epoch: 24 [400/10639 (4%)]	Loss: 0.018468
Train Epoch: 24 [800/10639 (8%)]	Loss: 0.012791
Train Epoch: 24 [1200/10639 (11%)]	Loss: 0.080393
Train Epoch: 24 [1600/10639 (15%)]	Loss: 0.017026
Train Epoch: 24 [2000/10639 (19%)]	Loss: 0.002331
Train Epoch: 24 [2400/10639 (23%)]	Loss: 0.129114
Train Epoch: 24 [2800/10639 (26%)]	Loss: 0.090696
Train Epoch: 24 [3200/10639 (30%)]	Loss: 0.008147
Train Epoch: 24 [3600/10639 (34%)]	Loss: 0.071786
Train Epoch: 24 [4000/10639 (38%)]	Loss: 0.013796
Train Epoch: 24 [4400/10639 (41%)]	Loss: 0.028944
Train Epoch: 24 [4800/10639 (45%)]	Loss: 0.002403
Train Epoch: 24 [5200/10639 (49%)]	Loss: 0.002137
Train Epoch: 24 [5600/10639 (53%)]	Loss: 0.003312
Train Epoch: 24 [6000/10639 (56%)]	Loss: 0.001451
Train Epoch: 24 [6400/10639 (60%)]	Loss: 0.004648
Train Epoch: 24 [6800/10639 (64%)]	Loss: 0.002586
Train Epoch: 24 [7200/10639 (68%)]	Loss: 0.129680
Train Epoch: 24 [7600/10639 (71%)]	Loss: 0.071073
Train Epoch: 24 [8000/10639 (75%)]	Loss: 0.007493
Train Epoch: 24 [8400/10639 (79%)]	Loss: 0.015457
Train Epoch: 24 [8800/10639 (83%)]	Loss: 0.105862
Train Epoch: 24 [9200/10639 (86%)]	Loss: 0.013508
Train Epoch: 24 [9600/10639 (90%)]	Loss: 0.081695
Train Epoch: 24 [10000/10639 (94%)]	Loss: 0.005966
Train Epoch: 24 [10400/10639 (98%)]	Loss: 0.004853
Test set: Average loss: 4.2387, Accuracy: 341/2659 (12%)
Train Epoch: 25 [0/10639 (0%)]	Loss: 0.043663
Train Epoch: 25 [400/10639 (4%)]	Loss: 0.002350
Train Epoch: 25 [800/10639 (8%)]	Loss: 0.011189
Train Epoch: 25 [1200/10639 (11%)]	Loss: 0.004649
Train Epoch: 25 [1600/10639 (15%)]	Loss: 0.001106
Train Epoch: 25 [2000/10639 (19%)]	Loss: 0.048682
Train Epoch: 25 [2400/10639 (23%)]	Loss: 0.006631
Train Epoch: 25 [2800/10639 (26%)]	Loss: 0.040965
Train Epoch: 25 [3200/10639 (30%)]	Loss: 0.001701
Train Epoch: 25 [3600/10639 (34%)]	Loss: 0.065654
Train Epoch: 25 [4000/10639 (38%)]	Loss: 0.018051
Train Epoch: 25 [4400/10639 (41%)]	Loss: 0.008998
Train Epoch: 25 [4800/10639 (45%)]	Loss: 0.004909
Train Epoch: 25 [5200/10639 (49%)]	Loss: 0.024604
Train Epoch: 25 [5600/10639 (53%)]	Loss: 0.003987
Train Epoch: 25 [6000/10639 (56%)]	Loss: 0.006612
Train Epoch: 25 [6400/10639 (60%)]	Loss: 0.034593
Train Epoch: 25 [6800/10639 (64%)]	Loss: 0.032526
Train Epoch: 25 [7200/10639 (68%)]	Loss: 0.002117
Train Epoch: 25 [7600/10639 (71%)]	Loss: 0.048002
Train Epoch: 25 [8000/10639 (75%)]	Loss: 0.035558
Train Epoch: 25 [8400/10639 (79%)]	Loss: 0.005286
Train Epoch: 25 [8800/10639 (83%)]	Loss: 0.034828
Train Epoch: 25 [9200/10639 (86%)]	Loss: 0.004633
Train Epoch: 25 [9600/10639 (90%)]	Loss: 0.001171
Train Epoch: 25 [10000/10639 (94%)]	Loss: 0.001365
Train Epoch: 25 [10400/10639 (98%)]	Loss: 0.139371
Test set: Average loss: 3.9253, Accuracy: 256/2659 (9%)
Train Epoch: 26 [0/10639 (0%)]	Loss: 0.001433
Train Epoch: 26 [400/10639 (4%)]	Loss: 0.002897
Train Epoch: 26 [800/10639 (8%)]	Loss: 0.004587
Train Epoch: 26 [1200/10639 (11%)]	Loss: 0.003184
Train Epoch: 26 [1600/10639 (15%)]	Loss: 0.023202
Train Epoch: 26 [2000/10639 (19%)]	Loss: 0.004449
Train Epoch: 26 [2400/10639 (23%)]	Loss: 0.008851
Train Epoch: 26 [2800/10639 (26%)]	Loss: 0.013435
Train Epoch: 26 [3200/10639 (30%)]	Loss: 0.005798
Train Epoch: 26 [3600/10639 (34%)]	Loss: 0.141839
Train Epoch: 26 [4000/10639 (38%)]	Loss: 0.016249
Train Epoch: 26 [4400/10639 (41%)]	Loss: 0.025889
Train Epoch: 26 [4800/10639 (45%)]	Loss: 0.020425
Train Epoch: 26 [5200/10639 (49%)]	Loss: 0.001516
Train Epoch: 26 [5600/10639 (53%)]	Loss: 0.018064
Train Epoch: 26 [6000/10639 (56%)]	Loss: 0.007511
Train Epoch: 26 [6400/10639 (60%)]	Loss: 0.009906
Train Epoch: 26 [6800/10639 (64%)]	Loss: 0.003886
Train Epoch: 26 [7200/10639 (68%)]	Loss: 0.007540
Train Epoch: 26 [7600/10639 (71%)]	Loss: 0.005174
Train Epoch: 26 [8000/10639 (75%)]	Loss: 0.001870
Train Epoch: 26 [8400/10639 (79%)]	Loss: 0.000857
Train Epoch: 26 [8800/10639 (83%)]	Loss: 0.013375
Train Epoch: 26 [9200/10639 (86%)]	Loss: 0.011565
Train Epoch: 26 [9600/10639 (90%)]	Loss: 0.057842
Train Epoch: 26 [10000/10639 (94%)]	Loss: 0.007461
Train Epoch: 26 [10400/10639 (98%)]	Loss: 0.001249
Test set: Average loss: 3.5616, Accuracy: 283/2659 (10%)
Train Epoch: 27 [0/10639 (0%)]	Loss: 0.001940
Train Epoch: 27 [400/10639 (4%)]	Loss: 0.000395
Train Epoch: 27 [800/10639 (8%)]	Loss: 0.001162
Train Epoch: 27 [1200/10639 (11%)]	Loss: 0.001222
Train Epoch: 27 [1600/10639 (15%)]	Loss: 0.001367
Train Epoch: 27 [2000/10639 (19%)]	Loss: 0.000356
Train Epoch: 27 [2400/10639 (23%)]	Loss: 0.337307
Train Epoch: 27 [2800/10639 (26%)]	Loss: 0.000336
Train Epoch: 27 [3200/10639 (30%)]	Loss: 0.001129
Train Epoch: 27 [3600/10639 (34%)]	Loss: 0.007085
Train Epoch: 27 [4000/10639 (38%)]	Loss: 0.008669
Train Epoch: 27 [4400/10639 (41%)]	Loss: 0.004892
Train Epoch: 27 [4800/10639 (45%)]	Loss: 0.002088
Train Epoch: 27 [5200/10639 (49%)]	Loss: 0.029916
Train Epoch: 27 [5600/10639 (53%)]	Loss: 0.006687
Train Epoch: 27 [6000/10639 (56%)]	Loss: 0.003189
Train Epoch: 27 [6400/10639 (60%)]	Loss: 0.001072
Train Epoch: 27 [6800/10639 (64%)]	Loss: 0.009770
Train Epoch: 27 [7200/10639 (68%)]	Loss: 0.000546
Train Epoch: 27 [7600/10639 (71%)]	Loss: 0.002996
Train Epoch: 27 [8000/10639 (75%)]	Loss: 0.000705
Train Epoch: 27 [8400/10639 (79%)]	Loss: 0.012550
Train Epoch: 27 [8800/10639 (83%)]	Loss: 0.052048
Train Epoch: 27 [9200/10639 (86%)]	Loss: 0.001717
Train Epoch: 27 [9600/10639 (90%)]	Loss: 0.009303
Train Epoch: 27 [10000/10639 (94%)]	Loss: 0.000738
Train Epoch: 27 [10400/10639 (98%)]	Loss: 0.001405
Test set: Average loss: 3.4701, Accuracy: 706/2659 (26%)
Train Epoch: 28 [0/10639 (0%)]	Loss: 0.001738
Train Epoch: 28 [400/10639 (4%)]	Loss: 0.000620
Train Epoch: 28 [800/10639 (8%)]	Loss: 0.001364
Train Epoch: 28 [1200/10639 (11%)]	Loss: 0.003908
Train Epoch: 28 [1600/10639 (15%)]	Loss: 0.000268
Train Epoch: 28 [2000/10639 (19%)]	Loss: 0.000821
Train Epoch: 28 [2400/10639 (23%)]	Loss: 0.000241
Train Epoch: 28 [2800/10639 (26%)]	Loss: 0.033597
Train Epoch: 28 [3200/10639 (30%)]	Loss: 0.005221
Train Epoch: 28 [3600/10639 (34%)]	Loss: 0.000346
Train Epoch: 28 [4000/10639 (38%)]	Loss: 0.002071
Train Epoch: 28 [4400/10639 (41%)]	Loss: 0.000603
Train Epoch: 28 [4800/10639 (45%)]	Loss: 0.001157
Train Epoch: 28 [5200/10639 (49%)]	Loss: 0.000148
Train Epoch: 28 [5600/10639 (53%)]	Loss: 0.029630
Train Epoch: 28 [6000/10639 (56%)]	Loss: 0.001213
Train Epoch: 28 [6400/10639 (60%)]	Loss: 0.000249
Train Epoch: 28 [6800/10639 (64%)]	Loss: 0.000633
Train Epoch: 28 [7200/10639 (68%)]	Loss: 0.002474
Train Epoch: 28 [7600/10639 (71%)]	Loss: 0.000700
Train Epoch: 28 [8000/10639 (75%)]	Loss: 0.001265
Train Epoch: 28 [8400/10639 (79%)]	Loss: 0.032865
Train Epoch: 28 [8800/10639 (83%)]	Loss: 0.078217
Train Epoch: 28 [9200/10639 (86%)]	Loss: 0.013417
Train Epoch: 28 [9600/10639 (90%)]	Loss: 0.002062
Train Epoch: 28 [10000/10639 (94%)]	Loss: 0.003584
Train Epoch: 28 [10400/10639 (98%)]	Loss: 0.000697
Test set: Average loss: 2.7520, Accuracy: 281/2659 (10%)
Train Epoch: 29 [0/10639 (0%)]	Loss: 0.065770
Train Epoch: 29 [400/10639 (4%)]	Loss: 0.001020
Train Epoch: 29 [800/10639 (8%)]	Loss: 0.001766
Train Epoch: 29 [1200/10639 (11%)]	Loss: 0.000251
Train Epoch: 29 [1600/10639 (15%)]	Loss: 0.003651
Train Epoch: 29 [2000/10639 (19%)]	Loss: 0.000561
Train Epoch: 29 [2400/10639 (23%)]	Loss: 0.000741
Train Epoch: 29 [2800/10639 (26%)]	Loss: 0.002451
Train Epoch: 29 [3200/10639 (30%)]	Loss: 0.003446
Train Epoch: 29 [3600/10639 (34%)]	Loss: 0.000976
Train Epoch: 29 [4000/10639 (38%)]	Loss: 0.001242
Train Epoch: 29 [4400/10639 (41%)]	Loss: 0.000648
Train Epoch: 29 [4800/10639 (45%)]	Loss: 0.000542
Train Epoch: 29 [5200/10639 (49%)]	Loss: 0.003245
Train Epoch: 29 [5600/10639 (53%)]	Loss: 0.000638
Train Epoch: 29 [6000/10639 (56%)]	Loss: 0.040312
Train Epoch: 29 [6400/10639 (60%)]	Loss: 0.001277
Train Epoch: 29 [6800/10639 (64%)]	Loss: 0.039018
Train Epoch: 29 [7200/10639 (68%)]	Loss: 0.002131
Train Epoch: 29 [7600/10639 (71%)]	Loss: 0.001289
Train Epoch: 29 [8000/10639 (75%)]	Loss: 0.003109
Train Epoch: 29 [8400/10639 (79%)]	Loss: 0.007728
Train Epoch: 29 [8800/10639 (83%)]	Loss: 0.002165
Train Epoch: 29 [9200/10639 (86%)]	Loss: 0.015251
Train Epoch: 29 [9600/10639 (90%)]	Loss: 0.002235
Train Epoch: 29 [10000/10639 (94%)]	Loss: 0.000439
Train Epoch: 29 [10400/10639 (98%)]	Loss: 0.015253
Test set: Average loss: 4.1264, Accuracy: 656/2659 (24%)
Train Epoch: 30 [0/10639 (0%)]	Loss: 0.001200
Train Epoch: 30 [400/10639 (4%)]	Loss: 0.001486
Train Epoch: 30 [800/10639 (8%)]	Loss: 0.000890
Train Epoch: 30 [1200/10639 (11%)]	Loss: 0.000621
Train Epoch: 30 [1600/10639 (15%)]	Loss: 0.001814
Train Epoch: 30 [2000/10639 (19%)]	Loss: 0.001313
Train Epoch: 30 [2400/10639 (23%)]	Loss: 0.003345
Train Epoch: 30 [2800/10639 (26%)]	Loss: 0.000765
Train Epoch: 30 [3200/10639 (30%)]	Loss: 0.000151
Train Epoch: 30 [3600/10639 (34%)]	Loss: 0.007210
Train Epoch: 30 [4000/10639 (38%)]	Loss: 0.000618
Train Epoch: 30 [4400/10639 (41%)]	Loss: 0.000332
Train Epoch: 30 [4800/10639 (45%)]	Loss: 0.000395
Train Epoch: 30 [5200/10639 (49%)]	Loss: 0.004343
Train Epoch: 30 [5600/10639 (53%)]	Loss: 0.000502
Train Epoch: 30 [6000/10639 (56%)]	Loss: 0.000439
Train Epoch: 30 [6400/10639 (60%)]	Loss: 0.001114
Train Epoch: 30 [6800/10639 (64%)]	Loss: 0.000305
Train Epoch: 30 [7200/10639 (68%)]	Loss: 0.000677
Train Epoch: 30 [7600/10639 (71%)]	Loss: 0.000463
Train Epoch: 30 [8000/10639 (75%)]	Loss: 0.000192
Train Epoch: 30 [8400/10639 (79%)]	Loss: 0.000707
Train Epoch: 30 [8800/10639 (83%)]	Loss: 0.001591
Train Epoch: 30 [9200/10639 (86%)]	Loss: 0.000371
Train Epoch: 30 [9600/10639 (90%)]	Loss: 0.014995
Train Epoch: 30 [10000/10639 (94%)]	Loss: 0.000121
Train Epoch: 30 [10400/10639 (98%)]	Loss: 0.000615
Test set: Average loss: 6.3001, Accuracy: 388/2659 (14%)
Train Epoch: 31 [0/10639 (0%)]	Loss: 0.000204
Train Epoch: 31 [400/10639 (4%)]	Loss: 0.002110
Train Epoch: 31 [800/10639 (8%)]	Loss: 0.000087
Train Epoch: 31 [1200/10639 (11%)]	Loss: 0.000910
Train Epoch: 31 [1600/10639 (15%)]	Loss: 0.000238
Train Epoch: 31 [2000/10639 (19%)]	Loss: 0.001166
Train Epoch: 31 [2400/10639 (23%)]	Loss: 0.003639
Train Epoch: 31 [2800/10639 (26%)]	Loss: 0.000175
Train Epoch: 31 [3200/10639 (30%)]	Loss: 0.000923
Train Epoch: 31 [3600/10639 (34%)]	Loss: 0.000093
Train Epoch: 31 [4000/10639 (38%)]	Loss: 0.000278
Train Epoch: 31 [4400/10639 (41%)]	Loss: 0.000531
Train Epoch: 31 [4800/10639 (45%)]	Loss: 0.000275
Train Epoch: 31 [5200/10639 (49%)]	Loss: 0.000602
Train Epoch: 31 [5600/10639 (53%)]	Loss: 0.000172
Train Epoch: 31 [6000/10639 (56%)]	Loss: 0.000110
Train Epoch: 31 [6400/10639 (60%)]	Loss: 0.000468
Train Epoch: 31 [6800/10639 (64%)]	Loss: 0.001824
Train Epoch: 31 [7200/10639 (68%)]	Loss: 0.000647
Train Epoch: 31 [7600/10639 (71%)]	Loss: 0.000508
Train Epoch: 31 [8000/10639 (75%)]	Loss: 0.000222
Train Epoch: 31 [8400/10639 (79%)]	Loss: 0.000155
Train Epoch: 31 [8800/10639 (83%)]	Loss: 0.000658
Train Epoch: 31 [9200/10639 (86%)]	Loss: 0.005494
Train Epoch: 31 [9600/10639 (90%)]	Loss: 0.000767
Train Epoch: 31 [10000/10639 (94%)]	Loss: 0.000173
Train Epoch: 31 [10400/10639 (98%)]	Loss: 0.000188
Test set: Average loss: 4.7378, Accuracy: 1044/2659 (39%)
Train Epoch: 32 [0/10639 (0%)]	Loss: 0.000247
Train Epoch: 32 [400/10639 (4%)]	Loss: 0.002421
Train Epoch: 32 [800/10639 (8%)]	Loss: 0.000347
Train Epoch: 32 [1200/10639 (11%)]	Loss: 0.000205
Train Epoch: 32 [1600/10639 (15%)]	Loss: 0.000089
Train Epoch: 32 [2000/10639 (19%)]	Loss: 0.000099
Train Epoch: 32 [2400/10639 (23%)]	Loss: 0.000172
Train Epoch: 32 [2800/10639 (26%)]	Loss: 0.000314
Train Epoch: 32 [3200/10639 (30%)]	Loss: 0.000668
Train Epoch: 32 [3600/10639 (34%)]	Loss: 0.000124
Train Epoch: 32 [4000/10639 (38%)]	Loss: 0.000274
Train Epoch: 32 [4400/10639 (41%)]	Loss: 0.000111
Train Epoch: 32 [4800/10639 (45%)]	Loss: 0.000282
Train Epoch: 32 [5200/10639 (49%)]	Loss: 0.000331
Train Epoch: 32 [5600/10639 (53%)]	Loss: 0.000292
Train Epoch: 32 [6000/10639 (56%)]	Loss: 0.000069
Train Epoch: 32 [6400/10639 (60%)]	Loss: 0.000498
Train Epoch: 32 [6800/10639 (64%)]	Loss: 0.000137
Train Epoch: 32 [7200/10639 (68%)]	Loss: 0.000296
Train Epoch: 32 [7600/10639 (71%)]	Loss: 0.000245
Train Epoch: 32 [8000/10639 (75%)]	Loss: 0.000474
Train Epoch: 32 [8400/10639 (79%)]	Loss: 0.000123
Train Epoch: 32 [8800/10639 (83%)]	Loss: 0.000405
Train Epoch: 32 [9200/10639 (86%)]	Loss: 0.000042
Train Epoch: 32 [9600/10639 (90%)]	Loss: 0.000264
Train Epoch: 32 [10000/10639 (94%)]	Loss: 0.000385
Train Epoch: 32 [10400/10639 (98%)]	Loss: 0.000174
Test set: Average loss: 1.7788, Accuracy: 1826/2659 (68%)
Train Epoch: 33 [0/10639 (0%)]	Loss: 0.000432
Train Epoch: 33 [400/10639 (4%)]	Loss: 0.000041
Train Epoch: 33 [800/10639 (8%)]	Loss: 0.000220
Train Epoch: 33 [1200/10639 (11%)]	Loss: 0.000330
Train Epoch: 33 [1600/10639 (15%)]	Loss: 0.000296
Train Epoch: 33 [2000/10639 (19%)]	Loss: 0.000101
Train Epoch: 33 [2400/10639 (23%)]	Loss: 0.001276
Train Epoch: 33 [2800/10639 (26%)]	Loss: 0.000936
Train Epoch: 33 [3200/10639 (30%)]	Loss: 0.000733
Train Epoch: 33 [3600/10639 (34%)]	Loss: 0.033196
Train Epoch: 33 [4000/10639 (38%)]	Loss: 0.000551
Train Epoch: 33 [4400/10639 (41%)]	Loss: 0.000598
Train Epoch: 33 [4800/10639 (45%)]	Loss: 0.000168
Train Epoch: 33 [5200/10639 (49%)]	Loss: 0.000670
Train Epoch: 33 [5600/10639 (53%)]	Loss: 0.000173
Train Epoch: 33 [6000/10639 (56%)]	Loss: 0.000078
Train Epoch: 33 [6400/10639 (60%)]	Loss: 0.000160
Train Epoch: 33 [6800/10639 (64%)]	Loss: 0.000292
Train Epoch: 33 [7200/10639 (68%)]	Loss: 0.000077
Train Epoch: 33 [7600/10639 (71%)]	Loss: 0.000564
Train Epoch: 33 [8000/10639 (75%)]	Loss: 0.000133
Train Epoch: 33 [8400/10639 (79%)]	Loss: 0.000520
Train Epoch: 33 [8800/10639 (83%)]	Loss: 0.000162
Train Epoch: 33 [9200/10639 (86%)]	Loss: 0.001462
Train Epoch: 33 [9600/10639 (90%)]	Loss: 0.001248
Train Epoch: 33 [10000/10639 (94%)]	Loss: 0.003001
Train Epoch: 33 [10400/10639 (98%)]	Loss: 0.000307
Test set: Average loss: 0.9395, Accuracy: 2176/2659 (81%)
Train Epoch: 34 [0/10639 (0%)]	Loss: 0.000189
Train Epoch: 34 [400/10639 (4%)]	Loss: 0.000037
Train Epoch: 34 [800/10639 (8%)]	Loss: 0.000090
Train Epoch: 34 [1200/10639 (11%)]	Loss: 0.000606
Train Epoch: 34 [1600/10639 (15%)]	Loss: 0.000185
Train Epoch: 34 [2000/10639 (19%)]	Loss: 0.001158
Train Epoch: 34 [2400/10639 (23%)]	Loss: 0.008199
Train Epoch: 34 [2800/10639 (26%)]	Loss: 0.000254
Train Epoch: 34 [3200/10639 (30%)]	Loss: 0.000311
Train Epoch: 34 [3600/10639 (34%)]	Loss: 0.000204
Train Epoch: 34 [4000/10639 (38%)]	Loss: 0.000630
Train Epoch: 34 [4400/10639 (41%)]	Loss: 0.000061
Train Epoch: 34 [4800/10639 (45%)]	Loss: 0.000104
Train Epoch: 34 [5200/10639 (49%)]	Loss: 0.000126
Train Epoch: 34 [5600/10639 (53%)]	Loss: 0.000160
Train Epoch: 34 [6000/10639 (56%)]	Loss: 0.000268
Train Epoch: 34 [6400/10639 (60%)]	Loss: 0.000895
Train Epoch: 34 [6800/10639 (64%)]	Loss: 0.000201
Train Epoch: 34 [7200/10639 (68%)]	Loss: 0.000249
Train Epoch: 34 [7600/10639 (71%)]	Loss: 0.000398
Train Epoch: 34 [8000/10639 (75%)]	Loss: 0.000104
Train Epoch: 34 [8400/10639 (79%)]	Loss: 0.000791
Train Epoch: 34 [8800/10639 (83%)]	Loss: 0.117356
Train Epoch: 34 [9200/10639 (86%)]	Loss: 0.000154
Train Epoch: 34 [9600/10639 (90%)]	Loss: 0.000161
Train Epoch: 34 [10000/10639 (94%)]	Loss: 0.000989
Train Epoch: 34 [10400/10639 (98%)]	Loss: 0.000096
Test set: Average loss: 3.3132, Accuracy: 1184/2659 (44%)
Train Epoch: 35 [0/10639 (0%)]	Loss: 0.000060
Train Epoch: 35 [400/10639 (4%)]	Loss: 0.000196
Train Epoch: 35 [800/10639 (8%)]	Loss: 0.000551
Train Epoch: 35 [1200/10639 (11%)]	Loss: 0.000255
Train Epoch: 35 [1600/10639 (15%)]	Loss: 0.000747
Train Epoch: 35 [2000/10639 (19%)]	Loss: 0.000256
Train Epoch: 35 [2400/10639 (23%)]	Loss: 0.000065
Train Epoch: 35 [2800/10639 (26%)]	Loss: 0.000176
Train Epoch: 35 [3200/10639 (30%)]	Loss: 0.000034
Train Epoch: 35 [3600/10639 (34%)]	Loss: 0.000644
Train Epoch: 35 [4000/10639 (38%)]	Loss: 0.004193
Train Epoch: 35 [4400/10639 (41%)]	Loss: 0.000222
Train Epoch: 35 [4800/10639 (45%)]	Loss: 0.000174
Train Epoch: 35 [5200/10639 (49%)]	Loss: 0.000149
Train Epoch: 35 [5600/10639 (53%)]	Loss: 0.000230
Train Epoch: 35 [6000/10639 (56%)]	Loss: 0.000158
Train Epoch: 35 [6400/10639 (60%)]	Loss: 0.003301
Train Epoch: 35 [6800/10639 (64%)]	Loss: 0.000282
Train Epoch: 35 [7200/10639 (68%)]	Loss: 0.000092
Train Epoch: 35 [7600/10639 (71%)]	Loss: 0.000144
Train Epoch: 35 [8000/10639 (75%)]	Loss: 0.000814
Train Epoch: 35 [8400/10639 (79%)]	Loss: 0.000143
Train Epoch: 35 [8800/10639 (83%)]	Loss: 0.000869
Train Epoch: 35 [9200/10639 (86%)]	Loss: 0.000792
Train Epoch: 35 [9600/10639 (90%)]	Loss: 0.000230
Train Epoch: 35 [10000/10639 (94%)]	Loss: 0.000144
Train Epoch: 35 [10400/10639 (98%)]	Loss: 0.000192
Test set: Average loss: 0.8683, Accuracy: 2205/2659 (82%)
Train Epoch: 36 [0/10639 (0%)]	Loss: 0.001737
Train Epoch: 36 [400/10639 (4%)]	Loss: 0.000267
Train Epoch: 36 [800/10639 (8%)]	Loss: 0.000069
Train Epoch: 36 [1200/10639 (11%)]	Loss: 0.000173
Train Epoch: 36 [1600/10639 (15%)]	Loss: 0.000114
Train Epoch: 36 [2000/10639 (19%)]	Loss: 0.000206
Train Epoch: 36 [2400/10639 (23%)]	Loss: 0.000095
Train Epoch: 36 [2800/10639 (26%)]	Loss: 0.000105
Train Epoch: 36 [3200/10639 (30%)]	Loss: 0.000051
Train Epoch: 36 [3600/10639 (34%)]	Loss: 0.000137
Train Epoch: 36 [4000/10639 (38%)]	Loss: 0.001417
Train Epoch: 36 [4400/10639 (41%)]	Loss: 0.000073
Train Epoch: 36 [4800/10639 (45%)]	Loss: 0.000132
Train Epoch: 36 [5200/10639 (49%)]	Loss: 0.000091
Train Epoch: 36 [5600/10639 (53%)]	Loss: 0.000087
Train Epoch: 36 [6000/10639 (56%)]	Loss: 0.000195
Train Epoch: 36 [6400/10639 (60%)]	Loss: 0.000879
Train Epoch: 36 [6800/10639 (64%)]	Loss: 0.000075
Train Epoch: 36 [7200/10639 (68%)]	Loss: 0.000047
Train Epoch: 36 [7600/10639 (71%)]	Loss: 0.000086
Train Epoch: 36 [8000/10639 (75%)]	Loss: 0.011121
Train Epoch: 36 [8400/10639 (79%)]	Loss: 0.000136
Train Epoch: 36 [8800/10639 (83%)]	Loss: 0.000730
Train Epoch: 36 [9200/10639 (86%)]	Loss: 0.000188
Train Epoch: 36 [9600/10639 (90%)]	Loss: 0.000333
Train Epoch: 36 [10000/10639 (94%)]	Loss: 0.000692
Train Epoch: 36 [10400/10639 (98%)]	Loss: 0.000420
Test set: Average loss: 1.5109, Accuracy: 1956/2659 (73%)
Train Epoch: 37 [0/10639 (0%)]	Loss: 0.000227
Train Epoch: 37 [400/10639 (4%)]	Loss: 0.000340
Train Epoch: 37 [800/10639 (8%)]	Loss: 0.000464
Train Epoch: 37 [1200/10639 (11%)]	Loss: 0.000104
Train Epoch: 37 [1600/10639 (15%)]	Loss: 0.000264
Train Epoch: 37 [2000/10639 (19%)]	Loss: 0.000062
Train Epoch: 37 [2400/10639 (23%)]	Loss: 0.000128
Train Epoch: 37 [2800/10639 (26%)]	Loss: 0.000074
Train Epoch: 37 [3200/10639 (30%)]	Loss: 0.000395
Train Epoch: 37 [3600/10639 (34%)]	Loss: 0.000127
Train Epoch: 37 [4000/10639 (38%)]	Loss: 0.000635
Train Epoch: 37 [4400/10639 (41%)]	Loss: 0.000251
Train Epoch: 37 [4800/10639 (45%)]	Loss: 0.000100
Train Epoch: 37 [5200/10639 (49%)]	Loss: 0.000034
Train Epoch: 37 [5600/10639 (53%)]	Loss: 0.000670
Train Epoch: 37 [6000/10639 (56%)]	Loss: 0.000140
Train Epoch: 37 [6400/10639 (60%)]	Loss: 0.000221
Train Epoch: 37 [6800/10639 (64%)]	Loss: 0.001005
Train Epoch: 37 [7200/10639 (68%)]	Loss: 0.000049
Train Epoch: 37 [7600/10639 (71%)]	Loss: 0.000539
Train Epoch: 37 [8000/10639 (75%)]	Loss: 0.000444
Train Epoch: 37 [8400/10639 (79%)]	Loss: 0.000071
Train Epoch: 37 [8800/10639 (83%)]	Loss: 0.000283
Train Epoch: 37 [9200/10639 (86%)]	Loss: 0.000149
Train Epoch: 37 [9600/10639 (90%)]	Loss: 0.000855
Train Epoch: 37 [10000/10639 (94%)]	Loss: 0.000480
Train Epoch: 37 [10400/10639 (98%)]	Loss: 0.000053
Test set: Average loss: 0.9962, Accuracy: 2148/2659 (80%)
Train Epoch: 38 [0/10639 (0%)]	Loss: 0.000052
Train Epoch: 38 [400/10639 (4%)]	Loss: 0.000048
Train Epoch: 38 [800/10639 (8%)]	Loss: 0.000030
Train Epoch: 38 [1200/10639 (11%)]	Loss: 0.001315
Train Epoch: 38 [1600/10639 (15%)]	Loss: 0.000198
Train Epoch: 38 [2000/10639 (19%)]	Loss: 0.000242
Train Epoch: 38 [2400/10639 (23%)]	Loss: 0.000150
Train Epoch: 38 [2800/10639 (26%)]	Loss: 0.000246
Train Epoch: 38 [3200/10639 (30%)]	Loss: 0.000173
Train Epoch: 38 [3600/10639 (34%)]	Loss: 0.000202
Train Epoch: 38 [4000/10639 (38%)]	Loss: 0.000132
Train Epoch: 38 [4400/10639 (41%)]	Loss: 0.000211
Train Epoch: 38 [4800/10639 (45%)]	Loss: 0.000043
Train Epoch: 38 [5200/10639 (49%)]	Loss: 0.000494
Train Epoch: 38 [5600/10639 (53%)]	Loss: 0.000052
Train Epoch: 38 [6000/10639 (56%)]	Loss: 0.000598
Train Epoch: 38 [6400/10639 (60%)]	Loss: 0.000056
Train Epoch: 38 [6800/10639 (64%)]	Loss: 0.000386
Train Epoch: 38 [7200/10639 (68%)]	Loss: 0.001025
Train Epoch: 38 [7600/10639 (71%)]	Loss: 0.000283
Train Epoch: 38 [8000/10639 (75%)]	Loss: 0.000060
Train Epoch: 38 [8400/10639 (79%)]	Loss: 0.000306
Train Epoch: 38 [8800/10639 (83%)]	Loss: 0.000069
Train Epoch: 38 [9200/10639 (86%)]	Loss: 0.000118
Train Epoch: 38 [9600/10639 (90%)]	Loss: 0.000062
Train Epoch: 38 [10000/10639 (94%)]	Loss: 0.000110
Train Epoch: 38 [10400/10639 (98%)]	Loss: 0.000153
Test set: Average loss: 0.8719, Accuracy: 2208/2659 (83%)
Train Epoch: 39 [0/10639 (0%)]	Loss: 0.000199
Train Epoch: 39 [400/10639 (4%)]	Loss: 0.000482
Train Epoch: 39 [800/10639 (8%)]	Loss: 0.000052
Train Epoch: 39 [1200/10639 (11%)]	Loss: 0.000044
Train Epoch: 39 [1600/10639 (15%)]	Loss: 0.000116
Train Epoch: 39 [2000/10639 (19%)]	Loss: 0.000061
Train Epoch: 39 [2400/10639 (23%)]	Loss: 0.000051
Train Epoch: 39 [2800/10639 (26%)]	Loss: 0.000071
Train Epoch: 39 [3200/10639 (30%)]	Loss: 0.000223
Train Epoch: 39 [3600/10639 (34%)]	Loss: 0.000222
Train Epoch: 39 [4000/10639 (38%)]	Loss: 0.000038
Train Epoch: 39 [4400/10639 (41%)]	Loss: 0.000370
Train Epoch: 39 [4800/10639 (45%)]	Loss: 0.000316
Train Epoch: 39 [5200/10639 (49%)]	Loss: 0.000058
Train Epoch: 39 [5600/10639 (53%)]	Loss: 0.000063
Train Epoch: 39 [6000/10639 (56%)]	Loss: 0.000305
Train Epoch: 39 [6400/10639 (60%)]	Loss: 0.000103
Train Epoch: 39 [6800/10639 (64%)]	Loss: 0.000380
Train Epoch: 39 [7200/10639 (68%)]	Loss: 0.000034
Train Epoch: 39 [7600/10639 (71%)]	Loss: 0.000390
Train Epoch: 39 [8000/10639 (75%)]	Loss: 0.000580
Train Epoch: 39 [8400/10639 (79%)]	Loss: 0.000141
Train Epoch: 39 [8800/10639 (83%)]	Loss: 0.000050
Train Epoch: 39 [9200/10639 (86%)]	Loss: 0.000053
Train Epoch: 39 [9600/10639 (90%)]	Loss: 0.000174
Train Epoch: 39 [10000/10639 (94%)]	Loss: 0.000184
Train Epoch: 39 [10400/10639 (98%)]	Loss: 0.000091
Test set: Average loss: 0.8546, Accuracy: 2215/2659 (83%)
Train Epoch: 40 [0/10639 (0%)]	Loss: 0.000130
Train Epoch: 40 [400/10639 (4%)]	Loss: 0.000151
Train Epoch: 40 [800/10639 (8%)]	Loss: 0.000070
Train Epoch: 40 [1200/10639 (11%)]	Loss: 0.000634
Train Epoch: 40 [1600/10639 (15%)]	Loss: 0.000071
Train Epoch: 40 [2000/10639 (19%)]	Loss: 0.000217
Train Epoch: 40 [2400/10639 (23%)]	Loss: 0.000044
Train Epoch: 40 [2800/10639 (26%)]	Loss: 0.000460
Train Epoch: 40 [3200/10639 (30%)]	Loss: 0.000109
Train Epoch: 40 [3600/10639 (34%)]	Loss: 0.000318
Train Epoch: 40 [4000/10639 (38%)]	Loss: 0.000676
Train Epoch: 40 [4400/10639 (41%)]	Loss: 0.000112
Train Epoch: 40 [4800/10639 (45%)]	Loss: 0.000161
Train Epoch: 40 [5200/10639 (49%)]	Loss: 0.000326
Train Epoch: 40 [5600/10639 (53%)]	Loss: 0.000265
Train Epoch: 40 [6000/10639 (56%)]	Loss: 0.000361
Train Epoch: 40 [6400/10639 (60%)]	Loss: 0.000221
Train Epoch: 40 [6800/10639 (64%)]	Loss: 0.001109
Train Epoch: 40 [7200/10639 (68%)]	Loss: 0.000166
Train Epoch: 40 [7600/10639 (71%)]	Loss: 0.000038
Train Epoch: 40 [8000/10639 (75%)]	Loss: 0.000216
Train Epoch: 40 [8400/10639 (79%)]	Loss: 0.000055
Train Epoch: 40 [8800/10639 (83%)]	Loss: 0.000090
Train Epoch: 40 [9200/10639 (86%)]	Loss: 0.000964
Train Epoch: 40 [9600/10639 (90%)]	Loss: 0.000038
Train Epoch: 40 [10000/10639 (94%)]	Loss: 0.000525
Train Epoch: 40 [10400/10639 (98%)]	Loss: 0.000107
Test set: Average loss: 0.8711, Accuracy: 2210/2659 (83%)
Train Epoch: 41 [0/10639 (0%)]	Loss: 0.000049
Train Epoch: 41 [400/10639 (4%)]	Loss: 0.000205
Train Epoch: 41 [800/10639 (8%)]	Loss: 0.000193
Train Epoch: 41 [1200/10639 (11%)]	Loss: 0.000114
Train Epoch: 41 [1600/10639 (15%)]	Loss: 0.000066
Train Epoch: 41 [2000/10639 (19%)]	Loss: 0.000038
Train Epoch: 41 [2400/10639 (23%)]	Loss: 0.000307
Train Epoch: 41 [2800/10639 (26%)]	Loss: 0.000048
Train Epoch: 41 [3200/10639 (30%)]	Loss: 0.000068
Train Epoch: 41 [3600/10639 (34%)]	Loss: 0.000087
Train Epoch: 41 [4000/10639 (38%)]	Loss: 0.000218
Train Epoch: 41 [4400/10639 (41%)]	Loss: 0.002113
Train Epoch: 41 [4800/10639 (45%)]	Loss: 0.000175
Train Epoch: 41 [5200/10639 (49%)]	Loss: 0.000013
Train Epoch: 41 [5600/10639 (53%)]	Loss: 0.000038
Train Epoch: 41 [6000/10639 (56%)]	Loss: 0.000104
Train Epoch: 41 [6400/10639 (60%)]	Loss: 0.000324
Train Epoch: 41 [6800/10639 (64%)]	Loss: 0.000114
Train Epoch: 41 [7200/10639 (68%)]	Loss: 0.000832
Train Epoch: 41 [7600/10639 (71%)]	Loss: 0.000056
Train Epoch: 41 [8000/10639 (75%)]	Loss: 0.000026
Train Epoch: 41 [8400/10639 (79%)]	Loss: 0.000103
Train Epoch: 41 [8800/10639 (83%)]	Loss: 0.000319
Train Epoch: 41 [9200/10639 (86%)]	Loss: 0.000131
Train Epoch: 41 [9600/10639 (90%)]	Loss: 0.000103
Train Epoch: 41 [10000/10639 (94%)]	Loss: 0.000986
Train Epoch: 41 [10400/10639 (98%)]	Loss: 0.000219
Test set: Average loss: 0.8642, Accuracy: 2224/2659 (83%)
Train Epoch: 42 [0/10639 (0%)]	Loss: 0.000226
Train Epoch: 42 [400/10639 (4%)]	Loss: 0.001659
Train Epoch: 42 [800/10639 (8%)]	Loss: 0.000137
Train Epoch: 42 [1200/10639 (11%)]	Loss: 0.000103
Train Epoch: 42 [1600/10639 (15%)]	Loss: 0.000065
Train Epoch: 42 [2000/10639 (19%)]	Loss: 0.000474
Train Epoch: 42 [2400/10639 (23%)]	Loss: 0.002524
Train Epoch: 42 [2800/10639 (26%)]	Loss: 0.000039
Train Epoch: 42 [3200/10639 (30%)]	Loss: 0.000212
Train Epoch: 42 [3600/10639 (34%)]	Loss: 0.000056
Train Epoch: 42 [4000/10639 (38%)]	Loss: 0.000166
Train Epoch: 42 [4400/10639 (41%)]	Loss: 0.000063
Train Epoch: 42 [4800/10639 (45%)]	Loss: 0.000016
Train Epoch: 42 [5200/10639 (49%)]	Loss: 0.000060
Train Epoch: 42 [5600/10639 (53%)]	Loss: 0.000095
Train Epoch: 42 [6000/10639 (56%)]	Loss: 0.000518
Train Epoch: 42 [6400/10639 (60%)]	Loss: 0.000297
Train Epoch: 42 [6800/10639 (64%)]	Loss: 0.000033
Train Epoch: 42 [7200/10639 (68%)]	Loss: 0.000046
Train Epoch: 42 [7600/10639 (71%)]	Loss: 0.000033
Train Epoch: 42 [8000/10639 (75%)]	Loss: 0.000093
Train Epoch: 42 [8400/10639 (79%)]	Loss: 0.000084
Train Epoch: 42 [8800/10639 (83%)]	Loss: 0.000059
Train Epoch: 42 [9200/10639 (86%)]	Loss: 0.000089
Train Epoch: 42 [9600/10639 (90%)]	Loss: 0.000324
Train Epoch: 42 [10000/10639 (94%)]	Loss: 0.000148
Train Epoch: 42 [10400/10639 (98%)]	Loss: 0.000035
Test set: Average loss: 0.8763, Accuracy: 2229/2659 (83%)
Train Epoch: 43 [0/10639 (0%)]	Loss: 0.000221
Train Epoch: 43 [400/10639 (4%)]	Loss: 0.000037
Train Epoch: 43 [800/10639 (8%)]	Loss: 0.000107
Train Epoch: 43 [1200/10639 (11%)]	Loss: 0.000144
Train Epoch: 43 [1600/10639 (15%)]	Loss: 0.000026
Train Epoch: 43 [2000/10639 (19%)]	Loss: 0.000075
Train Epoch: 43 [2400/10639 (23%)]	Loss: 0.000185
Train Epoch: 43 [2800/10639 (26%)]	Loss: 0.000113
Train Epoch: 43 [3200/10639 (30%)]	Loss: 0.000400
Train Epoch: 43 [3600/10639 (34%)]	Loss: 0.000086
Train Epoch: 43 [4000/10639 (38%)]	Loss: 0.000272
Train Epoch: 43 [4400/10639 (41%)]	Loss: 0.000044
Train Epoch: 43 [4800/10639 (45%)]	Loss: 0.000029
Train Epoch: 43 [5200/10639 (49%)]	Loss: 0.000095
Train Epoch: 43 [5600/10639 (53%)]	Loss: 0.000012
Train Epoch: 43 [6000/10639 (56%)]	Loss: 0.000075
Train Epoch: 43 [6400/10639 (60%)]	Loss: 0.000220
Train Epoch: 43 [6800/10639 (64%)]	Loss: 0.000036
Train Epoch: 43 [7200/10639 (68%)]	Loss: 0.000127
Train Epoch: 43 [7600/10639 (71%)]	Loss: 0.000580
Train Epoch: 43 [8000/10639 (75%)]	Loss: 0.000056
Train Epoch: 43 [8400/10639 (79%)]	Loss: 0.000035
Train Epoch: 43 [8800/10639 (83%)]	Loss: 0.000015
Train Epoch: 43 [9200/10639 (86%)]	Loss: 0.000048
Train Epoch: 43 [9600/10639 (90%)]	Loss: 0.000036
Train Epoch: 43 [10000/10639 (94%)]	Loss: 0.000030
Train Epoch: 43 [10400/10639 (98%)]	Loss: 0.000222
Test set: Average loss: 0.8771, Accuracy: 2224/2659 (83%)
Train Epoch: 44 [0/10639 (0%)]	Loss: 0.000086
Train Epoch: 44 [400/10639 (4%)]	Loss: 0.000135
Train Epoch: 44 [800/10639 (8%)]	Loss: 0.000118
Train Epoch: 44 [1200/10639 (11%)]	Loss: 0.001725
Train Epoch: 44 [1600/10639 (15%)]	Loss: 0.000031
Train Epoch: 44 [2000/10639 (19%)]	Loss: 0.000029
Train Epoch: 44 [2400/10639 (23%)]	Loss: 0.000075
Train Epoch: 44 [2800/10639 (26%)]	Loss: 0.000036
Train Epoch: 44 [3200/10639 (30%)]	Loss: 0.000081
Train Epoch: 44 [3600/10639 (34%)]	Loss: 0.000230
Train Epoch: 44 [4000/10639 (38%)]	Loss: 0.000023
Train Epoch: 44 [4400/10639 (41%)]	Loss: 0.000028
Train Epoch: 44 [4800/10639 (45%)]	Loss: 0.000053
Train Epoch: 44 [5200/10639 (49%)]	Loss: 0.000119
Train Epoch: 44 [5600/10639 (53%)]	Loss: 0.000080
Train Epoch: 44 [6000/10639 (56%)]	Loss: 0.000157
Train Epoch: 44 [6400/10639 (60%)]	Loss: 0.000041
Train Epoch: 44 [6800/10639 (64%)]	Loss: 0.000147
Train Epoch: 44 [7200/10639 (68%)]	Loss: 0.000271
Train Epoch: 44 [7600/10639 (71%)]	Loss: 0.000127
Train Epoch: 44 [8000/10639 (75%)]	Loss: 0.000329
Train Epoch: 44 [8400/10639 (79%)]	Loss: 0.000144
Train Epoch: 44 [8800/10639 (83%)]	Loss: 0.000030
Train Epoch: 44 [9200/10639 (86%)]	Loss: 0.000076
Train Epoch: 44 [9600/10639 (90%)]	Loss: 0.000044
Train Epoch: 44 [10000/10639 (94%)]	Loss: 0.000065
Train Epoch: 44 [10400/10639 (98%)]	Loss: 0.000102
Test set: Average loss: 0.8934, Accuracy: 2207/2659 (83%)
Train Epoch: 45 [0/10639 (0%)]	Loss: 0.000135
Train Epoch: 45 [400/10639 (4%)]	Loss: 0.000245
Train Epoch: 45 [800/10639 (8%)]	Loss: 0.000112
Train Epoch: 45 [1200/10639 (11%)]	Loss: 0.000333
Train Epoch: 45 [1600/10639 (15%)]	Loss: 0.000095
Train Epoch: 45 [2000/10639 (19%)]	Loss: 0.000029
Train Epoch: 45 [2400/10639 (23%)]	Loss: 0.000120
Train Epoch: 45 [2800/10639 (26%)]	Loss: 0.000066
Train Epoch: 45 [3200/10639 (30%)]	Loss: 0.000039
Train Epoch: 45 [3600/10639 (34%)]	Loss: 0.000099
Train Epoch: 45 [4000/10639 (38%)]	Loss: 0.000065
Train Epoch: 45 [4400/10639 (41%)]	Loss: 0.000095
Train Epoch: 45 [4800/10639 (45%)]	Loss: 0.000179
Train Epoch: 45 [5200/10639 (49%)]	Loss: 0.000310
Train Epoch: 45 [5600/10639 (53%)]	Loss: 0.000151
Train Epoch: 45 [6000/10639 (56%)]	Loss: 0.001044
Train Epoch: 45 [6400/10639 (60%)]	Loss: 0.000039
Train Epoch: 45 [6800/10639 (64%)]	Loss: 0.000175
Train Epoch: 45 [7200/10639 (68%)]	Loss: 0.000526
Train Epoch: 45 [7600/10639 (71%)]	Loss: 0.000403
Train Epoch: 45 [8000/10639 (75%)]	Loss: 0.000086
Train Epoch: 45 [8400/10639 (79%)]	Loss: 0.000109
Train Epoch: 45 [8800/10639 (83%)]	Loss: 0.000022
Train Epoch: 45 [9200/10639 (86%)]	Loss: 0.000057
Train Epoch: 45 [9600/10639 (90%)]	Loss: 0.000079
Train Epoch: 45 [10000/10639 (94%)]	Loss: 0.000044
Train Epoch: 45 [10400/10639 (98%)]	Loss: 0.001036
Test set: Average loss: 0.9506, Accuracy: 2196/2659 (82%)
Train Epoch: 46 [0/10639 (0%)]	Loss: 0.000075
Train Epoch: 46 [400/10639 (4%)]	Loss: 0.000194
Train Epoch: 46 [800/10639 (8%)]	Loss: 0.000056
Train Epoch: 46 [1200/10639 (11%)]	Loss: 0.000791
Train Epoch: 46 [1600/10639 (15%)]	Loss: 0.000091
Train Epoch: 46 [2000/10639 (19%)]	Loss: 0.000023
Train Epoch: 46 [2400/10639 (23%)]	Loss: 0.000271
Train Epoch: 46 [2800/10639 (26%)]	Loss: 0.000062
Train Epoch: 46 [3200/10639 (30%)]	Loss: 0.000022
Train Epoch: 46 [3600/10639 (34%)]	Loss: 0.000198
Train Epoch: 46 [4000/10639 (38%)]	Loss: 0.000030
Train Epoch: 46 [4400/10639 (41%)]	Loss: 0.000299
Train Epoch: 46 [4800/10639 (45%)]	Loss: 0.000135
Train Epoch: 46 [5200/10639 (49%)]	Loss: 0.000549
Train Epoch: 46 [5600/10639 (53%)]	Loss: 0.000024
Train Epoch: 46 [6000/10639 (56%)]	Loss: 0.000370
Train Epoch: 46 [6400/10639 (60%)]	Loss: 0.000287
Train Epoch: 46 [6800/10639 (64%)]	Loss: 0.000190
Train Epoch: 46 [7200/10639 (68%)]	Loss: 0.000132
Train Epoch: 46 [7600/10639 (71%)]	Loss: 0.000082
Train Epoch: 46 [8000/10639 (75%)]	Loss: 0.000129
Train Epoch: 46 [8400/10639 (79%)]	Loss: 0.000251
Train Epoch: 46 [8800/10639 (83%)]	Loss: 0.000099
Train Epoch: 46 [9200/10639 (86%)]	Loss: 0.000188
Train Epoch: 46 [9600/10639 (90%)]	Loss: 0.000046
Train Epoch: 46 [10000/10639 (94%)]	Loss: 0.000024
Train Epoch: 46 [10400/10639 (98%)]	Loss: 0.000131
Test set: Average loss: 0.8854, Accuracy: 2220/2659 (83%)
Train Epoch: 47 [0/10639 (0%)]	Loss: 0.000270
Train Epoch: 47 [400/10639 (4%)]	Loss: 0.000056
Train Epoch: 47 [800/10639 (8%)]	Loss: 0.000103
Train Epoch: 47 [1200/10639 (11%)]	Loss: 0.000187
Train Epoch: 47 [1600/10639 (15%)]	Loss: 0.000375
Train Epoch: 47 [2000/10639 (19%)]	Loss: 0.000024
Train Epoch: 47 [2400/10639 (23%)]	Loss: 0.000034
Train Epoch: 47 [2800/10639 (26%)]	Loss: 0.000368
Train Epoch: 47 [3200/10639 (30%)]	Loss: 0.000049
Train Epoch: 47 [3600/10639 (34%)]	Loss: 0.000149
Train Epoch: 47 [4000/10639 (38%)]	Loss: 0.000164
Train Epoch: 47 [4400/10639 (41%)]	Loss: 0.000031
Train Epoch: 47 [4800/10639 (45%)]	Loss: 0.000044
Train Epoch: 47 [5200/10639 (49%)]	Loss: 0.000036
Train Epoch: 47 [5600/10639 (53%)]	Loss: 0.000103
Train Epoch: 47 [6000/10639 (56%)]	Loss: 0.000575
Train Epoch: 47 [6400/10639 (60%)]	Loss: 0.000056
Train Epoch: 47 [6800/10639 (64%)]	Loss: 0.000065
Train Epoch: 47 [7200/10639 (68%)]	Loss: 0.000071
Train Epoch: 47 [7600/10639 (71%)]	Loss: 0.000082
Train Epoch: 47 [8000/10639 (75%)]	Loss: 0.000034
Train Epoch: 47 [8400/10639 (79%)]	Loss: 0.000076
Train Epoch: 47 [8800/10639 (83%)]	Loss: 0.000058
Train Epoch: 47 [9200/10639 (86%)]	Loss: 0.000027
Train Epoch: 47 [9600/10639 (90%)]	Loss: 0.000079
Train Epoch: 47 [10000/10639 (94%)]	Loss: 0.000056
Train Epoch: 47 [10400/10639 (98%)]	Loss: 0.000037
Test set: Average loss: 0.8884, Accuracy: 2221/2659 (83%)
Train Epoch: 48 [0/10639 (0%)]	Loss: 0.000103
Train Epoch: 48 [400/10639 (4%)]	Loss: 0.000027
Train Epoch: 48 [800/10639 (8%)]	Loss: 0.000056
Train Epoch: 48 [1200/10639 (11%)]	Loss: 0.000139
Train Epoch: 48 [1600/10639 (15%)]	Loss: 0.000208
Train Epoch: 48 [2000/10639 (19%)]	Loss: 0.000215
Train Epoch: 48 [2400/10639 (23%)]	Loss: 0.000040
Train Epoch: 48 [2800/10639 (26%)]	Loss: 0.000035
Train Epoch: 48 [3200/10639 (30%)]	Loss: 0.000040
Train Epoch: 48 [3600/10639 (34%)]	Loss: 0.000236
Train Epoch: 48 [4000/10639 (38%)]	Loss: 0.000077
Train Epoch: 48 [4400/10639 (41%)]	Loss: 0.000039
Train Epoch: 48 [4800/10639 (45%)]	Loss: 0.000177
Train Epoch: 48 [5200/10639 (49%)]	Loss: 0.000014
Train Epoch: 48 [5600/10639 (53%)]	Loss: 0.000153
Train Epoch: 48 [6000/10639 (56%)]	Loss: 0.000073
Train Epoch: 48 [6400/10639 (60%)]	Loss: 0.000022
Train Epoch: 48 [6800/10639 (64%)]	Loss: 0.000047
Train Epoch: 48 [7200/10639 (68%)]	Loss: 0.000219
Train Epoch: 48 [7600/10639 (71%)]	Loss: 0.000017
Train Epoch: 48 [8000/10639 (75%)]	Loss: 0.000069
Train Epoch: 48 [8400/10639 (79%)]	Loss: 0.000033
Train Epoch: 48 [8800/10639 (83%)]	Loss: 0.000050
Train Epoch: 48 [9200/10639 (86%)]	Loss: 0.000033
Train Epoch: 48 [9600/10639 (90%)]	Loss: 0.000049
Train Epoch: 48 [10000/10639 (94%)]	Loss: 0.000069
Train Epoch: 48 [10400/10639 (98%)]	Loss: 0.000037
Test set: Average loss: 0.8931, Accuracy: 2225/2659 (83%)
Train Epoch: 49 [0/10639 (0%)]	Loss: 0.000042
Train Epoch: 49 [400/10639 (4%)]	Loss: 0.000056
Train Epoch: 49 [800/10639 (8%)]	Loss: 0.000077
Train Epoch: 49 [1200/10639 (11%)]	Loss: 0.000046
Train Epoch: 49 [1600/10639 (15%)]	Loss: 0.000105
Train Epoch: 49 [2000/10639 (19%)]	Loss: 0.000150
Train Epoch: 49 [2400/10639 (23%)]	Loss: 0.000049
Train Epoch: 49 [2800/10639 (26%)]	Loss: 0.000181
Train Epoch: 49 [3200/10639 (30%)]	Loss: 0.000137
Train Epoch: 49 [3600/10639 (34%)]	Loss: 0.000050
Train Epoch: 49 [4000/10639 (38%)]	Loss: 0.000012
Train Epoch: 49 [4400/10639 (41%)]	Loss: 0.000079
Train Epoch: 49 [4800/10639 (45%)]	Loss: 0.000042
Train Epoch: 49 [5200/10639 (49%)]	Loss: 0.000062
Train Epoch: 49 [5600/10639 (53%)]	Loss: 0.000091
Train Epoch: 49 [6000/10639 (56%)]	Loss: 0.000055
Train Epoch: 49 [6400/10639 (60%)]	Loss: 0.000034
Train Epoch: 49 [6800/10639 (64%)]	Loss: 0.000073
Train Epoch: 49 [7200/10639 (68%)]	Loss: 0.000042
Train Epoch: 49 [7600/10639 (71%)]	Loss: 0.000038
Train Epoch: 49 [8000/10639 (75%)]	Loss: 0.000163
Train Epoch: 49 [8400/10639 (79%)]	Loss: 0.000013
Train Epoch: 49 [8800/10639 (83%)]	Loss: 0.000499
Train Epoch: 49 [9200/10639 (86%)]	Loss: 0.000028
Train Epoch: 49 [9600/10639 (90%)]	Loss: 0.000051
Train Epoch: 49 [10000/10639 (94%)]	Loss: 0.000170
Train Epoch: 49 [10400/10639 (98%)]	Loss: 0.000021
Test set: Average loss: 0.8866, Accuracy: 2229/2659 (83%)
Train Epoch: 50 [0/10639 (0%)]	Loss: 0.000070
Train Epoch: 50 [400/10639 (4%)]	Loss: 0.000083
Train Epoch: 50 [800/10639 (8%)]	Loss: 0.000025
Train Epoch: 50 [1200/10639 (11%)]	Loss: 0.000308
Train Epoch: 50 [1600/10639 (15%)]	Loss: 0.000027
Train Epoch: 50 [2000/10639 (19%)]	Loss: 0.000282
Train Epoch: 50 [2400/10639 (23%)]	Loss: 0.000026
Train Epoch: 50 [2800/10639 (26%)]	Loss: 0.000035
Train Epoch: 50 [3200/10639 (30%)]	Loss: 0.000023
Train Epoch: 50 [3600/10639 (34%)]	Loss: 0.000405
Train Epoch: 50 [4000/10639 (38%)]	Loss: 0.000035
Train Epoch: 50 [4400/10639 (41%)]	Loss: 0.000026
Train Epoch: 50 [4800/10639 (45%)]	Loss: 0.001107
Train Epoch: 50 [5200/10639 (49%)]	Loss: 0.000007
Train Epoch: 50 [5600/10639 (53%)]	Loss: 0.000081
Train Epoch: 50 [6000/10639 (56%)]	Loss: 0.000061
Train Epoch: 50 [6400/10639 (60%)]	Loss: 0.000043
Train Epoch: 50 [6800/10639 (64%)]	Loss: 0.000035
Train Epoch: 50 [7200/10639 (68%)]	Loss: 0.000207
Train Epoch: 50 [7600/10639 (71%)]	Loss: 0.000047
Train Epoch: 50 [8000/10639 (75%)]	Loss: 0.000029
Train Epoch: 50 [8400/10639 (79%)]	Loss: 0.000136
Train Epoch: 50 [8800/10639 (83%)]	Loss: 0.000061
Train Epoch: 50 [9200/10639 (86%)]	Loss: 0.002858
Train Epoch: 50 [9600/10639 (90%)]	Loss: 0.000027
Train Epoch: 50 [10000/10639 (94%)]	Loss: 0.000062
Train Epoch: 50 [10400/10639 (98%)]	Loss: 0.001794
Test set: Average loss: 0.9198, Accuracy: 2216/2659 (83%)
Train Epoch: 51 [0/10639 (0%)]	Loss: 0.000276
Train Epoch: 51 [400/10639 (4%)]	Loss: 0.000039
Train Epoch: 51 [800/10639 (8%)]	Loss: 0.000044
Train Epoch: 51 [1200/10639 (11%)]	Loss: 0.000016
Train Epoch: 51 [1600/10639 (15%)]	Loss: 0.000110
Train Epoch: 51 [2000/10639 (19%)]	Loss: 0.000044
Train Epoch: 51 [2400/10639 (23%)]	Loss: 0.000024
Train Epoch: 51 [2800/10639 (26%)]	Loss: 0.000132
Train Epoch: 51 [3200/10639 (30%)]	Loss: 0.000120
Train Epoch: 51 [3600/10639 (34%)]	Loss: 0.000646
Train Epoch: 51 [4000/10639 (38%)]	Loss: 0.000051
Train Epoch: 51 [4400/10639 (41%)]	Loss: 0.000268
Train Epoch: 51 [4800/10639 (45%)]	Loss: 0.000050
Train Epoch: 51 [5200/10639 (49%)]	Loss: 0.000050
Train Epoch: 51 [5600/10639 (53%)]	Loss: 0.000023
Train Epoch: 51 [6000/10639 (56%)]	Loss: 0.000044
Train Epoch: 51 [6400/10639 (60%)]	Loss: 0.000114
Train Epoch: 51 [6800/10639 (64%)]	Loss: 0.000021
Train Epoch: 51 [7200/10639 (68%)]	Loss: 0.000057
Train Epoch: 51 [7600/10639 (71%)]	Loss: 0.000009
Train Epoch: 51 [8000/10639 (75%)]	Loss: 0.000027
Train Epoch: 51 [8400/10639 (79%)]	Loss: 0.000245
Train Epoch: 51 [8800/10639 (83%)]	Loss: 0.000064
Train Epoch: 51 [9200/10639 (86%)]	Loss: 0.000067
Train Epoch: 51 [9600/10639 (90%)]	Loss: 0.000214
Train Epoch: 51 [10000/10639 (94%)]	Loss: 0.000802
Train Epoch: 51 [10400/10639 (98%)]	Loss: 0.000117
Test set: Average loss: 0.9129, Accuracy: 2213/2659 (83%)
Train Epoch: 52 [0/10639 (0%)]	Loss: 0.000216
Train Epoch: 52 [400/10639 (4%)]	Loss: 0.000098
Train Epoch: 52 [800/10639 (8%)]	Loss: 0.000040
Train Epoch: 52 [1200/10639 (11%)]	Loss: 0.000080
Train Epoch: 52 [1600/10639 (15%)]	Loss: 0.000207
Train Epoch: 52 [2000/10639 (19%)]	Loss: 0.000076
Train Epoch: 52 [2400/10639 (23%)]	Loss: 0.000084
Train Epoch: 52 [2800/10639 (26%)]	Loss: 0.000294
Train Epoch: 52 [3200/10639 (30%)]	Loss: 0.000028
Train Epoch: 52 [3600/10639 (34%)]	Loss: 0.000009
Train Epoch: 52 [4000/10639 (38%)]	Loss: 0.000081
Train Epoch: 52 [4400/10639 (41%)]	Loss: 0.000049
Train Epoch: 52 [4800/10639 (45%)]	Loss: 0.000099
Train Epoch: 52 [5200/10639 (49%)]	Loss: 0.000029
Train Epoch: 52 [5600/10639 (53%)]	Loss: 0.000034
Train Epoch: 52 [6000/10639 (56%)]	Loss: 0.000084
Train Epoch: 52 [6400/10639 (60%)]	Loss: 0.000111
Train Epoch: 52 [6800/10639 (64%)]	Loss: 0.000037
Train Epoch: 52 [7200/10639 (68%)]	Loss: 0.000819
Train Epoch: 52 [7600/10639 (71%)]	Loss: 0.000591
Train Epoch: 52 [8000/10639 (75%)]	Loss: 0.000090
Train Epoch: 52 [8400/10639 (79%)]	Loss: 0.000049
Train Epoch: 52 [8800/10639 (83%)]	Loss: 0.000031
Train Epoch: 52 [9200/10639 (86%)]	Loss: 0.000017
Train Epoch: 52 [9600/10639 (90%)]	Loss: 0.000054
Train Epoch: 52 [10000/10639 (94%)]	Loss: 0.000072
Train Epoch: 52 [10400/10639 (98%)]	Loss: 0.000047
Test set: Average loss: 0.9678, Accuracy: 2183/2659 (82%)
Train Epoch: 53 [0/10639 (0%)]	Loss: 0.000126
Train Epoch: 53 [400/10639 (4%)]	Loss: 0.000041
Train Epoch: 53 [800/10639 (8%)]	Loss: 0.000037
Train Epoch: 53 [1200/10639 (11%)]	Loss: 0.000159
Train Epoch: 53 [1600/10639 (15%)]	Loss: 0.000261
Train Epoch: 53 [2000/10639 (19%)]	Loss: 0.000036
Train Epoch: 53 [2400/10639 (23%)]	Loss: 0.000091
Train Epoch: 53 [2800/10639 (26%)]	Loss: 0.000057
Train Epoch: 53 [3200/10639 (30%)]	Loss: 0.000016
Train Epoch: 53 [3600/10639 (34%)]	Loss: 0.000067
Train Epoch: 53 [4000/10639 (38%)]	Loss: 0.000016
Train Epoch: 53 [4400/10639 (41%)]	Loss: 0.000028
Train Epoch: 53 [4800/10639 (45%)]	Loss: 0.000055
Train Epoch: 53 [5200/10639 (49%)]	Loss: 0.000021
Train Epoch: 53 [5600/10639 (53%)]	Loss: 0.000068
Train Epoch: 53 [6000/10639 (56%)]	Loss: 0.000053
Train Epoch: 53 [6400/10639 (60%)]	Loss: 0.000231
Train Epoch: 53 [6800/10639 (64%)]	Loss: 0.000349
Train Epoch: 53 [7200/10639 (68%)]	Loss: 0.000076
Train Epoch: 53 [7600/10639 (71%)]	Loss: 0.000221
Train Epoch: 53 [8000/10639 (75%)]	Loss: 0.000028
Train Epoch: 53 [8400/10639 (79%)]	Loss: 0.000067
Train Epoch: 53 [8800/10639 (83%)]	Loss: 0.000013
Train Epoch: 53 [9200/10639 (86%)]	Loss: 0.000016
Train Epoch: 53 [9600/10639 (90%)]	Loss: 0.000058
Train Epoch: 53 [10000/10639 (94%)]	Loss: 0.000029
Train Epoch: 53 [10400/10639 (98%)]	Loss: 0.000345
Test set: Average loss: 0.8878, Accuracy: 2211/2659 (83%)
Train Epoch: 54 [0/10639 (0%)]	Loss: 0.000932
Train Epoch: 54 [400/10639 (4%)]	Loss: 0.000029
Train Epoch: 54 [800/10639 (8%)]	Loss: 0.000040
Train Epoch: 54 [1200/10639 (11%)]	Loss: 0.000405
Train Epoch: 54 [1600/10639 (15%)]	Loss: 0.000038
Train Epoch: 54 [2000/10639 (19%)]	Loss: 0.000018
Train Epoch: 54 [2400/10639 (23%)]	Loss: 0.000082
Train Epoch: 54 [2800/10639 (26%)]	Loss: 0.000059
Train Epoch: 54 [3200/10639 (30%)]	Loss: 0.000009
Train Epoch: 54 [3600/10639 (34%)]	Loss: 0.000096
Train Epoch: 54 [4000/10639 (38%)]	Loss: 0.000185
Train Epoch: 54 [4400/10639 (41%)]	Loss: 0.000008
Train Epoch: 54 [4800/10639 (45%)]	Loss: 0.000038
Train Epoch: 54 [5200/10639 (49%)]	Loss: 0.000017
Train Epoch: 54 [5600/10639 (53%)]	Loss: 0.000087
Train Epoch: 54 [6000/10639 (56%)]	Loss: 0.000065
Train Epoch: 54 [6400/10639 (60%)]	Loss: 0.000066
Train Epoch: 54 [6800/10639 (64%)]	Loss: 0.000047
Train Epoch: 54 [7200/10639 (68%)]	Loss: 0.000047
Train Epoch: 54 [7600/10639 (71%)]	Loss: 0.000598
Train Epoch: 54 [8000/10639 (75%)]	Loss: 0.000196
Train Epoch: 54 [8400/10639 (79%)]	Loss: 0.000031
Train Epoch: 54 [8800/10639 (83%)]	Loss: 0.000127
Train Epoch: 54 [9200/10639 (86%)]	Loss: 0.000027
Train Epoch: 54 [9600/10639 (90%)]	Loss: 0.000043
Train Epoch: 54 [10000/10639 (94%)]	Loss: 0.000094
Train Epoch: 54 [10400/10639 (98%)]	Loss: 0.000045
Test set: Average loss: 0.9050, Accuracy: 2220/2659 (83%)
Train Epoch: 55 [0/10639 (0%)]	Loss: 0.000056
Train Epoch: 55 [400/10639 (4%)]	Loss: 0.000088
Train Epoch: 55 [800/10639 (8%)]	Loss: 0.000088
Train Epoch: 55 [1200/10639 (11%)]	Loss: 0.000017
Train Epoch: 55 [1600/10639 (15%)]	Loss: 0.000024
Train Epoch: 55 [2000/10639 (19%)]	Loss: 0.000166
Train Epoch: 55 [2400/10639 (23%)]	Loss: 0.000024
Train Epoch: 55 [2800/10639 (26%)]	Loss: 0.001626
Train Epoch: 55 [3200/10639 (30%)]	Loss: 0.000044
Train Epoch: 55 [3600/10639 (34%)]	Loss: 0.000064
Train Epoch: 55 [4000/10639 (38%)]	Loss: 0.000014
Train Epoch: 55 [4400/10639 (41%)]	Loss: 0.000034
Train Epoch: 55 [4800/10639 (45%)]	Loss: 0.000127
Train Epoch: 55 [5200/10639 (49%)]	Loss: 0.000132
Train Epoch: 55 [5600/10639 (53%)]	Loss: 0.000029
Train Epoch: 55 [6000/10639 (56%)]	Loss: 0.000013
Train Epoch: 55 [6400/10639 (60%)]	Loss: 0.000042
Train Epoch: 55 [6800/10639 (64%)]	Loss: 0.000017
Train Epoch: 55 [7200/10639 (68%)]	Loss: 0.000034
Train Epoch: 55 [7600/10639 (71%)]	Loss: 0.000135
Train Epoch: 55 [8000/10639 (75%)]	Loss: 0.000119
Train Epoch: 55 [8400/10639 (79%)]	Loss: 0.000194
Train Epoch: 55 [8800/10639 (83%)]	Loss: 0.000036
Train Epoch: 55 [9200/10639 (86%)]	Loss: 0.000070
Train Epoch: 55 [9600/10639 (90%)]	Loss: 0.000224
Train Epoch: 55 [10000/10639 (94%)]	Loss: 0.000010
Train Epoch: 55 [10400/10639 (98%)]	Loss: 0.000072
Test set: Average loss: 0.9337, Accuracy: 2198/2659 (82%)
Train Epoch: 56 [0/10639 (0%)]	Loss: 0.000025
Train Epoch: 56 [400/10639 (4%)]	Loss: 0.000029
Train Epoch: 56 [800/10639 (8%)]	Loss: 0.000053
Train Epoch: 56 [1200/10639 (11%)]	Loss: 0.000035
Train Epoch: 56 [1600/10639 (15%)]	Loss: 0.000143
Train Epoch: 56 [2000/10639 (19%)]	Loss: 0.000041
Train Epoch: 56 [2400/10639 (23%)]	Loss: 0.000078
Train Epoch: 56 [2800/10639 (26%)]	Loss: 0.000283
Train Epoch: 56 [3200/10639 (30%)]	Loss: 0.000299
Train Epoch: 56 [3600/10639 (34%)]	Loss: 0.000017
Train Epoch: 56 [4000/10639 (38%)]	Loss: 0.000028
Train Epoch: 56 [4400/10639 (41%)]	Loss: 0.000019
Train Epoch: 56 [4800/10639 (45%)]	Loss: 0.000109
Train Epoch: 56 [5200/10639 (49%)]	Loss: 0.000022
Train Epoch: 56 [5600/10639 (53%)]	Loss: 0.000174
Train Epoch: 56 [6000/10639 (56%)]	Loss: 0.000051
Train Epoch: 56 [6400/10639 (60%)]	Loss: 0.000025
Train Epoch: 56 [6800/10639 (64%)]	Loss: 0.000172
Train Epoch: 56 [7200/10639 (68%)]	Loss: 0.000043
Train Epoch: 56 [7600/10639 (71%)]	Loss: 0.000349
Train Epoch: 56 [8000/10639 (75%)]	Loss: 0.000183
Train Epoch: 56 [8400/10639 (79%)]	Loss: 0.000109
Train Epoch: 56 [8800/10639 (83%)]	Loss: 0.000101
Train Epoch: 56 [9200/10639 (86%)]	Loss: 0.000040
Train Epoch: 56 [9600/10639 (90%)]	Loss: 0.000034
Train Epoch: 56 [10000/10639 (94%)]	Loss: 0.000192
Train Epoch: 56 [10400/10639 (98%)]	Loss: 0.000056
Test set: Average loss: 0.8978, Accuracy: 2209/2659 (83%)
Train Epoch: 57 [0/10639 (0%)]	Loss: 0.000045
Train Epoch: 57 [400/10639 (4%)]	Loss: 0.000012
Train Epoch: 57 [800/10639 (8%)]	Loss: 0.000086
Train Epoch: 57 [1200/10639 (11%)]	Loss: 0.000108
Train Epoch: 57 [1600/10639 (15%)]	Loss: 0.000014
Train Epoch: 57 [2000/10639 (19%)]	Loss: 0.000028
Train Epoch: 57 [2400/10639 (23%)]	Loss: 0.000143
Train Epoch: 57 [2800/10639 (26%)]	Loss: 0.000023
Train Epoch: 57 [3200/10639 (30%)]	Loss: 0.000029
Train Epoch: 57 [3600/10639 (34%)]	Loss: 0.000201
Train Epoch: 57 [4000/10639 (38%)]	Loss: 0.000077
Train Epoch: 57 [4400/10639 (41%)]	Loss: 0.000042
Train Epoch: 57 [4800/10639 (45%)]	Loss: 0.000163
Train Epoch: 57 [5200/10639 (49%)]	Loss: 0.000034
Train Epoch: 57 [5600/10639 (53%)]	Loss: 0.000059
Train Epoch: 57 [6000/10639 (56%)]	Loss: 0.000031
Train Epoch: 57 [6400/10639 (60%)]	Loss: 0.000060
Train Epoch: 57 [6800/10639 (64%)]	Loss: 0.000019
Train Epoch: 57 [7200/10639 (68%)]	Loss: 0.000022
Train Epoch: 57 [7600/10639 (71%)]	Loss: 0.000016
Train Epoch: 57 [8000/10639 (75%)]	Loss: 0.000046
Train Epoch: 57 [8400/10639 (79%)]	Loss: 0.000032
Train Epoch: 57 [8800/10639 (83%)]	Loss: 0.000085
Train Epoch: 57 [9200/10639 (86%)]	Loss: 0.000080
Train Epoch: 57 [9600/10639 (90%)]	Loss: 0.000021
Train Epoch: 57 [10000/10639 (94%)]	Loss: 0.000033
Train Epoch: 57 [10400/10639 (98%)]	Loss: 0.000028
Test set: Average loss: 0.9083, Accuracy: 2222/2659 (83%)
Train Epoch: 58 [0/10639 (0%)]	Loss: 0.000026
Train Epoch: 58 [400/10639 (4%)]	Loss: 0.000093
Train Epoch: 58 [800/10639 (8%)]	Loss: 0.000044
Train Epoch: 58 [1200/10639 (11%)]	Loss: 0.000009
Train Epoch: 58 [1600/10639 (15%)]	Loss: 0.000124
Train Epoch: 58 [2000/10639 (19%)]	Loss: 0.000026
Train Epoch: 58 [2400/10639 (23%)]	Loss: 0.000028
Train Epoch: 58 [2800/10639 (26%)]	Loss: 0.000059
Train Epoch: 58 [3200/10639 (30%)]	Loss: 0.000014
Train Epoch: 58 [3600/10639 (34%)]	Loss: 0.000088
Train Epoch: 58 [4000/10639 (38%)]	Loss: 0.000014
Train Epoch: 58 [4400/10639 (41%)]	Loss: 0.000023
Train Epoch: 58 [4800/10639 (45%)]	Loss: 0.000044
Train Epoch: 58 [5200/10639 (49%)]	Loss: 0.000044
Train Epoch: 58 [5600/10639 (53%)]	Loss: 0.000069
Train Epoch: 58 [6000/10639 (56%)]	Loss: 0.000078
Train Epoch: 58 [6400/10639 (60%)]	Loss: 0.000178
Train Epoch: 58 [6800/10639 (64%)]	Loss: 0.000016
Train Epoch: 58 [7200/10639 (68%)]	Loss: 0.000019
Train Epoch: 58 [7600/10639 (71%)]	Loss: 0.000085
Train Epoch: 58 [8000/10639 (75%)]	Loss: 0.000297
Train Epoch: 58 [8400/10639 (79%)]	Loss: 0.000028
Train Epoch: 58 [8800/10639 (83%)]	Loss: 0.000017
Train Epoch: 58 [9200/10639 (86%)]	Loss: 0.000053
Train Epoch: 58 [9600/10639 (90%)]	Loss: 0.000008
Train Epoch: 58 [10000/10639 (94%)]	Loss: 0.000003
Train Epoch: 58 [10400/10639 (98%)]	Loss: 0.000020
Test set: Average loss: 0.8890, Accuracy: 2231/2659 (83%)
Train Epoch: 59 [0/10639 (0%)]	Loss: 0.000021
Train Epoch: 59 [400/10639 (4%)]	Loss: 0.000060
Train Epoch: 59 [800/10639 (8%)]	Loss: 0.000024
Train Epoch: 59 [1200/10639 (11%)]	Loss: 0.000030
Train Epoch: 59 [1600/10639 (15%)]	Loss: 0.000027
Train Epoch: 59 [2000/10639 (19%)]	Loss: 0.000017
Train Epoch: 59 [2400/10639 (23%)]	Loss: 0.000077
Train Epoch: 59 [2800/10639 (26%)]	Loss: 0.000023
Train Epoch: 59 [3200/10639 (30%)]	Loss: 0.000354
Train Epoch: 59 [3600/10639 (34%)]	Loss: 0.000266
Train Epoch: 59 [4000/10639 (38%)]	Loss: 0.000034
Train Epoch: 59 [4400/10639 (41%)]	Loss: 0.000107
Train Epoch: 59 [4800/10639 (45%)]	Loss: 0.000037
Train Epoch: 59 [5200/10639 (49%)]	Loss: 0.000010
Train Epoch: 59 [5600/10639 (53%)]	Loss: 0.000047
Train Epoch: 59 [6000/10639 (56%)]	Loss: 0.000147
Train Epoch: 59 [6400/10639 (60%)]	Loss: 0.000108
Train Epoch: 59 [6800/10639 (64%)]	Loss: 0.000039
Train Epoch: 59 [7200/10639 (68%)]	Loss: 0.000057
Train Epoch: 59 [7600/10639 (71%)]	Loss: 0.000027
Train Epoch: 59 [8000/10639 (75%)]	Loss: 0.000015
Train Epoch: 59 [8400/10639 (79%)]	Loss: 0.000030
Train Epoch: 59 [8800/10639 (83%)]	Loss: 0.000073
Train Epoch: 59 [9200/10639 (86%)]	Loss: 0.000098
Train Epoch: 59 [9600/10639 (90%)]	Loss: 0.000030
Train Epoch: 59 [10000/10639 (94%)]	Loss: 0.000018
Train Epoch: 59 [10400/10639 (98%)]	Loss: 0.000068
Test set: Average loss: 0.9004, Accuracy: 2232/2659 (83%)
Train Epoch: 60 [0/10639 (0%)]	Loss: 0.000049
Train Epoch: 60 [400/10639 (4%)]	Loss: 0.000333
Train Epoch: 60 [800/10639 (8%)]	Loss: 0.000072
Train Epoch: 60 [1200/10639 (11%)]	Loss: 0.000020
Train Epoch: 60 [1600/10639 (15%)]	Loss: 0.000034
Train Epoch: 60 [2000/10639 (19%)]	Loss: 0.000084
Train Epoch: 60 [2400/10639 (23%)]	Loss: 0.000019
Train Epoch: 60 [2800/10639 (26%)]	Loss: 0.000254
Train Epoch: 60 [3200/10639 (30%)]	Loss: 0.000022
Train Epoch: 60 [3600/10639 (34%)]	Loss: 0.000019
Train Epoch: 60 [4000/10639 (38%)]	Loss: 0.000036
Train Epoch: 60 [4400/10639 (41%)]	Loss: 0.000229
Train Epoch: 60 [4800/10639 (45%)]	Loss: 0.000011
Train Epoch: 60 [5200/10639 (49%)]	Loss: 0.000100
Train Epoch: 60 [5600/10639 (53%)]	Loss: 0.000006
Train Epoch: 60 [6000/10639 (56%)]	Loss: 0.000041
Train Epoch: 60 [6400/10639 (60%)]	Loss: 0.000025
Train Epoch: 60 [6800/10639 (64%)]	Loss: 0.000029
Train Epoch: 60 [7200/10639 (68%)]	Loss: 0.000335
Train Epoch: 60 [7600/10639 (71%)]	Loss: 0.000079
Train Epoch: 60 [8000/10639 (75%)]	Loss: 0.000119
Train Epoch: 60 [8400/10639 (79%)]	Loss: 0.000013
Train Epoch: 60 [8800/10639 (83%)]	Loss: 0.000019
Train Epoch: 60 [9200/10639 (86%)]	Loss: 0.000044
Train Epoch: 60 [9600/10639 (90%)]	Loss: 0.000266
Train Epoch: 60 [10000/10639 (94%)]	Loss: 0.000073
Train Epoch: 60 [10400/10639 (98%)]	Loss: 0.000014
Test set: Average loss: 0.8996, Accuracy: 2223/2659 (83%)
