getting datasets
finished
trainning coat_length_labels:
Train Epoch: 1 [0/9056 (0%)]	Loss: 2.077661
Train Epoch: 1 [400/9056 (4%)]	Loss: 2.043799
Train Epoch: 1 [800/9056 (9%)]	Loss: 1.870532
Train Epoch: 1 [1200/9056 (13%)]	Loss: 1.762220
Train Epoch: 1 [1600/9056 (18%)]	Loss: 1.578674
Train Epoch: 1 [2000/9056 (22%)]	Loss: 1.319748
Train Epoch: 1 [2400/9056 (26%)]	Loss: 1.359810
Train Epoch: 1 [2800/9056 (31%)]	Loss: 1.256514
Train Epoch: 1 [3200/9056 (35%)]	Loss: 1.348207
Train Epoch: 1 [3600/9056 (40%)]	Loss: 1.048790
Train Epoch: 1 [4000/9056 (44%)]	Loss: 1.378455
Train Epoch: 1 [4400/9056 (48%)]	Loss: 1.286375
Train Epoch: 1 [4800/9056 (53%)]	Loss: 1.090706
Train Epoch: 1 [5200/9056 (57%)]	Loss: 1.174354
Train Epoch: 1 [5600/9056 (62%)]	Loss: 1.137215
Train Epoch: 1 [6000/9056 (66%)]	Loss: 1.003274
Train Epoch: 1 [6400/9056 (70%)]	Loss: 0.739060
Train Epoch: 1 [6800/9056 (75%)]	Loss: 0.704564
Train Epoch: 1 [7200/9056 (79%)]	Loss: 0.777678
Train Epoch: 1 [7600/9056 (84%)]	Loss: 0.840967
Train Epoch: 1 [8000/9056 (88%)]	Loss: 0.882899
Train Epoch: 1 [8400/9056 (93%)]	Loss: 0.999203
Train Epoch: 1 [8800/9056 (97%)]	Loss: 0.663022
Test set: Average loss: 1.0357, Accuracy: 1388/2264 (61%)
Train Epoch: 2 [0/9056 (0%)]	Loss: 0.477420
Train Epoch: 2 [400/9056 (4%)]	Loss: 0.826892
Train Epoch: 2 [800/9056 (9%)]	Loss: 0.825065
Train Epoch: 2 [1200/9056 (13%)]	Loss: 1.176456
Train Epoch: 2 [1600/9056 (18%)]	Loss: 0.589296
Train Epoch: 2 [2000/9056 (22%)]	Loss: 0.826769
Train Epoch: 2 [2400/9056 (26%)]	Loss: 0.797254
Train Epoch: 2 [2800/9056 (31%)]	Loss: 0.677143
Train Epoch: 2 [3200/9056 (35%)]	Loss: 0.648376
Train Epoch: 2 [3600/9056 (40%)]	Loss: 0.563043
Train Epoch: 2 [4000/9056 (44%)]	Loss: 0.902777
Train Epoch: 2 [4400/9056 (48%)]	Loss: 0.625558
Train Epoch: 2 [4800/9056 (53%)]	Loss: 0.913636
Train Epoch: 2 [5200/9056 (57%)]	Loss: 0.892197
Train Epoch: 2 [5600/9056 (62%)]	Loss: 0.479641
Train Epoch: 2 [6000/9056 (66%)]	Loss: 0.405648
Train Epoch: 2 [6400/9056 (70%)]	Loss: 0.595294
Train Epoch: 2 [6800/9056 (75%)]	Loss: 0.975171
Train Epoch: 2 [7200/9056 (79%)]	Loss: 0.451878
Train Epoch: 2 [7600/9056 (84%)]	Loss: 0.676262
Train Epoch: 2 [8000/9056 (88%)]	Loss: 0.495213
Train Epoch: 2 [8400/9056 (93%)]	Loss: 0.606268
Train Epoch: 2 [8800/9056 (97%)]	Loss: 0.701294
Test set: Average loss: 1.0379, Accuracy: 1415/2264 (62%)
Train Epoch: 3 [0/9056 (0%)]	Loss: 0.548881
Train Epoch: 3 [400/9056 (4%)]	Loss: 0.263632
Train Epoch: 3 [800/9056 (9%)]	Loss: 0.204638
Train Epoch: 3 [1200/9056 (13%)]	Loss: 0.358733
Train Epoch: 3 [1600/9056 (18%)]	Loss: 0.133053
Train Epoch: 3 [2000/9056 (22%)]	Loss: 0.420978
Train Epoch: 3 [2400/9056 (26%)]	Loss: 0.331171
Train Epoch: 3 [2800/9056 (31%)]	Loss: 0.396669
Train Epoch: 3 [3200/9056 (35%)]	Loss: 0.242444
Train Epoch: 3 [3600/9056 (40%)]	Loss: 0.311445
Train Epoch: 3 [4000/9056 (44%)]	Loss: 0.329452
Train Epoch: 3 [4400/9056 (48%)]	Loss: 0.270858
Train Epoch: 3 [4800/9056 (53%)]	Loss: 0.365865
Train Epoch: 3 [5200/9056 (57%)]	Loss: 0.314655
Train Epoch: 3 [5600/9056 (62%)]	Loss: 0.235025
Train Epoch: 3 [6000/9056 (66%)]	Loss: 0.337487
Train Epoch: 3 [6400/9056 (70%)]	Loss: 0.430974
Train Epoch: 3 [6800/9056 (75%)]	Loss: 0.506368
Train Epoch: 3 [7200/9056 (79%)]	Loss: 0.678649
Train Epoch: 3 [7600/9056 (84%)]	Loss: 0.417606
Train Epoch: 3 [8000/9056 (88%)]	Loss: 0.307265
Train Epoch: 3 [8400/9056 (93%)]	Loss: 0.462206
Train Epoch: 3 [8800/9056 (97%)]	Loss: 0.412465
Test set: Average loss: 1.9813, Accuracy: 1146/2264 (50%)
Train Epoch: 4 [0/9056 (0%)]	Loss: 0.339189
Train Epoch: 4 [400/9056 (4%)]	Loss: 0.132592
Train Epoch: 4 [800/9056 (9%)]	Loss: 0.067728
Train Epoch: 4 [1200/9056 (13%)]	Loss: 0.187729
Train Epoch: 4 [1600/9056 (18%)]	Loss: 0.138810
Train Epoch: 4 [2000/9056 (22%)]	Loss: 0.169668
Train Epoch: 4 [2400/9056 (26%)]	Loss: 0.111301
Train Epoch: 4 [2800/9056 (31%)]	Loss: 0.093367
Train Epoch: 4 [3200/9056 (35%)]	Loss: 0.163240
Train Epoch: 4 [3600/9056 (40%)]	Loss: 0.215762
Train Epoch: 4 [4000/9056 (44%)]	Loss: 0.297263
Train Epoch: 4 [4400/9056 (48%)]	Loss: 0.108956
Train Epoch: 4 [4800/9056 (53%)]	Loss: 0.203149
Train Epoch: 4 [5200/9056 (57%)]	Loss: 0.136242
Train Epoch: 4 [5600/9056 (62%)]	Loss: 0.137854
Train Epoch: 4 [6000/9056 (66%)]	Loss: 0.166885
Train Epoch: 4 [6400/9056 (70%)]	Loss: 0.144092
Train Epoch: 4 [6800/9056 (75%)]	Loss: 0.171413
Train Epoch: 4 [7200/9056 (79%)]	Loss: 0.198189
Train Epoch: 4 [7600/9056 (84%)]	Loss: 0.245871
Train Epoch: 4 [8000/9056 (88%)]	Loss: 0.147609
Train Epoch: 4 [8400/9056 (93%)]	Loss: 0.179639
Train Epoch: 4 [8800/9056 (97%)]	Loss: 0.516295
Test set: Average loss: 0.9989, Accuracy: 1551/2264 (68%)
Train Epoch: 5 [0/9056 (0%)]	Loss: 0.208090
Train Epoch: 5 [400/9056 (4%)]	Loss: 0.065739
Train Epoch: 5 [800/9056 (9%)]	Loss: 0.174814
Train Epoch: 5 [1200/9056 (13%)]	Loss: 0.097056
Train Epoch: 5 [1600/9056 (18%)]	Loss: 0.048394
Train Epoch: 5 [2000/9056 (22%)]	Loss: 0.050980
Train Epoch: 5 [2400/9056 (26%)]	Loss: 0.062487
Train Epoch: 5 [2800/9056 (31%)]	Loss: 0.102585
Train Epoch: 5 [3200/9056 (35%)]	Loss: 0.118551
Train Epoch: 5 [3600/9056 (40%)]	Loss: 0.289231
Train Epoch: 5 [4000/9056 (44%)]	Loss: 0.084724
Train Epoch: 5 [4400/9056 (48%)]	Loss: 0.128683
Train Epoch: 5 [4800/9056 (53%)]	Loss: 0.158332
Train Epoch: 5 [5200/9056 (57%)]	Loss: 0.188481
Train Epoch: 5 [5600/9056 (62%)]	Loss: 0.116926
Train Epoch: 5 [6000/9056 (66%)]	Loss: 0.163594
Train Epoch: 5 [6400/9056 (70%)]	Loss: 0.209485
Train Epoch: 5 [6800/9056 (75%)]	Loss: 0.136879
Train Epoch: 5 [7200/9056 (79%)]	Loss: 0.162220
Train Epoch: 5 [7600/9056 (84%)]	Loss: 0.068195
Train Epoch: 5 [8000/9056 (88%)]	Loss: 0.351263
Train Epoch: 5 [8400/9056 (93%)]	Loss: 0.238458
Train Epoch: 5 [8800/9056 (97%)]	Loss: 0.070693
Test set: Average loss: 0.9959, Accuracy: 1640/2264 (72%)
Train Epoch: 6 [0/9056 (0%)]	Loss: 0.222112
Train Epoch: 6 [400/9056 (4%)]	Loss: 0.066044
Train Epoch: 6 [800/9056 (9%)]	Loss: 0.027009
Train Epoch: 6 [1200/9056 (13%)]	Loss: 0.080117
Train Epoch: 6 [1600/9056 (18%)]	Loss: 0.029908
Train Epoch: 6 [2000/9056 (22%)]	Loss: 0.108951
Train Epoch: 6 [2400/9056 (26%)]	Loss: 0.065345
Train Epoch: 6 [2800/9056 (31%)]	Loss: 0.041231
Train Epoch: 6 [3200/9056 (35%)]	Loss: 0.081678
Train Epoch: 6 [3600/9056 (40%)]	Loss: 0.103247
Train Epoch: 6 [4000/9056 (44%)]	Loss: 0.028285
Train Epoch: 6 [4400/9056 (48%)]	Loss: 0.082138
Train Epoch: 6 [4800/9056 (53%)]	Loss: 0.159759
Train Epoch: 6 [5200/9056 (57%)]	Loss: 0.331319
Train Epoch: 6 [5600/9056 (62%)]	Loss: 0.256497
Train Epoch: 6 [6000/9056 (66%)]	Loss: 0.063214
Train Epoch: 6 [6400/9056 (70%)]	Loss: 0.037877
Train Epoch: 6 [6800/9056 (75%)]	Loss: 0.047348
Train Epoch: 6 [7200/9056 (79%)]	Loss: 0.053940
Train Epoch: 6 [7600/9056 (84%)]	Loss: 0.141298
Train Epoch: 6 [8000/9056 (88%)]	Loss: 0.069074
Train Epoch: 6 [8400/9056 (93%)]	Loss: 0.145224
Train Epoch: 6 [8800/9056 (97%)]	Loss: 0.093520
Test set: Average loss: 0.9798, Accuracy: 1679/2264 (74%)
Train Epoch: 7 [0/9056 (0%)]	Loss: 0.077398
Train Epoch: 7 [400/9056 (4%)]	Loss: 0.014928
Train Epoch: 7 [800/9056 (9%)]	Loss: 0.061733
Train Epoch: 7 [1200/9056 (13%)]	Loss: 0.012988
Train Epoch: 7 [1600/9056 (18%)]	Loss: 0.060575
Train Epoch: 7 [2000/9056 (22%)]	Loss: 0.034714
Train Epoch: 7 [2400/9056 (26%)]	Loss: 0.041375
Train Epoch: 7 [2800/9056 (31%)]	Loss: 0.065927
Train Epoch: 7 [3200/9056 (35%)]	Loss: 0.042537
Train Epoch: 7 [3600/9056 (40%)]	Loss: 0.037617
Train Epoch: 7 [4000/9056 (44%)]	Loss: 0.110102
Train Epoch: 7 [4400/9056 (48%)]	Loss: 0.108296
Train Epoch: 7 [4800/9056 (53%)]	Loss: 0.006709
Train Epoch: 7 [5200/9056 (57%)]	Loss: 0.027397
Train Epoch: 7 [5600/9056 (62%)]	Loss: 0.167894
Train Epoch: 7 [6000/9056 (66%)]	Loss: 0.026616
Train Epoch: 7 [6400/9056 (70%)]	Loss: 0.043694
Train Epoch: 7 [6800/9056 (75%)]	Loss: 0.053385
Train Epoch: 7 [7200/9056 (79%)]	Loss: 0.042693
Train Epoch: 7 [7600/9056 (84%)]	Loss: 0.008811
Train Epoch: 7 [8000/9056 (88%)]	Loss: 0.170666
Train Epoch: 7 [8400/9056 (93%)]	Loss: 0.065732
Train Epoch: 7 [8800/9056 (97%)]	Loss: 0.052293
Test set: Average loss: 0.9777, Accuracy: 1694/2264 (74%)
Train Epoch: 8 [0/9056 (0%)]	Loss: 0.079640
Train Epoch: 8 [400/9056 (4%)]	Loss: 0.033972
Train Epoch: 8 [800/9056 (9%)]	Loss: 0.009349
Train Epoch: 8 [1200/9056 (13%)]	Loss: 0.031550
Train Epoch: 8 [1600/9056 (18%)]	Loss: 0.087455
Train Epoch: 8 [2000/9056 (22%)]	Loss: 0.006288
Train Epoch: 8 [2400/9056 (26%)]	Loss: 0.211923
Train Epoch: 8 [2800/9056 (31%)]	Loss: 0.067192
Train Epoch: 8 [3200/9056 (35%)]	Loss: 0.015402
Train Epoch: 8 [3600/9056 (40%)]	Loss: 0.183518
Train Epoch: 8 [4000/9056 (44%)]	Loss: 0.051564
Train Epoch: 8 [4400/9056 (48%)]	Loss: 0.118279
Train Epoch: 8 [4800/9056 (53%)]	Loss: 0.025994
Train Epoch: 8 [5200/9056 (57%)]	Loss: 0.060631
Train Epoch: 8 [5600/9056 (62%)]	Loss: 0.084744
Train Epoch: 8 [6000/9056 (66%)]	Loss: 0.076775
Train Epoch: 8 [6400/9056 (70%)]	Loss: 0.006964
Train Epoch: 8 [6800/9056 (75%)]	Loss: 0.095206
Train Epoch: 8 [7200/9056 (79%)]	Loss: 0.033271
Train Epoch: 8 [7600/9056 (84%)]	Loss: 0.059720
Train Epoch: 8 [8000/9056 (88%)]	Loss: 0.021743
Train Epoch: 8 [8400/9056 (93%)]	Loss: 0.140774
Train Epoch: 8 [8800/9056 (97%)]	Loss: 0.042385
Test set: Average loss: 0.8890, Accuracy: 1727/2264 (76%)
Train Epoch: 9 [0/9056 (0%)]	Loss: 0.008071
Train Epoch: 9 [400/9056 (4%)]	Loss: 0.029424
Train Epoch: 9 [800/9056 (9%)]	Loss: 0.063267
Train Epoch: 9 [1200/9056 (13%)]	Loss: 0.015996
Train Epoch: 9 [1600/9056 (18%)]	Loss: 0.106947
Train Epoch: 9 [2000/9056 (22%)]	Loss: 0.017999
Train Epoch: 9 [2400/9056 (26%)]	Loss: 0.083512
Train Epoch: 9 [2800/9056 (31%)]	Loss: 0.013600
Train Epoch: 9 [3200/9056 (35%)]	Loss: 0.022497
Train Epoch: 9 [3600/9056 (40%)]	Loss: 0.006153
Train Epoch: 9 [4000/9056 (44%)]	Loss: 0.005398
Train Epoch: 9 [4400/9056 (48%)]	Loss: 0.010128
Train Epoch: 9 [4800/9056 (53%)]	Loss: 0.003821
Train Epoch: 9 [5200/9056 (57%)]	Loss: 0.015737
Train Epoch: 9 [5600/9056 (62%)]	Loss: 0.017734
Train Epoch: 9 [6000/9056 (66%)]	Loss: 0.024898
Train Epoch: 9 [6400/9056 (70%)]	Loss: 0.007519
Train Epoch: 9 [6800/9056 (75%)]	Loss: 0.031383
Train Epoch: 9 [7200/9056 (79%)]	Loss: 0.092641
Train Epoch: 9 [7600/9056 (84%)]	Loss: 0.009412
Train Epoch: 9 [8000/9056 (88%)]	Loss: 0.032164
Train Epoch: 9 [8400/9056 (93%)]	Loss: 0.059511
Train Epoch: 9 [8800/9056 (97%)]	Loss: 0.016216
Test set: Average loss: 0.9183, Accuracy: 1751/2264 (77%)
Train Epoch: 10 [0/9056 (0%)]	Loss: 0.004918
Train Epoch: 10 [400/9056 (4%)]	Loss: 0.209694
Train Epoch: 10 [800/9056 (9%)]	Loss: 0.022849
Train Epoch: 10 [1200/9056 (13%)]	Loss: 0.009813
Train Epoch: 10 [1600/9056 (18%)]	Loss: 0.040630
Train Epoch: 10 [2000/9056 (22%)]	Loss: 0.006556
Train Epoch: 10 [2400/9056 (26%)]	Loss: 0.038519
Train Epoch: 10 [2800/9056 (31%)]	Loss: 0.004176
Train Epoch: 10 [3200/9056 (35%)]	Loss: 0.021933
Train Epoch: 10 [3600/9056 (40%)]	Loss: 0.018763
Train Epoch: 10 [4000/9056 (44%)]	Loss: 0.011012
Train Epoch: 10 [4400/9056 (48%)]	Loss: 0.059676
Train Epoch: 10 [4800/9056 (53%)]	Loss: 0.026256
Train Epoch: 10 [5200/9056 (57%)]	Loss: 0.009655
Train Epoch: 10 [5600/9056 (62%)]	Loss: 0.011562
Train Epoch: 10 [6000/9056 (66%)]	Loss: 0.006648
Train Epoch: 10 [6400/9056 (70%)]	Loss: 0.005705
Train Epoch: 10 [6800/9056 (75%)]	Loss: 0.001791
Train Epoch: 10 [7200/9056 (79%)]	Loss: 0.001753
Train Epoch: 10 [7600/9056 (84%)]	Loss: 0.013680
Train Epoch: 10 [8000/9056 (88%)]	Loss: 0.011829
Train Epoch: 10 [8400/9056 (93%)]	Loss: 0.037880
Train Epoch: 10 [8800/9056 (97%)]	Loss: 0.178251
Test set: Average loss: 1.0730, Accuracy: 1706/2264 (75%)
Train Epoch: 11 [0/9056 (0%)]	Loss: 0.066776
Train Epoch: 11 [400/9056 (4%)]	Loss: 0.005211
Train Epoch: 11 [800/9056 (9%)]	Loss: 0.003750
Train Epoch: 11 [1200/9056 (13%)]	Loss: 0.003210
Train Epoch: 11 [1600/9056 (18%)]	Loss: 0.190223
Train Epoch: 11 [2000/9056 (22%)]	Loss: 0.006298
Train Epoch: 11 [2400/9056 (26%)]	Loss: 0.043780
Train Epoch: 11 [2800/9056 (31%)]	Loss: 0.035735
Train Epoch: 11 [3200/9056 (35%)]	Loss: 0.009202
Train Epoch: 11 [3600/9056 (40%)]	Loss: 0.024808
Train Epoch: 11 [4000/9056 (44%)]	Loss: 0.047291
Train Epoch: 11 [4400/9056 (48%)]	Loss: 0.004113
Train Epoch: 11 [4800/9056 (53%)]	Loss: 0.013288
Train Epoch: 11 [5200/9056 (57%)]	Loss: 0.043497
Train Epoch: 11 [5600/9056 (62%)]	Loss: 0.010406
Train Epoch: 11 [6000/9056 (66%)]	Loss: 0.102195
Train Epoch: 11 [6400/9056 (70%)]	Loss: 0.006505
Train Epoch: 11 [6800/9056 (75%)]	Loss: 0.036040
Train Epoch: 11 [7200/9056 (79%)]	Loss: 0.009878
Train Epoch: 11 [7600/9056 (84%)]	Loss: 0.045506
Train Epoch: 11 [8000/9056 (88%)]	Loss: 0.052390
Train Epoch: 11 [8400/9056 (93%)]	Loss: 0.011276
Train Epoch: 11 [8800/9056 (97%)]	Loss: 0.025998
Test set: Average loss: 1.3951, Accuracy: 1588/2264 (70%)
Train Epoch: 12 [0/9056 (0%)]	Loss: 0.024962
Train Epoch: 12 [400/9056 (4%)]	Loss: 0.067440
Train Epoch: 12 [800/9056 (9%)]	Loss: 0.017604
Train Epoch: 12 [1200/9056 (13%)]	Loss: 0.020105
Train Epoch: 12 [1600/9056 (18%)]	Loss: 0.009429
Train Epoch: 12 [2000/9056 (22%)]	Loss: 0.005874
Train Epoch: 12 [2400/9056 (26%)]	Loss: 0.023345
Train Epoch: 12 [2800/9056 (31%)]	Loss: 0.003854
Train Epoch: 12 [3200/9056 (35%)]	Loss: 0.007999
Train Epoch: 12 [3600/9056 (40%)]	Loss: 0.007332
Train Epoch: 12 [4000/9056 (44%)]	Loss: 0.047166
Train Epoch: 12 [4400/9056 (48%)]	Loss: 0.002056
Train Epoch: 12 [4800/9056 (53%)]	Loss: 0.008685
Train Epoch: 12 [5200/9056 (57%)]	Loss: 0.025043
Train Epoch: 12 [5600/9056 (62%)]	Loss: 0.016579
Train Epoch: 12 [6000/9056 (66%)]	Loss: 0.002271
Train Epoch: 12 [6400/9056 (70%)]	Loss: 0.003777
Train Epoch: 12 [6800/9056 (75%)]	Loss: 0.007085
Train Epoch: 12 [7200/9056 (79%)]	Loss: 0.019704
Train Epoch: 12 [7600/9056 (84%)]	Loss: 0.000778
Train Epoch: 12 [8000/9056 (88%)]	Loss: 0.022708
Train Epoch: 12 [8400/9056 (93%)]	Loss: 0.082076
Train Epoch: 12 [8800/9056 (97%)]	Loss: 0.010401
Test set: Average loss: 1.0353, Accuracy: 1741/2264 (76%)
Train Epoch: 13 [0/9056 (0%)]	Loss: 0.070179
Train Epoch: 13 [400/9056 (4%)]	Loss: 0.006810
Train Epoch: 13 [800/9056 (9%)]	Loss: 0.001215
Train Epoch: 13 [1200/9056 (13%)]	Loss: 0.001311
Train Epoch: 13 [1600/9056 (18%)]	Loss: 0.008583
Train Epoch: 13 [2000/9056 (22%)]	Loss: 0.029670
Train Epoch: 13 [2400/9056 (26%)]	Loss: 0.007919
Train Epoch: 13 [2800/9056 (31%)]	Loss: 0.007073
Train Epoch: 13 [3200/9056 (35%)]	Loss: 0.003489
Train Epoch: 13 [3600/9056 (40%)]	Loss: 0.003888
Train Epoch: 13 [4000/9056 (44%)]	Loss: 0.001897
Train Epoch: 13 [4400/9056 (48%)]	Loss: 0.063795
Train Epoch: 13 [4800/9056 (53%)]	Loss: 0.002392
Train Epoch: 13 [5200/9056 (57%)]	Loss: 0.002334
Train Epoch: 13 [5600/9056 (62%)]	Loss: 0.015238
Train Epoch: 13 [6000/9056 (66%)]	Loss: 0.009888
Train Epoch: 13 [6400/9056 (70%)]	Loss: 0.096461
Train Epoch: 13 [6800/9056 (75%)]	Loss: 0.044215
Train Epoch: 13 [7200/9056 (79%)]	Loss: 0.086477
Train Epoch: 13 [7600/9056 (84%)]	Loss: 0.013993
Train Epoch: 13 [8000/9056 (88%)]	Loss: 0.008452
Train Epoch: 13 [8400/9056 (93%)]	Loss: 0.008484
Train Epoch: 13 [8800/9056 (97%)]	Loss: 0.014680
Test set: Average loss: 1.1313, Accuracy: 1693/2264 (74%)
Train Epoch: 14 [0/9056 (0%)]	Loss: 0.001222
Train Epoch: 14 [400/9056 (4%)]	Loss: 0.007135
Train Epoch: 14 [800/9056 (9%)]	Loss: 0.168562
Train Epoch: 14 [1200/9056 (13%)]	Loss: 0.002682
Train Epoch: 14 [1600/9056 (18%)]	Loss: 0.010985
Train Epoch: 14 [2000/9056 (22%)]	Loss: 0.026785
Train Epoch: 14 [2400/9056 (26%)]	Loss: 0.001365
Train Epoch: 14 [2800/9056 (31%)]	Loss: 0.004603
Train Epoch: 14 [3200/9056 (35%)]	Loss: 0.003948
Train Epoch: 14 [3600/9056 (40%)]	Loss: 0.003476
Train Epoch: 14 [4000/9056 (44%)]	Loss: 0.002095
Train Epoch: 14 [4400/9056 (48%)]	Loss: 0.001414
Train Epoch: 14 [4800/9056 (53%)]	Loss: 0.001153
Train Epoch: 14 [5200/9056 (57%)]	Loss: 0.005166
Train Epoch: 14 [5600/9056 (62%)]	Loss: 0.009840
Train Epoch: 14 [6000/9056 (66%)]	Loss: 0.061910
Train Epoch: 14 [6400/9056 (70%)]	Loss: 0.001018
Train Epoch: 14 [6800/9056 (75%)]	Loss: 0.003511
Train Epoch: 14 [7200/9056 (79%)]	Loss: 0.020062
Train Epoch: 14 [7600/9056 (84%)]	Loss: 0.025283
Train Epoch: 14 [8000/9056 (88%)]	Loss: 0.009045
Train Epoch: 14 [8400/9056 (93%)]	Loss: 0.005421
Train Epoch: 14 [8800/9056 (97%)]	Loss: 0.019434
Test set: Average loss: 1.0275, Accuracy: 1722/2264 (76%)
Train Epoch: 15 [0/9056 (0%)]	Loss: 0.016724
Train Epoch: 15 [400/9056 (4%)]	Loss: 0.033321
Train Epoch: 15 [800/9056 (9%)]	Loss: 0.031474
Train Epoch: 15 [1200/9056 (13%)]	Loss: 0.004729
Train Epoch: 15 [1600/9056 (18%)]	Loss: 0.003138
Train Epoch: 15 [2000/9056 (22%)]	Loss: 0.003310
Train Epoch: 15 [2400/9056 (26%)]	Loss: 0.009287
Train Epoch: 15 [2800/9056 (31%)]	Loss: 0.049290
Train Epoch: 15 [3200/9056 (35%)]	Loss: 0.025922
Train Epoch: 15 [3600/9056 (40%)]	Loss: 0.002868
Train Epoch: 15 [4000/9056 (44%)]	Loss: 0.002004
Train Epoch: 15 [4400/9056 (48%)]	Loss: 0.003066
Train Epoch: 15 [4800/9056 (53%)]	Loss: 0.001108
Train Epoch: 15 [5200/9056 (57%)]	Loss: 0.006591
Train Epoch: 15 [5600/9056 (62%)]	Loss: 0.013684
Train Epoch: 15 [6000/9056 (66%)]	Loss: 0.000850
Train Epoch: 15 [6400/9056 (70%)]	Loss: 0.006654
Train Epoch: 15 [6800/9056 (75%)]	Loss: 0.009662
Train Epoch: 15 [7200/9056 (79%)]	Loss: 0.036278
Train Epoch: 15 [7600/9056 (84%)]	Loss: 0.003624
Train Epoch: 15 [8000/9056 (88%)]	Loss: 0.004377
Train Epoch: 15 [8400/9056 (93%)]	Loss: 0.008363
Train Epoch: 15 [8800/9056 (97%)]	Loss: 0.000722
Test set: Average loss: 1.0807, Accuracy: 1739/2264 (76%)
Train Epoch: 16 [0/9056 (0%)]	Loss: 0.005574
Train Epoch: 16 [400/9056 (4%)]	Loss: 0.002780
Train Epoch: 16 [800/9056 (9%)]	Loss: 0.009584
Train Epoch: 16 [1200/9056 (13%)]	Loss: 0.001220
Train Epoch: 16 [1600/9056 (18%)]	Loss: 0.058202
Train Epoch: 16 [2000/9056 (22%)]	Loss: 0.003702
Train Epoch: 16 [2400/9056 (26%)]	Loss: 0.001674
Train Epoch: 16 [2800/9056 (31%)]	Loss: 0.000494
Train Epoch: 16 [3200/9056 (35%)]	Loss: 0.102458
Train Epoch: 16 [3600/9056 (40%)]	Loss: 0.002819
Train Epoch: 16 [4000/9056 (44%)]	Loss: 0.021342
Train Epoch: 16 [4400/9056 (48%)]	Loss: 0.005084
Train Epoch: 16 [4800/9056 (53%)]	Loss: 0.002553
Train Epoch: 16 [5200/9056 (57%)]	Loss: 0.002260
Train Epoch: 16 [5600/9056 (62%)]	Loss: 0.000556
Train Epoch: 16 [6000/9056 (66%)]	Loss: 0.003393
Train Epoch: 16 [6400/9056 (70%)]	Loss: 0.002300
Train Epoch: 16 [6800/9056 (75%)]	Loss: 0.002615
Train Epoch: 16 [7200/9056 (79%)]	Loss: 0.001937
Train Epoch: 16 [7600/9056 (84%)]	Loss: 0.000915
Train Epoch: 16 [8000/9056 (88%)]	Loss: 0.004838
Train Epoch: 16 [8400/9056 (93%)]	Loss: 0.002311
Train Epoch: 16 [8800/9056 (97%)]	Loss: 0.000952
Test set: Average loss: 0.9546, Accuracy: 1778/2264 (78%)
Train Epoch: 17 [0/9056 (0%)]	Loss: 0.000526
Train Epoch: 17 [400/9056 (4%)]	Loss: 0.006164
Train Epoch: 17 [800/9056 (9%)]	Loss: 0.001712
Train Epoch: 17 [1200/9056 (13%)]	Loss: 0.000794
Train Epoch: 17 [1600/9056 (18%)]	Loss: 0.001704
Train Epoch: 17 [2000/9056 (22%)]	Loss: 0.001736
Train Epoch: 17 [2400/9056 (26%)]	Loss: 0.008586
Train Epoch: 17 [2800/9056 (31%)]	Loss: 0.001567
Train Epoch: 17 [3200/9056 (35%)]	Loss: 0.000718
Train Epoch: 17 [3600/9056 (40%)]	Loss: 0.007434
Train Epoch: 17 [4000/9056 (44%)]	Loss: 0.000549
Train Epoch: 17 [4400/9056 (48%)]	Loss: 0.000460
Train Epoch: 17 [4800/9056 (53%)]	Loss: 0.001574
Train Epoch: 17 [5200/9056 (57%)]	Loss: 0.004212
Train Epoch: 17 [5600/9056 (62%)]	Loss: 0.001502
Train Epoch: 17 [6000/9056 (66%)]	Loss: 0.000765
Train Epoch: 17 [6400/9056 (70%)]	Loss: 0.001312
Train Epoch: 17 [6800/9056 (75%)]	Loss: 0.003083
Train Epoch: 17 [7200/9056 (79%)]	Loss: 0.000841
Train Epoch: 17 [7600/9056 (84%)]	Loss: 0.003525
Train Epoch: 17 [8000/9056 (88%)]	Loss: 0.013600
Train Epoch: 17 [8400/9056 (93%)]	Loss: 0.001596
Train Epoch: 17 [8800/9056 (97%)]	Loss: 0.071152
Test set: Average loss: 1.0378, Accuracy: 1771/2264 (78%)
Train Epoch: 18 [0/9056 (0%)]	Loss: 0.000771
Train Epoch: 18 [400/9056 (4%)]	Loss: 0.000503
Train Epoch: 18 [800/9056 (9%)]	Loss: 0.001155
Train Epoch: 18 [1200/9056 (13%)]	Loss: 0.000128
Train Epoch: 18 [1600/9056 (18%)]	Loss: 0.003095
Train Epoch: 18 [2000/9056 (22%)]	Loss: 0.002679
Train Epoch: 18 [2400/9056 (26%)]	Loss: 0.003418
Train Epoch: 18 [2800/9056 (31%)]	Loss: 0.000434
Train Epoch: 18 [3200/9056 (35%)]	Loss: 0.000784
Train Epoch: 18 [3600/9056 (40%)]	Loss: 0.000681
Train Epoch: 18 [4000/9056 (44%)]	Loss: 0.000756
Train Epoch: 18 [4400/9056 (48%)]	Loss: 0.019060
Train Epoch: 18 [4800/9056 (53%)]	Loss: 0.003951
Train Epoch: 18 [5200/9056 (57%)]	Loss: 0.000736
Train Epoch: 18 [5600/9056 (62%)]	Loss: 0.013029
Train Epoch: 18 [6000/9056 (66%)]	Loss: 0.001953
Train Epoch: 18 [6400/9056 (70%)]	Loss: 0.110206
Train Epoch: 18 [6800/9056 (75%)]	Loss: 0.004698
Train Epoch: 18 [7200/9056 (79%)]	Loss: 0.001468
Train Epoch: 18 [7600/9056 (84%)]	Loss: 0.000282
Train Epoch: 18 [8000/9056 (88%)]	Loss: 0.000628
Train Epoch: 18 [8400/9056 (93%)]	Loss: 0.001010
Train Epoch: 18 [8800/9056 (97%)]	Loss: 0.015814
Test set: Average loss: 1.0747, Accuracy: 1762/2264 (77%)
Train Epoch: 19 [0/9056 (0%)]	Loss: 0.005136
Train Epoch: 19 [400/9056 (4%)]	Loss: 0.000941
Train Epoch: 19 [800/9056 (9%)]	Loss: 0.001263
Train Epoch: 19 [1200/9056 (13%)]	Loss: 0.001717
Train Epoch: 19 [1600/9056 (18%)]	Loss: 0.002072
Train Epoch: 19 [2000/9056 (22%)]	Loss: 0.000620
Train Epoch: 19 [2400/9056 (26%)]	Loss: 0.000901
Train Epoch: 19 [2800/9056 (31%)]	Loss: 0.041630
Train Epoch: 19 [3200/9056 (35%)]	Loss: 0.001733
Train Epoch: 19 [3600/9056 (40%)]	Loss: 0.001161
Train Epoch: 19 [4000/9056 (44%)]	Loss: 0.004464
Train Epoch: 19 [4400/9056 (48%)]	Loss: 0.006286
Train Epoch: 19 [4800/9056 (53%)]	Loss: 0.003454
Train Epoch: 19 [5200/9056 (57%)]	Loss: 0.002330
Train Epoch: 19 [5600/9056 (62%)]	Loss: 0.010755
Train Epoch: 19 [6000/9056 (66%)]	Loss: 0.003169
Train Epoch: 19 [6400/9056 (70%)]	Loss: 0.002788
Train Epoch: 19 [6800/9056 (75%)]	Loss: 0.003363
Train Epoch: 19 [7200/9056 (79%)]	Loss: 0.081133
Train Epoch: 19 [7600/9056 (84%)]	Loss: 0.000731
Train Epoch: 19 [8000/9056 (88%)]	Loss: 0.000497
Train Epoch: 19 [8400/9056 (93%)]	Loss: 0.014323
Train Epoch: 19 [8800/9056 (97%)]	Loss: 0.003493
Test set: Average loss: 1.1430, Accuracy: 1743/2264 (76%)
Train Epoch: 20 [0/9056 (0%)]	Loss: 0.006119
Train Epoch: 20 [400/9056 (4%)]	Loss: 0.005872
Train Epoch: 20 [800/9056 (9%)]	Loss: 0.001004
Train Epoch: 20 [1200/9056 (13%)]	Loss: 0.002451
Train Epoch: 20 [1600/9056 (18%)]	Loss: 0.001002
Train Epoch: 20 [2000/9056 (22%)]	Loss: 0.044253
Train Epoch: 20 [2400/9056 (26%)]	Loss: 0.001254
Train Epoch: 20 [2800/9056 (31%)]	Loss: 0.002890
Train Epoch: 20 [3200/9056 (35%)]	Loss: 0.001071
Train Epoch: 20 [3600/9056 (40%)]	Loss: 0.015962
Train Epoch: 20 [4000/9056 (44%)]	Loss: 0.001714
Train Epoch: 20 [4400/9056 (48%)]	Loss: 0.000744
Train Epoch: 20 [4800/9056 (53%)]	Loss: 0.001096
Train Epoch: 20 [5200/9056 (57%)]	Loss: 0.000900
Train Epoch: 20 [5600/9056 (62%)]	Loss: 0.012609
Train Epoch: 20 [6000/9056 (66%)]	Loss: 0.003894
Train Epoch: 20 [6400/9056 (70%)]	Loss: 0.006067
Train Epoch: 20 [6800/9056 (75%)]	Loss: 0.000507
Train Epoch: 20 [7200/9056 (79%)]	Loss: 0.017760
Train Epoch: 20 [7600/9056 (84%)]	Loss: 0.003349
Train Epoch: 20 [8000/9056 (88%)]	Loss: 0.001266
Train Epoch: 20 [8400/9056 (93%)]	Loss: 0.007806
Train Epoch: 20 [8800/9056 (97%)]	Loss: 0.000464
Test set: Average loss: 1.0401, Accuracy: 1767/2264 (78%)
Train Epoch: 21 [0/9056 (0%)]	Loss: 0.000517
Train Epoch: 21 [400/9056 (4%)]	Loss: 0.003238
Train Epoch: 21 [800/9056 (9%)]	Loss: 0.003371
Train Epoch: 21 [1200/9056 (13%)]	Loss: 0.000595
Train Epoch: 21 [1600/9056 (18%)]	Loss: 0.001507
Train Epoch: 21 [2000/9056 (22%)]	Loss: 0.003088
Train Epoch: 21 [2400/9056 (26%)]	Loss: 0.000499
Train Epoch: 21 [2800/9056 (31%)]	Loss: 0.000460
Train Epoch: 21 [3200/9056 (35%)]	Loss: 0.000705
Train Epoch: 21 [3600/9056 (40%)]	Loss: 0.012921
Train Epoch: 21 [4000/9056 (44%)]	Loss: 0.031454
Train Epoch: 21 [4400/9056 (48%)]	Loss: 0.007598
Train Epoch: 21 [4800/9056 (53%)]	Loss: 0.000249
Train Epoch: 21 [5200/9056 (57%)]	Loss: 0.002288
Train Epoch: 21 [5600/9056 (62%)]	Loss: 0.001540
Train Epoch: 21 [6000/9056 (66%)]	Loss: 0.003709
Train Epoch: 21 [6400/9056 (70%)]	Loss: 0.000984
Train Epoch: 21 [6800/9056 (75%)]	Loss: 0.006642
Train Epoch: 21 [7200/9056 (79%)]	Loss: 0.000960
Train Epoch: 21 [7600/9056 (84%)]	Loss: 0.005655
Train Epoch: 21 [8000/9056 (88%)]	Loss: 0.001168
Train Epoch: 21 [8400/9056 (93%)]	Loss: 0.001011
Train Epoch: 21 [8800/9056 (97%)]	Loss: 0.044460
Test set: Average loss: 1.0678, Accuracy: 1743/2264 (76%)
Train Epoch: 22 [0/9056 (0%)]	Loss: 0.006425
Train Epoch: 22 [400/9056 (4%)]	Loss: 0.000331
Train Epoch: 22 [800/9056 (9%)]	Loss: 0.000175
Train Epoch: 22 [1200/9056 (13%)]	Loss: 0.001152
Train Epoch: 22 [1600/9056 (18%)]	Loss: 0.000972
Train Epoch: 22 [2000/9056 (22%)]	Loss: 0.006176
Train Epoch: 22 [2400/9056 (26%)]	Loss: 0.000651
Train Epoch: 22 [2800/9056 (31%)]	Loss: 0.001433
Train Epoch: 22 [3200/9056 (35%)]	Loss: 0.000329
Train Epoch: 22 [3600/9056 (40%)]	Loss: 0.001314
Train Epoch: 22 [4000/9056 (44%)]	Loss: 0.000510
Train Epoch: 22 [4400/9056 (48%)]	Loss: 0.001163
Train Epoch: 22 [4800/9056 (53%)]	Loss: 0.000101
Train Epoch: 22 [5200/9056 (57%)]	Loss: 0.002412
Train Epoch: 22 [5600/9056 (62%)]	Loss: 0.000685
Train Epoch: 22 [6000/9056 (66%)]	Loss: 0.017953
Train Epoch: 22 [6400/9056 (70%)]	Loss: 0.015229
Train Epoch: 22 [6800/9056 (75%)]	Loss: 0.001771
Train Epoch: 22 [7200/9056 (79%)]	Loss: 0.002343
Train Epoch: 22 [7600/9056 (84%)]	Loss: 0.000668
Train Epoch: 22 [8000/9056 (88%)]	Loss: 0.000659
Train Epoch: 22 [8400/9056 (93%)]	Loss: 0.000601
Train Epoch: 22 [8800/9056 (97%)]	Loss: 0.001612
Test set: Average loss: 1.0721, Accuracy: 1769/2264 (78%)
Train Epoch: 23 [0/9056 (0%)]	Loss: 0.002893
Train Epoch: 23 [400/9056 (4%)]	Loss: 0.001118
Train Epoch: 23 [800/9056 (9%)]	Loss: 0.000112
Train Epoch: 23 [1200/9056 (13%)]	Loss: 0.000495
Train Epoch: 23 [1600/9056 (18%)]	Loss: 0.000317
Train Epoch: 23 [2000/9056 (22%)]	Loss: 0.000146
Train Epoch: 23 [2400/9056 (26%)]	Loss: 0.000517
Train Epoch: 23 [2800/9056 (31%)]	Loss: 0.000490
Train Epoch: 23 [3200/9056 (35%)]	Loss: 0.002991
Train Epoch: 23 [3600/9056 (40%)]	Loss: 0.001282
Train Epoch: 23 [4000/9056 (44%)]	Loss: 0.000191
Train Epoch: 23 [4400/9056 (48%)]	Loss: 0.000345
Train Epoch: 23 [4800/9056 (53%)]	Loss: 0.000494
Train Epoch: 23 [5200/9056 (57%)]	Loss: 0.000506
Train Epoch: 23 [5600/9056 (62%)]	Loss: 0.003082
Train Epoch: 23 [6000/9056 (66%)]	Loss: 0.000209
Train Epoch: 23 [6400/9056 (70%)]	Loss: 0.000498
Train Epoch: 23 [6800/9056 (75%)]	Loss: 0.000753
Train Epoch: 23 [7200/9056 (79%)]	Loss: 0.001049
Train Epoch: 23 [7600/9056 (84%)]	Loss: 0.000715
Train Epoch: 23 [8000/9056 (88%)]	Loss: 0.000381
Train Epoch: 23 [8400/9056 (93%)]	Loss: 0.000295
Train Epoch: 23 [8800/9056 (97%)]	Loss: 0.000642
Test set: Average loss: 1.0418, Accuracy: 1780/2264 (78%)
Train Epoch: 24 [0/9056 (0%)]	Loss: 0.000324
Train Epoch: 24 [400/9056 (4%)]	Loss: 0.001645
Train Epoch: 24 [800/9056 (9%)]	Loss: 0.001430
Train Epoch: 24 [1200/9056 (13%)]	Loss: 0.009288
Train Epoch: 24 [1600/9056 (18%)]	Loss: 0.001315
Train Epoch: 24 [2000/9056 (22%)]	Loss: 0.001032
Train Epoch: 24 [2400/9056 (26%)]	Loss: 0.001801
Train Epoch: 24 [2800/9056 (31%)]	Loss: 0.014111
Train Epoch: 24 [3200/9056 (35%)]	Loss: 0.000890
Train Epoch: 24 [3600/9056 (40%)]	Loss: 0.001723
Train Epoch: 24 [4000/9056 (44%)]	Loss: 0.000752
Train Epoch: 24 [4400/9056 (48%)]	Loss: 0.002532
Train Epoch: 24 [4800/9056 (53%)]	Loss: 0.006263
Train Epoch: 24 [5200/9056 (57%)]	Loss: 0.022577
Train Epoch: 24 [5600/9056 (62%)]	Loss: 0.000831
Train Epoch: 24 [6000/9056 (66%)]	Loss: 0.001257
Train Epoch: 24 [6400/9056 (70%)]	Loss: 0.025105
Train Epoch: 24 [6800/9056 (75%)]	Loss: 0.000734
Train Epoch: 24 [7200/9056 (79%)]	Loss: 0.000911
Train Epoch: 24 [7600/9056 (84%)]	Loss: 0.003112
Train Epoch: 24 [8000/9056 (88%)]	Loss: 0.000310
Train Epoch: 24 [8400/9056 (93%)]	Loss: 0.003487
Train Epoch: 24 [8800/9056 (97%)]	Loss: 0.001984
Test set: Average loss: 1.0772, Accuracy: 1771/2264 (78%)
Train Epoch: 25 [0/9056 (0%)]	Loss: 0.001834
Train Epoch: 25 [400/9056 (4%)]	Loss: 0.004139
Train Epoch: 25 [800/9056 (9%)]	Loss: 0.001870
Train Epoch: 25 [1200/9056 (13%)]	Loss: 0.001862
Train Epoch: 25 [1600/9056 (18%)]	Loss: 0.004466
Train Epoch: 25 [2000/9056 (22%)]	Loss: 0.001093
Train Epoch: 25 [2400/9056 (26%)]	Loss: 0.000380
Train Epoch: 25 [2800/9056 (31%)]	Loss: 0.049835
Train Epoch: 25 [3200/9056 (35%)]	Loss: 0.000370
Train Epoch: 25 [3600/9056 (40%)]	Loss: 0.009185
Train Epoch: 25 [4000/9056 (44%)]	Loss: 0.002039
Train Epoch: 25 [4400/9056 (48%)]	Loss: 0.010209
Train Epoch: 25 [4800/9056 (53%)]	Loss: 0.001705
Train Epoch: 25 [5200/9056 (57%)]	Loss: 0.001677
Train Epoch: 25 [5600/9056 (62%)]	Loss: 0.001663
Train Epoch: 25 [6000/9056 (66%)]	Loss: 0.031361
Train Epoch: 25 [6400/9056 (70%)]	Loss: 0.022432
Train Epoch: 25 [6800/9056 (75%)]	Loss: 0.001532
Train Epoch: 25 [7200/9056 (79%)]	Loss: 0.019047
Train Epoch: 25 [7600/9056 (84%)]	Loss: 0.001692
Train Epoch: 25 [8000/9056 (88%)]	Loss: 0.001184
Train Epoch: 25 [8400/9056 (93%)]	Loss: 0.011205
Train Epoch: 25 [8800/9056 (97%)]	Loss: 0.001581
Test set: Average loss: 1.0648, Accuracy: 1764/2264 (77%)
Train Epoch: 26 [0/9056 (0%)]	Loss: 0.005705
Train Epoch: 26 [400/9056 (4%)]	Loss: 0.019361
Train Epoch: 26 [800/9056 (9%)]	Loss: 0.004654
Train Epoch: 26 [1200/9056 (13%)]	Loss: 0.000728
Train Epoch: 26 [1600/9056 (18%)]	Loss: 0.004179
Train Epoch: 26 [2000/9056 (22%)]	Loss: 0.001099
Train Epoch: 26 [2400/9056 (26%)]	Loss: 0.004188
Train Epoch: 26 [2800/9056 (31%)]	Loss: 0.058255
Train Epoch: 26 [3200/9056 (35%)]	Loss: 0.003293
Train Epoch: 26 [3600/9056 (40%)]	Loss: 0.003871
Train Epoch: 26 [4000/9056 (44%)]	Loss: 0.000857
Train Epoch: 26 [4400/9056 (48%)]	Loss: 0.037454
Train Epoch: 26 [4800/9056 (53%)]	Loss: 0.002634
Train Epoch: 26 [5200/9056 (57%)]	Loss: 0.095732
Train Epoch: 26 [5600/9056 (62%)]	Loss: 0.003366
Train Epoch: 26 [6000/9056 (66%)]	Loss: 0.003445
Train Epoch: 26 [6400/9056 (70%)]	Loss: 0.001638
Train Epoch: 26 [6800/9056 (75%)]	Loss: 0.002770
Train Epoch: 26 [7200/9056 (79%)]	Loss: 0.062244
Train Epoch: 26 [7600/9056 (84%)]	Loss: 0.005766
Train Epoch: 26 [8000/9056 (88%)]	Loss: 0.018897
Train Epoch: 26 [8400/9056 (93%)]	Loss: 0.001434
Train Epoch: 26 [8800/9056 (97%)]	Loss: 0.015053
Test set: Average loss: 1.0550, Accuracy: 1757/2264 (77%)
Train Epoch: 27 [0/9056 (0%)]	Loss: 0.003407
Train Epoch: 27 [400/9056 (4%)]	Loss: 0.008403
Train Epoch: 27 [800/9056 (9%)]	Loss: 0.001721
Train Epoch: 27 [1200/9056 (13%)]	Loss: 0.003632
Train Epoch: 27 [1600/9056 (18%)]	Loss: 0.017107
Train Epoch: 27 [2000/9056 (22%)]	Loss: 0.003133
Train Epoch: 27 [2400/9056 (26%)]	Loss: 0.002797
Train Epoch: 27 [2800/9056 (31%)]	Loss: 0.001328
Train Epoch: 27 [3200/9056 (35%)]	Loss: 0.002185
Train Epoch: 27 [3600/9056 (40%)]	Loss: 0.054671
Train Epoch: 27 [4000/9056 (44%)]	Loss: 0.003340
Train Epoch: 27 [4400/9056 (48%)]	Loss: 0.004733
Train Epoch: 27 [4800/9056 (53%)]	Loss: 0.001514
Train Epoch: 27 [5200/9056 (57%)]	Loss: 0.000442
Train Epoch: 27 [5600/9056 (62%)]	Loss: 0.001025
Train Epoch: 27 [6000/9056 (66%)]	Loss: 0.002015
Train Epoch: 27 [6400/9056 (70%)]	Loss: 0.000815
Train Epoch: 27 [6800/9056 (75%)]	Loss: 0.003436
Train Epoch: 27 [7200/9056 (79%)]	Loss: 0.001153
Train Epoch: 27 [7600/9056 (84%)]	Loss: 0.007518
Train Epoch: 27 [8000/9056 (88%)]	Loss: 0.002261
Train Epoch: 27 [8400/9056 (93%)]	Loss: 0.000500
Train Epoch: 27 [8800/9056 (97%)]	Loss: 0.000610
Test set: Average loss: 1.1643, Accuracy: 1759/2264 (77%)
Train Epoch: 28 [0/9056 (0%)]	Loss: 0.001368
Train Epoch: 28 [400/9056 (4%)]	Loss: 0.000639
Train Epoch: 28 [800/9056 (9%)]	Loss: 0.000481
Train Epoch: 28 [1200/9056 (13%)]	Loss: 0.071405
Train Epoch: 28 [1600/9056 (18%)]	Loss: 0.000661
Train Epoch: 28 [2000/9056 (22%)]	Loss: 0.002212
Train Epoch: 28 [2400/9056 (26%)]	Loss: 0.004106
Train Epoch: 28 [2800/9056 (31%)]	Loss: 0.097347
Train Epoch: 28 [3200/9056 (35%)]	Loss: 0.000686
Train Epoch: 28 [3600/9056 (40%)]	Loss: 0.000451
Train Epoch: 28 [4000/9056 (44%)]	Loss: 0.002478
Train Epoch: 28 [4400/9056 (48%)]	Loss: 0.005108
Train Epoch: 28 [4800/9056 (53%)]	Loss: 0.043953
Train Epoch: 28 [5200/9056 (57%)]	Loss: 0.041588
Train Epoch: 28 [5600/9056 (62%)]	Loss: 0.000491
Train Epoch: 28 [6000/9056 (66%)]	Loss: 0.001074
Train Epoch: 28 [6400/9056 (70%)]	Loss: 0.000522
Train Epoch: 28 [6800/9056 (75%)]	Loss: 0.003739
Train Epoch: 28 [7200/9056 (79%)]	Loss: 0.000586
Train Epoch: 28 [7600/9056 (84%)]	Loss: 0.000659
Train Epoch: 28 [8000/9056 (88%)]	Loss: 0.002107
Train Epoch: 28 [8400/9056 (93%)]	Loss: 0.002095
Train Epoch: 28 [8800/9056 (97%)]	Loss: 0.011210
Test set: Average loss: 1.0893, Accuracy: 1782/2264 (78%)
Train Epoch: 29 [0/9056 (0%)]	Loss: 0.000917
Train Epoch: 29 [400/9056 (4%)]	Loss: 0.002962
Train Epoch: 29 [800/9056 (9%)]	Loss: 0.000803
Train Epoch: 29 [1200/9056 (13%)]	Loss: 0.000342
Train Epoch: 29 [1600/9056 (18%)]	Loss: 0.007665
Train Epoch: 29 [2000/9056 (22%)]	Loss: 0.001093
Train Epoch: 29 [2400/9056 (26%)]	Loss: 0.014182
Train Epoch: 29 [2800/9056 (31%)]	Loss: 0.001288
Train Epoch: 29 [3200/9056 (35%)]	Loss: 0.002516
Train Epoch: 29 [3600/9056 (40%)]	Loss: 0.000488
Train Epoch: 29 [4000/9056 (44%)]	Loss: 0.000863
Train Epoch: 29 [4400/9056 (48%)]	Loss: 0.008405
Train Epoch: 29 [4800/9056 (53%)]	Loss: 0.000344
Train Epoch: 29 [5200/9056 (57%)]	Loss: 0.042289
Train Epoch: 29 [5600/9056 (62%)]	Loss: 0.003102
Train Epoch: 29 [6000/9056 (66%)]	Loss: 0.014359
Train Epoch: 29 [6400/9056 (70%)]	Loss: 0.001589
Train Epoch: 29 [6800/9056 (75%)]	Loss: 0.003481
Train Epoch: 29 [7200/9056 (79%)]	Loss: 0.001066
Train Epoch: 29 [7600/9056 (84%)]	Loss: 0.002505
Train Epoch: 29 [8000/9056 (88%)]	Loss: 0.003995
Train Epoch: 29 [8400/9056 (93%)]	Loss: 0.003635
Train Epoch: 29 [8800/9056 (97%)]	Loss: 0.000187
Test set: Average loss: 1.1046, Accuracy: 1786/2264 (78%)
Train Epoch: 30 [0/9056 (0%)]	Loss: 0.000428
Train Epoch: 30 [400/9056 (4%)]	Loss: 0.010126
Train Epoch: 30 [800/9056 (9%)]	Loss: 0.002291
Train Epoch: 30 [1200/9056 (13%)]	Loss: 0.002217
Train Epoch: 30 [1600/9056 (18%)]	Loss: 0.000687
Train Epoch: 30 [2000/9056 (22%)]	Loss: 0.004986
Train Epoch: 30 [2400/9056 (26%)]	Loss: 0.001182
Train Epoch: 30 [2800/9056 (31%)]	Loss: 0.000407
Train Epoch: 30 [3200/9056 (35%)]	Loss: 0.000345
Train Epoch: 30 [3600/9056 (40%)]	Loss: 0.009881
Train Epoch: 30 [4000/9056 (44%)]	Loss: 0.031260
Train Epoch: 30 [4400/9056 (48%)]	Loss: 0.002650
Train Epoch: 30 [4800/9056 (53%)]	Loss: 0.000266
Train Epoch: 30 [5200/9056 (57%)]	Loss: 0.051024
Train Epoch: 30 [5600/9056 (62%)]	Loss: 0.000129
Train Epoch: 30 [6000/9056 (66%)]	Loss: 0.001177
Train Epoch: 30 [6400/9056 (70%)]	Loss: 0.005948
Train Epoch: 30 [6800/9056 (75%)]	Loss: 0.001230
Train Epoch: 30 [7200/9056 (79%)]	Loss: 0.000614
Train Epoch: 30 [7600/9056 (84%)]	Loss: 0.000476
Train Epoch: 30 [8000/9056 (88%)]	Loss: 0.000496
Train Epoch: 30 [8400/9056 (93%)]	Loss: 0.016886
Train Epoch: 30 [8800/9056 (97%)]	Loss: 0.000804
Test set: Average loss: 1.0458, Accuracy: 1782/2264 (78%)
Train Epoch: 31 [0/9056 (0%)]	Loss: 0.000400
Train Epoch: 31 [400/9056 (4%)]	Loss: 0.000426
Train Epoch: 31 [800/9056 (9%)]	Loss: 0.001857
Train Epoch: 31 [1200/9056 (13%)]	Loss: 0.001923
Train Epoch: 31 [1600/9056 (18%)]	Loss: 0.009854
Train Epoch: 31 [2000/9056 (22%)]	Loss: 0.003802
Train Epoch: 31 [2400/9056 (26%)]	Loss: 0.001052
Train Epoch: 31 [2800/9056 (31%)]	Loss: 0.004688
Train Epoch: 31 [3200/9056 (35%)]	Loss: 0.000820
Train Epoch: 31 [3600/9056 (40%)]	Loss: 0.007267
Train Epoch: 31 [4000/9056 (44%)]	Loss: 0.001877
Train Epoch: 31 [4400/9056 (48%)]	Loss: 0.000394
Train Epoch: 31 [4800/9056 (53%)]	Loss: 0.000462
Train Epoch: 31 [5200/9056 (57%)]	Loss: 0.029095
Train Epoch: 31 [5600/9056 (62%)]	Loss: 0.000598
Train Epoch: 31 [6000/9056 (66%)]	Loss: 0.000828
Train Epoch: 31 [6400/9056 (70%)]	Loss: 0.001722
Train Epoch: 31 [6800/9056 (75%)]	Loss: 0.007390
Train Epoch: 31 [7200/9056 (79%)]	Loss: 0.000509
Train Epoch: 31 [7600/9056 (84%)]	Loss: 0.000325
Train Epoch: 31 [8000/9056 (88%)]	Loss: 0.000609
Train Epoch: 31 [8400/9056 (93%)]	Loss: 0.000570
Train Epoch: 31 [8800/9056 (97%)]	Loss: 0.000484
Test set: Average loss: 1.0387, Accuracy: 1798/2264 (79%)
Train Epoch: 32 [0/9056 (0%)]	Loss: 0.000477
Train Epoch: 32 [400/9056 (4%)]	Loss: 0.000303
Train Epoch: 32 [800/9056 (9%)]	Loss: 0.000671
Train Epoch: 32 [1200/9056 (13%)]	Loss: 0.003532
Train Epoch: 32 [1600/9056 (18%)]	Loss: 0.002266
Train Epoch: 32 [2000/9056 (22%)]	Loss: 0.000531
Train Epoch: 32 [2400/9056 (26%)]	Loss: 0.000523
Train Epoch: 32 [2800/9056 (31%)]	Loss: 0.000476
Train Epoch: 32 [3200/9056 (35%)]	Loss: 0.002287
Train Epoch: 32 [3600/9056 (40%)]	Loss: 0.000675
Train Epoch: 32 [4000/9056 (44%)]	Loss: 0.002368
Train Epoch: 32 [4400/9056 (48%)]	Loss: 0.000585
Train Epoch: 32 [4800/9056 (53%)]	Loss: 0.000724
Train Epoch: 32 [5200/9056 (57%)]	Loss: 0.000140
Train Epoch: 32 [5600/9056 (62%)]	Loss: 0.000282
Train Epoch: 32 [6000/9056 (66%)]	Loss: 0.000262
Train Epoch: 32 [6400/9056 (70%)]	Loss: 0.000166
Train Epoch: 32 [6800/9056 (75%)]	Loss: 0.000397
Train Epoch: 32 [7200/9056 (79%)]	Loss: 0.000519
Train Epoch: 32 [7600/9056 (84%)]	Loss: 0.004183
Train Epoch: 32 [8000/9056 (88%)]	Loss: 0.002870
Train Epoch: 32 [8400/9056 (93%)]	Loss: 0.004218
Train Epoch: 32 [8800/9056 (97%)]	Loss: 0.002669
Test set: Average loss: 1.0633, Accuracy: 1801/2264 (79%)
Train Epoch: 33 [0/9056 (0%)]	Loss: 0.000859
Train Epoch: 33 [400/9056 (4%)]	Loss: 0.000294
Train Epoch: 33 [800/9056 (9%)]	Loss: 0.000110
Train Epoch: 33 [1200/9056 (13%)]	Loss: 0.000158
Train Epoch: 33 [1600/9056 (18%)]	Loss: 0.001016
Train Epoch: 33 [2000/9056 (22%)]	Loss: 0.000237
Train Epoch: 33 [2400/9056 (26%)]	Loss: 0.004552
Train Epoch: 33 [2800/9056 (31%)]	Loss: 0.000319
Train Epoch: 33 [3200/9056 (35%)]	Loss: 0.001011
Train Epoch: 33 [3600/9056 (40%)]	Loss: 0.000131
Train Epoch: 33 [4000/9056 (44%)]	Loss: 0.000154
Train Epoch: 33 [4400/9056 (48%)]	Loss: 0.001623
Train Epoch: 33 [4800/9056 (53%)]	Loss: 0.000603
Train Epoch: 33 [5200/9056 (57%)]	Loss: 0.000148
Train Epoch: 33 [5600/9056 (62%)]	Loss: 0.000945
Train Epoch: 33 [6000/9056 (66%)]	Loss: 0.002177
Train Epoch: 33 [6400/9056 (70%)]	Loss: 0.000466
Train Epoch: 33 [6800/9056 (75%)]	Loss: 0.000291
Train Epoch: 33 [7200/9056 (79%)]	Loss: 0.000154
Train Epoch: 33 [7600/9056 (84%)]	Loss: 0.000154
Train Epoch: 33 [8000/9056 (88%)]	Loss: 0.000126
Train Epoch: 33 [8400/9056 (93%)]	Loss: 0.000316
Train Epoch: 33 [8800/9056 (97%)]	Loss: 0.000846
Test set: Average loss: 1.0595, Accuracy: 1812/2264 (80%)
Train Epoch: 34 [0/9056 (0%)]	Loss: 0.000669
Train Epoch: 34 [400/9056 (4%)]	Loss: 0.000316
Train Epoch: 34 [800/9056 (9%)]	Loss: 0.000067
Train Epoch: 34 [1200/9056 (13%)]	Loss: 0.000268
Train Epoch: 34 [1600/9056 (18%)]	Loss: 0.000065
Train Epoch: 34 [2000/9056 (22%)]	Loss: 0.002057
Train Epoch: 34 [2400/9056 (26%)]	Loss: 0.000069
Train Epoch: 34 [2800/9056 (31%)]	Loss: 0.001558
Train Epoch: 34 [3200/9056 (35%)]	Loss: 0.000486
Train Epoch: 34 [3600/9056 (40%)]	Loss: 0.000237
Train Epoch: 34 [4000/9056 (44%)]	Loss: 0.000308
Train Epoch: 34 [4400/9056 (48%)]	Loss: 0.000078
Train Epoch: 34 [4800/9056 (53%)]	Loss: 0.000496
Train Epoch: 34 [5200/9056 (57%)]	Loss: 0.000117
Train Epoch: 34 [5600/9056 (62%)]	Loss: 0.000081
Train Epoch: 34 [6000/9056 (66%)]	Loss: 0.000082
Train Epoch: 34 [6400/9056 (70%)]	Loss: 0.003857
Train Epoch: 34 [6800/9056 (75%)]	Loss: 0.000213
Train Epoch: 34 [7200/9056 (79%)]	Loss: 0.000255
Train Epoch: 34 [7600/9056 (84%)]	Loss: 0.000071
Train Epoch: 34 [8000/9056 (88%)]	Loss: 0.000139
Train Epoch: 34 [8400/9056 (93%)]	Loss: 0.000092
Train Epoch: 34 [8800/9056 (97%)]	Loss: 0.000083
Test set: Average loss: 1.0634, Accuracy: 1805/2264 (79%)
Train Epoch: 35 [0/9056 (0%)]	Loss: 0.000225
Train Epoch: 35 [400/9056 (4%)]	Loss: 0.000161
Train Epoch: 35 [800/9056 (9%)]	Loss: 0.000095
Train Epoch: 35 [1200/9056 (13%)]	Loss: 0.000102
Train Epoch: 35 [1600/9056 (18%)]	Loss: 0.000104
Train Epoch: 35 [2000/9056 (22%)]	Loss: 0.000050
Train Epoch: 35 [2400/9056 (26%)]	Loss: 0.000067
Train Epoch: 35 [2800/9056 (31%)]	Loss: 0.000161
Train Epoch: 35 [3200/9056 (35%)]	Loss: 0.000255
Train Epoch: 35 [3600/9056 (40%)]	Loss: 0.000128
Train Epoch: 35 [4000/9056 (44%)]	Loss: 0.000186
Train Epoch: 35 [4400/9056 (48%)]	Loss: 0.000062
Train Epoch: 35 [4800/9056 (53%)]	Loss: 0.000158
Train Epoch: 35 [5200/9056 (57%)]	Loss: 0.000072
Train Epoch: 35 [5600/9056 (62%)]	Loss: 0.000093
Train Epoch: 35 [6000/9056 (66%)]	Loss: 0.000082
Train Epoch: 35 [6400/9056 (70%)]	Loss: 0.000220
Train Epoch: 35 [6800/9056 (75%)]	Loss: 0.000997
Train Epoch: 35 [7200/9056 (79%)]	Loss: 0.001173
Train Epoch: 35 [7600/9056 (84%)]	Loss: 0.000185
Train Epoch: 35 [8000/9056 (88%)]	Loss: 0.000133
Train Epoch: 35 [8400/9056 (93%)]	Loss: 0.000187
Train Epoch: 35 [8800/9056 (97%)]	Loss: 0.000143
Test set: Average loss: 1.0677, Accuracy: 1806/2264 (79%)
Train Epoch: 36 [0/9056 (0%)]	Loss: 0.000198
Train Epoch: 36 [400/9056 (4%)]	Loss: 0.000121
Train Epoch: 36 [800/9056 (9%)]	Loss: 0.007582
Train Epoch: 36 [1200/9056 (13%)]	Loss: 0.000146
Train Epoch: 36 [1600/9056 (18%)]	Loss: 0.000377
Train Epoch: 36 [2000/9056 (22%)]	Loss: 0.000268
Train Epoch: 36 [2400/9056 (26%)]	Loss: 0.000409
Train Epoch: 36 [2800/9056 (31%)]	Loss: 0.000128
Train Epoch: 36 [3200/9056 (35%)]	Loss: 0.000773
Train Epoch: 36 [3600/9056 (40%)]	Loss: 0.000067
Train Epoch: 36 [4000/9056 (44%)]	Loss: 0.000148
Train Epoch: 36 [4400/9056 (48%)]	Loss: 0.000169
Train Epoch: 36 [4800/9056 (53%)]	Loss: 0.000117
Train Epoch: 36 [5200/9056 (57%)]	Loss: 0.000166
Train Epoch: 36 [5600/9056 (62%)]	Loss: 0.000394
Train Epoch: 36 [6000/9056 (66%)]	Loss: 0.000061
Train Epoch: 36 [6400/9056 (70%)]	Loss: 0.000664
Train Epoch: 36 [6800/9056 (75%)]	Loss: 0.000462
Train Epoch: 36 [7200/9056 (79%)]	Loss: 0.000447
Train Epoch: 36 [7600/9056 (84%)]	Loss: 0.000221
Train Epoch: 36 [8000/9056 (88%)]	Loss: 0.000157
Train Epoch: 36 [8400/9056 (93%)]	Loss: 0.001033
Train Epoch: 36 [8800/9056 (97%)]	Loss: 0.000231
Test set: Average loss: 1.1119, Accuracy: 1797/2264 (79%)
Train Epoch: 37 [0/9056 (0%)]	Loss: 0.000206
Train Epoch: 37 [400/9056 (4%)]	Loss: 0.000348
Train Epoch: 37 [800/9056 (9%)]	Loss: 0.000067
Train Epoch: 37 [1200/9056 (13%)]	Loss: 0.000045
Train Epoch: 37 [1600/9056 (18%)]	Loss: 0.000221
Train Epoch: 37 [2000/9056 (22%)]	Loss: 0.000187
Train Epoch: 37 [2400/9056 (26%)]	Loss: 0.000102
Train Epoch: 37 [2800/9056 (31%)]	Loss: 0.000151
Train Epoch: 37 [3200/9056 (35%)]	Loss: 0.000446
Train Epoch: 37 [3600/9056 (40%)]	Loss: 0.000126
Train Epoch: 37 [4000/9056 (44%)]	Loss: 0.000051
Train Epoch: 37 [4400/9056 (48%)]	Loss: 0.000031
Train Epoch: 37 [4800/9056 (53%)]	Loss: 0.000096
Train Epoch: 37 [5200/9056 (57%)]	Loss: 0.000075
Train Epoch: 37 [5600/9056 (62%)]	Loss: 0.000142
Train Epoch: 37 [6000/9056 (66%)]	Loss: 0.000171
Train Epoch: 37 [6400/9056 (70%)]	Loss: 0.000033
Train Epoch: 37 [6800/9056 (75%)]	Loss: 0.000250
Train Epoch: 37 [7200/9056 (79%)]	Loss: 0.000095
Train Epoch: 37 [7600/9056 (84%)]	Loss: 0.000036
Train Epoch: 37 [8000/9056 (88%)]	Loss: 0.000020
Train Epoch: 37 [8400/9056 (93%)]	Loss: 0.000062
Train Epoch: 37 [8800/9056 (97%)]	Loss: 0.000522
Test set: Average loss: 1.1280, Accuracy: 1800/2264 (79%)
Train Epoch: 38 [0/9056 (0%)]	Loss: 0.000268
Train Epoch: 38 [400/9056 (4%)]	Loss: 0.000044
Train Epoch: 38 [800/9056 (9%)]	Loss: 0.000118
Train Epoch: 38 [1200/9056 (13%)]	Loss: 0.000320
Train Epoch: 38 [1600/9056 (18%)]	Loss: 0.000388
Train Epoch: 38 [2000/9056 (22%)]	Loss: 0.000082
Train Epoch: 38 [2400/9056 (26%)]	Loss: 0.000107
Train Epoch: 38 [2800/9056 (31%)]	Loss: 0.000024
Train Epoch: 38 [3200/9056 (35%)]	Loss: 0.000088
Train Epoch: 38 [3600/9056 (40%)]	Loss: 0.000073
Train Epoch: 38 [4000/9056 (44%)]	Loss: 0.000146
Train Epoch: 38 [4400/9056 (48%)]	Loss: 0.000082
Train Epoch: 38 [4800/9056 (53%)]	Loss: 0.000053
Train Epoch: 38 [5200/9056 (57%)]	Loss: 0.000040
Train Epoch: 38 [5600/9056 (62%)]	Loss: 0.000063
Train Epoch: 38 [6000/9056 (66%)]	Loss: 0.001708
Train Epoch: 38 [6400/9056 (70%)]	Loss: 0.000032
Train Epoch: 38 [6800/9056 (75%)]	Loss: 0.000060
Train Epoch: 38 [7200/9056 (79%)]	Loss: 0.000048
Train Epoch: 38 [7600/9056 (84%)]	Loss: 0.000049
Train Epoch: 38 [8000/9056 (88%)]	Loss: 0.000135
Train Epoch: 38 [8400/9056 (93%)]	Loss: 0.000308
Train Epoch: 38 [8800/9056 (97%)]	Loss: 0.000073
Test set: Average loss: 1.1473, Accuracy: 1794/2264 (79%)
Train Epoch: 39 [0/9056 (0%)]	Loss: 0.000094
Train Epoch: 39 [400/9056 (4%)]	Loss: 0.000072
Train Epoch: 39 [800/9056 (9%)]	Loss: 0.000141
Train Epoch: 39 [1200/9056 (13%)]	Loss: 0.000142
Train Epoch: 39 [1600/9056 (18%)]	Loss: 0.000084
Train Epoch: 39 [2000/9056 (22%)]	Loss: 0.000102
Train Epoch: 39 [2400/9056 (26%)]	Loss: 0.000568
Train Epoch: 39 [2800/9056 (31%)]	Loss: 0.000071
Train Epoch: 39 [3200/9056 (35%)]	Loss: 0.000115
Train Epoch: 39 [3600/9056 (40%)]	Loss: 0.000347
Train Epoch: 39 [4000/9056 (44%)]	Loss: 0.000105
Train Epoch: 39 [4400/9056 (48%)]	Loss: 0.000423
Train Epoch: 39 [4800/9056 (53%)]	Loss: 0.000161
Train Epoch: 39 [5200/9056 (57%)]	Loss: 0.000034
Train Epoch: 39 [5600/9056 (62%)]	Loss: 0.000139
Train Epoch: 39 [6000/9056 (66%)]	Loss: 0.000041
Train Epoch: 39 [6400/9056 (70%)]	Loss: 0.000113
Train Epoch: 39 [6800/9056 (75%)]	Loss: 0.000078
Train Epoch: 39 [7200/9056 (79%)]	Loss: 0.000151
Train Epoch: 39 [7600/9056 (84%)]	Loss: 0.000169
Train Epoch: 39 [8000/9056 (88%)]	Loss: 0.003913
Train Epoch: 39 [8400/9056 (93%)]	Loss: 0.000016
Train Epoch: 39 [8800/9056 (97%)]	Loss: 0.000101
Test set: Average loss: 1.1083, Accuracy: 1794/2264 (79%)
Train Epoch: 40 [0/9056 (0%)]	Loss: 0.000272
Train Epoch: 40 [400/9056 (4%)]	Loss: 0.000998
Train Epoch: 40 [800/9056 (9%)]	Loss: 0.000121
Train Epoch: 40 [1200/9056 (13%)]	Loss: 0.000230
Train Epoch: 40 [1600/9056 (18%)]	Loss: 0.000141
Train Epoch: 40 [2000/9056 (22%)]	Loss: 0.001131
Train Epoch: 40 [2400/9056 (26%)]	Loss: 0.000038
Train Epoch: 40 [2800/9056 (31%)]	Loss: 0.000038
Train Epoch: 40 [3200/9056 (35%)]	Loss: 0.000184
Train Epoch: 40 [3600/9056 (40%)]	Loss: 0.000151
Train Epoch: 40 [4000/9056 (44%)]	Loss: 0.000139
Train Epoch: 40 [4400/9056 (48%)]	Loss: 0.000223
Train Epoch: 40 [4800/9056 (53%)]	Loss: 0.000184
Train Epoch: 40 [5200/9056 (57%)]	Loss: 0.000088
Train Epoch: 40 [5600/9056 (62%)]	Loss: 0.000381
Train Epoch: 40 [6000/9056 (66%)]	Loss: 0.000093
Train Epoch: 40 [6400/9056 (70%)]	Loss: 0.000041
Train Epoch: 40 [6800/9056 (75%)]	Loss: 0.000236
Train Epoch: 40 [7200/9056 (79%)]	Loss: 0.000010
Train Epoch: 40 [7600/9056 (84%)]	Loss: 0.000112
Train Epoch: 40 [8000/9056 (88%)]	Loss: 0.000044
Train Epoch: 40 [8400/9056 (93%)]	Loss: 0.000099
Train Epoch: 40 [8800/9056 (97%)]	Loss: 0.000075
Test set: Average loss: 1.1070, Accuracy: 1799/2264 (79%)
Train Epoch: 41 [0/9056 (0%)]	Loss: 0.000137
Train Epoch: 41 [400/9056 (4%)]	Loss: 0.000122
Train Epoch: 41 [800/9056 (9%)]	Loss: 0.000126
Train Epoch: 41 [1200/9056 (13%)]	Loss: 0.000319
Train Epoch: 41 [1600/9056 (18%)]	Loss: 0.000050
Train Epoch: 41 [2000/9056 (22%)]	Loss: 0.001953
Train Epoch: 41 [2400/9056 (26%)]	Loss: 0.000027
Train Epoch: 41 [2800/9056 (31%)]	Loss: 0.000141
Train Epoch: 41 [3200/9056 (35%)]	Loss: 0.000068
Train Epoch: 41 [3600/9056 (40%)]	Loss: 0.000082
Train Epoch: 41 [4000/9056 (44%)]	Loss: 0.000030
Train Epoch: 41 [4400/9056 (48%)]	Loss: 0.000583
Train Epoch: 41 [4800/9056 (53%)]	Loss: 0.000025
Train Epoch: 41 [5200/9056 (57%)]	Loss: 0.000324
Train Epoch: 41 [5600/9056 (62%)]	Loss: 0.000199
Train Epoch: 41 [6000/9056 (66%)]	Loss: 0.000260
Train Epoch: 41 [6400/9056 (70%)]	Loss: 0.000444
Train Epoch: 41 [6800/9056 (75%)]	Loss: 0.000147
Train Epoch: 41 [7200/9056 (79%)]	Loss: 0.000609
Train Epoch: 41 [7600/9056 (84%)]	Loss: 0.000190
Train Epoch: 41 [8000/9056 (88%)]	Loss: 0.000130
Train Epoch: 41 [8400/9056 (93%)]	Loss: 0.000713
Train Epoch: 41 [8800/9056 (97%)]	Loss: 0.000210
Test set: Average loss: 1.1048, Accuracy: 1796/2264 (79%)
Train Epoch: 42 [0/9056 (0%)]	Loss: 0.007313
Train Epoch: 42 [400/9056 (4%)]	Loss: 0.000111
Train Epoch: 42 [800/9056 (9%)]	Loss: 0.000209
Train Epoch: 42 [1200/9056 (13%)]	Loss: 0.000242
Train Epoch: 42 [1600/9056 (18%)]	Loss: 0.000539
Train Epoch: 42 [2000/9056 (22%)]	Loss: 0.000103
Train Epoch: 42 [2400/9056 (26%)]	Loss: 0.000221
Train Epoch: 42 [2800/9056 (31%)]	Loss: 0.000241
Train Epoch: 42 [3200/9056 (35%)]	Loss: 0.000898
Train Epoch: 42 [3600/9056 (40%)]	Loss: 0.000101
Train Epoch: 42 [4000/9056 (44%)]	Loss: 0.000199
Train Epoch: 42 [4400/9056 (48%)]	Loss: 0.107503
Train Epoch: 42 [4800/9056 (53%)]	Loss: 0.000068
Train Epoch: 42 [5200/9056 (57%)]	Loss: 0.002213
Train Epoch: 42 [5600/9056 (62%)]	Loss: 0.000257
Train Epoch: 42 [6000/9056 (66%)]	Loss: 0.008441
Train Epoch: 42 [6400/9056 (70%)]	Loss: 0.000228
Train Epoch: 42 [6800/9056 (75%)]	Loss: 0.000406
Train Epoch: 42 [7200/9056 (79%)]	Loss: 0.003913
Train Epoch: 42 [7600/9056 (84%)]	Loss: 0.000126
Train Epoch: 42 [8000/9056 (88%)]	Loss: 0.000045
Train Epoch: 42 [8400/9056 (93%)]	Loss: 0.000329
Train Epoch: 42 [8800/9056 (97%)]	Loss: 0.000315
Test set: Average loss: 1.1394, Accuracy: 1793/2264 (79%)
Train Epoch: 43 [0/9056 (0%)]	Loss: 0.000076
Train Epoch: 43 [400/9056 (4%)]	Loss: 0.000457
Train Epoch: 43 [800/9056 (9%)]	Loss: 0.002679
Train Epoch: 43 [1200/9056 (13%)]	Loss: 0.000125
Train Epoch: 43 [1600/9056 (18%)]	Loss: 0.000096
Train Epoch: 43 [2000/9056 (22%)]	Loss: 0.000096
Train Epoch: 43 [2400/9056 (26%)]	Loss: 0.000168
Train Epoch: 43 [2800/9056 (31%)]	Loss: 0.000202
Train Epoch: 43 [3200/9056 (35%)]	Loss: 0.000106
Train Epoch: 43 [3600/9056 (40%)]	Loss: 0.000717
Train Epoch: 43 [4000/9056 (44%)]	Loss: 0.004118
Train Epoch: 43 [4400/9056 (48%)]	Loss: 0.000217
Train Epoch: 43 [4800/9056 (53%)]	Loss: 0.000925
Train Epoch: 43 [5200/9056 (57%)]	Loss: 0.002359
Train Epoch: 43 [5600/9056 (62%)]	Loss: 0.003043
Train Epoch: 43 [6000/9056 (66%)]	Loss: 0.000879
Train Epoch: 43 [6400/9056 (70%)]	Loss: 0.000129
Train Epoch: 43 [6800/9056 (75%)]	Loss: 0.000127
Train Epoch: 43 [7200/9056 (79%)]	Loss: 0.000109
Train Epoch: 43 [7600/9056 (84%)]	Loss: 0.000252
Train Epoch: 43 [8000/9056 (88%)]	Loss: 0.000490
Train Epoch: 43 [8400/9056 (93%)]	Loss: 0.000234
Train Epoch: 43 [8800/9056 (97%)]	Loss: 0.000086
Test set: Average loss: 1.0870, Accuracy: 1824/2264 (80%)
Train Epoch: 44 [0/9056 (0%)]	Loss: 0.000086
Train Epoch: 44 [400/9056 (4%)]	Loss: 0.000084
Train Epoch: 44 [800/9056 (9%)]	Loss: 0.000151
Train Epoch: 44 [1200/9056 (13%)]	Loss: 0.001718
Train Epoch: 44 [1600/9056 (18%)]	Loss: 0.000097
Train Epoch: 44 [2000/9056 (22%)]	Loss: 0.000339
Train Epoch: 44 [2400/9056 (26%)]	Loss: 0.000341
Train Epoch: 44 [2800/9056 (31%)]	Loss: 0.000296
Train Epoch: 44 [3200/9056 (35%)]	Loss: 0.000047
Train Epoch: 44 [3600/9056 (40%)]	Loss: 0.000875
Train Epoch: 44 [4000/9056 (44%)]	Loss: 0.000244
Train Epoch: 44 [4400/9056 (48%)]	Loss: 0.000085
Train Epoch: 44 [4800/9056 (53%)]	Loss: 0.000496
Train Epoch: 44 [5200/9056 (57%)]	Loss: 0.000423
Train Epoch: 44 [5600/9056 (62%)]	Loss: 0.000095
Train Epoch: 44 [6000/9056 (66%)]	Loss: 0.017955
Train Epoch: 44 [6400/9056 (70%)]	Loss: 0.000298
Train Epoch: 44 [6800/9056 (75%)]	Loss: 0.001518
Train Epoch: 44 [7200/9056 (79%)]	Loss: 0.000072
Train Epoch: 44 [7600/9056 (84%)]	Loss: 0.000572
Train Epoch: 44 [8000/9056 (88%)]	Loss: 0.000075
Train Epoch: 44 [8400/9056 (93%)]	Loss: 0.000122
Train Epoch: 44 [8800/9056 (97%)]	Loss: 0.000100
Test set: Average loss: 1.0778, Accuracy: 1808/2264 (79%)
Train Epoch: 45 [0/9056 (0%)]	Loss: 0.000202
Train Epoch: 45 [400/9056 (4%)]	Loss: 0.000204
Train Epoch: 45 [800/9056 (9%)]	Loss: 0.000093
Train Epoch: 45 [1200/9056 (13%)]	Loss: 0.001238
Train Epoch: 45 [1600/9056 (18%)]	Loss: 0.001909
Train Epoch: 45 [2000/9056 (22%)]	Loss: 0.000480
Train Epoch: 45 [2400/9056 (26%)]	Loss: 0.000068
Train Epoch: 45 [2800/9056 (31%)]	Loss: 0.000724
Train Epoch: 45 [3200/9056 (35%)]	Loss: 0.001359
Train Epoch: 45 [3600/9056 (40%)]	Loss: 0.000180
Train Epoch: 45 [4000/9056 (44%)]	Loss: 0.000059
Train Epoch: 45 [4400/9056 (48%)]	Loss: 0.000995
Train Epoch: 45 [4800/9056 (53%)]	Loss: 0.000060
Train Epoch: 45 [5200/9056 (57%)]	Loss: 0.000290
Train Epoch: 45 [5600/9056 (62%)]	Loss: 0.000040
Train Epoch: 45 [6000/9056 (66%)]	Loss: 0.000275
Train Epoch: 45 [6400/9056 (70%)]	Loss: 0.000107
Train Epoch: 45 [6800/9056 (75%)]	Loss: 0.000649
Train Epoch: 45 [7200/9056 (79%)]	Loss: 0.001050
Train Epoch: 45 [7600/9056 (84%)]	Loss: 0.000226
Train Epoch: 45 [8000/9056 (88%)]	Loss: 0.000121
Train Epoch: 45 [8400/9056 (93%)]	Loss: 0.002140
Train Epoch: 45 [8800/9056 (97%)]	Loss: 0.000124
Test set: Average loss: 1.0882, Accuracy: 1817/2264 (80%)
Train Epoch: 46 [0/9056 (0%)]	Loss: 0.000871
Train Epoch: 46 [400/9056 (4%)]	Loss: 0.000146
Train Epoch: 46 [800/9056 (9%)]	Loss: 0.000205
Train Epoch: 46 [1200/9056 (13%)]	Loss: 0.000112
Train Epoch: 46 [1600/9056 (18%)]	Loss: 0.000114
Train Epoch: 46 [2000/9056 (22%)]	Loss: 0.000060
Train Epoch: 46 [2400/9056 (26%)]	Loss: 0.000064
Train Epoch: 46 [2800/9056 (31%)]	Loss: 0.000176
Train Epoch: 46 [3200/9056 (35%)]	Loss: 0.000087
Train Epoch: 46 [3600/9056 (40%)]	Loss: 0.000367
Train Epoch: 46 [4000/9056 (44%)]	Loss: 0.000176
Train Epoch: 46 [4400/9056 (48%)]	Loss: 0.000356
Train Epoch: 46 [4800/9056 (53%)]	Loss: 0.000135
Train Epoch: 46 [5200/9056 (57%)]	Loss: 0.000023
Train Epoch: 46 [5600/9056 (62%)]	Loss: 0.000192
Train Epoch: 46 [6000/9056 (66%)]	Loss: 0.000035
Train Epoch: 46 [6400/9056 (70%)]	Loss: 0.001911
Train Epoch: 46 [6800/9056 (75%)]	Loss: 0.000086
Train Epoch: 46 [7200/9056 (79%)]	Loss: 0.000118
Train Epoch: 46 [7600/9056 (84%)]	Loss: 0.000434
Train Epoch: 46 [8000/9056 (88%)]	Loss: 0.000169
Train Epoch: 46 [8400/9056 (93%)]	Loss: 0.000086
Train Epoch: 46 [8800/9056 (97%)]	Loss: 0.000337
Test set: Average loss: 1.0998, Accuracy: 1802/2264 (79%)
Train Epoch: 47 [0/9056 (0%)]	Loss: 0.000063
Train Epoch: 47 [400/9056 (4%)]	Loss: 0.001053
Train Epoch: 47 [800/9056 (9%)]	Loss: 0.000106
Train Epoch: 47 [1200/9056 (13%)]	Loss: 0.001415
Train Epoch: 47 [1600/9056 (18%)]	Loss: 0.000521
Train Epoch: 47 [2000/9056 (22%)]	Loss: 0.000058
Train Epoch: 47 [2400/9056 (26%)]	Loss: 0.000094
Train Epoch: 47 [2800/9056 (31%)]	Loss: 0.000030
Train Epoch: 47 [3200/9056 (35%)]	Loss: 0.000048
Train Epoch: 47 [3600/9056 (40%)]	Loss: 0.000139
Train Epoch: 47 [4000/9056 (44%)]	Loss: 0.000090
Train Epoch: 47 [4400/9056 (48%)]	Loss: 0.000105
Train Epoch: 47 [4800/9056 (53%)]	Loss: 0.000016
Train Epoch: 47 [5200/9056 (57%)]	Loss: 0.000065
Train Epoch: 47 [5600/9056 (62%)]	Loss: 0.000092
Train Epoch: 47 [6000/9056 (66%)]	Loss: 0.000163
Train Epoch: 47 [6400/9056 (70%)]	Loss: 0.000035
Train Epoch: 47 [6800/9056 (75%)]	Loss: 0.000026
Train Epoch: 47 [7200/9056 (79%)]	Loss: 0.001356
Train Epoch: 47 [7600/9056 (84%)]	Loss: 0.000026
Train Epoch: 47 [8000/9056 (88%)]	Loss: 0.000139
Train Epoch: 47 [8400/9056 (93%)]	Loss: 0.000406
Train Epoch: 47 [8800/9056 (97%)]	Loss: 0.000094
Test set: Average loss: 1.0803, Accuracy: 1818/2264 (80%)
Train Epoch: 48 [0/9056 (0%)]	Loss: 0.000085
Train Epoch: 48 [400/9056 (4%)]	Loss: 0.001845
Train Epoch: 48 [800/9056 (9%)]	Loss: 0.000040
Train Epoch: 48 [1200/9056 (13%)]	Loss: 0.000143
Train Epoch: 48 [1600/9056 (18%)]	Loss: 0.000022
Train Epoch: 48 [2000/9056 (22%)]	Loss: 0.000346
Train Epoch: 48 [2400/9056 (26%)]	Loss: 0.000093
Train Epoch: 48 [2800/9056 (31%)]	Loss: 0.000210
Train Epoch: 48 [3200/9056 (35%)]	Loss: 0.000152
Train Epoch: 48 [3600/9056 (40%)]	Loss: 0.000052
Train Epoch: 48 [4000/9056 (44%)]	Loss: 0.000018
Train Epoch: 48 [4400/9056 (48%)]	Loss: 0.000076
Train Epoch: 48 [4800/9056 (53%)]	Loss: 0.000184
Train Epoch: 48 [5200/9056 (57%)]	Loss: 0.000022
Train Epoch: 48 [5600/9056 (62%)]	Loss: 0.000519
Train Epoch: 48 [6000/9056 (66%)]	Loss: 0.000054
Train Epoch: 48 [6400/9056 (70%)]	Loss: 0.000074
Train Epoch: 48 [6800/9056 (75%)]	Loss: 0.000054
Train Epoch: 48 [7200/9056 (79%)]	Loss: 0.000174
Train Epoch: 48 [7600/9056 (84%)]	Loss: 0.000193
Train Epoch: 48 [8000/9056 (88%)]	Loss: 0.000227
Train Epoch: 48 [8400/9056 (93%)]	Loss: 0.000127
Train Epoch: 48 [8800/9056 (97%)]	Loss: 0.000044
Test set: Average loss: 1.1013, Accuracy: 1813/2264 (80%)
Train Epoch: 49 [0/9056 (0%)]	Loss: 0.000324
Train Epoch: 49 [400/9056 (4%)]	Loss: 0.000130
Train Epoch: 49 [800/9056 (9%)]	Loss: 0.000079
Train Epoch: 49 [1200/9056 (13%)]	Loss: 0.000089
Train Epoch: 49 [1600/9056 (18%)]	Loss: 0.000124
Train Epoch: 49 [2000/9056 (22%)]	Loss: 0.000156
Train Epoch: 49 [2400/9056 (26%)]	Loss: 0.000510
Train Epoch: 49 [2800/9056 (31%)]	Loss: 0.000241
Train Epoch: 49 [3200/9056 (35%)]	Loss: 0.000096
Train Epoch: 49 [3600/9056 (40%)]	Loss: 0.000179
Train Epoch: 49 [4000/9056 (44%)]	Loss: 0.000015
Train Epoch: 49 [4400/9056 (48%)]	Loss: 0.000062
Train Epoch: 49 [4800/9056 (53%)]	Loss: 0.000123
Train Epoch: 49 [5200/9056 (57%)]	Loss: 0.000045
Train Epoch: 49 [5600/9056 (62%)]	Loss: 0.000065
Train Epoch: 49 [6000/9056 (66%)]	Loss: 0.000190
Train Epoch: 49 [6400/9056 (70%)]	Loss: 0.000099
Train Epoch: 49 [6800/9056 (75%)]	Loss: 0.000079
Train Epoch: 49 [7200/9056 (79%)]	Loss: 0.000027
Train Epoch: 49 [7600/9056 (84%)]	Loss: 0.000040
Train Epoch: 49 [8000/9056 (88%)]	Loss: 0.000082
Train Epoch: 49 [8400/9056 (93%)]	Loss: 0.000333
Train Epoch: 49 [8800/9056 (97%)]	Loss: 0.000028
Test set: Average loss: 1.0979, Accuracy: 1817/2264 (80%)
Train Epoch: 50 [0/9056 (0%)]	Loss: 0.001100
Train Epoch: 50 [400/9056 (4%)]	Loss: 0.000089
Train Epoch: 50 [800/9056 (9%)]	Loss: 0.000010
Train Epoch: 50 [1200/9056 (13%)]	Loss: 0.000073
Train Epoch: 50 [1600/9056 (18%)]	Loss: 0.000211
Train Epoch: 50 [2000/9056 (22%)]	Loss: 0.000061
Train Epoch: 50 [2400/9056 (26%)]	Loss: 0.005639
Train Epoch: 50 [2800/9056 (31%)]	Loss: 0.000037
Train Epoch: 50 [3200/9056 (35%)]	Loss: 0.000210
Train Epoch: 50 [3600/9056 (40%)]	Loss: 0.000210
Train Epoch: 50 [4000/9056 (44%)]	Loss: 0.000090
Train Epoch: 50 [4400/9056 (48%)]	Loss: 0.000050
Train Epoch: 50 [4800/9056 (53%)]	Loss: 0.000057
Train Epoch: 50 [5200/9056 (57%)]	Loss: 0.000185
Train Epoch: 50 [5600/9056 (62%)]	Loss: 0.000043
Train Epoch: 50 [6000/9056 (66%)]	Loss: 0.000209
Train Epoch: 50 [6400/9056 (70%)]	Loss: 0.000057
Train Epoch: 50 [6800/9056 (75%)]	Loss: 0.000038
Train Epoch: 50 [7200/9056 (79%)]	Loss: 0.000080
Train Epoch: 50 [7600/9056 (84%)]	Loss: 0.000152
Train Epoch: 50 [8000/9056 (88%)]	Loss: 0.000084
Train Epoch: 50 [8400/9056 (93%)]	Loss: 0.000219
Train Epoch: 50 [8800/9056 (97%)]	Loss: 0.000108
Test set: Average loss: 1.1380, Accuracy: 1809/2264 (79%)
Train Epoch: 51 [0/9056 (0%)]	Loss: 0.000173
Train Epoch: 51 [400/9056 (4%)]	Loss: 0.000091
Train Epoch: 51 [800/9056 (9%)]	Loss: 0.011651
Train Epoch: 51 [1200/9056 (13%)]	Loss: 0.000419
Train Epoch: 51 [1600/9056 (18%)]	Loss: 0.000098
Train Epoch: 51 [2000/9056 (22%)]	Loss: 0.000064
Train Epoch: 51 [2400/9056 (26%)]	Loss: 0.001557
Train Epoch: 51 [2800/9056 (31%)]	Loss: 0.000048
Train Epoch: 51 [3200/9056 (35%)]	Loss: 0.000023
Train Epoch: 51 [3600/9056 (40%)]	Loss: 0.000026
Train Epoch: 51 [4000/9056 (44%)]	Loss: 0.000354
Train Epoch: 51 [4400/9056 (48%)]	Loss: 0.001148
Train Epoch: 51 [4800/9056 (53%)]	Loss: 0.000189
Train Epoch: 51 [5200/9056 (57%)]	Loss: 0.001096
Train Epoch: 51 [5600/9056 (62%)]	Loss: 0.000053
Train Epoch: 51 [6000/9056 (66%)]	Loss: 0.000131
Train Epoch: 51 [6400/9056 (70%)]	Loss: 0.000280
Train Epoch: 51 [6800/9056 (75%)]	Loss: 0.004088
Train Epoch: 51 [7200/9056 (79%)]	Loss: 0.000122
Train Epoch: 51 [7600/9056 (84%)]	Loss: 0.006992
Train Epoch: 51 [8000/9056 (88%)]	Loss: 0.000081
Train Epoch: 51 [8400/9056 (93%)]	Loss: 0.000124
Train Epoch: 51 [8800/9056 (97%)]	Loss: 0.000335
Test set: Average loss: 1.1002, Accuracy: 1818/2264 (80%)
Train Epoch: 52 [0/9056 (0%)]	Loss: 0.000090
Train Epoch: 52 [400/9056 (4%)]	Loss: 0.000366
Train Epoch: 52 [800/9056 (9%)]	Loss: 0.000107
Train Epoch: 52 [1200/9056 (13%)]	Loss: 0.000089
Train Epoch: 52 [1600/9056 (18%)]	Loss: 0.000037
Train Epoch: 52 [2000/9056 (22%)]	Loss: 0.000173
Train Epoch: 52 [2400/9056 (26%)]	Loss: 0.000089
Train Epoch: 52 [2800/9056 (31%)]	Loss: 0.000319
Train Epoch: 52 [3200/9056 (35%)]	Loss: 0.000556
Train Epoch: 52 [3600/9056 (40%)]	Loss: 0.000390
Train Epoch: 52 [4000/9056 (44%)]	Loss: 0.000034
Train Epoch: 52 [4400/9056 (48%)]	Loss: 0.002395
Train Epoch: 52 [4800/9056 (53%)]	Loss: 0.000793
Train Epoch: 52 [5200/9056 (57%)]	Loss: 0.002923
Train Epoch: 52 [5600/9056 (62%)]	Loss: 0.000103
Train Epoch: 52 [6000/9056 (66%)]	Loss: 0.000082
Train Epoch: 52 [6400/9056 (70%)]	Loss: 0.000039
Train Epoch: 52 [6800/9056 (75%)]	Loss: 0.000026
Train Epoch: 52 [7200/9056 (79%)]	Loss: 0.000221
Train Epoch: 52 [7600/9056 (84%)]	Loss: 0.000112
Train Epoch: 52 [8000/9056 (88%)]	Loss: 0.000051
Train Epoch: 52 [8400/9056 (93%)]	Loss: 0.000076
Train Epoch: 52 [8800/9056 (97%)]	Loss: 0.000134
Test set: Average loss: 1.1151, Accuracy: 1811/2264 (79%)
Train Epoch: 53 [0/9056 (0%)]	Loss: 0.000609
Train Epoch: 53 [400/9056 (4%)]	Loss: 0.000370
Train Epoch: 53 [800/9056 (9%)]	Loss: 0.001863
Train Epoch: 53 [1200/9056 (13%)]	Loss: 0.000062
Train Epoch: 53 [1600/9056 (18%)]	Loss: 0.000048
Train Epoch: 53 [2000/9056 (22%)]	Loss: 0.000090
Train Epoch: 53 [2400/9056 (26%)]	Loss: 0.001926
Train Epoch: 53 [2800/9056 (31%)]	Loss: 0.000044
Train Epoch: 53 [3200/9056 (35%)]	Loss: 0.000316
Train Epoch: 53 [3600/9056 (40%)]	Loss: 0.000044
Train Epoch: 53 [4000/9056 (44%)]	Loss: 0.000077
Train Epoch: 53 [4400/9056 (48%)]	Loss: 0.000269
Train Epoch: 53 [4800/9056 (53%)]	Loss: 0.000087
Train Epoch: 53 [5200/9056 (57%)]	Loss: 0.000082
Train Epoch: 53 [5600/9056 (62%)]	Loss: 0.000048
Train Epoch: 53 [6000/9056 (66%)]	Loss: 0.000074
Train Epoch: 53 [6400/9056 (70%)]	Loss: 0.001370
Train Epoch: 53 [6800/9056 (75%)]	Loss: 0.000650
Train Epoch: 53 [7200/9056 (79%)]	Loss: 0.000110
Train Epoch: 53 [7600/9056 (84%)]	Loss: 0.000244
Train Epoch: 53 [8000/9056 (88%)]	Loss: 0.000043
Train Epoch: 53 [8400/9056 (93%)]	Loss: 0.000168
Train Epoch: 53 [8800/9056 (97%)]	Loss: 0.000057
Test set: Average loss: 1.1135, Accuracy: 1814/2264 (80%)
Train Epoch: 54 [0/9056 (0%)]	Loss: 0.001099
Train Epoch: 54 [400/9056 (4%)]	Loss: 0.000152
Train Epoch: 54 [800/9056 (9%)]	Loss: 0.000045
Train Epoch: 54 [1200/9056 (13%)]	Loss: 0.000065
Train Epoch: 54 [1600/9056 (18%)]	Loss: 0.000112
Train Epoch: 54 [2000/9056 (22%)]	Loss: 0.000043
Train Epoch: 54 [2400/9056 (26%)]	Loss: 0.000431
Train Epoch: 54 [2800/9056 (31%)]	Loss: 0.000548
Train Epoch: 54 [3200/9056 (35%)]	Loss: 0.000272
Train Epoch: 54 [3600/9056 (40%)]	Loss: 0.000158
Train Epoch: 54 [4000/9056 (44%)]	Loss: 0.000102
Train Epoch: 54 [4400/9056 (48%)]	Loss: 0.000022
Train Epoch: 54 [4800/9056 (53%)]	Loss: 0.000037
Train Epoch: 54 [5200/9056 (57%)]	Loss: 0.000401
Train Epoch: 54 [5600/9056 (62%)]	Loss: 0.000165
Train Epoch: 54 [6000/9056 (66%)]	Loss: 0.000078
Train Epoch: 54 [6400/9056 (70%)]	Loss: 0.000083
Train Epoch: 54 [6800/9056 (75%)]	Loss: 0.000091
Train Epoch: 54 [7200/9056 (79%)]	Loss: 0.000195
Train Epoch: 54 [7600/9056 (84%)]	Loss: 0.000059
Train Epoch: 54 [8000/9056 (88%)]	Loss: 0.000181
Train Epoch: 54 [8400/9056 (93%)]	Loss: 0.000062
Train Epoch: 54 [8800/9056 (97%)]	Loss: 0.000129
Test set: Average loss: 1.1162, Accuracy: 1824/2264 (80%)
Train Epoch: 55 [0/9056 (0%)]	Loss: 0.000238
Train Epoch: 55 [400/9056 (4%)]	Loss: 0.000052
Train Epoch: 55 [800/9056 (9%)]	Loss: 0.000220
Train Epoch: 55 [1200/9056 (13%)]	Loss: 0.000028
Train Epoch: 55 [1600/9056 (18%)]	Loss: 0.000316
Train Epoch: 55 [2000/9056 (22%)]	Loss: 0.000608
Train Epoch: 55 [2400/9056 (26%)]	Loss: 0.000049
Train Epoch: 55 [2800/9056 (31%)]	Loss: 0.000624
Train Epoch: 55 [3200/9056 (35%)]	Loss: 0.000174
Train Epoch: 55 [3600/9056 (40%)]	Loss: 0.000022
Train Epoch: 55 [4000/9056 (44%)]	Loss: 0.000081
Train Epoch: 55 [4400/9056 (48%)]	Loss: 0.000164
Train Epoch: 55 [4800/9056 (53%)]	Loss: 0.000024
Train Epoch: 55 [5200/9056 (57%)]	Loss: 0.000083
Train Epoch: 55 [5600/9056 (62%)]	Loss: 0.000184
Train Epoch: 55 [6000/9056 (66%)]	Loss: 0.000121
Train Epoch: 55 [6400/9056 (70%)]	Loss: 0.000306
Train Epoch: 55 [6800/9056 (75%)]	Loss: 0.000216
Train Epoch: 55 [7200/9056 (79%)]	Loss: 0.000211
Train Epoch: 55 [7600/9056 (84%)]	Loss: 0.000076
Train Epoch: 55 [8000/9056 (88%)]	Loss: 0.000125
Train Epoch: 55 [8400/9056 (93%)]	Loss: 0.000062
Train Epoch: 55 [8800/9056 (97%)]	Loss: 0.000036
Test set: Average loss: 1.1406, Accuracy: 1801/2264 (79%)
Train Epoch: 56 [0/9056 (0%)]	Loss: 0.000073
Train Epoch: 56 [400/9056 (4%)]	Loss: 0.000115
Train Epoch: 56 [800/9056 (9%)]	Loss: 0.000182
Train Epoch: 56 [1200/9056 (13%)]	Loss: 0.012230
Train Epoch: 56 [1600/9056 (18%)]	Loss: 0.022384
Train Epoch: 56 [2000/9056 (22%)]	Loss: 0.000302
Train Epoch: 56 [2400/9056 (26%)]	Loss: 0.000141
Train Epoch: 56 [2800/9056 (31%)]	Loss: 0.000565
Train Epoch: 56 [3200/9056 (35%)]	Loss: 0.000497
Train Epoch: 56 [3600/9056 (40%)]	Loss: 0.001240
Train Epoch: 56 [4000/9056 (44%)]	Loss: 0.000241
Train Epoch: 56 [4400/9056 (48%)]	Loss: 0.001307
Train Epoch: 56 [4800/9056 (53%)]	Loss: 0.000076
Train Epoch: 56 [5200/9056 (57%)]	Loss: 0.007769
Train Epoch: 56 [5600/9056 (62%)]	Loss: 0.000236
Train Epoch: 56 [6000/9056 (66%)]	Loss: 0.000259
Train Epoch: 56 [6400/9056 (70%)]	Loss: 0.001356
Train Epoch: 56 [6800/9056 (75%)]	Loss: 0.000375
Train Epoch: 56 [7200/9056 (79%)]	Loss: 0.003225
Train Epoch: 56 [7600/9056 (84%)]	Loss: 0.002376
Train Epoch: 56 [8000/9056 (88%)]	Loss: 0.000215
Train Epoch: 56 [8400/9056 (93%)]	Loss: 0.000284
Train Epoch: 56 [8800/9056 (97%)]	Loss: 0.000072
Test set: Average loss: 1.1114, Accuracy: 1781/2264 (78%)
Train Epoch: 57 [0/9056 (0%)]	Loss: 0.000550
Train Epoch: 57 [400/9056 (4%)]	Loss: 0.000478
Train Epoch: 57 [800/9056 (9%)]	Loss: 0.003762
Train Epoch: 57 [1200/9056 (13%)]	Loss: 0.000286
Train Epoch: 57 [1600/9056 (18%)]	Loss: 0.000086
Train Epoch: 57 [2000/9056 (22%)]	Loss: 0.000333
Train Epoch: 57 [2400/9056 (26%)]	Loss: 0.000213
Train Epoch: 57 [2800/9056 (31%)]	Loss: 0.004660
Train Epoch: 57 [3200/9056 (35%)]	Loss: 0.000552
Train Epoch: 57 [3600/9056 (40%)]	Loss: 0.000497
Train Epoch: 57 [4000/9056 (44%)]	Loss: 0.000153
Train Epoch: 57 [4400/9056 (48%)]	Loss: 0.000071
Train Epoch: 57 [4800/9056 (53%)]	Loss: 0.000138
Train Epoch: 57 [5200/9056 (57%)]	Loss: 0.000182
Train Epoch: 57 [5600/9056 (62%)]	Loss: 0.001044
Train Epoch: 57 [6000/9056 (66%)]	Loss: 0.000365
Train Epoch: 57 [6400/9056 (70%)]	Loss: 0.000995
Train Epoch: 57 [6800/9056 (75%)]	Loss: 0.001130
Train Epoch: 57 [7200/9056 (79%)]	Loss: 0.000077
Train Epoch: 57 [7600/9056 (84%)]	Loss: 0.000143
Train Epoch: 57 [8000/9056 (88%)]	Loss: 0.000400
Train Epoch: 57 [8400/9056 (93%)]	Loss: 0.000191
Train Epoch: 57 [8800/9056 (97%)]	Loss: 0.000129
Test set: Average loss: 1.1398, Accuracy: 1792/2264 (79%)
Train Epoch: 58 [0/9056 (0%)]	Loss: 0.000048
Train Epoch: 58 [400/9056 (4%)]	Loss: 0.000275
Train Epoch: 58 [800/9056 (9%)]	Loss: 0.000701
Train Epoch: 58 [1200/9056 (13%)]	Loss: 0.000281
Train Epoch: 58 [1600/9056 (18%)]	Loss: 0.000064
Train Epoch: 58 [2000/9056 (22%)]	Loss: 0.000786
Train Epoch: 58 [2400/9056 (26%)]	Loss: 0.000471
Train Epoch: 58 [2800/9056 (31%)]	Loss: 0.000339
Train Epoch: 58 [3200/9056 (35%)]	Loss: 0.000299
Train Epoch: 58 [3600/9056 (40%)]	Loss: 0.000594
Train Epoch: 58 [4000/9056 (44%)]	Loss: 0.000206
Train Epoch: 58 [4400/9056 (48%)]	Loss: 0.000195
Train Epoch: 58 [4800/9056 (53%)]	Loss: 0.001683
Train Epoch: 58 [5200/9056 (57%)]	Loss: 0.008385
Train Epoch: 58 [5600/9056 (62%)]	Loss: 0.000032
Train Epoch: 58 [6000/9056 (66%)]	Loss: 0.000054
Train Epoch: 58 [6400/9056 (70%)]	Loss: 0.000652
Train Epoch: 58 [6800/9056 (75%)]	Loss: 0.000642
Train Epoch: 58 [7200/9056 (79%)]	Loss: 0.000462
Train Epoch: 58 [7600/9056 (84%)]	Loss: 0.000153
Train Epoch: 58 [8000/9056 (88%)]	Loss: 0.000331
Train Epoch: 58 [8400/9056 (93%)]	Loss: 0.000113
Train Epoch: 58 [8800/9056 (97%)]	Loss: 0.012824
Test set: Average loss: 1.1358, Accuracy: 1794/2264 (79%)
Train Epoch: 59 [0/9056 (0%)]	Loss: 0.000154
Train Epoch: 59 [400/9056 (4%)]	Loss: 0.000162
Train Epoch: 59 [800/9056 (9%)]	Loss: 0.000742
Train Epoch: 59 [1200/9056 (13%)]	Loss: 0.000069
Train Epoch: 59 [1600/9056 (18%)]	Loss: 0.000280
Train Epoch: 59 [2000/9056 (22%)]	Loss: 0.000079
Train Epoch: 59 [2400/9056 (26%)]	Loss: 0.000072
Train Epoch: 59 [2800/9056 (31%)]	Loss: 0.000099
Train Epoch: 59 [3200/9056 (35%)]	Loss: 0.000379
Train Epoch: 59 [3600/9056 (40%)]	Loss: 0.000443
Train Epoch: 59 [4000/9056 (44%)]	Loss: 0.000717
Train Epoch: 59 [4400/9056 (48%)]	Loss: 0.000126
Train Epoch: 59 [4800/9056 (53%)]	Loss: 0.004920
Train Epoch: 59 [5200/9056 (57%)]	Loss: 0.026550
Train Epoch: 59 [5600/9056 (62%)]	Loss: 0.000457
Train Epoch: 59 [6000/9056 (66%)]	Loss: 0.000153
Train Epoch: 59 [6400/9056 (70%)]	Loss: 0.000349
Train Epoch: 59 [6800/9056 (75%)]	Loss: 0.000864
Train Epoch: 59 [7200/9056 (79%)]	Loss: 0.000390
Train Epoch: 59 [7600/9056 (84%)]	Loss: 0.004137
Train Epoch: 59 [8000/9056 (88%)]	Loss: 0.002103
Train Epoch: 59 [8400/9056 (93%)]	Loss: 0.000188
Train Epoch: 59 [8800/9056 (97%)]	Loss: 0.000324
Test set: Average loss: 1.1834, Accuracy: 1782/2264 (78%)
Train Epoch: 60 [0/9056 (0%)]	Loss: 0.000364
Train Epoch: 60 [400/9056 (4%)]	Loss: 0.001276
Train Epoch: 60 [800/9056 (9%)]	Loss: 0.000175
Train Epoch: 60 [1200/9056 (13%)]	Loss: 0.014977
Train Epoch: 60 [1600/9056 (18%)]	Loss: 0.072648
Train Epoch: 60 [2000/9056 (22%)]	Loss: 0.001798
Train Epoch: 60 [2400/9056 (26%)]	Loss: 0.000256
Train Epoch: 60 [2800/9056 (31%)]	Loss: 0.001221
Train Epoch: 60 [3200/9056 (35%)]	Loss: 0.001099
Train Epoch: 60 [3600/9056 (40%)]	Loss: 0.001036
Train Epoch: 60 [4000/9056 (44%)]	Loss: 0.000996
Train Epoch: 60 [4400/9056 (48%)]	Loss: 0.001008
Train Epoch: 60 [4800/9056 (53%)]	Loss: 0.000250
Train Epoch: 60 [5200/9056 (57%)]	Loss: 0.003093
Train Epoch: 60 [5600/9056 (62%)]	Loss: 0.000186
Train Epoch: 60 [6000/9056 (66%)]	Loss: 0.000375
Train Epoch: 60 [6400/9056 (70%)]	Loss: 0.000088
Train Epoch: 60 [6800/9056 (75%)]	Loss: 0.000121
Train Epoch: 60 [7200/9056 (79%)]	Loss: 0.001439
Train Epoch: 60 [7600/9056 (84%)]	Loss: 0.000429
Train Epoch: 60 [8000/9056 (88%)]	Loss: 0.001832
Train Epoch: 60 [8400/9056 (93%)]	Loss: 0.005334
Train Epoch: 60 [8800/9056 (97%)]	Loss: 0.000263
Test set: Average loss: 1.1446, Accuracy: 1782/2264 (78%)
