getting datasets
finished
trainning collar_design_labels:
Train Epoch: 1 [0/6714 (0%)]	Loss: 1.643859
Train Epoch: 1 [400/6714 (6%)]	Loss: 1.674050
Train Epoch: 1 [800/6714 (12%)]	Loss: 1.573350
Train Epoch: 1 [1200/6714 (18%)]	Loss: 1.568608
Train Epoch: 1 [1600/6714 (24%)]	Loss: 1.488088
Train Epoch: 1 [2000/6714 (30%)]	Loss: 1.496583
Train Epoch: 1 [2400/6714 (36%)]	Loss: 1.273658
Train Epoch: 1 [2800/6714 (42%)]	Loss: 1.249133
Train Epoch: 1 [3200/6714 (48%)]	Loss: 1.322264
Train Epoch: 1 [3600/6714 (54%)]	Loss: 1.281905
Train Epoch: 1 [4000/6714 (60%)]	Loss: 1.095082
Train Epoch: 1 [4400/6714 (65%)]	Loss: 1.191961
Train Epoch: 1 [4800/6714 (71%)]	Loss: 0.957945
Train Epoch: 1 [5200/6714 (77%)]	Loss: 1.303544
Train Epoch: 1 [5600/6714 (83%)]	Loss: 1.215575
Train Epoch: 1 [6000/6714 (89%)]	Loss: 1.101701
Train Epoch: 1 [6400/6714 (95%)]	Loss: 0.979847
Test set: Average loss: 1.1738, Accuracy: 870/1678 (51%)
Train Epoch: 2 [0/6714 (0%)]	Loss: 0.997079
Train Epoch: 2 [400/6714 (6%)]	Loss: 0.676838
Train Epoch: 2 [800/6714 (12%)]	Loss: 0.889360
Train Epoch: 2 [1200/6714 (18%)]	Loss: 1.175642
Train Epoch: 2 [1600/6714 (24%)]	Loss: 0.699302
Train Epoch: 2 [2000/6714 (30%)]	Loss: 0.854469
Train Epoch: 2 [2400/6714 (36%)]	Loss: 0.989959
Train Epoch: 2 [2800/6714 (42%)]	Loss: 0.873261
Train Epoch: 2 [3200/6714 (48%)]	Loss: 0.604294
Train Epoch: 2 [3600/6714 (54%)]	Loss: 0.694628
Train Epoch: 2 [4000/6714 (60%)]	Loss: 0.876161
Train Epoch: 2 [4400/6714 (65%)]	Loss: 0.907166
Train Epoch: 2 [4800/6714 (71%)]	Loss: 0.930096
Train Epoch: 2 [5200/6714 (77%)]	Loss: 0.796268
Train Epoch: 2 [5600/6714 (83%)]	Loss: 0.908857
Train Epoch: 2 [6000/6714 (89%)]	Loss: 0.919963
Train Epoch: 2 [6400/6714 (95%)]	Loss: 0.855284
Test set: Average loss: 0.9896, Accuracy: 1011/1678 (60%)
Train Epoch: 3 [0/6714 (0%)]	Loss: 0.638557
Train Epoch: 3 [400/6714 (6%)]	Loss: 0.571233
Train Epoch: 3 [800/6714 (12%)]	Loss: 0.485732
Train Epoch: 3 [1200/6714 (18%)]	Loss: 0.603201
Train Epoch: 3 [1600/6714 (24%)]	Loss: 0.267500
Train Epoch: 3 [2000/6714 (30%)]	Loss: 0.536470
Train Epoch: 3 [2400/6714 (36%)]	Loss: 0.438089
Train Epoch: 3 [2800/6714 (42%)]	Loss: 0.522131
Train Epoch: 3 [3200/6714 (48%)]	Loss: 0.468827
Train Epoch: 3 [3600/6714 (54%)]	Loss: 0.647287
Train Epoch: 3 [4000/6714 (60%)]	Loss: 0.587985
Train Epoch: 3 [4400/6714 (65%)]	Loss: 0.461979
Train Epoch: 3 [4800/6714 (71%)]	Loss: 0.577402
Train Epoch: 3 [5200/6714 (77%)]	Loss: 0.890335
Train Epoch: 3 [5600/6714 (83%)]	Loss: 0.410953
Train Epoch: 3 [6000/6714 (89%)]	Loss: 0.375960
Train Epoch: 3 [6400/6714 (95%)]	Loss: 0.659552
Test set: Average loss: 1.0488, Accuracy: 1018/1678 (60%)
Train Epoch: 4 [0/6714 (0%)]	Loss: 0.317918
Train Epoch: 4 [400/6714 (6%)]	Loss: 0.163890
Train Epoch: 4 [800/6714 (12%)]	Loss: 0.126322
Train Epoch: 4 [1200/6714 (18%)]	Loss: 0.279034
Train Epoch: 4 [1600/6714 (24%)]	Loss: 0.109192
Train Epoch: 4 [2000/6714 (30%)]	Loss: 0.136582
Train Epoch: 4 [2400/6714 (36%)]	Loss: 0.234729
Train Epoch: 4 [2800/6714 (42%)]	Loss: 0.208317
Train Epoch: 4 [3200/6714 (48%)]	Loss: 0.418878
Train Epoch: 4 [3600/6714 (54%)]	Loss: 0.273742
Train Epoch: 4 [4000/6714 (60%)]	Loss: 0.142440
Train Epoch: 4 [4400/6714 (65%)]	Loss: 0.190877
Train Epoch: 4 [4800/6714 (71%)]	Loss: 0.166290
Train Epoch: 4 [5200/6714 (77%)]	Loss: 0.298976
Train Epoch: 4 [5600/6714 (83%)]	Loss: 0.215059
Train Epoch: 4 [6000/6714 (89%)]	Loss: 0.144439
Train Epoch: 4 [6400/6714 (95%)]	Loss: 0.213643
Test set: Average loss: 1.2453, Accuracy: 1025/1678 (61%)
Train Epoch: 5 [0/6714 (0%)]	Loss: 0.128907
Train Epoch: 5 [400/6714 (6%)]	Loss: 0.127975
Train Epoch: 5 [800/6714 (12%)]	Loss: 0.025433
Train Epoch: 5 [1200/6714 (18%)]	Loss: 0.132750
Train Epoch: 5 [1600/6714 (24%)]	Loss: 0.058092
Train Epoch: 5 [2000/6714 (30%)]	Loss: 0.066041
Train Epoch: 5 [2400/6714 (36%)]	Loss: 0.028726
Train Epoch: 5 [2800/6714 (42%)]	Loss: 0.088962
Train Epoch: 5 [3200/6714 (48%)]	Loss: 0.121234
Train Epoch: 5 [3600/6714 (54%)]	Loss: 0.236012
Train Epoch: 5 [4000/6714 (60%)]	Loss: 0.062530
Train Epoch: 5 [4400/6714 (65%)]	Loss: 0.043889
Train Epoch: 5 [4800/6714 (71%)]	Loss: 0.084226
Train Epoch: 5 [5200/6714 (77%)]	Loss: 0.185273
Train Epoch: 5 [5600/6714 (83%)]	Loss: 0.084666
Train Epoch: 5 [6000/6714 (89%)]	Loss: 0.157458
Train Epoch: 5 [6400/6714 (95%)]	Loss: 0.094285
Test set: Average loss: 1.3543, Accuracy: 1013/1678 (60%)
Train Epoch: 6 [0/6714 (0%)]	Loss: 0.031825
Train Epoch: 6 [400/6714 (6%)]	Loss: 0.064661
Train Epoch: 6 [800/6714 (12%)]	Loss: 0.145283
Train Epoch: 6 [1200/6714 (18%)]	Loss: 0.116045
Train Epoch: 6 [1600/6714 (24%)]	Loss: 0.099648
Train Epoch: 6 [2000/6714 (30%)]	Loss: 0.262314
Train Epoch: 6 [2400/6714 (36%)]	Loss: 0.040135
Train Epoch: 6 [2800/6714 (42%)]	Loss: 0.020972
Train Epoch: 6 [3200/6714 (48%)]	Loss: 0.046251
Train Epoch: 6 [3600/6714 (54%)]	Loss: 0.013095
Train Epoch: 6 [4000/6714 (60%)]	Loss: 0.057155
Train Epoch: 6 [4400/6714 (65%)]	Loss: 0.086395
Train Epoch: 6 [4800/6714 (71%)]	Loss: 0.125389
Train Epoch: 6 [5200/6714 (77%)]	Loss: 0.189940
Train Epoch: 6 [5600/6714 (83%)]	Loss: 0.137882
Train Epoch: 6 [6000/6714 (89%)]	Loss: 0.082955
Train Epoch: 6 [6400/6714 (95%)]	Loss: 0.072667
Test set: Average loss: 1.2758, Accuracy: 1113/1678 (66%)
Train Epoch: 7 [0/6714 (0%)]	Loss: 0.026702
Train Epoch: 7 [400/6714 (6%)]	Loss: 0.070554
Train Epoch: 7 [800/6714 (12%)]	Loss: 0.039123
Train Epoch: 7 [1200/6714 (18%)]	Loss: 0.061628
Train Epoch: 7 [1600/6714 (24%)]	Loss: 0.014437
Train Epoch: 7 [2000/6714 (30%)]	Loss: 0.050028
Train Epoch: 7 [2400/6714 (36%)]	Loss: 0.021664
Train Epoch: 7 [2800/6714 (42%)]	Loss: 0.077677
Train Epoch: 7 [3200/6714 (48%)]	Loss: 0.067185
Train Epoch: 7 [3600/6714 (54%)]	Loss: 0.050942
Train Epoch: 7 [4000/6714 (60%)]	Loss: 0.023341
Train Epoch: 7 [4400/6714 (65%)]	Loss: 0.015064
Train Epoch: 7 [4800/6714 (71%)]	Loss: 0.202841
Train Epoch: 7 [5200/6714 (77%)]	Loss: 0.035422
Train Epoch: 7 [5600/6714 (83%)]	Loss: 0.190493
Train Epoch: 7 [6000/6714 (89%)]	Loss: 0.072890
Train Epoch: 7 [6400/6714 (95%)]	Loss: 0.091949
Test set: Average loss: 1.4652, Accuracy: 1043/1678 (62%)
Train Epoch: 8 [0/6714 (0%)]	Loss: 0.012566
Train Epoch: 8 [400/6714 (6%)]	Loss: 0.093646
Train Epoch: 8 [800/6714 (12%)]	Loss: 0.073412
Train Epoch: 8 [1200/6714 (18%)]	Loss: 0.043961
Train Epoch: 8 [1600/6714 (24%)]	Loss: 0.129941
Train Epoch: 8 [2000/6714 (30%)]	Loss: 0.075047
Train Epoch: 8 [2400/6714 (36%)]	Loss: 0.031854
Train Epoch: 8 [2800/6714 (42%)]	Loss: 0.008581
Train Epoch: 8 [3200/6714 (48%)]	Loss: 0.019180
Train Epoch: 8 [3600/6714 (54%)]	Loss: 0.059331
Train Epoch: 8 [4000/6714 (60%)]	Loss: 0.026370
Train Epoch: 8 [4400/6714 (65%)]	Loss: 0.033270
Train Epoch: 8 [4800/6714 (71%)]	Loss: 0.031184
Train Epoch: 8 [5200/6714 (77%)]	Loss: 0.014691
Train Epoch: 8 [5600/6714 (83%)]	Loss: 0.060837
Train Epoch: 8 [6000/6714 (89%)]	Loss: 0.090324
Train Epoch: 8 [6400/6714 (95%)]	Loss: 0.101006
Test set: Average loss: 1.2742, Accuracy: 1158/1678 (69%)
Train Epoch: 9 [0/6714 (0%)]	Loss: 0.006141
Train Epoch: 9 [400/6714 (6%)]	Loss: 0.007616
Train Epoch: 9 [800/6714 (12%)]	Loss: 0.028452
Train Epoch: 9 [1200/6714 (18%)]	Loss: 0.048442
Train Epoch: 9 [1600/6714 (24%)]	Loss: 0.025798
Train Epoch: 9 [2000/6714 (30%)]	Loss: 0.005135
Train Epoch: 9 [2400/6714 (36%)]	Loss: 0.008810
Train Epoch: 9 [2800/6714 (42%)]	Loss: 0.013265
Train Epoch: 9 [3200/6714 (48%)]	Loss: 0.014165
Train Epoch: 9 [3600/6714 (54%)]	Loss: 0.020984
Train Epoch: 9 [4000/6714 (60%)]	Loss: 0.006892
Train Epoch: 9 [4400/6714 (65%)]	Loss: 0.032396
Train Epoch: 9 [4800/6714 (71%)]	Loss: 0.070005
Train Epoch: 9 [5200/6714 (77%)]	Loss: 0.018671
Train Epoch: 9 [5600/6714 (83%)]	Loss: 0.030864
Train Epoch: 9 [6000/6714 (89%)]	Loss: 0.006234
Train Epoch: 9 [6400/6714 (95%)]	Loss: 0.007081
Test set: Average loss: 1.3438, Accuracy: 1156/1678 (68%)
Train Epoch: 10 [0/6714 (0%)]	Loss: 0.009363
Train Epoch: 10 [400/6714 (6%)]	Loss: 0.002302
Train Epoch: 10 [800/6714 (12%)]	Loss: 0.041356
Train Epoch: 10 [1200/6714 (18%)]	Loss: 0.004681
Train Epoch: 10 [1600/6714 (24%)]	Loss: 0.009125
Train Epoch: 10 [2000/6714 (30%)]	Loss: 0.006769
Train Epoch: 10 [2400/6714 (36%)]	Loss: 0.009041
Train Epoch: 10 [2800/6714 (42%)]	Loss: 0.036900
Train Epoch: 10 [3200/6714 (48%)]	Loss: 0.014209
Train Epoch: 10 [3600/6714 (54%)]	Loss: 0.108858
Train Epoch: 10 [4000/6714 (60%)]	Loss: 0.008774
Train Epoch: 10 [4400/6714 (65%)]	Loss: 0.030163
Train Epoch: 10 [4800/6714 (71%)]	Loss: 0.075978
Train Epoch: 10 [5200/6714 (77%)]	Loss: 0.007989
Train Epoch: 10 [5600/6714 (83%)]	Loss: 0.008544
Train Epoch: 10 [6000/6714 (89%)]	Loss: 0.010563
Train Epoch: 10 [6400/6714 (95%)]	Loss: 0.035509
Test set: Average loss: 1.3438, Accuracy: 1150/1678 (68%)
Train Epoch: 11 [0/6714 (0%)]	Loss: 0.011453
Train Epoch: 11 [400/6714 (6%)]	Loss: 0.003698
Train Epoch: 11 [800/6714 (12%)]	Loss: 0.003211
Train Epoch: 11 [1200/6714 (18%)]	Loss: 0.027016
Train Epoch: 11 [1600/6714 (24%)]	Loss: 0.002465
Train Epoch: 11 [2000/6714 (30%)]	Loss: 0.012988
Train Epoch: 11 [2400/6714 (36%)]	Loss: 0.021874
Train Epoch: 11 [2800/6714 (42%)]	Loss: 0.023072
Train Epoch: 11 [3200/6714 (48%)]	Loss: 0.008028
Train Epoch: 11 [3600/6714 (54%)]	Loss: 0.105644
Train Epoch: 11 [4000/6714 (60%)]	Loss: 0.033055
Train Epoch: 11 [4400/6714 (65%)]	Loss: 0.025470
Train Epoch: 11 [4800/6714 (71%)]	Loss: 0.004767
Train Epoch: 11 [5200/6714 (77%)]	Loss: 0.008025
Train Epoch: 11 [5600/6714 (83%)]	Loss: 0.029134
Train Epoch: 11 [6000/6714 (89%)]	Loss: 0.045757
Train Epoch: 11 [6400/6714 (95%)]	Loss: 0.045021
Test set: Average loss: 1.5483, Accuracy: 1121/1678 (66%)
Train Epoch: 12 [0/6714 (0%)]	Loss: 0.001711
Train Epoch: 12 [400/6714 (6%)]	Loss: 0.006162
Train Epoch: 12 [800/6714 (12%)]	Loss: 0.011949
Train Epoch: 12 [1200/6714 (18%)]	Loss: 0.010147
Train Epoch: 12 [1600/6714 (24%)]	Loss: 0.012330
Train Epoch: 12 [2000/6714 (30%)]	Loss: 0.004719
Train Epoch: 12 [2400/6714 (36%)]	Loss: 0.004854
Train Epoch: 12 [2800/6714 (42%)]	Loss: 0.005194
Train Epoch: 12 [3200/6714 (48%)]	Loss: 0.002304
Train Epoch: 12 [3600/6714 (54%)]	Loss: 0.004506
Train Epoch: 12 [4000/6714 (60%)]	Loss: 0.028076
Train Epoch: 12 [4400/6714 (65%)]	Loss: 0.004694
Train Epoch: 12 [4800/6714 (71%)]	Loss: 0.009050
Train Epoch: 12 [5200/6714 (77%)]	Loss: 0.009202
Train Epoch: 12 [5600/6714 (83%)]	Loss: 0.001458
Train Epoch: 12 [6000/6714 (89%)]	Loss: 0.008150
Train Epoch: 12 [6400/6714 (95%)]	Loss: 0.027455
Test set: Average loss: 1.4092, Accuracy: 1176/1678 (70%)
Train Epoch: 13 [0/6714 (0%)]	Loss: 0.006776
Train Epoch: 13 [400/6714 (6%)]	Loss: 0.025465
Train Epoch: 13 [800/6714 (12%)]	Loss: 0.019724
Train Epoch: 13 [1200/6714 (18%)]	Loss: 0.002062
Train Epoch: 13 [1600/6714 (24%)]	Loss: 0.001820
Train Epoch: 13 [2000/6714 (30%)]	Loss: 0.009939
Train Epoch: 13 [2400/6714 (36%)]	Loss: 0.002591
Train Epoch: 13 [2800/6714 (42%)]	Loss: 0.001573
Train Epoch: 13 [3200/6714 (48%)]	Loss: 0.004965
Train Epoch: 13 [3600/6714 (54%)]	Loss: 0.004377
Train Epoch: 13 [4000/6714 (60%)]	Loss: 0.004439
Train Epoch: 13 [4400/6714 (65%)]	Loss: 0.000368
Train Epoch: 13 [4800/6714 (71%)]	Loss: 0.007128
Train Epoch: 13 [5200/6714 (77%)]	Loss: 0.025093
Train Epoch: 13 [5600/6714 (83%)]	Loss: 0.080289
Train Epoch: 13 [6000/6714 (89%)]	Loss: 0.004416
Train Epoch: 13 [6400/6714 (95%)]	Loss: 0.037257
Test set: Average loss: 1.4980, Accuracy: 1155/1678 (68%)
Train Epoch: 14 [0/6714 (0%)]	Loss: 0.001010
Train Epoch: 14 [400/6714 (6%)]	Loss: 0.001819
Train Epoch: 14 [800/6714 (12%)]	Loss: 0.022769
Train Epoch: 14 [1200/6714 (18%)]	Loss: 0.005529
Train Epoch: 14 [1600/6714 (24%)]	Loss: 0.023497
Train Epoch: 14 [2000/6714 (30%)]	Loss: 0.022026
Train Epoch: 14 [2400/6714 (36%)]	Loss: 0.000645
Train Epoch: 14 [2800/6714 (42%)]	Loss: 0.016074
Train Epoch: 14 [3200/6714 (48%)]	Loss: 0.009185
Train Epoch: 14 [3600/6714 (54%)]	Loss: 0.007701
Train Epoch: 14 [4000/6714 (60%)]	Loss: 0.001467
Train Epoch: 14 [4400/6714 (65%)]	Loss: 0.002474
Train Epoch: 14 [4800/6714 (71%)]	Loss: 0.009738
Train Epoch: 14 [5200/6714 (77%)]	Loss: 0.047842
Train Epoch: 14 [5600/6714 (83%)]	Loss: 0.019681
Train Epoch: 14 [6000/6714 (89%)]	Loss: 0.001470
Train Epoch: 14 [6400/6714 (95%)]	Loss: 0.002463
Test set: Average loss: 1.3821, Accuracy: 1177/1678 (70%)
Train Epoch: 15 [0/6714 (0%)]	Loss: 0.002128
Train Epoch: 15 [400/6714 (6%)]	Loss: 0.001678
Train Epoch: 15 [800/6714 (12%)]	Loss: 0.000851
Train Epoch: 15 [1200/6714 (18%)]	Loss: 0.001593
Train Epoch: 15 [1600/6714 (24%)]	Loss: 0.002772
Train Epoch: 15 [2000/6714 (30%)]	Loss: 0.000255
Train Epoch: 15 [2400/6714 (36%)]	Loss: 0.001283
Train Epoch: 15 [2800/6714 (42%)]	Loss: 0.001855
Train Epoch: 15 [3200/6714 (48%)]	Loss: 0.019160
Train Epoch: 15 [3600/6714 (54%)]	Loss: 0.001246
Train Epoch: 15 [4000/6714 (60%)]	Loss: 0.007374
Train Epoch: 15 [4400/6714 (65%)]	Loss: 0.001039
Train Epoch: 15 [4800/6714 (71%)]	Loss: 0.011955
Train Epoch: 15 [5200/6714 (77%)]	Loss: 0.000811
Train Epoch: 15 [5600/6714 (83%)]	Loss: 0.002087
Train Epoch: 15 [6000/6714 (89%)]	Loss: 0.001160
Train Epoch: 15 [6400/6714 (95%)]	Loss: 0.008355
Test set: Average loss: 1.4077, Accuracy: 1190/1678 (70%)
Train Epoch: 16 [0/6714 (0%)]	Loss: 0.000250
Train Epoch: 16 [400/6714 (6%)]	Loss: 0.001903
Train Epoch: 16 [800/6714 (12%)]	Loss: 0.000830
Train Epoch: 16 [1200/6714 (18%)]	Loss: 0.000765
Train Epoch: 16 [1600/6714 (24%)]	Loss: 0.001567
Train Epoch: 16 [2000/6714 (30%)]	Loss: 0.000258
Train Epoch: 16 [2400/6714 (36%)]	Loss: 0.000847
Train Epoch: 16 [2800/6714 (42%)]	Loss: 0.000511
Train Epoch: 16 [3200/6714 (48%)]	Loss: 0.001869
Train Epoch: 16 [3600/6714 (54%)]	Loss: 0.001806
Train Epoch: 16 [4000/6714 (60%)]	Loss: 0.002330
Train Epoch: 16 [4400/6714 (65%)]	Loss: 0.001362
Train Epoch: 16 [4800/6714 (71%)]	Loss: 0.002517
Train Epoch: 16 [5200/6714 (77%)]	Loss: 0.000765
Train Epoch: 16 [5600/6714 (83%)]	Loss: 0.000432
Train Epoch: 16 [6000/6714 (89%)]	Loss: 0.001528
Train Epoch: 16 [6400/6714 (95%)]	Loss: 0.030139
Test set: Average loss: 1.4042, Accuracy: 1213/1678 (72%)
Train Epoch: 17 [0/6714 (0%)]	Loss: 0.001587
Train Epoch: 17 [400/6714 (6%)]	Loss: 0.000365
Train Epoch: 17 [800/6714 (12%)]	Loss: 0.001669
Train Epoch: 17 [1200/6714 (18%)]	Loss: 0.000553
Train Epoch: 17 [1600/6714 (24%)]	Loss: 0.000113
Train Epoch: 17 [2000/6714 (30%)]	Loss: 0.002499
Train Epoch: 17 [2400/6714 (36%)]	Loss: 0.000736
Train Epoch: 17 [2800/6714 (42%)]	Loss: 0.000744
Train Epoch: 17 [3200/6714 (48%)]	Loss: 0.000619
Train Epoch: 17 [3600/6714 (54%)]	Loss: 0.000222
Train Epoch: 17 [4000/6714 (60%)]	Loss: 0.000278
Train Epoch: 17 [4400/6714 (65%)]	Loss: 0.003389
Train Epoch: 17 [4800/6714 (71%)]	Loss: 0.000419
Train Epoch: 17 [5200/6714 (77%)]	Loss: 0.002936
Train Epoch: 17 [5600/6714 (83%)]	Loss: 0.000472
Train Epoch: 17 [6000/6714 (89%)]	Loss: 0.001069
Train Epoch: 17 [6400/6714 (95%)]	Loss: 0.001155
Test set: Average loss: 1.4828, Accuracy: 1161/1678 (69%)
Train Epoch: 18 [0/6714 (0%)]	Loss: 0.001095
Train Epoch: 18 [400/6714 (6%)]	Loss: 0.013043
Train Epoch: 18 [800/6714 (12%)]	Loss: 0.013675
Train Epoch: 18 [1200/6714 (18%)]	Loss: 0.003772
Train Epoch: 18 [1600/6714 (24%)]	Loss: 0.001083
Train Epoch: 18 [2000/6714 (30%)]	Loss: 0.001477
Train Epoch: 18 [2400/6714 (36%)]	Loss: 0.001512
Train Epoch: 18 [2800/6714 (42%)]	Loss: 0.007916
Train Epoch: 18 [3200/6714 (48%)]	Loss: 0.003003
Train Epoch: 18 [3600/6714 (54%)]	Loss: 0.039809
Train Epoch: 18 [4000/6714 (60%)]	Loss: 0.166849
Train Epoch: 18 [4400/6714 (65%)]	Loss: 0.064141
Train Epoch: 18 [4800/6714 (71%)]	Loss: 0.002253
Train Epoch: 18 [5200/6714 (77%)]	Loss: 0.006416
Train Epoch: 18 [5600/6714 (83%)]	Loss: 0.002182
Train Epoch: 18 [6000/6714 (89%)]	Loss: 0.005052
Train Epoch: 18 [6400/6714 (95%)]	Loss: 0.021101
Test set: Average loss: 1.4556, Accuracy: 1185/1678 (70%)
Train Epoch: 19 [0/6714 (0%)]	Loss: 0.003522
Train Epoch: 19 [400/6714 (6%)]	Loss: 0.000656
Train Epoch: 19 [800/6714 (12%)]	Loss: 0.023949
Train Epoch: 19 [1200/6714 (18%)]	Loss: 0.001588
Train Epoch: 19 [1600/6714 (24%)]	Loss: 0.001222
Train Epoch: 19 [2000/6714 (30%)]	Loss: 0.001370
Train Epoch: 19 [2400/6714 (36%)]	Loss: 0.001013
Train Epoch: 19 [2800/6714 (42%)]	Loss: 0.009018
Train Epoch: 19 [3200/6714 (48%)]	Loss: 0.001559
Train Epoch: 19 [3600/6714 (54%)]	Loss: 0.000512
Train Epoch: 19 [4000/6714 (60%)]	Loss: 0.001636
Train Epoch: 19 [4400/6714 (65%)]	Loss: 0.095470
Train Epoch: 19 [4800/6714 (71%)]	Loss: 0.007842
Train Epoch: 19 [5200/6714 (77%)]	Loss: 0.000697
Train Epoch: 19 [5600/6714 (83%)]	Loss: 0.000775
Train Epoch: 19 [6000/6714 (89%)]	Loss: 0.006021
Train Epoch: 19 [6400/6714 (95%)]	Loss: 0.001163
Test set: Average loss: 1.3852, Accuracy: 1190/1678 (70%)
Train Epoch: 20 [0/6714 (0%)]	Loss: 0.043955
Train Epoch: 20 [400/6714 (6%)]	Loss: 0.011482
Train Epoch: 20 [800/6714 (12%)]	Loss: 0.001509
Train Epoch: 20 [1200/6714 (18%)]	Loss: 0.002533
Train Epoch: 20 [1600/6714 (24%)]	Loss: 0.030897
Train Epoch: 20 [2000/6714 (30%)]	Loss: 0.026190
Train Epoch: 20 [2400/6714 (36%)]	Loss: 0.007574
Train Epoch: 20 [2800/6714 (42%)]	Loss: 0.051195
Train Epoch: 20 [3200/6714 (48%)]	Loss: 0.021570
Train Epoch: 20 [3600/6714 (54%)]	Loss: 0.011330
Train Epoch: 20 [4000/6714 (60%)]	Loss: 0.003173
Train Epoch: 20 [4400/6714 (65%)]	Loss: 0.018728
Train Epoch: 20 [4800/6714 (71%)]	Loss: 0.021909
Train Epoch: 20 [5200/6714 (77%)]	Loss: 0.001520
Train Epoch: 20 [5600/6714 (83%)]	Loss: 0.000737
Train Epoch: 20 [6000/6714 (89%)]	Loss: 0.033339
Train Epoch: 20 [6400/6714 (95%)]	Loss: 0.008723
Test set: Average loss: 1.5668, Accuracy: 1147/1678 (68%)
Train Epoch: 21 [0/6714 (0%)]	Loss: 0.001958
Train Epoch: 21 [400/6714 (6%)]	Loss: 0.013626
Train Epoch: 21 [800/6714 (12%)]	Loss: 0.000592
Train Epoch: 21 [1200/6714 (18%)]	Loss: 0.034946
Train Epoch: 21 [1600/6714 (24%)]	Loss: 0.034308
Train Epoch: 21 [2000/6714 (30%)]	Loss: 0.011797
Train Epoch: 21 [2400/6714 (36%)]	Loss: 0.134312
Train Epoch: 21 [2800/6714 (42%)]	Loss: 0.019668
Train Epoch: 21 [3200/6714 (48%)]	Loss: 0.002504
Train Epoch: 21 [3600/6714 (54%)]	Loss: 0.004216
Train Epoch: 21 [4000/6714 (60%)]	Loss: 0.008866
Train Epoch: 21 [4400/6714 (65%)]	Loss: 0.001666
Train Epoch: 21 [4800/6714 (71%)]	Loss: 0.001967
Train Epoch: 21 [5200/6714 (77%)]	Loss: 0.001506
Train Epoch: 21 [5600/6714 (83%)]	Loss: 0.000706
Train Epoch: 21 [6000/6714 (89%)]	Loss: 0.000535
Train Epoch: 21 [6400/6714 (95%)]	Loss: 0.001897
Test set: Average loss: 1.4249, Accuracy: 1178/1678 (70%)
Train Epoch: 22 [0/6714 (0%)]	Loss: 0.001290
Train Epoch: 22 [400/6714 (6%)]	Loss: 0.000839
Train Epoch: 22 [800/6714 (12%)]	Loss: 0.001606
Train Epoch: 22 [1200/6714 (18%)]	Loss: 0.001891
Train Epoch: 22 [1600/6714 (24%)]	Loss: 0.000563
Train Epoch: 22 [2000/6714 (30%)]	Loss: 0.018497
Train Epoch: 22 [2400/6714 (36%)]	Loss: 0.011666
Train Epoch: 22 [2800/6714 (42%)]	Loss: 0.002351
Train Epoch: 22 [3200/6714 (48%)]	Loss: 0.000231
Train Epoch: 22 [3600/6714 (54%)]	Loss: 0.001284
Train Epoch: 22 [4000/6714 (60%)]	Loss: 0.001054
Train Epoch: 22 [4400/6714 (65%)]	Loss: 0.002497
Train Epoch: 22 [4800/6714 (71%)]	Loss: 0.000347
Train Epoch: 22 [5200/6714 (77%)]	Loss: 0.028175
Train Epoch: 22 [5600/6714 (83%)]	Loss: 0.002107
Train Epoch: 22 [6000/6714 (89%)]	Loss: 0.012396
Train Epoch: 22 [6400/6714 (95%)]	Loss: 0.006839
Test set: Average loss: 1.4011, Accuracy: 1201/1678 (71%)
Train Epoch: 23 [0/6714 (0%)]	Loss: 0.000293
Train Epoch: 23 [400/6714 (6%)]	Loss: 0.000340
Train Epoch: 23 [800/6714 (12%)]	Loss: 0.018745
Train Epoch: 23 [1200/6714 (18%)]	Loss: 0.000476
Train Epoch: 23 [1600/6714 (24%)]	Loss: 0.003178
Train Epoch: 23 [2000/6714 (30%)]	Loss: 0.000926
Train Epoch: 23 [2400/6714 (36%)]	Loss: 0.004853
Train Epoch: 23 [2800/6714 (42%)]	Loss: 0.001926
Train Epoch: 23 [3200/6714 (48%)]	Loss: 0.003485
Train Epoch: 23 [3600/6714 (54%)]	Loss: 0.076891
Train Epoch: 23 [4000/6714 (60%)]	Loss: 0.000380
Train Epoch: 23 [4400/6714 (65%)]	Loss: 0.001068
Train Epoch: 23 [4800/6714 (71%)]	Loss: 0.004800
Train Epoch: 23 [5200/6714 (77%)]	Loss: 0.015215
Train Epoch: 23 [5600/6714 (83%)]	Loss: 0.004386
Train Epoch: 23 [6000/6714 (89%)]	Loss: 0.001011
Train Epoch: 23 [6400/6714 (95%)]	Loss: 0.053542
Test set: Average loss: 1.5084, Accuracy: 1190/1678 (70%)
Train Epoch: 24 [0/6714 (0%)]	Loss: 0.000846
Train Epoch: 24 [400/6714 (6%)]	Loss: 0.001005
Train Epoch: 24 [800/6714 (12%)]	Loss: 0.001027
Train Epoch: 24 [1200/6714 (18%)]	Loss: 0.002299
Train Epoch: 24 [1600/6714 (24%)]	Loss: 0.000390
Train Epoch: 24 [2000/6714 (30%)]	Loss: 0.000386
Train Epoch: 24 [2400/6714 (36%)]	Loss: 0.003091
Train Epoch: 24 [2800/6714 (42%)]	Loss: 0.009199
Train Epoch: 24 [3200/6714 (48%)]	Loss: 0.002816
Train Epoch: 24 [3600/6714 (54%)]	Loss: 0.000241
Train Epoch: 24 [4000/6714 (60%)]	Loss: 0.000520
Train Epoch: 24 [4400/6714 (65%)]	Loss: 0.005703
Train Epoch: 24 [4800/6714 (71%)]	Loss: 0.000775
Train Epoch: 24 [5200/6714 (77%)]	Loss: 0.008631
Train Epoch: 24 [5600/6714 (83%)]	Loss: 0.000582
Train Epoch: 24 [6000/6714 (89%)]	Loss: 0.004820
Train Epoch: 24 [6400/6714 (95%)]	Loss: 0.059837
Test set: Average loss: 1.6508, Accuracy: 1170/1678 (69%)
Train Epoch: 25 [0/6714 (0%)]	Loss: 0.003549
Train Epoch: 25 [400/6714 (6%)]	Loss: 0.000556
Train Epoch: 25 [800/6714 (12%)]	Loss: 0.000193
Train Epoch: 25 [1200/6714 (18%)]	Loss: 0.015123
Train Epoch: 25 [1600/6714 (24%)]	Loss: 0.000464
Train Epoch: 25 [2000/6714 (30%)]	Loss: 0.033742
Train Epoch: 25 [2400/6714 (36%)]	Loss: 0.000332
Train Epoch: 25 [2800/6714 (42%)]	Loss: 0.000243
Train Epoch: 25 [3200/6714 (48%)]	Loss: 0.000271
Train Epoch: 25 [3600/6714 (54%)]	Loss: 0.001921
Train Epoch: 25 [4000/6714 (60%)]	Loss: 0.014650
Train Epoch: 25 [4400/6714 (65%)]	Loss: 0.005110
Train Epoch: 25 [4800/6714 (71%)]	Loss: 0.001135
Train Epoch: 25 [5200/6714 (77%)]	Loss: 0.000158
Train Epoch: 25 [5600/6714 (83%)]	Loss: 0.000973
Train Epoch: 25 [6000/6714 (89%)]	Loss: 0.000138
Train Epoch: 25 [6400/6714 (95%)]	Loss: 0.000587
Test set: Average loss: 1.5217, Accuracy: 1187/1678 (70%)
Train Epoch: 26 [0/6714 (0%)]	Loss: 0.000924
Train Epoch: 26 [400/6714 (6%)]	Loss: 0.001984
Train Epoch: 26 [800/6714 (12%)]	Loss: 0.000212
Train Epoch: 26 [1200/6714 (18%)]	Loss: 0.002801
Train Epoch: 26 [1600/6714 (24%)]	Loss: 0.000479
Train Epoch: 26 [2000/6714 (30%)]	Loss: 0.003389
Train Epoch: 26 [2400/6714 (36%)]	Loss: 0.000297
Train Epoch: 26 [2800/6714 (42%)]	Loss: 0.000720
Train Epoch: 26 [3200/6714 (48%)]	Loss: 0.000972
Train Epoch: 26 [3600/6714 (54%)]	Loss: 0.001093
Train Epoch: 26 [4000/6714 (60%)]	Loss: 0.001663
Train Epoch: 26 [4400/6714 (65%)]	Loss: 0.001209
Train Epoch: 26 [4800/6714 (71%)]	Loss: 0.000084
Train Epoch: 26 [5200/6714 (77%)]	Loss: 0.000298
Train Epoch: 26 [5600/6714 (83%)]	Loss: 0.001438
Train Epoch: 26 [6000/6714 (89%)]	Loss: 0.001014
Train Epoch: 26 [6400/6714 (95%)]	Loss: 0.034021
Test set: Average loss: 1.5541, Accuracy: 1151/1678 (68%)
Train Epoch: 27 [0/6714 (0%)]	Loss: 0.000328
Train Epoch: 27 [400/6714 (6%)]	Loss: 0.000914
Train Epoch: 27 [800/6714 (12%)]	Loss: 0.001531
Train Epoch: 27 [1200/6714 (18%)]	Loss: 0.006745
Train Epoch: 27 [1600/6714 (24%)]	Loss: 0.000798
Train Epoch: 27 [2000/6714 (30%)]	Loss: 0.001706
Train Epoch: 27 [2400/6714 (36%)]	Loss: 0.001781
Train Epoch: 27 [2800/6714 (42%)]	Loss: 0.000246
Train Epoch: 27 [3200/6714 (48%)]	Loss: 0.001115
Train Epoch: 27 [3600/6714 (54%)]	Loss: 0.004200
Train Epoch: 27 [4000/6714 (60%)]	Loss: 0.000593
Train Epoch: 27 [4400/6714 (65%)]	Loss: 0.000510
Train Epoch: 27 [4800/6714 (71%)]	Loss: 0.005951
Train Epoch: 27 [5200/6714 (77%)]	Loss: 0.003180
Train Epoch: 27 [5600/6714 (83%)]	Loss: 0.001263
Train Epoch: 27 [6000/6714 (89%)]	Loss: 0.000104
Train Epoch: 27 [6400/6714 (95%)]	Loss: 0.027368
Test set: Average loss: 1.4894, Accuracy: 1190/1678 (70%)
Train Epoch: 28 [0/6714 (0%)]	Loss: 0.000550
Train Epoch: 28 [400/6714 (6%)]	Loss: 0.001631
Train Epoch: 28 [800/6714 (12%)]	Loss: 0.000565
Train Epoch: 28 [1200/6714 (18%)]	Loss: 0.000843
Train Epoch: 28 [1600/6714 (24%)]	Loss: 0.004515
Train Epoch: 28 [2000/6714 (30%)]	Loss: 0.029697
Train Epoch: 28 [2400/6714 (36%)]	Loss: 0.000522
Train Epoch: 28 [2800/6714 (42%)]	Loss: 0.005259
Train Epoch: 28 [3200/6714 (48%)]	Loss: 0.003589
Train Epoch: 28 [3600/6714 (54%)]	Loss: 0.001890
Train Epoch: 28 [4000/6714 (60%)]	Loss: 0.003146
Train Epoch: 28 [4400/6714 (65%)]	Loss: 0.001597
Train Epoch: 28 [4800/6714 (71%)]	Loss: 0.000616
Train Epoch: 28 [5200/6714 (77%)]	Loss: 0.000560
Train Epoch: 28 [5600/6714 (83%)]	Loss: 0.000397
Train Epoch: 28 [6000/6714 (89%)]	Loss: 0.000338
Train Epoch: 28 [6400/6714 (95%)]	Loss: 0.001205
Test set: Average loss: 1.4714, Accuracy: 1198/1678 (71%)
Train Epoch: 29 [0/6714 (0%)]	Loss: 0.000623
Train Epoch: 29 [400/6714 (6%)]	Loss: 0.000290
Train Epoch: 29 [800/6714 (12%)]	Loss: 0.040621
Train Epoch: 29 [1200/6714 (18%)]	Loss: 0.000107
Train Epoch: 29 [1600/6714 (24%)]	Loss: 0.025174
Train Epoch: 29 [2000/6714 (30%)]	Loss: 0.042928
Train Epoch: 29 [2400/6714 (36%)]	Loss: 0.003702
Train Epoch: 29 [2800/6714 (42%)]	Loss: 0.003622
Train Epoch: 29 [3200/6714 (48%)]	Loss: 0.004118
Train Epoch: 29 [3600/6714 (54%)]	Loss: 0.001516
Train Epoch: 29 [4000/6714 (60%)]	Loss: 0.005070
Train Epoch: 29 [4400/6714 (65%)]	Loss: 0.014315
Train Epoch: 29 [4800/6714 (71%)]	Loss: 0.000928
Train Epoch: 29 [5200/6714 (77%)]	Loss: 0.000810
Train Epoch: 29 [5600/6714 (83%)]	Loss: 0.001635
Train Epoch: 29 [6000/6714 (89%)]	Loss: 0.065382
Train Epoch: 29 [6400/6714 (95%)]	Loss: 0.000229
Test set: Average loss: 1.7759, Accuracy: 1099/1678 (65%)
Train Epoch: 30 [0/6714 (0%)]	Loss: 0.189929
Train Epoch: 30 [400/6714 (6%)]	Loss: 0.038106
Train Epoch: 30 [800/6714 (12%)]	Loss: 0.002912
Train Epoch: 30 [1200/6714 (18%)]	Loss: 0.006013
Train Epoch: 30 [1600/6714 (24%)]	Loss: 0.000904
Train Epoch: 30 [2000/6714 (30%)]	Loss: 0.001418
Train Epoch: 30 [2400/6714 (36%)]	Loss: 0.001924
Train Epoch: 30 [2800/6714 (42%)]	Loss: 0.000327
Train Epoch: 30 [3200/6714 (48%)]	Loss: 0.000579
Train Epoch: 30 [3600/6714 (54%)]	Loss: 0.001450
Train Epoch: 30 [4000/6714 (60%)]	Loss: 0.001592
Train Epoch: 30 [4400/6714 (65%)]	Loss: 0.001842
Train Epoch: 30 [4800/6714 (71%)]	Loss: 0.012861
Train Epoch: 30 [5200/6714 (77%)]	Loss: 0.000950
Train Epoch: 30 [5600/6714 (83%)]	Loss: 0.027106
Train Epoch: 30 [6000/6714 (89%)]	Loss: 0.024442
Train Epoch: 30 [6400/6714 (95%)]	Loss: 0.013172
Test set: Average loss: 1.5051, Accuracy: 1173/1678 (69%)
Train Epoch: 31 [0/6714 (0%)]	Loss: 0.011591
Train Epoch: 31 [400/6714 (6%)]	Loss: 0.002642
Train Epoch: 31 [800/6714 (12%)]	Loss: 0.001978
Train Epoch: 31 [1200/6714 (18%)]	Loss: 0.000324
Train Epoch: 31 [1600/6714 (24%)]	Loss: 0.000550
Train Epoch: 31 [2000/6714 (30%)]	Loss: 0.000360
Train Epoch: 31 [2400/6714 (36%)]	Loss: 0.003224
Train Epoch: 31 [2800/6714 (42%)]	Loss: 0.089777
Train Epoch: 31 [3200/6714 (48%)]	Loss: 0.076408
Train Epoch: 31 [3600/6714 (54%)]	Loss: 0.004667
Train Epoch: 31 [4000/6714 (60%)]	Loss: 0.001872
Train Epoch: 31 [4400/6714 (65%)]	Loss: 0.010062
Train Epoch: 31 [4800/6714 (71%)]	Loss: 0.052280
Train Epoch: 31 [5200/6714 (77%)]	Loss: 0.100455
Train Epoch: 31 [5600/6714 (83%)]	Loss: 0.009183
Train Epoch: 31 [6000/6714 (89%)]	Loss: 0.014591
Train Epoch: 31 [6400/6714 (95%)]	Loss: 0.008765
Test set: Average loss: 1.4665, Accuracy: 1170/1678 (69%)
Train Epoch: 32 [0/6714 (0%)]	Loss: 0.022509
Train Epoch: 32 [400/6714 (6%)]	Loss: 0.000503
Train Epoch: 32 [800/6714 (12%)]	Loss: 0.015882
Train Epoch: 32 [1200/6714 (18%)]	Loss: 0.005170
Train Epoch: 32 [1600/6714 (24%)]	Loss: 0.001428
Train Epoch: 32 [2000/6714 (30%)]	Loss: 0.006856
Train Epoch: 32 [2400/6714 (36%)]	Loss: 0.001526
Train Epoch: 32 [2800/6714 (42%)]	Loss: 0.003442
Train Epoch: 32 [3200/6714 (48%)]	Loss: 0.000731
Train Epoch: 32 [3600/6714 (54%)]	Loss: 0.020156
Train Epoch: 32 [4000/6714 (60%)]	Loss: 0.002694
Train Epoch: 32 [4400/6714 (65%)]	Loss: 0.009409
Train Epoch: 32 [4800/6714 (71%)]	Loss: 0.000710
Train Epoch: 32 [5200/6714 (77%)]	Loss: 0.000637
Train Epoch: 32 [5600/6714 (83%)]	Loss: 0.012560
Train Epoch: 32 [6000/6714 (89%)]	Loss: 0.000476
Train Epoch: 32 [6400/6714 (95%)]	Loss: 0.003313
Test set: Average loss: 1.4770, Accuracy: 1179/1678 (70%)
Train Epoch: 33 [0/6714 (0%)]	Loss: 0.003214
Train Epoch: 33 [400/6714 (6%)]	Loss: 0.000883
Train Epoch: 33 [800/6714 (12%)]	Loss: 0.002913
Train Epoch: 33 [1200/6714 (18%)]	Loss: 0.000517
Train Epoch: 33 [1600/6714 (24%)]	Loss: 0.000424
Train Epoch: 33 [2000/6714 (30%)]	Loss: 0.000092
Train Epoch: 33 [2400/6714 (36%)]	Loss: 0.001289
Train Epoch: 33 [2800/6714 (42%)]	Loss: 0.001473
Train Epoch: 33 [3200/6714 (48%)]	Loss: 0.000304
Train Epoch: 33 [3600/6714 (54%)]	Loss: 0.001185
Train Epoch: 33 [4000/6714 (60%)]	Loss: 0.010089
Train Epoch: 33 [4400/6714 (65%)]	Loss: 0.000997
Train Epoch: 33 [4800/6714 (71%)]	Loss: 0.007904
Train Epoch: 33 [5200/6714 (77%)]	Loss: 0.002764
Train Epoch: 33 [5600/6714 (83%)]	Loss: 0.051162
Train Epoch: 33 [6000/6714 (89%)]	Loss: 0.006498
Train Epoch: 33 [6400/6714 (95%)]	Loss: 0.001279
Test set: Average loss: 1.5048, Accuracy: 1167/1678 (69%)
Train Epoch: 34 [0/6714 (0%)]	Loss: 0.002385
Train Epoch: 34 [400/6714 (6%)]	Loss: 0.002429
Train Epoch: 34 [800/6714 (12%)]	Loss: 0.006013
Train Epoch: 34 [1200/6714 (18%)]	Loss: 0.001532
Train Epoch: 34 [1600/6714 (24%)]	Loss: 0.004634
Train Epoch: 34 [2000/6714 (30%)]	Loss: 0.000370
Train Epoch: 34 [2400/6714 (36%)]	Loss: 0.000801
Train Epoch: 34 [2800/6714 (42%)]	Loss: 0.012038
Train Epoch: 34 [3200/6714 (48%)]	Loss: 0.001938
Train Epoch: 34 [3600/6714 (54%)]	Loss: 0.000758
Train Epoch: 34 [4000/6714 (60%)]	Loss: 0.010213
Train Epoch: 34 [4400/6714 (65%)]	Loss: 0.014636
Train Epoch: 34 [4800/6714 (71%)]	Loss: 0.005728
Train Epoch: 34 [5200/6714 (77%)]	Loss: 0.004218
Train Epoch: 34 [5600/6714 (83%)]	Loss: 0.000206
Train Epoch: 34 [6000/6714 (89%)]	Loss: 0.000713
Train Epoch: 34 [6400/6714 (95%)]	Loss: 0.001243
Test set: Average loss: 1.4582, Accuracy: 1182/1678 (70%)
Train Epoch: 35 [0/6714 (0%)]	Loss: 0.001204
Train Epoch: 35 [400/6714 (6%)]	Loss: 0.001745
Train Epoch: 35 [800/6714 (12%)]	Loss: 0.000640
Train Epoch: 35 [1200/6714 (18%)]	Loss: 0.000795
Train Epoch: 35 [1600/6714 (24%)]	Loss: 0.062991
Train Epoch: 35 [2000/6714 (30%)]	Loss: 0.000111
Train Epoch: 35 [2400/6714 (36%)]	Loss: 0.000586
Train Epoch: 35 [2800/6714 (42%)]	Loss: 0.001961
Train Epoch: 35 [3200/6714 (48%)]	Loss: 0.008651
Train Epoch: 35 [3600/6714 (54%)]	Loss: 0.010186
Train Epoch: 35 [4000/6714 (60%)]	Loss: 0.001637
Train Epoch: 35 [4400/6714 (65%)]	Loss: 0.000208
Train Epoch: 35 [4800/6714 (71%)]	Loss: 0.000599
Train Epoch: 35 [5200/6714 (77%)]	Loss: 0.000432
Train Epoch: 35 [5600/6714 (83%)]	Loss: 0.000686
Train Epoch: 35 [6000/6714 (89%)]	Loss: 0.000608
Train Epoch: 35 [6400/6714 (95%)]	Loss: 0.001709
Test set: Average loss: 1.5694, Accuracy: 1147/1678 (68%)
Train Epoch: 36 [0/6714 (0%)]	Loss: 0.000296
Train Epoch: 36 [400/6714 (6%)]	Loss: 0.000342
Train Epoch: 36 [800/6714 (12%)]	Loss: 0.000185
Train Epoch: 36 [1200/6714 (18%)]	Loss: 0.000340
Train Epoch: 36 [1600/6714 (24%)]	Loss: 0.000362
Train Epoch: 36 [2000/6714 (30%)]	Loss: 0.000499
Train Epoch: 36 [2400/6714 (36%)]	Loss: 0.000885
Train Epoch: 36 [2800/6714 (42%)]	Loss: 0.000075
Train Epoch: 36 [3200/6714 (48%)]	Loss: 0.000269
Train Epoch: 36 [3600/6714 (54%)]	Loss: 0.001406
Train Epoch: 36 [4000/6714 (60%)]	Loss: 0.000687
Train Epoch: 36 [4400/6714 (65%)]	Loss: 0.003734
Train Epoch: 36 [4800/6714 (71%)]	Loss: 0.000419
Train Epoch: 36 [5200/6714 (77%)]	Loss: 0.000319
Train Epoch: 36 [5600/6714 (83%)]	Loss: 0.000916
Train Epoch: 36 [6000/6714 (89%)]	Loss: 0.003811
Train Epoch: 36 [6400/6714 (95%)]	Loss: 0.001259
Test set: Average loss: 1.5495, Accuracy: 1195/1678 (71%)
Train Epoch: 37 [0/6714 (0%)]	Loss: 0.000723
Train Epoch: 37 [400/6714 (6%)]	Loss: 0.000067
Train Epoch: 37 [800/6714 (12%)]	Loss: 0.000527
Train Epoch: 37 [1200/6714 (18%)]	Loss: 0.001172
Train Epoch: 37 [1600/6714 (24%)]	Loss: 0.002997
Train Epoch: 37 [2000/6714 (30%)]	Loss: 0.000097
Train Epoch: 37 [2400/6714 (36%)]	Loss: 0.000423
Train Epoch: 37 [2800/6714 (42%)]	Loss: 0.000095
Train Epoch: 37 [3200/6714 (48%)]	Loss: 0.000110
Train Epoch: 37 [3600/6714 (54%)]	Loss: 0.000166
Train Epoch: 37 [4000/6714 (60%)]	Loss: 0.000788
Train Epoch: 37 [4400/6714 (65%)]	Loss: 0.000133
Train Epoch: 37 [4800/6714 (71%)]	Loss: 0.000118
Train Epoch: 37 [5200/6714 (77%)]	Loss: 0.000131
Train Epoch: 37 [5600/6714 (83%)]	Loss: 0.000543
Train Epoch: 37 [6000/6714 (89%)]	Loss: 0.002453
Train Epoch: 37 [6400/6714 (95%)]	Loss: 0.000092
Test set: Average loss: 1.5906, Accuracy: 1198/1678 (71%)
Train Epoch: 38 [0/6714 (0%)]	Loss: 0.000093
Train Epoch: 38 [400/6714 (6%)]	Loss: 0.000307
Train Epoch: 38 [800/6714 (12%)]	Loss: 0.000231
Train Epoch: 38 [1200/6714 (18%)]	Loss: 0.000070
Train Epoch: 38 [1600/6714 (24%)]	Loss: 0.000746
Train Epoch: 38 [2000/6714 (30%)]	Loss: 0.000293
Train Epoch: 38 [2400/6714 (36%)]	Loss: 0.007174
Train Epoch: 38 [2800/6714 (42%)]	Loss: 0.000512
Train Epoch: 38 [3200/6714 (48%)]	Loss: 0.017521
Train Epoch: 38 [3600/6714 (54%)]	Loss: 0.000273
Train Epoch: 38 [4000/6714 (60%)]	Loss: 0.000074
Train Epoch: 38 [4400/6714 (65%)]	Loss: 0.000973
Train Epoch: 38 [4800/6714 (71%)]	Loss: 0.000775
Train Epoch: 38 [5200/6714 (77%)]	Loss: 0.000216
Train Epoch: 38 [5600/6714 (83%)]	Loss: 0.000365
Train Epoch: 38 [6000/6714 (89%)]	Loss: 0.000225
Train Epoch: 38 [6400/6714 (95%)]	Loss: 0.000150
Test set: Average loss: 1.6117, Accuracy: 1203/1678 (71%)
Train Epoch: 39 [0/6714 (0%)]	Loss: 0.000061
Train Epoch: 39 [400/6714 (6%)]	Loss: 0.000044
Train Epoch: 39 [800/6714 (12%)]	Loss: 0.000151
Train Epoch: 39 [1200/6714 (18%)]	Loss: 0.000073
Train Epoch: 39 [1600/6714 (24%)]	Loss: 0.000039
Train Epoch: 39 [2000/6714 (30%)]	Loss: 0.000318
Train Epoch: 39 [2400/6714 (36%)]	Loss: 0.000610
Train Epoch: 39 [2800/6714 (42%)]	Loss: 0.001156
Train Epoch: 39 [3200/6714 (48%)]	Loss: 0.000157
Train Epoch: 39 [3600/6714 (54%)]	Loss: 0.000154
Train Epoch: 39 [4000/6714 (60%)]	Loss: 0.000396
Train Epoch: 39 [4400/6714 (65%)]	Loss: 0.000286
Train Epoch: 39 [4800/6714 (71%)]	Loss: 0.000177
Train Epoch: 39 [5200/6714 (77%)]	Loss: 0.000095
Train Epoch: 39 [5600/6714 (83%)]	Loss: 0.000250
Train Epoch: 39 [6000/6714 (89%)]	Loss: 0.000166
Train Epoch: 39 [6400/6714 (95%)]	Loss: 0.000439
Test set: Average loss: 1.5734, Accuracy: 1200/1678 (71%)
Train Epoch: 40 [0/6714 (0%)]	Loss: 0.001053
Train Epoch: 40 [400/6714 (6%)]	Loss: 0.003000
Train Epoch: 40 [800/6714 (12%)]	Loss: 0.000434
Train Epoch: 40 [1200/6714 (18%)]	Loss: 0.000146
Train Epoch: 40 [1600/6714 (24%)]	Loss: 0.000136
Train Epoch: 40 [2000/6714 (30%)]	Loss: 0.000105
Train Epoch: 40 [2400/6714 (36%)]	Loss: 0.000163
Train Epoch: 40 [2800/6714 (42%)]	Loss: 0.000300
Train Epoch: 40 [3200/6714 (48%)]	Loss: 0.000742
Train Epoch: 40 [3600/6714 (54%)]	Loss: 0.000065
Train Epoch: 40 [4000/6714 (60%)]	Loss: 0.000102
Train Epoch: 40 [4400/6714 (65%)]	Loss: 0.000057
Train Epoch: 40 [4800/6714 (71%)]	Loss: 0.000061
Train Epoch: 40 [5200/6714 (77%)]	Loss: 0.001615
Train Epoch: 40 [5600/6714 (83%)]	Loss: 0.000627
Train Epoch: 40 [6000/6714 (89%)]	Loss: 0.000416
Train Epoch: 40 [6400/6714 (95%)]	Loss: 0.000668
Test set: Average loss: 1.5820, Accuracy: 1192/1678 (71%)
Train Epoch: 41 [0/6714 (0%)]	Loss: 0.000305
Train Epoch: 41 [400/6714 (6%)]	Loss: 0.008614
Train Epoch: 41 [800/6714 (12%)]	Loss: 0.000031
Train Epoch: 41 [1200/6714 (18%)]	Loss: 0.000241
Train Epoch: 41 [1600/6714 (24%)]	Loss: 0.000072
Train Epoch: 41 [2000/6714 (30%)]	Loss: 0.000097
Train Epoch: 41 [2400/6714 (36%)]	Loss: 0.000131
Train Epoch: 41 [2800/6714 (42%)]	Loss: 0.000095
Train Epoch: 41 [3200/6714 (48%)]	Loss: 0.000040
Train Epoch: 41 [3600/6714 (54%)]	Loss: 0.000199
Train Epoch: 41 [4000/6714 (60%)]	Loss: 0.000097
Train Epoch: 41 [4400/6714 (65%)]	Loss: 0.000259
Train Epoch: 41 [4800/6714 (71%)]	Loss: 0.000240
Train Epoch: 41 [5200/6714 (77%)]	Loss: 0.000294
Train Epoch: 41 [5600/6714 (83%)]	Loss: 0.000135
Train Epoch: 41 [6000/6714 (89%)]	Loss: 0.000206
Train Epoch: 41 [6400/6714 (95%)]	Loss: 0.000050
Test set: Average loss: 1.5943, Accuracy: 1195/1678 (71%)
Train Epoch: 42 [0/6714 (0%)]	Loss: 0.000111
Train Epoch: 42 [400/6714 (6%)]	Loss: 0.000089
Train Epoch: 42 [800/6714 (12%)]	Loss: 0.000180
Train Epoch: 42 [1200/6714 (18%)]	Loss: 0.000072
Train Epoch: 42 [1600/6714 (24%)]	Loss: 0.000033
Train Epoch: 42 [2000/6714 (30%)]	Loss: 0.000069
Train Epoch: 42 [2400/6714 (36%)]	Loss: 0.000336
Train Epoch: 42 [2800/6714 (42%)]	Loss: 0.000036
Train Epoch: 42 [3200/6714 (48%)]	Loss: 0.000165
Train Epoch: 42 [3600/6714 (54%)]	Loss: 0.000149
Train Epoch: 42 [4000/6714 (60%)]	Loss: 0.000087
Train Epoch: 42 [4400/6714 (65%)]	Loss: 0.000484
Train Epoch: 42 [4800/6714 (71%)]	Loss: 0.000162
Train Epoch: 42 [5200/6714 (77%)]	Loss: 0.000559
Train Epoch: 42 [5600/6714 (83%)]	Loss: 0.000097
Train Epoch: 42 [6000/6714 (89%)]	Loss: 0.000098
Train Epoch: 42 [6400/6714 (95%)]	Loss: 0.000123
Test set: Average loss: 1.6276, Accuracy: 1195/1678 (71%)
Train Epoch: 43 [0/6714 (0%)]	Loss: 0.000080
Train Epoch: 43 [400/6714 (6%)]	Loss: 0.000096
Train Epoch: 43 [800/6714 (12%)]	Loss: 0.000430
Train Epoch: 43 [1200/6714 (18%)]	Loss: 0.000035
Train Epoch: 43 [1600/6714 (24%)]	Loss: 0.000151
Train Epoch: 43 [2000/6714 (30%)]	Loss: 0.000047
Train Epoch: 43 [2400/6714 (36%)]	Loss: 0.000028
Train Epoch: 43 [2800/6714 (42%)]	Loss: 0.000153
Train Epoch: 43 [3200/6714 (48%)]	Loss: 0.000039
Train Epoch: 43 [3600/6714 (54%)]	Loss: 0.000172
Train Epoch: 43 [4000/6714 (60%)]	Loss: 0.000082
Train Epoch: 43 [4400/6714 (65%)]	Loss: 0.000361
Train Epoch: 43 [4800/6714 (71%)]	Loss: 0.000098
Train Epoch: 43 [5200/6714 (77%)]	Loss: 0.000291
Train Epoch: 43 [5600/6714 (83%)]	Loss: 0.000038
Train Epoch: 43 [6000/6714 (89%)]	Loss: 0.000117
Train Epoch: 43 [6400/6714 (95%)]	Loss: 0.000230
Test set: Average loss: 1.6235, Accuracy: 1206/1678 (71%)
Train Epoch: 44 [0/6714 (0%)]	Loss: 0.000039
Train Epoch: 44 [400/6714 (6%)]	Loss: 0.000060
Train Epoch: 44 [800/6714 (12%)]	Loss: 0.000759
Train Epoch: 44 [1200/6714 (18%)]	Loss: 0.000934
Train Epoch: 44 [1600/6714 (24%)]	Loss: 0.000237
Train Epoch: 44 [2000/6714 (30%)]	Loss: 0.000018
Train Epoch: 44 [2400/6714 (36%)]	Loss: 0.000034
Train Epoch: 44 [2800/6714 (42%)]	Loss: 0.010952
Train Epoch: 44 [3200/6714 (48%)]	Loss: 0.004173
Train Epoch: 44 [3600/6714 (54%)]	Loss: 0.000047
Train Epoch: 44 [4000/6714 (60%)]	Loss: 0.000044
Train Epoch: 44 [4400/6714 (65%)]	Loss: 0.000107
Train Epoch: 44 [4800/6714 (71%)]	Loss: 0.000026
Train Epoch: 44 [5200/6714 (77%)]	Loss: 0.000029
Train Epoch: 44 [5600/6714 (83%)]	Loss: 0.000111
Train Epoch: 44 [6000/6714 (89%)]	Loss: 0.000047
Train Epoch: 44 [6400/6714 (95%)]	Loss: 0.000073
Test set: Average loss: 1.6140, Accuracy: 1193/1678 (71%)
Train Epoch: 45 [0/6714 (0%)]	Loss: 0.000171
Train Epoch: 45 [400/6714 (6%)]	Loss: 0.000162
Train Epoch: 45 [800/6714 (12%)]	Loss: 0.000407
Train Epoch: 45 [1200/6714 (18%)]	Loss: 0.000124
Train Epoch: 45 [1600/6714 (24%)]	Loss: 0.000120
Train Epoch: 45 [2000/6714 (30%)]	Loss: 0.000099
Train Epoch: 45 [2400/6714 (36%)]	Loss: 0.000078
Train Epoch: 45 [2800/6714 (42%)]	Loss: 0.000039
Train Epoch: 45 [3200/6714 (48%)]	Loss: 0.000046
Train Epoch: 45 [3600/6714 (54%)]	Loss: 0.001580
Train Epoch: 45 [4000/6714 (60%)]	Loss: 0.000052
Train Epoch: 45 [4400/6714 (65%)]	Loss: 0.000059
Train Epoch: 45 [4800/6714 (71%)]	Loss: 0.000116
Train Epoch: 45 [5200/6714 (77%)]	Loss: 0.000079
Train Epoch: 45 [5600/6714 (83%)]	Loss: 0.000208
Train Epoch: 45 [6000/6714 (89%)]	Loss: 0.000189
Train Epoch: 45 [6400/6714 (95%)]	Loss: 0.000212
Test set: Average loss: 1.6141, Accuracy: 1196/1678 (71%)
Train Epoch: 46 [0/6714 (0%)]	Loss: 0.000847
Train Epoch: 46 [400/6714 (6%)]	Loss: 0.000105
Train Epoch: 46 [800/6714 (12%)]	Loss: 0.000192
Train Epoch: 46 [1200/6714 (18%)]	Loss: 0.000899
Train Epoch: 46 [1600/6714 (24%)]	Loss: 0.000129
Train Epoch: 46 [2000/6714 (30%)]	Loss: 0.000529
Train Epoch: 46 [2400/6714 (36%)]	Loss: 0.000030
Train Epoch: 46 [2800/6714 (42%)]	Loss: 0.000075
Train Epoch: 46 [3200/6714 (48%)]	Loss: 0.000050
Train Epoch: 46 [3600/6714 (54%)]	Loss: 0.000663
Train Epoch: 46 [4000/6714 (60%)]	Loss: 0.000051
Train Epoch: 46 [4400/6714 (65%)]	Loss: 0.000080
Train Epoch: 46 [4800/6714 (71%)]	Loss: 0.005405
Train Epoch: 46 [5200/6714 (77%)]	Loss: 0.000588
Train Epoch: 46 [5600/6714 (83%)]	Loss: 0.000054
Train Epoch: 46 [6000/6714 (89%)]	Loss: 0.000089
Train Epoch: 46 [6400/6714 (95%)]	Loss: 0.005630
Test set: Average loss: 1.6428, Accuracy: 1196/1678 (71%)
Train Epoch: 47 [0/6714 (0%)]	Loss: 0.000014
Train Epoch: 47 [400/6714 (6%)]	Loss: 0.000194
Train Epoch: 47 [800/6714 (12%)]	Loss: 0.000040
Train Epoch: 47 [1200/6714 (18%)]	Loss: 0.000229
Train Epoch: 47 [1600/6714 (24%)]	Loss: 0.000081
Train Epoch: 47 [2000/6714 (30%)]	Loss: 0.000078
Train Epoch: 47 [2400/6714 (36%)]	Loss: 0.000035
Train Epoch: 47 [2800/6714 (42%)]	Loss: 0.000379
Train Epoch: 47 [3200/6714 (48%)]	Loss: 0.000036
Train Epoch: 47 [3600/6714 (54%)]	Loss: 0.000167
Train Epoch: 47 [4000/6714 (60%)]	Loss: 0.000034
Train Epoch: 47 [4400/6714 (65%)]	Loss: 0.000122
Train Epoch: 47 [4800/6714 (71%)]	Loss: 0.000053
Train Epoch: 47 [5200/6714 (77%)]	Loss: 0.000085
Train Epoch: 47 [5600/6714 (83%)]	Loss: 0.000109
Train Epoch: 47 [6000/6714 (89%)]	Loss: 0.000044
Train Epoch: 47 [6400/6714 (95%)]	Loss: 0.000028
Test set: Average loss: 1.6136, Accuracy: 1200/1678 (71%)
Train Epoch: 48 [0/6714 (0%)]	Loss: 0.000033
Train Epoch: 48 [400/6714 (6%)]	Loss: 0.000158
Train Epoch: 48 [800/6714 (12%)]	Loss: 0.000115
Train Epoch: 48 [1200/6714 (18%)]	Loss: 0.000087
Train Epoch: 48 [1600/6714 (24%)]	Loss: 0.000092
Train Epoch: 48 [2000/6714 (30%)]	Loss: 0.000063
Train Epoch: 48 [2400/6714 (36%)]	Loss: 0.000059
Train Epoch: 48 [2800/6714 (42%)]	Loss: 0.000043
Train Epoch: 48 [3200/6714 (48%)]	Loss: 0.002327
Train Epoch: 48 [3600/6714 (54%)]	Loss: 0.000074
Train Epoch: 48 [4000/6714 (60%)]	Loss: 0.000087
Train Epoch: 48 [4400/6714 (65%)]	Loss: 0.000159
Train Epoch: 48 [4800/6714 (71%)]	Loss: 0.000042
Train Epoch: 48 [5200/6714 (77%)]	Loss: 0.000073
Train Epoch: 48 [5600/6714 (83%)]	Loss: 0.000133
Train Epoch: 48 [6000/6714 (89%)]	Loss: 0.000035
Train Epoch: 48 [6400/6714 (95%)]	Loss: 0.000125
Test set: Average loss: 1.6343, Accuracy: 1195/1678 (71%)
Train Epoch: 49 [0/6714 (0%)]	Loss: 0.000851
Train Epoch: 49 [400/6714 (6%)]	Loss: 0.000045
Train Epoch: 49 [800/6714 (12%)]	Loss: 0.000058
Train Epoch: 49 [1200/6714 (18%)]	Loss: 0.000224
Train Epoch: 49 [1600/6714 (24%)]	Loss: 0.000016
Train Epoch: 49 [2000/6714 (30%)]	Loss: 0.000848
Train Epoch: 49 [2400/6714 (36%)]	Loss: 0.000025
Train Epoch: 49 [2800/6714 (42%)]	Loss: 0.000050
Train Epoch: 49 [3200/6714 (48%)]	Loss: 0.000061
Train Epoch: 49 [3600/6714 (54%)]	Loss: 0.000245
Train Epoch: 49 [4000/6714 (60%)]	Loss: 0.000041
Train Epoch: 49 [4400/6714 (65%)]	Loss: 0.000063
Train Epoch: 49 [4800/6714 (71%)]	Loss: 0.000885
Train Epoch: 49 [5200/6714 (77%)]	Loss: 0.000103
Train Epoch: 49 [5600/6714 (83%)]	Loss: 0.000090
Train Epoch: 49 [6000/6714 (89%)]	Loss: 0.000023
Train Epoch: 49 [6400/6714 (95%)]	Loss: 0.000279
Test set: Average loss: 1.6994, Accuracy: 1202/1678 (71%)
Train Epoch: 50 [0/6714 (0%)]	Loss: 0.000042
Train Epoch: 50 [400/6714 (6%)]	Loss: 0.000120
Train Epoch: 50 [800/6714 (12%)]	Loss: 0.000053
Train Epoch: 50 [1200/6714 (18%)]	Loss: 0.000029
Train Epoch: 50 [1600/6714 (24%)]	Loss: 0.000062
Train Epoch: 50 [2000/6714 (30%)]	Loss: 0.000188
Train Epoch: 50 [2400/6714 (36%)]	Loss: 0.000055
Train Epoch: 50 [2800/6714 (42%)]	Loss: 0.000224
Train Epoch: 50 [3200/6714 (48%)]	Loss: 0.000035
Train Epoch: 50 [3600/6714 (54%)]	Loss: 0.000021
Train Epoch: 50 [4000/6714 (60%)]	Loss: 0.000413
Train Epoch: 50 [4400/6714 (65%)]	Loss: 0.000031
Train Epoch: 50 [4800/6714 (71%)]	Loss: 0.000042
Train Epoch: 50 [5200/6714 (77%)]	Loss: 0.000066
Train Epoch: 50 [5600/6714 (83%)]	Loss: 0.000128
Train Epoch: 50 [6000/6714 (89%)]	Loss: 0.000049
Train Epoch: 50 [6400/6714 (95%)]	Loss: 0.000030
Test set: Average loss: 1.6267, Accuracy: 1195/1678 (71%)
Train Epoch: 51 [0/6714 (0%)]	Loss: 0.000024
Train Epoch: 51 [400/6714 (6%)]	Loss: 0.000201
Train Epoch: 51 [800/6714 (12%)]	Loss: 0.000143
Train Epoch: 51 [1200/6714 (18%)]	Loss: 0.000056
Train Epoch: 51 [1600/6714 (24%)]	Loss: 0.000125
Train Epoch: 51 [2000/6714 (30%)]	Loss: 0.000015
Train Epoch: 51 [2400/6714 (36%)]	Loss: 0.000040
Train Epoch: 51 [2800/6714 (42%)]	Loss: 0.000018
Train Epoch: 51 [3200/6714 (48%)]	Loss: 0.000038
Train Epoch: 51 [3600/6714 (54%)]	Loss: 0.000114
Train Epoch: 51 [4000/6714 (60%)]	Loss: 0.000130
Train Epoch: 51 [4400/6714 (65%)]	Loss: 0.000036
Train Epoch: 51 [4800/6714 (71%)]	Loss: 0.000047
Train Epoch: 51 [5200/6714 (77%)]	Loss: 0.000706
Train Epoch: 51 [5600/6714 (83%)]	Loss: 0.000139
Train Epoch: 51 [6000/6714 (89%)]	Loss: 0.000089
Train Epoch: 51 [6400/6714 (95%)]	Loss: 0.000046
Test set: Average loss: 1.6220, Accuracy: 1189/1678 (70%)
Train Epoch: 52 [0/6714 (0%)]	Loss: 0.000023
Train Epoch: 52 [400/6714 (6%)]	Loss: 0.000041
Train Epoch: 52 [800/6714 (12%)]	Loss: 0.000027
Train Epoch: 52 [1200/6714 (18%)]	Loss: 0.000031
Train Epoch: 52 [1600/6714 (24%)]	Loss: 0.000064
Train Epoch: 52 [2000/6714 (30%)]	Loss: 0.000311
Train Epoch: 52 [2400/6714 (36%)]	Loss: 0.000030
Train Epoch: 52 [2800/6714 (42%)]	Loss: 0.000346
Train Epoch: 52 [3200/6714 (48%)]	Loss: 0.000054
Train Epoch: 52 [3600/6714 (54%)]	Loss: 0.000449
Train Epoch: 52 [4000/6714 (60%)]	Loss: 0.000059
Train Epoch: 52 [4400/6714 (65%)]	Loss: 0.000178
Train Epoch: 52 [4800/6714 (71%)]	Loss: 0.000087
Train Epoch: 52 [5200/6714 (77%)]	Loss: 0.001606
Train Epoch: 52 [5600/6714 (83%)]	Loss: 0.000035
Train Epoch: 52 [6000/6714 (89%)]	Loss: 0.000082
Train Epoch: 52 [6400/6714 (95%)]	Loss: 0.000021
Test set: Average loss: 1.6652, Accuracy: 1197/1678 (71%)
Train Epoch: 53 [0/6714 (0%)]	Loss: 0.000120
Train Epoch: 53 [400/6714 (6%)]	Loss: 0.000245
Train Epoch: 53 [800/6714 (12%)]	Loss: 0.000114
Train Epoch: 53 [1200/6714 (18%)]	Loss: 0.000569
Train Epoch: 53 [1600/6714 (24%)]	Loss: 0.015494
Train Epoch: 53 [2000/6714 (30%)]	Loss: 0.000038
Train Epoch: 53 [2400/6714 (36%)]	Loss: 0.000058
Train Epoch: 53 [2800/6714 (42%)]	Loss: 0.000604
Train Epoch: 53 [3200/6714 (48%)]	Loss: 0.000020
Train Epoch: 53 [3600/6714 (54%)]	Loss: 0.000029
Train Epoch: 53 [4000/6714 (60%)]	Loss: 0.000053
Train Epoch: 53 [4400/6714 (65%)]	Loss: 0.000127
Train Epoch: 53 [4800/6714 (71%)]	Loss: 0.000171
Train Epoch: 53 [5200/6714 (77%)]	Loss: 0.000327
Train Epoch: 53 [5600/6714 (83%)]	Loss: 0.000016
Train Epoch: 53 [6000/6714 (89%)]	Loss: 0.000026
Train Epoch: 53 [6400/6714 (95%)]	Loss: 0.000260
Test set: Average loss: 1.7225, Accuracy: 1182/1678 (70%)
Train Epoch: 54 [0/6714 (0%)]	Loss: 0.000134
Train Epoch: 54 [400/6714 (6%)]	Loss: 0.000034
Train Epoch: 54 [800/6714 (12%)]	Loss: 0.000279
Train Epoch: 54 [1200/6714 (18%)]	Loss: 0.000019
Train Epoch: 54 [1600/6714 (24%)]	Loss: 0.000035
Train Epoch: 54 [2000/6714 (30%)]	Loss: 0.000129
Train Epoch: 54 [2400/6714 (36%)]	Loss: 0.000149
Train Epoch: 54 [2800/6714 (42%)]	Loss: 0.000085
Train Epoch: 54 [3200/6714 (48%)]	Loss: 0.000276
Train Epoch: 54 [3600/6714 (54%)]	Loss: 0.000126
Train Epoch: 54 [4000/6714 (60%)]	Loss: 0.000102
Train Epoch: 54 [4400/6714 (65%)]	Loss: 0.000010
Train Epoch: 54 [4800/6714 (71%)]	Loss: 0.000033
Train Epoch: 54 [5200/6714 (77%)]	Loss: 0.000046
Train Epoch: 54 [5600/6714 (83%)]	Loss: 0.000025
Train Epoch: 54 [6000/6714 (89%)]	Loss: 0.000488
Train Epoch: 54 [6400/6714 (95%)]	Loss: 0.000035
Test set: Average loss: 1.7224, Accuracy: 1180/1678 (70%)
Train Epoch: 55 [0/6714 (0%)]	Loss: 0.000065
Train Epoch: 55 [400/6714 (6%)]	Loss: 0.000045
Train Epoch: 55 [800/6714 (12%)]	Loss: 0.000131
Train Epoch: 55 [1200/6714 (18%)]	Loss: 0.001504
Train Epoch: 55 [1600/6714 (24%)]	Loss: 0.000181
Train Epoch: 55 [2000/6714 (30%)]	Loss: 0.000167
Train Epoch: 55 [2400/6714 (36%)]	Loss: 0.000368
Train Epoch: 55 [2800/6714 (42%)]	Loss: 0.001607
Train Epoch: 55 [3200/6714 (48%)]	Loss: 0.000361
Train Epoch: 55 [3600/6714 (54%)]	Loss: 0.000477
Train Epoch: 55 [4000/6714 (60%)]	Loss: 0.000031
Train Epoch: 55 [4400/6714 (65%)]	Loss: 0.000367
Train Epoch: 55 [4800/6714 (71%)]	Loss: 0.000110
Train Epoch: 55 [5200/6714 (77%)]	Loss: 0.000030
Train Epoch: 55 [5600/6714 (83%)]	Loss: 0.000031
Train Epoch: 55 [6000/6714 (89%)]	Loss: 0.000288
Train Epoch: 55 [6400/6714 (95%)]	Loss: 0.000155
Test set: Average loss: 1.6901, Accuracy: 1200/1678 (71%)
Train Epoch: 56 [0/6714 (0%)]	Loss: 0.000012
Train Epoch: 56 [400/6714 (6%)]	Loss: 0.000011
Train Epoch: 56 [800/6714 (12%)]	Loss: 0.000097
Train Epoch: 56 [1200/6714 (18%)]	Loss: 0.000039
Train Epoch: 56 [1600/6714 (24%)]	Loss: 0.000047
Train Epoch: 56 [2000/6714 (30%)]	Loss: 0.000035
Train Epoch: 56 [2400/6714 (36%)]	Loss: 0.000046
Train Epoch: 56 [2800/6714 (42%)]	Loss: 0.000076
Train Epoch: 56 [3200/6714 (48%)]	Loss: 0.000026
Train Epoch: 56 [3600/6714 (54%)]	Loss: 0.000030
Train Epoch: 56 [4000/6714 (60%)]	Loss: 0.000033
Train Epoch: 56 [4400/6714 (65%)]	Loss: 0.000032
Train Epoch: 56 [4800/6714 (71%)]	Loss: 0.000031
Train Epoch: 56 [5200/6714 (77%)]	Loss: 0.000055
Train Epoch: 56 [5600/6714 (83%)]	Loss: 0.000392
Train Epoch: 56 [6000/6714 (89%)]	Loss: 0.000023
Train Epoch: 56 [6400/6714 (95%)]	Loss: 0.000214
Test set: Average loss: 1.7239, Accuracy: 1194/1678 (71%)
Train Epoch: 57 [0/6714 (0%)]	Loss: 0.000152
Train Epoch: 57 [400/6714 (6%)]	Loss: 0.000050
Train Epoch: 57 [800/6714 (12%)]	Loss: 0.000154
Train Epoch: 57 [1200/6714 (18%)]	Loss: 0.000109
Train Epoch: 57 [1600/6714 (24%)]	Loss: 0.000633
Train Epoch: 57 [2000/6714 (30%)]	Loss: 0.000013
Train Epoch: 57 [2400/6714 (36%)]	Loss: 0.000048
Train Epoch: 57 [2800/6714 (42%)]	Loss: 0.000083
Train Epoch: 57 [3200/6714 (48%)]	Loss: 0.002065
Train Epoch: 57 [3600/6714 (54%)]	Loss: 0.000236
Train Epoch: 57 [4000/6714 (60%)]	Loss: 0.000044
Train Epoch: 57 [4400/6714 (65%)]	Loss: 0.000014
Train Epoch: 57 [4800/6714 (71%)]	Loss: 0.000294
Train Epoch: 57 [5200/6714 (77%)]	Loss: 0.000033
Train Epoch: 57 [5600/6714 (83%)]	Loss: 0.000632
Train Epoch: 57 [6000/6714 (89%)]	Loss: 0.000085
Train Epoch: 57 [6400/6714 (95%)]	Loss: 0.000983
Test set: Average loss: 1.7114, Accuracy: 1201/1678 (71%)
Train Epoch: 58 [0/6714 (0%)]	Loss: 0.000125
Train Epoch: 58 [400/6714 (6%)]	Loss: 0.000632
Train Epoch: 58 [800/6714 (12%)]	Loss: 0.000054
Train Epoch: 58 [1200/6714 (18%)]	Loss: 0.000010
Train Epoch: 58 [1600/6714 (24%)]	Loss: 0.001626
Train Epoch: 58 [2000/6714 (30%)]	Loss: 0.000087
Train Epoch: 58 [2400/6714 (36%)]	Loss: 0.000178
Train Epoch: 58 [2800/6714 (42%)]	Loss: 0.000046
Train Epoch: 58 [3200/6714 (48%)]	Loss: 0.000095
Train Epoch: 58 [3600/6714 (54%)]	Loss: 0.000132
Train Epoch: 58 [4000/6714 (60%)]	Loss: 0.000196
Train Epoch: 58 [4400/6714 (65%)]	Loss: 0.001543
Train Epoch: 58 [4800/6714 (71%)]	Loss: 0.000172
Train Epoch: 58 [5200/6714 (77%)]	Loss: 0.000050
Train Epoch: 58 [5600/6714 (83%)]	Loss: 0.000025
Train Epoch: 58 [6000/6714 (89%)]	Loss: 0.000452
Train Epoch: 58 [6400/6714 (95%)]	Loss: 0.000057
Test set: Average loss: 1.7424, Accuracy: 1202/1678 (71%)
Train Epoch: 59 [0/6714 (0%)]	Loss: 0.000052
Train Epoch: 59 [400/6714 (6%)]	Loss: 0.000013
Train Epoch: 59 [800/6714 (12%)]	Loss: 0.000048
Train Epoch: 59 [1200/6714 (18%)]	Loss: 0.000028
Train Epoch: 59 [1600/6714 (24%)]	Loss: 0.000017
Train Epoch: 59 [2000/6714 (30%)]	Loss: 0.000168
Train Epoch: 59 [2400/6714 (36%)]	Loss: 0.000053
Train Epoch: 59 [2800/6714 (42%)]	Loss: 0.000210
Train Epoch: 59 [3200/6714 (48%)]	Loss: 0.000013
Train Epoch: 59 [3600/6714 (54%)]	Loss: 0.000023
Train Epoch: 59 [4000/6714 (60%)]	Loss: 0.000013
Train Epoch: 59 [4400/6714 (65%)]	Loss: 0.000021
Train Epoch: 59 [4800/6714 (71%)]	Loss: 0.000023
Train Epoch: 59 [5200/6714 (77%)]	Loss: 0.000067
Train Epoch: 59 [5600/6714 (83%)]	Loss: 0.000035
Train Epoch: 59 [6000/6714 (89%)]	Loss: 0.000019
Train Epoch: 59 [6400/6714 (95%)]	Loss: 0.000516
Test set: Average loss: 1.7233, Accuracy: 1193/1678 (71%)
Train Epoch: 60 [0/6714 (0%)]	Loss: 0.000028
Train Epoch: 60 [400/6714 (6%)]	Loss: 0.000090
Train Epoch: 60 [800/6714 (12%)]	Loss: 0.000049
Train Epoch: 60 [1200/6714 (18%)]	Loss: 0.000042
Train Epoch: 60 [1600/6714 (24%)]	Loss: 0.000132
Train Epoch: 60 [2000/6714 (30%)]	Loss: 0.000016
Train Epoch: 60 [2400/6714 (36%)]	Loss: 0.000028
Train Epoch: 60 [2800/6714 (42%)]	Loss: 0.000040
Train Epoch: 60 [3200/6714 (48%)]	Loss: 0.000043
Train Epoch: 60 [3600/6714 (54%)]	Loss: 0.000033
Train Epoch: 60 [4000/6714 (60%)]	Loss: 0.000026
Train Epoch: 60 [4400/6714 (65%)]	Loss: 0.000189
Train Epoch: 60 [4800/6714 (71%)]	Loss: 0.000031
Train Epoch: 60 [5200/6714 (77%)]	Loss: 0.000025
Train Epoch: 60 [5600/6714 (83%)]	Loss: 0.000057
Train Epoch: 60 [6000/6714 (89%)]	Loss: 0.000040
Train Epoch: 60 [6400/6714 (95%)]	Loss: 0.000146
Test set: Average loss: 1.7112, Accuracy: 1198/1678 (71%)
