getting datasets
finished
trainning lapel_design_labels:
Train Epoch: 1 [0/5627 (0%)]	Loss: 1.611545
Train Epoch: 1 [400/5627 (7%)]	Loss: 1.586964
Train Epoch: 1 [800/5627 (14%)]	Loss: 1.588386
Train Epoch: 1 [1200/5627 (21%)]	Loss: 1.528233
Train Epoch: 1 [1600/5627 (28%)]	Loss: 1.470048
Train Epoch: 1 [2000/5627 (35%)]	Loss: 1.517946
Train Epoch: 1 [2400/5627 (43%)]	Loss: 1.472450
Train Epoch: 1 [2800/5627 (50%)]	Loss: 1.532086
Train Epoch: 1 [3200/5627 (57%)]	Loss: 1.152847
Train Epoch: 1 [3600/5627 (64%)]	Loss: 1.173637
Train Epoch: 1 [4000/5627 (71%)]	Loss: 1.166478
Train Epoch: 1 [4400/5627 (78%)]	Loss: 1.223891
Train Epoch: 1 [4800/5627 (85%)]	Loss: 0.992206
Train Epoch: 1 [5200/5627 (92%)]	Loss: 1.183568
Train Epoch: 1 [3780/5627 (99%)]	Loss: 1.151044
Test set: Average loss: 1.1823, Accuracy: 696/1406 (49%)
Train Epoch: 2 [0/5627 (0%)]	Loss: 0.848925
Train Epoch: 2 [400/5627 (7%)]	Loss: 0.839200
Train Epoch: 2 [800/5627 (14%)]	Loss: 0.729827
Train Epoch: 2 [1200/5627 (21%)]	Loss: 0.943990
Train Epoch: 2 [1600/5627 (28%)]	Loss: 0.777225
Train Epoch: 2 [2000/5627 (35%)]	Loss: 0.784218
Train Epoch: 2 [2400/5627 (43%)]	Loss: 0.994117
Train Epoch: 2 [2800/5627 (50%)]	Loss: 0.882176
Train Epoch: 2 [3200/5627 (57%)]	Loss: 0.798486
Train Epoch: 2 [3600/5627 (64%)]	Loss: 0.822203
Train Epoch: 2 [4000/5627 (71%)]	Loss: 0.639844
Train Epoch: 2 [4400/5627 (78%)]	Loss: 0.951440
Train Epoch: 2 [4800/5627 (85%)]	Loss: 0.825580
Train Epoch: 2 [5200/5627 (92%)]	Loss: 0.507778
Train Epoch: 2 [3780/5627 (99%)]	Loss: 0.649688
Test set: Average loss: 0.9633, Accuracy: 876/1406 (62%)
Train Epoch: 3 [0/5627 (0%)]	Loss: 0.267743
Train Epoch: 3 [400/5627 (7%)]	Loss: 0.415555
Train Epoch: 3 [800/5627 (14%)]	Loss: 0.409018
Train Epoch: 3 [1200/5627 (21%)]	Loss: 0.575114
Train Epoch: 3 [1600/5627 (28%)]	Loss: 0.306574
Train Epoch: 3 [2000/5627 (35%)]	Loss: 0.236948
Train Epoch: 3 [2400/5627 (43%)]	Loss: 0.473359
Train Epoch: 3 [2800/5627 (50%)]	Loss: 0.407460
Train Epoch: 3 [3200/5627 (57%)]	Loss: 0.574546
Train Epoch: 3 [3600/5627 (64%)]	Loss: 0.424515
Train Epoch: 3 [4000/5627 (71%)]	Loss: 0.220228
Train Epoch: 3 [4400/5627 (78%)]	Loss: 0.437223
Train Epoch: 3 [4800/5627 (85%)]	Loss: 0.347624
Train Epoch: 3 [5200/5627 (92%)]	Loss: 0.488754
Train Epoch: 3 [3780/5627 (99%)]	Loss: 0.494593
Test set: Average loss: 0.8537, Accuracy: 950/1406 (67%)
Train Epoch: 4 [0/5627 (0%)]	Loss: 0.156288
Train Epoch: 4 [400/5627 (7%)]	Loss: 0.223785
Train Epoch: 4 [800/5627 (14%)]	Loss: 0.422941
Train Epoch: 4 [1200/5627 (21%)]	Loss: 0.183853
Train Epoch: 4 [1600/5627 (28%)]	Loss: 0.177485
Train Epoch: 4 [2000/5627 (35%)]	Loss: 0.241975
Train Epoch: 4 [2400/5627 (43%)]	Loss: 0.123435
Train Epoch: 4 [2800/5627 (50%)]	Loss: 0.156790
Train Epoch: 4 [3200/5627 (57%)]	Loss: 0.045667
Train Epoch: 4 [3600/5627 (64%)]	Loss: 0.222744
Train Epoch: 4 [4000/5627 (71%)]	Loss: 0.287343
Train Epoch: 4 [4400/5627 (78%)]	Loss: 0.111909
Train Epoch: 4 [4800/5627 (85%)]	Loss: 0.339567
Train Epoch: 4 [5200/5627 (92%)]	Loss: 0.217259
Train Epoch: 4 [3780/5627 (99%)]	Loss: 0.410084
Test set: Average loss: 1.3305, Accuracy: 834/1406 (59%)
Train Epoch: 5 [0/5627 (0%)]	Loss: 0.089570
Train Epoch: 5 [400/5627 (7%)]	Loss: 0.134185
Train Epoch: 5 [800/5627 (14%)]	Loss: 0.100427
Train Epoch: 5 [1200/5627 (21%)]	Loss: 0.252227
Train Epoch: 5 [1600/5627 (28%)]	Loss: 0.074937
Train Epoch: 5 [2000/5627 (35%)]	Loss: 0.075426
Train Epoch: 5 [2400/5627 (43%)]	Loss: 0.053029
Train Epoch: 5 [2800/5627 (50%)]	Loss: 0.213436
Train Epoch: 5 [3200/5627 (57%)]	Loss: 0.112613
Train Epoch: 5 [3600/5627 (64%)]	Loss: 0.090739
Train Epoch: 5 [4000/5627 (71%)]	Loss: 0.072608
Train Epoch: 5 [4400/5627 (78%)]	Loss: 0.058347
Train Epoch: 5 [4800/5627 (85%)]	Loss: 0.083499
Train Epoch: 5 [5200/5627 (92%)]	Loss: 0.110671
Train Epoch: 5 [3780/5627 (99%)]	Loss: 0.322299
Test set: Average loss: 1.3806, Accuracy: 907/1406 (64%)
Train Epoch: 6 [0/5627 (0%)]	Loss: 0.069293
Train Epoch: 6 [400/5627 (7%)]	Loss: 0.081535
Train Epoch: 6 [800/5627 (14%)]	Loss: 0.017690
Train Epoch: 6 [1200/5627 (21%)]	Loss: 0.067135
Train Epoch: 6 [1600/5627 (28%)]	Loss: 0.089243
Train Epoch: 6 [2000/5627 (35%)]	Loss: 0.017619
Train Epoch: 6 [2400/5627 (43%)]	Loss: 0.034211
Train Epoch: 6 [2800/5627 (50%)]	Loss: 0.051737
Train Epoch: 6 [3200/5627 (57%)]	Loss: 0.092623
Train Epoch: 6 [3600/5627 (64%)]	Loss: 0.094078
Train Epoch: 6 [4000/5627 (71%)]	Loss: 0.017823
Train Epoch: 6 [4400/5627 (78%)]	Loss: 0.035154
Train Epoch: 6 [4800/5627 (85%)]	Loss: 0.110976
Train Epoch: 6 [5200/5627 (92%)]	Loss: 0.033841
Train Epoch: 6 [3780/5627 (99%)]	Loss: 0.253768
Test set: Average loss: 1.1548, Accuracy: 965/1406 (68%)
Train Epoch: 7 [0/5627 (0%)]	Loss: 0.011879
Train Epoch: 7 [400/5627 (7%)]	Loss: 0.006397
Train Epoch: 7 [800/5627 (14%)]	Loss: 0.066198
Train Epoch: 7 [1200/5627 (21%)]	Loss: 0.160098
Train Epoch: 7 [1600/5627 (28%)]	Loss: 0.105442
Train Epoch: 7 [2000/5627 (35%)]	Loss: 0.015329
Train Epoch: 7 [2400/5627 (43%)]	Loss: 0.016379
Train Epoch: 7 [2800/5627 (50%)]	Loss: 0.094960
Train Epoch: 7 [3200/5627 (57%)]	Loss: 0.016540
Train Epoch: 7 [3600/5627 (64%)]	Loss: 0.023741
Train Epoch: 7 [4000/5627 (71%)]	Loss: 0.011500
Train Epoch: 7 [4400/5627 (78%)]	Loss: 0.025345
Train Epoch: 7 [4800/5627 (85%)]	Loss: 0.022512
Train Epoch: 7 [5200/5627 (92%)]	Loss: 0.058407
Train Epoch: 7 [3780/5627 (99%)]	Loss: 0.051424
Test set: Average loss: 1.2635, Accuracy: 941/1406 (66%)
Train Epoch: 8 [0/5627 (0%)]	Loss: 0.050962
Train Epoch: 8 [400/5627 (7%)]	Loss: 0.104711
Train Epoch: 8 [800/5627 (14%)]	Loss: 0.029542
Train Epoch: 8 [1200/5627 (21%)]	Loss: 0.053693
Train Epoch: 8 [1600/5627 (28%)]	Loss: 0.044674
Train Epoch: 8 [2000/5627 (35%)]	Loss: 0.007600
Train Epoch: 8 [2400/5627 (43%)]	Loss: 0.010411
Train Epoch: 8 [2800/5627 (50%)]	Loss: 0.077518
Train Epoch: 8 [3200/5627 (57%)]	Loss: 0.029129
Train Epoch: 8 [3600/5627 (64%)]	Loss: 0.123007
Train Epoch: 8 [4000/5627 (71%)]	Loss: 0.025061
Train Epoch: 8 [4400/5627 (78%)]	Loss: 0.022260
Train Epoch: 8 [4800/5627 (85%)]	Loss: 0.020513
Train Epoch: 8 [5200/5627 (92%)]	Loss: 0.044886
Train Epoch: 8 [3780/5627 (99%)]	Loss: 0.102358
Test set: Average loss: 1.6860, Accuracy: 804/1406 (57%)
Train Epoch: 9 [0/5627 (0%)]	Loss: 0.024126
Train Epoch: 9 [400/5627 (7%)]	Loss: 0.041222
Train Epoch: 9 [800/5627 (14%)]	Loss: 0.008817
Train Epoch: 9 [1200/5627 (21%)]	Loss: 0.013515
Train Epoch: 9 [1600/5627 (28%)]	Loss: 0.065925
Train Epoch: 9 [2000/5627 (35%)]	Loss: 0.004819
Train Epoch: 9 [2400/5627 (43%)]	Loss: 0.010045
Train Epoch: 9 [2800/5627 (50%)]	Loss: 0.009869
Train Epoch: 9 [3200/5627 (57%)]	Loss: 0.036877
Train Epoch: 9 [3600/5627 (64%)]	Loss: 0.018136
Train Epoch: 9 [4000/5627 (71%)]	Loss: 0.012783
Train Epoch: 9 [4400/5627 (78%)]	Loss: 0.010012
Train Epoch: 9 [4800/5627 (85%)]	Loss: 0.081820
Train Epoch: 9 [5200/5627 (92%)]	Loss: 0.035706
Train Epoch: 9 [3780/5627 (99%)]	Loss: 0.049032
Test set: Average loss: 1.2110, Accuracy: 971/1406 (69%)
Train Epoch: 10 [0/5627 (0%)]	Loss: 0.040455
Train Epoch: 10 [400/5627 (7%)]	Loss: 0.141859
Train Epoch: 10 [800/5627 (14%)]	Loss: 0.148574
Train Epoch: 10 [1200/5627 (21%)]	Loss: 0.072877
Train Epoch: 10 [1600/5627 (28%)]	Loss: 0.006622
Train Epoch: 10 [2000/5627 (35%)]	Loss: 0.046184
Train Epoch: 10 [2400/5627 (43%)]	Loss: 0.010052
Train Epoch: 10 [2800/5627 (50%)]	Loss: 0.006618
Train Epoch: 10 [3200/5627 (57%)]	Loss: 0.012663
Train Epoch: 10 [3600/5627 (64%)]	Loss: 0.009136
Train Epoch: 10 [4000/5627 (71%)]	Loss: 0.081023
Train Epoch: 10 [4400/5627 (78%)]	Loss: 0.008691
Train Epoch: 10 [4800/5627 (85%)]	Loss: 0.012557
Train Epoch: 10 [5200/5627 (92%)]	Loss: 0.007601
Train Epoch: 10 [3780/5627 (99%)]	Loss: 0.084095
Test set: Average loss: 1.1600, Accuracy: 994/1406 (70%)
Train Epoch: 11 [0/5627 (0%)]	Loss: 0.002274
Train Epoch: 11 [400/5627 (7%)]	Loss: 0.002297
Train Epoch: 11 [800/5627 (14%)]	Loss: 0.004576
Train Epoch: 11 [1200/5627 (21%)]	Loss: 0.004737
Train Epoch: 11 [1600/5627 (28%)]	Loss: 0.004084
Train Epoch: 11 [2000/5627 (35%)]	Loss: 0.010721
Train Epoch: 11 [2400/5627 (43%)]	Loss: 0.056090
Train Epoch: 11 [2800/5627 (50%)]	Loss: 0.040648
Train Epoch: 11 [3200/5627 (57%)]	Loss: 0.006662
Train Epoch: 11 [3600/5627 (64%)]	Loss: 0.030029
Train Epoch: 11 [4000/5627 (71%)]	Loss: 0.001079
Train Epoch: 11 [4400/5627 (78%)]	Loss: 0.048004
Train Epoch: 11 [4800/5627 (85%)]	Loss: 0.008168
Train Epoch: 11 [5200/5627 (92%)]	Loss: 0.005282
Train Epoch: 11 [3780/5627 (99%)]	Loss: 0.006198
Test set: Average loss: 1.2130, Accuracy: 1006/1406 (71%)
Train Epoch: 12 [0/5627 (0%)]	Loss: 0.001196
Train Epoch: 12 [400/5627 (7%)]	Loss: 0.001281
Train Epoch: 12 [800/5627 (14%)]	Loss: 0.002035
Train Epoch: 12 [1200/5627 (21%)]	Loss: 0.002862
Train Epoch: 12 [1600/5627 (28%)]	Loss: 0.010446
Train Epoch: 12 [2000/5627 (35%)]	Loss: 0.002029
Train Epoch: 12 [2400/5627 (43%)]	Loss: 0.050750
Train Epoch: 12 [2800/5627 (50%)]	Loss: 0.014995
Train Epoch: 12 [3200/5627 (57%)]	Loss: 0.006160
Train Epoch: 12 [3600/5627 (64%)]	Loss: 0.001046
Train Epoch: 12 [4000/5627 (71%)]	Loss: 0.006355
Train Epoch: 12 [4400/5627 (78%)]	Loss: 0.005397
Train Epoch: 12 [4800/5627 (85%)]	Loss: 0.008271
Train Epoch: 12 [5200/5627 (92%)]	Loss: 0.038001
Train Epoch: 12 [3780/5627 (99%)]	Loss: 0.002032
Test set: Average loss: 1.1757, Accuracy: 1033/1406 (73%)
Train Epoch: 13 [0/5627 (0%)]	Loss: 0.005950
Train Epoch: 13 [400/5627 (7%)]	Loss: 0.001453
Train Epoch: 13 [800/5627 (14%)]	Loss: 0.006673
Train Epoch: 13 [1200/5627 (21%)]	Loss: 0.002125
Train Epoch: 13 [1600/5627 (28%)]	Loss: 0.019233
Train Epoch: 13 [2000/5627 (35%)]	Loss: 0.002825
Train Epoch: 13 [2400/5627 (43%)]	Loss: 0.000425
Train Epoch: 13 [2800/5627 (50%)]	Loss: 0.003959
Train Epoch: 13 [3200/5627 (57%)]	Loss: 0.000668
Train Epoch: 13 [3600/5627 (64%)]	Loss: 0.021959
Train Epoch: 13 [4000/5627 (71%)]	Loss: 0.001325
Train Epoch: 13 [4400/5627 (78%)]	Loss: 0.001522
Train Epoch: 13 [4800/5627 (85%)]	Loss: 0.000451
Train Epoch: 13 [5200/5627 (92%)]	Loss: 0.006036
Train Epoch: 13 [3780/5627 (99%)]	Loss: 0.014305
Test set: Average loss: 1.4212, Accuracy: 974/1406 (69%)
Train Epoch: 14 [0/5627 (0%)]	Loss: 0.010788
Train Epoch: 14 [400/5627 (7%)]	Loss: 0.013013
Train Epoch: 14 [800/5627 (14%)]	Loss: 0.026242
Train Epoch: 14 [1200/5627 (21%)]	Loss: 0.003205
Train Epoch: 14 [1600/5627 (28%)]	Loss: 0.005578
Train Epoch: 14 [2000/5627 (35%)]	Loss: 0.008660
Train Epoch: 14 [2400/5627 (43%)]	Loss: 0.004746
Train Epoch: 14 [2800/5627 (50%)]	Loss: 0.004124
Train Epoch: 14 [3200/5627 (57%)]	Loss: 0.006862
Train Epoch: 14 [3600/5627 (64%)]	Loss: 0.000405
Train Epoch: 14 [4000/5627 (71%)]	Loss: 0.012740
Train Epoch: 14 [4400/5627 (78%)]	Loss: 0.000452
Train Epoch: 14 [4800/5627 (85%)]	Loss: 0.002545
Train Epoch: 14 [5200/5627 (92%)]	Loss: 0.004149
Train Epoch: 14 [3780/5627 (99%)]	Loss: 0.000270
Test set: Average loss: 1.2398, Accuracy: 1021/1406 (72%)
Train Epoch: 15 [0/5627 (0%)]	Loss: 0.014257
Train Epoch: 15 [400/5627 (7%)]	Loss: 0.029285
Train Epoch: 15 [800/5627 (14%)]	Loss: 0.000945
Train Epoch: 15 [1200/5627 (21%)]	Loss: 0.000999
Train Epoch: 15 [1600/5627 (28%)]	Loss: 0.137072
Train Epoch: 15 [2000/5627 (35%)]	Loss: 0.028119
Train Epoch: 15 [2400/5627 (43%)]	Loss: 0.059967
Train Epoch: 15 [2800/5627 (50%)]	Loss: 0.002273
Train Epoch: 15 [3200/5627 (57%)]	Loss: 0.045367
Train Epoch: 15 [3600/5627 (64%)]	Loss: 0.002443
Train Epoch: 15 [4000/5627 (71%)]	Loss: 0.001968
Train Epoch: 15 [4400/5627 (78%)]	Loss: 0.335029
Train Epoch: 15 [4800/5627 (85%)]	Loss: 0.004712
Train Epoch: 15 [5200/5627 (92%)]	Loss: 0.079384
Train Epoch: 15 [3780/5627 (99%)]	Loss: 0.010767
Test set: Average loss: 1.2560, Accuracy: 999/1406 (71%)
Train Epoch: 16 [0/5627 (0%)]	Loss: 0.002787
Train Epoch: 16 [400/5627 (7%)]	Loss: 0.035317
Train Epoch: 16 [800/5627 (14%)]	Loss: 0.005154
Train Epoch: 16 [1200/5627 (21%)]	Loss: 0.009874
Train Epoch: 16 [1600/5627 (28%)]	Loss: 0.001014
Train Epoch: 16 [2000/5627 (35%)]	Loss: 0.004366
Train Epoch: 16 [2400/5627 (43%)]	Loss: 0.010547
Train Epoch: 16 [2800/5627 (50%)]	Loss: 0.007754
Train Epoch: 16 [3200/5627 (57%)]	Loss: 0.001371
Train Epoch: 16 [3600/5627 (64%)]	Loss: 0.002250
Train Epoch: 16 [4000/5627 (71%)]	Loss: 0.065878
Train Epoch: 16 [4400/5627 (78%)]	Loss: 0.006938
Train Epoch: 16 [4800/5627 (85%)]	Loss: 0.029510
Train Epoch: 16 [5200/5627 (92%)]	Loss: 0.002441
Train Epoch: 16 [3780/5627 (99%)]	Loss: 0.022420
Test set: Average loss: 1.2140, Accuracy: 1000/1406 (71%)
Train Epoch: 17 [0/5627 (0%)]	Loss: 0.000784
Train Epoch: 17 [400/5627 (7%)]	Loss: 0.014234
Train Epoch: 17 [800/5627 (14%)]	Loss: 0.003472
Train Epoch: 17 [1200/5627 (21%)]	Loss: 0.010878
Train Epoch: 17 [1600/5627 (28%)]	Loss: 0.003222
Train Epoch: 17 [2000/5627 (35%)]	Loss: 0.002790
Train Epoch: 17 [2400/5627 (43%)]	Loss: 0.008890
Train Epoch: 17 [2800/5627 (50%)]	Loss: 0.001489
Train Epoch: 17 [3200/5627 (57%)]	Loss: 0.097343
Train Epoch: 17 [3600/5627 (64%)]	Loss: 0.001519
Train Epoch: 17 [4000/5627 (71%)]	Loss: 0.000819
Train Epoch: 17 [4400/5627 (78%)]	Loss: 0.005208
Train Epoch: 17 [4800/5627 (85%)]	Loss: 0.000364
Train Epoch: 17 [5200/5627 (92%)]	Loss: 0.000321
Train Epoch: 17 [3780/5627 (99%)]	Loss: 0.000213
Test set: Average loss: 1.2401, Accuracy: 1015/1406 (72%)
Train Epoch: 18 [0/5627 (0%)]	Loss: 0.001760
Train Epoch: 18 [400/5627 (7%)]	Loss: 0.001212
Train Epoch: 18 [800/5627 (14%)]	Loss: 0.000649
Train Epoch: 18 [1200/5627 (21%)]	Loss: 0.000330
Train Epoch: 18 [1600/5627 (28%)]	Loss: 0.001749
Train Epoch: 18 [2000/5627 (35%)]	Loss: 0.000812
Train Epoch: 18 [2400/5627 (43%)]	Loss: 0.018202
Train Epoch: 18 [2800/5627 (50%)]	Loss: 0.029549
Train Epoch: 18 [3200/5627 (57%)]	Loss: 0.000637
Train Epoch: 18 [3600/5627 (64%)]	Loss: 0.003656
Train Epoch: 18 [4000/5627 (71%)]	Loss: 0.002737
Train Epoch: 18 [4400/5627 (78%)]	Loss: 0.007179
Train Epoch: 18 [4800/5627 (85%)]	Loss: 0.001318
Train Epoch: 18 [5200/5627 (92%)]	Loss: 0.000160
Train Epoch: 18 [3780/5627 (99%)]	Loss: 0.002216
Test set: Average loss: 1.1957, Accuracy: 1037/1406 (73%)
Train Epoch: 19 [0/5627 (0%)]	Loss: 0.000264
Train Epoch: 19 [400/5627 (7%)]	Loss: 0.000917
Train Epoch: 19 [800/5627 (14%)]	Loss: 0.006523
Train Epoch: 19 [1200/5627 (21%)]	Loss: 0.006260
Train Epoch: 19 [1600/5627 (28%)]	Loss: 0.002472
Train Epoch: 19 [2000/5627 (35%)]	Loss: 0.000971
Train Epoch: 19 [2400/5627 (43%)]	Loss: 0.000865
Train Epoch: 19 [2800/5627 (50%)]	Loss: 0.000905
Train Epoch: 19 [3200/5627 (57%)]	Loss: 0.002244
Train Epoch: 19 [3600/5627 (64%)]	Loss: 0.000881
Train Epoch: 19 [4000/5627 (71%)]	Loss: 0.001181
Train Epoch: 19 [4400/5627 (78%)]	Loss: 0.000606
Train Epoch: 19 [4800/5627 (85%)]	Loss: 0.000846
Train Epoch: 19 [5200/5627 (92%)]	Loss: 0.000332
Train Epoch: 19 [3780/5627 (99%)]	Loss: 0.002437
Test set: Average loss: 1.2761, Accuracy: 1029/1406 (73%)
Train Epoch: 20 [0/5627 (0%)]	Loss: 0.000474
Train Epoch: 20 [400/5627 (7%)]	Loss: 0.003014
Train Epoch: 20 [800/5627 (14%)]	Loss: 0.002165
Train Epoch: 20 [1200/5627 (21%)]	Loss: 0.000443
Train Epoch: 20 [1600/5627 (28%)]	Loss: 0.001341
Train Epoch: 20 [2000/5627 (35%)]	Loss: 0.000558
Train Epoch: 20 [2400/5627 (43%)]	Loss: 0.000643
Train Epoch: 20 [2800/5627 (50%)]	Loss: 0.002064
Train Epoch: 20 [3200/5627 (57%)]	Loss: 0.000420
Train Epoch: 20 [3600/5627 (64%)]	Loss: 0.001395
Train Epoch: 20 [4000/5627 (71%)]	Loss: 0.002688
Train Epoch: 20 [4400/5627 (78%)]	Loss: 0.001896
Train Epoch: 20 [4800/5627 (85%)]	Loss: 0.000494
Train Epoch: 20 [5200/5627 (92%)]	Loss: 0.003081
Train Epoch: 20 [3780/5627 (99%)]	Loss: 0.013596
Test set: Average loss: 1.2156, Accuracy: 1045/1406 (74%)
Train Epoch: 21 [0/5627 (0%)]	Loss: 0.001019
Train Epoch: 21 [400/5627 (7%)]	Loss: 0.000086
Train Epoch: 21 [800/5627 (14%)]	Loss: 0.000079
Train Epoch: 21 [1200/5627 (21%)]	Loss: 0.000201
Train Epoch: 21 [1600/5627 (28%)]	Loss: 0.000707
Train Epoch: 21 [2000/5627 (35%)]	Loss: 0.000926
Train Epoch: 21 [2400/5627 (43%)]	Loss: 0.000702
Train Epoch: 21 [2800/5627 (50%)]	Loss: 0.000113
Train Epoch: 21 [3200/5627 (57%)]	Loss: 0.000905
Train Epoch: 21 [3600/5627 (64%)]	Loss: 0.000365
Train Epoch: 21 [4000/5627 (71%)]	Loss: 0.000095
Train Epoch: 21 [4400/5627 (78%)]	Loss: 0.000441
Train Epoch: 21 [4800/5627 (85%)]	Loss: 0.001344
Train Epoch: 21 [5200/5627 (92%)]	Loss: 0.000254
Train Epoch: 21 [3780/5627 (99%)]	Loss: 0.000104
Test set: Average loss: 1.2592, Accuracy: 1049/1406 (74%)
Train Epoch: 22 [0/5627 (0%)]	Loss: 0.000295
Train Epoch: 22 [400/5627 (7%)]	Loss: 0.000194
Train Epoch: 22 [800/5627 (14%)]	Loss: 0.000219
Train Epoch: 22 [1200/5627 (21%)]	Loss: 0.000559
Train Epoch: 22 [1600/5627 (28%)]	Loss: 0.000173
Train Epoch: 22 [2000/5627 (35%)]	Loss: 0.001735
Train Epoch: 22 [2400/5627 (43%)]	Loss: 0.000048
Train Epoch: 22 [2800/5627 (50%)]	Loss: 0.000914
Train Epoch: 22 [3200/5627 (57%)]	Loss: 0.005311
Train Epoch: 22 [3600/5627 (64%)]	Loss: 0.000331
Train Epoch: 22 [4000/5627 (71%)]	Loss: 0.000228
Train Epoch: 22 [4400/5627 (78%)]	Loss: 0.000182
Train Epoch: 22 [4800/5627 (85%)]	Loss: 0.000092
Train Epoch: 22 [5200/5627 (92%)]	Loss: 0.000592
Train Epoch: 22 [3780/5627 (99%)]	Loss: 0.000131
Test set: Average loss: 1.4681, Accuracy: 1001/1406 (71%)
Train Epoch: 23 [0/5627 (0%)]	Loss: 0.000714
Train Epoch: 23 [400/5627 (7%)]	Loss: 0.000150
Train Epoch: 23 [800/5627 (14%)]	Loss: 0.000221
Train Epoch: 23 [1200/5627 (21%)]	Loss: 0.001262
Train Epoch: 23 [1600/5627 (28%)]	Loss: 0.000641
Train Epoch: 23 [2000/5627 (35%)]	Loss: 0.001405
Train Epoch: 23 [2400/5627 (43%)]	Loss: 0.000165
Train Epoch: 23 [2800/5627 (50%)]	Loss: 0.000084
Train Epoch: 23 [3200/5627 (57%)]	Loss: 0.000117
Train Epoch: 23 [3600/5627 (64%)]	Loss: 0.000282
Train Epoch: 23 [4000/5627 (71%)]	Loss: 0.000937
Train Epoch: 23 [4400/5627 (78%)]	Loss: 0.000125
Train Epoch: 23 [4800/5627 (85%)]	Loss: 0.000075
Train Epoch: 23 [5200/5627 (92%)]	Loss: 0.001431
Train Epoch: 23 [3780/5627 (99%)]	Loss: 0.000092
Test set: Average loss: 1.2479, Accuracy: 1055/1406 (75%)
Train Epoch: 24 [0/5627 (0%)]	Loss: 0.000698
Train Epoch: 24 [400/5627 (7%)]	Loss: 0.000105
Train Epoch: 24 [800/5627 (14%)]	Loss: 0.000183
Train Epoch: 24 [1200/5627 (21%)]	Loss: 0.000265
Train Epoch: 24 [1600/5627 (28%)]	Loss: 0.000123
Train Epoch: 24 [2000/5627 (35%)]	Loss: 0.000696
Train Epoch: 24 [2400/5627 (43%)]	Loss: 0.000109
Train Epoch: 24 [2800/5627 (50%)]	Loss: 0.000159
Train Epoch: 24 [3200/5627 (57%)]	Loss: 0.018213
Train Epoch: 24 [3600/5627 (64%)]	Loss: 0.004772
Train Epoch: 24 [4000/5627 (71%)]	Loss: 0.000395
Train Epoch: 24 [4400/5627 (78%)]	Loss: 0.000247
Train Epoch: 24 [4800/5627 (85%)]	Loss: 0.000461
Train Epoch: 24 [5200/5627 (92%)]	Loss: 0.000129
Train Epoch: 24 [3780/5627 (99%)]	Loss: 0.000324
Test set: Average loss: 1.2972, Accuracy: 1037/1406 (73%)
Train Epoch: 25 [0/5627 (0%)]	Loss: 0.000074
Train Epoch: 25 [400/5627 (7%)]	Loss: 0.005796
Train Epoch: 25 [800/5627 (14%)]	Loss: 0.002249
Train Epoch: 25 [1200/5627 (21%)]	Loss: 0.000088
Train Epoch: 25 [1600/5627 (28%)]	Loss: 0.000171
Train Epoch: 25 [2000/5627 (35%)]	Loss: 0.000391
Train Epoch: 25 [2400/5627 (43%)]	Loss: 0.000129
Train Epoch: 25 [2800/5627 (50%)]	Loss: 0.000552
Train Epoch: 25 [3200/5627 (57%)]	Loss: 0.000906
Train Epoch: 25 [3600/5627 (64%)]	Loss: 0.000053
Train Epoch: 25 [4000/5627 (71%)]	Loss: 0.000104
Train Epoch: 25 [4400/5627 (78%)]	Loss: 0.000524
Train Epoch: 25 [4800/5627 (85%)]	Loss: 0.000485
Train Epoch: 25 [5200/5627 (92%)]	Loss: 0.000101
Train Epoch: 25 [3780/5627 (99%)]	Loss: 0.014603
Test set: Average loss: 1.5984, Accuracy: 994/1406 (70%)
Train Epoch: 26 [0/5627 (0%)]	Loss: 0.000561
Train Epoch: 26 [400/5627 (7%)]	Loss: 0.003517
Train Epoch: 26 [800/5627 (14%)]	Loss: 0.003451
Train Epoch: 26 [1200/5627 (21%)]	Loss: 0.001090
Train Epoch: 26 [1600/5627 (28%)]	Loss: 0.000215
Train Epoch: 26 [2000/5627 (35%)]	Loss: 0.002682
Train Epoch: 26 [2400/5627 (43%)]	Loss: 0.001047
Train Epoch: 26 [2800/5627 (50%)]	Loss: 0.000540
Train Epoch: 26 [3200/5627 (57%)]	Loss: 0.000126
Train Epoch: 26 [3600/5627 (64%)]	Loss: 0.000111
Train Epoch: 26 [4000/5627 (71%)]	Loss: 0.001423
Train Epoch: 26 [4400/5627 (78%)]	Loss: 0.000148
Train Epoch: 26 [4800/5627 (85%)]	Loss: 0.000216
Train Epoch: 26 [5200/5627 (92%)]	Loss: 0.065955
Train Epoch: 26 [3780/5627 (99%)]	Loss: 0.000747
Test set: Average loss: 1.5257, Accuracy: 1001/1406 (71%)
Train Epoch: 27 [0/5627 (0%)]	Loss: 0.001045
Train Epoch: 27 [400/5627 (7%)]	Loss: 0.003384
Train Epoch: 27 [800/5627 (14%)]	Loss: 0.001208
Train Epoch: 27 [1200/5627 (21%)]	Loss: 0.000743
Train Epoch: 27 [1600/5627 (28%)]	Loss: 0.000534
Train Epoch: 27 [2000/5627 (35%)]	Loss: 0.001921
Train Epoch: 27 [2400/5627 (43%)]	Loss: 0.000639
Train Epoch: 27 [2800/5627 (50%)]	Loss: 0.001930
Train Epoch: 27 [3200/5627 (57%)]	Loss: 0.000261
Train Epoch: 27 [3600/5627 (64%)]	Loss: 0.006616
Train Epoch: 27 [4000/5627 (71%)]	Loss: 0.004124
Train Epoch: 27 [4400/5627 (78%)]	Loss: 0.000423
Train Epoch: 27 [4800/5627 (85%)]	Loss: 0.029023
Train Epoch: 27 [5200/5627 (92%)]	Loss: 0.002203
Train Epoch: 27 [3780/5627 (99%)]	Loss: 0.000407
Test set: Average loss: 1.5844, Accuracy: 992/1406 (70%)
Train Epoch: 28 [0/5627 (0%)]	Loss: 0.001798
Train Epoch: 28 [400/5627 (7%)]	Loss: 0.001864
Train Epoch: 28 [800/5627 (14%)]	Loss: 0.003104
Train Epoch: 28 [1200/5627 (21%)]	Loss: 0.002476
Train Epoch: 28 [1600/5627 (28%)]	Loss: 0.000705
Train Epoch: 28 [2000/5627 (35%)]	Loss: 0.000381
Train Epoch: 28 [2400/5627 (43%)]	Loss: 0.000701
Train Epoch: 28 [2800/5627 (50%)]	Loss: 0.042004
Train Epoch: 28 [3200/5627 (57%)]	Loss: 0.002696
Train Epoch: 28 [3600/5627 (64%)]	Loss: 0.000768
Train Epoch: 28 [4000/5627 (71%)]	Loss: 0.021171
Train Epoch: 28 [4400/5627 (78%)]	Loss: 0.060894
Train Epoch: 28 [4800/5627 (85%)]	Loss: 0.010792
Train Epoch: 28 [5200/5627 (92%)]	Loss: 0.000510
Train Epoch: 28 [3780/5627 (99%)]	Loss: 0.000774
Test set: Average loss: 1.3950, Accuracy: 1032/1406 (73%)
Train Epoch: 29 [0/5627 (0%)]	Loss: 0.000419
Train Epoch: 29 [400/5627 (7%)]	Loss: 0.000953
Train Epoch: 29 [800/5627 (14%)]	Loss: 0.000053
Train Epoch: 29 [1200/5627 (21%)]	Loss: 0.000440
Train Epoch: 29 [1600/5627 (28%)]	Loss: 0.000596
Train Epoch: 29 [2000/5627 (35%)]	Loss: 0.000523
Train Epoch: 29 [2400/5627 (43%)]	Loss: 0.002775
Train Epoch: 29 [2800/5627 (50%)]	Loss: 0.001912
Train Epoch: 29 [3200/5627 (57%)]	Loss: 0.000180
Train Epoch: 29 [3600/5627 (64%)]	Loss: 0.000207
Train Epoch: 29 [4000/5627 (71%)]	Loss: 0.000568
Train Epoch: 29 [4400/5627 (78%)]	Loss: 0.006500
Train Epoch: 29 [4800/5627 (85%)]	Loss: 0.003470
Train Epoch: 29 [5200/5627 (92%)]	Loss: 0.000338
Train Epoch: 29 [3780/5627 (99%)]	Loss: 0.001801
Test set: Average loss: 1.3844, Accuracy: 1024/1406 (72%)
Train Epoch: 30 [0/5627 (0%)]	Loss: 0.002216
Train Epoch: 30 [400/5627 (7%)]	Loss: 0.000934
Train Epoch: 30 [800/5627 (14%)]	Loss: 0.000762
Train Epoch: 30 [1200/5627 (21%)]	Loss: 0.000393
Train Epoch: 30 [1600/5627 (28%)]	Loss: 0.000591
Train Epoch: 30 [2000/5627 (35%)]	Loss: 0.000353
Train Epoch: 30 [2400/5627 (43%)]	Loss: 0.000770
Train Epoch: 30 [2800/5627 (50%)]	Loss: 0.001779
Train Epoch: 30 [3200/5627 (57%)]	Loss: 0.000739
Train Epoch: 30 [3600/5627 (64%)]	Loss: 0.002718
Train Epoch: 30 [4000/5627 (71%)]	Loss: 0.000139
Train Epoch: 30 [4400/5627 (78%)]	Loss: 0.001429
Train Epoch: 30 [4800/5627 (85%)]	Loss: 0.000111
Train Epoch: 30 [5200/5627 (92%)]	Loss: 0.000322
Train Epoch: 30 [3780/5627 (99%)]	Loss: 0.001303
Test set: Average loss: 1.3475, Accuracy: 1035/1406 (73%)
Train Epoch: 31 [0/5627 (0%)]	Loss: 0.000085
Train Epoch: 31 [400/5627 (7%)]	Loss: 0.001842
Train Epoch: 31 [800/5627 (14%)]	Loss: 0.000359
Train Epoch: 31 [1200/5627 (21%)]	Loss: 0.000375
Train Epoch: 31 [1600/5627 (28%)]	Loss: 0.000045
Train Epoch: 31 [2000/5627 (35%)]	Loss: 0.000627
Train Epoch: 31 [2400/5627 (43%)]	Loss: 0.000084
Train Epoch: 31 [2800/5627 (50%)]	Loss: 0.000185
Train Epoch: 31 [3200/5627 (57%)]	Loss: 0.000053
Train Epoch: 31 [3600/5627 (64%)]	Loss: 0.000097
Train Epoch: 31 [4000/5627 (71%)]	Loss: 0.000819
Train Epoch: 31 [4400/5627 (78%)]	Loss: 0.000149
Train Epoch: 31 [4800/5627 (85%)]	Loss: 0.000228
Train Epoch: 31 [5200/5627 (92%)]	Loss: 0.000187
Train Epoch: 31 [3780/5627 (99%)]	Loss: 0.000865
Test set: Average loss: 1.4253, Accuracy: 1030/1406 (73%)
Train Epoch: 32 [0/5627 (0%)]	Loss: 0.001594
Train Epoch: 32 [400/5627 (7%)]	Loss: 0.000144
Train Epoch: 32 [800/5627 (14%)]	Loss: 0.000100
Train Epoch: 32 [1200/5627 (21%)]	Loss: 0.000153
Train Epoch: 32 [1600/5627 (28%)]	Loss: 0.002093
Train Epoch: 32 [2000/5627 (35%)]	Loss: 0.000751
Train Epoch: 32 [2400/5627 (43%)]	Loss: 0.000089
Train Epoch: 32 [2800/5627 (50%)]	Loss: 0.000217
Train Epoch: 32 [3200/5627 (57%)]	Loss: 0.000584
Train Epoch: 32 [3600/5627 (64%)]	Loss: 0.000140
Train Epoch: 32 [4000/5627 (71%)]	Loss: 0.000479
Train Epoch: 32 [4400/5627 (78%)]	Loss: 0.000088
Train Epoch: 32 [4800/5627 (85%)]	Loss: 0.000131
Train Epoch: 32 [5200/5627 (92%)]	Loss: 0.000039
Train Epoch: 32 [3780/5627 (99%)]	Loss: 0.000284
Test set: Average loss: 1.3673, Accuracy: 1036/1406 (73%)
Train Epoch: 33 [0/5627 (0%)]	Loss: 0.001341
Train Epoch: 33 [400/5627 (7%)]	Loss: 0.000378
Train Epoch: 33 [800/5627 (14%)]	Loss: 0.000308
Train Epoch: 33 [1200/5627 (21%)]	Loss: 0.000046
Train Epoch: 33 [1600/5627 (28%)]	Loss: 0.000346
Train Epoch: 33 [2000/5627 (35%)]	Loss: 0.000506
Train Epoch: 33 [2400/5627 (43%)]	Loss: 0.001575
Train Epoch: 33 [2800/5627 (50%)]	Loss: 0.000399
Train Epoch: 33 [3200/5627 (57%)]	Loss: 0.000023
Train Epoch: 33 [3600/5627 (64%)]	Loss: 0.000255
Train Epoch: 33 [4000/5627 (71%)]	Loss: 0.000215
Train Epoch: 33 [4400/5627 (78%)]	Loss: 0.000364
Train Epoch: 33 [4800/5627 (85%)]	Loss: 0.000196
Train Epoch: 33 [5200/5627 (92%)]	Loss: 0.000077
Train Epoch: 33 [3780/5627 (99%)]	Loss: 0.000039
Test set: Average loss: 1.3910, Accuracy: 1036/1406 (73%)
Train Epoch: 34 [0/5627 (0%)]	Loss: 0.000088
Train Epoch: 34 [400/5627 (7%)]	Loss: 0.000060
Train Epoch: 34 [800/5627 (14%)]	Loss: 0.000055
Train Epoch: 34 [1200/5627 (21%)]	Loss: 0.000085
Train Epoch: 34 [1600/5627 (28%)]	Loss: 0.000036
Train Epoch: 34 [2000/5627 (35%)]	Loss: 0.000433
Train Epoch: 34 [2400/5627 (43%)]	Loss: 0.001278
Train Epoch: 34 [2800/5627 (50%)]	Loss: 0.000109
Train Epoch: 34 [3200/5627 (57%)]	Loss: 0.000504
Train Epoch: 34 [3600/5627 (64%)]	Loss: 0.000095
Train Epoch: 34 [4000/5627 (71%)]	Loss: 0.000331
Train Epoch: 34 [4400/5627 (78%)]	Loss: 0.000702
Train Epoch: 34 [4800/5627 (85%)]	Loss: 0.000057
Train Epoch: 34 [5200/5627 (92%)]	Loss: 0.000378
Train Epoch: 34 [3780/5627 (99%)]	Loss: 0.000364
Test set: Average loss: 1.4108, Accuracy: 1034/1406 (73%)
Train Epoch: 35 [0/5627 (0%)]	Loss: 0.000111
Train Epoch: 35 [400/5627 (7%)]	Loss: 0.000151
Train Epoch: 35 [800/5627 (14%)]	Loss: 0.000018
Train Epoch: 35 [1200/5627 (21%)]	Loss: 0.000036
Train Epoch: 35 [1600/5627 (28%)]	Loss: 0.000017
Train Epoch: 35 [2000/5627 (35%)]	Loss: 0.000082
Train Epoch: 35 [2400/5627 (43%)]	Loss: 0.000015
Train Epoch: 35 [2800/5627 (50%)]	Loss: 0.000131
Train Epoch: 35 [3200/5627 (57%)]	Loss: 0.005791
Train Epoch: 35 [3600/5627 (64%)]	Loss: 0.000223
Train Epoch: 35 [4000/5627 (71%)]	Loss: 0.000046
Train Epoch: 35 [4400/5627 (78%)]	Loss: 0.000107
Train Epoch: 35 [4800/5627 (85%)]	Loss: 0.000257
Train Epoch: 35 [5200/5627 (92%)]	Loss: 0.000081
Train Epoch: 35 [3780/5627 (99%)]	Loss: 0.000318
Test set: Average loss: 1.4418, Accuracy: 1041/1406 (74%)
Train Epoch: 36 [0/5627 (0%)]	Loss: 0.000012
Train Epoch: 36 [400/5627 (7%)]	Loss: 0.000174
Train Epoch: 36 [800/5627 (14%)]	Loss: 0.000032
Train Epoch: 36 [1200/5627 (21%)]	Loss: 0.000354
Train Epoch: 36 [1600/5627 (28%)]	Loss: 0.000027
Train Epoch: 36 [2000/5627 (35%)]	Loss: 0.000160
Train Epoch: 36 [2400/5627 (43%)]	Loss: 0.000040
Train Epoch: 36 [2800/5627 (50%)]	Loss: 0.000326
Train Epoch: 36 [3200/5627 (57%)]	Loss: 0.000061
Train Epoch: 36 [3600/5627 (64%)]	Loss: 0.000172
Train Epoch: 36 [4000/5627 (71%)]	Loss: 0.000032
Train Epoch: 36 [4400/5627 (78%)]	Loss: 0.000017
Train Epoch: 36 [4800/5627 (85%)]	Loss: 0.000100
Train Epoch: 36 [5200/5627 (92%)]	Loss: 0.000078
Train Epoch: 36 [3780/5627 (99%)]	Loss: 0.002429
Test set: Average loss: 1.4178, Accuracy: 1037/1406 (73%)
Train Epoch: 37 [0/5627 (0%)]	Loss: 0.000223
Train Epoch: 37 [400/5627 (7%)]	Loss: 0.000068
Train Epoch: 37 [800/5627 (14%)]	Loss: 0.000075
Train Epoch: 37 [1200/5627 (21%)]	Loss: 0.000015
Train Epoch: 37 [1600/5627 (28%)]	Loss: 0.000228
Train Epoch: 37 [2000/5627 (35%)]	Loss: 0.000122
Train Epoch: 37 [2400/5627 (43%)]	Loss: 0.000042
Train Epoch: 37 [2800/5627 (50%)]	Loss: 0.000295
Train Epoch: 37 [3200/5627 (57%)]	Loss: 0.000096
Train Epoch: 37 [3600/5627 (64%)]	Loss: 0.000079
Train Epoch: 37 [4000/5627 (71%)]	Loss: 0.000102
Train Epoch: 37 [4400/5627 (78%)]	Loss: 0.000212
Train Epoch: 37 [4800/5627 (85%)]	Loss: 0.002810
Train Epoch: 37 [5200/5627 (92%)]	Loss: 0.000023
Train Epoch: 37 [3780/5627 (99%)]	Loss: 0.000050
Test set: Average loss: 1.4159, Accuracy: 1049/1406 (74%)
Train Epoch: 38 [0/5627 (0%)]	Loss: 0.000035
Train Epoch: 38 [400/5627 (7%)]	Loss: 0.000270
Train Epoch: 38 [800/5627 (14%)]	Loss: 0.000039
Train Epoch: 38 [1200/5627 (21%)]	Loss: 0.000066
Train Epoch: 38 [1600/5627 (28%)]	Loss: 0.000078
Train Epoch: 38 [2000/5627 (35%)]	Loss: 0.000212
Train Epoch: 38 [2400/5627 (43%)]	Loss: 0.000260
Train Epoch: 38 [2800/5627 (50%)]	Loss: 0.000075
Train Epoch: 38 [3200/5627 (57%)]	Loss: 0.000019
Train Epoch: 38 [3600/5627 (64%)]	Loss: 0.000041
Train Epoch: 38 [4000/5627 (71%)]	Loss: 0.000524
Train Epoch: 38 [4400/5627 (78%)]	Loss: 0.000024
Train Epoch: 38 [4800/5627 (85%)]	Loss: 0.000548
Train Epoch: 38 [5200/5627 (92%)]	Loss: 0.000172
Train Epoch: 38 [3780/5627 (99%)]	Loss: 0.000042
Test set: Average loss: 1.4552, Accuracy: 1043/1406 (74%)
Train Epoch: 39 [0/5627 (0%)]	Loss: 0.000442
Train Epoch: 39 [400/5627 (7%)]	Loss: 0.000153
Train Epoch: 39 [800/5627 (14%)]	Loss: 0.000172
Train Epoch: 39 [1200/5627 (21%)]	Loss: 0.000036
Train Epoch: 39 [1600/5627 (28%)]	Loss: 0.000043
Train Epoch: 39 [2000/5627 (35%)]	Loss: 0.000038
Train Epoch: 39 [2400/5627 (43%)]	Loss: 0.000021
Train Epoch: 39 [2800/5627 (50%)]	Loss: 0.000049
Train Epoch: 39 [3200/5627 (57%)]	Loss: 0.000025
Train Epoch: 39 [3600/5627 (64%)]	Loss: 0.000022
Train Epoch: 39 [4000/5627 (71%)]	Loss: 0.000022
Train Epoch: 39 [4400/5627 (78%)]	Loss: 0.000260
Train Epoch: 39 [4800/5627 (85%)]	Loss: 0.000122
Train Epoch: 39 [5200/5627 (92%)]	Loss: 0.000898
Train Epoch: 39 [3780/5627 (99%)]	Loss: 0.000111
Test set: Average loss: 1.4561, Accuracy: 1039/1406 (73%)
Train Epoch: 40 [0/5627 (0%)]	Loss: 0.000035
Train Epoch: 40 [400/5627 (7%)]	Loss: 0.000122
Train Epoch: 40 [800/5627 (14%)]	Loss: 0.000094
Train Epoch: 40 [1200/5627 (21%)]	Loss: 0.000044
Train Epoch: 40 [1600/5627 (28%)]	Loss: 0.000058
Train Epoch: 40 [2000/5627 (35%)]	Loss: 0.000181
Train Epoch: 40 [2400/5627 (43%)]	Loss: 0.000067
Train Epoch: 40 [2800/5627 (50%)]	Loss: 0.000153
Train Epoch: 40 [3200/5627 (57%)]	Loss: 0.000069
Train Epoch: 40 [3600/5627 (64%)]	Loss: 0.000081
Train Epoch: 40 [4000/5627 (71%)]	Loss: 0.000288
Train Epoch: 40 [4400/5627 (78%)]	Loss: 0.000039
Train Epoch: 40 [4800/5627 (85%)]	Loss: 0.000234
Train Epoch: 40 [5200/5627 (92%)]	Loss: 0.000046
Train Epoch: 40 [3780/5627 (99%)]	Loss: 0.000043
Test set: Average loss: 1.4828, Accuracy: 1048/1406 (74%)
Train Epoch: 41 [0/5627 (0%)]	Loss: 0.000197
Train Epoch: 41 [400/5627 (7%)]	Loss: 0.000057
Train Epoch: 41 [800/5627 (14%)]	Loss: 0.000072
Train Epoch: 41 [1200/5627 (21%)]	Loss: 0.000041
Train Epoch: 41 [1600/5627 (28%)]	Loss: 0.000214
Train Epoch: 41 [2000/5627 (35%)]	Loss: 0.000016
Train Epoch: 41 [2400/5627 (43%)]	Loss: 0.000019
Train Epoch: 41 [2800/5627 (50%)]	Loss: 0.000123
Train Epoch: 41 [3200/5627 (57%)]	Loss: 0.000313
Train Epoch: 41 [3600/5627 (64%)]	Loss: 0.000133
Train Epoch: 41 [4000/5627 (71%)]	Loss: 0.000057
Train Epoch: 41 [4400/5627 (78%)]	Loss: 0.000042
Train Epoch: 41 [4800/5627 (85%)]	Loss: 0.000036
Train Epoch: 41 [5200/5627 (92%)]	Loss: 0.000027
Train Epoch: 41 [3780/5627 (99%)]	Loss: 0.000627
Test set: Average loss: 1.4472, Accuracy: 1048/1406 (74%)
Train Epoch: 42 [0/5627 (0%)]	Loss: 0.000087
Train Epoch: 42 [400/5627 (7%)]	Loss: 0.000083
Train Epoch: 42 [800/5627 (14%)]	Loss: 0.000051
Train Epoch: 42 [1200/5627 (21%)]	Loss: 0.000162
Train Epoch: 42 [1600/5627 (28%)]	Loss: 0.000047
Train Epoch: 42 [2000/5627 (35%)]	Loss: 0.000012
Train Epoch: 42 [2400/5627 (43%)]	Loss: 0.000076
Train Epoch: 42 [2800/5627 (50%)]	Loss: 0.000033
Train Epoch: 42 [3200/5627 (57%)]	Loss: 0.000089
Train Epoch: 42 [3600/5627 (64%)]	Loss: 0.000042
Train Epoch: 42 [4000/5627 (71%)]	Loss: 0.000018
Train Epoch: 42 [4400/5627 (78%)]	Loss: 0.000044
Train Epoch: 42 [4800/5627 (85%)]	Loss: 0.000035
Train Epoch: 42 [5200/5627 (92%)]	Loss: 0.000020
Train Epoch: 42 [3780/5627 (99%)]	Loss: 0.000799
Test set: Average loss: 1.4545, Accuracy: 1049/1406 (74%)
Train Epoch: 43 [0/5627 (0%)]	Loss: 0.000122
Train Epoch: 43 [400/5627 (7%)]	Loss: 0.000036
Train Epoch: 43 [800/5627 (14%)]	Loss: 0.000039
Train Epoch: 43 [1200/5627 (21%)]	Loss: 0.000029
Train Epoch: 43 [1600/5627 (28%)]	Loss: 0.000053
Train Epoch: 43 [2000/5627 (35%)]	Loss: 0.000053
Train Epoch: 43 [2400/5627 (43%)]	Loss: 0.000179
Train Epoch: 43 [2800/5627 (50%)]	Loss: 0.000042
Train Epoch: 43 [3200/5627 (57%)]	Loss: 0.000250
Train Epoch: 43 [3600/5627 (64%)]	Loss: 0.000096
Train Epoch: 43 [4000/5627 (71%)]	Loss: 0.000046
Train Epoch: 43 [4400/5627 (78%)]	Loss: 0.000023
Train Epoch: 43 [4800/5627 (85%)]	Loss: 0.000084
Train Epoch: 43 [5200/5627 (92%)]	Loss: 0.000031
Train Epoch: 43 [3780/5627 (99%)]	Loss: 0.000533
Test set: Average loss: 1.4514, Accuracy: 1045/1406 (74%)
getting datasets
finished
trainning lapel_design_labels:
Train Epoch: 44 [0/5627 (0%)]	Loss: 0.000018
Train Epoch: 44 [400/5627 (7%)]	Loss: 0.000018
Train Epoch: 44 [800/5627 (14%)]	Loss: 0.000076
Train Epoch: 44 [1200/5627 (21%)]	Loss: 0.000022
Train Epoch: 44 [1600/5627 (28%)]	Loss: 0.000173
Train Epoch: 44 [2000/5627 (35%)]	Loss: 0.000108
Train Epoch: 44 [2400/5627 (43%)]	Loss: 0.000143
Train Epoch: 44 [2800/5627 (50%)]	Loss: 0.000023
Train Epoch: 44 [3200/5627 (57%)]	Loss: 0.000022
Train Epoch: 44 [3600/5627 (64%)]	Loss: 0.000217
Train Epoch: 44 [4000/5627 (71%)]	Loss: 0.000041
Train Epoch: 44 [4400/5627 (78%)]	Loss: 0.000033
Train Epoch: 44 [4800/5627 (85%)]	Loss: 0.000092
Train Epoch: 44 [5200/5627 (92%)]	Loss: 0.000049
Train Epoch: 44 [3780/5627 (99%)]	Loss: 0.000179
Test set: Average loss: 1.4725, Accuracy: 1051/1406 (74%)
Train Epoch: 45 [0/5627 (0%)]	Loss: 0.000119
Train Epoch: 45 [400/5627 (7%)]	Loss: 0.000191
Train Epoch: 45 [800/5627 (14%)]	Loss: 0.000232
Train Epoch: 45 [1200/5627 (21%)]	Loss: 0.000018
Train Epoch: 45 [1600/5627 (28%)]	Loss: 0.000211
Train Epoch: 45 [2000/5627 (35%)]	Loss: 0.000062
Train Epoch: 45 [2400/5627 (43%)]	Loss: 0.000030
Train Epoch: 45 [2800/5627 (50%)]	Loss: 0.000013
Train Epoch: 45 [3200/5627 (57%)]	Loss: 0.000120
Train Epoch: 45 [3600/5627 (64%)]	Loss: 0.000044
Train Epoch: 45 [4000/5627 (71%)]	Loss: 0.000019
Train Epoch: 45 [4400/5627 (78%)]	Loss: 0.000039
Train Epoch: 45 [4800/5627 (85%)]	Loss: 0.000005
Train Epoch: 45 [5200/5627 (92%)]	Loss: 0.000020
Train Epoch: 45 [3780/5627 (99%)]	Loss: 0.000112
Test set: Average loss: 1.5003, Accuracy: 1040/1406 (73%)
Train Epoch: 46 [0/5627 (0%)]	Loss: 0.000013
Train Epoch: 46 [400/5627 (7%)]	Loss: 0.000024
Train Epoch: 46 [800/5627 (14%)]	Loss: 0.000017
Train Epoch: 46 [1200/5627 (21%)]	Loss: 0.000033
Train Epoch: 46 [1600/5627 (28%)]	Loss: 0.000048
Train Epoch: 46 [2000/5627 (35%)]	Loss: 0.000015
Train Epoch: 46 [2400/5627 (43%)]	Loss: 0.000059
Train Epoch: 46 [2800/5627 (50%)]	Loss: 0.000037
Train Epoch: 46 [3200/5627 (57%)]	Loss: 0.000060
Train Epoch: 46 [3600/5627 (64%)]	Loss: 0.000068
Train Epoch: 46 [4000/5627 (71%)]	Loss: 0.000030
Train Epoch: 46 [4400/5627 (78%)]	Loss: 0.000098
Train Epoch: 46 [4800/5627 (85%)]	Loss: 0.000095
Train Epoch: 46 [5200/5627 (92%)]	Loss: 0.000010
Train Epoch: 46 [3780/5627 (99%)]	Loss: 0.000080
Test set: Average loss: 1.4994, Accuracy: 1048/1406 (74%)
Train Epoch: 47 [0/5627 (0%)]	Loss: 0.000021
Train Epoch: 47 [400/5627 (7%)]	Loss: 0.000284
Train Epoch: 47 [800/5627 (14%)]	Loss: 0.000120
Train Epoch: 47 [1200/5627 (21%)]	Loss: 0.000017
Train Epoch: 47 [1600/5627 (28%)]	Loss: 0.000011
Train Epoch: 47 [2000/5627 (35%)]	Loss: 0.000069
Train Epoch: 47 [2400/5627 (43%)]	Loss: 0.000028
Train Epoch: 47 [2800/5627 (50%)]	Loss: 0.000170
Train Epoch: 47 [3200/5627 (57%)]	Loss: 0.000021
Train Epoch: 47 [3600/5627 (64%)]	Loss: 0.000026
Train Epoch: 47 [4000/5627 (71%)]	Loss: 0.000076
Train Epoch: 47 [4400/5627 (78%)]	Loss: 0.000011
Train Epoch: 47 [4800/5627 (85%)]	Loss: 0.000030
Train Epoch: 47 [5200/5627 (92%)]	Loss: 0.000037
Train Epoch: 47 [3780/5627 (99%)]	Loss: 0.000031
Test set: Average loss: 1.5118, Accuracy: 1043/1406 (74%)
Train Epoch: 48 [0/5627 (0%)]	Loss: 0.000008
Train Epoch: 48 [400/5627 (7%)]	Loss: 0.000127
Train Epoch: 48 [800/5627 (14%)]	Loss: 0.000018
Train Epoch: 48 [1200/5627 (21%)]	Loss: 0.000068
Train Epoch: 48 [1600/5627 (28%)]	Loss: 0.000060
Train Epoch: 48 [2000/5627 (35%)]	Loss: 0.000010
Train Epoch: 48 [2400/5627 (43%)]	Loss: 0.000007
Train Epoch: 48 [2800/5627 (50%)]	Loss: 0.000016
Train Epoch: 48 [3200/5627 (57%)]	Loss: 0.000072
Train Epoch: 48 [3600/5627 (64%)]	Loss: 0.000019
Train Epoch: 48 [4000/5627 (71%)]	Loss: 0.000014
Train Epoch: 48 [4400/5627 (78%)]	Loss: 0.000048
Train Epoch: 48 [4800/5627 (85%)]	Loss: 0.000005
Train Epoch: 48 [5200/5627 (92%)]	Loss: 0.000056
Train Epoch: 48 [3780/5627 (99%)]	Loss: 0.000908
Test set: Average loss: 1.5080, Accuracy: 1052/1406 (74%)
Train Epoch: 49 [0/5627 (0%)]	Loss: 0.000032
Train Epoch: 49 [400/5627 (7%)]	Loss: 0.000018
Train Epoch: 49 [800/5627 (14%)]	Loss: 0.000060
Train Epoch: 49 [1200/5627 (21%)]	Loss: 0.000033
Train Epoch: 49 [1600/5627 (28%)]	Loss: 0.000110
Train Epoch: 49 [2000/5627 (35%)]	Loss: 0.000007
Train Epoch: 49 [2400/5627 (43%)]	Loss: 0.000048
Train Epoch: 49 [2800/5627 (50%)]	Loss: 0.000025
Train Epoch: 49 [3200/5627 (57%)]	Loss: 0.000019
Train Epoch: 49 [3600/5627 (64%)]	Loss: 0.000054
Train Epoch: 49 [4000/5627 (71%)]	Loss: 0.000013
Train Epoch: 49 [4400/5627 (78%)]	Loss: 0.000024
Train Epoch: 49 [4800/5627 (85%)]	Loss: 0.000367
Train Epoch: 49 [5200/5627 (92%)]	Loss: 0.000047
Train Epoch: 49 [3780/5627 (99%)]	Loss: 0.000024
Test set: Average loss: 1.4760, Accuracy: 1055/1406 (75%)
Train Epoch: 50 [0/5627 (0%)]	Loss: 0.000015
Train Epoch: 50 [400/5627 (7%)]	Loss: 0.000014
Train Epoch: 50 [800/5627 (14%)]	Loss: 0.000015
Train Epoch: 50 [1200/5627 (21%)]	Loss: 0.000413
Train Epoch: 50 [1600/5627 (28%)]	Loss: 0.000048
Train Epoch: 50 [2000/5627 (35%)]	Loss: 0.000014
Train Epoch: 50 [2400/5627 (43%)]	Loss: 0.000030
Train Epoch: 50 [2800/5627 (50%)]	Loss: 0.000059
Train Epoch: 50 [3200/5627 (57%)]	Loss: 0.000019
Train Epoch: 50 [3600/5627 (64%)]	Loss: 0.000028
Train Epoch: 50 [4000/5627 (71%)]	Loss: 0.000061
Train Epoch: 50 [4400/5627 (78%)]	Loss: 0.000057
Train Epoch: 50 [4800/5627 (85%)]	Loss: 0.000019
Train Epoch: 50 [5200/5627 (92%)]	Loss: 0.000042
Train Epoch: 50 [3780/5627 (99%)]	Loss: 0.000077
Test set: Average loss: 1.5079, Accuracy: 1039/1406 (73%)
Train Epoch: 51 [0/5627 (0%)]	Loss: 0.000018
Train Epoch: 51 [400/5627 (7%)]	Loss: 0.000094
Train Epoch: 51 [800/5627 (14%)]	Loss: 0.000023
Train Epoch: 51 [1200/5627 (21%)]	Loss: 0.000036
Train Epoch: 51 [1600/5627 (28%)]	Loss: 0.000077
Train Epoch: 51 [2000/5627 (35%)]	Loss: 0.000024
Train Epoch: 51 [2400/5627 (43%)]	Loss: 0.000392
Train Epoch: 51 [2800/5627 (50%)]	Loss: 0.000046
Train Epoch: 51 [3200/5627 (57%)]	Loss: 0.000101
Train Epoch: 51 [3600/5627 (64%)]	Loss: 0.000029
Train Epoch: 51 [4000/5627 (71%)]	Loss: 0.000018
Train Epoch: 51 [4400/5627 (78%)]	Loss: 0.000061
Train Epoch: 51 [4800/5627 (85%)]	Loss: 0.000015
Train Epoch: 51 [5200/5627 (92%)]	Loss: 0.000018
Train Epoch: 51 [3780/5627 (99%)]	Loss: 0.000015
Test set: Average loss: 1.5183, Accuracy: 1043/1406 (74%)
Train Epoch: 52 [0/5627 (0%)]	Loss: 0.000016
Train Epoch: 52 [400/5627 (7%)]	Loss: 0.000034
Train Epoch: 52 [800/5627 (14%)]	Loss: 0.000022
Train Epoch: 52 [1200/5627 (21%)]	Loss: 0.000018
Train Epoch: 52 [1600/5627 (28%)]	Loss: 0.000143
Train Epoch: 52 [2000/5627 (35%)]	Loss: 0.000013
Train Epoch: 52 [2400/5627 (43%)]	Loss: 0.000008
Train Epoch: 52 [2800/5627 (50%)]	Loss: 0.000031
Train Epoch: 52 [3200/5627 (57%)]	Loss: 0.000260
Train Epoch: 52 [3600/5627 (64%)]	Loss: 0.000019
Train Epoch: 52 [4000/5627 (71%)]	Loss: 0.000013
Train Epoch: 52 [4400/5627 (78%)]	Loss: 0.000021
Train Epoch: 52 [4800/5627 (85%)]	Loss: 0.000100
Train Epoch: 52 [5200/5627 (92%)]	Loss: 0.000067
Train Epoch: 52 [3780/5627 (99%)]	Loss: 0.000070
Test set: Average loss: 1.4978, Accuracy: 1046/1406 (74%)
Train Epoch: 53 [0/5627 (0%)]	Loss: 0.000033
Train Epoch: 53 [400/5627 (7%)]	Loss: 0.000017
Train Epoch: 53 [800/5627 (14%)]	Loss: 0.000269
Train Epoch: 53 [1200/5627 (21%)]	Loss: 0.000012
Train Epoch: 53 [1600/5627 (28%)]	Loss: 0.000040
Train Epoch: 53 [2000/5627 (35%)]	Loss: 0.000744
Train Epoch: 53 [2400/5627 (43%)]	Loss: 0.000022
Train Epoch: 53 [2800/5627 (50%)]	Loss: 0.000043
Train Epoch: 53 [3200/5627 (57%)]	Loss: 0.000033
Train Epoch: 53 [3600/5627 (64%)]	Loss: 0.000041
Train Epoch: 53 [4000/5627 (71%)]	Loss: 0.000240
Train Epoch: 53 [4400/5627 (78%)]	Loss: 0.000118
Train Epoch: 53 [4800/5627 (85%)]	Loss: 0.000057
Train Epoch: 53 [5200/5627 (92%)]	Loss: 0.000051
Train Epoch: 53 [3780/5627 (99%)]	Loss: 0.000096
Test set: Average loss: 1.5048, Accuracy: 1047/1406 (74%)
Train Epoch: 54 [0/5627 (0%)]	Loss: 0.000023
Train Epoch: 54 [400/5627 (7%)]	Loss: 0.000055
Train Epoch: 54 [800/5627 (14%)]	Loss: 0.000059
Train Epoch: 54 [1200/5627 (21%)]	Loss: 0.000024
Train Epoch: 54 [1600/5627 (28%)]	Loss: 0.000030
Train Epoch: 54 [2000/5627 (35%)]	Loss: 0.000096
Train Epoch: 54 [2400/5627 (43%)]	Loss: 0.000064
Train Epoch: 54 [2800/5627 (50%)]	Loss: 0.000398
Train Epoch: 54 [3200/5627 (57%)]	Loss: 0.000023
Train Epoch: 54 [3600/5627 (64%)]	Loss: 0.000068
Train Epoch: 54 [4000/5627 (71%)]	Loss: 0.000016
Train Epoch: 54 [4400/5627 (78%)]	Loss: 0.000051
Train Epoch: 54 [4800/5627 (85%)]	Loss: 0.000047
Train Epoch: 54 [5200/5627 (92%)]	Loss: 0.000008
Train Epoch: 54 [3780/5627 (99%)]	Loss: 0.000025
Test set: Average loss: 1.5187, Accuracy: 1047/1406 (74%)
Train Epoch: 55 [0/5627 (0%)]	Loss: 0.000021
Train Epoch: 55 [400/5627 (7%)]	Loss: 0.000008
Train Epoch: 55 [800/5627 (14%)]	Loss: 0.000021
Train Epoch: 55 [1200/5627 (21%)]	Loss: 0.000040
Train Epoch: 55 [1600/5627 (28%)]	Loss: 0.000134
Train Epoch: 55 [2000/5627 (35%)]	Loss: 0.000088
Train Epoch: 55 [2400/5627 (43%)]	Loss: 0.000033
Train Epoch: 55 [2800/5627 (50%)]	Loss: 0.000102
Train Epoch: 55 [3200/5627 (57%)]	Loss: 0.000051
Train Epoch: 55 [3600/5627 (64%)]	Loss: 0.000007
Train Epoch: 55 [4000/5627 (71%)]	Loss: 0.000141
Train Epoch: 55 [4400/5627 (78%)]	Loss: 0.000022
Train Epoch: 55 [4800/5627 (85%)]	Loss: 0.000034
Train Epoch: 55 [5200/5627 (92%)]	Loss: 0.000117
Train Epoch: 55 [3780/5627 (99%)]	Loss: 0.000008
Test set: Average loss: 1.5258, Accuracy: 1043/1406 (74%)
Train Epoch: 56 [0/5627 (0%)]	Loss: 0.000511
Train Epoch: 56 [400/5627 (7%)]	Loss: 0.000010
Train Epoch: 56 [800/5627 (14%)]	Loss: 0.000118
Train Epoch: 56 [1200/5627 (21%)]	Loss: 0.000247
Train Epoch: 56 [1600/5627 (28%)]	Loss: 0.000015
Train Epoch: 56 [2000/5627 (35%)]	Loss: 0.000104
Train Epoch: 56 [2400/5627 (43%)]	Loss: 0.000023
Train Epoch: 56 [2800/5627 (50%)]	Loss: 0.000069
Train Epoch: 56 [3200/5627 (57%)]	Loss: 0.000027
Train Epoch: 56 [3600/5627 (64%)]	Loss: 0.000032
Train Epoch: 56 [4000/5627 (71%)]	Loss: 0.000029
Train Epoch: 56 [4400/5627 (78%)]	Loss: 0.000008
Train Epoch: 56 [4800/5627 (85%)]	Loss: 0.000011
Train Epoch: 56 [5200/5627 (92%)]	Loss: 0.000057
Train Epoch: 56 [3780/5627 (99%)]	Loss: 0.000028
Test set: Average loss: 1.5945, Accuracy: 1027/1406 (73%)
Train Epoch: 57 [0/5627 (0%)]	Loss: 0.000101
Train Epoch: 57 [400/5627 (7%)]	Loss: 0.000044
Train Epoch: 57 [800/5627 (14%)]	Loss: 0.000085
Train Epoch: 57 [1200/5627 (21%)]	Loss: 0.000090
Train Epoch: 57 [1600/5627 (28%)]	Loss: 0.000047
Train Epoch: 57 [2000/5627 (35%)]	Loss: 0.000214
Train Epoch: 57 [2400/5627 (43%)]	Loss: 0.000229
Train Epoch: 57 [2800/5627 (50%)]	Loss: 0.000042
Train Epoch: 57 [3200/5627 (57%)]	Loss: 0.000127
Train Epoch: 57 [3600/5627 (64%)]	Loss: 0.000018
Train Epoch: 57 [4000/5627 (71%)]	Loss: 0.000232
Train Epoch: 57 [4400/5627 (78%)]	Loss: 0.000017
Train Epoch: 57 [4800/5627 (85%)]	Loss: 0.000045
Train Epoch: 57 [5200/5627 (92%)]	Loss: 0.000044
Train Epoch: 57 [3780/5627 (99%)]	Loss: 0.000060
Test set: Average loss: 1.5443, Accuracy: 1039/1406 (73%)
Train Epoch: 58 [0/5627 (0%)]	Loss: 0.002308
Train Epoch: 58 [400/5627 (7%)]	Loss: 0.000100
Train Epoch: 58 [800/5627 (14%)]	Loss: 0.000031
Train Epoch: 58 [1200/5627 (21%)]	Loss: 0.000058
Train Epoch: 58 [1600/5627 (28%)]	Loss: 0.000041
Train Epoch: 58 [2000/5627 (35%)]	Loss: 0.000332
Train Epoch: 58 [2400/5627 (43%)]	Loss: 0.000010
Train Epoch: 58 [2800/5627 (50%)]	Loss: 0.000009
Train Epoch: 58 [3200/5627 (57%)]	Loss: 0.000280
Train Epoch: 58 [3600/5627 (64%)]	Loss: 0.000016
Train Epoch: 58 [4000/5627 (71%)]	Loss: 0.000018
Train Epoch: 58 [4400/5627 (78%)]	Loss: 0.000054
Train Epoch: 58 [4800/5627 (85%)]	Loss: 0.000012
Train Epoch: 58 [5200/5627 (92%)]	Loss: 0.000406
Train Epoch: 58 [3780/5627 (99%)]	Loss: 0.000070
Test set: Average loss: 1.5146, Accuracy: 1046/1406 (74%)
Train Epoch: 59 [0/5627 (0%)]	Loss: 0.000053
Train Epoch: 59 [400/5627 (7%)]	Loss: 0.000371
Train Epoch: 59 [800/5627 (14%)]	Loss: 0.000025
Train Epoch: 59 [1200/5627 (21%)]	Loss: 0.000005
Train Epoch: 59 [1600/5627 (28%)]	Loss: 0.000009
Train Epoch: 59 [2000/5627 (35%)]	Loss: 0.000095
Train Epoch: 59 [2400/5627 (43%)]	Loss: 0.000112
Train Epoch: 59 [2800/5627 (50%)]	Loss: 0.000053
Train Epoch: 59 [3200/5627 (57%)]	Loss: 0.000040
Train Epoch: 59 [3600/5627 (64%)]	Loss: 0.000042
Train Epoch: 59 [4000/5627 (71%)]	Loss: 0.001000
Train Epoch: 59 [4400/5627 (78%)]	Loss: 0.000007
Train Epoch: 59 [4800/5627 (85%)]	Loss: 0.000080
Train Epoch: 59 [5200/5627 (92%)]	Loss: 0.000010
Train Epoch: 59 [3780/5627 (99%)]	Loss: 0.001310
Test set: Average loss: 1.5180, Accuracy: 1048/1406 (74%)
Train Epoch: 60 [0/5627 (0%)]	Loss: 0.000021
Train Epoch: 60 [400/5627 (7%)]	Loss: 0.000049
Train Epoch: 60 [800/5627 (14%)]	Loss: 0.003444
Train Epoch: 60 [1200/5627 (21%)]	Loss: 0.000059
Train Epoch: 60 [1600/5627 (28%)]	Loss: 0.000122
Train Epoch: 60 [2000/5627 (35%)]	Loss: 0.033550
Train Epoch: 60 [2400/5627 (43%)]	Loss: 0.000613
Train Epoch: 60 [2800/5627 (50%)]	Loss: 0.000483
Train Epoch: 60 [3200/5627 (57%)]	Loss: 0.000293
Train Epoch: 60 [3600/5627 (64%)]	Loss: 0.000053
Train Epoch: 60 [4000/5627 (71%)]	Loss: 0.000079
Train Epoch: 60 [4400/5627 (78%)]	Loss: 0.000547
Train Epoch: 60 [4800/5627 (85%)]	Loss: 0.000031
Train Epoch: 60 [5200/5627 (92%)]	Loss: 0.000031
Train Epoch: 60 [3780/5627 (99%)]	Loss: 0.000245
Test set: Average loss: 1.6131, Accuracy: 1005/1406 (71%)
