getting datasets
finished
trainning neck_design_labels:
Train Epoch: 1 [0/4556 (0%)]	Loss: 1.556134
Train Epoch: 1 [400/4556 (9%)]	Loss: 1.504681
Train Epoch: 1 [800/4556 (18%)]	Loss: 1.609661
Train Epoch: 1 [1200/4556 (26%)]	Loss: 1.483549
Train Epoch: 1 [1600/4556 (35%)]	Loss: 1.537218
Train Epoch: 1 [2000/4556 (44%)]	Loss: 1.479872
Train Epoch: 1 [2400/4556 (53%)]	Loss: 1.465476
Train Epoch: 1 [2800/4556 (61%)]	Loss: 1.503212
Train Epoch: 1 [3200/4556 (70%)]	Loss: 1.506487
Train Epoch: 1 [3600/4556 (79%)]	Loss: 1.481059
Train Epoch: 1 [4000/4556 (88%)]	Loss: 1.305364
Train Epoch: 1 [4400/4556 (96%)]	Loss: 1.484170
Test set: Average loss: 1.4786, Accuracy: 416/1139 (36%)
Train Epoch: 2 [0/4556 (0%)]	Loss: 1.234348
Train Epoch: 2 [400/4556 (9%)]	Loss: 1.176902
Train Epoch: 2 [800/4556 (18%)]	Loss: 1.449165
Train Epoch: 2 [1200/4556 (26%)]	Loss: 1.363695
Train Epoch: 2 [1600/4556 (35%)]	Loss: 1.068461
Train Epoch: 2 [2000/4556 (44%)]	Loss: 1.043636
Train Epoch: 2 [2400/4556 (53%)]	Loss: 1.115247
Train Epoch: 2 [2800/4556 (61%)]	Loss: 1.324230
Train Epoch: 2 [3200/4556 (70%)]	Loss: 1.189948
Train Epoch: 2 [3600/4556 (79%)]	Loss: 1.232028
Train Epoch: 2 [4000/4556 (88%)]	Loss: 1.087931
Train Epoch: 2 [4400/4556 (96%)]	Loss: 1.214873
Test set: Average loss: 1.2363, Accuracy: 558/1139 (48%)
Train Epoch: 3 [0/4556 (0%)]	Loss: 0.749511
Train Epoch: 3 [400/4556 (9%)]	Loss: 0.768164
Train Epoch: 3 [800/4556 (18%)]	Loss: 0.986334
Train Epoch: 3 [1200/4556 (26%)]	Loss: 0.981449
Train Epoch: 3 [1600/4556 (35%)]	Loss: 0.941347
Train Epoch: 3 [2000/4556 (44%)]	Loss: 0.899782
Train Epoch: 3 [2400/4556 (53%)]	Loss: 0.878008
Train Epoch: 3 [2800/4556 (61%)]	Loss: 0.864115
Train Epoch: 3 [3200/4556 (70%)]	Loss: 1.070443
Train Epoch: 3 [3600/4556 (79%)]	Loss: 0.796682
Train Epoch: 3 [4000/4556 (88%)]	Loss: 0.752388
Train Epoch: 3 [4400/4556 (96%)]	Loss: 0.968428
Test set: Average loss: 1.5013, Accuracy: 486/1139 (42%)
Train Epoch: 4 [0/4556 (0%)]	Loss: 0.492327
Train Epoch: 4 [400/4556 (9%)]	Loss: 0.615198
Train Epoch: 4 [800/4556 (18%)]	Loss: 0.594015
Train Epoch: 4 [1200/4556 (26%)]	Loss: 0.338341
Train Epoch: 4 [1600/4556 (35%)]	Loss: 0.398530
Train Epoch: 4 [2000/4556 (44%)]	Loss: 0.381981
Train Epoch: 4 [2400/4556 (53%)]	Loss: 0.581832
Train Epoch: 4 [2800/4556 (61%)]	Loss: 0.705739
Train Epoch: 4 [3200/4556 (70%)]	Loss: 0.720854
Train Epoch: 4 [3600/4556 (79%)]	Loss: 0.723504
Train Epoch: 4 [4000/4556 (88%)]	Loss: 0.386815
Train Epoch: 4 [4400/4556 (96%)]	Loss: 0.387366
Test set: Average loss: 1.7027, Accuracy: 498/1139 (43%)
Train Epoch: 5 [0/4556 (0%)]	Loss: 0.493238
Train Epoch: 5 [400/4556 (9%)]	Loss: 0.231665
Train Epoch: 5 [800/4556 (18%)]	Loss: 0.294037
Train Epoch: 5 [1200/4556 (26%)]	Loss: 0.317531
Train Epoch: 5 [1600/4556 (35%)]	Loss: 0.275283
Train Epoch: 5 [2000/4556 (44%)]	Loss: 0.471417
Train Epoch: 5 [2400/4556 (53%)]	Loss: 0.274609
Train Epoch: 5 [2800/4556 (61%)]	Loss: 0.238464
Train Epoch: 5 [3200/4556 (70%)]	Loss: 0.282376
Train Epoch: 5 [3600/4556 (79%)]	Loss: 0.380023
Train Epoch: 5 [4000/4556 (88%)]	Loss: 0.310055
Train Epoch: 5 [4400/4556 (96%)]	Loss: 0.394167
Test set: Average loss: 1.4964, Accuracy: 585/1139 (51%)
Train Epoch: 6 [0/4556 (0%)]	Loss: 0.116215
Train Epoch: 6 [400/4556 (9%)]	Loss: 0.058703
Train Epoch: 6 [800/4556 (18%)]	Loss: 0.154671
Train Epoch: 6 [1200/4556 (26%)]	Loss: 0.199997
Train Epoch: 6 [1600/4556 (35%)]	Loss: 0.150400
Train Epoch: 6 [2000/4556 (44%)]	Loss: 0.208537
Train Epoch: 6 [2400/4556 (53%)]	Loss: 0.113096
Train Epoch: 6 [2800/4556 (61%)]	Loss: 0.068459
Train Epoch: 6 [3200/4556 (70%)]	Loss: 0.264886
Train Epoch: 6 [3600/4556 (79%)]	Loss: 0.299633
Train Epoch: 6 [4000/4556 (88%)]	Loss: 0.122889
Train Epoch: 6 [4400/4556 (96%)]	Loss: 0.155079
Test set: Average loss: 1.6266, Accuracy: 652/1139 (57%)
Train Epoch: 7 [0/4556 (0%)]	Loss: 0.062324
Train Epoch: 7 [400/4556 (9%)]	Loss: 0.035610
Train Epoch: 7 [800/4556 (18%)]	Loss: 0.033150
Train Epoch: 7 [1200/4556 (26%)]	Loss: 0.097730
Train Epoch: 7 [1600/4556 (35%)]	Loss: 0.031722
Train Epoch: 7 [2000/4556 (44%)]	Loss: 0.302282
Train Epoch: 7 [2400/4556 (53%)]	Loss: 0.043984
Train Epoch: 7 [2800/4556 (61%)]	Loss: 0.117903
Train Epoch: 7 [3200/4556 (70%)]	Loss: 0.024781
Train Epoch: 7 [3600/4556 (79%)]	Loss: 0.060348
Train Epoch: 7 [4000/4556 (88%)]	Loss: 0.073940
Train Epoch: 7 [4400/4556 (96%)]	Loss: 0.027719
Test set: Average loss: 1.5514, Accuracy: 688/1139 (60%)
Train Epoch: 8 [0/4556 (0%)]	Loss: 0.039902
Train Epoch: 8 [400/4556 (9%)]	Loss: 0.077996
Train Epoch: 8 [800/4556 (18%)]	Loss: 0.149659
Train Epoch: 8 [1200/4556 (26%)]	Loss: 0.167469
Train Epoch: 8 [1600/4556 (35%)]	Loss: 0.009656
Train Epoch: 8 [2000/4556 (44%)]	Loss: 0.016276
Train Epoch: 8 [2400/4556 (53%)]	Loss: 0.055024
Train Epoch: 8 [2800/4556 (61%)]	Loss: 0.058898
Train Epoch: 8 [3200/4556 (70%)]	Loss: 0.068370
Train Epoch: 8 [3600/4556 (79%)]	Loss: 0.046010
Train Epoch: 8 [4000/4556 (88%)]	Loss: 0.128137
Train Epoch: 8 [4400/4556 (96%)]	Loss: 0.134894
Test set: Average loss: 1.7718, Accuracy: 612/1139 (53%)
Train Epoch: 9 [0/4556 (0%)]	Loss: 0.051358
Train Epoch: 9 [400/4556 (9%)]	Loss: 0.057409
Train Epoch: 9 [800/4556 (18%)]	Loss: 0.082392
Train Epoch: 9 [1200/4556 (26%)]	Loss: 0.046851
Train Epoch: 9 [1600/4556 (35%)]	Loss: 0.030654
Train Epoch: 9 [2000/4556 (44%)]	Loss: 0.049981
Train Epoch: 9 [2400/4556 (53%)]	Loss: 0.027131
Train Epoch: 9 [2800/4556 (61%)]	Loss: 0.117008
Train Epoch: 9 [3200/4556 (70%)]	Loss: 0.027568
Train Epoch: 9 [3600/4556 (79%)]	Loss: 0.006806
Train Epoch: 9 [4000/4556 (88%)]	Loss: 0.042877
Train Epoch: 9 [4400/4556 (96%)]	Loss: 0.160901
Test set: Average loss: 1.7408, Accuracy: 631/1139 (55%)
Train Epoch: 10 [0/4556 (0%)]	Loss: 0.183867
Train Epoch: 10 [400/4556 (9%)]	Loss: 0.042568
Train Epoch: 10 [800/4556 (18%)]	Loss: 0.033186
Train Epoch: 10 [1200/4556 (26%)]	Loss: 0.029851
Train Epoch: 10 [1600/4556 (35%)]	Loss: 0.009285
Train Epoch: 10 [2000/4556 (44%)]	Loss: 0.010553
Train Epoch: 10 [2400/4556 (53%)]	Loss: 0.044695
Train Epoch: 10 [2800/4556 (61%)]	Loss: 0.024996
Train Epoch: 10 [3200/4556 (70%)]	Loss: 0.010492
Train Epoch: 10 [3600/4556 (79%)]	Loss: 0.030892
Train Epoch: 10 [4000/4556 (88%)]	Loss: 0.027289
Train Epoch: 10 [4400/4556 (96%)]	Loss: 0.046528
Test set: Average loss: 1.8990, Accuracy: 648/1139 (56%)
Train Epoch: 11 [0/4556 (0%)]	Loss: 0.003968
Train Epoch: 11 [400/4556 (9%)]	Loss: 0.017641
Train Epoch: 11 [800/4556 (18%)]	Loss: 0.169984
Train Epoch: 11 [1200/4556 (26%)]	Loss: 0.017355
Train Epoch: 11 [1600/4556 (35%)]	Loss: 0.117696
Train Epoch: 11 [2000/4556 (44%)]	Loss: 0.028697
Train Epoch: 11 [2400/4556 (53%)]	Loss: 0.089167
Train Epoch: 11 [2800/4556 (61%)]	Loss: 0.027495
Train Epoch: 11 [3200/4556 (70%)]	Loss: 0.068606
Train Epoch: 11 [3600/4556 (79%)]	Loss: 0.045575
Train Epoch: 11 [4000/4556 (88%)]	Loss: 0.069331
Train Epoch: 11 [4400/4556 (96%)]	Loss: 0.062990
Test set: Average loss: 1.9763, Accuracy: 658/1139 (57%)
Train Epoch: 12 [0/4556 (0%)]	Loss: 0.072152
Train Epoch: 12 [400/4556 (9%)]	Loss: 0.022475
Train Epoch: 12 [800/4556 (18%)]	Loss: 0.099474
Train Epoch: 12 [1200/4556 (26%)]	Loss: 0.138028
Train Epoch: 12 [1600/4556 (35%)]	Loss: 0.016946
Train Epoch: 12 [2000/4556 (44%)]	Loss: 0.012236
Train Epoch: 12 [2400/4556 (53%)]	Loss: 0.023101
Train Epoch: 12 [2800/4556 (61%)]	Loss: 0.014023
Train Epoch: 12 [3200/4556 (70%)]	Loss: 0.023148
Train Epoch: 12 [3600/4556 (79%)]	Loss: 0.035251
Train Epoch: 12 [4000/4556 (88%)]	Loss: 0.091483
Train Epoch: 12 [4400/4556 (96%)]	Loss: 0.019421
Test set: Average loss: 1.7947, Accuracy: 655/1139 (57%)
Train Epoch: 13 [0/4556 (0%)]	Loss: 0.020130
Train Epoch: 13 [400/4556 (9%)]	Loss: 0.038351
Train Epoch: 13 [800/4556 (18%)]	Loss: 0.026479
Train Epoch: 13 [1200/4556 (26%)]	Loss: 0.006995
Train Epoch: 13 [1600/4556 (35%)]	Loss: 0.013190
Train Epoch: 13 [2000/4556 (44%)]	Loss: 0.006213
Train Epoch: 13 [2400/4556 (53%)]	Loss: 0.003384
Train Epoch: 13 [2800/4556 (61%)]	Loss: 0.031785
Train Epoch: 13 [3200/4556 (70%)]	Loss: 0.055852
Train Epoch: 13 [3600/4556 (79%)]	Loss: 0.068180
Train Epoch: 13 [4000/4556 (88%)]	Loss: 0.025265
Train Epoch: 13 [4400/4556 (96%)]	Loss: 0.061135
Test set: Average loss: 1.8906, Accuracy: 647/1139 (56%)
Train Epoch: 14 [0/4556 (0%)]	Loss: 0.143786
Train Epoch: 14 [400/4556 (9%)]	Loss: 0.021113
Train Epoch: 14 [800/4556 (18%)]	Loss: 0.028987
Train Epoch: 14 [1200/4556 (26%)]	Loss: 0.044337
Train Epoch: 14 [1600/4556 (35%)]	Loss: 0.013574
Train Epoch: 14 [2000/4556 (44%)]	Loss: 0.011634
Train Epoch: 14 [2400/4556 (53%)]	Loss: 0.010329
Train Epoch: 14 [2800/4556 (61%)]	Loss: 0.128511
Train Epoch: 14 [3200/4556 (70%)]	Loss: 0.008794
Train Epoch: 14 [3600/4556 (79%)]	Loss: 0.007428
Train Epoch: 14 [4000/4556 (88%)]	Loss: 0.020021
Train Epoch: 14 [4400/4556 (96%)]	Loss: 0.022193
Test set: Average loss: 1.8322, Accuracy: 691/1139 (60%)
Train Epoch: 15 [0/4556 (0%)]	Loss: 0.003301
Train Epoch: 15 [400/4556 (9%)]	Loss: 0.014483
Train Epoch: 15 [800/4556 (18%)]	Loss: 0.012030
Train Epoch: 15 [1200/4556 (26%)]	Loss: 0.004066
Train Epoch: 15 [1600/4556 (35%)]	Loss: 0.026210
Train Epoch: 15 [2000/4556 (44%)]	Loss: 0.004229
Train Epoch: 15 [2400/4556 (53%)]	Loss: 0.019633
Train Epoch: 15 [2800/4556 (61%)]	Loss: 0.011405
Train Epoch: 15 [3200/4556 (70%)]	Loss: 0.001980
Train Epoch: 15 [3600/4556 (79%)]	Loss: 0.002913
Train Epoch: 15 [4000/4556 (88%)]	Loss: 0.010865
Train Epoch: 15 [4400/4556 (96%)]	Loss: 0.002542
Test set: Average loss: 1.7974, Accuracy: 697/1139 (61%)
Train Epoch: 16 [0/4556 (0%)]	Loss: 0.004899
Train Epoch: 16 [400/4556 (9%)]	Loss: 0.003268
Train Epoch: 16 [800/4556 (18%)]	Loss: 0.000579
Train Epoch: 16 [1200/4556 (26%)]	Loss: 0.001431
Train Epoch: 16 [1600/4556 (35%)]	Loss: 0.005956
Train Epoch: 16 [2000/4556 (44%)]	Loss: 0.012335
Train Epoch: 16 [2400/4556 (53%)]	Loss: 0.002714
Train Epoch: 16 [2800/4556 (61%)]	Loss: 0.000846
Train Epoch: 16 [3200/4556 (70%)]	Loss: 0.049764
Train Epoch: 16 [3600/4556 (79%)]	Loss: 0.000712
Train Epoch: 16 [4000/4556 (88%)]	Loss: 0.001596
Train Epoch: 16 [4400/4556 (96%)]	Loss: 0.013782
Test set: Average loss: 1.9330, Accuracy: 686/1139 (60%)
Train Epoch: 17 [0/4556 (0%)]	Loss: 0.008149
Train Epoch: 17 [400/4556 (9%)]	Loss: 0.000794
Train Epoch: 17 [800/4556 (18%)]	Loss: 0.003773
Train Epoch: 17 [1200/4556 (26%)]	Loss: 0.000974
Train Epoch: 17 [1600/4556 (35%)]	Loss: 0.000927
Train Epoch: 17 [2000/4556 (44%)]	Loss: 0.002304
Train Epoch: 17 [2400/4556 (53%)]	Loss: 0.001605
Train Epoch: 17 [2800/4556 (61%)]	Loss: 0.001296
Train Epoch: 17 [3200/4556 (70%)]	Loss: 0.001709
Train Epoch: 17 [3600/4556 (79%)]	Loss: 0.001289
Train Epoch: 17 [4000/4556 (88%)]	Loss: 0.001635
Train Epoch: 17 [4400/4556 (96%)]	Loss: 0.003861
Test set: Average loss: 1.8520, Accuracy: 709/1139 (62%)
Train Epoch: 18 [0/4556 (0%)]	Loss: 0.000307
Train Epoch: 18 [400/4556 (9%)]	Loss: 0.000545
Train Epoch: 18 [800/4556 (18%)]	Loss: 0.000477
Train Epoch: 18 [1200/4556 (26%)]	Loss: 0.012403
Train Epoch: 18 [1600/4556 (35%)]	Loss: 0.000706
Train Epoch: 18 [2000/4556 (44%)]	Loss: 0.000348
Train Epoch: 18 [2400/4556 (53%)]	Loss: 0.000715
Train Epoch: 18 [2800/4556 (61%)]	Loss: 0.000338
Train Epoch: 18 [3200/4556 (70%)]	Loss: 0.002917
Train Epoch: 18 [3600/4556 (79%)]	Loss: 0.000610
Train Epoch: 18 [4000/4556 (88%)]	Loss: 0.000675
Train Epoch: 18 [4400/4556 (96%)]	Loss: 0.000564
Test set: Average loss: 1.9061, Accuracy: 695/1139 (61%)
Train Epoch: 19 [0/4556 (0%)]	Loss: 0.000869
Train Epoch: 19 [400/4556 (9%)]	Loss: 0.001166
Train Epoch: 19 [800/4556 (18%)]	Loss: 0.000965
Train Epoch: 19 [1200/4556 (26%)]	Loss: 0.001000
Train Epoch: 19 [1600/4556 (35%)]	Loss: 0.002042
Train Epoch: 19 [2000/4556 (44%)]	Loss: 0.001338
Train Epoch: 19 [2400/4556 (53%)]	Loss: 0.002016
Train Epoch: 19 [2800/4556 (61%)]	Loss: 0.000665
Train Epoch: 19 [3200/4556 (70%)]	Loss: 0.000372
Train Epoch: 19 [3600/4556 (79%)]	Loss: 0.002226
Train Epoch: 19 [4000/4556 (88%)]	Loss: 0.000573
Train Epoch: 19 [4400/4556 (96%)]	Loss: 0.001860
Test set: Average loss: 1.9732, Accuracy: 686/1139 (60%)
Train Epoch: 20 [0/4556 (0%)]	Loss: 0.000548
Train Epoch: 20 [400/4556 (9%)]	Loss: 0.001139
Train Epoch: 20 [800/4556 (18%)]	Loss: 0.000800
Train Epoch: 20 [1200/4556 (26%)]	Loss: 0.002319
Train Epoch: 20 [1600/4556 (35%)]	Loss: 0.000453
Train Epoch: 20 [2000/4556 (44%)]	Loss: 0.006943
Train Epoch: 20 [2400/4556 (53%)]	Loss: 0.021087
Train Epoch: 20 [2800/4556 (61%)]	Loss: 0.002828
Train Epoch: 20 [3200/4556 (70%)]	Loss: 0.000477
Train Epoch: 20 [3600/4556 (79%)]	Loss: 0.014948
Train Epoch: 20 [4000/4556 (88%)]	Loss: 0.002561
Train Epoch: 20 [4400/4556 (96%)]	Loss: 0.000985
Test set: Average loss: 2.0669, Accuracy: 661/1139 (58%)
Train Epoch: 21 [0/4556 (0%)]	Loss: 0.001200
Train Epoch: 21 [400/4556 (9%)]	Loss: 0.001605
Train Epoch: 21 [800/4556 (18%)]	Loss: 0.002415
Train Epoch: 21 [1200/4556 (26%)]	Loss: 0.010478
Train Epoch: 21 [1600/4556 (35%)]	Loss: 0.042451
Train Epoch: 21 [2000/4556 (44%)]	Loss: 0.001248
Train Epoch: 21 [2400/4556 (53%)]	Loss: 0.001638
Train Epoch: 21 [2800/4556 (61%)]	Loss: 0.001356
Train Epoch: 21 [3200/4556 (70%)]	Loss: 0.000877
Train Epoch: 21 [3600/4556 (79%)]	Loss: 0.012587
Train Epoch: 21 [4000/4556 (88%)]	Loss: 0.000947
Train Epoch: 21 [4400/4556 (96%)]	Loss: 0.000599
Test set: Average loss: 2.0456, Accuracy: 665/1139 (58%)
Train Epoch: 22 [0/4556 (0%)]	Loss: 0.002932
Train Epoch: 22 [400/4556 (9%)]	Loss: 0.000848
Train Epoch: 22 [800/4556 (18%)]	Loss: 0.001011
Train Epoch: 22 [1200/4556 (26%)]	Loss: 0.007107
Train Epoch: 22 [1600/4556 (35%)]	Loss: 0.006249
Train Epoch: 22 [2000/4556 (44%)]	Loss: 0.001044
Train Epoch: 22 [2400/4556 (53%)]	Loss: 0.001865
Train Epoch: 22 [2800/4556 (61%)]	Loss: 0.001857
Train Epoch: 22 [3200/4556 (70%)]	Loss: 0.008061
Train Epoch: 22 [3600/4556 (79%)]	Loss: 0.004398
Train Epoch: 22 [4000/4556 (88%)]	Loss: 0.003979
Train Epoch: 22 [4400/4556 (96%)]	Loss: 0.002531
Test set: Average loss: 2.0297, Accuracy: 686/1139 (60%)
Train Epoch: 23 [0/4556 (0%)]	Loss: 0.001143
Train Epoch: 23 [400/4556 (9%)]	Loss: 0.000536
Train Epoch: 23 [800/4556 (18%)]	Loss: 0.000420
Train Epoch: 23 [1200/4556 (26%)]	Loss: 0.001712
Train Epoch: 23 [1600/4556 (35%)]	Loss: 0.000545
Train Epoch: 23 [2000/4556 (44%)]	Loss: 0.001235
Train Epoch: 23 [2400/4556 (53%)]	Loss: 0.002993
Train Epoch: 23 [2800/4556 (61%)]	Loss: 0.000463
Train Epoch: 23 [3200/4556 (70%)]	Loss: 0.000286
Train Epoch: 23 [3600/4556 (79%)]	Loss: 0.001199
Train Epoch: 23 [4000/4556 (88%)]	Loss: 0.000585
Train Epoch: 23 [4400/4556 (96%)]	Loss: 0.004875
Test set: Average loss: 1.9478, Accuracy: 701/1139 (61%)
Train Epoch: 24 [0/4556 (0%)]	Loss: 0.000611
Train Epoch: 24 [400/4556 (9%)]	Loss: 0.000355
Train Epoch: 24 [800/4556 (18%)]	Loss: 0.000123
Train Epoch: 24 [1200/4556 (26%)]	Loss: 0.035533
Train Epoch: 24 [1600/4556 (35%)]	Loss: 0.000303
Train Epoch: 24 [2000/4556 (44%)]	Loss: 0.000320
Train Epoch: 24 [2400/4556 (53%)]	Loss: 0.000302
Train Epoch: 24 [2800/4556 (61%)]	Loss: 0.104498
Train Epoch: 24 [3200/4556 (70%)]	Loss: 0.003361
Train Epoch: 24 [3600/4556 (79%)]	Loss: 0.001580
Train Epoch: 24 [4000/4556 (88%)]	Loss: 0.000730
Train Epoch: 24 [4400/4556 (96%)]	Loss: 0.002019
Test set: Average loss: 2.0800, Accuracy: 671/1139 (58%)
Train Epoch: 25 [0/4556 (0%)]	Loss: 0.000450
Train Epoch: 25 [400/4556 (9%)]	Loss: 0.055498
Train Epoch: 25 [800/4556 (18%)]	Loss: 0.028057
Train Epoch: 25 [1200/4556 (26%)]	Loss: 0.059263
Train Epoch: 25 [1600/4556 (35%)]	Loss: 0.008832
Train Epoch: 25 [2000/4556 (44%)]	Loss: 0.020028
Train Epoch: 25 [2400/4556 (53%)]	Loss: 0.001885
Train Epoch: 25 [2800/4556 (61%)]	Loss: 0.001045
Train Epoch: 25 [3200/4556 (70%)]	Loss: 0.005897
Train Epoch: 25 [3600/4556 (79%)]	Loss: 0.010122
Train Epoch: 25 [4000/4556 (88%)]	Loss: 0.002492
Train Epoch: 25 [4400/4556 (96%)]	Loss: 0.003360
Test set: Average loss: 2.0578, Accuracy: 662/1139 (58%)
Train Epoch: 26 [0/4556 (0%)]	Loss: 0.001344
Train Epoch: 26 [400/4556 (9%)]	Loss: 0.026320
Train Epoch: 26 [800/4556 (18%)]	Loss: 0.012897
Train Epoch: 26 [1200/4556 (26%)]	Loss: 0.004046
Train Epoch: 26 [1600/4556 (35%)]	Loss: 0.002041
Train Epoch: 26 [2000/4556 (44%)]	Loss: 0.001307
Train Epoch: 26 [2400/4556 (53%)]	Loss: 0.025750
Train Epoch: 26 [2800/4556 (61%)]	Loss: 0.035287
Train Epoch: 26 [3200/4556 (70%)]	Loss: 0.026866
Train Epoch: 26 [3600/4556 (79%)]	Loss: 0.007240
Train Epoch: 26 [4000/4556 (88%)]	Loss: 0.026334
Train Epoch: 26 [4400/4556 (96%)]	Loss: 0.007959
Test set: Average loss: 2.0131, Accuracy: 667/1139 (58%)
Train Epoch: 27 [0/4556 (0%)]	Loss: 0.003612
Train Epoch: 27 [400/4556 (9%)]	Loss: 0.002547
Train Epoch: 27 [800/4556 (18%)]	Loss: 0.005859
Train Epoch: 27 [1200/4556 (26%)]	Loss: 0.004984
Train Epoch: 27 [1600/4556 (35%)]	Loss: 0.000971
Train Epoch: 27 [2000/4556 (44%)]	Loss: 0.070677
Train Epoch: 27 [2400/4556 (53%)]	Loss: 0.001853
Train Epoch: 27 [2800/4556 (61%)]	Loss: 0.019096
Train Epoch: 27 [3200/4556 (70%)]	Loss: 0.028605
Train Epoch: 27 [3600/4556 (79%)]	Loss: 0.004021
Train Epoch: 27 [4000/4556 (88%)]	Loss: 0.006447
Train Epoch: 27 [4400/4556 (96%)]	Loss: 0.012092
Test set: Average loss: 1.9693, Accuracy: 684/1139 (60%)
Train Epoch: 28 [0/4556 (0%)]	Loss: 0.013135
Train Epoch: 28 [400/4556 (9%)]	Loss: 0.009021
Train Epoch: 28 [800/4556 (18%)]	Loss: 0.047313
Train Epoch: 28 [1200/4556 (26%)]	Loss: 0.002413
Train Epoch: 28 [1600/4556 (35%)]	Loss: 0.000509
Train Epoch: 28 [2000/4556 (44%)]	Loss: 0.002344
Train Epoch: 28 [2400/4556 (53%)]	Loss: 0.000502
Train Epoch: 28 [2800/4556 (61%)]	Loss: 0.015894
Train Epoch: 28 [3200/4556 (70%)]	Loss: 0.005696
Train Epoch: 28 [3600/4556 (79%)]	Loss: 0.000291
Train Epoch: 28 [4000/4556 (88%)]	Loss: 0.002415
Train Epoch: 28 [4400/4556 (96%)]	Loss: 0.036507
Test set: Average loss: 1.9791, Accuracy: 665/1139 (58%)
Train Epoch: 29 [0/4556 (0%)]	Loss: 0.003299
Train Epoch: 29 [400/4556 (9%)]	Loss: 0.000778
Train Epoch: 29 [800/4556 (18%)]	Loss: 0.005631
Train Epoch: 29 [1200/4556 (26%)]	Loss: 0.001101
Train Epoch: 29 [1600/4556 (35%)]	Loss: 0.003241
Train Epoch: 29 [2000/4556 (44%)]	Loss: 0.000427
Train Epoch: 29 [2400/4556 (53%)]	Loss: 0.001299
Train Epoch: 29 [2800/4556 (61%)]	Loss: 0.000521
Train Epoch: 29 [3200/4556 (70%)]	Loss: 0.000479
Train Epoch: 29 [3600/4556 (79%)]	Loss: 0.001957
Train Epoch: 29 [4000/4556 (88%)]	Loss: 0.003155
Train Epoch: 29 [4400/4556 (96%)]	Loss: 0.003527
Test set: Average loss: 1.9888, Accuracy: 700/1139 (61%)
Train Epoch: 30 [0/4556 (0%)]	Loss: 0.000340
Train Epoch: 30 [400/4556 (9%)]	Loss: 0.078569
Train Epoch: 30 [800/4556 (18%)]	Loss: 0.000895
Train Epoch: 30 [1200/4556 (26%)]	Loss: 0.000726
Train Epoch: 30 [1600/4556 (35%)]	Loss: 0.000515
Train Epoch: 30 [2000/4556 (44%)]	Loss: 0.000972
Train Epoch: 30 [2400/4556 (53%)]	Loss: 0.002116
Train Epoch: 30 [2800/4556 (61%)]	Loss: 0.000748
Train Epoch: 30 [3200/4556 (70%)]	Loss: 0.002076
Train Epoch: 30 [3600/4556 (79%)]	Loss: 0.002059
Train Epoch: 30 [4000/4556 (88%)]	Loss: 0.000327
Train Epoch: 30 [4400/4556 (96%)]	Loss: 0.001164
Test set: Average loss: 2.0016, Accuracy: 705/1139 (61%)
Train Epoch: 31 [0/4556 (0%)]	Loss: 0.000609
Train Epoch: 31 [400/4556 (9%)]	Loss: 0.000587
Train Epoch: 31 [800/4556 (18%)]	Loss: 0.000237
Train Epoch: 31 [1200/4556 (26%)]	Loss: 0.005043
Train Epoch: 31 [1600/4556 (35%)]	Loss: 0.000887
Train Epoch: 31 [2000/4556 (44%)]	Loss: 0.000356
Train Epoch: 31 [2400/4556 (53%)]	Loss: 0.000138
Train Epoch: 31 [2800/4556 (61%)]	Loss: 0.000455
Train Epoch: 31 [3200/4556 (70%)]	Loss: 0.000426
Train Epoch: 31 [3600/4556 (79%)]	Loss: 0.000548
Train Epoch: 31 [4000/4556 (88%)]	Loss: 0.004633
Train Epoch: 31 [4400/4556 (96%)]	Loss: 0.000781
Test set: Average loss: 2.0072, Accuracy: 712/1139 (62%)
Train Epoch: 32 [0/4556 (0%)]	Loss: 0.000224
Train Epoch: 32 [400/4556 (9%)]	Loss: 0.000123
Train Epoch: 32 [800/4556 (18%)]	Loss: 0.000264
Train Epoch: 32 [1200/4556 (26%)]	Loss: 0.000439
Train Epoch: 32 [1600/4556 (35%)]	Loss: 0.000671
Train Epoch: 32 [2000/4556 (44%)]	Loss: 0.000761
Train Epoch: 32 [2400/4556 (53%)]	Loss: 0.000380
Train Epoch: 32 [2800/4556 (61%)]	Loss: 0.000266
Train Epoch: 32 [3200/4556 (70%)]	Loss: 0.002150
Train Epoch: 32 [3600/4556 (79%)]	Loss: 0.000457
Train Epoch: 32 [4000/4556 (88%)]	Loss: 0.000338
Train Epoch: 32 [4400/4556 (96%)]	Loss: 0.000928
Test set: Average loss: 2.0560, Accuracy: 719/1139 (63%)
Train Epoch: 33 [0/4556 (0%)]	Loss: 0.000157
Train Epoch: 33 [400/4556 (9%)]	Loss: 0.000383
Train Epoch: 33 [800/4556 (18%)]	Loss: 0.000305
Train Epoch: 33 [1200/4556 (26%)]	Loss: 0.000336
Train Epoch: 33 [1600/4556 (35%)]	Loss: 0.000207
Train Epoch: 33 [2000/4556 (44%)]	Loss: 0.000648
Train Epoch: 33 [2400/4556 (53%)]	Loss: 0.000109
Train Epoch: 33 [2800/4556 (61%)]	Loss: 0.000279
Train Epoch: 33 [3200/4556 (70%)]	Loss: 0.000475
Train Epoch: 33 [3600/4556 (79%)]	Loss: 0.009840
Train Epoch: 33 [4000/4556 (88%)]	Loss: 0.000836
Train Epoch: 33 [4400/4556 (96%)]	Loss: 0.000837
Test set: Average loss: 2.0508, Accuracy: 719/1139 (63%)
Train Epoch: 34 [0/4556 (0%)]	Loss: 0.001052
Train Epoch: 34 [400/4556 (9%)]	Loss: 0.000365
Train Epoch: 34 [800/4556 (18%)]	Loss: 0.000259
Train Epoch: 34 [1200/4556 (26%)]	Loss: 0.000689
Train Epoch: 34 [1600/4556 (35%)]	Loss: 0.000259
Train Epoch: 34 [2000/4556 (44%)]	Loss: 0.001178
Train Epoch: 34 [2400/4556 (53%)]	Loss: 0.000168
Train Epoch: 34 [2800/4556 (61%)]	Loss: 0.000946
Train Epoch: 34 [3200/4556 (70%)]	Loss: 0.000909
Train Epoch: 34 [3600/4556 (79%)]	Loss: 0.000223
Train Epoch: 34 [4000/4556 (88%)]	Loss: 0.000104
Train Epoch: 34 [4400/4556 (96%)]	Loss: 0.000292
Test set: Average loss: 2.0634, Accuracy: 720/1139 (63%)
Train Epoch: 35 [0/4556 (0%)]	Loss: 0.000901
Train Epoch: 35 [400/4556 (9%)]	Loss: 0.001101
Train Epoch: 35 [800/4556 (18%)]	Loss: 0.000515
Train Epoch: 35 [1200/4556 (26%)]	Loss: 0.000104
Train Epoch: 35 [1600/4556 (35%)]	Loss: 0.000566
Train Epoch: 35 [2000/4556 (44%)]	Loss: 0.000216
Train Epoch: 35 [2400/4556 (53%)]	Loss: 0.000209
Train Epoch: 35 [2800/4556 (61%)]	Loss: 0.000241
Train Epoch: 35 [3200/4556 (70%)]	Loss: 0.000117
Train Epoch: 35 [3600/4556 (79%)]	Loss: 0.000208
Train Epoch: 35 [4000/4556 (88%)]	Loss: 0.000350
Train Epoch: 35 [4400/4556 (96%)]	Loss: 0.000331
Test set: Average loss: 2.0574, Accuracy: 719/1139 (63%)
Train Epoch: 36 [0/4556 (0%)]	Loss: 0.002564
Train Epoch: 36 [400/4556 (9%)]	Loss: 0.002285
Train Epoch: 36 [800/4556 (18%)]	Loss: 0.000258
Train Epoch: 36 [1200/4556 (26%)]	Loss: 0.003215
Train Epoch: 36 [1600/4556 (35%)]	Loss: 0.000188
Train Epoch: 36 [2000/4556 (44%)]	Loss: 0.000158
Train Epoch: 36 [2400/4556 (53%)]	Loss: 0.000052
Train Epoch: 36 [2800/4556 (61%)]	Loss: 0.000037
Train Epoch: 36 [3200/4556 (70%)]	Loss: 0.000242
Train Epoch: 36 [3600/4556 (79%)]	Loss: 0.000083
Train Epoch: 36 [4000/4556 (88%)]	Loss: 0.000567
Train Epoch: 36 [4400/4556 (96%)]	Loss: 0.000111
Test set: Average loss: 2.0460, Accuracy: 717/1139 (62%)
Train Epoch: 37 [0/4556 (0%)]	Loss: 0.000311
Train Epoch: 37 [400/4556 (9%)]	Loss: 0.001030
Train Epoch: 37 [800/4556 (18%)]	Loss: 0.000354
Train Epoch: 37 [1200/4556 (26%)]	Loss: 0.000106
Train Epoch: 37 [1600/4556 (35%)]	Loss: 0.000609
Train Epoch: 37 [2000/4556 (44%)]	Loss: 0.000111
Train Epoch: 37 [2400/4556 (53%)]	Loss: 0.000201
Train Epoch: 37 [2800/4556 (61%)]	Loss: 0.000182
Train Epoch: 37 [3200/4556 (70%)]	Loss: 0.000053
Train Epoch: 37 [3600/4556 (79%)]	Loss: 0.000039
Train Epoch: 37 [4000/4556 (88%)]	Loss: 0.000445
Train Epoch: 37 [4400/4556 (96%)]	Loss: 0.000223
Test set: Average loss: 2.0999, Accuracy: 715/1139 (62%)
Train Epoch: 38 [0/4556 (0%)]	Loss: 0.000293
Train Epoch: 38 [400/4556 (9%)]	Loss: 0.000130
Train Epoch: 38 [800/4556 (18%)]	Loss: 0.000431
Train Epoch: 38 [1200/4556 (26%)]	Loss: 0.000204
Train Epoch: 38 [1600/4556 (35%)]	Loss: 0.000383
Train Epoch: 38 [2000/4556 (44%)]	Loss: 0.000413
Train Epoch: 38 [2400/4556 (53%)]	Loss: 0.000241
Train Epoch: 38 [2800/4556 (61%)]	Loss: 0.000174
Train Epoch: 38 [3200/4556 (70%)]	Loss: 0.000099
Train Epoch: 38 [3600/4556 (79%)]	Loss: 0.000074
Train Epoch: 38 [4000/4556 (88%)]	Loss: 0.013809
Train Epoch: 38 [4400/4556 (96%)]	Loss: 0.002785
Test set: Average loss: 2.1659, Accuracy: 724/1139 (63%)
Train Epoch: 39 [0/4556 (0%)]	Loss: 0.000068
Train Epoch: 39 [400/4556 (9%)]	Loss: 0.000293
Train Epoch: 39 [800/4556 (18%)]	Loss: 0.000086
Train Epoch: 39 [1200/4556 (26%)]	Loss: 0.000053
Train Epoch: 39 [1600/4556 (35%)]	Loss: 0.000095
Train Epoch: 39 [2000/4556 (44%)]	Loss: 0.000139
Train Epoch: 39 [2400/4556 (53%)]	Loss: 0.000190
Train Epoch: 39 [2800/4556 (61%)]	Loss: 0.000396
Train Epoch: 39 [3200/4556 (70%)]	Loss: 0.000826
Train Epoch: 39 [3600/4556 (79%)]	Loss: 0.010690
Train Epoch: 39 [4000/4556 (88%)]	Loss: 0.000094
Train Epoch: 39 [4400/4556 (96%)]	Loss: 0.000184
Test set: Average loss: 2.1306, Accuracy: 709/1139 (62%)
Train Epoch: 40 [0/4556 (0%)]	Loss: 0.000502
Train Epoch: 40 [400/4556 (9%)]	Loss: 0.000289
Train Epoch: 40 [800/4556 (18%)]	Loss: 0.000230
Train Epoch: 40 [1200/4556 (26%)]	Loss: 0.000080
Train Epoch: 40 [1600/4556 (35%)]	Loss: 0.000525
Train Epoch: 40 [2000/4556 (44%)]	Loss: 0.000418
Train Epoch: 40 [2400/4556 (53%)]	Loss: 0.012914
Train Epoch: 40 [2800/4556 (61%)]	Loss: 0.000271
Train Epoch: 40 [3200/4556 (70%)]	Loss: 0.000222
Train Epoch: 40 [3600/4556 (79%)]	Loss: 0.036162
Train Epoch: 40 [4000/4556 (88%)]	Loss: 0.000245
Train Epoch: 40 [4400/4556 (96%)]	Loss: 0.000164
Test set: Average loss: 2.1230, Accuracy: 721/1139 (63%)
Train Epoch: 41 [0/4556 (0%)]	Loss: 0.000303
Train Epoch: 41 [400/4556 (9%)]	Loss: 0.000183
Train Epoch: 41 [800/4556 (18%)]	Loss: 0.000087
Train Epoch: 41 [1200/4556 (26%)]	Loss: 0.000106
Train Epoch: 41 [1600/4556 (35%)]	Loss: 0.000106
Train Epoch: 41 [2000/4556 (44%)]	Loss: 0.000979
Train Epoch: 41 [2400/4556 (53%)]	Loss: 0.000093
Train Epoch: 41 [2800/4556 (61%)]	Loss: 0.000107
Train Epoch: 41 [3200/4556 (70%)]	Loss: 0.000678
Train Epoch: 41 [3600/4556 (79%)]	Loss: 0.000400
Train Epoch: 41 [4000/4556 (88%)]	Loss: 0.000306
Train Epoch: 41 [4400/4556 (96%)]	Loss: 0.000862
Test set: Average loss: 2.1906, Accuracy: 716/1139 (62%)
Train Epoch: 42 [0/4556 (0%)]	Loss: 0.000105
Train Epoch: 42 [400/4556 (9%)]	Loss: 0.000738
Train Epoch: 42 [800/4556 (18%)]	Loss: 0.000123
Train Epoch: 42 [1200/4556 (26%)]	Loss: 0.000103
Train Epoch: 42 [1600/4556 (35%)]	Loss: 0.000068
Train Epoch: 42 [2000/4556 (44%)]	Loss: 0.003697
Train Epoch: 42 [2400/4556 (53%)]	Loss: 0.000178
Train Epoch: 42 [2800/4556 (61%)]	Loss: 0.000039
Train Epoch: 42 [3200/4556 (70%)]	Loss: 0.009759
Train Epoch: 42 [3600/4556 (79%)]	Loss: 0.000067
Train Epoch: 42 [4000/4556 (88%)]	Loss: 0.000111
Train Epoch: 42 [4400/4556 (96%)]	Loss: 0.001327
Test set: Average loss: 2.1547, Accuracy: 718/1139 (63%)
Train Epoch: 43 [0/4556 (0%)]	Loss: 0.000108
Train Epoch: 43 [400/4556 (9%)]	Loss: 0.000149
Train Epoch: 43 [800/4556 (18%)]	Loss: 0.000540
Train Epoch: 43 [1200/4556 (26%)]	Loss: 0.000088
Train Epoch: 43 [1600/4556 (35%)]	Loss: 0.000245
Train Epoch: 43 [2000/4556 (44%)]	Loss: 0.000100
Train Epoch: 43 [2400/4556 (53%)]	Loss: 0.000094
Train Epoch: 43 [2800/4556 (61%)]	Loss: 0.000078
Train Epoch: 43 [3200/4556 (70%)]	Loss: 0.000065
Train Epoch: 43 [3600/4556 (79%)]	Loss: 0.000083
Train Epoch: 43 [4000/4556 (88%)]	Loss: 0.000046
Train Epoch: 43 [4400/4556 (96%)]	Loss: 0.002413
Test set: Average loss: 2.1294, Accuracy: 730/1139 (64%)
Train Epoch: 44 [0/4556 (0%)]	Loss: 0.000178
Train Epoch: 44 [400/4556 (9%)]	Loss: 0.000505
Train Epoch: 44 [800/4556 (18%)]	Loss: 0.000112
Train Epoch: 44 [1200/4556 (26%)]	Loss: 0.000138
Train Epoch: 44 [1600/4556 (35%)]	Loss: 0.000338
Train Epoch: 44 [2000/4556 (44%)]	Loss: 0.000051
Train Epoch: 44 [2400/4556 (53%)]	Loss: 0.000041
Train Epoch: 44 [2800/4556 (61%)]	Loss: 0.000050
Train Epoch: 44 [3200/4556 (70%)]	Loss: 0.000055
Train Epoch: 44 [3600/4556 (79%)]	Loss: 0.000120
Train Epoch: 44 [4000/4556 (88%)]	Loss: 0.000145
Train Epoch: 44 [4400/4556 (96%)]	Loss: 0.000268
Test set: Average loss: 2.1857, Accuracy: 716/1139 (62%)
Train Epoch: 45 [0/4556 (0%)]	Loss: 0.000253
Train Epoch: 45 [400/4556 (9%)]	Loss: 0.002014
Train Epoch: 45 [800/4556 (18%)]	Loss: 0.000061
Train Epoch: 45 [1200/4556 (26%)]	Loss: 0.001999
Train Epoch: 45 [1600/4556 (35%)]	Loss: 0.000182
Train Epoch: 45 [2000/4556 (44%)]	Loss: 0.000278
Train Epoch: 45 [2400/4556 (53%)]	Loss: 0.000028
Train Epoch: 45 [2800/4556 (61%)]	Loss: 0.000365
Train Epoch: 45 [3200/4556 (70%)]	Loss: 0.000192
Train Epoch: 45 [3600/4556 (79%)]	Loss: 0.000070
Train Epoch: 45 [4000/4556 (88%)]	Loss: 0.000238
Train Epoch: 45 [4400/4556 (96%)]	Loss: 0.001600
Test set: Average loss: 2.1691, Accuracy: 730/1139 (64%)
Train Epoch: 46 [0/4556 (0%)]	Loss: 0.000215
Train Epoch: 46 [400/4556 (9%)]	Loss: 0.000053
Train Epoch: 46 [800/4556 (18%)]	Loss: 0.000520
Train Epoch: 46 [1200/4556 (26%)]	Loss: 0.000287
Train Epoch: 46 [1600/4556 (35%)]	Loss: 0.000077
Train Epoch: 46 [2000/4556 (44%)]	Loss: 0.000037
Train Epoch: 46 [2400/4556 (53%)]	Loss: 0.000107
Train Epoch: 46 [2800/4556 (61%)]	Loss: 0.000131
Train Epoch: 46 [3200/4556 (70%)]	Loss: 0.000050
Train Epoch: 46 [3600/4556 (79%)]	Loss: 0.000031
Train Epoch: 46 [4000/4556 (88%)]	Loss: 0.001475
Train Epoch: 46 [4400/4556 (96%)]	Loss: 0.000108
Test set: Average loss: 2.1593, Accuracy: 729/1139 (64%)
Train Epoch: 47 [0/4556 (0%)]	Loss: 0.000040
Train Epoch: 47 [400/4556 (9%)]	Loss: 0.000149
Train Epoch: 47 [800/4556 (18%)]	Loss: 0.000113
Train Epoch: 47 [1200/4556 (26%)]	Loss: 0.000070
Train Epoch: 47 [1600/4556 (35%)]	Loss: 0.000197
Train Epoch: 47 [2000/4556 (44%)]	Loss: 0.000103
Train Epoch: 47 [2400/4556 (53%)]	Loss: 0.000359
Train Epoch: 47 [2800/4556 (61%)]	Loss: 0.000128
Train Epoch: 47 [3200/4556 (70%)]	Loss: 0.000068
Train Epoch: 47 [3600/4556 (79%)]	Loss: 0.001224
Train Epoch: 47 [4000/4556 (88%)]	Loss: 0.000160
Train Epoch: 47 [4400/4556 (96%)]	Loss: 0.000088
Test set: Average loss: 2.2315, Accuracy: 709/1139 (62%)
Train Epoch: 48 [0/4556 (0%)]	Loss: 0.000079
Train Epoch: 48 [400/4556 (9%)]	Loss: 0.000094
Train Epoch: 48 [800/4556 (18%)]	Loss: 0.000164
Train Epoch: 48 [1200/4556 (26%)]	Loss: 0.000273
Train Epoch: 48 [1600/4556 (35%)]	Loss: 0.000063
Train Epoch: 48 [2000/4556 (44%)]	Loss: 0.000402
Train Epoch: 48 [2400/4556 (53%)]	Loss: 0.000065
Train Epoch: 48 [2800/4556 (61%)]	Loss: 0.000047
Train Epoch: 48 [3200/4556 (70%)]	Loss: 0.000094
Train Epoch: 48 [3600/4556 (79%)]	Loss: 0.000189
Train Epoch: 48 [4000/4556 (88%)]	Loss: 0.000131
Train Epoch: 48 [4400/4556 (96%)]	Loss: 0.000094
Test set: Average loss: 2.1955, Accuracy: 706/1139 (61%)
Train Epoch: 49 [0/4556 (0%)]	Loss: 0.000209
Train Epoch: 49 [400/4556 (9%)]	Loss: 0.000068
Train Epoch: 49 [800/4556 (18%)]	Loss: 0.000136
Train Epoch: 49 [1200/4556 (26%)]	Loss: 0.000143
Train Epoch: 49 [1600/4556 (35%)]	Loss: 0.000078
Train Epoch: 49 [2000/4556 (44%)]	Loss: 0.000195
Train Epoch: 49 [2400/4556 (53%)]	Loss: 0.000085
Train Epoch: 49 [2800/4556 (61%)]	Loss: 0.000309
Train Epoch: 49 [3200/4556 (70%)]	Loss: 0.000069
Train Epoch: 49 [3600/4556 (79%)]	Loss: 0.000269
Train Epoch: 49 [4000/4556 (88%)]	Loss: 0.000097
Train Epoch: 49 [4400/4556 (96%)]	Loss: 0.001212
Test set: Average loss: 2.1702, Accuracy: 716/1139 (62%)
Train Epoch: 50 [0/4556 (0%)]	Loss: 0.000192
Train Epoch: 50 [400/4556 (9%)]	Loss: 0.000185
Train Epoch: 50 [800/4556 (18%)]	Loss: 0.000115
Train Epoch: 50 [1200/4556 (26%)]	Loss: 0.000319
Train Epoch: 50 [1600/4556 (35%)]	Loss: 0.000062
Train Epoch: 50 [2000/4556 (44%)]	Loss: 0.000088
Train Epoch: 50 [2400/4556 (53%)]	Loss: 0.002806
Train Epoch: 50 [2800/4556 (61%)]	Loss: 0.000052
Train Epoch: 50 [3200/4556 (70%)]	Loss: 0.002762
Train Epoch: 50 [3600/4556 (79%)]	Loss: 0.000191
Train Epoch: 50 [4000/4556 (88%)]	Loss: 0.000063
Train Epoch: 50 [4400/4556 (96%)]	Loss: 0.000047
Test set: Average loss: 2.1509, Accuracy: 713/1139 (62%)
Train Epoch: 51 [0/4556 (0%)]	Loss: 0.000123
Train Epoch: 51 [400/4556 (9%)]	Loss: 0.000085
Train Epoch: 51 [800/4556 (18%)]	Loss: 0.000304
Train Epoch: 51 [1200/4556 (26%)]	Loss: 0.002730
Train Epoch: 51 [1600/4556 (35%)]	Loss: 0.000112
Train Epoch: 51 [2000/4556 (44%)]	Loss: 0.000034
Train Epoch: 51 [2400/4556 (53%)]	Loss: 0.000208
Train Epoch: 51 [2800/4556 (61%)]	Loss: 0.000056
Train Epoch: 51 [3200/4556 (70%)]	Loss: 0.000155
Train Epoch: 51 [3600/4556 (79%)]	Loss: 0.000374
Train Epoch: 51 [4000/4556 (88%)]	Loss: 0.000324
Train Epoch: 51 [4400/4556 (96%)]	Loss: 0.000103
Test set: Average loss: 2.1937, Accuracy: 706/1139 (61%)
Train Epoch: 52 [0/4556 (0%)]	Loss: 0.000067
Train Epoch: 52 [400/4556 (9%)]	Loss: 0.000163
Train Epoch: 52 [800/4556 (18%)]	Loss: 0.000126
Train Epoch: 52 [1200/4556 (26%)]	Loss: 0.000091
Train Epoch: 52 [1600/4556 (35%)]	Loss: 0.000092
Train Epoch: 52 [2000/4556 (44%)]	Loss: 0.000053
Train Epoch: 52 [2400/4556 (53%)]	Loss: 0.000480
Train Epoch: 52 [2800/4556 (61%)]	Loss: 0.000065
Train Epoch: 52 [3200/4556 (70%)]	Loss: 0.000110
Train Epoch: 52 [3600/4556 (79%)]	Loss: 0.000132
Train Epoch: 52 [4000/4556 (88%)]	Loss: 0.000047
Train Epoch: 52 [4400/4556 (96%)]	Loss: 0.000045
Test set: Average loss: 2.2042, Accuracy: 713/1139 (62%)
Train Epoch: 53 [0/4556 (0%)]	Loss: 0.000492
Train Epoch: 53 [400/4556 (9%)]	Loss: 0.000066
Train Epoch: 53 [800/4556 (18%)]	Loss: 0.000524
Train Epoch: 53 [1200/4556 (26%)]	Loss: 0.001267
Train Epoch: 53 [1600/4556 (35%)]	Loss: 0.000156
Train Epoch: 53 [2000/4556 (44%)]	Loss: 0.000228
Train Epoch: 53 [2400/4556 (53%)]	Loss: 0.000257
Train Epoch: 53 [2800/4556 (61%)]	Loss: 0.000352
Train Epoch: 53 [3200/4556 (70%)]	Loss: 0.000092
Train Epoch: 53 [3600/4556 (79%)]	Loss: 0.000069
Train Epoch: 53 [4000/4556 (88%)]	Loss: 0.000103
Train Epoch: 53 [4400/4556 (96%)]	Loss: 0.000087
Test set: Average loss: 2.1730, Accuracy: 716/1139 (62%)
Train Epoch: 54 [0/4556 (0%)]	Loss: 0.000141
Train Epoch: 54 [400/4556 (9%)]	Loss: 0.000282
Train Epoch: 54 [800/4556 (18%)]	Loss: 0.000097
Train Epoch: 54 [1200/4556 (26%)]	Loss: 0.000071
Train Epoch: 54 [1600/4556 (35%)]	Loss: 0.000098
Train Epoch: 54 [2000/4556 (44%)]	Loss: 0.000315
Train Epoch: 54 [2400/4556 (53%)]	Loss: 0.000090
Train Epoch: 54 [2800/4556 (61%)]	Loss: 0.000183
Train Epoch: 54 [3200/4556 (70%)]	Loss: 0.000052
Train Epoch: 54 [3600/4556 (79%)]	Loss: 0.000067
Train Epoch: 54 [4000/4556 (88%)]	Loss: 0.000140
Train Epoch: 54 [4400/4556 (96%)]	Loss: 0.000220
Test set: Average loss: 2.2290, Accuracy: 712/1139 (62%)
Train Epoch: 55 [0/4556 (0%)]	Loss: 0.000141
Train Epoch: 55 [400/4556 (9%)]	Loss: 0.000262
Train Epoch: 55 [800/4556 (18%)]	Loss: 0.000128
Train Epoch: 55 [1200/4556 (26%)]	Loss: 0.000151
Train Epoch: 55 [1600/4556 (35%)]	Loss: 0.000272
Train Epoch: 55 [2000/4556 (44%)]	Loss: 0.000042
Train Epoch: 55 [2400/4556 (53%)]	Loss: 0.000054
Train Epoch: 55 [2800/4556 (61%)]	Loss: 0.000018
Train Epoch: 55 [3200/4556 (70%)]	Loss: 0.000292
Train Epoch: 55 [3600/4556 (79%)]	Loss: 0.000060
Train Epoch: 55 [4000/4556 (88%)]	Loss: 0.000053
Train Epoch: 55 [4400/4556 (96%)]	Loss: 0.000102
Test set: Average loss: 2.2061, Accuracy: 715/1139 (62%)
Train Epoch: 56 [0/4556 (0%)]	Loss: 0.000055
Train Epoch: 56 [400/4556 (9%)]	Loss: 0.000081
Train Epoch: 56 [800/4556 (18%)]	Loss: 0.000046
Train Epoch: 56 [1200/4556 (26%)]	Loss: 0.000248
Train Epoch: 56 [1600/4556 (35%)]	Loss: 0.000044
Train Epoch: 56 [2000/4556 (44%)]	Loss: 0.000418
Train Epoch: 56 [2400/4556 (53%)]	Loss: 0.000029
Train Epoch: 56 [2800/4556 (61%)]	Loss: 0.000475
Train Epoch: 56 [3200/4556 (70%)]	Loss: 0.000095
Train Epoch: 56 [3600/4556 (79%)]	Loss: 0.000031
Train Epoch: 56 [4000/4556 (88%)]	Loss: 0.000039
Train Epoch: 56 [4400/4556 (96%)]	Loss: 0.000114
Test set: Average loss: 2.2042, Accuracy: 721/1139 (63%)
Train Epoch: 57 [0/4556 (0%)]	Loss: 0.000080
Train Epoch: 57 [400/4556 (9%)]	Loss: 0.000071
Train Epoch: 57 [800/4556 (18%)]	Loss: 0.000039
Train Epoch: 57 [1200/4556 (26%)]	Loss: 0.000120
Train Epoch: 57 [1600/4556 (35%)]	Loss: 0.000042
Train Epoch: 57 [2000/4556 (44%)]	Loss: 0.001267
Train Epoch: 57 [2400/4556 (53%)]	Loss: 0.003567
Train Epoch: 57 [2800/4556 (61%)]	Loss: 0.002108
Train Epoch: 57 [3200/4556 (70%)]	Loss: 0.000106
Train Epoch: 57 [3600/4556 (79%)]	Loss: 0.001952
Train Epoch: 57 [4000/4556 (88%)]	Loss: 0.006218
Train Epoch: 57 [4400/4556 (96%)]	Loss: 0.000093
Test set: Average loss: 2.2147, Accuracy: 695/1139 (61%)
Train Epoch: 58 [0/4556 (0%)]	Loss: 0.000196
Train Epoch: 58 [400/4556 (9%)]	Loss: 0.000553
Train Epoch: 58 [800/4556 (18%)]	Loss: 0.002127
Train Epoch: 58 [1200/4556 (26%)]	Loss: 0.000402
Train Epoch: 58 [1600/4556 (35%)]	Loss: 0.001526
Train Epoch: 58 [2000/4556 (44%)]	Loss: 0.000069
Train Epoch: 58 [2400/4556 (53%)]	Loss: 0.000292
Train Epoch: 58 [2800/4556 (61%)]	Loss: 0.000458
Train Epoch: 58 [3200/4556 (70%)]	Loss: 0.000788
Train Epoch: 58 [3600/4556 (79%)]	Loss: 0.001498
Train Epoch: 58 [4000/4556 (88%)]	Loss: 0.000735
Train Epoch: 58 [4400/4556 (96%)]	Loss: 0.000907
Test set: Average loss: 2.3069, Accuracy: 677/1139 (59%)
Train Epoch: 59 [0/4556 (0%)]	Loss: 0.004038
Train Epoch: 59 [400/4556 (9%)]	Loss: 0.000189
Train Epoch: 59 [800/4556 (18%)]	Loss: 0.000482
Train Epoch: 59 [1200/4556 (26%)]	Loss: 0.000241
Train Epoch: 59 [1600/4556 (35%)]	Loss: 0.000162
Train Epoch: 59 [2000/4556 (44%)]	Loss: 0.043501
Train Epoch: 59 [2400/4556 (53%)]	Loss: 0.000175
Train Epoch: 59 [2800/4556 (61%)]	Loss: 0.001968
Train Epoch: 59 [3200/4556 (70%)]	Loss: 0.000101
Train Epoch: 59 [3600/4556 (79%)]	Loss: 0.000995
Train Epoch: 59 [4000/4556 (88%)]	Loss: 0.000125
Train Epoch: 59 [4400/4556 (96%)]	Loss: 0.000573
Test set: Average loss: 2.3093, Accuracy: 699/1139 (61%)
Train Epoch: 60 [0/4556 (0%)]	Loss: 0.000201
Train Epoch: 60 [400/4556 (9%)]	Loss: 0.000061
Train Epoch: 60 [800/4556 (18%)]	Loss: 0.001778
Train Epoch: 60 [1200/4556 (26%)]	Loss: 0.000164
Train Epoch: 60 [1600/4556 (35%)]	Loss: 0.000107
Train Epoch: 60 [2000/4556 (44%)]	Loss: 0.000305
Train Epoch: 60 [2400/4556 (53%)]	Loss: 0.000108
Train Epoch: 60 [2800/4556 (61%)]	Loss: 0.000121
Train Epoch: 60 [3200/4556 (70%)]	Loss: 0.000374
Train Epoch: 60 [3600/4556 (79%)]	Loss: 0.000091
Train Epoch: 60 [4000/4556 (88%)]	Loss: 0.000041
Train Epoch: 60 [4400/4556 (96%)]	Loss: 0.000267
Test set: Average loss: 2.2830, Accuracy: 699/1139 (61%)
