getting datasets
finished
trainning pant_length_labels:
Train Epoch: 1 [0/5968 (0%)]	Loss: 1.859817
Train Epoch: 1 [400/5968 (7%)]	Loss: 1.721737
Train Epoch: 1 [800/5968 (13%)]	Loss: 1.658850
Train Epoch: 1 [1200/5968 (20%)]	Loss: 1.399380
Train Epoch: 1 [1600/5968 (27%)]	Loss: 1.283064
Train Epoch: 1 [2000/5968 (33%)]	Loss: 1.232647
Train Epoch: 1 [2400/5968 (40%)]	Loss: 1.124323
Train Epoch: 1 [2800/5968 (47%)]	Loss: 0.923175
Train Epoch: 1 [3200/5968 (53%)]	Loss: 0.784874
Train Epoch: 1 [3600/5968 (60%)]	Loss: 0.817546
Train Epoch: 1 [4000/5968 (67%)]	Loss: 0.814031
Train Epoch: 1 [4400/5968 (73%)]	Loss: 0.762443
Train Epoch: 1 [4800/5968 (80%)]	Loss: 0.883104
Train Epoch: 1 [5200/5968 (87%)]	Loss: 1.016216
Train Epoch: 1 [5600/5968 (93%)]	Loss: 0.832157
Test set: Average loss: 0.8264, Accuracy: 1013/1492 (67%)
Train Epoch: 2 [0/5968 (0%)]	Loss: 0.599868
Train Epoch: 2 [400/5968 (7%)]	Loss: 0.644948
Train Epoch: 2 [800/5968 (13%)]	Loss: 0.512968
Train Epoch: 2 [1200/5968 (20%)]	Loss: 0.726537
Train Epoch: 2 [1600/5968 (27%)]	Loss: 0.615719
Train Epoch: 2 [2000/5968 (33%)]	Loss: 0.763029
Train Epoch: 2 [2400/5968 (40%)]	Loss: 0.653364
Train Epoch: 2 [2800/5968 (47%)]	Loss: 0.924280
Train Epoch: 2 [3200/5968 (53%)]	Loss: 0.674915
Train Epoch: 2 [3600/5968 (60%)]	Loss: 0.591700
Train Epoch: 2 [4000/5968 (67%)]	Loss: 0.465711
Train Epoch: 2 [4400/5968 (73%)]	Loss: 0.481844
Train Epoch: 2 [4800/5968 (80%)]	Loss: 0.434041
Train Epoch: 2 [5200/5968 (87%)]	Loss: 0.325218
Train Epoch: 2 [5600/5968 (93%)]	Loss: 0.587425
Test set: Average loss: 0.7961, Accuracy: 1039/1492 (69%)
Train Epoch: 3 [0/5968 (0%)]	Loss: 0.323640
Train Epoch: 3 [400/5968 (7%)]	Loss: 0.519334
Train Epoch: 3 [800/5968 (13%)]	Loss: 0.555635
Train Epoch: 3 [1200/5968 (20%)]	Loss: 0.361773
Train Epoch: 3 [1600/5968 (27%)]	Loss: 0.476947
Train Epoch: 3 [2000/5968 (33%)]	Loss: 0.304358
Train Epoch: 3 [2400/5968 (40%)]	Loss: 0.420295
Train Epoch: 3 [2800/5968 (47%)]	Loss: 0.319077
Train Epoch: 3 [3200/5968 (53%)]	Loss: 0.538197
Train Epoch: 3 [3600/5968 (60%)]	Loss: 0.625949
Train Epoch: 3 [4000/5968 (67%)]	Loss: 0.419296
Train Epoch: 3 [4400/5968 (73%)]	Loss: 0.316484
Train Epoch: 3 [4800/5968 (80%)]	Loss: 0.444317
Train Epoch: 3 [5200/5968 (87%)]	Loss: 0.250697
Train Epoch: 3 [5600/5968 (93%)]	Loss: 0.312990
Test set: Average loss: 0.7994, Accuracy: 1049/1492 (70%)
Train Epoch: 4 [0/5968 (0%)]	Loss: 0.434704
Train Epoch: 4 [400/5968 (7%)]	Loss: 0.212599
Train Epoch: 4 [800/5968 (13%)]	Loss: 0.145281
Train Epoch: 4 [1200/5968 (20%)]	Loss: 0.122715
Train Epoch: 4 [1600/5968 (27%)]	Loss: 0.208808
Train Epoch: 4 [2000/5968 (33%)]	Loss: 0.126724
Train Epoch: 4 [2400/5968 (40%)]	Loss: 0.109459
Train Epoch: 4 [2800/5968 (47%)]	Loss: 0.187030
Train Epoch: 4 [3200/5968 (53%)]	Loss: 0.194536
Train Epoch: 4 [3600/5968 (60%)]	Loss: 0.140520
Train Epoch: 4 [4000/5968 (67%)]	Loss: 0.196184
Train Epoch: 4 [4400/5968 (73%)]	Loss: 0.098222
Train Epoch: 4 [4800/5968 (80%)]	Loss: 0.099125
Train Epoch: 4 [5200/5968 (87%)]	Loss: 0.275839
Train Epoch: 4 [5600/5968 (93%)]	Loss: 0.168420
Test set: Average loss: 0.9070, Accuracy: 1050/1492 (70%)
Train Epoch: 5 [0/5968 (0%)]	Loss: 0.073930
Train Epoch: 5 [400/5968 (7%)]	Loss: 0.162806
Train Epoch: 5 [800/5968 (13%)]	Loss: 0.093085
Train Epoch: 5 [1200/5968 (20%)]	Loss: 0.142381
Train Epoch: 5 [1600/5968 (27%)]	Loss: 0.053303
Train Epoch: 5 [2000/5968 (33%)]	Loss: 0.097352
Train Epoch: 5 [2400/5968 (40%)]	Loss: 0.102744
Train Epoch: 5 [2800/5968 (47%)]	Loss: 0.192943
Train Epoch: 5 [3200/5968 (53%)]	Loss: 0.160149
Train Epoch: 5 [3600/5968 (60%)]	Loss: 0.122875
Train Epoch: 5 [4000/5968 (67%)]	Loss: 0.031093
Train Epoch: 5 [4400/5968 (73%)]	Loss: 0.093892
Train Epoch: 5 [4800/5968 (80%)]	Loss: 0.076069
Train Epoch: 5 [5200/5968 (87%)]	Loss: 0.165976
Train Epoch: 5 [5600/5968 (93%)]	Loss: 0.168128
Test set: Average loss: 1.0122, Accuracy: 1052/1492 (70%)
Train Epoch: 6 [0/5968 (0%)]	Loss: 0.069121
Train Epoch: 6 [400/5968 (7%)]	Loss: 0.198536
Train Epoch: 6 [800/5968 (13%)]	Loss: 0.056230
Train Epoch: 6 [1200/5968 (20%)]	Loss: 0.106355
Train Epoch: 6 [1600/5968 (27%)]	Loss: 0.112543
Train Epoch: 6 [2000/5968 (33%)]	Loss: 0.031353
Train Epoch: 6 [2400/5968 (40%)]	Loss: 0.070913
Train Epoch: 6 [2800/5968 (47%)]	Loss: 0.046155
Train Epoch: 6 [3200/5968 (53%)]	Loss: 0.181334
Train Epoch: 6 [3600/5968 (60%)]	Loss: 0.032161
Train Epoch: 6 [4000/5968 (67%)]	Loss: 0.113496
Train Epoch: 6 [4400/5968 (73%)]	Loss: 0.023143
Train Epoch: 6 [4800/5968 (80%)]	Loss: 0.141437
Train Epoch: 6 [5200/5968 (87%)]	Loss: 0.019112
Train Epoch: 6 [5600/5968 (93%)]	Loss: 0.063024
Test set: Average loss: 0.9749, Accuracy: 1109/1492 (74%)
Train Epoch: 7 [0/5968 (0%)]	Loss: 0.230919
Train Epoch: 7 [400/5968 (7%)]	Loss: 0.016557
Train Epoch: 7 [800/5968 (13%)]	Loss: 0.025625
Train Epoch: 7 [1200/5968 (20%)]	Loss: 0.033826
Train Epoch: 7 [1600/5968 (27%)]	Loss: 0.128323
Train Epoch: 7 [2000/5968 (33%)]	Loss: 0.024785
Train Epoch: 7 [2400/5968 (40%)]	Loss: 0.043734
Train Epoch: 7 [2800/5968 (47%)]	Loss: 0.088328
Train Epoch: 7 [3200/5968 (53%)]	Loss: 0.048053
Train Epoch: 7 [3600/5968 (60%)]	Loss: 0.018304
Train Epoch: 7 [4000/5968 (67%)]	Loss: 0.101690
Train Epoch: 7 [4400/5968 (73%)]	Loss: 0.018139
Train Epoch: 7 [4800/5968 (80%)]	Loss: 0.104114
Train Epoch: 7 [5200/5968 (87%)]	Loss: 0.062754
Train Epoch: 7 [5600/5968 (93%)]	Loss: 0.014950
Test set: Average loss: 0.8543, Accuracy: 1164/1492 (78%)
Train Epoch: 8 [0/5968 (0%)]	Loss: 0.022979
Train Epoch: 8 [400/5968 (7%)]	Loss: 0.012311
Train Epoch: 8 [800/5968 (13%)]	Loss: 0.028699
Train Epoch: 8 [1200/5968 (20%)]	Loss: 0.029469
Train Epoch: 8 [1600/5968 (27%)]	Loss: 0.006497
Train Epoch: 8 [2000/5968 (33%)]	Loss: 0.029702
Train Epoch: 8 [2400/5968 (40%)]	Loss: 0.016055
Train Epoch: 8 [2800/5968 (47%)]	Loss: 0.022875
Train Epoch: 8 [3200/5968 (53%)]	Loss: 0.010658
Train Epoch: 8 [3600/5968 (60%)]	Loss: 0.123259
Train Epoch: 8 [4000/5968 (67%)]	Loss: 0.023113
Train Epoch: 8 [4400/5968 (73%)]	Loss: 0.104294
Train Epoch: 8 [4800/5968 (80%)]	Loss: 0.040863
Train Epoch: 8 [5200/5968 (87%)]	Loss: 0.058049
Train Epoch: 8 [5600/5968 (93%)]	Loss: 0.026536
Test set: Average loss: 1.0199, Accuracy: 1086/1492 (72%)
Train Epoch: 9 [0/5968 (0%)]	Loss: 0.084061
Train Epoch: 9 [400/5968 (7%)]	Loss: 0.055484
Train Epoch: 9 [800/5968 (13%)]	Loss: 0.046644
Train Epoch: 9 [1200/5968 (20%)]	Loss: 0.217677
Train Epoch: 9 [1600/5968 (27%)]	Loss: 0.006553
Train Epoch: 9 [2000/5968 (33%)]	Loss: 0.012032
Train Epoch: 9 [2400/5968 (40%)]	Loss: 0.019132
Train Epoch: 9 [2800/5968 (47%)]	Loss: 0.046444
Train Epoch: 9 [3200/5968 (53%)]	Loss: 0.004801
Train Epoch: 9 [3600/5968 (60%)]	Loss: 0.053683
Train Epoch: 9 [4000/5968 (67%)]	Loss: 0.049382
Train Epoch: 9 [4400/5968 (73%)]	Loss: 0.010276
Train Epoch: 9 [4800/5968 (80%)]	Loss: 0.022263
Train Epoch: 9 [5200/5968 (87%)]	Loss: 0.059775
Train Epoch: 9 [5600/5968 (93%)]	Loss: 0.094194
Test set: Average loss: 0.8710, Accuracy: 1154/1492 (77%)
Train Epoch: 10 [0/5968 (0%)]	Loss: 0.004571
Train Epoch: 10 [400/5968 (7%)]	Loss: 0.008914
Train Epoch: 10 [800/5968 (13%)]	Loss: 0.002618
Train Epoch: 10 [1200/5968 (20%)]	Loss: 0.001965
Train Epoch: 10 [1600/5968 (27%)]	Loss: 0.033984
Train Epoch: 10 [2000/5968 (33%)]	Loss: 0.002072
Train Epoch: 10 [2400/5968 (40%)]	Loss: 0.023381
Train Epoch: 10 [2800/5968 (47%)]	Loss: 0.013088
Train Epoch: 10 [3200/5968 (53%)]	Loss: 0.116604
Train Epoch: 10 [3600/5968 (60%)]	Loss: 0.082527
Train Epoch: 10 [4000/5968 (67%)]	Loss: 0.022746
Train Epoch: 10 [4400/5968 (73%)]	Loss: 0.004203
Train Epoch: 10 [4800/5968 (80%)]	Loss: 0.032263
Train Epoch: 10 [5200/5968 (87%)]	Loss: 0.011912
Train Epoch: 10 [5600/5968 (93%)]	Loss: 0.059884
Test set: Average loss: 0.9835, Accuracy: 1128/1492 (75%)
Train Epoch: 11 [0/5968 (0%)]	Loss: 0.006527
Train Epoch: 11 [400/5968 (7%)]	Loss: 0.014006
Train Epoch: 11 [800/5968 (13%)]	Loss: 0.011769
Train Epoch: 11 [1200/5968 (20%)]	Loss: 0.008160
Train Epoch: 11 [1600/5968 (27%)]	Loss: 0.065089
Train Epoch: 11 [2000/5968 (33%)]	Loss: 0.030721
Train Epoch: 11 [2400/5968 (40%)]	Loss: 0.021086
Train Epoch: 11 [2800/5968 (47%)]	Loss: 0.006304
Train Epoch: 11 [3200/5968 (53%)]	Loss: 0.004090
Train Epoch: 11 [3600/5968 (60%)]	Loss: 0.035444
Train Epoch: 11 [4000/5968 (67%)]	Loss: 0.003295
Train Epoch: 11 [4400/5968 (73%)]	Loss: 0.003515
Train Epoch: 11 [4800/5968 (80%)]	Loss: 0.053720
Train Epoch: 11 [5200/5968 (87%)]	Loss: 0.023040
Train Epoch: 11 [5600/5968 (93%)]	Loss: 0.009610
Test set: Average loss: 1.1532, Accuracy: 1098/1492 (73%)
Train Epoch: 12 [0/5968 (0%)]	Loss: 0.072483
Train Epoch: 12 [400/5968 (7%)]	Loss: 0.022064
Train Epoch: 12 [800/5968 (13%)]	Loss: 0.015108
Train Epoch: 12 [1200/5968 (20%)]	Loss: 0.006960
Train Epoch: 12 [1600/5968 (27%)]	Loss: 0.077922
Train Epoch: 12 [2000/5968 (33%)]	Loss: 0.002087
Train Epoch: 12 [2400/5968 (40%)]	Loss: 0.009252
Train Epoch: 12 [2800/5968 (47%)]	Loss: 0.007410
Train Epoch: 12 [3200/5968 (53%)]	Loss: 0.006299
Train Epoch: 12 [3600/5968 (60%)]	Loss: 0.002356
Train Epoch: 12 [4000/5968 (67%)]	Loss: 0.001137
Train Epoch: 12 [4400/5968 (73%)]	Loss: 0.057410
Train Epoch: 12 [4800/5968 (80%)]	Loss: 0.018902
Train Epoch: 12 [5200/5968 (87%)]	Loss: 0.008196
Train Epoch: 12 [5600/5968 (93%)]	Loss: 0.021908
Test set: Average loss: 0.9214, Accuracy: 1166/1492 (78%)
Train Epoch: 13 [0/5968 (0%)]	Loss: 0.008883
Train Epoch: 13 [400/5968 (7%)]	Loss: 0.001033
Train Epoch: 13 [800/5968 (13%)]	Loss: 0.001525
Train Epoch: 13 [1200/5968 (20%)]	Loss: 0.015944
Train Epoch: 13 [1600/5968 (27%)]	Loss: 0.006661
Train Epoch: 13 [2000/5968 (33%)]	Loss: 0.052588
Train Epoch: 13 [2400/5968 (40%)]	Loss: 0.012095
Train Epoch: 13 [2800/5968 (47%)]	Loss: 0.023986
Train Epoch: 13 [3200/5968 (53%)]	Loss: 0.002842
Train Epoch: 13 [3600/5968 (60%)]	Loss: 0.009108
Train Epoch: 13 [4000/5968 (67%)]	Loss: 0.014245
Train Epoch: 13 [4400/5968 (73%)]	Loss: 0.043613
Train Epoch: 13 [4800/5968 (80%)]	Loss: 0.004870
Train Epoch: 13 [5200/5968 (87%)]	Loss: 0.007991
Train Epoch: 13 [5600/5968 (93%)]	Loss: 0.011293
Test set: Average loss: 1.0957, Accuracy: 1149/1492 (77%)
Train Epoch: 14 [0/5968 (0%)]	Loss: 0.002893
Train Epoch: 14 [400/5968 (7%)]	Loss: 0.003240
Train Epoch: 14 [800/5968 (13%)]	Loss: 0.003319
Train Epoch: 14 [1200/5968 (20%)]	Loss: 0.002189
Train Epoch: 14 [1600/5968 (27%)]	Loss: 0.014927
Train Epoch: 14 [2000/5968 (33%)]	Loss: 0.001452
Train Epoch: 14 [2400/5968 (40%)]	Loss: 0.009252
Train Epoch: 14 [2800/5968 (47%)]	Loss: 0.001023
Train Epoch: 14 [3200/5968 (53%)]	Loss: 0.003489
Train Epoch: 14 [3600/5968 (60%)]	Loss: 0.003406
Train Epoch: 14 [4000/5968 (67%)]	Loss: 0.016899
Train Epoch: 14 [4400/5968 (73%)]	Loss: 0.028658
Train Epoch: 14 [4800/5968 (80%)]	Loss: 0.006372
Train Epoch: 14 [5200/5968 (87%)]	Loss: 0.010928
Train Epoch: 14 [5600/5968 (93%)]	Loss: 0.016858
Test set: Average loss: 0.9937, Accuracy: 1173/1492 (78%)
Train Epoch: 15 [0/5968 (0%)]	Loss: 0.054480
Train Epoch: 15 [400/5968 (7%)]	Loss: 0.003396
Train Epoch: 15 [800/5968 (13%)]	Loss: 0.030490
Train Epoch: 15 [1200/5968 (20%)]	Loss: 0.001758
Train Epoch: 15 [1600/5968 (27%)]	Loss: 0.011882
Train Epoch: 15 [2000/5968 (33%)]	Loss: 0.003691
Train Epoch: 15 [2400/5968 (40%)]	Loss: 0.016639
Train Epoch: 15 [2800/5968 (47%)]	Loss: 0.020253
Train Epoch: 15 [3200/5968 (53%)]	Loss: 0.009676
Train Epoch: 15 [3600/5968 (60%)]	Loss: 0.000484
Train Epoch: 15 [4000/5968 (67%)]	Loss: 0.000765
Train Epoch: 15 [4400/5968 (73%)]	Loss: 0.011472
Train Epoch: 15 [4800/5968 (80%)]	Loss: 0.003821
Train Epoch: 15 [5200/5968 (87%)]	Loss: 0.007790
Train Epoch: 15 [5600/5968 (93%)]	Loss: 0.003038
Test set: Average loss: 0.9807, Accuracy: 1169/1492 (78%)
Train Epoch: 16 [0/5968 (0%)]	Loss: 0.001439
Train Epoch: 16 [400/5968 (7%)]	Loss: 0.005313
Train Epoch: 16 [800/5968 (13%)]	Loss: 0.001349
Train Epoch: 16 [1200/5968 (20%)]	Loss: 0.001203
Train Epoch: 16 [1600/5968 (27%)]	Loss: 0.002767
Train Epoch: 16 [2000/5968 (33%)]	Loss: 0.036615
Train Epoch: 16 [2400/5968 (40%)]	Loss: 0.017739
Train Epoch: 16 [2800/5968 (47%)]	Loss: 0.016079
Train Epoch: 16 [3200/5968 (53%)]	Loss: 0.003403
Train Epoch: 16 [3600/5968 (60%)]	Loss: 0.006945
Train Epoch: 16 [4000/5968 (67%)]	Loss: 0.002179
Train Epoch: 16 [4400/5968 (73%)]	Loss: 0.009522
Train Epoch: 16 [4800/5968 (80%)]	Loss: 0.006168
Train Epoch: 16 [5200/5968 (87%)]	Loss: 0.002254
Train Epoch: 16 [5600/5968 (93%)]	Loss: 0.001048
Test set: Average loss: 1.5722, Accuracy: 1031/1492 (69%)
Train Epoch: 17 [0/5968 (0%)]	Loss: 0.149707
Train Epoch: 17 [400/5968 (7%)]	Loss: 0.052214
Train Epoch: 17 [800/5968 (13%)]	Loss: 0.015944
Train Epoch: 17 [1200/5968 (20%)]	Loss: 0.012906
Train Epoch: 17 [1600/5968 (27%)]	Loss: 0.010457
Train Epoch: 17 [2000/5968 (33%)]	Loss: 0.033963
Train Epoch: 17 [2400/5968 (40%)]	Loss: 0.048705
Train Epoch: 17 [2800/5968 (47%)]	Loss: 0.040127
Train Epoch: 17 [3200/5968 (53%)]	Loss: 0.106758
Train Epoch: 17 [3600/5968 (60%)]	Loss: 0.015728
Train Epoch: 17 [4000/5968 (67%)]	Loss: 0.109666
Train Epoch: 17 [4400/5968 (73%)]	Loss: 0.169111
Train Epoch: 17 [4800/5968 (80%)]	Loss: 0.046865
Train Epoch: 17 [5200/5968 (87%)]	Loss: 0.092186
Train Epoch: 17 [5600/5968 (93%)]	Loss: 0.026732
Test set: Average loss: 1.0188, Accuracy: 1133/1492 (75%)
Train Epoch: 18 [0/5968 (0%)]	Loss: 0.034167
Train Epoch: 18 [400/5968 (7%)]	Loss: 0.009796
Train Epoch: 18 [800/5968 (13%)]	Loss: 0.016735
Train Epoch: 18 [1200/5968 (20%)]	Loss: 0.002529
Train Epoch: 18 [1600/5968 (27%)]	Loss: 0.026597
Train Epoch: 18 [2000/5968 (33%)]	Loss: 0.002242
Train Epoch: 18 [2400/5968 (40%)]	Loss: 0.017214
Train Epoch: 18 [2800/5968 (47%)]	Loss: 0.003952
Train Epoch: 18 [3200/5968 (53%)]	Loss: 0.006415
Train Epoch: 18 [3600/5968 (60%)]	Loss: 0.010442
Train Epoch: 18 [4000/5968 (67%)]	Loss: 0.016900
Train Epoch: 18 [4400/5968 (73%)]	Loss: 0.002444
Train Epoch: 18 [4800/5968 (80%)]	Loss: 0.042578
Train Epoch: 18 [5200/5968 (87%)]	Loss: 0.028337
Train Epoch: 18 [5600/5968 (93%)]	Loss: 0.039911
Test set: Average loss: 1.4863, Accuracy: 1050/1492 (70%)
Train Epoch: 19 [0/5968 (0%)]	Loss: 0.284922
Train Epoch: 19 [400/5968 (7%)]	Loss: 0.016350
Train Epoch: 19 [800/5968 (13%)]	Loss: 0.024107
Train Epoch: 19 [1200/5968 (20%)]	Loss: 0.056886
Train Epoch: 19 [1600/5968 (27%)]	Loss: 0.003290
Train Epoch: 19 [2000/5968 (33%)]	Loss: 0.005328
Train Epoch: 19 [2400/5968 (40%)]	Loss: 0.013566
Train Epoch: 19 [2800/5968 (47%)]	Loss: 0.004435
Train Epoch: 19 [3200/5968 (53%)]	Loss: 0.001313
Train Epoch: 19 [3600/5968 (60%)]	Loss: 0.009119
Train Epoch: 19 [4000/5968 (67%)]	Loss: 0.041807
Train Epoch: 19 [4400/5968 (73%)]	Loss: 0.009357
Train Epoch: 19 [4800/5968 (80%)]	Loss: 0.006023
Train Epoch: 19 [5200/5968 (87%)]	Loss: 0.015653
Train Epoch: 19 [5600/5968 (93%)]	Loss: 0.048191
Test set: Average loss: 1.0116, Accuracy: 1138/1492 (76%)
Train Epoch: 20 [0/5968 (0%)]	Loss: 0.044333
Train Epoch: 20 [400/5968 (7%)]	Loss: 0.046386
Train Epoch: 20 [800/5968 (13%)]	Loss: 0.044529
Train Epoch: 20 [1200/5968 (20%)]	Loss: 0.007140
Train Epoch: 20 [1600/5968 (27%)]	Loss: 0.002225
Train Epoch: 20 [2000/5968 (33%)]	Loss: 0.003830
Train Epoch: 20 [2400/5968 (40%)]	Loss: 0.016029
Train Epoch: 20 [2800/5968 (47%)]	Loss: 0.014615
Train Epoch: 20 [3200/5968 (53%)]	Loss: 0.003581
Train Epoch: 20 [3600/5968 (60%)]	Loss: 0.033970
Train Epoch: 20 [4000/5968 (67%)]	Loss: 0.003493
Train Epoch: 20 [4400/5968 (73%)]	Loss: 0.001980
Train Epoch: 20 [4800/5968 (80%)]	Loss: 0.005547
Train Epoch: 20 [5200/5968 (87%)]	Loss: 0.000507
Train Epoch: 20 [5600/5968 (93%)]	Loss: 0.001043
Test set: Average loss: 0.9365, Accuracy: 1165/1492 (78%)
Train Epoch: 21 [0/5968 (0%)]	Loss: 0.000309
Train Epoch: 21 [400/5968 (7%)]	Loss: 0.014901
Train Epoch: 21 [800/5968 (13%)]	Loss: 0.007711
Train Epoch: 21 [1200/5968 (20%)]	Loss: 0.000626
Train Epoch: 21 [1600/5968 (27%)]	Loss: 0.006505
Train Epoch: 21 [2000/5968 (33%)]	Loss: 0.001162
Train Epoch: 21 [2400/5968 (40%)]	Loss: 0.205812
Train Epoch: 21 [2800/5968 (47%)]	Loss: 0.004610
Train Epoch: 21 [3200/5968 (53%)]	Loss: 0.037854
Train Epoch: 21 [3600/5968 (60%)]	Loss: 0.000905
Train Epoch: 21 [4000/5968 (67%)]	Loss: 0.002154
Train Epoch: 21 [4400/5968 (73%)]	Loss: 0.001336
Train Epoch: 21 [4800/5968 (80%)]	Loss: 0.000452
Train Epoch: 21 [5200/5968 (87%)]	Loss: 0.001739
Train Epoch: 21 [5600/5968 (93%)]	Loss: 0.000460
Test set: Average loss: 0.9665, Accuracy: 1164/1492 (78%)
Train Epoch: 22 [0/5968 (0%)]	Loss: 0.004126
Train Epoch: 22 [400/5968 (7%)]	Loss: 0.003904
Train Epoch: 22 [800/5968 (13%)]	Loss: 0.001391
Train Epoch: 22 [1200/5968 (20%)]	Loss: 0.001057
Train Epoch: 22 [1600/5968 (27%)]	Loss: 0.016017
Train Epoch: 22 [2000/5968 (33%)]	Loss: 0.000739
Train Epoch: 22 [2400/5968 (40%)]	Loss: 0.002264
Train Epoch: 22 [2800/5968 (47%)]	Loss: 0.004736
Train Epoch: 22 [3200/5968 (53%)]	Loss: 0.000888
Train Epoch: 22 [3600/5968 (60%)]	Loss: 0.001725
Train Epoch: 22 [4000/5968 (67%)]	Loss: 0.002024
Train Epoch: 22 [4400/5968 (73%)]	Loss: 0.001999
Train Epoch: 22 [4800/5968 (80%)]	Loss: 0.001178
Train Epoch: 22 [5200/5968 (87%)]	Loss: 0.000991
Train Epoch: 22 [5600/5968 (93%)]	Loss: 0.002443
Test set: Average loss: 1.0047, Accuracy: 1177/1492 (78%)
Train Epoch: 23 [0/5968 (0%)]	Loss: 0.000753
Train Epoch: 23 [400/5968 (7%)]	Loss: 0.000242
Train Epoch: 23 [800/5968 (13%)]	Loss: 0.002346
Train Epoch: 23 [1200/5968 (20%)]	Loss: 0.000300
Train Epoch: 23 [1600/5968 (27%)]	Loss: 0.014992
Train Epoch: 23 [2000/5968 (33%)]	Loss: 0.000603
Train Epoch: 23 [2400/5968 (40%)]	Loss: 0.000457
Train Epoch: 23 [2800/5968 (47%)]	Loss: 0.002111
Train Epoch: 23 [3200/5968 (53%)]	Loss: 0.000744
Train Epoch: 23 [3600/5968 (60%)]	Loss: 0.002519
Train Epoch: 23 [4000/5968 (67%)]	Loss: 0.001623
Train Epoch: 23 [4400/5968 (73%)]	Loss: 0.001322
Train Epoch: 23 [4800/5968 (80%)]	Loss: 0.000502
Train Epoch: 23 [5200/5968 (87%)]	Loss: 0.000522
Train Epoch: 23 [5600/5968 (93%)]	Loss: 0.000871
Test set: Average loss: 1.0250, Accuracy: 1176/1492 (78%)
Train Epoch: 24 [0/5968 (0%)]	Loss: 0.000352
Train Epoch: 24 [400/5968 (7%)]	Loss: 0.000117
Train Epoch: 24 [800/5968 (13%)]	Loss: 0.001491
Train Epoch: 24 [1200/5968 (20%)]	Loss: 0.000553
Train Epoch: 24 [1600/5968 (27%)]	Loss: 0.016203
Train Epoch: 24 [2000/5968 (33%)]	Loss: 0.001266
Train Epoch: 24 [2400/5968 (40%)]	Loss: 0.000095
Train Epoch: 24 [2800/5968 (47%)]	Loss: 0.000269
Train Epoch: 24 [3200/5968 (53%)]	Loss: 0.000441
Train Epoch: 24 [3600/5968 (60%)]	Loss: 0.000724
Train Epoch: 24 [4000/5968 (67%)]	Loss: 0.000645
Train Epoch: 24 [4400/5968 (73%)]	Loss: 0.001294
Train Epoch: 24 [4800/5968 (80%)]	Loss: 0.000139
Train Epoch: 24 [5200/5968 (87%)]	Loss: 0.002078
Train Epoch: 24 [5600/5968 (93%)]	Loss: 0.000299
Test set: Average loss: 1.0523, Accuracy: 1179/1492 (79%)
Train Epoch: 25 [0/5968 (0%)]	Loss: 0.000513
Train Epoch: 25 [400/5968 (7%)]	Loss: 0.000375
Train Epoch: 25 [800/5968 (13%)]	Loss: 0.000189
Train Epoch: 25 [1200/5968 (20%)]	Loss: 0.000200
Train Epoch: 25 [1600/5968 (27%)]	Loss: 0.000099
Train Epoch: 25 [2000/5968 (33%)]	Loss: 0.000696
Train Epoch: 25 [2400/5968 (40%)]	Loss: 0.000483
Train Epoch: 25 [2800/5968 (47%)]	Loss: 0.000393
Train Epoch: 25 [3200/5968 (53%)]	Loss: 0.000244
Train Epoch: 25 [3600/5968 (60%)]	Loss: 0.000703
Train Epoch: 25 [4000/5968 (67%)]	Loss: 0.000972
Train Epoch: 25 [4400/5968 (73%)]	Loss: 0.001371
Train Epoch: 25 [4800/5968 (80%)]	Loss: 0.001216
Train Epoch: 25 [5200/5968 (87%)]	Loss: 0.000756
Train Epoch: 25 [5600/5968 (93%)]	Loss: 0.009124
Test set: Average loss: 1.0523, Accuracy: 1173/1492 (78%)
Train Epoch: 26 [0/5968 (0%)]	Loss: 0.000067
Train Epoch: 26 [400/5968 (7%)]	Loss: 0.000206
Train Epoch: 26 [800/5968 (13%)]	Loss: 0.000482
Train Epoch: 26 [1200/5968 (20%)]	Loss: 0.000691
Train Epoch: 26 [1600/5968 (27%)]	Loss: 0.000434
Train Epoch: 26 [2000/5968 (33%)]	Loss: 0.014754
Train Epoch: 26 [2400/5968 (40%)]	Loss: 0.058339
Train Epoch: 26 [2800/5968 (47%)]	Loss: 0.000359
Train Epoch: 26 [3200/5968 (53%)]	Loss: 0.000256
Train Epoch: 26 [3600/5968 (60%)]	Loss: 0.000217
Train Epoch: 26 [4000/5968 (67%)]	Loss: 0.000275
Train Epoch: 26 [4400/5968 (73%)]	Loss: 0.000364
Train Epoch: 26 [4800/5968 (80%)]	Loss: 0.000116
Train Epoch: 26 [5200/5968 (87%)]	Loss: 0.000253
Train Epoch: 26 [5600/5968 (93%)]	Loss: 0.001316
Test set: Average loss: 1.0440, Accuracy: 1190/1492 (79%)
Train Epoch: 27 [0/5968 (0%)]	Loss: 0.000212
Train Epoch: 27 [400/5968 (7%)]	Loss: 0.001543
Train Epoch: 27 [800/5968 (13%)]	Loss: 0.008035
Train Epoch: 27 [1200/5968 (20%)]	Loss: 0.000184
Train Epoch: 27 [1600/5968 (27%)]	Loss: 0.000382
Train Epoch: 27 [2000/5968 (33%)]	Loss: 0.000378
Train Epoch: 27 [2400/5968 (40%)]	Loss: 0.000110
Train Epoch: 27 [2800/5968 (47%)]	Loss: 0.000131
Train Epoch: 27 [3200/5968 (53%)]	Loss: 0.000314
Train Epoch: 27 [3600/5968 (60%)]	Loss: 0.003202
Train Epoch: 27 [4000/5968 (67%)]	Loss: 0.000119
Train Epoch: 27 [4400/5968 (73%)]	Loss: 0.000449
Train Epoch: 27 [4800/5968 (80%)]	Loss: 0.000834
Train Epoch: 27 [5200/5968 (87%)]	Loss: 0.000124
Train Epoch: 27 [5600/5968 (93%)]	Loss: 0.000304
Test set: Average loss: 1.1170, Accuracy: 1176/1492 (78%)
Train Epoch: 28 [0/5968 (0%)]	Loss: 0.000223
Train Epoch: 28 [400/5968 (7%)]	Loss: 0.027734
Train Epoch: 28 [800/5968 (13%)]	Loss: 0.000231
Train Epoch: 28 [1200/5968 (20%)]	Loss: 0.000445
Train Epoch: 28 [1600/5968 (27%)]	Loss: 0.000027
Train Epoch: 28 [2000/5968 (33%)]	Loss: 0.000538
Train Epoch: 28 [2400/5968 (40%)]	Loss: 0.000223
Train Epoch: 28 [2800/5968 (47%)]	Loss: 0.000174
Train Epoch: 28 [3200/5968 (53%)]	Loss: 0.015537
Train Epoch: 28 [3600/5968 (60%)]	Loss: 0.000097
Train Epoch: 28 [4000/5968 (67%)]	Loss: 0.004676
Train Epoch: 28 [4400/5968 (73%)]	Loss: 0.000063
Train Epoch: 28 [4800/5968 (80%)]	Loss: 0.000212
Train Epoch: 28 [5200/5968 (87%)]	Loss: 0.000184
Train Epoch: 28 [5600/5968 (93%)]	Loss: 0.000089
Test set: Average loss: 1.0916, Accuracy: 1174/1492 (78%)
Train Epoch: 29 [0/5968 (0%)]	Loss: 0.000177
Train Epoch: 29 [400/5968 (7%)]	Loss: 0.000162
Train Epoch: 29 [800/5968 (13%)]	Loss: 0.000245
Train Epoch: 29 [1200/5968 (20%)]	Loss: 0.000072
Train Epoch: 29 [1600/5968 (27%)]	Loss: 0.000096
Train Epoch: 29 [2000/5968 (33%)]	Loss: 0.000108
Train Epoch: 29 [2400/5968 (40%)]	Loss: 0.000221
Train Epoch: 29 [2800/5968 (47%)]	Loss: 0.000238
Train Epoch: 29 [3200/5968 (53%)]	Loss: 0.000247
Train Epoch: 29 [3600/5968 (60%)]	Loss: 0.000215
Train Epoch: 29 [4000/5968 (67%)]	Loss: 0.000452
Train Epoch: 29 [4400/5968 (73%)]	Loss: 0.000041
Train Epoch: 29 [4800/5968 (80%)]	Loss: 0.000049
Train Epoch: 29 [5200/5968 (87%)]	Loss: 0.000443
Train Epoch: 29 [5600/5968 (93%)]	Loss: 0.000272
Test set: Average loss: 1.1074, Accuracy: 1176/1492 (78%)
Train Epoch: 30 [0/5968 (0%)]	Loss: 0.000836
Train Epoch: 30 [400/5968 (7%)]	Loss: 0.000041
Train Epoch: 30 [800/5968 (13%)]	Loss: 0.000183
Train Epoch: 30 [1200/5968 (20%)]	Loss: 0.000040
Train Epoch: 30 [1600/5968 (27%)]	Loss: 0.000164
Train Epoch: 30 [2000/5968 (33%)]	Loss: 0.000104
Train Epoch: 30 [2400/5968 (40%)]	Loss: 0.000082
Train Epoch: 30 [2800/5968 (47%)]	Loss: 0.000454
Train Epoch: 30 [3200/5968 (53%)]	Loss: 0.000177
Train Epoch: 30 [3600/5968 (60%)]	Loss: 0.000436
Train Epoch: 30 [4000/5968 (67%)]	Loss: 0.000070
Train Epoch: 30 [4400/5968 (73%)]	Loss: 0.000236
Train Epoch: 30 [4800/5968 (80%)]	Loss: 0.000049
Train Epoch: 30 [5200/5968 (87%)]	Loss: 0.000119
Train Epoch: 30 [5600/5968 (93%)]	Loss: 0.000235
Test set: Average loss: 1.1201, Accuracy: 1187/1492 (79%)
Train Epoch: 31 [0/5968 (0%)]	Loss: 0.000465
Train Epoch: 31 [400/5968 (7%)]	Loss: 0.000106
Train Epoch: 31 [800/5968 (13%)]	Loss: 0.000099
Train Epoch: 31 [1200/5968 (20%)]	Loss: 0.000206
Train Epoch: 31 [1600/5968 (27%)]	Loss: 0.000167
Train Epoch: 31 [2000/5968 (33%)]	Loss: 0.000059
Train Epoch: 31 [2400/5968 (40%)]	Loss: 0.000461
Train Epoch: 31 [2800/5968 (47%)]	Loss: 0.022555
Train Epoch: 31 [3200/5968 (53%)]	Loss: 0.000547
Train Epoch: 31 [3600/5968 (60%)]	Loss: 0.000097
Train Epoch: 31 [4000/5968 (67%)]	Loss: 0.000104
Train Epoch: 31 [4400/5968 (73%)]	Loss: 0.000123
Train Epoch: 31 [4800/5968 (80%)]	Loss: 0.000231
Train Epoch: 31 [5200/5968 (87%)]	Loss: 0.000532
Train Epoch: 31 [5600/5968 (93%)]	Loss: 0.000130
Test set: Average loss: 1.0891, Accuracy: 1180/1492 (79%)
Train Epoch: 32 [0/5968 (0%)]	Loss: 0.000067
Train Epoch: 32 [400/5968 (7%)]	Loss: 0.000256
Train Epoch: 32 [800/5968 (13%)]	Loss: 0.000077
Train Epoch: 32 [1200/5968 (20%)]	Loss: 0.000469
Train Epoch: 32 [1600/5968 (27%)]	Loss: 0.000374
Train Epoch: 32 [2000/5968 (33%)]	Loss: 0.000104
Train Epoch: 32 [2400/5968 (40%)]	Loss: 0.000196
Train Epoch: 32 [2800/5968 (47%)]	Loss: 0.000051
Train Epoch: 32 [3200/5968 (53%)]	Loss: 0.000112
Train Epoch: 32 [3600/5968 (60%)]	Loss: 0.000103
Train Epoch: 32 [4000/5968 (67%)]	Loss: 0.000068
Train Epoch: 32 [4400/5968 (73%)]	Loss: 0.000050
Train Epoch: 32 [4800/5968 (80%)]	Loss: 0.000088
Train Epoch: 32 [5200/5968 (87%)]	Loss: 0.000080
Train Epoch: 32 [5600/5968 (93%)]	Loss: 0.000167
Test set: Average loss: 1.0895, Accuracy: 1181/1492 (79%)
Train Epoch: 33 [0/5968 (0%)]	Loss: 0.000165
Train Epoch: 33 [400/5968 (7%)]	Loss: 0.000091
Train Epoch: 33 [800/5968 (13%)]	Loss: 0.000192
Train Epoch: 33 [1200/5968 (20%)]	Loss: 0.000076
Train Epoch: 33 [1600/5968 (27%)]	Loss: 0.000179
Train Epoch: 33 [2000/5968 (33%)]	Loss: 0.006962
Train Epoch: 33 [2400/5968 (40%)]	Loss: 0.000441
Train Epoch: 33 [2800/5968 (47%)]	Loss: 0.000471
Train Epoch: 33 [3200/5968 (53%)]	Loss: 0.000038
Train Epoch: 33 [3600/5968 (60%)]	Loss: 0.000083
Train Epoch: 33 [4000/5968 (67%)]	Loss: 0.000098
Train Epoch: 33 [4400/5968 (73%)]	Loss: 0.000142
Train Epoch: 33 [4800/5968 (80%)]	Loss: 0.000067
Train Epoch: 33 [5200/5968 (87%)]	Loss: 0.000049
Train Epoch: 33 [5600/5968 (93%)]	Loss: 0.000030
Test set: Average loss: 1.2907, Accuracy: 1133/1492 (75%)
Train Epoch: 34 [0/5968 (0%)]	Loss: 0.003822
Train Epoch: 34 [400/5968 (7%)]	Loss: 0.135282
Train Epoch: 34 [800/5968 (13%)]	Loss: 0.170625
Train Epoch: 34 [1200/5968 (20%)]	Loss: 0.009757
Train Epoch: 34 [1600/5968 (27%)]	Loss: 0.134122
Train Epoch: 34 [2000/5968 (33%)]	Loss: 0.005033
Train Epoch: 34 [2400/5968 (40%)]	Loss: 0.247568
Train Epoch: 34 [2800/5968 (47%)]	Loss: 0.004521
Train Epoch: 34 [3200/5968 (53%)]	Loss: 0.001343
Train Epoch: 34 [3600/5968 (60%)]	Loss: 0.004777
Train Epoch: 34 [4000/5968 (67%)]	Loss: 0.012397
Train Epoch: 34 [4400/5968 (73%)]	Loss: 0.001272
Train Epoch: 34 [4800/5968 (80%)]	Loss: 0.034339
Train Epoch: 34 [5200/5968 (87%)]	Loss: 0.001054
Train Epoch: 34 [5600/5968 (93%)]	Loss: 0.006402
Test set: Average loss: 1.0519, Accuracy: 1147/1492 (76%)
Train Epoch: 35 [0/5968 (0%)]	Loss: 0.001431
Train Epoch: 35 [400/5968 (7%)]	Loss: 0.005074
Train Epoch: 35 [800/5968 (13%)]	Loss: 0.003777
Train Epoch: 35 [1200/5968 (20%)]	Loss: 0.006755
Train Epoch: 35 [1600/5968 (27%)]	Loss: 0.000789
Train Epoch: 35 [2000/5968 (33%)]	Loss: 0.004838
Train Epoch: 35 [2400/5968 (40%)]	Loss: 0.002457
Train Epoch: 35 [2800/5968 (47%)]	Loss: 0.001550
Train Epoch: 35 [3200/5968 (53%)]	Loss: 0.001004
Train Epoch: 35 [3600/5968 (60%)]	Loss: 0.003389
Train Epoch: 35 [4000/5968 (67%)]	Loss: 0.000932
Train Epoch: 35 [4400/5968 (73%)]	Loss: 0.004805
Train Epoch: 35 [4800/5968 (80%)]	Loss: 0.005960
Train Epoch: 35 [5200/5968 (87%)]	Loss: 0.001588
Train Epoch: 35 [5600/5968 (93%)]	Loss: 0.014239
Test set: Average loss: 1.0190, Accuracy: 1152/1492 (77%)
Train Epoch: 36 [0/5968 (0%)]	Loss: 0.001309
Train Epoch: 36 [400/5968 (7%)]	Loss: 0.008062
Train Epoch: 36 [800/5968 (13%)]	Loss: 0.001303
Train Epoch: 36 [1200/5968 (20%)]	Loss: 0.003184
Train Epoch: 36 [1600/5968 (27%)]	Loss: 0.000343
Train Epoch: 36 [2000/5968 (33%)]	Loss: 0.008904
Train Epoch: 36 [2400/5968 (40%)]	Loss: 0.000934
Train Epoch: 36 [2800/5968 (47%)]	Loss: 0.004403
Train Epoch: 36 [3200/5968 (53%)]	Loss: 0.000291
Train Epoch: 36 [3600/5968 (60%)]	Loss: 0.000793
Train Epoch: 36 [4000/5968 (67%)]	Loss: 0.001953
Train Epoch: 36 [4400/5968 (73%)]	Loss: 0.002766
Train Epoch: 36 [4800/5968 (80%)]	Loss: 0.009528
Train Epoch: 36 [5200/5968 (87%)]	Loss: 0.000943
Train Epoch: 36 [5600/5968 (93%)]	Loss: 0.001636
Test set: Average loss: 1.1312, Accuracy: 1143/1492 (76%)
Train Epoch: 37 [0/5968 (0%)]	Loss: 0.027167
Train Epoch: 37 [400/5968 (7%)]	Loss: 0.001635
Train Epoch: 37 [800/5968 (13%)]	Loss: 0.001294
Train Epoch: 37 [1200/5968 (20%)]	Loss: 0.001404
Train Epoch: 37 [1600/5968 (27%)]	Loss: 0.000223
Train Epoch: 37 [2000/5968 (33%)]	Loss: 0.000485
Train Epoch: 37 [2400/5968 (40%)]	Loss: 0.000445
Train Epoch: 37 [2800/5968 (47%)]	Loss: 0.001049
Train Epoch: 37 [3200/5968 (53%)]	Loss: 0.001233
Train Epoch: 37 [3600/5968 (60%)]	Loss: 0.001241
Train Epoch: 37 [4000/5968 (67%)]	Loss: 0.036285
Train Epoch: 37 [4400/5968 (73%)]	Loss: 0.000632
Train Epoch: 37 [4800/5968 (80%)]	Loss: 0.002441
Train Epoch: 37 [5200/5968 (87%)]	Loss: 0.001685
Train Epoch: 37 [5600/5968 (93%)]	Loss: 0.008723
Test set: Average loss: 1.1448, Accuracy: 1140/1492 (76%)
Train Epoch: 38 [0/5968 (0%)]	Loss: 0.000726
Train Epoch: 38 [400/5968 (7%)]	Loss: 0.002883
Train Epoch: 38 [800/5968 (13%)]	Loss: 0.001952
Train Epoch: 38 [1200/5968 (20%)]	Loss: 0.001485
Train Epoch: 38 [1600/5968 (27%)]	Loss: 0.001675
Train Epoch: 38 [2000/5968 (33%)]	Loss: 0.040310
Train Epoch: 38 [2400/5968 (40%)]	Loss: 0.000968
Train Epoch: 38 [2800/5968 (47%)]	Loss: 0.000930
Train Epoch: 38 [3200/5968 (53%)]	Loss: 0.003039
Train Epoch: 38 [3600/5968 (60%)]	Loss: 0.003655
Train Epoch: 38 [4000/5968 (67%)]	Loss: 0.008096
Train Epoch: 38 [4400/5968 (73%)]	Loss: 0.005052
Train Epoch: 38 [4800/5968 (80%)]	Loss: 0.001668
Train Epoch: 38 [5200/5968 (87%)]	Loss: 0.002928
Train Epoch: 38 [5600/5968 (93%)]	Loss: 0.000855
Test set: Average loss: 1.0676, Accuracy: 1161/1492 (77%)
Train Epoch: 39 [0/5968 (0%)]	Loss: 0.003005
Train Epoch: 39 [400/5968 (7%)]	Loss: 0.000431
Train Epoch: 39 [800/5968 (13%)]	Loss: 0.000520
Train Epoch: 39 [1200/5968 (20%)]	Loss: 0.000404
Train Epoch: 39 [1600/5968 (27%)]	Loss: 0.000552
Train Epoch: 39 [2000/5968 (33%)]	Loss: 0.000766
Train Epoch: 39 [2400/5968 (40%)]	Loss: 0.002570
Train Epoch: 39 [2800/5968 (47%)]	Loss: 0.000233
Train Epoch: 39 [3200/5968 (53%)]	Loss: 0.001089
Train Epoch: 39 [3600/5968 (60%)]	Loss: 0.004346
Train Epoch: 39 [4000/5968 (67%)]	Loss: 0.000583
Train Epoch: 39 [4400/5968 (73%)]	Loss: 0.002668
Train Epoch: 39 [4800/5968 (80%)]	Loss: 0.000727
Train Epoch: 39 [5200/5968 (87%)]	Loss: 0.000172
Train Epoch: 39 [5600/5968 (93%)]	Loss: 0.000400
Test set: Average loss: 1.0543, Accuracy: 1172/1492 (78%)
Train Epoch: 40 [0/5968 (0%)]	Loss: 0.001646
Train Epoch: 40 [400/5968 (7%)]	Loss: 0.000482
Train Epoch: 40 [800/5968 (13%)]	Loss: 0.000291
Train Epoch: 40 [1200/5968 (20%)]	Loss: 0.000231
Train Epoch: 40 [1600/5968 (27%)]	Loss: 0.000525
Train Epoch: 40 [2000/5968 (33%)]	Loss: 0.000864
Train Epoch: 40 [2400/5968 (40%)]	Loss: 0.003426
Train Epoch: 40 [2800/5968 (47%)]	Loss: 0.000494
Train Epoch: 40 [3200/5968 (53%)]	Loss: 0.005795
Train Epoch: 40 [3600/5968 (60%)]	Loss: 0.000439
Train Epoch: 40 [4000/5968 (67%)]	Loss: 0.000192
Train Epoch: 40 [4400/5968 (73%)]	Loss: 0.000341
Train Epoch: 40 [4800/5968 (80%)]	Loss: 0.000741
Train Epoch: 40 [5200/5968 (87%)]	Loss: 0.009563
Train Epoch: 40 [5600/5968 (93%)]	Loss: 0.000251
Test set: Average loss: 2.5809, Accuracy: 890/1492 (59%)
Train Epoch: 41 [0/5968 (0%)]	Loss: 0.106968
Train Epoch: 41 [400/5968 (7%)]	Loss: 0.198999
Train Epoch: 41 [800/5968 (13%)]	Loss: 0.047350
Train Epoch: 41 [1200/5968 (20%)]	Loss: 0.029047
Train Epoch: 41 [1600/5968 (27%)]	Loss: 0.034851
Train Epoch: 41 [2000/5968 (33%)]	Loss: 0.002000
Train Epoch: 41 [2400/5968 (40%)]	Loss: 0.191057
Train Epoch: 41 [2800/5968 (47%)]	Loss: 0.010419
Train Epoch: 41 [3200/5968 (53%)]	Loss: 0.001789
Train Epoch: 41 [3600/5968 (60%)]	Loss: 0.002454
Train Epoch: 41 [4000/5968 (67%)]	Loss: 0.008277
Train Epoch: 41 [4400/5968 (73%)]	Loss: 0.002545
Train Epoch: 41 [4800/5968 (80%)]	Loss: 0.001263
Train Epoch: 41 [5200/5968 (87%)]	Loss: 0.001201
Train Epoch: 41 [5600/5968 (93%)]	Loss: 0.023876
Test set: Average loss: 1.6924, Accuracy: 887/1492 (59%)
Train Epoch: 42 [0/5968 (0%)]	Loss: 0.133580
Train Epoch: 42 [400/5968 (7%)]	Loss: 0.138260
Train Epoch: 42 [800/5968 (13%)]	Loss: 0.322361
Train Epoch: 42 [1200/5968 (20%)]	Loss: 0.031974
Train Epoch: 42 [1600/5968 (27%)]	Loss: 0.049975
Train Epoch: 42 [2000/5968 (33%)]	Loss: 0.039170
Train Epoch: 42 [2400/5968 (40%)]	Loss: 0.033814
Train Epoch: 42 [2800/5968 (47%)]	Loss: 0.003434
Train Epoch: 42 [3200/5968 (53%)]	Loss: 0.019105
Train Epoch: 42 [3600/5968 (60%)]	Loss: 0.040352
Train Epoch: 42 [4000/5968 (67%)]	Loss: 0.019699
Train Epoch: 42 [4400/5968 (73%)]	Loss: 0.002452
Train Epoch: 42 [4800/5968 (80%)]	Loss: 0.021450
Train Epoch: 42 [5200/5968 (87%)]	Loss: 0.001279
Train Epoch: 42 [5600/5968 (93%)]	Loss: 0.155163
Test set: Average loss: 0.9988, Accuracy: 1158/1492 (77%)
Train Epoch: 43 [0/5968 (0%)]	Loss: 0.001170
Train Epoch: 43 [400/5968 (7%)]	Loss: 0.001916
Train Epoch: 43 [800/5968 (13%)]	Loss: 0.059518
Train Epoch: 43 [1200/5968 (20%)]	Loss: 0.017912
Train Epoch: 43 [1600/5968 (27%)]	Loss: 0.007182
Train Epoch: 43 [2000/5968 (33%)]	Loss: 0.002020
Train Epoch: 43 [2400/5968 (40%)]	Loss: 0.002500
Train Epoch: 43 [2800/5968 (47%)]	Loss: 0.002590
Train Epoch: 43 [3200/5968 (53%)]	Loss: 0.007874
Train Epoch: 43 [3600/5968 (60%)]	Loss: 0.029108
Train Epoch: 43 [4000/5968 (67%)]	Loss: 0.000599
Train Epoch: 43 [4400/5968 (73%)]	Loss: 0.004950
Train Epoch: 43 [4800/5968 (80%)]	Loss: 0.001922
Train Epoch: 43 [5200/5968 (87%)]	Loss: 0.001590
Train Epoch: 43 [5600/5968 (93%)]	Loss: 0.001619
Test set: Average loss: 1.0088, Accuracy: 1160/1492 (77%)
Train Epoch: 44 [0/5968 (0%)]	Loss: 0.002695
Train Epoch: 44 [400/5968 (7%)]	Loss: 0.002883
Train Epoch: 44 [800/5968 (13%)]	Loss: 0.009061
Train Epoch: 44 [1200/5968 (20%)]	Loss: 0.001981
Train Epoch: 44 [1600/5968 (27%)]	Loss: 0.004107
Train Epoch: 44 [2000/5968 (33%)]	Loss: 0.000581
Train Epoch: 44 [2400/5968 (40%)]	Loss: 0.002405
Train Epoch: 44 [2800/5968 (47%)]	Loss: 0.000791
Train Epoch: 44 [3200/5968 (53%)]	Loss: 0.000281
Train Epoch: 44 [3600/5968 (60%)]	Loss: 0.001471
Train Epoch: 44 [4000/5968 (67%)]	Loss: 0.000814
Train Epoch: 44 [4400/5968 (73%)]	Loss: 0.000268
Train Epoch: 44 [4800/5968 (80%)]	Loss: 0.000577
Train Epoch: 44 [5200/5968 (87%)]	Loss: 0.000946
Train Epoch: 44 [5600/5968 (93%)]	Loss: 0.000159
Test set: Average loss: 1.0225, Accuracy: 1173/1492 (78%)
Train Epoch: 45 [0/5968 (0%)]	Loss: 0.000372
Train Epoch: 45 [400/5968 (7%)]	Loss: 0.000840
Train Epoch: 45 [800/5968 (13%)]	Loss: 0.001072
Train Epoch: 45 [1200/5968 (20%)]	Loss: 0.000879
Train Epoch: 45 [1600/5968 (27%)]	Loss: 0.000213
Train Epoch: 45 [2000/5968 (33%)]	Loss: 0.000531
Train Epoch: 45 [2400/5968 (40%)]	Loss: 0.000389
Train Epoch: 45 [2800/5968 (47%)]	Loss: 0.000229
Train Epoch: 45 [3200/5968 (53%)]	Loss: 0.000310
Train Epoch: 45 [3600/5968 (60%)]	Loss: 0.000299
Train Epoch: 45 [4000/5968 (67%)]	Loss: 0.000419
Train Epoch: 45 [4400/5968 (73%)]	Loss: 0.000190
Train Epoch: 45 [4800/5968 (80%)]	Loss: 0.000673
Train Epoch: 45 [5200/5968 (87%)]	Loss: 0.009638
Train Epoch: 45 [5600/5968 (93%)]	Loss: 0.030171
Test set: Average loss: 1.0433, Accuracy: 1177/1492 (78%)
Train Epoch: 46 [0/5968 (0%)]	Loss: 0.000268
Train Epoch: 46 [400/5968 (7%)]	Loss: 0.000774
Train Epoch: 46 [800/5968 (13%)]	Loss: 0.001183
Train Epoch: 46 [1200/5968 (20%)]	Loss: 0.000085
Train Epoch: 46 [1600/5968 (27%)]	Loss: 0.000187
Train Epoch: 46 [2000/5968 (33%)]	Loss: 0.000736
Train Epoch: 46 [2400/5968 (40%)]	Loss: 0.000201
Train Epoch: 46 [2800/5968 (47%)]	Loss: 0.000263
Train Epoch: 46 [3200/5968 (53%)]	Loss: 0.001412
Train Epoch: 46 [3600/5968 (60%)]	Loss: 0.000108
Train Epoch: 46 [4000/5968 (67%)]	Loss: 0.000140
Train Epoch: 46 [4400/5968 (73%)]	Loss: 0.001057
Train Epoch: 46 [4800/5968 (80%)]	Loss: 0.001857
Train Epoch: 46 [5200/5968 (87%)]	Loss: 0.000566
Train Epoch: 46 [5600/5968 (93%)]	Loss: 0.000681
Test set: Average loss: 1.1212, Accuracy: 1160/1492 (77%)
Train Epoch: 47 [0/5968 (0%)]	Loss: 0.000255
Train Epoch: 47 [400/5968 (7%)]	Loss: 0.017647
Train Epoch: 47 [800/5968 (13%)]	Loss: 0.000423
Train Epoch: 47 [1200/5968 (20%)]	Loss: 0.000362
Train Epoch: 47 [1600/5968 (27%)]	Loss: 0.000842
Train Epoch: 47 [2000/5968 (33%)]	Loss: 0.000116
Train Epoch: 47 [2400/5968 (40%)]	Loss: 0.000371
Train Epoch: 47 [2800/5968 (47%)]	Loss: 0.000202
Train Epoch: 47 [3200/5968 (53%)]	Loss: 0.000593
Train Epoch: 47 [3600/5968 (60%)]	Loss: 0.000399
Train Epoch: 47 [4000/5968 (67%)]	Loss: 0.002179
Train Epoch: 47 [4400/5968 (73%)]	Loss: 0.000312
Train Epoch: 47 [4800/5968 (80%)]	Loss: 0.000328
Train Epoch: 47 [5200/5968 (87%)]	Loss: 0.001230
Train Epoch: 47 [5600/5968 (93%)]	Loss: 0.003084
Test set: Average loss: 1.0880, Accuracy: 1168/1492 (78%)
Train Epoch: 48 [0/5968 (0%)]	Loss: 0.000538
Train Epoch: 48 [400/5968 (7%)]	Loss: 0.000631
Train Epoch: 48 [800/5968 (13%)]	Loss: 0.000468
Train Epoch: 48 [1200/5968 (20%)]	Loss: 0.001558
Train Epoch: 48 [1600/5968 (27%)]	Loss: 0.000314
Train Epoch: 48 [2000/5968 (33%)]	Loss: 0.000130
Train Epoch: 48 [2400/5968 (40%)]	Loss: 0.000182
Train Epoch: 48 [2800/5968 (47%)]	Loss: 0.001188
Train Epoch: 48 [3200/5968 (53%)]	Loss: 0.000143
Train Epoch: 48 [3600/5968 (60%)]	Loss: 0.000173
Train Epoch: 48 [4000/5968 (67%)]	Loss: 0.000193
Train Epoch: 48 [4400/5968 (73%)]	Loss: 0.000098
Train Epoch: 48 [4800/5968 (80%)]	Loss: 0.000063
Train Epoch: 48 [5200/5968 (87%)]	Loss: 0.000442
Train Epoch: 48 [5600/5968 (93%)]	Loss: 0.017965
Test set: Average loss: 1.1770, Accuracy: 1160/1492 (77%)
Train Epoch: 49 [0/5968 (0%)]	Loss: 0.016520
Train Epoch: 49 [400/5968 (7%)]	Loss: 0.000220
Train Epoch: 49 [800/5968 (13%)]	Loss: 0.006443
Train Epoch: 49 [1200/5968 (20%)]	Loss: 0.000611
Train Epoch: 49 [1600/5968 (27%)]	Loss: 0.009014
Train Epoch: 49 [2000/5968 (33%)]	Loss: 0.000256
Train Epoch: 49 [2400/5968 (40%)]	Loss: 0.003415
Train Epoch: 49 [2800/5968 (47%)]	Loss: 0.001071
Train Epoch: 49 [3200/5968 (53%)]	Loss: 0.000355
Train Epoch: 49 [3600/5968 (60%)]	Loss: 0.000420
Train Epoch: 49 [4000/5968 (67%)]	Loss: 0.008990
Train Epoch: 49 [4400/5968 (73%)]	Loss: 0.000257
Train Epoch: 49 [4800/5968 (80%)]	Loss: 0.000541
Train Epoch: 49 [5200/5968 (87%)]	Loss: 0.000931
Train Epoch: 49 [5600/5968 (93%)]	Loss: 0.000194
Test set: Average loss: 1.1455, Accuracy: 1158/1492 (77%)
Train Epoch: 50 [0/5968 (0%)]	Loss: 0.001214
Train Epoch: 50 [400/5968 (7%)]	Loss: 0.000379
Train Epoch: 50 [800/5968 (13%)]	Loss: 0.022632
Train Epoch: 50 [1200/5968 (20%)]	Loss: 0.000373
Train Epoch: 50 [1600/5968 (27%)]	Loss: 0.000292
Train Epoch: 50 [2000/5968 (33%)]	Loss: 0.000202
Train Epoch: 50 [2400/5968 (40%)]	Loss: 0.000433
Train Epoch: 50 [2800/5968 (47%)]	Loss: 0.000420
Train Epoch: 50 [3200/5968 (53%)]	Loss: 0.000395
Train Epoch: 50 [3600/5968 (60%)]	Loss: 0.000365
Train Epoch: 50 [4000/5968 (67%)]	Loss: 0.028134
Train Epoch: 50 [4400/5968 (73%)]	Loss: 0.199890
Train Epoch: 50 [4800/5968 (80%)]	Loss: 0.003053
Train Epoch: 50 [5200/5968 (87%)]	Loss: 0.001411
Train Epoch: 50 [5600/5968 (93%)]	Loss: 0.003047
Test set: Average loss: 1.0865, Accuracy: 1168/1492 (78%)
Train Epoch: 51 [0/5968 (0%)]	Loss: 0.003276
Train Epoch: 51 [400/5968 (7%)]	Loss: 0.000193
Train Epoch: 51 [800/5968 (13%)]	Loss: 0.001624
Train Epoch: 51 [1200/5968 (20%)]	Loss: 0.012356
Train Epoch: 51 [1600/5968 (27%)]	Loss: 0.022718
Train Epoch: 51 [2000/5968 (33%)]	Loss: 0.000833
Train Epoch: 51 [2400/5968 (40%)]	Loss: 0.000619
Train Epoch: 51 [2800/5968 (47%)]	Loss: 0.003860
Train Epoch: 51 [3200/5968 (53%)]	Loss: 0.000126
Train Epoch: 51 [3600/5968 (60%)]	Loss: 0.000191
Train Epoch: 51 [4000/5968 (67%)]	Loss: 0.000145
Train Epoch: 51 [4400/5968 (73%)]	Loss: 0.000181
Train Epoch: 51 [4800/5968 (80%)]	Loss: 0.000304
Train Epoch: 51 [5200/5968 (87%)]	Loss: 0.001658
Train Epoch: 51 [5600/5968 (93%)]	Loss: 0.002468
Test set: Average loss: 1.0611, Accuracy: 1169/1492 (78%)
Train Epoch: 52 [0/5968 (0%)]	Loss: 0.000576
Train Epoch: 52 [400/5968 (7%)]	Loss: 0.001412
Train Epoch: 52 [800/5968 (13%)]	Loss: 0.003998
Train Epoch: 52 [1200/5968 (20%)]	Loss: 0.000114
Train Epoch: 52 [1600/5968 (27%)]	Loss: 0.000440
Train Epoch: 52 [2000/5968 (33%)]	Loss: 0.020869
Train Epoch: 52 [2400/5968 (40%)]	Loss: 0.000864
Train Epoch: 52 [2800/5968 (47%)]	Loss: 0.000114
Train Epoch: 52 [3200/5968 (53%)]	Loss: 0.000136
Train Epoch: 52 [3600/5968 (60%)]	Loss: 0.000157
Train Epoch: 52 [4000/5968 (67%)]	Loss: 0.000313
Train Epoch: 52 [4400/5968 (73%)]	Loss: 0.000379
Train Epoch: 52 [4800/5968 (80%)]	Loss: 0.060729
Train Epoch: 52 [5200/5968 (87%)]	Loss: 0.028308
Train Epoch: 52 [5600/5968 (93%)]	Loss: 0.000134
Test set: Average loss: 1.1234, Accuracy: 1172/1492 (78%)
Train Epoch: 53 [0/5968 (0%)]	Loss: 0.000272
Train Epoch: 53 [400/5968 (7%)]	Loss: 0.000405
Train Epoch: 53 [800/5968 (13%)]	Loss: 0.000304
Train Epoch: 53 [1200/5968 (20%)]	Loss: 0.000880
Train Epoch: 53 [1600/5968 (27%)]	Loss: 0.000498
Train Epoch: 53 [2000/5968 (33%)]	Loss: 0.002114
Train Epoch: 53 [2400/5968 (40%)]	Loss: 0.001094
Train Epoch: 53 [2800/5968 (47%)]	Loss: 0.000438
Train Epoch: 53 [3200/5968 (53%)]	Loss: 0.000506
Train Epoch: 53 [3600/5968 (60%)]	Loss: 0.000103
Train Epoch: 53 [4000/5968 (67%)]	Loss: 0.000166
Train Epoch: 53 [4400/5968 (73%)]	Loss: 0.000252
Train Epoch: 53 [4800/5968 (80%)]	Loss: 0.002985
Train Epoch: 53 [5200/5968 (87%)]	Loss: 0.000140
Train Epoch: 53 [5600/5968 (93%)]	Loss: 0.000072
Test set: Average loss: 1.1215, Accuracy: 1173/1492 (78%)
Train Epoch: 54 [0/5968 (0%)]	Loss: 0.000160
Train Epoch: 54 [400/5968 (7%)]	Loss: 0.000221
Train Epoch: 54 [800/5968 (13%)]	Loss: 0.000381
Train Epoch: 54 [1200/5968 (20%)]	Loss: 0.000416
Train Epoch: 54 [1600/5968 (27%)]	Loss: 0.003271
Train Epoch: 54 [2000/5968 (33%)]	Loss: 0.000670
Train Epoch: 54 [2400/5968 (40%)]	Loss: 0.000607
Train Epoch: 54 [2800/5968 (47%)]	Loss: 0.000162
Train Epoch: 54 [3200/5968 (53%)]	Loss: 0.000499
Train Epoch: 54 [3600/5968 (60%)]	Loss: 0.026851
Train Epoch: 54 [4000/5968 (67%)]	Loss: 0.000279
Train Epoch: 54 [4400/5968 (73%)]	Loss: 0.000077
Train Epoch: 54 [4800/5968 (80%)]	Loss: 0.000272
Train Epoch: 54 [5200/5968 (87%)]	Loss: 0.000108
Train Epoch: 54 [5600/5968 (93%)]	Loss: 0.000269
Test set: Average loss: 1.1280, Accuracy: 1177/1492 (78%)
Train Epoch: 55 [0/5968 (0%)]	Loss: 0.003110
Train Epoch: 55 [400/5968 (7%)]	Loss: 0.000060
Train Epoch: 55 [800/5968 (13%)]	Loss: 0.000342
Train Epoch: 55 [1200/5968 (20%)]	Loss: 0.000668
Train Epoch: 55 [1600/5968 (27%)]	Loss: 0.000940
Train Epoch: 55 [2000/5968 (33%)]	Loss: 0.000282
Train Epoch: 55 [2400/5968 (40%)]	Loss: 0.014143
Train Epoch: 55 [2800/5968 (47%)]	Loss: 0.000392
Train Epoch: 55 [3200/5968 (53%)]	Loss: 0.000128
Train Epoch: 55 [3600/5968 (60%)]	Loss: 0.000483
Train Epoch: 55 [4000/5968 (67%)]	Loss: 0.000203
Train Epoch: 55 [4400/5968 (73%)]	Loss: 0.000062
Train Epoch: 55 [4800/5968 (80%)]	Loss: 0.000036
Train Epoch: 55 [5200/5968 (87%)]	Loss: 0.000153
Train Epoch: 55 [5600/5968 (93%)]	Loss: 0.000111
Test set: Average loss: 1.1162, Accuracy: 1179/1492 (79%)
Train Epoch: 56 [0/5968 (0%)]	Loss: 0.000726
Train Epoch: 56 [400/5968 (7%)]	Loss: 0.000087
Train Epoch: 56 [800/5968 (13%)]	Loss: 0.000088
Train Epoch: 56 [1200/5968 (20%)]	Loss: 0.000090
Train Epoch: 56 [1600/5968 (27%)]	Loss: 0.000168
Train Epoch: 56 [2000/5968 (33%)]	Loss: 0.000048
Train Epoch: 56 [2400/5968 (40%)]	Loss: 0.000122
Train Epoch: 56 [2800/5968 (47%)]	Loss: 0.000127
Train Epoch: 56 [3200/5968 (53%)]	Loss: 0.000203
Train Epoch: 56 [3600/5968 (60%)]	Loss: 0.000464
Train Epoch: 56 [4000/5968 (67%)]	Loss: 0.012880
Train Epoch: 56 [4400/5968 (73%)]	Loss: 0.000695
Train Epoch: 56 [4800/5968 (80%)]	Loss: 0.000058
Train Epoch: 56 [5200/5968 (87%)]	Loss: 0.000085
Train Epoch: 56 [5600/5968 (93%)]	Loss: 0.000200
Test set: Average loss: 1.1246, Accuracy: 1171/1492 (78%)
Train Epoch: 57 [0/5968 (0%)]	Loss: 0.000091
Train Epoch: 57 [400/5968 (7%)]	Loss: 0.000074
Train Epoch: 57 [800/5968 (13%)]	Loss: 0.000145
Train Epoch: 57 [1200/5968 (20%)]	Loss: 0.000123
Train Epoch: 57 [1600/5968 (27%)]	Loss: 0.000047
Train Epoch: 57 [2000/5968 (33%)]	Loss: 0.000100
Train Epoch: 57 [2400/5968 (40%)]	Loss: 0.000092
Train Epoch: 57 [2800/5968 (47%)]	Loss: 0.000641
Train Epoch: 57 [3200/5968 (53%)]	Loss: 0.000446
Train Epoch: 57 [3600/5968 (60%)]	Loss: 0.000084
Train Epoch: 57 [4000/5968 (67%)]	Loss: 0.000154
Train Epoch: 57 [4400/5968 (73%)]	Loss: 0.000276
Train Epoch: 57 [4800/5968 (80%)]	Loss: 0.000291
Train Epoch: 57 [5200/5968 (87%)]	Loss: 0.000829
Train Epoch: 57 [5600/5968 (93%)]	Loss: 0.000332
Test set: Average loss: 1.1489, Accuracy: 1172/1492 (78%)
Train Epoch: 58 [0/5968 (0%)]	Loss: 0.000037
Train Epoch: 58 [400/5968 (7%)]	Loss: 0.000186
Train Epoch: 58 [800/5968 (13%)]	Loss: 0.000224
Train Epoch: 58 [1200/5968 (20%)]	Loss: 0.000118
Train Epoch: 58 [1600/5968 (27%)]	Loss: 0.000063
Train Epoch: 58 [2000/5968 (33%)]	Loss: 0.000040
Train Epoch: 58 [2400/5968 (40%)]	Loss: 0.000072
Train Epoch: 58 [2800/5968 (47%)]	Loss: 0.000071
Train Epoch: 58 [3200/5968 (53%)]	Loss: 0.000121
Train Epoch: 58 [3600/5968 (60%)]	Loss: 0.000977
Train Epoch: 58 [4000/5968 (67%)]	Loss: 0.000071
Train Epoch: 58 [4400/5968 (73%)]	Loss: 0.000017
Train Epoch: 58 [4800/5968 (80%)]	Loss: 0.000094
Train Epoch: 58 [5200/5968 (87%)]	Loss: 0.000414
Train Epoch: 58 [5600/5968 (93%)]	Loss: 0.000094
Test set: Average loss: 1.1493, Accuracy: 1186/1492 (79%)
Train Epoch: 59 [0/5968 (0%)]	Loss: 0.000060
Train Epoch: 59 [400/5968 (7%)]	Loss: 0.000106
Train Epoch: 59 [800/5968 (13%)]	Loss: 0.000289
Train Epoch: 59 [1200/5968 (20%)]	Loss: 0.000053
Train Epoch: 59 [1600/5968 (27%)]	Loss: 0.000033
Train Epoch: 59 [2000/5968 (33%)]	Loss: 0.001031
Train Epoch: 59 [2400/5968 (40%)]	Loss: 0.000124
Train Epoch: 59 [2800/5968 (47%)]	Loss: 0.000167
Train Epoch: 59 [3200/5968 (53%)]	Loss: 0.000186
Train Epoch: 59 [3600/5968 (60%)]	Loss: 0.000099
Train Epoch: 59 [4000/5968 (67%)]	Loss: 0.000042
Train Epoch: 59 [4400/5968 (73%)]	Loss: 0.000092
Train Epoch: 59 [4800/5968 (80%)]	Loss: 0.000064
Train Epoch: 59 [5200/5968 (87%)]	Loss: 0.000033
Train Epoch: 59 [5600/5968 (93%)]	Loss: 0.000358
Test set: Average loss: 1.1572, Accuracy: 1182/1492 (79%)
Train Epoch: 60 [0/5968 (0%)]	Loss: 0.000062
Train Epoch: 60 [400/5968 (7%)]	Loss: 0.000221
Train Epoch: 60 [800/5968 (13%)]	Loss: 0.000154
Train Epoch: 60 [1200/5968 (20%)]	Loss: 0.000055
Train Epoch: 60 [1600/5968 (27%)]	Loss: 0.000140
Train Epoch: 60 [2000/5968 (33%)]	Loss: 0.000151
Train Epoch: 60 [2400/5968 (40%)]	Loss: 0.000022
Train Epoch: 60 [2800/5968 (47%)]	Loss: 0.000474
Train Epoch: 60 [3200/5968 (53%)]	Loss: 0.000169
Train Epoch: 60 [3600/5968 (60%)]	Loss: 0.000039
Train Epoch: 60 [4000/5968 (67%)]	Loss: 0.000028
Train Epoch: 60 [4400/5968 (73%)]	Loss: 0.000205
Train Epoch: 60 [4800/5968 (80%)]	Loss: 0.000683
Train Epoch: 60 [5200/5968 (87%)]	Loss: 0.000069
Train Epoch: 60 [5600/5968 (93%)]	Loss: 0.000068
Test set: Average loss: 1.1649, Accuracy: 1177/1492 (78%)
