getting datasets
finished
trainning skirt_length_labels:
Train Epoch: 1 [0/7378 (0%)]	Loss: 1.787207
Train Epoch: 1 [400/7378 (5%)]	Loss: 1.821693
Train Epoch: 1 [800/7378 (11%)]	Loss: 1.782558
Train Epoch: 1 [1200/7378 (16%)]	Loss: 1.726878
Train Epoch: 1 [1600/7378 (22%)]	Loss: 1.353375
Train Epoch: 1 [2000/7378 (27%)]	Loss: 1.485590
Train Epoch: 1 [2400/7378 (32%)]	Loss: 1.348158
Train Epoch: 1 [2800/7378 (38%)]	Loss: 1.155826
Train Epoch: 1 [3200/7378 (43%)]	Loss: 1.130029
Train Epoch: 1 [3600/7378 (49%)]	Loss: 0.995466
Train Epoch: 1 [4000/7378 (54%)]	Loss: 1.055055
Train Epoch: 1 [4400/7378 (59%)]	Loss: 0.761514
Train Epoch: 1 [4800/7378 (65%)]	Loss: 0.833322
Train Epoch: 1 [5200/7378 (70%)]	Loss: 0.928453
Train Epoch: 1 [5600/7378 (76%)]	Loss: 0.579835
Train Epoch: 1 [6000/7378 (81%)]	Loss: 0.603502
Train Epoch: 1 [6400/7378 (86%)]	Loss: 0.752506
Train Epoch: 1 [6800/7378 (92%)]	Loss: 0.622984
Train Epoch: 1 [7200/7378 (97%)]	Loss: 0.892966
Test set: Average loss: 0.7934, Accuracy: 1277/1844 (69%)
Train Epoch: 2 [0/7378 (0%)]	Loss: 0.516999
Train Epoch: 2 [400/7378 (5%)]	Loss: 0.525332
Train Epoch: 2 [800/7378 (11%)]	Loss: 0.802508
Train Epoch: 2 [1200/7378 (16%)]	Loss: 0.740717
Train Epoch: 2 [1600/7378 (22%)]	Loss: 0.936893
Train Epoch: 2 [2000/7378 (27%)]	Loss: 0.580109
Train Epoch: 2 [2400/7378 (32%)]	Loss: 0.532445
Train Epoch: 2 [2800/7378 (38%)]	Loss: 0.671349
Train Epoch: 2 [3200/7378 (43%)]	Loss: 0.771912
Train Epoch: 2 [3600/7378 (49%)]	Loss: 0.617571
Train Epoch: 2 [4000/7378 (54%)]	Loss: 0.420628
Train Epoch: 2 [4400/7378 (59%)]	Loss: 0.790013
Train Epoch: 2 [4800/7378 (65%)]	Loss: 0.481575
Train Epoch: 2 [5200/7378 (70%)]	Loss: 0.619167
Train Epoch: 2 [5600/7378 (76%)]	Loss: 0.419510
Train Epoch: 2 [6000/7378 (81%)]	Loss: 0.580621
Train Epoch: 2 [6400/7378 (86%)]	Loss: 0.623838
Train Epoch: 2 [6800/7378 (92%)]	Loss: 0.740972
Train Epoch: 2 [7200/7378 (97%)]	Loss: 0.653122
Test set: Average loss: 0.6432, Accuracy: 1413/1844 (76%)
Train Epoch: 3 [0/7378 (0%)]	Loss: 0.359908
Train Epoch: 3 [400/7378 (5%)]	Loss: 0.477758
Train Epoch: 3 [800/7378 (11%)]	Loss: 0.499392
Train Epoch: 3 [1200/7378 (16%)]	Loss: 0.317639
Train Epoch: 3 [1600/7378 (22%)]	Loss: 0.230125
Train Epoch: 3 [2000/7378 (27%)]	Loss: 0.394101
Train Epoch: 3 [2400/7378 (32%)]	Loss: 0.297334
Train Epoch: 3 [2800/7378 (38%)]	Loss: 0.284547
Train Epoch: 3 [3200/7378 (43%)]	Loss: 0.189896
Train Epoch: 3 [3600/7378 (49%)]	Loss: 0.678640
Train Epoch: 3 [4000/7378 (54%)]	Loss: 0.402106
Train Epoch: 3 [4400/7378 (59%)]	Loss: 0.285354
Train Epoch: 3 [4800/7378 (65%)]	Loss: 0.424218
Train Epoch: 3 [5200/7378 (70%)]	Loss: 0.299315
Train Epoch: 3 [5600/7378 (76%)]	Loss: 0.466143
Train Epoch: 3 [6000/7378 (81%)]	Loss: 0.329423
Train Epoch: 3 [6400/7378 (86%)]	Loss: 0.190891
Train Epoch: 3 [6800/7378 (92%)]	Loss: 0.496094
Train Epoch: 3 [7200/7378 (97%)]	Loss: 0.484986
getting datasets
finished
trainning skirt_length_labels:
Train Epoch: 3 [0/7378 (0%)]	Loss: 0.567920
Train Epoch: 3 [400/7378 (5%)]	Loss: 0.695262
Train Epoch: 3 [800/7378 (11%)]	Loss: 0.343516
Train Epoch: 3 [1200/7378 (16%)]	Loss: 0.571670
Train Epoch: 3 [1600/7378 (22%)]	Loss: 0.204391
Train Epoch: 3 [2000/7378 (27%)]	Loss: 0.590204
Train Epoch: 3 [2400/7378 (32%)]	Loss: 0.328327
Train Epoch: 3 [2800/7378 (38%)]	Loss: 0.436519
Train Epoch: 3 [3200/7378 (43%)]	Loss: 0.477832
Train Epoch: 3 [3600/7378 (49%)]	Loss: 0.569807
Train Epoch: 3 [4000/7378 (54%)]	Loss: 0.369831
Train Epoch: 3 [4400/7378 (59%)]	Loss: 0.229090
Train Epoch: 3 [4800/7378 (65%)]	Loss: 0.162399
Train Epoch: 3 [5200/7378 (70%)]	Loss: 0.376984
Train Epoch: 3 [5600/7378 (76%)]	Loss: 0.216995
Train Epoch: 3 [6000/7378 (81%)]	Loss: 0.215441
Train Epoch: 3 [6400/7378 (86%)]	Loss: 0.311160
Train Epoch: 3 [6800/7378 (92%)]	Loss: 0.280763
Train Epoch: 3 [7200/7378 (97%)]	Loss: 0.408838
Test set: Average loss: 0.6650, Accuracy: 1423/1844 (77%)
Train Epoch: 4 [0/7378 (0%)]	Loss: 0.077511
Train Epoch: 4 [400/7378 (5%)]	Loss: 0.129090
Train Epoch: 4 [800/7378 (11%)]	Loss: 0.175550
Train Epoch: 4 [1200/7378 (16%)]	Loss: 0.224200
Train Epoch: 4 [1600/7378 (22%)]	Loss: 0.148343
Train Epoch: 4 [2000/7378 (27%)]	Loss: 0.123418
Train Epoch: 4 [2400/7378 (32%)]	Loss: 0.129157
Train Epoch: 4 [2800/7378 (38%)]	Loss: 0.180525
Train Epoch: 4 [3200/7378 (43%)]	Loss: 0.117887
Train Epoch: 4 [3600/7378 (49%)]	Loss: 0.177946
Train Epoch: 4 [4000/7378 (54%)]	Loss: 0.090734
Train Epoch: 4 [4400/7378 (59%)]	Loss: 0.265085
Train Epoch: 4 [4800/7378 (65%)]	Loss: 0.123957
Train Epoch: 4 [5200/7378 (70%)]	Loss: 0.276803
Train Epoch: 4 [5600/7378 (76%)]	Loss: 0.075174
Train Epoch: 4 [6000/7378 (81%)]	Loss: 0.128651
Train Epoch: 4 [6400/7378 (86%)]	Loss: 0.136380
Train Epoch: 4 [6800/7378 (92%)]	Loss: 0.164216
Train Epoch: 4 [7200/7378 (97%)]	Loss: 0.263239
Test set: Average loss: 0.7802, Accuracy: 1426/1844 (77%)
Train Epoch: 5 [0/7378 (0%)]	Loss: 0.053810
Train Epoch: 5 [400/7378 (5%)]	Loss: 0.102520
Train Epoch: 5 [800/7378 (11%)]	Loss: 0.172744
Train Epoch: 5 [1200/7378 (16%)]	Loss: 0.088747
Train Epoch: 5 [1600/7378 (22%)]	Loss: 0.052912
Train Epoch: 5 [2000/7378 (27%)]	Loss: 0.107977
Train Epoch: 5 [2400/7378 (32%)]	Loss: 0.039303
Train Epoch: 5 [2800/7378 (38%)]	Loss: 0.027946
Train Epoch: 5 [3200/7378 (43%)]	Loss: 0.065478
Train Epoch: 5 [3600/7378 (49%)]	Loss: 0.068880
Train Epoch: 5 [4000/7378 (54%)]	Loss: 0.107019
Train Epoch: 5 [4400/7378 (59%)]	Loss: 0.223161
Train Epoch: 5 [4800/7378 (65%)]	Loss: 0.177075
Train Epoch: 5 [5200/7378 (70%)]	Loss: 0.105044
Train Epoch: 5 [5600/7378 (76%)]	Loss: 0.299077
Train Epoch: 5 [6000/7378 (81%)]	Loss: 0.076145
Train Epoch: 5 [6400/7378 (86%)]	Loss: 0.086619
Train Epoch: 5 [6800/7378 (92%)]	Loss: 0.199732
Train Epoch: 5 [7200/7378 (97%)]	Loss: 0.191511
Test set: Average loss: 0.7836, Accuracy: 1420/1844 (77%)
Train Epoch: 6 [0/7378 (0%)]	Loss: 0.080211
Train Epoch: 6 [400/7378 (5%)]	Loss: 0.073812
Train Epoch: 6 [800/7378 (11%)]	Loss: 0.146644
Train Epoch: 6 [1200/7378 (16%)]	Loss: 0.010356
Train Epoch: 6 [1600/7378 (22%)]	Loss: 0.147834
Train Epoch: 6 [2000/7378 (27%)]	Loss: 0.137608
Train Epoch: 6 [2400/7378 (32%)]	Loss: 0.140393
Train Epoch: 6 [2800/7378 (38%)]	Loss: 0.073239
Train Epoch: 6 [3200/7378 (43%)]	Loss: 0.050781
Train Epoch: 6 [3600/7378 (49%)]	Loss: 0.334250
Train Epoch: 6 [4000/7378 (54%)]	Loss: 0.193566
Train Epoch: 6 [4400/7378 (59%)]	Loss: 0.056738
Train Epoch: 6 [4800/7378 (65%)]	Loss: 0.219316
Train Epoch: 6 [5200/7378 (70%)]	Loss: 0.164505
Train Epoch: 6 [5600/7378 (76%)]	Loss: 0.070595
Train Epoch: 6 [6000/7378 (81%)]	Loss: 0.038008
Train Epoch: 6 [6400/7378 (86%)]	Loss: 0.049541
Train Epoch: 6 [6800/7378 (92%)]	Loss: 0.019791
Train Epoch: 6 [7200/7378 (97%)]	Loss: 0.048779
Test set: Average loss: 0.9038, Accuracy: 1408/1844 (76%)
Train Epoch: 7 [0/7378 (0%)]	Loss: 0.367706
Train Epoch: 7 [400/7378 (5%)]	Loss: 0.013700
Train Epoch: 7 [800/7378 (11%)]	Loss: 0.031601
Train Epoch: 7 [1200/7378 (16%)]	Loss: 0.011591
Train Epoch: 7 [1600/7378 (22%)]	Loss: 0.043168
Train Epoch: 7 [2000/7378 (27%)]	Loss: 0.054244
Train Epoch: 7 [2400/7378 (32%)]	Loss: 0.083702
Train Epoch: 7 [2800/7378 (38%)]	Loss: 0.015681
Train Epoch: 7 [3200/7378 (43%)]	Loss: 0.052832
Train Epoch: 7 [3600/7378 (49%)]	Loss: 0.020979
Train Epoch: 7 [4000/7378 (54%)]	Loss: 0.022255
Train Epoch: 7 [4400/7378 (59%)]	Loss: 0.011532
Train Epoch: 7 [4800/7378 (65%)]	Loss: 0.017967
Train Epoch: 7 [5200/7378 (70%)]	Loss: 0.086672
Train Epoch: 7 [5600/7378 (76%)]	Loss: 0.084982
Train Epoch: 7 [6000/7378 (81%)]	Loss: 0.040453
Train Epoch: 7 [6400/7378 (86%)]	Loss: 0.040975
Train Epoch: 7 [6800/7378 (92%)]	Loss: 0.139578
Train Epoch: 7 [7200/7378 (97%)]	Loss: 0.080480
Test set: Average loss: 0.8923, Accuracy: 1415/1844 (76%)
Train Epoch: 8 [0/7378 (0%)]	Loss: 0.023823
Train Epoch: 8 [400/7378 (5%)]	Loss: 0.042715
Train Epoch: 8 [800/7378 (11%)]	Loss: 0.073258
Train Epoch: 8 [1200/7378 (16%)]	Loss: 0.112723
Train Epoch: 8 [1600/7378 (22%)]	Loss: 0.064474
Train Epoch: 8 [2000/7378 (27%)]	Loss: 0.004398
Train Epoch: 8 [2400/7378 (32%)]	Loss: 0.020769
Train Epoch: 8 [2800/7378 (38%)]	Loss: 0.010571
Train Epoch: 8 [3200/7378 (43%)]	Loss: 0.029545
Train Epoch: 8 [3600/7378 (49%)]	Loss: 0.020684
Train Epoch: 8 [4000/7378 (54%)]	Loss: 0.080110
Train Epoch: 8 [4400/7378 (59%)]	Loss: 0.099635
Train Epoch: 8 [4800/7378 (65%)]	Loss: 0.097716
Train Epoch: 8 [5200/7378 (70%)]	Loss: 0.071675
Train Epoch: 8 [5600/7378 (76%)]	Loss: 0.069155
Train Epoch: 8 [6000/7378 (81%)]	Loss: 0.011112
Train Epoch: 8 [6400/7378 (86%)]	Loss: 0.064869
Train Epoch: 8 [6800/7378 (92%)]	Loss: 0.029998
Train Epoch: 8 [7200/7378 (97%)]	Loss: 0.011089
Test set: Average loss: 0.9127, Accuracy: 1462/1844 (79%)
Train Epoch: 9 [0/7378 (0%)]	Loss: 0.031777
Train Epoch: 9 [400/7378 (5%)]	Loss: 0.052418
Train Epoch: 9 [800/7378 (11%)]	Loss: 0.048195
Train Epoch: 9 [1200/7378 (16%)]	Loss: 0.004764
Train Epoch: 9 [1600/7378 (22%)]	Loss: 0.006727
Train Epoch: 9 [2000/7378 (27%)]	Loss: 0.016454
Train Epoch: 9 [2400/7378 (32%)]	Loss: 0.046017
Train Epoch: 9 [2800/7378 (38%)]	Loss: 0.004028
Train Epoch: 9 [3200/7378 (43%)]	Loss: 0.003694
Train Epoch: 9 [3600/7378 (49%)]	Loss: 0.011442
Train Epoch: 9 [4000/7378 (54%)]	Loss: 0.005196
Train Epoch: 9 [4400/7378 (59%)]	Loss: 0.005218
Train Epoch: 9 [4800/7378 (65%)]	Loss: 0.003836
Train Epoch: 9 [5200/7378 (70%)]	Loss: 0.001941
Train Epoch: 9 [5600/7378 (76%)]	Loss: 0.007784
Train Epoch: 9 [6000/7378 (81%)]	Loss: 0.016066
Train Epoch: 9 [6400/7378 (86%)]	Loss: 0.032498
Train Epoch: 9 [6800/7378 (92%)]	Loss: 0.059179
Train Epoch: 9 [7200/7378 (97%)]	Loss: 0.004086
Test set: Average loss: 1.2519, Accuracy: 1353/1844 (73%)
Train Epoch: 10 [0/7378 (0%)]	Loss: 0.004345
Train Epoch: 10 [400/7378 (5%)]	Loss: 0.003082
Train Epoch: 10 [800/7378 (11%)]	Loss: 0.010777
Train Epoch: 10 [1200/7378 (16%)]	Loss: 0.043029
Train Epoch: 10 [1600/7378 (22%)]	Loss: 0.066774
Train Epoch: 10 [2000/7378 (27%)]	Loss: 0.036588
Train Epoch: 10 [2400/7378 (32%)]	Loss: 0.057101
Train Epoch: 10 [2800/7378 (38%)]	Loss: 0.012291
Train Epoch: 10 [3200/7378 (43%)]	Loss: 0.010387
Train Epoch: 10 [3600/7378 (49%)]	Loss: 0.012132
Train Epoch: 10 [4000/7378 (54%)]	Loss: 0.047765
Train Epoch: 10 [4400/7378 (59%)]	Loss: 0.073377
Train Epoch: 10 [4800/7378 (65%)]	Loss: 0.020841
Train Epoch: 10 [5200/7378 (70%)]	Loss: 0.010865
Train Epoch: 10 [5600/7378 (76%)]	Loss: 0.035319
Train Epoch: 10 [6000/7378 (81%)]	Loss: 0.007018
Train Epoch: 10 [6400/7378 (86%)]	Loss: 0.001707
Train Epoch: 10 [6800/7378 (92%)]	Loss: 0.006384
Train Epoch: 10 [7200/7378 (97%)]	Loss: 0.005395
Test set: Average loss: 0.8604, Accuracy: 1464/1844 (79%)
Train Epoch: 11 [0/7378 (0%)]	Loss: 0.007755
Train Epoch: 11 [400/7378 (5%)]	Loss: 0.000630
Train Epoch: 11 [800/7378 (11%)]	Loss: 0.002851
Train Epoch: 11 [1200/7378 (16%)]	Loss: 0.024913
Train Epoch: 11 [1600/7378 (22%)]	Loss: 0.004938
Train Epoch: 11 [2000/7378 (27%)]	Loss: 0.002678
Train Epoch: 11 [2400/7378 (32%)]	Loss: 0.004164
Train Epoch: 11 [2800/7378 (38%)]	Loss: 0.001931
Train Epoch: 11 [3200/7378 (43%)]	Loss: 0.001951
Train Epoch: 11 [3600/7378 (49%)]	Loss: 0.004418
Train Epoch: 11 [4000/7378 (54%)]	Loss: 0.040626
Train Epoch: 11 [4400/7378 (59%)]	Loss: 0.078264
Train Epoch: 11 [4800/7378 (65%)]	Loss: 0.003190
Train Epoch: 11 [5200/7378 (70%)]	Loss: 0.017575
Train Epoch: 11 [5600/7378 (76%)]	Loss: 0.031286
Train Epoch: 11 [6000/7378 (81%)]	Loss: 0.028376
Train Epoch: 11 [6400/7378 (86%)]	Loss: 0.003681
Train Epoch: 11 [6800/7378 (92%)]	Loss: 0.001076
Train Epoch: 11 [7200/7378 (97%)]	Loss: 0.028779
Test set: Average loss: 1.0256, Accuracy: 1436/1844 (77%)
Train Epoch: 12 [0/7378 (0%)]	Loss: 0.005856
Train Epoch: 12 [400/7378 (5%)]	Loss: 0.003125
Train Epoch: 12 [800/7378 (11%)]	Loss: 0.002964
Train Epoch: 12 [1200/7378 (16%)]	Loss: 0.001760
Train Epoch: 12 [1600/7378 (22%)]	Loss: 0.002386
Train Epoch: 12 [2000/7378 (27%)]	Loss: 0.004831
Train Epoch: 12 [2400/7378 (32%)]	Loss: 0.084407
Train Epoch: 12 [2800/7378 (38%)]	Loss: 0.029240
Train Epoch: 12 [3200/7378 (43%)]	Loss: 0.001921
Train Epoch: 12 [3600/7378 (49%)]	Loss: 0.006631
Train Epoch: 12 [4000/7378 (54%)]	Loss: 0.001481
Train Epoch: 12 [4400/7378 (59%)]	Loss: 0.014137
Train Epoch: 12 [4800/7378 (65%)]	Loss: 0.010189
Train Epoch: 12 [5200/7378 (70%)]	Loss: 0.061818
Train Epoch: 12 [5600/7378 (76%)]	Loss: 0.046220
Train Epoch: 12 [6000/7378 (81%)]	Loss: 0.002260
Train Epoch: 12 [6400/7378 (86%)]	Loss: 0.007441
Train Epoch: 12 [6800/7378 (92%)]	Loss: 0.002940
Train Epoch: 12 [7200/7378 (97%)]	Loss: 0.001399
Test set: Average loss: 1.0442, Accuracy: 1472/1844 (79%)
Train Epoch: 13 [0/7378 (0%)]	Loss: 0.001845
Train Epoch: 13 [400/7378 (5%)]	Loss: 0.001692
Train Epoch: 13 [800/7378 (11%)]	Loss: 0.002445
Train Epoch: 13 [1200/7378 (16%)]	Loss: 0.032779
Train Epoch: 13 [1600/7378 (22%)]	Loss: 0.012992
Train Epoch: 13 [2000/7378 (27%)]	Loss: 0.024912
Train Epoch: 13 [2400/7378 (32%)]	Loss: 0.002220
Train Epoch: 13 [2800/7378 (38%)]	Loss: 0.002029
Train Epoch: 13 [3200/7378 (43%)]	Loss: 0.006280
Train Epoch: 13 [3600/7378 (49%)]	Loss: 0.003543
Train Epoch: 13 [4000/7378 (54%)]	Loss: 0.042581
Train Epoch: 13 [4400/7378 (59%)]	Loss: 0.001169
Train Epoch: 13 [4800/7378 (65%)]	Loss: 0.003544
Train Epoch: 13 [5200/7378 (70%)]	Loss: 0.009006
Train Epoch: 13 [5600/7378 (76%)]	Loss: 0.092868
Train Epoch: 13 [6000/7378 (81%)]	Loss: 0.005560
Train Epoch: 13 [6400/7378 (86%)]	Loss: 0.012804
Train Epoch: 13 [6800/7378 (92%)]	Loss: 0.010370
Train Epoch: 13 [7200/7378 (97%)]	Loss: 0.002038
Test set: Average loss: 0.9290, Accuracy: 1465/1844 (79%)
Train Epoch: 14 [0/7378 (0%)]	Loss: 0.166040
Train Epoch: 14 [400/7378 (5%)]	Loss: 0.009557
Train Epoch: 14 [800/7378 (11%)]	Loss: 0.043107
Train Epoch: 14 [1200/7378 (16%)]	Loss: 0.073912
Train Epoch: 14 [1600/7378 (22%)]	Loss: 0.012578
Train Epoch: 14 [2000/7378 (27%)]	Loss: 0.002860
Train Epoch: 14 [2400/7378 (32%)]	Loss: 0.000717
Train Epoch: 14 [2800/7378 (38%)]	Loss: 0.000683
Train Epoch: 14 [3200/7378 (43%)]	Loss: 0.057879
Train Epoch: 14 [3600/7378 (49%)]	Loss: 0.078355
Train Epoch: 14 [4000/7378 (54%)]	Loss: 0.001683
Train Epoch: 14 [4400/7378 (59%)]	Loss: 0.016907
Train Epoch: 14 [4800/7378 (65%)]	Loss: 0.004406
Train Epoch: 14 [5200/7378 (70%)]	Loss: 0.006321
Train Epoch: 14 [5600/7378 (76%)]	Loss: 0.025878
Train Epoch: 14 [6000/7378 (81%)]	Loss: 0.007330
Train Epoch: 14 [6400/7378 (86%)]	Loss: 0.026079
Train Epoch: 14 [6800/7378 (92%)]	Loss: 0.007567
Train Epoch: 14 [7200/7378 (97%)]	Loss: 0.044201
Test set: Average loss: 0.9438, Accuracy: 1474/1844 (79%)
Train Epoch: 15 [0/7378 (0%)]	Loss: 0.003188
Train Epoch: 15 [400/7378 (5%)]	Loss: 0.000327
Train Epoch: 15 [800/7378 (11%)]	Loss: 0.000391
Train Epoch: 15 [1200/7378 (16%)]	Loss: 0.018542
Train Epoch: 15 [1600/7378 (22%)]	Loss: 0.004832
Train Epoch: 15 [2000/7378 (27%)]	Loss: 0.000278
Train Epoch: 15 [2400/7378 (32%)]	Loss: 0.005846
Train Epoch: 15 [2800/7378 (38%)]	Loss: 0.007579
Train Epoch: 15 [3200/7378 (43%)]	Loss: 0.005213
Train Epoch: 15 [3600/7378 (49%)]	Loss: 0.001184
Train Epoch: 15 [4000/7378 (54%)]	Loss: 0.216677
Train Epoch: 15 [4400/7378 (59%)]	Loss: 0.005350
Train Epoch: 15 [4800/7378 (65%)]	Loss: 0.010449
Train Epoch: 15 [5200/7378 (70%)]	Loss: 0.001299
Train Epoch: 15 [5600/7378 (76%)]	Loss: 0.004991
Train Epoch: 15 [6000/7378 (81%)]	Loss: 0.001343
Train Epoch: 15 [6400/7378 (86%)]	Loss: 0.022003
Train Epoch: 15 [6800/7378 (92%)]	Loss: 0.005780
Train Epoch: 15 [7200/7378 (97%)]	Loss: 0.001765
Test set: Average loss: 0.9562, Accuracy: 1466/1844 (79%)
Train Epoch: 16 [0/7378 (0%)]	Loss: 0.003106
Train Epoch: 16 [400/7378 (5%)]	Loss: 0.001152
Train Epoch: 16 [800/7378 (11%)]	Loss: 0.001270
Train Epoch: 16 [1200/7378 (16%)]	Loss: 0.001490
Train Epoch: 16 [1600/7378 (22%)]	Loss: 0.002485
Train Epoch: 16 [2000/7378 (27%)]	Loss: 0.002227
Train Epoch: 16 [2400/7378 (32%)]	Loss: 0.000718
Train Epoch: 16 [2800/7378 (38%)]	Loss: 0.003627
Train Epoch: 16 [3200/7378 (43%)]	Loss: 0.000978
Train Epoch: 16 [3600/7378 (49%)]	Loss: 0.001773
Train Epoch: 16 [4000/7378 (54%)]	Loss: 0.002639
Train Epoch: 16 [4400/7378 (59%)]	Loss: 0.035163
Train Epoch: 16 [4800/7378 (65%)]	Loss: 0.001247
Train Epoch: 16 [5200/7378 (70%)]	Loss: 0.001215
Train Epoch: 16 [5600/7378 (76%)]	Loss: 0.032489
Train Epoch: 16 [6000/7378 (81%)]	Loss: 0.041267
Train Epoch: 16 [6400/7378 (86%)]	Loss: 0.002786
Train Epoch: 16 [6800/7378 (92%)]	Loss: 0.043016
Train Epoch: 16 [7200/7378 (97%)]	Loss: 0.001632
Test set: Average loss: 0.9239, Accuracy: 1463/1844 (79%)
Train Epoch: 17 [0/7378 (0%)]	Loss: 0.000916
Train Epoch: 17 [400/7378 (5%)]	Loss: 0.002422
Train Epoch: 17 [800/7378 (11%)]	Loss: 0.009739
Train Epoch: 17 [1200/7378 (16%)]	Loss: 0.004829
Train Epoch: 17 [1600/7378 (22%)]	Loss: 0.002895
Train Epoch: 17 [2000/7378 (27%)]	Loss: 0.001152
Train Epoch: 17 [2400/7378 (32%)]	Loss: 0.025484
Train Epoch: 17 [2800/7378 (38%)]	Loss: 0.011158
Train Epoch: 17 [3200/7378 (43%)]	Loss: 0.006231
Train Epoch: 17 [3600/7378 (49%)]	Loss: 0.063762
Train Epoch: 17 [4000/7378 (54%)]	Loss: 0.007448
Train Epoch: 17 [4400/7378 (59%)]	Loss: 0.002853
Train Epoch: 17 [4800/7378 (65%)]	Loss: 0.001205
Train Epoch: 17 [5200/7378 (70%)]	Loss: 0.097487
Train Epoch: 17 [5600/7378 (76%)]	Loss: 0.006618
Train Epoch: 17 [6000/7378 (81%)]	Loss: 0.053537
Train Epoch: 17 [6400/7378 (86%)]	Loss: 0.001330
Train Epoch: 17 [6800/7378 (92%)]	Loss: 0.032833
Train Epoch: 17 [7200/7378 (97%)]	Loss: 0.024518
Test set: Average loss: 0.9958, Accuracy: 1460/1844 (79%)
Train Epoch: 18 [0/7378 (0%)]	Loss: 0.008381
Train Epoch: 18 [400/7378 (5%)]	Loss: 0.158893
Train Epoch: 18 [800/7378 (11%)]	Loss: 0.013531
Train Epoch: 18 [1200/7378 (16%)]	Loss: 0.010414
Train Epoch: 18 [1600/7378 (22%)]	Loss: 0.014855
Train Epoch: 18 [2000/7378 (27%)]	Loss: 0.005680
Train Epoch: 18 [2400/7378 (32%)]	Loss: 0.074735
Train Epoch: 18 [2800/7378 (38%)]	Loss: 0.007680
Train Epoch: 18 [3200/7378 (43%)]	Loss: 0.020597
Train Epoch: 18 [3600/7378 (49%)]	Loss: 0.003442
Train Epoch: 18 [4000/7378 (54%)]	Loss: 0.010738
Train Epoch: 18 [4400/7378 (59%)]	Loss: 0.001368
Train Epoch: 18 [4800/7378 (65%)]	Loss: 0.004836
Train Epoch: 18 [5200/7378 (70%)]	Loss: 0.001487
Train Epoch: 18 [5600/7378 (76%)]	Loss: 0.001918
Train Epoch: 18 [6000/7378 (81%)]	Loss: 0.000451
Train Epoch: 18 [6400/7378 (86%)]	Loss: 0.000776
Train Epoch: 18 [6800/7378 (92%)]	Loss: 0.004185
Train Epoch: 18 [7200/7378 (97%)]	Loss: 0.005449
Test set: Average loss: 0.9834, Accuracy: 1475/1844 (79%)
Train Epoch: 19 [0/7378 (0%)]	Loss: 0.022141
Train Epoch: 19 [400/7378 (5%)]	Loss: 0.005224
Train Epoch: 19 [800/7378 (11%)]	Loss: 0.002957
Train Epoch: 19 [1200/7378 (16%)]	Loss: 0.003930
Train Epoch: 19 [1600/7378 (22%)]	Loss: 0.133107
Train Epoch: 19 [2000/7378 (27%)]	Loss: 0.002221
Train Epoch: 19 [2400/7378 (32%)]	Loss: 0.000778
Train Epoch: 19 [2800/7378 (38%)]	Loss: 0.002079
Train Epoch: 19 [3200/7378 (43%)]	Loss: 0.001374
Train Epoch: 19 [3600/7378 (49%)]	Loss: 0.002009
Train Epoch: 19 [4000/7378 (54%)]	Loss: 0.007060
Train Epoch: 19 [4400/7378 (59%)]	Loss: 0.018060
Train Epoch: 19 [4800/7378 (65%)]	Loss: 0.003241
Train Epoch: 19 [5200/7378 (70%)]	Loss: 0.017141
Train Epoch: 19 [5600/7378 (76%)]	Loss: 0.001499
Train Epoch: 19 [6000/7378 (81%)]	Loss: 0.091657
Train Epoch: 19 [6400/7378 (86%)]	Loss: 0.002484
Train Epoch: 19 [6800/7378 (92%)]	Loss: 0.004014
Train Epoch: 19 [7200/7378 (97%)]	Loss: 0.004431
Test set: Average loss: 0.9001, Accuracy: 1477/1844 (80%)
Train Epoch: 20 [0/7378 (0%)]	Loss: 0.001424
Train Epoch: 20 [400/7378 (5%)]	Loss: 0.003134
Train Epoch: 20 [800/7378 (11%)]	Loss: 0.001310
Train Epoch: 20 [1200/7378 (16%)]	Loss: 0.001291
Train Epoch: 20 [1600/7378 (22%)]	Loss: 0.010916
Train Epoch: 20 [2000/7378 (27%)]	Loss: 0.000972
Train Epoch: 20 [2400/7378 (32%)]	Loss: 0.005571
Train Epoch: 20 [2800/7378 (38%)]	Loss: 0.000430
Train Epoch: 20 [3200/7378 (43%)]	Loss: 0.002361
Train Epoch: 20 [3600/7378 (49%)]	Loss: 0.000624
Train Epoch: 20 [4000/7378 (54%)]	Loss: 0.000144
Train Epoch: 20 [4400/7378 (59%)]	Loss: 0.000642
Train Epoch: 20 [4800/7378 (65%)]	Loss: 0.068186
Train Epoch: 20 [5200/7378 (70%)]	Loss: 0.001150
Train Epoch: 20 [5600/7378 (76%)]	Loss: 0.047728
Train Epoch: 20 [6000/7378 (81%)]	Loss: 0.018042
Train Epoch: 20 [6400/7378 (86%)]	Loss: 0.005573
Train Epoch: 20 [6800/7378 (92%)]	Loss: 0.001496
Train Epoch: 20 [7200/7378 (97%)]	Loss: 0.008873
Test set: Average loss: 0.9534, Accuracy: 1487/1844 (80%)
Train Epoch: 21 [0/7378 (0%)]	Loss: 0.001491
Train Epoch: 21 [400/7378 (5%)]	Loss: 0.010401
Train Epoch: 21 [800/7378 (11%)]	Loss: 0.000497
Train Epoch: 21 [1200/7378 (16%)]	Loss: 0.002632
Train Epoch: 21 [1600/7378 (22%)]	Loss: 0.001907
Train Epoch: 21 [2000/7378 (27%)]	Loss: 0.000149
Train Epoch: 21 [2400/7378 (32%)]	Loss: 0.001071
Train Epoch: 21 [2800/7378 (38%)]	Loss: 0.001636
Train Epoch: 21 [3200/7378 (43%)]	Loss: 0.005589
Train Epoch: 21 [3600/7378 (49%)]	Loss: 0.001545
Train Epoch: 21 [4000/7378 (54%)]	Loss: 0.008515
Train Epoch: 21 [4400/7378 (59%)]	Loss: 0.001161
Train Epoch: 21 [4800/7378 (65%)]	Loss: 0.001952
Train Epoch: 21 [5200/7378 (70%)]	Loss: 0.002820
Train Epoch: 21 [5600/7378 (76%)]	Loss: 0.000726
Train Epoch: 21 [6000/7378 (81%)]	Loss: 0.003829
Train Epoch: 21 [6400/7378 (86%)]	Loss: 0.000201
Train Epoch: 21 [6800/7378 (92%)]	Loss: 0.000288
Train Epoch: 21 [7200/7378 (97%)]	Loss: 0.000367
Test set: Average loss: 0.9533, Accuracy: 1496/1844 (81%)
Train Epoch: 22 [0/7378 (0%)]	Loss: 0.000800
Train Epoch: 22 [400/7378 (5%)]	Loss: 0.002487
Train Epoch: 22 [800/7378 (11%)]	Loss: 0.000278
Train Epoch: 22 [1200/7378 (16%)]	Loss: 0.000505
Train Epoch: 22 [1600/7378 (22%)]	Loss: 0.000521
Train Epoch: 22 [2000/7378 (27%)]	Loss: 0.001436
Train Epoch: 22 [2400/7378 (32%)]	Loss: 0.000430
Train Epoch: 22 [2800/7378 (38%)]	Loss: 0.000231
Train Epoch: 22 [3200/7378 (43%)]	Loss: 0.002059
Train Epoch: 22 [3600/7378 (49%)]	Loss: 0.000849
Train Epoch: 22 [4000/7378 (54%)]	Loss: 0.000232
Train Epoch: 22 [4400/7378 (59%)]	Loss: 0.002469
Train Epoch: 22 [4800/7378 (65%)]	Loss: 0.000142
Train Epoch: 22 [5200/7378 (70%)]	Loss: 0.000675
Train Epoch: 22 [5600/7378 (76%)]	Loss: 0.004868
Train Epoch: 22 [6000/7378 (81%)]	Loss: 0.000683
Train Epoch: 22 [6400/7378 (86%)]	Loss: 0.000772
Train Epoch: 22 [6800/7378 (92%)]	Loss: 0.000317
Train Epoch: 22 [7200/7378 (97%)]	Loss: 0.001989
Test set: Average loss: 0.9427, Accuracy: 1488/1844 (80%)
Train Epoch: 23 [0/7378 (0%)]	Loss: 0.000449
Train Epoch: 23 [400/7378 (5%)]	Loss: 0.000638
Train Epoch: 23 [800/7378 (11%)]	Loss: 0.000607
Train Epoch: 23 [1200/7378 (16%)]	Loss: 0.001326
Train Epoch: 23 [1600/7378 (22%)]	Loss: 0.001452
Train Epoch: 23 [2000/7378 (27%)]	Loss: 0.000346
Train Epoch: 23 [2400/7378 (32%)]	Loss: 0.000700
Train Epoch: 23 [2800/7378 (38%)]	Loss: 0.000611
Train Epoch: 23 [3200/7378 (43%)]	Loss: 0.000177
Train Epoch: 23 [3600/7378 (49%)]	Loss: 0.000306
Train Epoch: 23 [4000/7378 (54%)]	Loss: 0.019634
Train Epoch: 23 [4400/7378 (59%)]	Loss: 0.000724
Train Epoch: 23 [4800/7378 (65%)]	Loss: 0.001049
Train Epoch: 23 [5200/7378 (70%)]	Loss: 0.000764
Train Epoch: 23 [5600/7378 (76%)]	Loss: 0.001232
Train Epoch: 23 [6000/7378 (81%)]	Loss: 0.000280
Train Epoch: 23 [6400/7378 (86%)]	Loss: 0.000906
Train Epoch: 23 [6800/7378 (92%)]	Loss: 0.000336
Train Epoch: 23 [7200/7378 (97%)]	Loss: 0.000555
Test set: Average loss: 0.9622, Accuracy: 1502/1844 (81%)
Train Epoch: 24 [0/7378 (0%)]	Loss: 0.000327
Train Epoch: 24 [400/7378 (5%)]	Loss: 0.000260
Train Epoch: 24 [800/7378 (11%)]	Loss: 0.000226
Train Epoch: 24 [1200/7378 (16%)]	Loss: 0.000121
Train Epoch: 24 [1600/7378 (22%)]	Loss: 0.000214
Train Epoch: 24 [2000/7378 (27%)]	Loss: 0.031643
Train Epoch: 24 [2400/7378 (32%)]	Loss: 0.001348
Train Epoch: 24 [2800/7378 (38%)]	Loss: 0.000705
Train Epoch: 24 [3200/7378 (43%)]	Loss: 0.000160
Train Epoch: 24 [3600/7378 (49%)]	Loss: 0.000442
Train Epoch: 24 [4000/7378 (54%)]	Loss: 0.000180
Train Epoch: 24 [4400/7378 (59%)]	Loss: 0.000239
Train Epoch: 24 [4800/7378 (65%)]	Loss: 0.000318
Train Epoch: 24 [5200/7378 (70%)]	Loss: 0.000129
Train Epoch: 24 [5600/7378 (76%)]	Loss: 0.000154
Train Epoch: 24 [6000/7378 (81%)]	Loss: 0.000258
Train Epoch: 24 [6400/7378 (86%)]	Loss: 0.000489
Train Epoch: 24 [6800/7378 (92%)]	Loss: 0.000643
Train Epoch: 24 [7200/7378 (97%)]	Loss: 0.002446
Test set: Average loss: 0.9862, Accuracy: 1500/1844 (81%)
Train Epoch: 25 [0/7378 (0%)]	Loss: 0.001469
Train Epoch: 25 [400/7378 (5%)]	Loss: 0.000677
Train Epoch: 25 [800/7378 (11%)]	Loss: 0.031099
Train Epoch: 25 [1200/7378 (16%)]	Loss: 0.023230
Train Epoch: 25 [1600/7378 (22%)]	Loss: 0.000265
Train Epoch: 25 [2000/7378 (27%)]	Loss: 0.001220
Train Epoch: 25 [2400/7378 (32%)]	Loss: 0.001165
Train Epoch: 25 [2800/7378 (38%)]	Loss: 0.001923
Train Epoch: 25 [3200/7378 (43%)]	Loss: 0.051467
Train Epoch: 25 [3600/7378 (49%)]	Loss: 0.000688
Train Epoch: 25 [4000/7378 (54%)]	Loss: 0.000802
Train Epoch: 25 [4400/7378 (59%)]	Loss: 0.000562
Train Epoch: 25 [4800/7378 (65%)]	Loss: 0.014111
Train Epoch: 25 [5200/7378 (70%)]	Loss: 0.001144
Train Epoch: 25 [5600/7378 (76%)]	Loss: 0.000874
Train Epoch: 25 [6000/7378 (81%)]	Loss: 0.000873
Train Epoch: 25 [6400/7378 (86%)]	Loss: 0.000678
Train Epoch: 25 [6800/7378 (92%)]	Loss: 0.000457
Train Epoch: 25 [7200/7378 (97%)]	Loss: 0.000246
Test set: Average loss: 0.9957, Accuracy: 1484/1844 (80%)
Train Epoch: 26 [0/7378 (0%)]	Loss: 0.000189
Train Epoch: 26 [400/7378 (5%)]	Loss: 0.000490
Train Epoch: 26 [800/7378 (11%)]	Loss: 0.000536
Train Epoch: 26 [1200/7378 (16%)]	Loss: 0.000447
Train Epoch: 26 [1600/7378 (22%)]	Loss: 0.000404
Train Epoch: 26 [2000/7378 (27%)]	Loss: 0.000903
Train Epoch: 26 [2400/7378 (32%)]	Loss: 0.000658
Train Epoch: 26 [2800/7378 (38%)]	Loss: 0.000790
Train Epoch: 26 [3200/7378 (43%)]	Loss: 0.000561
Train Epoch: 26 [3600/7378 (49%)]	Loss: 0.000251
Train Epoch: 26 [4000/7378 (54%)]	Loss: 0.000375
Train Epoch: 26 [4400/7378 (59%)]	Loss: 0.001074
Train Epoch: 26 [4800/7378 (65%)]	Loss: 0.000553
Train Epoch: 26 [5200/7378 (70%)]	Loss: 0.001204
Train Epoch: 26 [5600/7378 (76%)]	Loss: 0.001869
Train Epoch: 26 [6000/7378 (81%)]	Loss: 0.009034
Train Epoch: 26 [6400/7378 (86%)]	Loss: 0.000255
Train Epoch: 26 [6800/7378 (92%)]	Loss: 0.000757
Train Epoch: 26 [7200/7378 (97%)]	Loss: 0.014213
Test set: Average loss: 1.0163, Accuracy: 1485/1844 (80%)
Train Epoch: 27 [0/7378 (0%)]	Loss: 0.001736
Train Epoch: 27 [400/7378 (5%)]	Loss: 0.000638
Train Epoch: 27 [800/7378 (11%)]	Loss: 0.000639
Train Epoch: 27 [1200/7378 (16%)]	Loss: 0.000766
Train Epoch: 27 [1600/7378 (22%)]	Loss: 0.001137
Train Epoch: 27 [2000/7378 (27%)]	Loss: 0.000189
Train Epoch: 27 [2400/7378 (32%)]	Loss: 0.000231
Train Epoch: 27 [2800/7378 (38%)]	Loss: 0.003115
Train Epoch: 27 [3200/7378 (43%)]	Loss: 0.000094
Train Epoch: 27 [3600/7378 (49%)]	Loss: 0.001299
Train Epoch: 27 [4000/7378 (54%)]	Loss: 0.002017
Train Epoch: 27 [4400/7378 (59%)]	Loss: 0.001983
Train Epoch: 27 [4800/7378 (65%)]	Loss: 0.000407
Train Epoch: 27 [5200/7378 (70%)]	Loss: 0.017956
Train Epoch: 27 [5600/7378 (76%)]	Loss: 0.017303
Train Epoch: 27 [6000/7378 (81%)]	Loss: 0.001871
Train Epoch: 27 [6400/7378 (86%)]	Loss: 0.004381
Train Epoch: 27 [6800/7378 (92%)]	Loss: 0.008424
Train Epoch: 27 [7200/7378 (97%)]	Loss: 0.008005
Test set: Average loss: 1.0137, Accuracy: 1471/1844 (79%)
Train Epoch: 28 [0/7378 (0%)]	Loss: 0.001501
Train Epoch: 28 [400/7378 (5%)]	Loss: 0.001719
Train Epoch: 28 [800/7378 (11%)]	Loss: 0.001962
Train Epoch: 28 [1200/7378 (16%)]	Loss: 0.001495
Train Epoch: 28 [1600/7378 (22%)]	Loss: 0.002984
Train Epoch: 28 [2000/7378 (27%)]	Loss: 0.002413
Train Epoch: 28 [2400/7378 (32%)]	Loss: 0.008720
Train Epoch: 28 [2800/7378 (38%)]	Loss: 0.000844
Train Epoch: 28 [3200/7378 (43%)]	Loss: 0.000240
Train Epoch: 28 [3600/7378 (49%)]	Loss: 0.000589
Train Epoch: 28 [4000/7378 (54%)]	Loss: 0.000835
Train Epoch: 28 [4400/7378 (59%)]	Loss: 0.000456
Train Epoch: 28 [4800/7378 (65%)]	Loss: 0.000372
Train Epoch: 28 [5200/7378 (70%)]	Loss: 0.002288
Train Epoch: 28 [5600/7378 (76%)]	Loss: 0.000307
Train Epoch: 28 [6000/7378 (81%)]	Loss: 0.059138
Train Epoch: 28 [6400/7378 (86%)]	Loss: 0.001970
Train Epoch: 28 [6800/7378 (92%)]	Loss: 0.000721
Train Epoch: 28 [7200/7378 (97%)]	Loss: 0.011642
Test set: Average loss: 0.9811, Accuracy: 1492/1844 (80%)
Train Epoch: 29 [0/7378 (0%)]	Loss: 0.001661
Train Epoch: 29 [400/7378 (5%)]	Loss: 0.000720
Train Epoch: 29 [800/7378 (11%)]	Loss: 0.001008
Train Epoch: 29 [1200/7378 (16%)]	Loss: 0.024413
Train Epoch: 29 [1600/7378 (22%)]	Loss: 0.000428
Train Epoch: 29 [2000/7378 (27%)]	Loss: 0.004415
Train Epoch: 29 [2400/7378 (32%)]	Loss: 0.052684
Train Epoch: 29 [2800/7378 (38%)]	Loss: 0.000898
Train Epoch: 29 [3200/7378 (43%)]	Loss: 0.001061
Train Epoch: 29 [3600/7378 (49%)]	Loss: 0.000255
Train Epoch: 29 [4000/7378 (54%)]	Loss: 0.010636
Train Epoch: 29 [4400/7378 (59%)]	Loss: 0.003887
Train Epoch: 29 [4800/7378 (65%)]	Loss: 0.005890
Train Epoch: 29 [5200/7378 (70%)]	Loss: 0.001778
Train Epoch: 29 [5600/7378 (76%)]	Loss: 0.000491
Train Epoch: 29 [6000/7378 (81%)]	Loss: 0.001018
Train Epoch: 29 [6400/7378 (86%)]	Loss: 0.000148
Train Epoch: 29 [6800/7378 (92%)]	Loss: 0.000242
Train Epoch: 29 [7200/7378 (97%)]	Loss: 0.001612
Test set: Average loss: 0.9717, Accuracy: 1492/1844 (80%)
Train Epoch: 30 [0/7378 (0%)]	Loss: 0.001658
Train Epoch: 30 [400/7378 (5%)]	Loss: 0.000746
Train Epoch: 30 [800/7378 (11%)]	Loss: 0.000198
Train Epoch: 30 [1200/7378 (16%)]	Loss: 0.018323
Train Epoch: 30 [1600/7378 (22%)]	Loss: 0.019062
Train Epoch: 30 [2000/7378 (27%)]	Loss: 0.016931
Train Epoch: 30 [2400/7378 (32%)]	Loss: 0.000223
Train Epoch: 30 [2800/7378 (38%)]	Loss: 0.001019
Train Epoch: 30 [3200/7378 (43%)]	Loss: 0.000749
Train Epoch: 30 [3600/7378 (49%)]	Loss: 0.001227
Train Epoch: 30 [4000/7378 (54%)]	Loss: 0.000216
Train Epoch: 30 [4400/7378 (59%)]	Loss: 0.002914
Train Epoch: 30 [4800/7378 (65%)]	Loss: 0.000773
Train Epoch: 30 [5200/7378 (70%)]	Loss: 0.001612
Train Epoch: 30 [5600/7378 (76%)]	Loss: 0.000790
Train Epoch: 30 [6000/7378 (81%)]	Loss: 0.000396
Train Epoch: 30 [6400/7378 (86%)]	Loss: 0.000917
Train Epoch: 30 [6800/7378 (92%)]	Loss: 0.001241
Train Epoch: 30 [7200/7378 (97%)]	Loss: 0.001756
Test set: Average loss: 1.0598, Accuracy: 1482/1844 (80%)
Train Epoch: 31 [0/7378 (0%)]	Loss: 0.001986
Train Epoch: 31 [400/7378 (5%)]	Loss: 0.000286
Train Epoch: 31 [800/7378 (11%)]	Loss: 0.000496
Train Epoch: 31 [1200/7378 (16%)]	Loss: 0.000178
Train Epoch: 31 [1600/7378 (22%)]	Loss: 0.000201
Train Epoch: 31 [2000/7378 (27%)]	Loss: 0.003664
Train Epoch: 31 [2400/7378 (32%)]	Loss: 0.000429
Train Epoch: 31 [2800/7378 (38%)]	Loss: 0.000347
Train Epoch: 31 [3200/7378 (43%)]	Loss: 0.000162
Train Epoch: 31 [3600/7378 (49%)]	Loss: 0.001967
Train Epoch: 31 [4000/7378 (54%)]	Loss: 0.001855
Train Epoch: 31 [4400/7378 (59%)]	Loss: 0.000536
Train Epoch: 31 [4800/7378 (65%)]	Loss: 0.000160
Train Epoch: 31 [5200/7378 (70%)]	Loss: 0.000716
Train Epoch: 31 [5600/7378 (76%)]	Loss: 0.000426
Train Epoch: 31 [6000/7378 (81%)]	Loss: 0.000353
Train Epoch: 31 [6400/7378 (86%)]	Loss: 0.001198
Train Epoch: 31 [6800/7378 (92%)]	Loss: 0.000882
Train Epoch: 31 [7200/7378 (97%)]	Loss: 0.001306
Test set: Average loss: 1.0300, Accuracy: 1501/1844 (81%)
Train Epoch: 32 [0/7378 (0%)]	Loss: 0.004816
Train Epoch: 32 [400/7378 (5%)]	Loss: 0.000666
Train Epoch: 32 [800/7378 (11%)]	Loss: 0.000460
Train Epoch: 32 [1200/7378 (16%)]	Loss: 0.000148
Train Epoch: 32 [1600/7378 (22%)]	Loss: 0.000095
Train Epoch: 32 [2000/7378 (27%)]	Loss: 0.000123
Train Epoch: 32 [2400/7378 (32%)]	Loss: 0.000754
Train Epoch: 32 [2800/7378 (38%)]	Loss: 0.001619
Train Epoch: 32 [3200/7378 (43%)]	Loss: 0.000235
Train Epoch: 32 [3600/7378 (49%)]	Loss: 0.000274
Train Epoch: 32 [4000/7378 (54%)]	Loss: 0.000395
Train Epoch: 32 [4400/7378 (59%)]	Loss: 0.003979
Train Epoch: 32 [4800/7378 (65%)]	Loss: 0.000476
Train Epoch: 32 [5200/7378 (70%)]	Loss: 0.000359
Train Epoch: 32 [5600/7378 (76%)]	Loss: 0.000094
Train Epoch: 32 [6000/7378 (81%)]	Loss: 0.001665
Train Epoch: 32 [6400/7378 (86%)]	Loss: 0.000379
Train Epoch: 32 [6800/7378 (92%)]	Loss: 0.010480
Train Epoch: 32 [7200/7378 (97%)]	Loss: 0.000370
Test set: Average loss: 0.9982, Accuracy: 1497/1844 (81%)
Train Epoch: 33 [0/7378 (0%)]	Loss: 0.000370
Train Epoch: 33 [400/7378 (5%)]	Loss: 0.000191
Train Epoch: 33 [800/7378 (11%)]	Loss: 0.000182
Train Epoch: 33 [1200/7378 (16%)]	Loss: 0.000150
Train Epoch: 33 [1600/7378 (22%)]	Loss: 0.000343
Train Epoch: 33 [2000/7378 (27%)]	Loss: 0.000285
Train Epoch: 33 [2400/7378 (32%)]	Loss: 0.000100
Train Epoch: 33 [2800/7378 (38%)]	Loss: 0.000427
Train Epoch: 33 [3200/7378 (43%)]	Loss: 0.000305
Train Epoch: 33 [3600/7378 (49%)]	Loss: 0.000105
Train Epoch: 33 [4000/7378 (54%)]	Loss: 0.000090
Train Epoch: 33 [4400/7378 (59%)]	Loss: 0.006258
Train Epoch: 33 [4800/7378 (65%)]	Loss: 0.000630
Train Epoch: 33 [5200/7378 (70%)]	Loss: 0.000121
Train Epoch: 33 [5600/7378 (76%)]	Loss: 0.000048
Train Epoch: 33 [6000/7378 (81%)]	Loss: 0.000122
Train Epoch: 33 [6400/7378 (86%)]	Loss: 0.001017
Train Epoch: 33 [6800/7378 (92%)]	Loss: 0.000118
Train Epoch: 33 [7200/7378 (97%)]	Loss: 0.000103
Test set: Average loss: 1.0329, Accuracy: 1501/1844 (81%)
Train Epoch: 34 [0/7378 (0%)]	Loss: 0.000230
Train Epoch: 34 [400/7378 (5%)]	Loss: 0.000176
Train Epoch: 34 [800/7378 (11%)]	Loss: 0.000052
Train Epoch: 34 [1200/7378 (16%)]	Loss: 0.000210
Train Epoch: 34 [1600/7378 (22%)]	Loss: 0.000928
Train Epoch: 34 [2000/7378 (27%)]	Loss: 0.000150
Train Epoch: 34 [2400/7378 (32%)]	Loss: 0.000094
Train Epoch: 34 [2800/7378 (38%)]	Loss: 0.000045
Train Epoch: 34 [3200/7378 (43%)]	Loss: 0.000147
Train Epoch: 34 [3600/7378 (49%)]	Loss: 0.000085
Train Epoch: 34 [4000/7378 (54%)]	Loss: 0.000160
Train Epoch: 34 [4400/7378 (59%)]	Loss: 0.000368
Train Epoch: 34 [4800/7378 (65%)]	Loss: 0.000517
Train Epoch: 34 [5200/7378 (70%)]	Loss: 0.000149
Train Epoch: 34 [5600/7378 (76%)]	Loss: 0.000075
Train Epoch: 34 [6000/7378 (81%)]	Loss: 0.000158
Train Epoch: 34 [6400/7378 (86%)]	Loss: 0.000158
Train Epoch: 34 [6800/7378 (92%)]	Loss: 0.010510
Train Epoch: 34 [7200/7378 (97%)]	Loss: 0.000090
Test set: Average loss: 1.0391, Accuracy: 1501/1844 (81%)
Train Epoch: 35 [0/7378 (0%)]	Loss: 0.000136
Train Epoch: 35 [400/7378 (5%)]	Loss: 0.000076
Train Epoch: 35 [800/7378 (11%)]	Loss: 0.001708
Train Epoch: 35 [1200/7378 (16%)]	Loss: 0.000079
Train Epoch: 35 [1600/7378 (22%)]	Loss: 0.000188
Train Epoch: 35 [2000/7378 (27%)]	Loss: 0.000111
Train Epoch: 35 [2400/7378 (32%)]	Loss: 0.000097
Train Epoch: 35 [2800/7378 (38%)]	Loss: 0.007632
Train Epoch: 35 [3200/7378 (43%)]	Loss: 0.000081
Train Epoch: 35 [3600/7378 (49%)]	Loss: 0.000085
Train Epoch: 35 [4000/7378 (54%)]	Loss: 0.000175
Train Epoch: 35 [4400/7378 (59%)]	Loss: 0.000123
Train Epoch: 35 [4800/7378 (65%)]	Loss: 0.000092
Train Epoch: 35 [5200/7378 (70%)]	Loss: 0.000096
Train Epoch: 35 [5600/7378 (76%)]	Loss: 0.000094
Train Epoch: 35 [6000/7378 (81%)]	Loss: 0.000651
Train Epoch: 35 [6400/7378 (86%)]	Loss: 0.000146
Train Epoch: 35 [6800/7378 (92%)]	Loss: 0.000049
Train Epoch: 35 [7200/7378 (97%)]	Loss: 0.000335
Test set: Average loss: 1.0405, Accuracy: 1503/1844 (81%)
Train Epoch: 36 [0/7378 (0%)]	Loss: 0.000360
Train Epoch: 36 [400/7378 (5%)]	Loss: 0.000517
Train Epoch: 36 [800/7378 (11%)]	Loss: 0.000126
Train Epoch: 36 [1200/7378 (16%)]	Loss: 0.000094
Train Epoch: 36 [1600/7378 (22%)]	Loss: 0.000159
Train Epoch: 36 [2000/7378 (27%)]	Loss: 0.000220
Train Epoch: 36 [2400/7378 (32%)]	Loss: 0.000334
Train Epoch: 36 [2800/7378 (38%)]	Loss: 0.000250
Train Epoch: 36 [3200/7378 (43%)]	Loss: 0.000107
Train Epoch: 36 [3600/7378 (49%)]	Loss: 0.000304
Train Epoch: 36 [4000/7378 (54%)]	Loss: 0.002271
Train Epoch: 36 [4400/7378 (59%)]	Loss: 0.000216
Train Epoch: 36 [4800/7378 (65%)]	Loss: 0.000236
Train Epoch: 36 [5200/7378 (70%)]	Loss: 0.003949
Train Epoch: 36 [5600/7378 (76%)]	Loss: 0.000286
Train Epoch: 36 [6000/7378 (81%)]	Loss: 0.000353
Train Epoch: 36 [6400/7378 (86%)]	Loss: 0.000416
Train Epoch: 36 [6800/7378 (92%)]	Loss: 0.017047
Train Epoch: 36 [7200/7378 (97%)]	Loss: 0.000403
Test set: Average loss: 1.0950, Accuracy: 1516/1844 (82%)
Train Epoch: 37 [0/7378 (0%)]	Loss: 0.000088
Train Epoch: 37 [400/7378 (5%)]	Loss: 0.000157
Train Epoch: 37 [800/7378 (11%)]	Loss: 0.000377
Train Epoch: 37 [1200/7378 (16%)]	Loss: 0.002018
Train Epoch: 37 [1600/7378 (22%)]	Loss: 0.000560
Train Epoch: 37 [2000/7378 (27%)]	Loss: 0.000245
Train Epoch: 37 [2400/7378 (32%)]	Loss: 0.000335
Train Epoch: 37 [2800/7378 (38%)]	Loss: 0.000040
Train Epoch: 37 [3200/7378 (43%)]	Loss: 0.000626
Train Epoch: 37 [3600/7378 (49%)]	Loss: 0.000256
Train Epoch: 37 [4000/7378 (54%)]	Loss: 0.000338
Train Epoch: 37 [4400/7378 (59%)]	Loss: 0.000066
Train Epoch: 37 [4800/7378 (65%)]	Loss: 0.003705
Train Epoch: 37 [5200/7378 (70%)]	Loss: 0.000186
Train Epoch: 37 [5600/7378 (76%)]	Loss: 0.000145
Train Epoch: 37 [6000/7378 (81%)]	Loss: 0.000173
Train Epoch: 37 [6400/7378 (86%)]	Loss: 0.002839
Train Epoch: 37 [6800/7378 (92%)]	Loss: 0.000207
Train Epoch: 37 [7200/7378 (97%)]	Loss: 0.001756
Test set: Average loss: 1.0949, Accuracy: 1503/1844 (81%)
Train Epoch: 38 [0/7378 (0%)]	Loss: 0.000194
Train Epoch: 38 [400/7378 (5%)]	Loss: 0.000556
Train Epoch: 38 [800/7378 (11%)]	Loss: 0.000071
Train Epoch: 38 [1200/7378 (16%)]	Loss: 0.000077
Train Epoch: 38 [1600/7378 (22%)]	Loss: 0.000146
Train Epoch: 38 [2000/7378 (27%)]	Loss: 0.000504
Train Epoch: 38 [2400/7378 (32%)]	Loss: 0.000116
Train Epoch: 38 [2800/7378 (38%)]	Loss: 0.000303
Train Epoch: 38 [3200/7378 (43%)]	Loss: 0.000367
Train Epoch: 38 [3600/7378 (49%)]	Loss: 0.000208
Train Epoch: 38 [4000/7378 (54%)]	Loss: 0.000296
Train Epoch: 38 [4400/7378 (59%)]	Loss: 0.000160
Train Epoch: 38 [4800/7378 (65%)]	Loss: 0.000127
Train Epoch: 38 [5200/7378 (70%)]	Loss: 0.000478
Train Epoch: 38 [5600/7378 (76%)]	Loss: 0.000054
Train Epoch: 38 [6000/7378 (81%)]	Loss: 0.000107
Train Epoch: 38 [6400/7378 (86%)]	Loss: 0.000708
Train Epoch: 38 [6800/7378 (92%)]	Loss: 0.000208
Train Epoch: 38 [7200/7378 (97%)]	Loss: 0.000041
Test set: Average loss: 1.0880, Accuracy: 1505/1844 (81%)
Train Epoch: 39 [0/7378 (0%)]	Loss: 0.000080
Train Epoch: 39 [400/7378 (5%)]	Loss: 0.000057
Train Epoch: 39 [800/7378 (11%)]	Loss: 0.000029
Train Epoch: 39 [1200/7378 (16%)]	Loss: 0.000084
Train Epoch: 39 [1600/7378 (22%)]	Loss: 0.000037
Train Epoch: 39 [2000/7378 (27%)]	Loss: 0.000027
Train Epoch: 39 [2400/7378 (32%)]	Loss: 0.000361
Train Epoch: 39 [2800/7378 (38%)]	Loss: 0.000075
Train Epoch: 39 [3200/7378 (43%)]	Loss: 0.000370
Train Epoch: 39 [3600/7378 (49%)]	Loss: 0.000155
Train Epoch: 39 [4000/7378 (54%)]	Loss: 0.000025
Train Epoch: 39 [4400/7378 (59%)]	Loss: 0.000144
Train Epoch: 39 [4800/7378 (65%)]	Loss: 0.000049
Train Epoch: 39 [5200/7378 (70%)]	Loss: 0.000168
Train Epoch: 39 [5600/7378 (76%)]	Loss: 0.000195
Train Epoch: 39 [6000/7378 (81%)]	Loss: 0.000021
Train Epoch: 39 [6400/7378 (86%)]	Loss: 0.000054
Train Epoch: 39 [6800/7378 (92%)]	Loss: 0.000072
Train Epoch: 39 [7200/7378 (97%)]	Loss: 0.000079
Test set: Average loss: 1.0726, Accuracy: 1505/1844 (81%)
Train Epoch: 40 [0/7378 (0%)]	Loss: 0.000022
Train Epoch: 40 [400/7378 (5%)]	Loss: 0.000067
Train Epoch: 40 [800/7378 (11%)]	Loss: 0.000022
Train Epoch: 40 [1200/7378 (16%)]	Loss: 0.000118
Train Epoch: 40 [1600/7378 (22%)]	Loss: 0.000340
Train Epoch: 40 [2000/7378 (27%)]	Loss: 0.000103
Train Epoch: 40 [2400/7378 (32%)]	Loss: 0.000074
Train Epoch: 40 [2800/7378 (38%)]	Loss: 0.000175
Train Epoch: 40 [3200/7378 (43%)]	Loss: 0.000231
Train Epoch: 40 [3600/7378 (49%)]	Loss: 0.000726
Train Epoch: 40 [4000/7378 (54%)]	Loss: 0.000040
Train Epoch: 40 [4400/7378 (59%)]	Loss: 0.000132
Train Epoch: 40 [4800/7378 (65%)]	Loss: 0.000096
Train Epoch: 40 [5200/7378 (70%)]	Loss: 0.000035
Train Epoch: 40 [5600/7378 (76%)]	Loss: 0.000341
Train Epoch: 40 [6000/7378 (81%)]	Loss: 0.000077
Train Epoch: 40 [6400/7378 (86%)]	Loss: 0.000031
Train Epoch: 40 [6800/7378 (92%)]	Loss: 0.000362
Train Epoch: 40 [7200/7378 (97%)]	Loss: 0.000051
Test set: Average loss: 1.0843, Accuracy: 1505/1844 (81%)
Train Epoch: 41 [0/7378 (0%)]	Loss: 0.000225
Train Epoch: 41 [400/7378 (5%)]	Loss: 0.000103
Train Epoch: 41 [800/7378 (11%)]	Loss: 0.000074
Train Epoch: 41 [1200/7378 (16%)]	Loss: 0.000175
Train Epoch: 41 [1600/7378 (22%)]	Loss: 0.000418
Train Epoch: 41 [2000/7378 (27%)]	Loss: 0.000064
Train Epoch: 41 [2400/7378 (32%)]	Loss: 0.000085
Train Epoch: 41 [2800/7378 (38%)]	Loss: 0.000235
Train Epoch: 41 [3200/7378 (43%)]	Loss: 0.000168
Train Epoch: 41 [3600/7378 (49%)]	Loss: 0.000127
Train Epoch: 41 [4000/7378 (54%)]	Loss: 0.000069
Train Epoch: 41 [4400/7378 (59%)]	Loss: 0.008867
Train Epoch: 41 [4800/7378 (65%)]	Loss: 0.000723
Train Epoch: 41 [5200/7378 (70%)]	Loss: 0.000056
Train Epoch: 41 [5600/7378 (76%)]	Loss: 0.000042
Train Epoch: 41 [6000/7378 (81%)]	Loss: 0.000076
Train Epoch: 41 [6400/7378 (86%)]	Loss: 0.000144
Train Epoch: 41 [6800/7378 (92%)]	Loss: 0.000124
Train Epoch: 41 [7200/7378 (97%)]	Loss: 0.000114
Test set: Average loss: 1.0989, Accuracy: 1503/1844 (81%)
Train Epoch: 42 [0/7378 (0%)]	Loss: 0.000104
Train Epoch: 42 [400/7378 (5%)]	Loss: 0.000033
Train Epoch: 42 [800/7378 (11%)]	Loss: 0.000124
Train Epoch: 42 [1200/7378 (16%)]	Loss: 0.000078
Train Epoch: 42 [1600/7378 (22%)]	Loss: 0.000087
Train Epoch: 42 [2000/7378 (27%)]	Loss: 0.000069
Train Epoch: 42 [2400/7378 (32%)]	Loss: 0.000057
Train Epoch: 42 [2800/7378 (38%)]	Loss: 0.000196
Train Epoch: 42 [3200/7378 (43%)]	Loss: 0.000072
Train Epoch: 42 [3600/7378 (49%)]	Loss: 0.000107
Train Epoch: 42 [4000/7378 (54%)]	Loss: 0.000121
Train Epoch: 42 [4400/7378 (59%)]	Loss: 0.000064
Train Epoch: 42 [4800/7378 (65%)]	Loss: 0.000047
Train Epoch: 42 [5200/7378 (70%)]	Loss: 0.000322
Train Epoch: 42 [5600/7378 (76%)]	Loss: 0.000287
Train Epoch: 42 [6000/7378 (81%)]	Loss: 0.000298
Train Epoch: 42 [6400/7378 (86%)]	Loss: 0.000539
Train Epoch: 42 [6800/7378 (92%)]	Loss: 0.000207
Train Epoch: 42 [7200/7378 (97%)]	Loss: 0.000340
Test set: Average loss: 1.1329, Accuracy: 1503/1844 (81%)
Train Epoch: 43 [0/7378 (0%)]	Loss: 0.000046
Train Epoch: 43 [400/7378 (5%)]	Loss: 0.000121
Train Epoch: 43 [800/7378 (11%)]	Loss: 0.000101
Train Epoch: 43 [1200/7378 (16%)]	Loss: 0.000179
Train Epoch: 43 [1600/7378 (22%)]	Loss: 0.000051
Train Epoch: 43 [2000/7378 (27%)]	Loss: 0.001147
Train Epoch: 43 [2400/7378 (32%)]	Loss: 0.000039
Train Epoch: 43 [2800/7378 (38%)]	Loss: 0.000107
Train Epoch: 43 [3200/7378 (43%)]	Loss: 0.000398
Train Epoch: 43 [3600/7378 (49%)]	Loss: 0.001896
Train Epoch: 43 [4000/7378 (54%)]	Loss: 0.000095
Train Epoch: 43 [4400/7378 (59%)]	Loss: 0.000058
Train Epoch: 43 [4800/7378 (65%)]	Loss: 0.000125
Train Epoch: 43 [5200/7378 (70%)]	Loss: 0.000084
Train Epoch: 43 [5600/7378 (76%)]	Loss: 0.000047
Train Epoch: 43 [6000/7378 (81%)]	Loss: 0.000135
Train Epoch: 43 [6400/7378 (86%)]	Loss: 0.000093
Train Epoch: 43 [6800/7378 (92%)]	Loss: 0.000032
Train Epoch: 43 [7200/7378 (97%)]	Loss: 0.000070
Test set: Average loss: 1.1072, Accuracy: 1503/1844 (81%)
Train Epoch: 44 [0/7378 (0%)]	Loss: 0.000910
Train Epoch: 44 [400/7378 (5%)]	Loss: 0.000029
Train Epoch: 44 [800/7378 (11%)]	Loss: 0.000227
Train Epoch: 44 [1200/7378 (16%)]	Loss: 0.000054
Train Epoch: 44 [1600/7378 (22%)]	Loss: 0.000047
Train Epoch: 44 [2000/7378 (27%)]	Loss: 0.000122
Train Epoch: 44 [2400/7378 (32%)]	Loss: 0.000062
Train Epoch: 44 [2800/7378 (38%)]	Loss: 0.000373
Train Epoch: 44 [3200/7378 (43%)]	Loss: 0.000652
Train Epoch: 44 [3600/7378 (49%)]	Loss: 0.000574
Train Epoch: 44 [4000/7378 (54%)]	Loss: 0.000121
Train Epoch: 44 [4400/7378 (59%)]	Loss: 0.000040
Train Epoch: 44 [4800/7378 (65%)]	Loss: 0.000084
Train Epoch: 44 [5200/7378 (70%)]	Loss: 0.000145
Train Epoch: 44 [5600/7378 (76%)]	Loss: 0.000082
Train Epoch: 44 [6000/7378 (81%)]	Loss: 0.000022
Train Epoch: 44 [6400/7378 (86%)]	Loss: 0.000051
Train Epoch: 44 [6800/7378 (92%)]	Loss: 0.000093
Train Epoch: 44 [7200/7378 (97%)]	Loss: 0.007656
Test set: Average loss: 1.1088, Accuracy: 1507/1844 (81%)
Train Epoch: 45 [0/7378 (0%)]	Loss: 0.000066
Train Epoch: 45 [400/7378 (5%)]	Loss: 0.000083
Train Epoch: 45 [800/7378 (11%)]	Loss: 0.000041
Train Epoch: 45 [1200/7378 (16%)]	Loss: 0.000038
Train Epoch: 45 [1600/7378 (22%)]	Loss: 0.000059
Train Epoch: 45 [2000/7378 (27%)]	Loss: 0.000042
Train Epoch: 45 [2400/7378 (32%)]	Loss: 0.000103
Train Epoch: 45 [2800/7378 (38%)]	Loss: 0.000076
Train Epoch: 45 [3200/7378 (43%)]	Loss: 0.000021
Train Epoch: 45 [3600/7378 (49%)]	Loss: 0.000090
Train Epoch: 45 [4000/7378 (54%)]	Loss: 0.000021
Train Epoch: 45 [4400/7378 (59%)]	Loss: 0.000035
Train Epoch: 45 [4800/7378 (65%)]	Loss: 0.000052
Train Epoch: 45 [5200/7378 (70%)]	Loss: 0.000012
Train Epoch: 45 [5600/7378 (76%)]	Loss: 0.000089
Train Epoch: 45 [6000/7378 (81%)]	Loss: 0.000066
Train Epoch: 45 [6400/7378 (86%)]	Loss: 0.000106
Train Epoch: 45 [6800/7378 (92%)]	Loss: 0.000041
Train Epoch: 45 [7200/7378 (97%)]	Loss: 0.000207
Test set: Average loss: 1.1134, Accuracy: 1513/1844 (82%)
Train Epoch: 46 [0/7378 (0%)]	Loss: 0.000030
Train Epoch: 46 [400/7378 (5%)]	Loss: 0.001438
Train Epoch: 46 [800/7378 (11%)]	Loss: 0.000237
Train Epoch: 46 [1200/7378 (16%)]	Loss: 0.000105
Train Epoch: 46 [1600/7378 (22%)]	Loss: 0.003505
Train Epoch: 46 [2000/7378 (27%)]	Loss: 0.000234
Train Epoch: 46 [2400/7378 (32%)]	Loss: 0.000078
Train Epoch: 46 [2800/7378 (38%)]	Loss: 0.000794
Train Epoch: 46 [3200/7378 (43%)]	Loss: 0.000058
Train Epoch: 46 [3600/7378 (49%)]	Loss: 0.000112
Train Epoch: 46 [4000/7378 (54%)]	Loss: 0.000108
Train Epoch: 46 [4400/7378 (59%)]	Loss: 0.000071
Train Epoch: 46 [4800/7378 (65%)]	Loss: 0.000351
Train Epoch: 46 [5200/7378 (70%)]	Loss: 0.000097
Train Epoch: 46 [5600/7378 (76%)]	Loss: 0.000027
Train Epoch: 46 [6000/7378 (81%)]	Loss: 0.000437
Train Epoch: 46 [6400/7378 (86%)]	Loss: 0.000281
Train Epoch: 46 [6800/7378 (92%)]	Loss: 0.000023
Train Epoch: 46 [7200/7378 (97%)]	Loss: 0.000053
Test set: Average loss: 1.1122, Accuracy: 1508/1844 (81%)
Train Epoch: 47 [0/7378 (0%)]	Loss: 0.000106
Train Epoch: 47 [400/7378 (5%)]	Loss: 0.000102
Train Epoch: 47 [800/7378 (11%)]	Loss: 0.006183
Train Epoch: 47 [1200/7378 (16%)]	Loss: 0.000094
Train Epoch: 47 [1600/7378 (22%)]	Loss: 0.000061
Train Epoch: 47 [2000/7378 (27%)]	Loss: 0.000454
Train Epoch: 47 [2400/7378 (32%)]	Loss: 0.000083
Train Epoch: 47 [2800/7378 (38%)]	Loss: 0.000022
Train Epoch: 47 [3200/7378 (43%)]	Loss: 0.000295
Train Epoch: 47 [3600/7378 (49%)]	Loss: 0.000035
Train Epoch: 47 [4000/7378 (54%)]	Loss: 0.000039
Train Epoch: 47 [4400/7378 (59%)]	Loss: 0.000120
Train Epoch: 47 [4800/7378 (65%)]	Loss: 0.000132
Train Epoch: 47 [5200/7378 (70%)]	Loss: 0.000121
Train Epoch: 47 [5600/7378 (76%)]	Loss: 0.000119
Train Epoch: 47 [6000/7378 (81%)]	Loss: 0.000041
Train Epoch: 47 [6400/7378 (86%)]	Loss: 0.000053
Train Epoch: 47 [6800/7378 (92%)]	Loss: 0.000061
Train Epoch: 47 [7200/7378 (97%)]	Loss: 0.000177
Test set: Average loss: 1.1448, Accuracy: 1510/1844 (81%)
Train Epoch: 48 [0/7378 (0%)]	Loss: 0.000039
Train Epoch: 48 [400/7378 (5%)]	Loss: 0.000037
Train Epoch: 48 [800/7378 (11%)]	Loss: 0.000068
Train Epoch: 48 [1200/7378 (16%)]	Loss: 0.000170
Train Epoch: 48 [1600/7378 (22%)]	Loss: 0.000053
Train Epoch: 48 [2000/7378 (27%)]	Loss: 0.000016
Train Epoch: 48 [2400/7378 (32%)]	Loss: 0.000042
Train Epoch: 48 [2800/7378 (38%)]	Loss: 0.000127
Train Epoch: 48 [3200/7378 (43%)]	Loss: 0.000060
Train Epoch: 48 [3600/7378 (49%)]	Loss: 0.000033
Train Epoch: 48 [4000/7378 (54%)]	Loss: 0.000484
Train Epoch: 48 [4400/7378 (59%)]	Loss: 0.000055
Train Epoch: 48 [4800/7378 (65%)]	Loss: 0.000122
Train Epoch: 48 [5200/7378 (70%)]	Loss: 0.000085
Train Epoch: 48 [5600/7378 (76%)]	Loss: 0.000042
Train Epoch: 48 [6000/7378 (81%)]	Loss: 0.000073
Train Epoch: 48 [6400/7378 (86%)]	Loss: 0.000023
Train Epoch: 48 [6800/7378 (92%)]	Loss: 0.000011
Train Epoch: 48 [7200/7378 (97%)]	Loss: 0.000127
Test set: Average loss: 1.1125, Accuracy: 1511/1844 (81%)
Train Epoch: 49 [0/7378 (0%)]	Loss: 0.000118
Train Epoch: 49 [400/7378 (5%)]	Loss: 0.000061
Train Epoch: 49 [800/7378 (11%)]	Loss: 0.000025
Train Epoch: 49 [1200/7378 (16%)]	Loss: 0.000055
Train Epoch: 49 [1600/7378 (22%)]	Loss: 0.000056
Train Epoch: 49 [2000/7378 (27%)]	Loss: 0.000104
Train Epoch: 49 [2400/7378 (32%)]	Loss: 0.000305
Train Epoch: 49 [2800/7378 (38%)]	Loss: 0.000151
Train Epoch: 49 [3200/7378 (43%)]	Loss: 0.000055
Train Epoch: 49 [3600/7378 (49%)]	Loss: 0.000889
Train Epoch: 49 [4000/7378 (54%)]	Loss: 0.000134
Train Epoch: 49 [4400/7378 (59%)]	Loss: 0.000028
Train Epoch: 49 [4800/7378 (65%)]	Loss: 0.000155
Train Epoch: 49 [5200/7378 (70%)]	Loss: 0.000048
Train Epoch: 49 [5600/7378 (76%)]	Loss: 0.000014
Train Epoch: 49 [6000/7378 (81%)]	Loss: 0.000079
Train Epoch: 49 [6400/7378 (86%)]	Loss: 0.000043
Train Epoch: 49 [6800/7378 (92%)]	Loss: 0.000063
Train Epoch: 49 [7200/7378 (97%)]	Loss: 0.000034
Test set: Average loss: 1.1457, Accuracy: 1517/1844 (82%)
Train Epoch: 50 [0/7378 (0%)]	Loss: 0.000027
Train Epoch: 50 [400/7378 (5%)]	Loss: 0.000153
Train Epoch: 50 [800/7378 (11%)]	Loss: 0.000049
Train Epoch: 50 [1200/7378 (16%)]	Loss: 0.000106
Train Epoch: 50 [1600/7378 (22%)]	Loss: 0.000064
Train Epoch: 50 [2000/7378 (27%)]	Loss: 0.000050
Train Epoch: 50 [2400/7378 (32%)]	Loss: 0.000020
Train Epoch: 50 [2800/7378 (38%)]	Loss: 0.000019
Train Epoch: 50 [3200/7378 (43%)]	Loss: 0.000076
Train Epoch: 50 [3600/7378 (49%)]	Loss: 0.000034
Train Epoch: 50 [4000/7378 (54%)]	Loss: 0.000150
Train Epoch: 50 [4400/7378 (59%)]	Loss: 0.000018
Train Epoch: 50 [4800/7378 (65%)]	Loss: 0.000112
Train Epoch: 50 [5200/7378 (70%)]	Loss: 0.000028
Train Epoch: 50 [5600/7378 (76%)]	Loss: 0.000532
Train Epoch: 50 [6000/7378 (81%)]	Loss: 0.000006
Train Epoch: 50 [6400/7378 (86%)]	Loss: 0.000014
Train Epoch: 50 [6800/7378 (92%)]	Loss: 0.000020
Train Epoch: 50 [7200/7378 (97%)]	Loss: 0.000044
Test set: Average loss: 1.1396, Accuracy: 1524/1844 (82%)
Train Epoch: 51 [0/7378 (0%)]	Loss: 0.000278
Train Epoch: 51 [400/7378 (5%)]	Loss: 0.000029
Train Epoch: 51 [800/7378 (11%)]	Loss: 0.000035
Train Epoch: 51 [1200/7378 (16%)]	Loss: 0.000417
Train Epoch: 51 [1600/7378 (22%)]	Loss: 0.000048
Train Epoch: 51 [2000/7378 (27%)]	Loss: 0.000056
Train Epoch: 51 [2400/7378 (32%)]	Loss: 0.000085
Train Epoch: 51 [2800/7378 (38%)]	Loss: 0.000038
Train Epoch: 51 [3200/7378 (43%)]	Loss: 0.000057
Train Epoch: 51 [3600/7378 (49%)]	Loss: 0.000041
Train Epoch: 51 [4000/7378 (54%)]	Loss: 0.000098
Train Epoch: 51 [4400/7378 (59%)]	Loss: 0.000068
Train Epoch: 51 [4800/7378 (65%)]	Loss: 0.000050
Train Epoch: 51 [5200/7378 (70%)]	Loss: 0.000043
Train Epoch: 51 [5600/7378 (76%)]	Loss: 0.000036
Train Epoch: 51 [6000/7378 (81%)]	Loss: 0.000039
Train Epoch: 51 [6400/7378 (86%)]	Loss: 0.000026
Train Epoch: 51 [6800/7378 (92%)]	Loss: 0.000161
Train Epoch: 51 [7200/7378 (97%)]	Loss: 0.000060
Test set: Average loss: 1.1374, Accuracy: 1518/1844 (82%)
Train Epoch: 52 [0/7378 (0%)]	Loss: 0.000045
Train Epoch: 52 [400/7378 (5%)]	Loss: 0.000063
Train Epoch: 52 [800/7378 (11%)]	Loss: 0.000025
Train Epoch: 52 [1200/7378 (16%)]	Loss: 0.000016
Train Epoch: 52 [1600/7378 (22%)]	Loss: 0.000047
Train Epoch: 52 [2000/7378 (27%)]	Loss: 0.000155
Train Epoch: 52 [2400/7378 (32%)]	Loss: 0.000050
Train Epoch: 52 [2800/7378 (38%)]	Loss: 0.000042
Train Epoch: 52 [3200/7378 (43%)]	Loss: 0.000053
Train Epoch: 52 [3600/7378 (49%)]	Loss: 0.000045
Train Epoch: 52 [4000/7378 (54%)]	Loss: 0.000065
Train Epoch: 52 [4400/7378 (59%)]	Loss: 0.000114
Train Epoch: 52 [4800/7378 (65%)]	Loss: 0.000016
Train Epoch: 52 [5200/7378 (70%)]	Loss: 0.001244
Train Epoch: 52 [5600/7378 (76%)]	Loss: 0.000072
Train Epoch: 52 [6000/7378 (81%)]	Loss: 0.000147
Train Epoch: 52 [6400/7378 (86%)]	Loss: 0.000021
Train Epoch: 52 [6800/7378 (92%)]	Loss: 0.000020
Train Epoch: 52 [7200/7378 (97%)]	Loss: 0.000029
Test set: Average loss: 1.1282, Accuracy: 1514/1844 (82%)
Train Epoch: 53 [0/7378 (0%)]	Loss: 0.000010
Train Epoch: 53 [400/7378 (5%)]	Loss: 0.000033
Train Epoch: 53 [800/7378 (11%)]	Loss: 0.000034
Train Epoch: 53 [1200/7378 (16%)]	Loss: 0.000023
Train Epoch: 53 [1600/7378 (22%)]	Loss: 0.000298
Train Epoch: 53 [2000/7378 (27%)]	Loss: 0.000054
Train Epoch: 53 [2400/7378 (32%)]	Loss: 0.000033
Train Epoch: 53 [2800/7378 (38%)]	Loss: 0.000026
Train Epoch: 53 [3200/7378 (43%)]	Loss: 0.000013
Train Epoch: 53 [3600/7378 (49%)]	Loss: 0.000024
Train Epoch: 53 [4000/7378 (54%)]	Loss: 0.000040
Train Epoch: 53 [4400/7378 (59%)]	Loss: 0.000027
Train Epoch: 53 [4800/7378 (65%)]	Loss: 0.000010
Train Epoch: 53 [5200/7378 (70%)]	Loss: 0.000050
Train Epoch: 53 [5600/7378 (76%)]	Loss: 0.000028
Train Epoch: 53 [6000/7378 (81%)]	Loss: 0.000025
Train Epoch: 53 [6400/7378 (86%)]	Loss: 0.000234
Train Epoch: 53 [6800/7378 (92%)]	Loss: 0.000039
Train Epoch: 53 [7200/7378 (97%)]	Loss: 0.000025
Test set: Average loss: 1.1204, Accuracy: 1518/1844 (82%)
Train Epoch: 54 [0/7378 (0%)]	Loss: 0.000024
Train Epoch: 54 [400/7378 (5%)]	Loss: 0.000089
Train Epoch: 54 [800/7378 (11%)]	Loss: 0.000017
Train Epoch: 54 [1200/7378 (16%)]	Loss: 0.000038
Train Epoch: 54 [1600/7378 (22%)]	Loss: 0.000015
Train Epoch: 54 [2000/7378 (27%)]	Loss: 0.000029
Train Epoch: 54 [2400/7378 (32%)]	Loss: 0.000393
Train Epoch: 54 [2800/7378 (38%)]	Loss: 0.000034
Train Epoch: 54 [3200/7378 (43%)]	Loss: 0.000020
Train Epoch: 54 [3600/7378 (49%)]	Loss: 0.000054
Train Epoch: 54 [4000/7378 (54%)]	Loss: 0.000015
Train Epoch: 54 [4400/7378 (59%)]	Loss: 0.000018
Train Epoch: 54 [4800/7378 (65%)]	Loss: 0.000019
Train Epoch: 54 [5200/7378 (70%)]	Loss: 0.000026
Train Epoch: 54 [5600/7378 (76%)]	Loss: 0.000531
Train Epoch: 54 [6000/7378 (81%)]	Loss: 0.002088
Train Epoch: 54 [6400/7378 (86%)]	Loss: 0.000011
Train Epoch: 54 [6800/7378 (92%)]	Loss: 0.000103
Train Epoch: 54 [7200/7378 (97%)]	Loss: 0.000043
Test set: Average loss: 1.1518, Accuracy: 1525/1844 (82%)
Train Epoch: 55 [0/7378 (0%)]	Loss: 0.000037
Train Epoch: 55 [400/7378 (5%)]	Loss: 0.000032
Train Epoch: 55 [800/7378 (11%)]	Loss: 0.000012
Train Epoch: 55 [1200/7378 (16%)]	Loss: 0.000076
Train Epoch: 55 [1600/7378 (22%)]	Loss: 0.000016
Train Epoch: 55 [2000/7378 (27%)]	Loss: 0.000027
Train Epoch: 55 [2400/7378 (32%)]	Loss: 0.000010
Train Epoch: 55 [2800/7378 (38%)]	Loss: 0.000035
Train Epoch: 55 [3200/7378 (43%)]	Loss: 0.000104
Train Epoch: 55 [3600/7378 (49%)]	Loss: 0.000035
Train Epoch: 55 [4000/7378 (54%)]	Loss: 0.000031
Train Epoch: 55 [4400/7378 (59%)]	Loss: 0.000043
Train Epoch: 55 [4800/7378 (65%)]	Loss: 0.000095
Train Epoch: 55 [5200/7378 (70%)]	Loss: 0.000011
Train Epoch: 55 [5600/7378 (76%)]	Loss: 0.000011
Train Epoch: 55 [6000/7378 (81%)]	Loss: 0.000005
Train Epoch: 55 [6400/7378 (86%)]	Loss: 0.000322
Train Epoch: 55 [6800/7378 (92%)]	Loss: 0.000021
Train Epoch: 55 [7200/7378 (97%)]	Loss: 0.000121
Test set: Average loss: 1.1317, Accuracy: 1514/1844 (82%)
Train Epoch: 56 [0/7378 (0%)]	Loss: 0.000027
Train Epoch: 56 [400/7378 (5%)]	Loss: 0.000032
Train Epoch: 56 [800/7378 (11%)]	Loss: 0.000073
Train Epoch: 56 [1200/7378 (16%)]	Loss: 0.000048
Train Epoch: 56 [1600/7378 (22%)]	Loss: 0.000021
Train Epoch: 56 [2000/7378 (27%)]	Loss: 0.000011
Train Epoch: 56 [2400/7378 (32%)]	Loss: 0.000047
Train Epoch: 56 [2800/7378 (38%)]	Loss: 0.000012
Train Epoch: 56 [3200/7378 (43%)]	Loss: 0.000026
Train Epoch: 56 [3600/7378 (49%)]	Loss: 0.000025
Train Epoch: 56 [4000/7378 (54%)]	Loss: 0.000006
Train Epoch: 56 [4400/7378 (59%)]	Loss: 0.000046
Train Epoch: 56 [4800/7378 (65%)]	Loss: 0.000251
Train Epoch: 56 [5200/7378 (70%)]	Loss: 0.000122
Train Epoch: 56 [5600/7378 (76%)]	Loss: 0.000032
Train Epoch: 56 [6000/7378 (81%)]	Loss: 0.000033
Train Epoch: 56 [6400/7378 (86%)]	Loss: 0.000500
Train Epoch: 56 [6800/7378 (92%)]	Loss: 0.000024
Train Epoch: 56 [7200/7378 (97%)]	Loss: 0.000039
Test set: Average loss: 1.1459, Accuracy: 1517/1844 (82%)
Train Epoch: 57 [0/7378 (0%)]	Loss: 0.000056
Train Epoch: 57 [400/7378 (5%)]	Loss: 0.000079
Train Epoch: 57 [800/7378 (11%)]	Loss: 0.000019
Train Epoch: 57 [1200/7378 (16%)]	Loss: 0.000017
Train Epoch: 57 [1600/7378 (22%)]	Loss: 0.000031
Train Epoch: 57 [2000/7378 (27%)]	Loss: 0.000176
Train Epoch: 57 [2400/7378 (32%)]	Loss: 0.000017
Train Epoch: 57 [2800/7378 (38%)]	Loss: 0.000047
Train Epoch: 57 [3200/7378 (43%)]	Loss: 0.000029
Train Epoch: 57 [3600/7378 (49%)]	Loss: 0.000028
Train Epoch: 57 [4000/7378 (54%)]	Loss: 0.000080
Train Epoch: 57 [4400/7378 (59%)]	Loss: 0.000094
Train Epoch: 57 [4800/7378 (65%)]	Loss: 0.000028
Train Epoch: 57 [5200/7378 (70%)]	Loss: 0.000361
Train Epoch: 57 [5600/7378 (76%)]	Loss: 0.000068
Train Epoch: 57 [6000/7378 (81%)]	Loss: 0.000022
Train Epoch: 57 [6400/7378 (86%)]	Loss: 0.000079
Train Epoch: 57 [6800/7378 (92%)]	Loss: 0.000028
Train Epoch: 57 [7200/7378 (97%)]	Loss: 0.000120
Test set: Average loss: 1.1385, Accuracy: 1522/1844 (82%)
Train Epoch: 58 [0/7378 (0%)]	Loss: 0.000083
Train Epoch: 58 [400/7378 (5%)]	Loss: 0.000239
Train Epoch: 58 [800/7378 (11%)]	Loss: 0.011806
Train Epoch: 58 [1200/7378 (16%)]	Loss: 0.000090
Train Epoch: 58 [1600/7378 (22%)]	Loss: 0.000262
Train Epoch: 58 [2000/7378 (27%)]	Loss: 0.000024
Train Epoch: 58 [2400/7378 (32%)]	Loss: 0.000022
Train Epoch: 58 [2800/7378 (38%)]	Loss: 0.000009
Train Epoch: 58 [3200/7378 (43%)]	Loss: 0.000056
Train Epoch: 58 [3600/7378 (49%)]	Loss: 0.000016
Train Epoch: 58 [4000/7378 (54%)]	Loss: 0.000020
Train Epoch: 58 [4400/7378 (59%)]	Loss: 0.000041
Train Epoch: 58 [4800/7378 (65%)]	Loss: 0.000068
Train Epoch: 58 [5200/7378 (70%)]	Loss: 0.000096
Train Epoch: 58 [5600/7378 (76%)]	Loss: 0.000029
Train Epoch: 58 [6000/7378 (81%)]	Loss: 0.000035
Train Epoch: 58 [6400/7378 (86%)]	Loss: 0.000101
Train Epoch: 58 [6800/7378 (92%)]	Loss: 0.000017
Train Epoch: 58 [7200/7378 (97%)]	Loss: 0.000012
Test set: Average loss: 1.1446, Accuracy: 1517/1844 (82%)
Train Epoch: 59 [0/7378 (0%)]	Loss: 0.000073
Train Epoch: 59 [400/7378 (5%)]	Loss: 0.000023
Train Epoch: 59 [800/7378 (11%)]	Loss: 0.000027
Train Epoch: 59 [1200/7378 (16%)]	Loss: 0.000021
Train Epoch: 59 [1600/7378 (22%)]	Loss: 0.000428
Train Epoch: 59 [2000/7378 (27%)]	Loss: 0.000315
Train Epoch: 59 [2400/7378 (32%)]	Loss: 0.000064
Train Epoch: 59 [2800/7378 (38%)]	Loss: 0.000016
Train Epoch: 59 [3200/7378 (43%)]	Loss: 0.000008
Train Epoch: 59 [3600/7378 (49%)]	Loss: 0.000061
Train Epoch: 59 [4000/7378 (54%)]	Loss: 0.000013
Train Epoch: 59 [4400/7378 (59%)]	Loss: 0.000048
Train Epoch: 59 [4800/7378 (65%)]	Loss: 0.000044
Train Epoch: 59 [5200/7378 (70%)]	Loss: 0.000065
Train Epoch: 59 [5600/7378 (76%)]	Loss: 0.000026
Train Epoch: 59 [6000/7378 (81%)]	Loss: 0.000474
Train Epoch: 59 [6400/7378 (86%)]	Loss: 0.000018
Train Epoch: 59 [6800/7378 (92%)]	Loss: 0.000012
Train Epoch: 59 [7200/7378 (97%)]	Loss: 0.000012
Test set: Average loss: 1.1482, Accuracy: 1522/1844 (82%)
Train Epoch: 60 [0/7378 (0%)]	Loss: 0.000042
Train Epoch: 60 [400/7378 (5%)]	Loss: 0.000046
Train Epoch: 60 [800/7378 (11%)]	Loss: 0.000016
Train Epoch: 60 [1200/7378 (16%)]	Loss: 0.000024
Train Epoch: 60 [1600/7378 (22%)]	Loss: 0.000024
Train Epoch: 60 [2000/7378 (27%)]	Loss: 0.000011
Train Epoch: 60 [2400/7378 (32%)]	Loss: 0.000066
Train Epoch: 60 [2800/7378 (38%)]	Loss: 0.000011
Train Epoch: 60 [3200/7378 (43%)]	Loss: 0.000012
Train Epoch: 60 [3600/7378 (49%)]	Loss: 0.000407
Train Epoch: 60 [4000/7378 (54%)]	Loss: 0.000076
Train Epoch: 60 [4400/7378 (59%)]	Loss: 0.000022
Train Epoch: 60 [4800/7378 (65%)]	Loss: 0.000015
Train Epoch: 60 [5200/7378 (70%)]	Loss: 0.000073
Train Epoch: 60 [5600/7378 (76%)]	Loss: 0.000015
Train Epoch: 60 [6000/7378 (81%)]	Loss: 0.000061
Train Epoch: 60 [6400/7378 (86%)]	Loss: 0.000015
Train Epoch: 60 [6800/7378 (92%)]	Loss: 0.000014
Train Epoch: 60 [7200/7378 (97%)]	Loss: 0.000122
Test set: Average loss: 1.1575, Accuracy: 1520/1844 (82%)
