getting datasets
finished
trainning sleeve_length_labels:
Train Epoch: 1 [0/10639 (0%)]	Loss: 2.193146
Train Epoch: 1 [400/10639 (4%)]	Loss: 2.003293
Train Epoch: 1 [800/10639 (8%)]	Loss: 1.999631
Train Epoch: 1 [1200/10639 (11%)]	Loss: 1.965380
Train Epoch: 1 [1600/10639 (15%)]	Loss: 1.796811
Train Epoch: 1 [2000/10639 (19%)]	Loss: 1.581177
Train Epoch: 1 [2400/10639 (23%)]	Loss: 1.471799
Train Epoch: 1 [2800/10639 (26%)]	Loss: 1.048860
Train Epoch: 1 [3200/10639 (30%)]	Loss: 1.129409
Train Epoch: 1 [3600/10639 (34%)]	Loss: 1.179221
Train Epoch: 1 [4000/10639 (38%)]	Loss: 0.975842
Train Epoch: 1 [4400/10639 (41%)]	Loss: 1.017988
Train Epoch: 1 [4800/10639 (45%)]	Loss: 1.139690
Train Epoch: 1 [5200/10639 (49%)]	Loss: 1.025282
Train Epoch: 1 [5600/10639 (53%)]	Loss: 1.008952
Train Epoch: 1 [6000/10639 (56%)]	Loss: 0.913824
Train Epoch: 1 [6400/10639 (60%)]	Loss: 0.883212
Train Epoch: 1 [6800/10639 (64%)]	Loss: 0.770887
Train Epoch: 1 [7200/10639 (68%)]	Loss: 0.835007
Train Epoch: 1 [7600/10639 (71%)]	Loss: 0.881798
Train Epoch: 1 [8000/10639 (75%)]	Loss: 0.736752
Train Epoch: 1 [8400/10639 (79%)]	Loss: 0.782667
Train Epoch: 1 [8800/10639 (83%)]	Loss: 0.604205
Train Epoch: 1 [9200/10639 (86%)]	Loss: 0.809503
Train Epoch: 1 [9600/10639 (90%)]	Loss: 0.828207
Train Epoch: 1 [10000/10639 (94%)]	Loss: 0.728130
Train Epoch: 1 [10400/10639 (98%)]	Loss: 0.849114
Test set: Average loss: 1.3220, Accuracy: 1368/2659 (51%)
Train Epoch: 2 [0/10639 (0%)]	Loss: 0.564858
Train Epoch: 2 [400/10639 (4%)]	Loss: 0.514180
Train Epoch: 2 [800/10639 (8%)]	Loss: 0.626380
Train Epoch: 2 [1200/10639 (11%)]	Loss: 0.699211
Train Epoch: 2 [1600/10639 (15%)]	Loss: 0.632939
Train Epoch: 2 [2000/10639 (19%)]	Loss: 0.441709
Train Epoch: 2 [2400/10639 (23%)]	Loss: 0.627779
Train Epoch: 2 [2800/10639 (26%)]	Loss: 0.786689
Train Epoch: 2 [3200/10639 (30%)]	Loss: 0.580799
Train Epoch: 2 [3600/10639 (34%)]	Loss: 0.601487
Train Epoch: 2 [4000/10639 (38%)]	Loss: 0.528324
Train Epoch: 2 [4400/10639 (41%)]	Loss: 0.640555
Train Epoch: 2 [4800/10639 (45%)]	Loss: 0.655971
Train Epoch: 2 [5200/10639 (49%)]	Loss: 0.495847
Train Epoch: 2 [5600/10639 (53%)]	Loss: 0.715439
Train Epoch: 2 [6000/10639 (56%)]	Loss: 0.678199
Train Epoch: 2 [6400/10639 (60%)]	Loss: 0.853610
Train Epoch: 2 [6800/10639 (64%)]	Loss: 0.775251
Train Epoch: 2 [7200/10639 (68%)]	Loss: 0.551609
Train Epoch: 2 [7600/10639 (71%)]	Loss: 0.507645
Train Epoch: 2 [8000/10639 (75%)]	Loss: 0.556708
Train Epoch: 2 [8400/10639 (79%)]	Loss: 0.480337
Train Epoch: 2 [8800/10639 (83%)]	Loss: 0.580193
Train Epoch: 2 [9200/10639 (86%)]	Loss: 0.586542
Train Epoch: 2 [9600/10639 (90%)]	Loss: 0.702882
Train Epoch: 2 [10000/10639 (94%)]	Loss: 0.586768
Train Epoch: 2 [10400/10639 (98%)]	Loss: 0.320935
Test set: Average loss: 0.6124, Accuracy: 2043/2659 (76%)
Train Epoch: 3 [0/10639 (0%)]	Loss: 0.530988
Train Epoch: 3 [400/10639 (4%)]	Loss: 0.337687
Train Epoch: 3 [800/10639 (8%)]	Loss: 0.264770
Train Epoch: 3 [1200/10639 (11%)]	Loss: 0.330006
Train Epoch: 3 [1600/10639 (15%)]	Loss: 0.543854
Train Epoch: 3 [2000/10639 (19%)]	Loss: 0.249758
Train Epoch: 3 [2400/10639 (23%)]	Loss: 0.245628
Train Epoch: 3 [2800/10639 (26%)]	Loss: 0.193368
Train Epoch: 3 [3200/10639 (30%)]	Loss: 0.432159
Train Epoch: 3 [3600/10639 (34%)]	Loss: 0.384588
Train Epoch: 3 [4000/10639 (38%)]	Loss: 0.332615
Train Epoch: 3 [4400/10639 (41%)]	Loss: 0.522119
Train Epoch: 3 [4800/10639 (45%)]	Loss: 0.150840
Train Epoch: 3 [5200/10639 (49%)]	Loss: 0.223482
Train Epoch: 3 [5600/10639 (53%)]	Loss: 0.264718
Train Epoch: 3 [6000/10639 (56%)]	Loss: 0.464570
Train Epoch: 3 [6400/10639 (60%)]	Loss: 0.376688
Train Epoch: 3 [6800/10639 (64%)]	Loss: 0.458821
Train Epoch: 3 [7200/10639 (68%)]	Loss: 0.136246
Train Epoch: 3 [7600/10639 (71%)]	Loss: 0.177564
Train Epoch: 3 [8000/10639 (75%)]	Loss: 0.367263
Train Epoch: 3 [8400/10639 (79%)]	Loss: 0.526453
Train Epoch: 3 [8800/10639 (83%)]	Loss: 0.212065
Train Epoch: 3 [9200/10639 (86%)]	Loss: 0.320325
Train Epoch: 3 [9600/10639 (90%)]	Loss: 0.278749
Train Epoch: 3 [10000/10639 (94%)]	Loss: 0.274199
Train Epoch: 3 [10400/10639 (98%)]	Loss: 0.496811
Test set: Average loss: 0.6519, Accuracy: 2056/2659 (77%)
Train Epoch: 4 [0/10639 (0%)]	Loss: 0.175146
Train Epoch: 4 [400/10639 (4%)]	Loss: 0.114486
Train Epoch: 4 [800/10639 (8%)]	Loss: 0.148481
Train Epoch: 4 [1200/10639 (11%)]	Loss: 0.193815
Train Epoch: 4 [1600/10639 (15%)]	Loss: 0.085118
Train Epoch: 4 [2000/10639 (19%)]	Loss: 0.179483
Train Epoch: 4 [2400/10639 (23%)]	Loss: 0.173822
Train Epoch: 4 [2800/10639 (26%)]	Loss: 0.208158
Train Epoch: 4 [3200/10639 (30%)]	Loss: 0.209967
Train Epoch: 4 [3600/10639 (34%)]	Loss: 0.111079
Train Epoch: 4 [4000/10639 (38%)]	Loss: 0.213643
Train Epoch: 4 [4400/10639 (41%)]	Loss: 0.152315
Train Epoch: 4 [4800/10639 (45%)]	Loss: 0.268121
Train Epoch: 4 [5200/10639 (49%)]	Loss: 0.229666
Train Epoch: 4 [5600/10639 (53%)]	Loss: 0.118939
Train Epoch: 4 [6000/10639 (56%)]	Loss: 0.266942
Train Epoch: 4 [6400/10639 (60%)]	Loss: 0.130483
Train Epoch: 4 [6800/10639 (64%)]	Loss: 0.170422
Train Epoch: 4 [7200/10639 (68%)]	Loss: 0.204919
Train Epoch: 4 [7600/10639 (71%)]	Loss: 0.183613
Train Epoch: 4 [8000/10639 (75%)]	Loss: 0.097853
Train Epoch: 4 [8400/10639 (79%)]	Loss: 0.047317
Train Epoch: 4 [8800/10639 (83%)]	Loss: 0.056729
Train Epoch: 4 [9200/10639 (86%)]	Loss: 0.251987
Train Epoch: 4 [9600/10639 (90%)]	Loss: 0.120151
Train Epoch: 4 [10000/10639 (94%)]	Loss: 0.259445
Train Epoch: 4 [10400/10639 (98%)]	Loss: 0.164374
Test set: Average loss: 0.6534, Accuracy: 2114/2659 (79%)
Train Epoch: 5 [0/10639 (0%)]	Loss: 0.091613
Train Epoch: 5 [400/10639 (4%)]	Loss: 0.098938
Train Epoch: 5 [800/10639 (8%)]	Loss: 0.104542
Train Epoch: 5 [1200/10639 (11%)]	Loss: 0.091793
Train Epoch: 5 [1600/10639 (15%)]	Loss: 0.025422
Train Epoch: 5 [2000/10639 (19%)]	Loss: 0.109948
Train Epoch: 5 [2400/10639 (23%)]	Loss: 0.083484
Train Epoch: 5 [2800/10639 (26%)]	Loss: 0.082336
Train Epoch: 5 [3200/10639 (30%)]	Loss: 0.176342
Train Epoch: 5 [3600/10639 (34%)]	Loss: 0.068382
Train Epoch: 5 [4000/10639 (38%)]	Loss: 0.135296
Train Epoch: 5 [4400/10639 (41%)]	Loss: 0.165157
Train Epoch: 5 [4800/10639 (45%)]	Loss: 0.257857
Train Epoch: 5 [5200/10639 (49%)]	Loss: 0.225794
Train Epoch: 5 [5600/10639 (53%)]	Loss: 0.111922
Train Epoch: 5 [6000/10639 (56%)]	Loss: 0.074972
Train Epoch: 5 [6400/10639 (60%)]	Loss: 0.093625
Train Epoch: 5 [6800/10639 (64%)]	Loss: 0.029550
Train Epoch: 5 [7200/10639 (68%)]	Loss: 0.186726
Train Epoch: 5 [7600/10639 (71%)]	Loss: 0.241431
Train Epoch: 5 [8000/10639 (75%)]	Loss: 0.087729
Train Epoch: 5 [8400/10639 (79%)]	Loss: 0.239297
Train Epoch: 5 [8800/10639 (83%)]	Loss: 0.123613
Train Epoch: 5 [9200/10639 (86%)]	Loss: 0.027339
Train Epoch: 5 [9600/10639 (90%)]	Loss: 0.098458
Train Epoch: 5 [10000/10639 (94%)]	Loss: 0.144297
Train Epoch: 5 [10400/10639 (98%)]	Loss: 0.063834
Test set: Average loss: 0.6268, Accuracy: 2157/2659 (81%)
Train Epoch: 6 [0/10639 (0%)]	Loss: 0.068911
Train Epoch: 6 [400/10639 (4%)]	Loss: 0.147733
Train Epoch: 6 [800/10639 (8%)]	Loss: 0.182697
Train Epoch: 6 [1200/10639 (11%)]	Loss: 0.067107
Train Epoch: 6 [1600/10639 (15%)]	Loss: 0.057252
Train Epoch: 6 [2000/10639 (19%)]	Loss: 0.065737
Train Epoch: 6 [2400/10639 (23%)]	Loss: 0.095922
Train Epoch: 6 [2800/10639 (26%)]	Loss: 0.079294
Train Epoch: 6 [3200/10639 (30%)]	Loss: 0.065065
Train Epoch: 6 [3600/10639 (34%)]	Loss: 0.059314
Train Epoch: 6 [4000/10639 (38%)]	Loss: 0.041914
Train Epoch: 6 [4400/10639 (41%)]	Loss: 0.053645
Train Epoch: 6 [4800/10639 (45%)]	Loss: 0.080361
Train Epoch: 6 [5200/10639 (49%)]	Loss: 0.029692
Train Epoch: 6 [5600/10639 (53%)]	Loss: 0.025883
Train Epoch: 6 [6000/10639 (56%)]	Loss: 0.175847
Train Epoch: 6 [6400/10639 (60%)]	Loss: 0.016299
Train Epoch: 6 [6800/10639 (64%)]	Loss: 0.085667
Train Epoch: 6 [7200/10639 (68%)]	Loss: 0.011627
Train Epoch: 6 [7600/10639 (71%)]	Loss: 0.281847
Train Epoch: 6 [8000/10639 (75%)]	Loss: 0.090459
Train Epoch: 6 [8400/10639 (79%)]	Loss: 0.045831
Train Epoch: 6 [8800/10639 (83%)]	Loss: 0.067920
Train Epoch: 6 [9200/10639 (86%)]	Loss: 0.095504
Train Epoch: 6 [9600/10639 (90%)]	Loss: 0.275406
Train Epoch: 6 [10000/10639 (94%)]	Loss: 0.131673
Train Epoch: 6 [10400/10639 (98%)]	Loss: 0.036818
Test set: Average loss: 0.6889, Accuracy: 2106/2659 (79%)
Train Epoch: 7 [0/10639 (0%)]	Loss: 0.053991
Train Epoch: 7 [400/10639 (4%)]	Loss: 0.020620
Train Epoch: 7 [800/10639 (8%)]	Loss: 0.094299
Train Epoch: 7 [1200/10639 (11%)]	Loss: 0.065262
Train Epoch: 7 [1600/10639 (15%)]	Loss: 0.027252
Train Epoch: 7 [2000/10639 (19%)]	Loss: 0.010918
Train Epoch: 7 [2400/10639 (23%)]	Loss: 0.038150
Train Epoch: 7 [2800/10639 (26%)]	Loss: 0.022569
Train Epoch: 7 [3200/10639 (30%)]	Loss: 0.030377
Train Epoch: 7 [3600/10639 (34%)]	Loss: 0.005137
Train Epoch: 7 [4000/10639 (38%)]	Loss: 0.044436
Train Epoch: 7 [4400/10639 (41%)]	Loss: 0.024321
Train Epoch: 7 [4800/10639 (45%)]	Loss: 0.033446
Train Epoch: 7 [5200/10639 (49%)]	Loss: 0.013710
Train Epoch: 7 [5600/10639 (53%)]	Loss: 0.003243
Train Epoch: 7 [6000/10639 (56%)]	Loss: 0.014093
Train Epoch: 7 [6400/10639 (60%)]	Loss: 0.077998
Train Epoch: 7 [6800/10639 (64%)]	Loss: 0.192902
Train Epoch: 7 [7200/10639 (68%)]	Loss: 0.027791
Train Epoch: 7 [7600/10639 (71%)]	Loss: 0.032384
Train Epoch: 7 [8000/10639 (75%)]	Loss: 0.101774
Train Epoch: 7 [8400/10639 (79%)]	Loss: 0.039414
Train Epoch: 7 [8800/10639 (83%)]	Loss: 0.015279
Train Epoch: 7 [9200/10639 (86%)]	Loss: 0.247833
Train Epoch: 7 [9600/10639 (90%)]	Loss: 0.148711
Train Epoch: 7 [10000/10639 (94%)]	Loss: 0.025062
Train Epoch: 7 [10400/10639 (98%)]	Loss: 0.024096
Test set: Average loss: 0.6784, Accuracy: 2199/2659 (82%)
Train Epoch: 8 [0/10639 (0%)]	Loss: 0.045645
Train Epoch: 8 [400/10639 (4%)]	Loss: 0.243027
Train Epoch: 8 [800/10639 (8%)]	Loss: 0.028946
Train Epoch: 8 [1200/10639 (11%)]	Loss: 0.042797
Train Epoch: 8 [1600/10639 (15%)]	Loss: 0.013036
Train Epoch: 8 [2000/10639 (19%)]	Loss: 0.053452
Train Epoch: 8 [2400/10639 (23%)]	Loss: 0.054065
Train Epoch: 8 [2800/10639 (26%)]	Loss: 0.107151
Train Epoch: 8 [3200/10639 (30%)]	Loss: 0.102137
Train Epoch: 8 [3600/10639 (34%)]	Loss: 0.043476
Train Epoch: 8 [4000/10639 (38%)]	Loss: 0.017150
Train Epoch: 8 [4400/10639 (41%)]	Loss: 0.061812
Train Epoch: 8 [4800/10639 (45%)]	Loss: 0.003748
Train Epoch: 8 [5200/10639 (49%)]	Loss: 0.011187
Train Epoch: 8 [5600/10639 (53%)]	Loss: 0.013268
Train Epoch: 8 [6000/10639 (56%)]	Loss: 0.060603
Train Epoch: 8 [6400/10639 (60%)]	Loss: 0.013556
Train Epoch: 8 [6800/10639 (64%)]	Loss: 0.039548
Train Epoch: 8 [7200/10639 (68%)]	Loss: 0.033697
Train Epoch: 8 [7600/10639 (71%)]	Loss: 0.015167
Train Epoch: 8 [8000/10639 (75%)]	Loss: 0.003393
Train Epoch: 8 [8400/10639 (79%)]	Loss: 0.040756
Train Epoch: 8 [8800/10639 (83%)]	Loss: 0.057097
Train Epoch: 8 [9200/10639 (86%)]	Loss: 0.023190
Train Epoch: 8 [9600/10639 (90%)]	Loss: 0.064360
Train Epoch: 8 [10000/10639 (94%)]	Loss: 0.051613
Train Epoch: 8 [10400/10639 (98%)]	Loss: 0.048813
Test set: Average loss: 0.8545, Accuracy: 2111/2659 (79%)
Train Epoch: 9 [0/10639 (0%)]	Loss: 0.008848
Train Epoch: 9 [400/10639 (4%)]	Loss: 0.020697
Train Epoch: 9 [800/10639 (8%)]	Loss: 0.120664
Train Epoch: 9 [1200/10639 (11%)]	Loss: 0.013521
Train Epoch: 9 [1600/10639 (15%)]	Loss: 0.012247
Train Epoch: 9 [2000/10639 (19%)]	Loss: 0.026292
Train Epoch: 9 [2400/10639 (23%)]	Loss: 0.012688
Train Epoch: 9 [2800/10639 (26%)]	Loss: 0.014458
Train Epoch: 9 [3200/10639 (30%)]	Loss: 0.016183
Train Epoch: 9 [3600/10639 (34%)]	Loss: 0.084388
Train Epoch: 9 [4000/10639 (38%)]	Loss: 0.013352
Train Epoch: 9 [4400/10639 (41%)]	Loss: 0.043349
Train Epoch: 9 [4800/10639 (45%)]	Loss: 0.002925
Train Epoch: 9 [5200/10639 (49%)]	Loss: 0.005837
Train Epoch: 9 [5600/10639 (53%)]	Loss: 0.057785
Train Epoch: 9 [6000/10639 (56%)]	Loss: 0.019965
Train Epoch: 9 [6400/10639 (60%)]	Loss: 0.044251
Train Epoch: 9 [6800/10639 (64%)]	Loss: 0.010610
Train Epoch: 9 [7200/10639 (68%)]	Loss: 0.002649
Train Epoch: 9 [7600/10639 (71%)]	Loss: 0.015595
Train Epoch: 9 [8000/10639 (75%)]	Loss: 0.069967
Train Epoch: 9 [8400/10639 (79%)]	Loss: 0.272505
Train Epoch: 9 [8800/10639 (83%)]	Loss: 0.077295
Train Epoch: 9 [9200/10639 (86%)]	Loss: 0.038307
Train Epoch: 9 [9600/10639 (90%)]	Loss: 0.004148
Train Epoch: 9 [10000/10639 (94%)]	Loss: 0.044019
Train Epoch: 9 [10400/10639 (98%)]	Loss: 0.130128
Test set: Average loss: 0.9234, Accuracy: 2032/2659 (76%)
Train Epoch: 10 [0/10639 (0%)]	Loss: 0.050537
Train Epoch: 10 [400/10639 (4%)]	Loss: 0.024246
Train Epoch: 10 [800/10639 (8%)]	Loss: 0.077806
Train Epoch: 10 [1200/10639 (11%)]	Loss: 0.045104
Train Epoch: 10 [1600/10639 (15%)]	Loss: 0.005243
Train Epoch: 10 [2000/10639 (19%)]	Loss: 0.105891
Train Epoch: 10 [2400/10639 (23%)]	Loss: 0.017304
Train Epoch: 10 [2800/10639 (26%)]	Loss: 0.077142
Train Epoch: 10 [3200/10639 (30%)]	Loss: 0.014742
Train Epoch: 10 [3600/10639 (34%)]	Loss: 0.034288
Train Epoch: 10 [4000/10639 (38%)]	Loss: 0.055518
Train Epoch: 10 [4400/10639 (41%)]	Loss: 0.017572
Train Epoch: 10 [4800/10639 (45%)]	Loss: 0.061207
Train Epoch: 10 [5200/10639 (49%)]	Loss: 0.033199
Train Epoch: 10 [5600/10639 (53%)]	Loss: 0.128904
Train Epoch: 10 [6000/10639 (56%)]	Loss: 0.017351
Train Epoch: 10 [6400/10639 (60%)]	Loss: 0.014421
Train Epoch: 10 [6800/10639 (64%)]	Loss: 0.006014
Train Epoch: 10 [7200/10639 (68%)]	Loss: 0.051056
Train Epoch: 10 [7600/10639 (71%)]	Loss: 0.010173
Train Epoch: 10 [8000/10639 (75%)]	Loss: 0.010574
Train Epoch: 10 [8400/10639 (79%)]	Loss: 0.011311
Train Epoch: 10 [8800/10639 (83%)]	Loss: 0.018201
Train Epoch: 10 [9200/10639 (86%)]	Loss: 0.013223
Train Epoch: 10 [9600/10639 (90%)]	Loss: 0.108919
Train Epoch: 10 [10000/10639 (94%)]	Loss: 0.093989
Train Epoch: 10 [10400/10639 (98%)]	Loss: 0.113606
Test set: Average loss: 0.6855, Accuracy: 2175/2659 (81%)
Train Epoch: 11 [0/10639 (0%)]	Loss: 0.053942
Train Epoch: 11 [400/10639 (4%)]	Loss: 0.004550
Train Epoch: 11 [800/10639 (8%)]	Loss: 0.005128
Train Epoch: 11 [1200/10639 (11%)]	Loss: 0.015804
Train Epoch: 11 [1600/10639 (15%)]	Loss: 0.020390
Train Epoch: 11 [2000/10639 (19%)]	Loss: 0.010698
Train Epoch: 11 [2400/10639 (23%)]	Loss: 0.006831
Train Epoch: 11 [2800/10639 (26%)]	Loss: 0.007564
Train Epoch: 11 [3200/10639 (30%)]	Loss: 0.041873
Train Epoch: 11 [3600/10639 (34%)]	Loss: 0.006851
Train Epoch: 11 [4000/10639 (38%)]	Loss: 0.002746
Train Epoch: 11 [4400/10639 (41%)]	Loss: 0.006764
Train Epoch: 11 [4800/10639 (45%)]	Loss: 0.054404
Train Epoch: 11 [5200/10639 (49%)]	Loss: 0.076893
Train Epoch: 11 [5600/10639 (53%)]	Loss: 0.029235
Train Epoch: 11 [6000/10639 (56%)]	Loss: 0.014191
Train Epoch: 11 [6400/10639 (60%)]	Loss: 0.083754
Train Epoch: 11 [6800/10639 (64%)]	Loss: 0.052285
Train Epoch: 11 [7200/10639 (68%)]	Loss: 0.038262
Train Epoch: 11 [7600/10639 (71%)]	Loss: 0.011472
Train Epoch: 11 [8000/10639 (75%)]	Loss: 0.005173
Train Epoch: 11 [8400/10639 (79%)]	Loss: 0.082019
Train Epoch: 11 [8800/10639 (83%)]	Loss: 0.023402
Train Epoch: 11 [9200/10639 (86%)]	Loss: 0.009300
Train Epoch: 11 [9600/10639 (90%)]	Loss: 0.028490
Train Epoch: 11 [10000/10639 (94%)]	Loss: 0.006439
Train Epoch: 11 [10400/10639 (98%)]	Loss: 0.001177
getting datasets
finished
trainning sleeve_length_labels:
Train Epoch: 11 [0/10639 (0%)]	Loss: 0.084919
Train Epoch: 11 [400/10639 (4%)]	Loss: 0.015752
Train Epoch: 11 [800/10639 (8%)]	Loss: 0.006008
Train Epoch: 11 [1200/10639 (11%)]	Loss: 0.016199
Train Epoch: 11 [1600/10639 (15%)]	Loss: 0.008772
Train Epoch: 11 [2000/10639 (19%)]	Loss: 0.005529
Train Epoch: 11 [2400/10639 (23%)]	Loss: 0.069539
Train Epoch: 11 [2800/10639 (26%)]	Loss: 0.020813
Train Epoch: 11 [3200/10639 (30%)]	Loss: 0.010903
Train Epoch: 11 [3600/10639 (34%)]	Loss: 0.016166
Train Epoch: 11 [4000/10639 (38%)]	Loss: 0.011775
Train Epoch: 11 [4400/10639 (41%)]	Loss: 0.009338
Train Epoch: 11 [4800/10639 (45%)]	Loss: 0.029782
Train Epoch: 11 [5200/10639 (49%)]	Loss: 0.006449
Train Epoch: 11 [5600/10639 (53%)]	Loss: 0.001792
Train Epoch: 11 [6000/10639 (56%)]	Loss: 0.002041
Train Epoch: 11 [6400/10639 (60%)]	Loss: 0.002443
Train Epoch: 11 [6800/10639 (64%)]	Loss: 0.035116
Train Epoch: 11 [7200/10639 (68%)]	Loss: 0.010895
Train Epoch: 11 [7600/10639 (71%)]	Loss: 0.243909
Train Epoch: 11 [8000/10639 (75%)]	Loss: 0.059932
Train Epoch: 11 [8400/10639 (79%)]	Loss: 0.152539
Train Epoch: 11 [8800/10639 (83%)]	Loss: 0.009016
Train Epoch: 11 [9200/10639 (86%)]	Loss: 0.015109
Train Epoch: 11 [9600/10639 (90%)]	Loss: 0.004710
Train Epoch: 11 [10000/10639 (94%)]	Loss: 0.009917
Train Epoch: 11 [10400/10639 (98%)]	Loss: 0.101976
Test set: Average loss: 0.7203, Accuracy: 2189/2659 (82%)
Train Epoch: 12 [0/10639 (0%)]	Loss: 0.004596
Train Epoch: 12 [400/10639 (4%)]	Loss: 0.012078
Train Epoch: 12 [800/10639 (8%)]	Loss: 0.064761
Train Epoch: 12 [1200/10639 (11%)]	Loss: 0.004153
Train Epoch: 12 [1600/10639 (15%)]	Loss: 0.004412
Train Epoch: 12 [2000/10639 (19%)]	Loss: 0.004795
Train Epoch: 12 [2400/10639 (23%)]	Loss: 0.008026
Train Epoch: 12 [2800/10639 (26%)]	Loss: 0.029975
Train Epoch: 12 [3200/10639 (30%)]	Loss: 0.000998
Train Epoch: 12 [3600/10639 (34%)]	Loss: 0.021150
Train Epoch: 12 [4000/10639 (38%)]	Loss: 0.007396
Train Epoch: 12 [4400/10639 (41%)]	Loss: 0.003213
Train Epoch: 12 [4800/10639 (45%)]	Loss: 0.004090
Train Epoch: 12 [5200/10639 (49%)]	Loss: 0.001513
Train Epoch: 12 [5600/10639 (53%)]	Loss: 0.013336
Train Epoch: 12 [6000/10639 (56%)]	Loss: 0.017021
Train Epoch: 12 [6400/10639 (60%)]	Loss: 0.014633
Train Epoch: 12 [6800/10639 (64%)]	Loss: 0.006297
Train Epoch: 12 [7200/10639 (68%)]	Loss: 0.009596
Train Epoch: 12 [7600/10639 (71%)]	Loss: 0.010488
Train Epoch: 12 [8000/10639 (75%)]	Loss: 0.053461
Train Epoch: 12 [8400/10639 (79%)]	Loss: 0.016723
Train Epoch: 12 [8800/10639 (83%)]	Loss: 0.002365
Train Epoch: 12 [9200/10639 (86%)]	Loss: 0.000960
Train Epoch: 12 [9600/10639 (90%)]	Loss: 0.026650
Train Epoch: 12 [10000/10639 (94%)]	Loss: 0.012329
Train Epoch: 12 [10400/10639 (98%)]	Loss: 0.029462
Test set: Average loss: 0.7122, Accuracy: 2209/2659 (83%)
Train Epoch: 13 [0/10639 (0%)]	Loss: 0.021094
Train Epoch: 13 [400/10639 (4%)]	Loss: 0.001594
Train Epoch: 13 [800/10639 (8%)]	Loss: 0.002811
Train Epoch: 13 [1200/10639 (11%)]	Loss: 0.002943
Train Epoch: 13 [1600/10639 (15%)]	Loss: 0.073768
Train Epoch: 13 [2000/10639 (19%)]	Loss: 0.001217
Train Epoch: 13 [2400/10639 (23%)]	Loss: 0.002625
Train Epoch: 13 [2800/10639 (26%)]	Loss: 0.001530
Train Epoch: 13 [3200/10639 (30%)]	Loss: 0.077934
Train Epoch: 13 [3600/10639 (34%)]	Loss: 0.001452
Train Epoch: 13 [4000/10639 (38%)]	Loss: 0.003249
Train Epoch: 13 [4400/10639 (41%)]	Loss: 0.015888
Train Epoch: 13 [4800/10639 (45%)]	Loss: 0.005501
Train Epoch: 13 [5200/10639 (49%)]	Loss: 0.001488
Train Epoch: 13 [5600/10639 (53%)]	Loss: 0.098150
Train Epoch: 13 [6000/10639 (56%)]	Loss: 0.002537
Train Epoch: 13 [6400/10639 (60%)]	Loss: 0.013137
Train Epoch: 13 [6800/10639 (64%)]	Loss: 0.005827
Train Epoch: 13 [7200/10639 (68%)]	Loss: 0.000837
Train Epoch: 13 [7600/10639 (71%)]	Loss: 0.002179
Train Epoch: 13 [8000/10639 (75%)]	Loss: 0.001896
Train Epoch: 13 [8400/10639 (79%)]	Loss: 0.049787
Train Epoch: 13 [8800/10639 (83%)]	Loss: 0.001898
Train Epoch: 13 [9200/10639 (86%)]	Loss: 0.013718
Train Epoch: 13 [9600/10639 (90%)]	Loss: 0.005692
Train Epoch: 13 [10000/10639 (94%)]	Loss: 0.004000
Train Epoch: 13 [10400/10639 (98%)]	Loss: 0.194852
Test set: Average loss: 0.7634, Accuracy: 2201/2659 (82%)
Train Epoch: 14 [0/10639 (0%)]	Loss: 0.028222
Train Epoch: 14 [400/10639 (4%)]	Loss: 0.008197
Train Epoch: 14 [800/10639 (8%)]	Loss: 0.030850
Train Epoch: 14 [1200/10639 (11%)]	Loss: 0.002037
Train Epoch: 14 [1600/10639 (15%)]	Loss: 0.001909
Train Epoch: 14 [2000/10639 (19%)]	Loss: 0.001713
Train Epoch: 14 [2400/10639 (23%)]	Loss: 0.000592
Train Epoch: 14 [2800/10639 (26%)]	Loss: 0.001895
Train Epoch: 14 [3200/10639 (30%)]	Loss: 0.002881
Train Epoch: 14 [3600/10639 (34%)]	Loss: 0.003936
Train Epoch: 14 [4000/10639 (38%)]	Loss: 0.002336
Train Epoch: 14 [4400/10639 (41%)]	Loss: 0.001400
Train Epoch: 14 [4800/10639 (45%)]	Loss: 0.001039
Train Epoch: 14 [5200/10639 (49%)]	Loss: 0.001134
Train Epoch: 14 [5600/10639 (53%)]	Loss: 0.002678
Train Epoch: 14 [6000/10639 (56%)]	Loss: 0.000692
Train Epoch: 14 [6400/10639 (60%)]	Loss: 0.001187
Train Epoch: 14 [6800/10639 (64%)]	Loss: 0.001399
Train Epoch: 14 [7200/10639 (68%)]	Loss: 0.038311
Train Epoch: 14 [7600/10639 (71%)]	Loss: 0.005288
Train Epoch: 14 [8000/10639 (75%)]	Loss: 0.003554
Train Epoch: 14 [8400/10639 (79%)]	Loss: 0.000552
Train Epoch: 14 [8800/10639 (83%)]	Loss: 0.001041
Train Epoch: 14 [9200/10639 (86%)]	Loss: 0.011870
Train Epoch: 14 [9600/10639 (90%)]	Loss: 0.002449
Train Epoch: 14 [10000/10639 (94%)]	Loss: 0.007769
Train Epoch: 14 [10400/10639 (98%)]	Loss: 0.001404
Test set: Average loss: 0.7358, Accuracy: 2242/2659 (84%)
Train Epoch: 15 [0/10639 (0%)]	Loss: 0.000447
Train Epoch: 15 [400/10639 (4%)]	Loss: 0.000465
Train Epoch: 15 [800/10639 (8%)]	Loss: 0.004780
Train Epoch: 15 [1200/10639 (11%)]	Loss: 0.001096
Train Epoch: 15 [1600/10639 (15%)]	Loss: 0.001561
Train Epoch: 15 [2000/10639 (19%)]	Loss: 0.000914
Train Epoch: 15 [2400/10639 (23%)]	Loss: 0.016345
Train Epoch: 15 [2800/10639 (26%)]	Loss: 0.000697
Train Epoch: 15 [3200/10639 (30%)]	Loss: 0.001148
Train Epoch: 15 [3600/10639 (34%)]	Loss: 0.002778
Train Epoch: 15 [4000/10639 (38%)]	Loss: 0.013518
Train Epoch: 15 [4400/10639 (41%)]	Loss: 0.004386
Train Epoch: 15 [4800/10639 (45%)]	Loss: 0.023271
Train Epoch: 15 [5200/10639 (49%)]	Loss: 0.014032
Train Epoch: 15 [5600/10639 (53%)]	Loss: 0.001458
Train Epoch: 15 [6000/10639 (56%)]	Loss: 0.011084
Train Epoch: 15 [6400/10639 (60%)]	Loss: 0.000619
Train Epoch: 15 [6800/10639 (64%)]	Loss: 0.000449
Train Epoch: 15 [7200/10639 (68%)]	Loss: 0.000380
Train Epoch: 15 [7600/10639 (71%)]	Loss: 0.005549
Train Epoch: 15 [8000/10639 (75%)]	Loss: 0.006106
Train Epoch: 15 [8400/10639 (79%)]	Loss: 0.001494
Train Epoch: 15 [8800/10639 (83%)]	Loss: 0.001572
Train Epoch: 15 [9200/10639 (86%)]	Loss: 0.003249
Train Epoch: 15 [9600/10639 (90%)]	Loss: 0.001020
Train Epoch: 15 [10000/10639 (94%)]	Loss: 0.000905
Train Epoch: 15 [10400/10639 (98%)]	Loss: 0.000506
Test set: Average loss: 0.7684, Accuracy: 2237/2659 (84%)
Train Epoch: 16 [0/10639 (0%)]	Loss: 0.003091
Train Epoch: 16 [400/10639 (4%)]	Loss: 0.000180
Train Epoch: 16 [800/10639 (8%)]	Loss: 0.006575
Train Epoch: 16 [1200/10639 (11%)]	Loss: 0.000581
Train Epoch: 16 [1600/10639 (15%)]	Loss: 0.001562
Train Epoch: 16 [2000/10639 (19%)]	Loss: 0.000494
Train Epoch: 16 [2400/10639 (23%)]	Loss: 0.000981
Train Epoch: 16 [2800/10639 (26%)]	Loss: 0.001139
Train Epoch: 16 [3200/10639 (30%)]	Loss: 0.017164
Train Epoch: 16 [3600/10639 (34%)]	Loss: 0.001317
Train Epoch: 16 [4000/10639 (38%)]	Loss: 0.000559
Train Epoch: 16 [4400/10639 (41%)]	Loss: 0.000296
Train Epoch: 16 [4800/10639 (45%)]	Loss: 0.005550
Train Epoch: 16 [5200/10639 (49%)]	Loss: 0.265155
Train Epoch: 16 [5600/10639 (53%)]	Loss: 0.001343
Train Epoch: 16 [6000/10639 (56%)]	Loss: 0.026867
Train Epoch: 16 [6400/10639 (60%)]	Loss: 0.000482
Train Epoch: 16 [6800/10639 (64%)]	Loss: 0.002942
Train Epoch: 16 [7200/10639 (68%)]	Loss: 0.002029
Train Epoch: 16 [7600/10639 (71%)]	Loss: 0.037881
Train Epoch: 16 [8000/10639 (75%)]	Loss: 0.005441
Train Epoch: 16 [8400/10639 (79%)]	Loss: 0.000461
Train Epoch: 16 [8800/10639 (83%)]	Loss: 0.008088
Train Epoch: 16 [9200/10639 (86%)]	Loss: 0.000786
Train Epoch: 16 [9600/10639 (90%)]	Loss: 0.058852
Train Epoch: 16 [10000/10639 (94%)]	Loss: 0.004575
Train Epoch: 16 [10400/10639 (98%)]	Loss: 0.002981
Test set: Average loss: 0.7931, Accuracy: 2218/2659 (83%)
Train Epoch: 17 [0/10639 (0%)]	Loss: 0.000643
Train Epoch: 17 [400/10639 (4%)]	Loss: 0.001923
Train Epoch: 17 [800/10639 (8%)]	Loss: 0.000492
Train Epoch: 17 [1200/10639 (11%)]	Loss: 0.000929
Train Epoch: 17 [1600/10639 (15%)]	Loss: 0.001019
Train Epoch: 17 [2000/10639 (19%)]	Loss: 0.001424
Train Epoch: 17 [2400/10639 (23%)]	Loss: 0.002557
Train Epoch: 17 [2800/10639 (26%)]	Loss: 0.000825
Train Epoch: 17 [3200/10639 (30%)]	Loss: 0.000554
Train Epoch: 17 [3600/10639 (34%)]	Loss: 0.000412
Train Epoch: 17 [4000/10639 (38%)]	Loss: 0.002692
Train Epoch: 17 [4400/10639 (41%)]	Loss: 0.001597
Train Epoch: 17 [4800/10639 (45%)]	Loss: 0.002717
Train Epoch: 17 [5200/10639 (49%)]	Loss: 0.000628
Train Epoch: 17 [5600/10639 (53%)]	Loss: 0.000743
Train Epoch: 17 [6000/10639 (56%)]	Loss: 0.002117
Train Epoch: 17 [6400/10639 (60%)]	Loss: 0.002739
Train Epoch: 17 [6800/10639 (64%)]	Loss: 0.001513
Train Epoch: 17 [7200/10639 (68%)]	Loss: 0.082344
Train Epoch: 17 [7600/10639 (71%)]	Loss: 0.000927
Train Epoch: 17 [8000/10639 (75%)]	Loss: 0.023145
Train Epoch: 17 [8400/10639 (79%)]	Loss: 0.020194
Train Epoch: 17 [8800/10639 (83%)]	Loss: 0.001268
Train Epoch: 17 [9200/10639 (86%)]	Loss: 0.011940
Train Epoch: 17 [9600/10639 (90%)]	Loss: 0.000489
Train Epoch: 17 [10000/10639 (94%)]	Loss: 0.001825
Train Epoch: 17 [10400/10639 (98%)]	Loss: 0.000563
Test set: Average loss: 0.8772, Accuracy: 2181/2659 (82%)
Train Epoch: 18 [0/10639 (0%)]	Loss: 0.022018
Train Epoch: 18 [400/10639 (4%)]	Loss: 0.015076
Train Epoch: 18 [800/10639 (8%)]	Loss: 0.002476
Train Epoch: 18 [1200/10639 (11%)]	Loss: 0.004420
Train Epoch: 18 [1600/10639 (15%)]	Loss: 0.001161
Train Epoch: 18 [2000/10639 (19%)]	Loss: 0.010752
Train Epoch: 18 [2400/10639 (23%)]	Loss: 0.000631
Train Epoch: 18 [2800/10639 (26%)]	Loss: 0.074278
Train Epoch: 18 [3200/10639 (30%)]	Loss: 0.001204
Train Epoch: 18 [3600/10639 (34%)]	Loss: 0.011014
Train Epoch: 18 [4000/10639 (38%)]	Loss: 0.001166
Train Epoch: 18 [4400/10639 (41%)]	Loss: 0.001722
Train Epoch: 18 [4800/10639 (45%)]	Loss: 0.002437
Train Epoch: 18 [5200/10639 (49%)]	Loss: 0.057227
Train Epoch: 18 [5600/10639 (53%)]	Loss: 0.001900
Train Epoch: 18 [6000/10639 (56%)]	Loss: 0.002876
Train Epoch: 18 [6400/10639 (60%)]	Loss: 0.007926
Train Epoch: 18 [6800/10639 (64%)]	Loss: 0.002765
Train Epoch: 18 [7200/10639 (68%)]	Loss: 0.000672
Train Epoch: 18 [7600/10639 (71%)]	Loss: 0.055317
Train Epoch: 18 [8000/10639 (75%)]	Loss: 0.002664
Train Epoch: 18 [8400/10639 (79%)]	Loss: 0.001670
Train Epoch: 18 [8800/10639 (83%)]	Loss: 0.206285
Train Epoch: 18 [9200/10639 (86%)]	Loss: 0.008257
Train Epoch: 18 [9600/10639 (90%)]	Loss: 0.001152
Train Epoch: 18 [10000/10639 (94%)]	Loss: 0.048386
Train Epoch: 18 [10400/10639 (98%)]	Loss: 0.001192
Test set: Average loss: 0.7852, Accuracy: 2202/2659 (82%)
Train Epoch: 19 [0/10639 (0%)]	Loss: 0.002501
Train Epoch: 19 [400/10639 (4%)]	Loss: 0.001191
Train Epoch: 19 [800/10639 (8%)]	Loss: 0.000744
Train Epoch: 19 [1200/10639 (11%)]	Loss: 0.000542
Train Epoch: 19 [1600/10639 (15%)]	Loss: 0.006074
Train Epoch: 19 [2000/10639 (19%)]	Loss: 0.009257
Train Epoch: 19 [2400/10639 (23%)]	Loss: 0.009384
Train Epoch: 19 [2800/10639 (26%)]	Loss: 0.058813
Train Epoch: 19 [3200/10639 (30%)]	Loss: 0.000498
Train Epoch: 19 [3600/10639 (34%)]	Loss: 0.015787
Train Epoch: 19 [4000/10639 (38%)]	Loss: 0.004713
Train Epoch: 19 [4400/10639 (41%)]	Loss: 0.000785
Train Epoch: 19 [4800/10639 (45%)]	Loss: 0.001196
Train Epoch: 19 [5200/10639 (49%)]	Loss: 0.001876
Train Epoch: 19 [5600/10639 (53%)]	Loss: 0.002646
Train Epoch: 19 [6000/10639 (56%)]	Loss: 0.009430
Train Epoch: 19 [6400/10639 (60%)]	Loss: 0.123068
Train Epoch: 19 [6800/10639 (64%)]	Loss: 0.001988
Train Epoch: 19 [7200/10639 (68%)]	Loss: 0.010793
Train Epoch: 19 [7600/10639 (71%)]	Loss: 0.001867
Train Epoch: 19 [8000/10639 (75%)]	Loss: 0.003328
Train Epoch: 19 [8400/10639 (79%)]	Loss: 0.000481
Train Epoch: 19 [8800/10639 (83%)]	Loss: 0.000626
Train Epoch: 19 [9200/10639 (86%)]	Loss: 0.005203
Train Epoch: 19 [9600/10639 (90%)]	Loss: 0.000476
Train Epoch: 19 [10000/10639 (94%)]	Loss: 0.087123
Train Epoch: 19 [10400/10639 (98%)]	Loss: 0.001275
Test set: Average loss: 0.7812, Accuracy: 2212/2659 (83%)
Train Epoch: 20 [0/10639 (0%)]	Loss: 0.006221
Train Epoch: 20 [400/10639 (4%)]	Loss: 0.001674
Train Epoch: 20 [800/10639 (8%)]	Loss: 0.003950
Train Epoch: 20 [1200/10639 (11%)]	Loss: 0.017480
Train Epoch: 20 [1600/10639 (15%)]	Loss: 0.000634
Train Epoch: 20 [2000/10639 (19%)]	Loss: 0.008043
Train Epoch: 20 [2400/10639 (23%)]	Loss: 0.003829
Train Epoch: 20 [2800/10639 (26%)]	Loss: 0.001111
Train Epoch: 20 [3200/10639 (30%)]	Loss: 0.001382
Train Epoch: 20 [3600/10639 (34%)]	Loss: 0.013444
Train Epoch: 20 [4000/10639 (38%)]	Loss: 0.017533
Train Epoch: 20 [4400/10639 (41%)]	Loss: 0.000704
Train Epoch: 20 [4800/10639 (45%)]	Loss: 0.009809
Train Epoch: 20 [5200/10639 (49%)]	Loss: 0.023135
Train Epoch: 20 [5600/10639 (53%)]	Loss: 0.001434
Train Epoch: 20 [6000/10639 (56%)]	Loss: 0.035539
Train Epoch: 20 [6400/10639 (60%)]	Loss: 0.000859
Train Epoch: 20 [6800/10639 (64%)]	Loss: 0.001916
Train Epoch: 20 [7200/10639 (68%)]	Loss: 0.000475
Train Epoch: 20 [7600/10639 (71%)]	Loss: 0.000216
Train Epoch: 20 [8000/10639 (75%)]	Loss: 0.000252
Train Epoch: 20 [8400/10639 (79%)]	Loss: 0.000378
Train Epoch: 20 [8800/10639 (83%)]	Loss: 0.091085
Train Epoch: 20 [9200/10639 (86%)]	Loss: 0.000636
Train Epoch: 20 [9600/10639 (90%)]	Loss: 0.004074
Train Epoch: 20 [10000/10639 (94%)]	Loss: 0.040342
Train Epoch: 20 [10400/10639 (98%)]	Loss: 0.009370
Test set: Average loss: 0.8089, Accuracy: 2187/2659 (82%)
Train Epoch: 21 [0/10639 (0%)]	Loss: 0.000748
Train Epoch: 21 [400/10639 (4%)]	Loss: 0.000841
Train Epoch: 21 [800/10639 (8%)]	Loss: 0.000971
Train Epoch: 21 [1200/10639 (11%)]	Loss: 0.000826
Train Epoch: 21 [1600/10639 (15%)]	Loss: 0.008168
Train Epoch: 21 [2000/10639 (19%)]	Loss: 0.003771
Train Epoch: 21 [2400/10639 (23%)]	Loss: 0.001346
Train Epoch: 21 [2800/10639 (26%)]	Loss: 0.008204
Train Epoch: 21 [3200/10639 (30%)]	Loss: 0.035298
Train Epoch: 21 [3600/10639 (34%)]	Loss: 0.002687
Train Epoch: 21 [4000/10639 (38%)]	Loss: 0.000833
Train Epoch: 21 [4400/10639 (41%)]	Loss: 0.000481
Train Epoch: 21 [4800/10639 (45%)]	Loss: 0.000188
Train Epoch: 21 [5200/10639 (49%)]	Loss: 0.002353
Train Epoch: 21 [5600/10639 (53%)]	Loss: 0.000251
Train Epoch: 21 [6000/10639 (56%)]	Loss: 0.004198
Train Epoch: 21 [6400/10639 (60%)]	Loss: 0.004820
Train Epoch: 21 [6800/10639 (64%)]	Loss: 0.000175
Train Epoch: 21 [7200/10639 (68%)]	Loss: 0.000812
Train Epoch: 21 [7600/10639 (71%)]	Loss: 0.001157
Train Epoch: 21 [8000/10639 (75%)]	Loss: 0.001669
Train Epoch: 21 [8400/10639 (79%)]	Loss: 0.001032
Train Epoch: 21 [8800/10639 (83%)]	Loss: 0.002122
Train Epoch: 21 [9200/10639 (86%)]	Loss: 0.000357
Train Epoch: 21 [9600/10639 (90%)]	Loss: 0.001341
Train Epoch: 21 [10000/10639 (94%)]	Loss: 0.000216
Train Epoch: 21 [10400/10639 (98%)]	Loss: 0.000864
Test set: Average loss: 0.9537, Accuracy: 2202/2659 (82%)
Train Epoch: 22 [0/10639 (0%)]	Loss: 0.000739
Train Epoch: 22 [400/10639 (4%)]	Loss: 0.013262
Train Epoch: 22 [800/10639 (8%)]	Loss: 0.017192
Train Epoch: 22 [1200/10639 (11%)]	Loss: 0.003113
Train Epoch: 22 [1600/10639 (15%)]	Loss: 0.000466
Train Epoch: 22 [2000/10639 (19%)]	Loss: 0.002735
Train Epoch: 22 [2400/10639 (23%)]	Loss: 0.000991
Train Epoch: 22 [2800/10639 (26%)]	Loss: 0.001172
Train Epoch: 22 [3200/10639 (30%)]	Loss: 0.003139
Train Epoch: 22 [3600/10639 (34%)]	Loss: 0.000850
Train Epoch: 22 [4000/10639 (38%)]	Loss: 0.000497
Train Epoch: 22 [4400/10639 (41%)]	Loss: 0.034795
Train Epoch: 22 [4800/10639 (45%)]	Loss: 0.000525
Train Epoch: 22 [5200/10639 (49%)]	Loss: 0.001044
Train Epoch: 22 [5600/10639 (53%)]	Loss: 0.001250
Train Epoch: 22 [6000/10639 (56%)]	Loss: 0.000558
Train Epoch: 22 [6400/10639 (60%)]	Loss: 0.000604
Train Epoch: 22 [6800/10639 (64%)]	Loss: 0.001037
Train Epoch: 22 [7200/10639 (68%)]	Loss: 0.000758
Train Epoch: 22 [7600/10639 (71%)]	Loss: 0.001423
Train Epoch: 22 [8000/10639 (75%)]	Loss: 0.000980
Train Epoch: 22 [8400/10639 (79%)]	Loss: 0.001161
Train Epoch: 22 [8800/10639 (83%)]	Loss: 0.007935
Train Epoch: 22 [9200/10639 (86%)]	Loss: 0.001100
Train Epoch: 22 [9600/10639 (90%)]	Loss: 0.001969
Train Epoch: 22 [10000/10639 (94%)]	Loss: 0.002448
Train Epoch: 22 [10400/10639 (98%)]	Loss: 0.000634
Test set: Average loss: 0.8241, Accuracy: 2206/2659 (82%)
Train Epoch: 23 [0/10639 (0%)]	Loss: 0.000330
Train Epoch: 23 [400/10639 (4%)]	Loss: 0.000898
Train Epoch: 23 [800/10639 (8%)]	Loss: 0.000457
Train Epoch: 23 [1200/10639 (11%)]	Loss: 0.000547
Train Epoch: 23 [1600/10639 (15%)]	Loss: 0.001016
Train Epoch: 23 [2000/10639 (19%)]	Loss: 0.000560
Train Epoch: 23 [2400/10639 (23%)]	Loss: 0.010192
Train Epoch: 23 [2800/10639 (26%)]	Loss: 0.046223
Train Epoch: 23 [3200/10639 (30%)]	Loss: 0.000362
Train Epoch: 23 [3600/10639 (34%)]	Loss: 0.000429
Train Epoch: 23 [4000/10639 (38%)]	Loss: 0.000245
Train Epoch: 23 [4400/10639 (41%)]	Loss: 0.000446
Train Epoch: 23 [4800/10639 (45%)]	Loss: 0.001366
Train Epoch: 23 [5200/10639 (49%)]	Loss: 0.001358
Train Epoch: 23 [5600/10639 (53%)]	Loss: 0.000759
Train Epoch: 23 [6000/10639 (56%)]	Loss: 0.006827
Train Epoch: 23 [6400/10639 (60%)]	Loss: 0.001946
Train Epoch: 23 [6800/10639 (64%)]	Loss: 0.041107
Train Epoch: 23 [7200/10639 (68%)]	Loss: 0.000669
Train Epoch: 23 [7600/10639 (71%)]	Loss: 0.001607
Train Epoch: 23 [8000/10639 (75%)]	Loss: 0.004215
Train Epoch: 23 [8400/10639 (79%)]	Loss: 0.001941
Train Epoch: 23 [8800/10639 (83%)]	Loss: 0.000833
Train Epoch: 23 [9200/10639 (86%)]	Loss: 0.000322
Train Epoch: 23 [9600/10639 (90%)]	Loss: 0.000563
Train Epoch: 23 [10000/10639 (94%)]	Loss: 0.004715
Train Epoch: 23 [10400/10639 (98%)]	Loss: 0.001345
Test set: Average loss: 0.8542, Accuracy: 2208/2659 (83%)
Train Epoch: 24 [0/10639 (0%)]	Loss: 0.002014
Train Epoch: 24 [400/10639 (4%)]	Loss: 0.000450
Train Epoch: 24 [800/10639 (8%)]	Loss: 0.002133
Train Epoch: 24 [1200/10639 (11%)]	Loss: 0.001219
Train Epoch: 24 [1600/10639 (15%)]	Loss: 0.000210
Train Epoch: 24 [2000/10639 (19%)]	Loss: 0.000258
Train Epoch: 24 [2400/10639 (23%)]	Loss: 0.000450
Train Epoch: 24 [2800/10639 (26%)]	Loss: 0.003914
Train Epoch: 24 [3200/10639 (30%)]	Loss: 0.000319
Train Epoch: 24 [3600/10639 (34%)]	Loss: 0.000129
Train Epoch: 24 [4000/10639 (38%)]	Loss: 0.001955
Train Epoch: 24 [4400/10639 (41%)]	Loss: 0.000049
Train Epoch: 24 [4800/10639 (45%)]	Loss: 0.000317
Train Epoch: 24 [5200/10639 (49%)]	Loss: 0.000115
Train Epoch: 24 [5600/10639 (53%)]	Loss: 0.000305
Train Epoch: 24 [6000/10639 (56%)]	Loss: 0.001048
Train Epoch: 24 [6400/10639 (60%)]	Loss: 0.000567
Train Epoch: 24 [6800/10639 (64%)]	Loss: 0.005935
Train Epoch: 24 [7200/10639 (68%)]	Loss: 0.000289
Train Epoch: 24 [7600/10639 (71%)]	Loss: 0.008838
Train Epoch: 24 [8000/10639 (75%)]	Loss: 0.001182
Train Epoch: 24 [8400/10639 (79%)]	Loss: 0.000437
Train Epoch: 24 [8800/10639 (83%)]	Loss: 0.000559
Train Epoch: 24 [9200/10639 (86%)]	Loss: 0.000083
Train Epoch: 24 [9600/10639 (90%)]	Loss: 0.002574
Train Epoch: 24 [10000/10639 (94%)]	Loss: 0.006205
Train Epoch: 24 [10400/10639 (98%)]	Loss: 0.000331
Test set: Average loss: 0.9210, Accuracy: 2193/2659 (82%)
Train Epoch: 25 [0/10639 (0%)]	Loss: 0.000291
Train Epoch: 25 [400/10639 (4%)]	Loss: 0.000306
Train Epoch: 25 [800/10639 (8%)]	Loss: 0.000131
Train Epoch: 25 [1200/10639 (11%)]	Loss: 0.000159
Train Epoch: 25 [1600/10639 (15%)]	Loss: 0.000122
Train Epoch: 25 [2000/10639 (19%)]	Loss: 0.021307
Train Epoch: 25 [2400/10639 (23%)]	Loss: 0.000798
Train Epoch: 25 [2800/10639 (26%)]	Loss: 0.000189
Train Epoch: 25 [3200/10639 (30%)]	Loss: 0.000151
Train Epoch: 25 [3600/10639 (34%)]	Loss: 0.000223
Train Epoch: 25 [4000/10639 (38%)]	Loss: 0.000502
Train Epoch: 25 [4400/10639 (41%)]	Loss: 0.000513
Train Epoch: 25 [4800/10639 (45%)]	Loss: 0.000140
Train Epoch: 25 [5200/10639 (49%)]	Loss: 0.000264
Train Epoch: 25 [5600/10639 (53%)]	Loss: 0.000179
Train Epoch: 25 [6000/10639 (56%)]	Loss: 0.000310
Train Epoch: 25 [6400/10639 (60%)]	Loss: 0.000062
Train Epoch: 25 [6800/10639 (64%)]	Loss: 0.003879
Train Epoch: 25 [7200/10639 (68%)]	Loss: 0.067428
Train Epoch: 25 [7600/10639 (71%)]	Loss: 0.004790
Train Epoch: 25 [8000/10639 (75%)]	Loss: 0.002960
Train Epoch: 25 [8400/10639 (79%)]	Loss: 0.000294
Train Epoch: 25 [8800/10639 (83%)]	Loss: 0.000543
Train Epoch: 25 [9200/10639 (86%)]	Loss: 0.000228
Train Epoch: 25 [9600/10639 (90%)]	Loss: 0.000124
Train Epoch: 25 [10000/10639 (94%)]	Loss: 0.001597
Train Epoch: 25 [10400/10639 (98%)]	Loss: 0.001593
Test set: Average loss: 0.9117, Accuracy: 2210/2659 (83%)
Train Epoch: 26 [0/10639 (0%)]	Loss: 0.000381
Train Epoch: 26 [400/10639 (4%)]	Loss: 0.000029
Train Epoch: 26 [800/10639 (8%)]	Loss: 0.001718
Train Epoch: 26 [1200/10639 (11%)]	Loss: 0.000420
Train Epoch: 26 [1600/10639 (15%)]	Loss: 0.000335
Train Epoch: 26 [2000/10639 (19%)]	Loss: 0.001029
Train Epoch: 26 [2400/10639 (23%)]	Loss: 0.001072
Train Epoch: 26 [2800/10639 (26%)]	Loss: 0.000307
Train Epoch: 26 [3200/10639 (30%)]	Loss: 0.000173
Train Epoch: 26 [3600/10639 (34%)]	Loss: 0.001241
Train Epoch: 26 [4000/10639 (38%)]	Loss: 0.000460
Train Epoch: 26 [4400/10639 (41%)]	Loss: 0.002132
Train Epoch: 26 [4800/10639 (45%)]	Loss: 0.038178
Train Epoch: 26 [5200/10639 (49%)]	Loss: 0.000192
Train Epoch: 26 [5600/10639 (53%)]	Loss: 0.005873
Train Epoch: 26 [6000/10639 (56%)]	Loss: 0.000411
Train Epoch: 26 [6400/10639 (60%)]	Loss: 0.000478
Train Epoch: 26 [6800/10639 (64%)]	Loss: 0.000903
Train Epoch: 26 [7200/10639 (68%)]	Loss: 0.041962
Train Epoch: 26 [7600/10639 (71%)]	Loss: 0.000377
Train Epoch: 26 [8000/10639 (75%)]	Loss: 0.000539
Train Epoch: 26 [8400/10639 (79%)]	Loss: 0.000587
Train Epoch: 26 [8800/10639 (83%)]	Loss: 0.000399
Train Epoch: 26 [9200/10639 (86%)]	Loss: 0.012978
Train Epoch: 26 [9600/10639 (90%)]	Loss: 0.001419
Train Epoch: 26 [10000/10639 (94%)]	Loss: 0.002682
Train Epoch: 26 [10400/10639 (98%)]	Loss: 0.000379
Test set: Average loss: 0.8711, Accuracy: 2228/2659 (83%)
Train Epoch: 27 [0/10639 (0%)]	Loss: 0.000078
Train Epoch: 27 [400/10639 (4%)]	Loss: 0.000314
Train Epoch: 27 [800/10639 (8%)]	Loss: 0.001736
Train Epoch: 27 [1200/10639 (11%)]	Loss: 0.000512
Train Epoch: 27 [1600/10639 (15%)]	Loss: 0.000190
Train Epoch: 27 [2000/10639 (19%)]	Loss: 0.005901
Train Epoch: 27 [2400/10639 (23%)]	Loss: 0.001621
Train Epoch: 27 [2800/10639 (26%)]	Loss: 0.000329
Train Epoch: 27 [3200/10639 (30%)]	Loss: 0.000458
Train Epoch: 27 [3600/10639 (34%)]	Loss: 0.001697
Train Epoch: 27 [4000/10639 (38%)]	Loss: 0.000078
Train Epoch: 27 [4400/10639 (41%)]	Loss: 0.000642
Train Epoch: 27 [4800/10639 (45%)]	Loss: 0.000233
Train Epoch: 27 [5200/10639 (49%)]	Loss: 0.000290
Train Epoch: 27 [5600/10639 (53%)]	Loss: 0.000098
Train Epoch: 27 [6000/10639 (56%)]	Loss: 0.001933
Train Epoch: 27 [6400/10639 (60%)]	Loss: 0.000103
Train Epoch: 27 [6800/10639 (64%)]	Loss: 0.002964
Train Epoch: 27 [7200/10639 (68%)]	Loss: 0.001759
Train Epoch: 27 [7600/10639 (71%)]	Loss: 0.000270
Train Epoch: 27 [8000/10639 (75%)]	Loss: 0.000055
Train Epoch: 27 [8400/10639 (79%)]	Loss: 0.001454
Train Epoch: 27 [8800/10639 (83%)]	Loss: 0.000553
Train Epoch: 27 [9200/10639 (86%)]	Loss: 0.002723
Train Epoch: 27 [9600/10639 (90%)]	Loss: 0.001005
Train Epoch: 27 [10000/10639 (94%)]	Loss: 0.000055
Train Epoch: 27 [10400/10639 (98%)]	Loss: 0.000916
Test set: Average loss: 0.8782, Accuracy: 2238/2659 (84%)
Train Epoch: 28 [0/10639 (0%)]	Loss: 0.000038
Train Epoch: 28 [400/10639 (4%)]	Loss: 0.000197
Train Epoch: 28 [800/10639 (8%)]	Loss: 0.000849
Train Epoch: 28 [1200/10639 (11%)]	Loss: 0.041291
Train Epoch: 28 [1600/10639 (15%)]	Loss: 0.000330
Train Epoch: 28 [2000/10639 (19%)]	Loss: 0.000462
Train Epoch: 28 [2400/10639 (23%)]	Loss: 0.000135
Train Epoch: 28 [2800/10639 (26%)]	Loss: 0.000425
Train Epoch: 28 [3200/10639 (30%)]	Loss: 0.000150
Train Epoch: 28 [3600/10639 (34%)]	Loss: 0.000242
Train Epoch: 28 [4000/10639 (38%)]	Loss: 0.000541
Train Epoch: 28 [4400/10639 (41%)]	Loss: 0.000276
Train Epoch: 28 [4800/10639 (45%)]	Loss: 0.000226
Train Epoch: 28 [5200/10639 (49%)]	Loss: 0.000295
Train Epoch: 28 [5600/10639 (53%)]	Loss: 0.000107
Train Epoch: 28 [6000/10639 (56%)]	Loss: 0.001032
Train Epoch: 28 [6400/10639 (60%)]	Loss: 0.006975
Train Epoch: 28 [6800/10639 (64%)]	Loss: 0.000541
Train Epoch: 28 [7200/10639 (68%)]	Loss: 0.000073
Train Epoch: 28 [7600/10639 (71%)]	Loss: 0.000374
Train Epoch: 28 [8000/10639 (75%)]	Loss: 0.041882
Train Epoch: 28 [8400/10639 (79%)]	Loss: 0.000353
Train Epoch: 28 [8800/10639 (83%)]	Loss: 0.004671
Train Epoch: 28 [9200/10639 (86%)]	Loss: 0.005171
Train Epoch: 28 [9600/10639 (90%)]	Loss: 0.000135
Train Epoch: 28 [10000/10639 (94%)]	Loss: 0.000162
Train Epoch: 28 [10400/10639 (98%)]	Loss: 0.001299
Test set: Average loss: 0.9114, Accuracy: 2177/2659 (81%)
Train Epoch: 29 [0/10639 (0%)]	Loss: 0.000590
Train Epoch: 29 [400/10639 (4%)]	Loss: 0.001162
Train Epoch: 29 [800/10639 (8%)]	Loss: 0.000245
Train Epoch: 29 [1200/10639 (11%)]	Loss: 0.001284
Train Epoch: 29 [1600/10639 (15%)]	Loss: 0.000332
Train Epoch: 29 [2000/10639 (19%)]	Loss: 0.000904
Train Epoch: 29 [2400/10639 (23%)]	Loss: 0.003069
Train Epoch: 29 [2800/10639 (26%)]	Loss: 0.000870
Train Epoch: 29 [3200/10639 (30%)]	Loss: 0.000309
Train Epoch: 29 [3600/10639 (34%)]	Loss: 0.005573
Train Epoch: 29 [4000/10639 (38%)]	Loss: 0.000273
Train Epoch: 29 [4400/10639 (41%)]	Loss: 0.005388
Train Epoch: 29 [4800/10639 (45%)]	Loss: 0.000715
Train Epoch: 29 [5200/10639 (49%)]	Loss: 0.000589
Train Epoch: 29 [5600/10639 (53%)]	Loss: 0.005196
Train Epoch: 29 [6000/10639 (56%)]	Loss: 0.000357
Train Epoch: 29 [6400/10639 (60%)]	Loss: 0.000422
Train Epoch: 29 [6800/10639 (64%)]	Loss: 0.000604
Train Epoch: 29 [7200/10639 (68%)]	Loss: 0.000304
Train Epoch: 29 [7600/10639 (71%)]	Loss: 0.000573
Train Epoch: 29 [8000/10639 (75%)]	Loss: 0.000888
Train Epoch: 29 [8400/10639 (79%)]	Loss: 0.000111
Train Epoch: 29 [8800/10639 (83%)]	Loss: 0.000214
Train Epoch: 29 [9200/10639 (86%)]	Loss: 0.000166
Train Epoch: 29 [9600/10639 (90%)]	Loss: 0.000416
Train Epoch: 29 [10000/10639 (94%)]	Loss: 0.000664
Train Epoch: 29 [10400/10639 (98%)]	Loss: 0.011178
Test set: Average loss: 0.9210, Accuracy: 2211/2659 (83%)
Train Epoch: 30 [0/10639 (0%)]	Loss: 0.004914
Train Epoch: 30 [400/10639 (4%)]	Loss: 0.000434
Train Epoch: 30 [800/10639 (8%)]	Loss: 0.002113
Train Epoch: 30 [1200/10639 (11%)]	Loss: 0.000269
Train Epoch: 30 [1600/10639 (15%)]	Loss: 0.000162
Train Epoch: 30 [2000/10639 (19%)]	Loss: 0.000195
Train Epoch: 30 [2400/10639 (23%)]	Loss: 0.000136
Train Epoch: 30 [2800/10639 (26%)]	Loss: 0.000209
Train Epoch: 30 [3200/10639 (30%)]	Loss: 0.000171
Train Epoch: 30 [3600/10639 (34%)]	Loss: 0.000438
Train Epoch: 30 [4000/10639 (38%)]	Loss: 0.000172
Train Epoch: 30 [4400/10639 (41%)]	Loss: 0.000766
Train Epoch: 30 [4800/10639 (45%)]	Loss: 0.000069
Train Epoch: 30 [5200/10639 (49%)]	Loss: 0.001412
Train Epoch: 30 [5600/10639 (53%)]	Loss: 0.000725
Train Epoch: 30 [6000/10639 (56%)]	Loss: 0.001113
Train Epoch: 30 [6400/10639 (60%)]	Loss: 0.000104
Train Epoch: 30 [6800/10639 (64%)]	Loss: 0.002047
Train Epoch: 30 [7200/10639 (68%)]	Loss: 0.000146
Train Epoch: 30 [7600/10639 (71%)]	Loss: 0.001028
Train Epoch: 30 [8000/10639 (75%)]	Loss: 0.000309
Train Epoch: 30 [8400/10639 (79%)]	Loss: 0.000294
Train Epoch: 30 [8800/10639 (83%)]	Loss: 0.000522
Train Epoch: 30 [9200/10639 (86%)]	Loss: 0.000398
Train Epoch: 30 [9600/10639 (90%)]	Loss: 0.000249
Train Epoch: 30 [10000/10639 (94%)]	Loss: 0.000148
Train Epoch: 30 [10400/10639 (98%)]	Loss: 0.000056
Test set: Average loss: 0.9216, Accuracy: 2224/2659 (83%)
Train Epoch: 31 [0/10639 (0%)]	Loss: 0.000127
Train Epoch: 31 [400/10639 (4%)]	Loss: 0.000200
Train Epoch: 31 [800/10639 (8%)]	Loss: 0.000099
Train Epoch: 31 [1200/10639 (11%)]	Loss: 0.000328
Train Epoch: 31 [1600/10639 (15%)]	Loss: 0.000112
Train Epoch: 31 [2000/10639 (19%)]	Loss: 0.000177
Train Epoch: 31 [2400/10639 (23%)]	Loss: 0.000134
Train Epoch: 31 [2800/10639 (26%)]	Loss: 0.000274
Train Epoch: 31 [3200/10639 (30%)]	Loss: 0.000051
Train Epoch: 31 [3600/10639 (34%)]	Loss: 0.000309
Train Epoch: 31 [4000/10639 (38%)]	Loss: 0.000239
Train Epoch: 31 [4400/10639 (41%)]	Loss: 0.000166
Train Epoch: 31 [4800/10639 (45%)]	Loss: 0.000604
Train Epoch: 31 [5200/10639 (49%)]	Loss: 0.000029
Train Epoch: 31 [5600/10639 (53%)]	Loss: 0.000183
Train Epoch: 31 [6000/10639 (56%)]	Loss: 0.000130
Train Epoch: 31 [6400/10639 (60%)]	Loss: 0.000061
Train Epoch: 31 [6800/10639 (64%)]	Loss: 0.000049
Train Epoch: 31 [7200/10639 (68%)]	Loss: 0.000428
Train Epoch: 31 [7600/10639 (71%)]	Loss: 0.000045
Train Epoch: 31 [8000/10639 (75%)]	Loss: 0.000150
Train Epoch: 31 [8400/10639 (79%)]	Loss: 0.003021
Train Epoch: 31 [8800/10639 (83%)]	Loss: 0.000602
Train Epoch: 31 [9200/10639 (86%)]	Loss: 0.001087
Train Epoch: 31 [9600/10639 (90%)]	Loss: 0.000082
Train Epoch: 31 [10000/10639 (94%)]	Loss: 0.003556
Train Epoch: 31 [10400/10639 (98%)]	Loss: 0.000116
Test set: Average loss: 0.9271, Accuracy: 2226/2659 (83%)
Train Epoch: 32 [0/10639 (0%)]	Loss: 0.000257
Train Epoch: 32 [400/10639 (4%)]	Loss: 0.003455
Train Epoch: 32 [800/10639 (8%)]	Loss: 0.000174
Train Epoch: 32 [1200/10639 (11%)]	Loss: 0.000049
Train Epoch: 32 [1600/10639 (15%)]	Loss: 0.000260
Train Epoch: 32 [2000/10639 (19%)]	Loss: 0.000044
Train Epoch: 32 [2400/10639 (23%)]	Loss: 0.000355
Train Epoch: 32 [2800/10639 (26%)]	Loss: 0.000106
Train Epoch: 32 [3200/10639 (30%)]	Loss: 0.000063
Train Epoch: 32 [3600/10639 (34%)]	Loss: 0.000100
Train Epoch: 32 [4000/10639 (38%)]	Loss: 0.000241
Train Epoch: 32 [4400/10639 (41%)]	Loss: 0.000121
Train Epoch: 32 [4800/10639 (45%)]	Loss: 0.000215
Train Epoch: 32 [5200/10639 (49%)]	Loss: 0.001531
Train Epoch: 32 [5600/10639 (53%)]	Loss: 0.001074
Train Epoch: 32 [6000/10639 (56%)]	Loss: 0.002692
Train Epoch: 32 [6400/10639 (60%)]	Loss: 0.000443
Train Epoch: 32 [6800/10639 (64%)]	Loss: 0.000452
Train Epoch: 32 [7200/10639 (68%)]	Loss: 0.000037
Train Epoch: 32 [7600/10639 (71%)]	Loss: 0.000992
Train Epoch: 32 [8000/10639 (75%)]	Loss: 0.000149
Train Epoch: 32 [8400/10639 (79%)]	Loss: 0.000350
Train Epoch: 32 [8800/10639 (83%)]	Loss: 0.002782
Train Epoch: 32 [9200/10639 (86%)]	Loss: 0.015123
Train Epoch: 32 [9600/10639 (90%)]	Loss: 0.000116
Train Epoch: 32 [10000/10639 (94%)]	Loss: 0.000136
Train Epoch: 32 [10400/10639 (98%)]	Loss: 0.000263
Test set: Average loss: 0.9448, Accuracy: 2209/2659 (83%)
Train Epoch: 33 [0/10639 (0%)]	Loss: 0.000298
Train Epoch: 33 [400/10639 (4%)]	Loss: 0.000070
Train Epoch: 33 [800/10639 (8%)]	Loss: 0.000201
Train Epoch: 33 [1200/10639 (11%)]	Loss: 0.012959
Train Epoch: 33 [1600/10639 (15%)]	Loss: 0.000117
Train Epoch: 33 [2000/10639 (19%)]	Loss: 0.000100
Train Epoch: 33 [2400/10639 (23%)]	Loss: 0.000126
Train Epoch: 33 [2800/10639 (26%)]	Loss: 0.000247
Train Epoch: 33 [3200/10639 (30%)]	Loss: 0.000262
Train Epoch: 33 [3600/10639 (34%)]	Loss: 0.000251
Train Epoch: 33 [4000/10639 (38%)]	Loss: 0.000047
Train Epoch: 33 [4400/10639 (41%)]	Loss: 0.000151
Train Epoch: 33 [4800/10639 (45%)]	Loss: 0.016927
Train Epoch: 33 [5200/10639 (49%)]	Loss: 0.000169
Train Epoch: 33 [5600/10639 (53%)]	Loss: 0.000612
Train Epoch: 33 [6000/10639 (56%)]	Loss: 0.000322
Train Epoch: 33 [6400/10639 (60%)]	Loss: 0.000056
Train Epoch: 33 [6800/10639 (64%)]	Loss: 0.000199
Train Epoch: 33 [7200/10639 (68%)]	Loss: 0.000034
Train Epoch: 33 [7600/10639 (71%)]	Loss: 0.000115
Train Epoch: 33 [8000/10639 (75%)]	Loss: 0.000381
Train Epoch: 33 [8400/10639 (79%)]	Loss: 0.000221
Train Epoch: 33 [8800/10639 (83%)]	Loss: 0.000064
Train Epoch: 33 [9200/10639 (86%)]	Loss: 0.000381
Train Epoch: 33 [9600/10639 (90%)]	Loss: 0.000275
Train Epoch: 33 [10000/10639 (94%)]	Loss: 0.000148
Train Epoch: 33 [10400/10639 (98%)]	Loss: 0.000159
Test set: Average loss: 0.9360, Accuracy: 2198/2659 (82%)
Train Epoch: 34 [0/10639 (0%)]	Loss: 0.000234
Train Epoch: 34 [400/10639 (4%)]	Loss: 0.000453
Train Epoch: 34 [800/10639 (8%)]	Loss: 0.000183
Train Epoch: 34 [1200/10639 (11%)]	Loss: 0.000159
Train Epoch: 34 [1600/10639 (15%)]	Loss: 0.000069
Train Epoch: 34 [2000/10639 (19%)]	Loss: 0.001125
Train Epoch: 34 [2400/10639 (23%)]	Loss: 0.000281
Train Epoch: 34 [2800/10639 (26%)]	Loss: 0.000125
Train Epoch: 34 [3200/10639 (30%)]	Loss: 0.000161
Train Epoch: 34 [3600/10639 (34%)]	Loss: 0.000224
Train Epoch: 34 [4000/10639 (38%)]	Loss: 0.000309
Train Epoch: 34 [4400/10639 (41%)]	Loss: 0.000036
Train Epoch: 34 [4800/10639 (45%)]	Loss: 0.000220
Train Epoch: 34 [5200/10639 (49%)]	Loss: 0.000576
Train Epoch: 34 [5600/10639 (53%)]	Loss: 0.000084
Train Epoch: 34 [6000/10639 (56%)]	Loss: 0.000146
Train Epoch: 34 [6400/10639 (60%)]	Loss: 0.000039
Train Epoch: 34 [6800/10639 (64%)]	Loss: 0.000177
Train Epoch: 34 [7200/10639 (68%)]	Loss: 0.000195
Train Epoch: 34 [7600/10639 (71%)]	Loss: 0.000405
Train Epoch: 34 [8000/10639 (75%)]	Loss: 0.000153
Train Epoch: 34 [8400/10639 (79%)]	Loss: 0.000032
Train Epoch: 34 [8800/10639 (83%)]	Loss: 0.000037
Train Epoch: 34 [9200/10639 (86%)]	Loss: 0.000032
Train Epoch: 34 [9600/10639 (90%)]	Loss: 0.000118
Train Epoch: 34 [10000/10639 (94%)]	Loss: 0.000041
Train Epoch: 34 [10400/10639 (98%)]	Loss: 0.000123
Test set: Average loss: 0.9578, Accuracy: 2207/2659 (83%)
Train Epoch: 35 [0/10639 (0%)]	Loss: 0.001717
Train Epoch: 35 [400/10639 (4%)]	Loss: 0.000200
Train Epoch: 35 [800/10639 (8%)]	Loss: 0.000069
Train Epoch: 35 [1200/10639 (11%)]	Loss: 0.000161
Train Epoch: 35 [1600/10639 (15%)]	Loss: 0.000805
Train Epoch: 35 [2000/10639 (19%)]	Loss: 0.000188
Train Epoch: 35 [2400/10639 (23%)]	Loss: 0.000105
Train Epoch: 35 [2800/10639 (26%)]	Loss: 0.000228
Train Epoch: 35 [3200/10639 (30%)]	Loss: 0.000036
Train Epoch: 35 [3600/10639 (34%)]	Loss: 0.000176
Train Epoch: 35 [4000/10639 (38%)]	Loss: 0.000065
Train Epoch: 35 [4400/10639 (41%)]	Loss: 0.000170
Train Epoch: 35 [4800/10639 (45%)]	Loss: 0.000173
Train Epoch: 35 [5200/10639 (49%)]	Loss: 0.000095
Train Epoch: 35 [5600/10639 (53%)]	Loss: 0.000235
Train Epoch: 35 [6000/10639 (56%)]	Loss: 0.000188
Train Epoch: 35 [6400/10639 (60%)]	Loss: 0.000340
Train Epoch: 35 [6800/10639 (64%)]	Loss: 0.000021
Train Epoch: 35 [7200/10639 (68%)]	Loss: 0.000029
Train Epoch: 35 [7600/10639 (71%)]	Loss: 0.000201
Train Epoch: 35 [8000/10639 (75%)]	Loss: 0.000373
Train Epoch: 35 [8400/10639 (79%)]	Loss: 0.000321
Train Epoch: 35 [8800/10639 (83%)]	Loss: 0.000082
Train Epoch: 35 [9200/10639 (86%)]	Loss: 0.000132
Train Epoch: 35 [9600/10639 (90%)]	Loss: 0.000192
Train Epoch: 35 [10000/10639 (94%)]	Loss: 0.000138
Train Epoch: 35 [10400/10639 (98%)]	Loss: 0.000179
Test set: Average loss: 0.9693, Accuracy: 2202/2659 (82%)
Train Epoch: 36 [0/10639 (0%)]	Loss: 0.000063
Train Epoch: 36 [400/10639 (4%)]	Loss: 0.000062
Train Epoch: 36 [800/10639 (8%)]	Loss: 0.000040
Train Epoch: 36 [1200/10639 (11%)]	Loss: 0.000947
Train Epoch: 36 [1600/10639 (15%)]	Loss: 0.000038
Train Epoch: 36 [2000/10639 (19%)]	Loss: 0.000049
Train Epoch: 36 [2400/10639 (23%)]	Loss: 0.000071
Train Epoch: 36 [2800/10639 (26%)]	Loss: 0.000135
Train Epoch: 36 [3200/10639 (30%)]	Loss: 0.000131
Train Epoch: 36 [3600/10639 (34%)]	Loss: 0.000087
Train Epoch: 36 [4000/10639 (38%)]	Loss: 0.000281
Train Epoch: 36 [4400/10639 (41%)]	Loss: 0.000199
Train Epoch: 36 [4800/10639 (45%)]	Loss: 0.006726
Train Epoch: 36 [5200/10639 (49%)]	Loss: 0.000150
Train Epoch: 36 [5600/10639 (53%)]	Loss: 0.000071
Train Epoch: 36 [6000/10639 (56%)]	Loss: 0.000691
Train Epoch: 36 [6400/10639 (60%)]	Loss: 0.000270
Train Epoch: 36 [6800/10639 (64%)]	Loss: 0.000211
Train Epoch: 36 [7200/10639 (68%)]	Loss: 0.000030
Train Epoch: 36 [7600/10639 (71%)]	Loss: 0.000066
Train Epoch: 36 [8000/10639 (75%)]	Loss: 0.000151
Train Epoch: 36 [8400/10639 (79%)]	Loss: 0.000175
Train Epoch: 36 [8800/10639 (83%)]	Loss: 0.000037
Train Epoch: 36 [9200/10639 (86%)]	Loss: 0.000097
Train Epoch: 36 [9600/10639 (90%)]	Loss: 0.000727
Train Epoch: 36 [10000/10639 (94%)]	Loss: 0.001341
Train Epoch: 36 [10400/10639 (98%)]	Loss: 0.000202
Test set: Average loss: 0.9651, Accuracy: 2196/2659 (82%)
Train Epoch: 37 [0/10639 (0%)]	Loss: 0.000124
Train Epoch: 37 [400/10639 (4%)]	Loss: 0.000097
Train Epoch: 37 [800/10639 (8%)]	Loss: 0.000308
Train Epoch: 37 [1200/10639 (11%)]	Loss: 0.000357
Train Epoch: 37 [1600/10639 (15%)]	Loss: 0.000196
Train Epoch: 37 [2000/10639 (19%)]	Loss: 0.000649
Train Epoch: 37 [2400/10639 (23%)]	Loss: 0.000018
Train Epoch: 37 [2800/10639 (26%)]	Loss: 0.000034
Train Epoch: 37 [3200/10639 (30%)]	Loss: 0.000081
Train Epoch: 37 [3600/10639 (34%)]	Loss: 0.000112
Train Epoch: 37 [4000/10639 (38%)]	Loss: 0.000058
Train Epoch: 37 [4400/10639 (41%)]	Loss: 0.000054
Train Epoch: 37 [4800/10639 (45%)]	Loss: 0.000694
Train Epoch: 37 [5200/10639 (49%)]	Loss: 0.000243
Train Epoch: 37 [5600/10639 (53%)]	Loss: 0.000077
Train Epoch: 37 [6000/10639 (56%)]	Loss: 0.000086
Train Epoch: 37 [6400/10639 (60%)]	Loss: 0.000434
Train Epoch: 37 [6800/10639 (64%)]	Loss: 0.000097
Train Epoch: 37 [7200/10639 (68%)]	Loss: 0.000167
Train Epoch: 37 [7600/10639 (71%)]	Loss: 0.000365
Train Epoch: 37 [8000/10639 (75%)]	Loss: 0.000270
Train Epoch: 37 [8400/10639 (79%)]	Loss: 0.000384
Train Epoch: 37 [8800/10639 (83%)]	Loss: 0.000208
Train Epoch: 37 [9200/10639 (86%)]	Loss: 0.000031
Train Epoch: 37 [9600/10639 (90%)]	Loss: 0.000167
Train Epoch: 37 [10000/10639 (94%)]	Loss: 0.011488
Train Epoch: 37 [10400/10639 (98%)]	Loss: 0.000102
Test set: Average loss: 0.9792, Accuracy: 2209/2659 (83%)
Train Epoch: 38 [0/10639 (0%)]	Loss: 0.000154
Train Epoch: 38 [400/10639 (4%)]	Loss: 0.000251
Train Epoch: 38 [800/10639 (8%)]	Loss: 0.000118
Train Epoch: 38 [1200/10639 (11%)]	Loss: 0.000089
Train Epoch: 38 [1600/10639 (15%)]	Loss: 0.000168
Train Epoch: 38 [2000/10639 (19%)]	Loss: 0.000129
Train Epoch: 38 [2400/10639 (23%)]	Loss: 0.000104
Train Epoch: 38 [2800/10639 (26%)]	Loss: 0.000050
Train Epoch: 38 [3200/10639 (30%)]	Loss: 0.000041
Train Epoch: 38 [3600/10639 (34%)]	Loss: 0.000075
Train Epoch: 38 [4000/10639 (38%)]	Loss: 0.000153
Train Epoch: 38 [4400/10639 (41%)]	Loss: 0.000058
Train Epoch: 38 [4800/10639 (45%)]	Loss: 0.000067
Train Epoch: 38 [5200/10639 (49%)]	Loss: 0.000036
Train Epoch: 38 [5600/10639 (53%)]	Loss: 0.000295
Train Epoch: 38 [6000/10639 (56%)]	Loss: 0.000073
Train Epoch: 38 [6400/10639 (60%)]	Loss: 0.000040
Train Epoch: 38 [6800/10639 (64%)]	Loss: 0.000017
Train Epoch: 38 [7200/10639 (68%)]	Loss: 0.000055
Train Epoch: 38 [7600/10639 (71%)]	Loss: 0.000024
Train Epoch: 38 [8000/10639 (75%)]	Loss: 0.000127
Train Epoch: 38 [8400/10639 (79%)]	Loss: 0.000120
Train Epoch: 38 [8800/10639 (83%)]	Loss: 0.002179
Train Epoch: 38 [9200/10639 (86%)]	Loss: 0.000127
Train Epoch: 38 [9600/10639 (90%)]	Loss: 0.012087
Train Epoch: 38 [10000/10639 (94%)]	Loss: 0.000056
Train Epoch: 38 [10400/10639 (98%)]	Loss: 0.000030
Test set: Average loss: 1.0417, Accuracy: 2199/2659 (82%)
Train Epoch: 39 [0/10639 (0%)]	Loss: 0.000058
Train Epoch: 39 [400/10639 (4%)]	Loss: 0.000020
Train Epoch: 39 [800/10639 (8%)]	Loss: 0.000207
Train Epoch: 39 [1200/10639 (11%)]	Loss: 0.000095
Train Epoch: 39 [1600/10639 (15%)]	Loss: 0.000160
Train Epoch: 39 [2000/10639 (19%)]	Loss: 0.000109
Train Epoch: 39 [2400/10639 (23%)]	Loss: 0.000146
Train Epoch: 39 [2800/10639 (26%)]	Loss: 0.000043
Train Epoch: 39 [3200/10639 (30%)]	Loss: 0.000967
Train Epoch: 39 [3600/10639 (34%)]	Loss: 0.000176
Train Epoch: 39 [4000/10639 (38%)]	Loss: 0.000032
Train Epoch: 39 [4400/10639 (41%)]	Loss: 0.024515
Train Epoch: 39 [4800/10639 (45%)]	Loss: 0.011648
Train Epoch: 39 [5200/10639 (49%)]	Loss: 0.000474
Train Epoch: 39 [5600/10639 (53%)]	Loss: 0.000412
Train Epoch: 39 [6000/10639 (56%)]	Loss: 0.000429
Train Epoch: 39 [6400/10639 (60%)]	Loss: 0.001076
Train Epoch: 39 [6800/10639 (64%)]	Loss: 0.000167
Train Epoch: 39 [7200/10639 (68%)]	Loss: 0.000078
Train Epoch: 39 [7600/10639 (71%)]	Loss: 0.001217
Train Epoch: 39 [8000/10639 (75%)]	Loss: 0.000544
Train Epoch: 39 [8400/10639 (79%)]	Loss: 0.000065
Train Epoch: 39 [8800/10639 (83%)]	Loss: 0.000211
Train Epoch: 39 [9200/10639 (86%)]	Loss: 0.001425
Train Epoch: 39 [9600/10639 (90%)]	Loss: 0.000298
Train Epoch: 39 [10000/10639 (94%)]	Loss: 0.000769
Train Epoch: 39 [10400/10639 (98%)]	Loss: 0.000600
Test set: Average loss: 0.9436, Accuracy: 2181/2659 (82%)
Train Epoch: 40 [0/10639 (0%)]	Loss: 0.002750
Train Epoch: 40 [400/10639 (4%)]	Loss: 0.000632
Train Epoch: 40 [800/10639 (8%)]	Loss: 0.000376
Train Epoch: 40 [1200/10639 (11%)]	Loss: 0.000127
Train Epoch: 40 [1600/10639 (15%)]	Loss: 0.003353
Train Epoch: 40 [2000/10639 (19%)]	Loss: 0.001124
Train Epoch: 40 [2400/10639 (23%)]	Loss: 0.000282
Train Epoch: 40 [2800/10639 (26%)]	Loss: 0.001953
Train Epoch: 40 [3200/10639 (30%)]	Loss: 0.000178
Train Epoch: 40 [3600/10639 (34%)]	Loss: 0.021435
Train Epoch: 40 [4000/10639 (38%)]	Loss: 0.000147
Train Epoch: 40 [4400/10639 (41%)]	Loss: 0.060330
Train Epoch: 40 [4800/10639 (45%)]	Loss: 0.000178
Train Epoch: 40 [5200/10639 (49%)]	Loss: 0.001145
Train Epoch: 40 [5600/10639 (53%)]	Loss: 0.010613
Train Epoch: 40 [6000/10639 (56%)]	Loss: 0.019931
Train Epoch: 40 [6400/10639 (60%)]	Loss: 0.000147
Train Epoch: 40 [6800/10639 (64%)]	Loss: 0.000395
Train Epoch: 40 [7200/10639 (68%)]	Loss: 0.000254
Train Epoch: 40 [7600/10639 (71%)]	Loss: 0.000417
Train Epoch: 40 [8000/10639 (75%)]	Loss: 0.001916
Train Epoch: 40 [8400/10639 (79%)]	Loss: 0.012657
Train Epoch: 40 [8800/10639 (83%)]	Loss: 0.002244
Train Epoch: 40 [9200/10639 (86%)]	Loss: 0.000678
Train Epoch: 40 [9600/10639 (90%)]	Loss: 0.005709
Train Epoch: 40 [10000/10639 (94%)]	Loss: 0.032791
Train Epoch: 40 [10400/10639 (98%)]	Loss: 0.006806
Test set: Average loss: 0.9693, Accuracy: 2137/2659 (80%)
Train Epoch: 41 [0/10639 (0%)]	Loss: 0.002157
Train Epoch: 41 [400/10639 (4%)]	Loss: 0.000353
Train Epoch: 41 [800/10639 (8%)]	Loss: 0.001792
Train Epoch: 41 [1200/10639 (11%)]	Loss: 0.020547
Train Epoch: 41 [1600/10639 (15%)]	Loss: 0.008641
Train Epoch: 41 [2000/10639 (19%)]	Loss: 0.018392
Train Epoch: 41 [2400/10639 (23%)]	Loss: 0.000463
Train Epoch: 41 [2800/10639 (26%)]	Loss: 0.000584
Train Epoch: 41 [3200/10639 (30%)]	Loss: 0.000880
Train Epoch: 41 [3600/10639 (34%)]	Loss: 0.000603
Train Epoch: 41 [4000/10639 (38%)]	Loss: 0.000896
Train Epoch: 41 [4400/10639 (41%)]	Loss: 0.059275
Train Epoch: 41 [4800/10639 (45%)]	Loss: 0.000284
Train Epoch: 41 [5200/10639 (49%)]	Loss: 0.000369
Train Epoch: 41 [5600/10639 (53%)]	Loss: 0.001441
Train Epoch: 41 [6000/10639 (56%)]	Loss: 0.000384
Train Epoch: 41 [6400/10639 (60%)]	Loss: 0.000943
Train Epoch: 41 [6800/10639 (64%)]	Loss: 0.001794
Train Epoch: 41 [7200/10639 (68%)]	Loss: 0.002198
Train Epoch: 41 [7600/10639 (71%)]	Loss: 0.001643
Train Epoch: 41 [8000/10639 (75%)]	Loss: 0.005339
Train Epoch: 41 [8400/10639 (79%)]	Loss: 0.000275
Train Epoch: 41 [8800/10639 (83%)]	Loss: 0.000547
Train Epoch: 41 [9200/10639 (86%)]	Loss: 0.001868
Train Epoch: 41 [9600/10639 (90%)]	Loss: 0.003254
Train Epoch: 41 [10000/10639 (94%)]	Loss: 0.000602
Train Epoch: 41 [10400/10639 (98%)]	Loss: 0.003392
Test set: Average loss: 0.9765, Accuracy: 2180/2659 (81%)
Train Epoch: 42 [0/10639 (0%)]	Loss: 0.000245
Train Epoch: 42 [400/10639 (4%)]	Loss: 0.004055
Train Epoch: 42 [800/10639 (8%)]	Loss: 0.000485
Train Epoch: 42 [1200/10639 (11%)]	Loss: 0.003253
Train Epoch: 42 [1600/10639 (15%)]	Loss: 0.001027
Train Epoch: 42 [2000/10639 (19%)]	Loss: 0.000686
Train Epoch: 42 [2400/10639 (23%)]	Loss: 0.003278
Train Epoch: 42 [2800/10639 (26%)]	Loss: 0.001254
Train Epoch: 42 [3200/10639 (30%)]	Loss: 0.001394
Train Epoch: 42 [3600/10639 (34%)]	Loss: 0.001496
Train Epoch: 42 [4000/10639 (38%)]	Loss: 0.000722
Train Epoch: 42 [4400/10639 (41%)]	Loss: 0.000085
Train Epoch: 42 [4800/10639 (45%)]	Loss: 0.041046
Train Epoch: 42 [5200/10639 (49%)]	Loss: 0.002697
Train Epoch: 42 [5600/10639 (53%)]	Loss: 0.000329
Train Epoch: 42 [6000/10639 (56%)]	Loss: 0.000910
Train Epoch: 42 [6400/10639 (60%)]	Loss: 0.000611
Train Epoch: 42 [6800/10639 (64%)]	Loss: 0.004450
Train Epoch: 42 [7200/10639 (68%)]	Loss: 0.000388
Train Epoch: 42 [7600/10639 (71%)]	Loss: 0.000534
Train Epoch: 42 [8000/10639 (75%)]	Loss: 0.000305
Train Epoch: 42 [8400/10639 (79%)]	Loss: 0.000420
Train Epoch: 42 [8800/10639 (83%)]	Loss: 0.001295
Train Epoch: 42 [9200/10639 (86%)]	Loss: 0.007610
Train Epoch: 42 [9600/10639 (90%)]	Loss: 0.000236
Train Epoch: 42 [10000/10639 (94%)]	Loss: 0.000269
Train Epoch: 42 [10400/10639 (98%)]	Loss: 0.001516
Test set: Average loss: 0.8991, Accuracy: 2207/2659 (83%)
Train Epoch: 43 [0/10639 (0%)]	Loss: 0.001053
Train Epoch: 43 [400/10639 (4%)]	Loss: 0.000218
Train Epoch: 43 [800/10639 (8%)]	Loss: 0.000187
Train Epoch: 43 [1200/10639 (11%)]	Loss: 0.000476
Train Epoch: 43 [1600/10639 (15%)]	Loss: 0.000193
Train Epoch: 43 [2000/10639 (19%)]	Loss: 0.000499
Train Epoch: 43 [2400/10639 (23%)]	Loss: 0.000490
Train Epoch: 43 [2800/10639 (26%)]	Loss: 0.000238
Train Epoch: 43 [3200/10639 (30%)]	Loss: 0.011635
Train Epoch: 43 [3600/10639 (34%)]	Loss: 0.000170
Train Epoch: 43 [4000/10639 (38%)]	Loss: 0.000210
Train Epoch: 43 [4400/10639 (41%)]	Loss: 0.000362
Train Epoch: 43 [4800/10639 (45%)]	Loss: 0.000451
Train Epoch: 43 [5200/10639 (49%)]	Loss: 0.032299
Train Epoch: 43 [5600/10639 (53%)]	Loss: 0.000182
Train Epoch: 43 [6000/10639 (56%)]	Loss: 0.000374
Train Epoch: 43 [6400/10639 (60%)]	Loss: 0.000939
Train Epoch: 43 [6800/10639 (64%)]	Loss: 0.001225
Train Epoch: 43 [7200/10639 (68%)]	Loss: 0.000581
Train Epoch: 43 [7600/10639 (71%)]	Loss: 0.000109
Train Epoch: 43 [8000/10639 (75%)]	Loss: 0.012394
Train Epoch: 43 [8400/10639 (79%)]	Loss: 0.000713
Train Epoch: 43 [8800/10639 (83%)]	Loss: 0.001080
Train Epoch: 43 [9200/10639 (86%)]	Loss: 0.000689
Train Epoch: 43 [9600/10639 (90%)]	Loss: 0.000220
Train Epoch: 43 [10000/10639 (94%)]	Loss: 0.000999
Train Epoch: 43 [10400/10639 (98%)]	Loss: 0.031067
Test set: Average loss: 0.8966, Accuracy: 2201/2659 (82%)
Train Epoch: 44 [0/10639 (0%)]	Loss: 0.001100
Train Epoch: 44 [400/10639 (4%)]	Loss: 0.000435
Train Epoch: 44 [800/10639 (8%)]	Loss: 0.000106
Train Epoch: 44 [1200/10639 (11%)]	Loss: 0.000204
Train Epoch: 44 [1600/10639 (15%)]	Loss: 0.000131
Train Epoch: 44 [2000/10639 (19%)]	Loss: 0.000291
Train Epoch: 44 [2400/10639 (23%)]	Loss: 0.000165
Train Epoch: 44 [2800/10639 (26%)]	Loss: 0.000189
Train Epoch: 44 [3200/10639 (30%)]	Loss: 0.008092
Train Epoch: 44 [3600/10639 (34%)]	Loss: 0.000379
Train Epoch: 44 [4000/10639 (38%)]	Loss: 0.001000
Train Epoch: 44 [4400/10639 (41%)]	Loss: 0.010790
Train Epoch: 44 [4800/10639 (45%)]	Loss: 0.000841
Train Epoch: 44 [5200/10639 (49%)]	Loss: 0.001167
Train Epoch: 44 [5600/10639 (53%)]	Loss: 0.000743
Train Epoch: 44 [6000/10639 (56%)]	Loss: 0.000587
Train Epoch: 44 [6400/10639 (60%)]	Loss: 0.000291
Train Epoch: 44 [6800/10639 (64%)]	Loss: 0.000312
Train Epoch: 44 [7200/10639 (68%)]	Loss: 0.007221
Train Epoch: 44 [7600/10639 (71%)]	Loss: 0.000284
Train Epoch: 44 [8000/10639 (75%)]	Loss: 0.007563
Train Epoch: 44 [8400/10639 (79%)]	Loss: 0.002537
Train Epoch: 44 [8800/10639 (83%)]	Loss: 0.015525
Train Epoch: 44 [9200/10639 (86%)]	Loss: 0.000222
Train Epoch: 44 [9600/10639 (90%)]	Loss: 0.026711
Train Epoch: 44 [10000/10639 (94%)]	Loss: 0.001026
Train Epoch: 44 [10400/10639 (98%)]	Loss: 0.000776
Test set: Average loss: 0.8875, Accuracy: 2217/2659 (83%)
Train Epoch: 45 [0/10639 (0%)]	Loss: 0.000431
Train Epoch: 45 [400/10639 (4%)]	Loss: 0.000598
Train Epoch: 45 [800/10639 (8%)]	Loss: 0.024389
Train Epoch: 45 [1200/10639 (11%)]	Loss: 0.009711
Train Epoch: 45 [1600/10639 (15%)]	Loss: 0.000072
Train Epoch: 45 [2000/10639 (19%)]	Loss: 0.000288
Train Epoch: 45 [2400/10639 (23%)]	Loss: 0.001197
Train Epoch: 45 [2800/10639 (26%)]	Loss: 0.004540
Train Epoch: 45 [3200/10639 (30%)]	Loss: 0.000214
Train Epoch: 45 [3600/10639 (34%)]	Loss: 0.002599
Train Epoch: 45 [4000/10639 (38%)]	Loss: 0.000098
Train Epoch: 45 [4400/10639 (41%)]	Loss: 0.000059
Train Epoch: 45 [4800/10639 (45%)]	Loss: 0.000190
Train Epoch: 45 [5200/10639 (49%)]	Loss: 0.000621
Train Epoch: 45 [5600/10639 (53%)]	Loss: 0.000702
Train Epoch: 45 [6000/10639 (56%)]	Loss: 0.000149
Train Epoch: 45 [6400/10639 (60%)]	Loss: 0.001355
Train Epoch: 45 [6800/10639 (64%)]	Loss: 0.000081
Train Epoch: 45 [7200/10639 (68%)]	Loss: 0.012625
Train Epoch: 45 [7600/10639 (71%)]	Loss: 0.001259
Train Epoch: 45 [8000/10639 (75%)]	Loss: 0.000088
Train Epoch: 45 [8400/10639 (79%)]	Loss: 0.000339
Train Epoch: 45 [8800/10639 (83%)]	Loss: 0.000692
Train Epoch: 45 [9200/10639 (86%)]	Loss: 0.000106
Train Epoch: 45 [9600/10639 (90%)]	Loss: 0.000247
Train Epoch: 45 [10000/10639 (94%)]	Loss: 0.000168
Train Epoch: 45 [10400/10639 (98%)]	Loss: 0.000102
Test set: Average loss: 0.9011, Accuracy: 2217/2659 (83%)
Train Epoch: 46 [0/10639 (0%)]	Loss: 0.000073
Train Epoch: 46 [400/10639 (4%)]	Loss: 0.000107
Train Epoch: 46 [800/10639 (8%)]	Loss: 0.001233
Train Epoch: 46 [1200/10639 (11%)]	Loss: 0.000475
Train Epoch: 46 [1600/10639 (15%)]	Loss: 0.000109
Train Epoch: 46 [2000/10639 (19%)]	Loss: 0.005925
Train Epoch: 46 [2400/10639 (23%)]	Loss: 0.000130
Train Epoch: 46 [2800/10639 (26%)]	Loss: 0.000131
Train Epoch: 46 [3200/10639 (30%)]	Loss: 0.000227
Train Epoch: 46 [3600/10639 (34%)]	Loss: 0.000197
Train Epoch: 46 [4000/10639 (38%)]	Loss: 0.000207
Train Epoch: 46 [4400/10639 (41%)]	Loss: 0.000219
Train Epoch: 46 [4800/10639 (45%)]	Loss: 0.000366
Train Epoch: 46 [5200/10639 (49%)]	Loss: 0.001068
Train Epoch: 46 [5600/10639 (53%)]	Loss: 0.000042
Train Epoch: 46 [6000/10639 (56%)]	Loss: 0.000070
Train Epoch: 46 [6400/10639 (60%)]	Loss: 0.000917
Train Epoch: 46 [6800/10639 (64%)]	Loss: 0.000073
Train Epoch: 46 [7200/10639 (68%)]	Loss: 0.000056
Train Epoch: 46 [7600/10639 (71%)]	Loss: 0.000140
Train Epoch: 46 [8000/10639 (75%)]	Loss: 0.000193
Train Epoch: 46 [8400/10639 (79%)]	Loss: 0.000141
Train Epoch: 46 [8800/10639 (83%)]	Loss: 0.000468
Train Epoch: 46 [9200/10639 (86%)]	Loss: 0.000574
Train Epoch: 46 [9600/10639 (90%)]	Loss: 0.000201
Train Epoch: 46 [10000/10639 (94%)]	Loss: 0.000206
Train Epoch: 46 [10400/10639 (98%)]	Loss: 0.000114
Test set: Average loss: 0.9288, Accuracy: 2212/2659 (83%)
Train Epoch: 47 [0/10639 (0%)]	Loss: 0.000239
Train Epoch: 47 [400/10639 (4%)]	Loss: 0.043371
Train Epoch: 47 [800/10639 (8%)]	Loss: 0.002752
Train Epoch: 47 [1200/10639 (11%)]	Loss: 0.000173
Train Epoch: 47 [1600/10639 (15%)]	Loss: 0.000152
Train Epoch: 47 [2000/10639 (19%)]	Loss: 0.000161
Train Epoch: 47 [2400/10639 (23%)]	Loss: 0.000128
Train Epoch: 47 [2800/10639 (26%)]	Loss: 0.000270
Train Epoch: 47 [3200/10639 (30%)]	Loss: 0.002221
Train Epoch: 47 [3600/10639 (34%)]	Loss: 0.000049
Train Epoch: 47 [4000/10639 (38%)]	Loss: 0.000079
Train Epoch: 47 [4400/10639 (41%)]	Loss: 0.000098
Train Epoch: 47 [4800/10639 (45%)]	Loss: 0.004115
Train Epoch: 47 [5200/10639 (49%)]	Loss: 0.000345
Train Epoch: 47 [5600/10639 (53%)]	Loss: 0.000103
Train Epoch: 47 [6000/10639 (56%)]	Loss: 0.003642
Train Epoch: 47 [6400/10639 (60%)]	Loss: 0.000111
Train Epoch: 47 [6800/10639 (64%)]	Loss: 0.000207
Train Epoch: 47 [7200/10639 (68%)]	Loss: 0.000061
Train Epoch: 47 [7600/10639 (71%)]	Loss: 0.000059
Train Epoch: 47 [8000/10639 (75%)]	Loss: 0.000552
Train Epoch: 47 [8400/10639 (79%)]	Loss: 0.000090
Train Epoch: 47 [8800/10639 (83%)]	Loss: 0.000106
Train Epoch: 47 [9200/10639 (86%)]	Loss: 0.000123
Train Epoch: 47 [9600/10639 (90%)]	Loss: 0.000113
Train Epoch: 47 [10000/10639 (94%)]	Loss: 0.000448
Train Epoch: 47 [10400/10639 (98%)]	Loss: 0.000217
Test set: Average loss: 0.9088, Accuracy: 2219/2659 (83%)
Train Epoch: 48 [0/10639 (0%)]	Loss: 0.000102
Train Epoch: 48 [400/10639 (4%)]	Loss: 0.000118
Train Epoch: 48 [800/10639 (8%)]	Loss: 0.000090
Train Epoch: 48 [1200/10639 (11%)]	Loss: 0.000103
Train Epoch: 48 [1600/10639 (15%)]	Loss: 0.000134
Train Epoch: 48 [2000/10639 (19%)]	Loss: 0.000645
Train Epoch: 48 [2400/10639 (23%)]	Loss: 0.000191
Train Epoch: 48 [2800/10639 (26%)]	Loss: 0.000351
Train Epoch: 48 [3200/10639 (30%)]	Loss: 0.000062
Train Epoch: 48 [3600/10639 (34%)]	Loss: 0.000075
Train Epoch: 48 [4000/10639 (38%)]	Loss: 0.000299
Train Epoch: 48 [4400/10639 (41%)]	Loss: 0.000094
Train Epoch: 48 [4800/10639 (45%)]	Loss: 0.000073
Train Epoch: 48 [5200/10639 (49%)]	Loss: 0.000759
Train Epoch: 48 [5600/10639 (53%)]	Loss: 0.000036
Train Epoch: 48 [6000/10639 (56%)]	Loss: 0.000211
Train Epoch: 48 [6400/10639 (60%)]	Loss: 0.000084
Train Epoch: 48 [6800/10639 (64%)]	Loss: 0.000510
Train Epoch: 48 [7200/10639 (68%)]	Loss: 0.000234
Train Epoch: 48 [7600/10639 (71%)]	Loss: 0.000113
Train Epoch: 48 [8000/10639 (75%)]	Loss: 0.000415
Train Epoch: 48 [8400/10639 (79%)]	Loss: 0.000193
Train Epoch: 48 [8800/10639 (83%)]	Loss: 0.000177
Train Epoch: 48 [9200/10639 (86%)]	Loss: 0.000188
Train Epoch: 48 [9600/10639 (90%)]	Loss: 0.000152
Train Epoch: 48 [10000/10639 (94%)]	Loss: 0.000133
Train Epoch: 48 [10400/10639 (98%)]	Loss: 0.000103
Test set: Average loss: 0.9259, Accuracy: 2224/2659 (83%)
Train Epoch: 49 [0/10639 (0%)]	Loss: 0.000062
Train Epoch: 49 [400/10639 (4%)]	Loss: 0.000313
Train Epoch: 49 [800/10639 (8%)]	Loss: 0.000137
Train Epoch: 49 [1200/10639 (11%)]	Loss: 0.002716
Train Epoch: 49 [1600/10639 (15%)]	Loss: 0.000706
Train Epoch: 49 [2000/10639 (19%)]	Loss: 0.000091
Train Epoch: 49 [2400/10639 (23%)]	Loss: 0.000255
Train Epoch: 49 [2800/10639 (26%)]	Loss: 0.000582
Train Epoch: 49 [3200/10639 (30%)]	Loss: 0.002325
Train Epoch: 49 [3600/10639 (34%)]	Loss: 0.000440
Train Epoch: 49 [4000/10639 (38%)]	Loss: 0.001230
Train Epoch: 49 [4400/10639 (41%)]	Loss: 0.000280
Train Epoch: 49 [4800/10639 (45%)]	Loss: 0.000322
Train Epoch: 49 [5200/10639 (49%)]	Loss: 0.000203
Train Epoch: 49 [5600/10639 (53%)]	Loss: 0.000369
Train Epoch: 49 [6000/10639 (56%)]	Loss: 0.000644
Train Epoch: 49 [6400/10639 (60%)]	Loss: 0.000083
Train Epoch: 49 [6800/10639 (64%)]	Loss: 0.000589
Train Epoch: 49 [7200/10639 (68%)]	Loss: 0.000148
Train Epoch: 49 [7600/10639 (71%)]	Loss: 0.000054
Train Epoch: 49 [8000/10639 (75%)]	Loss: 0.000170
Train Epoch: 49 [8400/10639 (79%)]	Loss: 0.001466
Train Epoch: 49 [8800/10639 (83%)]	Loss: 0.001978
Train Epoch: 49 [9200/10639 (86%)]	Loss: 0.001428
Train Epoch: 49 [9600/10639 (90%)]	Loss: 0.000176
Train Epoch: 49 [10000/10639 (94%)]	Loss: 0.000280
Train Epoch: 49 [10400/10639 (98%)]	Loss: 0.001639
Test set: Average loss: 0.9641, Accuracy: 2221/2659 (83%)
Train Epoch: 50 [0/10639 (0%)]	Loss: 0.000123
Train Epoch: 50 [400/10639 (4%)]	Loss: 0.000240
Train Epoch: 50 [800/10639 (8%)]	Loss: 0.000165
Train Epoch: 50 [1200/10639 (11%)]	Loss: 0.000154
Train Epoch: 50 [1600/10639 (15%)]	Loss: 0.003370
Train Epoch: 50 [2000/10639 (19%)]	Loss: 0.000904
Train Epoch: 50 [2400/10639 (23%)]	Loss: 0.000366
Train Epoch: 50 [2800/10639 (26%)]	Loss: 0.001337
Train Epoch: 50 [3200/10639 (30%)]	Loss: 0.000372
Train Epoch: 50 [3600/10639 (34%)]	Loss: 0.014663
Train Epoch: 50 [4000/10639 (38%)]	Loss: 0.000316
Train Epoch: 50 [4400/10639 (41%)]	Loss: 0.000139
Train Epoch: 50 [4800/10639 (45%)]	Loss: 0.000828
Train Epoch: 50 [5200/10639 (49%)]	Loss: 0.000434
Train Epoch: 50 [5600/10639 (53%)]	Loss: 0.000418
Train Epoch: 50 [6000/10639 (56%)]	Loss: 0.001224
Train Epoch: 50 [6400/10639 (60%)]	Loss: 0.000625
Train Epoch: 50 [6800/10639 (64%)]	Loss: 0.000053
Train Epoch: 50 [7200/10639 (68%)]	Loss: 0.017076
Train Epoch: 50 [7600/10639 (71%)]	Loss: 0.000557
Train Epoch: 50 [8000/10639 (75%)]	Loss: 0.000208
Train Epoch: 50 [8400/10639 (79%)]	Loss: 0.000497
Train Epoch: 50 [8800/10639 (83%)]	Loss: 0.000585
Train Epoch: 50 [9200/10639 (86%)]	Loss: 0.000238
Train Epoch: 50 [9600/10639 (90%)]	Loss: 0.000404
Train Epoch: 50 [10000/10639 (94%)]	Loss: 0.000742
Train Epoch: 50 [10400/10639 (98%)]	Loss: 0.000747
Test set: Average loss: 0.9556, Accuracy: 2196/2659 (82%)
Train Epoch: 51 [0/10639 (0%)]	Loss: 0.000049
Train Epoch: 51 [400/10639 (4%)]	Loss: 0.000218
Train Epoch: 51 [800/10639 (8%)]	Loss: 0.001188
Train Epoch: 51 [1200/10639 (11%)]	Loss: 0.000523
Train Epoch: 51 [1600/10639 (15%)]	Loss: 0.000182
Train Epoch: 51 [2000/10639 (19%)]	Loss: 0.000361
Train Epoch: 51 [2400/10639 (23%)]	Loss: 0.000208
Train Epoch: 51 [2800/10639 (26%)]	Loss: 0.004196
Train Epoch: 51 [3200/10639 (30%)]	Loss: 0.003524
Train Epoch: 51 [3600/10639 (34%)]	Loss: 0.002062
Train Epoch: 51 [4000/10639 (38%)]	Loss: 0.000358
Train Epoch: 51 [4400/10639 (41%)]	Loss: 0.036628
Train Epoch: 51 [4800/10639 (45%)]	Loss: 0.034894
Train Epoch: 51 [5200/10639 (49%)]	Loss: 0.010336
Train Epoch: 51 [5600/10639 (53%)]	Loss: 0.000933
Train Epoch: 51 [6000/10639 (56%)]	Loss: 0.001919
Train Epoch: 51 [6400/10639 (60%)]	Loss: 0.003281
Train Epoch: 51 [6800/10639 (64%)]	Loss: 0.000751
Train Epoch: 51 [7200/10639 (68%)]	Loss: 0.001234
Train Epoch: 51 [7600/10639 (71%)]	Loss: 0.002435
Train Epoch: 51 [8000/10639 (75%)]	Loss: 0.000691
Train Epoch: 51 [8400/10639 (79%)]	Loss: 0.001416
Train Epoch: 51 [8800/10639 (83%)]	Loss: 0.001210
Train Epoch: 51 [9200/10639 (86%)]	Loss: 0.008317
Train Epoch: 51 [9600/10639 (90%)]	Loss: 0.061903
Train Epoch: 51 [10000/10639 (94%)]	Loss: 0.002565
Train Epoch: 51 [10400/10639 (98%)]	Loss: 0.001593
Test set: Average loss: 0.8539, Accuracy: 2200/2659 (82%)
Train Epoch: 52 [0/10639 (0%)]	Loss: 0.000412
Train Epoch: 52 [400/10639 (4%)]	Loss: 0.022412
Train Epoch: 52 [800/10639 (8%)]	Loss: 0.018828
Train Epoch: 52 [1200/10639 (11%)]	Loss: 0.004007
Train Epoch: 52 [1600/10639 (15%)]	Loss: 0.001792
Train Epoch: 52 [2000/10639 (19%)]	Loss: 0.000999
Train Epoch: 52 [2400/10639 (23%)]	Loss: 0.001717
Train Epoch: 52 [2800/10639 (26%)]	Loss: 0.000419
Train Epoch: 52 [3200/10639 (30%)]	Loss: 0.000120
Train Epoch: 52 [3600/10639 (34%)]	Loss: 0.000645
Train Epoch: 52 [4000/10639 (38%)]	Loss: 0.000534
Train Epoch: 52 [4400/10639 (41%)]	Loss: 0.016456
Train Epoch: 52 [4800/10639 (45%)]	Loss: 0.000380
Train Epoch: 52 [5200/10639 (49%)]	Loss: 0.002185
Train Epoch: 52 [5600/10639 (53%)]	Loss: 0.000215
Train Epoch: 52 [6000/10639 (56%)]	Loss: 0.009849
Train Epoch: 52 [6400/10639 (60%)]	Loss: 0.004579
Train Epoch: 52 [6800/10639 (64%)]	Loss: 0.001423
Train Epoch: 52 [7200/10639 (68%)]	Loss: 0.021382
Train Epoch: 52 [7600/10639 (71%)]	Loss: 0.000311
Train Epoch: 52 [8000/10639 (75%)]	Loss: 0.000756
Train Epoch: 52 [8400/10639 (79%)]	Loss: 0.008407
Train Epoch: 52 [8800/10639 (83%)]	Loss: 0.002714
Train Epoch: 52 [9200/10639 (86%)]	Loss: 0.001051
Train Epoch: 52 [9600/10639 (90%)]	Loss: 0.002469
Train Epoch: 52 [10000/10639 (94%)]	Loss: 0.000876
Train Epoch: 52 [10400/10639 (98%)]	Loss: 0.009401
Test set: Average loss: 0.8788, Accuracy: 2182/2659 (82%)
Train Epoch: 53 [0/10639 (0%)]	Loss: 0.000626
Train Epoch: 53 [400/10639 (4%)]	Loss: 0.000439
Train Epoch: 53 [800/10639 (8%)]	Loss: 0.001241
Train Epoch: 53 [1200/10639 (11%)]	Loss: 0.000851
Train Epoch: 53 [1600/10639 (15%)]	Loss: 0.000316
Train Epoch: 53 [2000/10639 (19%)]	Loss: 0.001066
Train Epoch: 53 [2400/10639 (23%)]	Loss: 0.000776
Train Epoch: 53 [2800/10639 (26%)]	Loss: 0.003797
Train Epoch: 53 [3200/10639 (30%)]	Loss: 0.000157
Train Epoch: 53 [3600/10639 (34%)]	Loss: 0.000733
Train Epoch: 53 [4000/10639 (38%)]	Loss: 0.002210
Train Epoch: 53 [4400/10639 (41%)]	Loss: 0.034391
Train Epoch: 53 [4800/10639 (45%)]	Loss: 0.001203
Train Epoch: 53 [5200/10639 (49%)]	Loss: 0.000330
Train Epoch: 53 [5600/10639 (53%)]	Loss: 0.002915
Train Epoch: 53 [6000/10639 (56%)]	Loss: 0.009349
Train Epoch: 53 [6400/10639 (60%)]	Loss: 0.015221
Train Epoch: 53 [6800/10639 (64%)]	Loss: 0.004979
Train Epoch: 53 [7200/10639 (68%)]	Loss: 0.000909
Train Epoch: 53 [7600/10639 (71%)]	Loss: 0.004648
Train Epoch: 53 [8000/10639 (75%)]	Loss: 0.000784
Train Epoch: 53 [8400/10639 (79%)]	Loss: 0.000941
Train Epoch: 53 [8800/10639 (83%)]	Loss: 0.000284
Train Epoch: 53 [9200/10639 (86%)]	Loss: 0.041224
Train Epoch: 53 [9600/10639 (90%)]	Loss: 0.000270
Train Epoch: 53 [10000/10639 (94%)]	Loss: 0.000519
Train Epoch: 53 [10400/10639 (98%)]	Loss: 0.001081
Test set: Average loss: 0.8834, Accuracy: 2219/2659 (83%)
Train Epoch: 54 [0/10639 (0%)]	Loss: 0.000352
Train Epoch: 54 [400/10639 (4%)]	Loss: 0.027918
Train Epoch: 54 [800/10639 (8%)]	Loss: 0.000782
Train Epoch: 54 [1200/10639 (11%)]	Loss: 0.000710
Train Epoch: 54 [1600/10639 (15%)]	Loss: 0.000892
Train Epoch: 54 [2000/10639 (19%)]	Loss: 0.000837
Train Epoch: 54 [2400/10639 (23%)]	Loss: 0.002348
Train Epoch: 54 [2800/10639 (26%)]	Loss: 0.000930
Train Epoch: 54 [3200/10639 (30%)]	Loss: 0.004617
Train Epoch: 54 [3600/10639 (34%)]	Loss: 0.000200
Train Epoch: 54 [4000/10639 (38%)]	Loss: 0.001274
Train Epoch: 54 [4400/10639 (41%)]	Loss: 0.001287
Train Epoch: 54 [4800/10639 (45%)]	Loss: 0.000043
Train Epoch: 54 [5200/10639 (49%)]	Loss: 0.000156
Train Epoch: 54 [5600/10639 (53%)]	Loss: 0.000628
Train Epoch: 54 [6000/10639 (56%)]	Loss: 0.001116
Train Epoch: 54 [6400/10639 (60%)]	Loss: 0.000583
Train Epoch: 54 [6800/10639 (64%)]	Loss: 0.001022
Train Epoch: 54 [7200/10639 (68%)]	Loss: 0.001991
Train Epoch: 54 [7600/10639 (71%)]	Loss: 0.000531
Train Epoch: 54 [8000/10639 (75%)]	Loss: 0.000240
Train Epoch: 54 [8400/10639 (79%)]	Loss: 0.000442
Train Epoch: 54 [8800/10639 (83%)]	Loss: 0.000260
Train Epoch: 54 [9200/10639 (86%)]	Loss: 0.004092
Train Epoch: 54 [9600/10639 (90%)]	Loss: 0.000125
Train Epoch: 54 [10000/10639 (94%)]	Loss: 0.003266
Train Epoch: 54 [10400/10639 (98%)]	Loss: 0.001261
Test set: Average loss: 0.8748, Accuracy: 2218/2659 (83%)
Train Epoch: 55 [0/10639 (0%)]	Loss: 0.000257
Train Epoch: 55 [400/10639 (4%)]	Loss: 0.000534
Train Epoch: 55 [800/10639 (8%)]	Loss: 0.000581
Train Epoch: 55 [1200/10639 (11%)]	Loss: 0.014999
Train Epoch: 55 [1600/10639 (15%)]	Loss: 0.001211
Train Epoch: 55 [2000/10639 (19%)]	Loss: 0.007163
Train Epoch: 55 [2400/10639 (23%)]	Loss: 0.000237
Train Epoch: 55 [2800/10639 (26%)]	Loss: 0.001305
Train Epoch: 55 [3200/10639 (30%)]	Loss: 0.000472
Train Epoch: 55 [3600/10639 (34%)]	Loss: 0.001344
Train Epoch: 55 [4000/10639 (38%)]	Loss: 0.002243
Train Epoch: 55 [4400/10639 (41%)]	Loss: 0.000113
Train Epoch: 55 [4800/10639 (45%)]	Loss: 0.001685
Train Epoch: 55 [5200/10639 (49%)]	Loss: 0.000655
Train Epoch: 55 [5600/10639 (53%)]	Loss: 0.000936
Train Epoch: 55 [6000/10639 (56%)]	Loss: 0.002531
Train Epoch: 55 [6400/10639 (60%)]	Loss: 0.000951
Train Epoch: 55 [6800/10639 (64%)]	Loss: 0.000278
Train Epoch: 55 [7200/10639 (68%)]	Loss: 0.006743
Train Epoch: 55 [7600/10639 (71%)]	Loss: 0.003374
Train Epoch: 55 [8000/10639 (75%)]	Loss: 0.000866
Train Epoch: 55 [8400/10639 (79%)]	Loss: 0.000263
Train Epoch: 55 [8800/10639 (83%)]	Loss: 0.009079
Train Epoch: 55 [9200/10639 (86%)]	Loss: 0.014306
Train Epoch: 55 [9600/10639 (90%)]	Loss: 0.000200
Train Epoch: 55 [10000/10639 (94%)]	Loss: 0.000193
Train Epoch: 55 [10400/10639 (98%)]	Loss: 0.001048
Test set: Average loss: 0.8814, Accuracy: 2185/2659 (82%)
Train Epoch: 56 [0/10639 (0%)]	Loss: 0.000131
Train Epoch: 56 [400/10639 (4%)]	Loss: 0.002573
Train Epoch: 56 [800/10639 (8%)]	Loss: 0.002513
Train Epoch: 56 [1200/10639 (11%)]	Loss: 0.000243
Train Epoch: 56 [1600/10639 (15%)]	Loss: 0.000157
Train Epoch: 56 [2000/10639 (19%)]	Loss: 0.001486
Train Epoch: 56 [2400/10639 (23%)]	Loss: 0.000074
Train Epoch: 56 [2800/10639 (26%)]	Loss: 0.000122
Train Epoch: 56 [3200/10639 (30%)]	Loss: 0.000224
Train Epoch: 56 [3600/10639 (34%)]	Loss: 0.001651
Train Epoch: 56 [4000/10639 (38%)]	Loss: 0.000255
Train Epoch: 56 [4400/10639 (41%)]	Loss: 0.000187
Train Epoch: 56 [4800/10639 (45%)]	Loss: 0.006159
Train Epoch: 56 [5200/10639 (49%)]	Loss: 0.000257
Train Epoch: 56 [5600/10639 (53%)]	Loss: 0.006887
Train Epoch: 56 [6000/10639 (56%)]	Loss: 0.000598
Train Epoch: 56 [6400/10639 (60%)]	Loss: 0.000094
Train Epoch: 56 [6800/10639 (64%)]	Loss: 0.000357
Train Epoch: 56 [7200/10639 (68%)]	Loss: 0.000104
Train Epoch: 56 [7600/10639 (71%)]	Loss: 0.000514
Train Epoch: 56 [8000/10639 (75%)]	Loss: 0.005070
Train Epoch: 56 [8400/10639 (79%)]	Loss: 0.000222
Train Epoch: 56 [8800/10639 (83%)]	Loss: 0.000324
Train Epoch: 56 [9200/10639 (86%)]	Loss: 0.000139
Train Epoch: 56 [9600/10639 (90%)]	Loss: 0.009155
Train Epoch: 56 [10000/10639 (94%)]	Loss: 0.000690
Train Epoch: 56 [10400/10639 (98%)]	Loss: 0.000286
Test set: Average loss: 0.8924, Accuracy: 2201/2659 (82%)
Train Epoch: 57 [0/10639 (0%)]	Loss: 0.000225
Train Epoch: 57 [400/10639 (4%)]	Loss: 0.000058
Train Epoch: 57 [800/10639 (8%)]	Loss: 0.001289
Train Epoch: 57 [1200/10639 (11%)]	Loss: 0.000223
Train Epoch: 57 [1600/10639 (15%)]	Loss: 0.000054
Train Epoch: 57 [2000/10639 (19%)]	Loss: 0.001348
Train Epoch: 57 [2400/10639 (23%)]	Loss: 0.000119
Train Epoch: 57 [2800/10639 (26%)]	Loss: 0.000068
Train Epoch: 57 [3200/10639 (30%)]	Loss: 0.002506
Train Epoch: 57 [3600/10639 (34%)]	Loss: 0.000328
Train Epoch: 57 [4000/10639 (38%)]	Loss: 0.000158
Train Epoch: 57 [4400/10639 (41%)]	Loss: 0.000028
Train Epoch: 57 [4800/10639 (45%)]	Loss: 0.000083
Train Epoch: 57 [5200/10639 (49%)]	Loss: 0.000578
Train Epoch: 57 [5600/10639 (53%)]	Loss: 0.000199
Train Epoch: 57 [6000/10639 (56%)]	Loss: 0.000119
Train Epoch: 57 [6400/10639 (60%)]	Loss: 0.000079
Train Epoch: 57 [6800/10639 (64%)]	Loss: 0.000083
Train Epoch: 57 [7200/10639 (68%)]	Loss: 0.000406
Train Epoch: 57 [7600/10639 (71%)]	Loss: 0.000122
Train Epoch: 57 [8000/10639 (75%)]	Loss: 0.000154
Train Epoch: 57 [8400/10639 (79%)]	Loss: 0.000043
Train Epoch: 57 [8800/10639 (83%)]	Loss: 0.000194
Train Epoch: 57 [9200/10639 (86%)]	Loss: 0.000670
Train Epoch: 57 [9600/10639 (90%)]	Loss: 0.001285
Train Epoch: 57 [10000/10639 (94%)]	Loss: 0.000115
Train Epoch: 57 [10400/10639 (98%)]	Loss: 0.001774
Test set: Average loss: 0.8976, Accuracy: 2218/2659 (83%)
Train Epoch: 58 [0/10639 (0%)]	Loss: 0.000152
Train Epoch: 58 [400/10639 (4%)]	Loss: 0.000056
Train Epoch: 58 [800/10639 (8%)]	Loss: 0.000152
Train Epoch: 58 [1200/10639 (11%)]	Loss: 0.000527
Train Epoch: 58 [1600/10639 (15%)]	Loss: 0.000178
Train Epoch: 58 [2000/10639 (19%)]	Loss: 0.000045
Train Epoch: 58 [2400/10639 (23%)]	Loss: 0.000098
Train Epoch: 58 [2800/10639 (26%)]	Loss: 0.000116
Train Epoch: 58 [3200/10639 (30%)]	Loss: 0.000070
Train Epoch: 58 [3600/10639 (34%)]	Loss: 0.000281
Train Epoch: 58 [4000/10639 (38%)]	Loss: 0.000329
Train Epoch: 58 [4400/10639 (41%)]	Loss: 0.000081
Train Epoch: 58 [4800/10639 (45%)]	Loss: 0.002356
Train Epoch: 58 [5200/10639 (49%)]	Loss: 0.000218
Train Epoch: 58 [5600/10639 (53%)]	Loss: 0.000042
Train Epoch: 58 [6000/10639 (56%)]	Loss: 0.000387
Train Epoch: 58 [6400/10639 (60%)]	Loss: 0.000697
Train Epoch: 58 [6800/10639 (64%)]	Loss: 0.000204
Train Epoch: 58 [7200/10639 (68%)]	Loss: 0.000060
Train Epoch: 58 [7600/10639 (71%)]	Loss: 0.000043
Train Epoch: 58 [8000/10639 (75%)]	Loss: 0.000059
Train Epoch: 58 [8400/10639 (79%)]	Loss: 0.000112
Train Epoch: 58 [8800/10639 (83%)]	Loss: 0.002041
Train Epoch: 58 [9200/10639 (86%)]	Loss: 0.000082
Train Epoch: 58 [9600/10639 (90%)]	Loss: 0.000038
Train Epoch: 58 [10000/10639 (94%)]	Loss: 0.000139
Train Epoch: 58 [10400/10639 (98%)]	Loss: 0.000149
Test set: Average loss: 0.9209, Accuracy: 2213/2659 (83%)
Train Epoch: 59 [0/10639 (0%)]	Loss: 0.000848
Train Epoch: 59 [400/10639 (4%)]	Loss: 0.000072
Train Epoch: 59 [800/10639 (8%)]	Loss: 0.000100
Train Epoch: 59 [1200/10639 (11%)]	Loss: 0.000921
Train Epoch: 59 [1600/10639 (15%)]	Loss: 0.000061
Train Epoch: 59 [2000/10639 (19%)]	Loss: 0.000123
Train Epoch: 59 [2400/10639 (23%)]	Loss: 0.000043
Train Epoch: 59 [2800/10639 (26%)]	Loss: 0.000444
Train Epoch: 59 [3200/10639 (30%)]	Loss: 0.000044
Train Epoch: 59 [3600/10639 (34%)]	Loss: 0.000155
Train Epoch: 59 [4000/10639 (38%)]	Loss: 0.001668
Train Epoch: 59 [4400/10639 (41%)]	Loss: 0.000328
Train Epoch: 59 [4800/10639 (45%)]	Loss: 0.000185
Train Epoch: 59 [5200/10639 (49%)]	Loss: 0.000016
Train Epoch: 59 [5600/10639 (53%)]	Loss: 0.000101
Train Epoch: 59 [6000/10639 (56%)]	Loss: 0.000149
Train Epoch: 59 [6400/10639 (60%)]	Loss: 0.000116
Train Epoch: 59 [6800/10639 (64%)]	Loss: 0.000082
Train Epoch: 59 [7200/10639 (68%)]	Loss: 0.000089
Train Epoch: 59 [7600/10639 (71%)]	Loss: 0.000065
Train Epoch: 59 [8000/10639 (75%)]	Loss: 0.000039
Train Epoch: 59 [8400/10639 (79%)]	Loss: 0.000480
Train Epoch: 59 [8800/10639 (83%)]	Loss: 0.000051
Train Epoch: 59 [9200/10639 (86%)]	Loss: 0.000114
Train Epoch: 59 [9600/10639 (90%)]	Loss: 0.000252
Train Epoch: 59 [10000/10639 (94%)]	Loss: 0.001133
Train Epoch: 59 [10400/10639 (98%)]	Loss: 0.000172
Test set: Average loss: 0.9165, Accuracy: 2215/2659 (83%)
Train Epoch: 60 [0/10639 (0%)]	Loss: 0.001319
Train Epoch: 60 [400/10639 (4%)]	Loss: 0.000093
Train Epoch: 60 [800/10639 (8%)]	Loss: 0.000421
Train Epoch: 60 [1200/10639 (11%)]	Loss: 0.000032
Train Epoch: 60 [1600/10639 (15%)]	Loss: 0.000150
Train Epoch: 60 [2000/10639 (19%)]	Loss: 0.000063
Train Epoch: 60 [2400/10639 (23%)]	Loss: 0.000159
Train Epoch: 60 [2800/10639 (26%)]	Loss: 0.000535
Train Epoch: 60 [3200/10639 (30%)]	Loss: 0.000051
Train Epoch: 60 [3600/10639 (34%)]	Loss: 0.000119
Train Epoch: 60 [4000/10639 (38%)]	Loss: 0.000081
Train Epoch: 60 [4400/10639 (41%)]	Loss: 0.000304
Train Epoch: 60 [4800/10639 (45%)]	Loss: 0.000437
Train Epoch: 60 [5200/10639 (49%)]	Loss: 0.000131
Train Epoch: 60 [5600/10639 (53%)]	Loss: 0.000244
Train Epoch: 60 [6000/10639 (56%)]	Loss: 0.000091
Train Epoch: 60 [6400/10639 (60%)]	Loss: 0.000064
Train Epoch: 60 [6800/10639 (64%)]	Loss: 0.000865
Train Epoch: 60 [7200/10639 (68%)]	Loss: 0.000086
Train Epoch: 60 [7600/10639 (71%)]	Loss: 0.000089
Train Epoch: 60 [8000/10639 (75%)]	Loss: 0.000040
Train Epoch: 60 [8400/10639 (79%)]	Loss: 0.000114
Train Epoch: 60 [8800/10639 (83%)]	Loss: 0.000022
Train Epoch: 60 [9200/10639 (86%)]	Loss: 0.000072
Train Epoch: 60 [9600/10639 (90%)]	Loss: 0.000044
Train Epoch: 60 [10000/10639 (94%)]	Loss: 0.000152
Train Epoch: 60 [10400/10639 (98%)]	Loss: 0.000048
Test set: Average loss: 0.9035, Accuracy: 2212/2659 (83%)
