getting datasets
finished
trainning collar_design_labels:
Train Epoch: 1 [0/6714 (0%)]	Loss: 1.673106
Train Epoch: 1 [250/6714 (4%)]	Loss: 1.704685
Train Epoch: 1 [500/6714 (7%)]	Loss: 2.005338
Train Epoch: 1 [750/6714 (11%)]	Loss: 1.629391
Train Epoch: 1 [1000/6714 (15%)]	Loss: 1.757682
Train Epoch: 1 [1250/6714 (19%)]	Loss: 2.110076
Train Epoch: 1 [1500/6714 (22%)]	Loss: 1.700313
Train Epoch: 1 [1750/6714 (26%)]	Loss: 1.407055
Train Epoch: 1 [2000/6714 (30%)]	Loss: 1.388793
Train Epoch: 1 [2250/6714 (33%)]	Loss: 1.431139
Train Epoch: 1 [2500/6714 (37%)]	Loss: 1.606674
Train Epoch: 1 [2750/6714 (41%)]	Loss: 1.269449
Train Epoch: 1 [3000/6714 (45%)]	Loss: 1.033643
Train Epoch: 1 [3250/6714 (48%)]	Loss: 1.337736
Train Epoch: 1 [3500/6714 (52%)]	Loss: 1.154084
Train Epoch: 1 [3750/6714 (56%)]	Loss: 1.137448
Train Epoch: 1 [4000/6714 (59%)]	Loss: 1.435381
Train Epoch: 1 [4250/6714 (63%)]	Loss: 1.131322
Train Epoch: 1 [4500/6714 (67%)]	Loss: 1.195772
Train Epoch: 1 [4750/6714 (71%)]	Loss: 1.401678
Train Epoch: 1 [5000/6714 (74%)]	Loss: 0.950732
Train Epoch: 1 [5250/6714 (78%)]	Loss: 0.733271
Train Epoch: 1 [5500/6714 (82%)]	Loss: 1.291755
Train Epoch: 1 [5750/6714 (86%)]	Loss: 0.983127
Train Epoch: 1 [6000/6714 (89%)]	Loss: 0.977216
Train Epoch: 1 [6250/6714 (93%)]	Loss: 0.738617
Train Epoch: 1 [6500/6714 (97%)]	Loss: 1.067888
Test set: Average loss: 1.9904, Accuracy: 355/1678 (21%)
Train Epoch: 2 [0/6714 (0%)]	Loss: 0.881663
Train Epoch: 2 [250/6714 (4%)]	Loss: 0.797323
Train Epoch: 2 [500/6714 (7%)]	Loss: 0.778346
Train Epoch: 2 [750/6714 (11%)]	Loss: 0.544434
Train Epoch: 2 [1000/6714 (15%)]	Loss: 0.706026
Train Epoch: 2 [1250/6714 (19%)]	Loss: 0.866554
Train Epoch: 2 [1500/6714 (22%)]	Loss: 0.776457
Train Epoch: 2 [1750/6714 (26%)]	Loss: 0.834316
Train Epoch: 2 [2000/6714 (30%)]	Loss: 0.838444
Train Epoch: 2 [2250/6714 (33%)]	Loss: 0.985607
Train Epoch: 2 [2500/6714 (37%)]	Loss: 0.688480
Train Epoch: 2 [2750/6714 (41%)]	Loss: 1.067740
Train Epoch: 2 [3000/6714 (45%)]	Loss: 0.681556
Train Epoch: 2 [3250/6714 (48%)]	Loss: 0.591869
Train Epoch: 2 [3500/6714 (52%)]	Loss: 0.876044
Train Epoch: 2 [3750/6714 (56%)]	Loss: 0.944293
Train Epoch: 2 [4000/6714 (59%)]	Loss: 0.990902
Train Epoch: 2 [4250/6714 (63%)]	Loss: 1.180994
Train Epoch: 2 [4500/6714 (67%)]	Loss: 1.013911
Train Epoch: 2 [4750/6714 (71%)]	Loss: 0.424528
Train Epoch: 2 [5000/6714 (74%)]	Loss: 0.862032
Train Epoch: 2 [5250/6714 (78%)]	Loss: 0.716354
Train Epoch: 2 [5500/6714 (82%)]	Loss: 0.939156
Train Epoch: 2 [5750/6714 (86%)]	Loss: 0.548721
Train Epoch: 2 [6000/6714 (89%)]	Loss: 0.625608
Train Epoch: 2 [6250/6714 (93%)]	Loss: 0.785607
Train Epoch: 2 [6500/6714 (97%)]	Loss: 0.792773
Test set: Average loss: 4.6046, Accuracy: 355/1678 (21%)
Train Epoch: 3 [0/6714 (0%)]	Loss: 0.659694
Train Epoch: 3 [250/6714 (4%)]	Loss: 0.511716
Train Epoch: 3 [500/6714 (7%)]	Loss: 0.658997
Train Epoch: 3 [750/6714 (11%)]	Loss: 0.272661
Train Epoch: 3 [1000/6714 (15%)]	Loss: 0.388861
Train Epoch: 3 [1250/6714 (19%)]	Loss: 0.283149
Train Epoch: 3 [1500/6714 (22%)]	Loss: 0.875381
Train Epoch: 3 [1750/6714 (26%)]	Loss: 0.646769
Train Epoch: 3 [2000/6714 (30%)]	Loss: 0.290261
Train Epoch: 3 [2250/6714 (33%)]	Loss: 0.226975
Train Epoch: 3 [2500/6714 (37%)]	Loss: 0.625153
Train Epoch: 3 [2750/6714 (41%)]	Loss: 0.524163
Train Epoch: 3 [3000/6714 (45%)]	Loss: 0.600557
Train Epoch: 3 [3250/6714 (48%)]	Loss: 0.368260
Train Epoch: 3 [3500/6714 (52%)]	Loss: 0.614993
Train Epoch: 3 [3750/6714 (56%)]	Loss: 0.412381
Train Epoch: 3 [4000/6714 (59%)]	Loss: 0.353929
Train Epoch: 3 [4250/6714 (63%)]	Loss: 0.498184
Train Epoch: 3 [4500/6714 (67%)]	Loss: 0.771927
Train Epoch: 3 [4750/6714 (71%)]	Loss: 0.728444
Train Epoch: 3 [5000/6714 (74%)]	Loss: 0.734815
Train Epoch: 3 [5250/6714 (78%)]	Loss: 0.562250
Train Epoch: 3 [5500/6714 (82%)]	Loss: 0.313963
Train Epoch: 3 [5750/6714 (86%)]	Loss: 0.425268
Train Epoch: 3 [6000/6714 (89%)]	Loss: 0.559674
Train Epoch: 3 [6250/6714 (93%)]	Loss: 0.197350
Train Epoch: 3 [6500/6714 (97%)]	Loss: 0.289772
Test set: Average loss: 4.0197, Accuracy: 355/1678 (21%)
Train Epoch: 4 [0/6714 (0%)]	Loss: 0.504332
Train Epoch: 4 [250/6714 (4%)]	Loss: 0.437425
Train Epoch: 4 [500/6714 (7%)]	Loss: 0.113495
Train Epoch: 4 [750/6714 (11%)]	Loss: 0.075297
Train Epoch: 4 [1000/6714 (15%)]	Loss: 0.071656
Train Epoch: 4 [1250/6714 (19%)]	Loss: 0.447909
Train Epoch: 4 [1500/6714 (22%)]	Loss: 0.207617
Train Epoch: 4 [1750/6714 (26%)]	Loss: 0.428066
Train Epoch: 4 [2000/6714 (30%)]	Loss: 0.733611
Train Epoch: 4 [2250/6714 (33%)]	Loss: 0.168449
Train Epoch: 4 [2500/6714 (37%)]	Loss: 0.200638
Train Epoch: 4 [2750/6714 (41%)]	Loss: 0.147690
Train Epoch: 4 [3000/6714 (45%)]	Loss: 0.023341
Train Epoch: 4 [3250/6714 (48%)]	Loss: 0.170930
Train Epoch: 4 [3500/6714 (52%)]	Loss: 0.409784
Train Epoch: 4 [3750/6714 (56%)]	Loss: 0.337420
Train Epoch: 4 [4000/6714 (59%)]	Loss: 0.498161
Train Epoch: 4 [4250/6714 (63%)]	Loss: 0.411748
Train Epoch: 4 [4500/6714 (67%)]	Loss: 0.377286
Train Epoch: 4 [4750/6714 (71%)]	Loss: 0.337023
Train Epoch: 4 [5000/6714 (74%)]	Loss: 0.737827
Train Epoch: 4 [5250/6714 (78%)]	Loss: 0.428116
Train Epoch: 4 [5500/6714 (82%)]	Loss: 0.389994
Train Epoch: 4 [5750/6714 (86%)]	Loss: 0.341642
Train Epoch: 4 [6000/6714 (89%)]	Loss: 0.752351
Train Epoch: 4 [6250/6714 (93%)]	Loss: 0.199830
Train Epoch: 4 [6500/6714 (97%)]	Loss: 0.521912
Test set: Average loss: 13.6050, Accuracy: 304/1678 (18%)
Train Epoch: 5 [0/6714 (0%)]	Loss: 0.077005
Train Epoch: 5 [250/6714 (4%)]	Loss: 0.122957
Train Epoch: 5 [500/6714 (7%)]	Loss: 0.083306
Train Epoch: 5 [750/6714 (11%)]	Loss: 0.135862
Train Epoch: 5 [1000/6714 (15%)]	Loss: 0.060026
Train Epoch: 5 [1250/6714 (19%)]	Loss: 0.201811
Train Epoch: 5 [1500/6714 (22%)]	Loss: 0.016587
Train Epoch: 5 [1750/6714 (26%)]	Loss: 0.177530
Train Epoch: 5 [2000/6714 (30%)]	Loss: 0.183010
Train Epoch: 5 [2250/6714 (33%)]	Loss: 0.446669
Train Epoch: 5 [2500/6714 (37%)]	Loss: 0.116589
Train Epoch: 5 [2750/6714 (41%)]	Loss: 0.456860
Train Epoch: 5 [3000/6714 (45%)]	Loss: 0.103615
Train Epoch: 5 [3250/6714 (48%)]	Loss: 0.131129
Train Epoch: 5 [3500/6714 (52%)]	Loss: 0.138774
Train Epoch: 5 [3750/6714 (56%)]	Loss: 0.240992
Train Epoch: 5 [4000/6714 (59%)]	Loss: 0.035870
Train Epoch: 5 [4250/6714 (63%)]	Loss: 0.226987
Train Epoch: 5 [4500/6714 (67%)]	Loss: 0.503105
Train Epoch: 5 [4750/6714 (71%)]	Loss: 0.142606
Train Epoch: 5 [5000/6714 (74%)]	Loss: 0.127463
Train Epoch: 5 [5250/6714 (78%)]	Loss: 0.396261
Train Epoch: 5 [5500/6714 (82%)]	Loss: 0.230508
Train Epoch: 5 [5750/6714 (86%)]	Loss: 0.089123
Train Epoch: 5 [6000/6714 (89%)]	Loss: 0.213417
Train Epoch: 5 [6250/6714 (93%)]	Loss: 0.226569
Train Epoch: 5 [6500/6714 (97%)]	Loss: 0.548216
Test set: Average loss: 3.3816, Accuracy: 362/1678 (21%)
Train Epoch: 6 [0/6714 (0%)]	Loss: 0.030289
Train Epoch: 6 [250/6714 (4%)]	Loss: 0.044547
Train Epoch: 6 [500/6714 (7%)]	Loss: 0.275909
Train Epoch: 6 [750/6714 (11%)]	Loss: 0.116603
Train Epoch: 6 [1000/6714 (15%)]	Loss: 0.150122
Train Epoch: 6 [1250/6714 (19%)]	Loss: 0.216044
Train Epoch: 6 [1500/6714 (22%)]	Loss: 0.147454
Train Epoch: 6 [1750/6714 (26%)]	Loss: 0.112316
Train Epoch: 6 [2000/6714 (30%)]	Loss: 0.217136
Train Epoch: 6 [2250/6714 (33%)]	Loss: 0.035947
Train Epoch: 6 [2500/6714 (37%)]	Loss: 0.186155
Train Epoch: 6 [2750/6714 (41%)]	Loss: 0.098973
Train Epoch: 6 [3000/6714 (45%)]	Loss: 0.303809
Train Epoch: 6 [3250/6714 (48%)]	Loss: 0.059035
Train Epoch: 6 [3500/6714 (52%)]	Loss: 0.127316
Train Epoch: 6 [3750/6714 (56%)]	Loss: 0.026750
Train Epoch: 6 [4000/6714 (59%)]	Loss: 0.230846
Train Epoch: 6 [4250/6714 (63%)]	Loss: 0.095695
Train Epoch: 6 [4500/6714 (67%)]	Loss: 0.051861
Train Epoch: 6 [4750/6714 (71%)]	Loss: 0.204093
Train Epoch: 6 [5000/6714 (74%)]	Loss: 0.100838
Train Epoch: 6 [5250/6714 (78%)]	Loss: 0.062396
Train Epoch: 6 [5500/6714 (82%)]	Loss: 0.026495
Train Epoch: 6 [5750/6714 (86%)]	Loss: 0.023047
Train Epoch: 6 [6000/6714 (89%)]	Loss: 0.141583
Train Epoch: 6 [6250/6714 (93%)]	Loss: 0.262007
Train Epoch: 6 [6500/6714 (97%)]	Loss: 0.409850
Test set: Average loss: 10.3779, Accuracy: 355/1678 (21%)
Train Epoch: 7 [0/6714 (0%)]	Loss: 0.017687
Train Epoch: 7 [250/6714 (4%)]	Loss: 0.044468
Train Epoch: 7 [500/6714 (7%)]	Loss: 0.020964
Train Epoch: 7 [750/6714 (11%)]	Loss: 0.027314
Train Epoch: 7 [1000/6714 (15%)]	Loss: 0.019629
Train Epoch: 7 [1250/6714 (19%)]	Loss: 0.018232
Train Epoch: 7 [1500/6714 (22%)]	Loss: 0.085324
Train Epoch: 7 [1750/6714 (26%)]	Loss: 0.013103
Train Epoch: 7 [2000/6714 (30%)]	Loss: 0.228508
Train Epoch: 7 [2250/6714 (33%)]	Loss: 0.229169
Train Epoch: 7 [2500/6714 (37%)]	Loss: 0.085970
Train Epoch: 7 [2750/6714 (41%)]	Loss: 0.040272
Train Epoch: 7 [3000/6714 (45%)]	Loss: 0.125855
Train Epoch: 7 [3250/6714 (48%)]	Loss: 0.260411
Train Epoch: 7 [3500/6714 (52%)]	Loss: 0.181060
Train Epoch: 7 [3750/6714 (56%)]	Loss: 0.187795
Train Epoch: 7 [4000/6714 (59%)]	Loss: 0.091114
Train Epoch: 7 [4250/6714 (63%)]	Loss: 0.089211
Train Epoch: 7 [4500/6714 (67%)]	Loss: 0.221563
Train Epoch: 7 [4750/6714 (71%)]	Loss: 0.262338
Train Epoch: 7 [5000/6714 (74%)]	Loss: 0.038870
Train Epoch: 7 [5250/6714 (78%)]	Loss: 0.010802
Train Epoch: 7 [5500/6714 (82%)]	Loss: 0.151440
Train Epoch: 7 [5750/6714 (86%)]	Loss: 0.184630
Train Epoch: 7 [6000/6714 (89%)]	Loss: 0.155950
Train Epoch: 7 [6250/6714 (93%)]	Loss: 0.326613
Train Epoch: 7 [6500/6714 (97%)]	Loss: 0.262306
Test set: Average loss: 2.9658, Accuracy: 355/1678 (21%)
Train Epoch: 8 [0/6714 (0%)]	Loss: 0.271007
Train Epoch: 8 [250/6714 (4%)]	Loss: 0.064809
Train Epoch: 8 [500/6714 (7%)]	Loss: 0.323751
Train Epoch: 8 [750/6714 (11%)]	Loss: 0.079576
Train Epoch: 8 [1000/6714 (15%)]	Loss: 0.045108
Train Epoch: 8 [1250/6714 (19%)]	Loss: 0.026336
Train Epoch: 8 [1500/6714 (22%)]	Loss: 0.055443
Train Epoch: 8 [1750/6714 (26%)]	Loss: 0.043503
Train Epoch: 8 [2000/6714 (30%)]	Loss: 0.122796
Train Epoch: 8 [2250/6714 (33%)]	Loss: 0.022016
Train Epoch: 8 [2500/6714 (37%)]	Loss: 0.175180
Train Epoch: 8 [2750/6714 (41%)]	Loss: 0.009148
Train Epoch: 8 [3000/6714 (45%)]	Loss: 0.402574
Train Epoch: 8 [3250/6714 (48%)]	Loss: 0.052972
Train Epoch: 8 [3500/6714 (52%)]	Loss: 0.079747
Train Epoch: 8 [3750/6714 (56%)]	Loss: 0.010544
Train Epoch: 8 [4000/6714 (59%)]	Loss: 0.028810
Train Epoch: 8 [4250/6714 (63%)]	Loss: 0.294440
Train Epoch: 8 [4500/6714 (67%)]	Loss: 0.103308
Train Epoch: 8 [4750/6714 (71%)]	Loss: 0.077052
Train Epoch: 8 [5000/6714 (74%)]	Loss: 0.074802
Train Epoch: 8 [5250/6714 (78%)]	Loss: 0.083831
Train Epoch: 8 [5500/6714 (82%)]	Loss: 0.063676
Train Epoch: 8 [5750/6714 (86%)]	Loss: 0.034518
Train Epoch: 8 [6000/6714 (89%)]	Loss: 0.296146
Train Epoch: 8 [6250/6714 (93%)]	Loss: 0.451505
Train Epoch: 8 [6500/6714 (97%)]	Loss: 0.019272
Test set: Average loss: 4.7528, Accuracy: 353/1678 (21%)
Train Epoch: 9 [0/6714 (0%)]	Loss: 0.073644
Train Epoch: 9 [250/6714 (4%)]	Loss: 0.040252
Train Epoch: 9 [500/6714 (7%)]	Loss: 0.038269
Train Epoch: 9 [750/6714 (11%)]	Loss: 0.075816
Train Epoch: 9 [1000/6714 (15%)]	Loss: 0.013360
Train Epoch: 9 [1250/6714 (19%)]	Loss: 0.029822
Train Epoch: 9 [1500/6714 (22%)]	Loss: 0.014107
Train Epoch: 9 [1750/6714 (26%)]	Loss: 0.276835
Train Epoch: 9 [2000/6714 (30%)]	Loss: 0.007222
Train Epoch: 9 [2250/6714 (33%)]	Loss: 0.057005
Train Epoch: 9 [2500/6714 (37%)]	Loss: 0.023979
Train Epoch: 9 [2750/6714 (41%)]	Loss: 0.078418
Train Epoch: 9 [3000/6714 (45%)]	Loss: 0.019410
Train Epoch: 9 [3250/6714 (48%)]	Loss: 0.002220
Train Epoch: 9 [3500/6714 (52%)]	Loss: 0.030133
Train Epoch: 9 [3750/6714 (56%)]	Loss: 0.137582
Train Epoch: 9 [4000/6714 (59%)]	Loss: 0.032927
Train Epoch: 9 [4250/6714 (63%)]	Loss: 0.105310
Train Epoch: 9 [4500/6714 (67%)]	Loss: 0.082006
Train Epoch: 9 [4750/6714 (71%)]	Loss: 0.237305
Train Epoch: 9 [5000/6714 (74%)]	Loss: 0.154658
Train Epoch: 9 [5250/6714 (78%)]	Loss: 0.287242
Train Epoch: 9 [5500/6714 (82%)]	Loss: 0.007977
Train Epoch: 9 [5750/6714 (86%)]	Loss: 0.036715
Train Epoch: 9 [6000/6714 (89%)]	Loss: 0.447328
Train Epoch: 9 [6250/6714 (93%)]	Loss: 0.033718
Train Epoch: 9 [6500/6714 (97%)]	Loss: 0.098407
Test set: Average loss: 4.5019, Accuracy: 304/1678 (18%)
Train Epoch: 10 [0/6714 (0%)]	Loss: 0.082906
Train Epoch: 10 [250/6714 (4%)]	Loss: 0.081194
Train Epoch: 10 [500/6714 (7%)]	Loss: 0.007672
Train Epoch: 10 [750/6714 (11%)]	Loss: 0.184693
Train Epoch: 10 [1000/6714 (15%)]	Loss: 0.135794
Train Epoch: 10 [1250/6714 (19%)]	Loss: 0.087337
Train Epoch: 10 [1500/6714 (22%)]	Loss: 0.096928
Train Epoch: 10 [1750/6714 (26%)]	Loss: 0.037288
Train Epoch: 10 [2000/6714 (30%)]	Loss: 0.008312
Train Epoch: 10 [2250/6714 (33%)]	Loss: 0.107119
Train Epoch: 10 [2500/6714 (37%)]	Loss: 0.126339
Train Epoch: 10 [2750/6714 (41%)]	Loss: 0.165131
Train Epoch: 10 [3000/6714 (45%)]	Loss: 0.219649
Train Epoch: 10 [3250/6714 (48%)]	Loss: 0.050332
Train Epoch: 10 [3500/6714 (52%)]	Loss: 0.070879
Train Epoch: 10 [3750/6714 (56%)]	Loss: 0.007720
Train Epoch: 10 [4000/6714 (59%)]	Loss: 0.021710
Train Epoch: 10 [4250/6714 (63%)]	Loss: 0.156632
Train Epoch: 10 [4500/6714 (67%)]	Loss: 0.018569
Train Epoch: 10 [4750/6714 (71%)]	Loss: 0.063870
Train Epoch: 10 [5000/6714 (74%)]	Loss: 0.015478
Train Epoch: 10 [5250/6714 (78%)]	Loss: 0.052430
Train Epoch: 10 [5500/6714 (82%)]	Loss: 0.001531
Train Epoch: 10 [5750/6714 (86%)]	Loss: 0.027203
Train Epoch: 10 [6000/6714 (89%)]	Loss: 0.002805
Train Epoch: 10 [6250/6714 (93%)]	Loss: 0.026711
Train Epoch: 10 [6500/6714 (97%)]	Loss: 0.015348
Test set: Average loss: 3.6954, Accuracy: 355/1678 (21%)
Train Epoch: 11 [0/6714 (0%)]	Loss: 0.067379
Train Epoch: 11 [250/6714 (4%)]	Loss: 0.017695
Train Epoch: 11 [500/6714 (7%)]	Loss: 0.013663
Train Epoch: 11 [750/6714 (11%)]	Loss: 0.028932
Train Epoch: 11 [1000/6714 (15%)]	Loss: 0.006229
Train Epoch: 11 [1250/6714 (19%)]	Loss: 0.003462
Train Epoch: 11 [1500/6714 (22%)]	Loss: 0.085138
Train Epoch: 11 [1750/6714 (26%)]	Loss: 0.219053
Train Epoch: 11 [2000/6714 (30%)]	Loss: 0.018920
Train Epoch: 11 [2250/6714 (33%)]	Loss: 0.244611
Train Epoch: 11 [2500/6714 (37%)]	Loss: 0.008880
Train Epoch: 11 [2750/6714 (41%)]	Loss: 0.052215
Train Epoch: 11 [3000/6714 (45%)]	Loss: 0.016846
Train Epoch: 11 [3250/6714 (48%)]	Loss: 0.007160
Train Epoch: 11 [3500/6714 (52%)]	Loss: 0.011706
Train Epoch: 11 [3750/6714 (56%)]	Loss: 0.022308
Train Epoch: 11 [4000/6714 (59%)]	Loss: 0.005072
Train Epoch: 11 [4250/6714 (63%)]	Loss: 0.004310
Train Epoch: 11 [4500/6714 (67%)]	Loss: 0.140354
Train Epoch: 11 [4750/6714 (71%)]	Loss: 0.041743
Train Epoch: 11 [5000/6714 (74%)]	Loss: 0.035063
Train Epoch: 11 [5250/6714 (78%)]	Loss: 0.012248
Train Epoch: 11 [5500/6714 (82%)]	Loss: 0.071362
Train Epoch: 11 [5750/6714 (86%)]	Loss: 0.018501
Train Epoch: 11 [6000/6714 (89%)]	Loss: 0.025251
Train Epoch: 11 [6250/6714 (93%)]	Loss: 0.025589
Train Epoch: 11 [6500/6714 (97%)]	Loss: 0.040995
Test set: Average loss: 3.9594, Accuracy: 355/1678 (21%)
Train Epoch: 12 [0/6714 (0%)]	Loss: 0.038150
Train Epoch: 12 [250/6714 (4%)]	Loss: 0.039758
Train Epoch: 12 [500/6714 (7%)]	Loss: 0.016080
Train Epoch: 12 [750/6714 (11%)]	Loss: 0.025325
Train Epoch: 12 [1000/6714 (15%)]	Loss: 0.006257
Train Epoch: 12 [1250/6714 (19%)]	Loss: 0.056686
Train Epoch: 12 [1500/6714 (22%)]	Loss: 0.001387
Train Epoch: 12 [1750/6714 (26%)]	Loss: 0.014526
Train Epoch: 12 [2000/6714 (30%)]	Loss: 0.017838
Train Epoch: 12 [2250/6714 (33%)]	Loss: 0.020661
Train Epoch: 12 [2500/6714 (37%)]	Loss: 0.024626
Train Epoch: 12 [2750/6714 (41%)]	Loss: 0.062503
Train Epoch: 12 [3000/6714 (45%)]	Loss: 0.003035
Train Epoch: 12 [3250/6714 (48%)]	Loss: 0.038560
Train Epoch: 12 [3500/6714 (52%)]	Loss: 0.328356
Train Epoch: 12 [3750/6714 (56%)]	Loss: 0.024448
Train Epoch: 12 [4000/6714 (59%)]	Loss: 0.043260
Train Epoch: 12 [4250/6714 (63%)]	Loss: 0.003929
Train Epoch: 12 [4500/6714 (67%)]	Loss: 0.020815
Train Epoch: 12 [4750/6714 (71%)]	Loss: 0.006041
Train Epoch: 12 [5000/6714 (74%)]	Loss: 0.075821
Train Epoch: 12 [5250/6714 (78%)]	Loss: 0.020487
Train Epoch: 12 [5500/6714 (82%)]	Loss: 0.004311
Train Epoch: 12 [5750/6714 (86%)]	Loss: 0.022944
Train Epoch: 12 [6000/6714 (89%)]	Loss: 0.132347
Train Epoch: 12 [6250/6714 (93%)]	Loss: 0.110147
Train Epoch: 12 [6500/6714 (97%)]	Loss: 0.005676
Test set: Average loss: 3.2462, Accuracy: 355/1678 (21%)
Train Epoch: 13 [0/6714 (0%)]	Loss: 0.045418
Train Epoch: 13 [250/6714 (4%)]	Loss: 0.007183
Train Epoch: 13 [500/6714 (7%)]	Loss: 0.006876
Train Epoch: 13 [750/6714 (11%)]	Loss: 0.005599
Train Epoch: 13 [1000/6714 (15%)]	Loss: 0.008424
Train Epoch: 13 [1250/6714 (19%)]	Loss: 0.003652
Train Epoch: 13 [1500/6714 (22%)]	Loss: 0.063832
Train Epoch: 13 [1750/6714 (26%)]	Loss: 0.009858
Train Epoch: 13 [2000/6714 (30%)]	Loss: 0.002994
Train Epoch: 13 [2250/6714 (33%)]	Loss: 0.012382
Train Epoch: 13 [2500/6714 (37%)]	Loss: 0.220779
Train Epoch: 13 [2750/6714 (41%)]	Loss: 0.181516
Train Epoch: 13 [3000/6714 (45%)]	Loss: 0.064984
Train Epoch: 13 [3250/6714 (48%)]	Loss: 0.002286
Train Epoch: 13 [3500/6714 (52%)]	Loss: 0.005682
Train Epoch: 13 [3750/6714 (56%)]	Loss: 0.027593
Train Epoch: 13 [4000/6714 (59%)]	Loss: 0.001413
Train Epoch: 13 [4250/6714 (63%)]	Loss: 0.023148
Train Epoch: 13 [4500/6714 (67%)]	Loss: 0.020315
Train Epoch: 13 [4750/6714 (71%)]	Loss: 0.008539
Train Epoch: 13 [5000/6714 (74%)]	Loss: 0.050820
Train Epoch: 13 [5250/6714 (78%)]	Loss: 0.007408
Train Epoch: 13 [5500/6714 (82%)]	Loss: 0.005497
Train Epoch: 13 [5750/6714 (86%)]	Loss: 0.001596
Train Epoch: 13 [6000/6714 (89%)]	Loss: 0.024195
Train Epoch: 13 [6250/6714 (93%)]	Loss: 0.013030
Train Epoch: 13 [6500/6714 (97%)]	Loss: 0.007887
Test set: Average loss: 4.1768, Accuracy: 355/1678 (21%)
Train Epoch: 14 [0/6714 (0%)]	Loss: 0.042099
Train Epoch: 14 [250/6714 (4%)]	Loss: 0.002185
Train Epoch: 14 [500/6714 (7%)]	Loss: 0.002184
Train Epoch: 14 [750/6714 (11%)]	Loss: 0.029330
Train Epoch: 14 [1000/6714 (15%)]	Loss: 0.004203
Train Epoch: 14 [1250/6714 (19%)]	Loss: 0.001770
Train Epoch: 14 [1500/6714 (22%)]	Loss: 0.040394
Train Epoch: 14 [1750/6714 (26%)]	Loss: 0.450742
Train Epoch: 14 [2000/6714 (30%)]	Loss: 0.143490
Train Epoch: 14 [2250/6714 (33%)]	Loss: 0.001161
Train Epoch: 14 [2500/6714 (37%)]	Loss: 0.118656
Train Epoch: 14 [2750/6714 (41%)]	Loss: 0.034553
Train Epoch: 14 [3000/6714 (45%)]	Loss: 0.009981
Train Epoch: 14 [3250/6714 (48%)]	Loss: 0.037394
Train Epoch: 14 [3500/6714 (52%)]	Loss: 0.081798
Train Epoch: 14 [3750/6714 (56%)]	Loss: 0.049530
Train Epoch: 14 [4000/6714 (59%)]	Loss: 0.006933
Train Epoch: 14 [4250/6714 (63%)]	Loss: 0.222146
Train Epoch: 14 [4500/6714 (67%)]	Loss: 0.001189
Train Epoch: 14 [4750/6714 (71%)]	Loss: 0.058423
Train Epoch: 14 [5000/6714 (74%)]	Loss: 0.009581
Train Epoch: 14 [5250/6714 (78%)]	Loss: 0.063597
Train Epoch: 14 [5500/6714 (82%)]	Loss: 0.138689
Train Epoch: 14 [5750/6714 (86%)]	Loss: 0.001006
Train Epoch: 14 [6000/6714 (89%)]	Loss: 0.008221
Train Epoch: 14 [6250/6714 (93%)]	Loss: 0.033495
Train Epoch: 14 [6500/6714 (97%)]	Loss: 0.161035
Test set: Average loss: 5.8665, Accuracy: 389/1678 (23%)
Train Epoch: 15 [0/6714 (0%)]	Loss: 0.000556
Train Epoch: 15 [250/6714 (4%)]	Loss: 0.048088
Train Epoch: 15 [500/6714 (7%)]	Loss: 0.001380
Train Epoch: 15 [750/6714 (11%)]	Loss: 0.066236
Train Epoch: 15 [1000/6714 (15%)]	Loss: 0.045128
Train Epoch: 15 [1250/6714 (19%)]	Loss: 0.001114
Train Epoch: 15 [1500/6714 (22%)]	Loss: 0.000876
Train Epoch: 15 [1750/6714 (26%)]	Loss: 0.000385
Train Epoch: 15 [2000/6714 (30%)]	Loss: 0.005123
Train Epoch: 15 [2250/6714 (33%)]	Loss: 0.233449
Train Epoch: 15 [2500/6714 (37%)]	Loss: 0.018724
Train Epoch: 15 [2750/6714 (41%)]	Loss: 0.001275
Train Epoch: 15 [3000/6714 (45%)]	Loss: 0.014956
Train Epoch: 15 [3250/6714 (48%)]	Loss: 0.014389
Train Epoch: 15 [3500/6714 (52%)]	Loss: 0.004827
Train Epoch: 15 [3750/6714 (56%)]	Loss: 0.003414
Train Epoch: 15 [4000/6714 (59%)]	Loss: 0.025929
Train Epoch: 15 [4250/6714 (63%)]	Loss: 0.004583
Train Epoch: 15 [4500/6714 (67%)]	Loss: 0.000768
Train Epoch: 15 [4750/6714 (71%)]	Loss: 0.027258
Train Epoch: 15 [5000/6714 (74%)]	Loss: 0.000542
Train Epoch: 15 [5250/6714 (78%)]	Loss: 0.004865
Train Epoch: 15 [5500/6714 (82%)]	Loss: 0.199014
Train Epoch: 15 [5750/6714 (86%)]	Loss: 0.015021
Train Epoch: 15 [6000/6714 (89%)]	Loss: 0.060181
Train Epoch: 15 [6250/6714 (93%)]	Loss: 0.042574
Train Epoch: 15 [6500/6714 (97%)]	Loss: 0.053046
Test set: Average loss: 3.4965, Accuracy: 355/1678 (21%)
Train Epoch: 16 [0/6714 (0%)]	Loss: 0.027664
Train Epoch: 16 [250/6714 (4%)]	Loss: 0.178517
Train Epoch: 16 [500/6714 (7%)]	Loss: 0.321078
Train Epoch: 16 [750/6714 (11%)]	Loss: 0.001113
Train Epoch: 16 [1000/6714 (15%)]	Loss: 0.013120
Train Epoch: 16 [1250/6714 (19%)]	Loss: 0.007093
Train Epoch: 16 [1500/6714 (22%)]	Loss: 0.452611
Train Epoch: 16 [1750/6714 (26%)]	Loss: 0.001617
Train Epoch: 16 [2000/6714 (30%)]	Loss: 0.020975
Train Epoch: 16 [2250/6714 (33%)]	Loss: 0.011101
Train Epoch: 16 [2500/6714 (37%)]	Loss: 0.002232
Train Epoch: 16 [2750/6714 (41%)]	Loss: 0.001823
Train Epoch: 16 [3000/6714 (45%)]	Loss: 0.002644
Train Epoch: 16 [3250/6714 (48%)]	Loss: 0.116034
Train Epoch: 16 [3500/6714 (52%)]	Loss: 0.001086
Train Epoch: 16 [3750/6714 (56%)]	Loss: 0.013633
Train Epoch: 16 [4000/6714 (59%)]	Loss: 0.005464
Train Epoch: 16 [4250/6714 (63%)]	Loss: 0.000583
Train Epoch: 16 [4500/6714 (67%)]	Loss: 0.013144
Train Epoch: 16 [4750/6714 (71%)]	Loss: 0.016901
Train Epoch: 16 [5000/6714 (74%)]	Loss: 0.010876
Train Epoch: 16 [5250/6714 (78%)]	Loss: 0.001895
Train Epoch: 16 [5500/6714 (82%)]	Loss: 0.090581
Train Epoch: 16 [5750/6714 (86%)]	Loss: 0.048187
Train Epoch: 16 [6000/6714 (89%)]	Loss: 0.002852
Train Epoch: 16 [6250/6714 (93%)]	Loss: 0.036700
Train Epoch: 16 [6500/6714 (97%)]	Loss: 0.223509
Test set: Average loss: 3.4986, Accuracy: 355/1678 (21%)
Train Epoch: 17 [0/6714 (0%)]	Loss: 0.006085
Train Epoch: 17 [250/6714 (4%)]	Loss: 0.037334
Train Epoch: 17 [500/6714 (7%)]	Loss: 0.002267
Train Epoch: 17 [750/6714 (11%)]	Loss: 0.000411
Train Epoch: 17 [1000/6714 (15%)]	Loss: 0.002902
Train Epoch: 17 [1250/6714 (19%)]	Loss: 0.022253
Train Epoch: 17 [1500/6714 (22%)]	Loss: 0.003348
Train Epoch: 17 [1750/6714 (26%)]	Loss: 0.004247
Train Epoch: 17 [2000/6714 (30%)]	Loss: 0.059717
Train Epoch: 17 [2250/6714 (33%)]	Loss: 0.001156
Train Epoch: 17 [2500/6714 (37%)]	Loss: 0.011485
Train Epoch: 17 [2750/6714 (41%)]	Loss: 0.021556
Train Epoch: 17 [3000/6714 (45%)]	Loss: 0.003510
Train Epoch: 17 [3250/6714 (48%)]	Loss: 0.004732
Train Epoch: 17 [3500/6714 (52%)]	Loss: 0.054335
Train Epoch: 17 [3750/6714 (56%)]	Loss: 0.002519
Train Epoch: 17 [4000/6714 (59%)]	Loss: 0.001441
Train Epoch: 17 [4250/6714 (63%)]	Loss: 0.001224
Train Epoch: 17 [4500/6714 (67%)]	Loss: 0.001364
Train Epoch: 17 [4750/6714 (71%)]	Loss: 0.001223
Train Epoch: 17 [5000/6714 (74%)]	Loss: 0.000259
Train Epoch: 17 [5250/6714 (78%)]	Loss: 0.045321
Train Epoch: 17 [5500/6714 (82%)]	Loss: 0.003202
Train Epoch: 17 [5750/6714 (86%)]	Loss: 0.003480
Train Epoch: 17 [6000/6714 (89%)]	Loss: 0.003193
Train Epoch: 17 [6250/6714 (93%)]	Loss: 0.005740
Train Epoch: 17 [6500/6714 (97%)]	Loss: 0.000674
Test set: Average loss: 4.2083, Accuracy: 355/1678 (21%)
Train Epoch: 18 [0/6714 (0%)]	Loss: 0.015005
Train Epoch: 18 [250/6714 (4%)]	Loss: 0.000376
Train Epoch: 18 [500/6714 (7%)]	Loss: 0.008056
Train Epoch: 18 [750/6714 (11%)]	Loss: 0.008061
Train Epoch: 18 [1000/6714 (15%)]	Loss: 0.026167
Train Epoch: 18 [1250/6714 (19%)]	Loss: 0.002297
Train Epoch: 18 [1500/6714 (22%)]	Loss: 0.001540
Train Epoch: 18 [1750/6714 (26%)]	Loss: 0.010765
Train Epoch: 18 [2000/6714 (30%)]	Loss: 0.004201
Train Epoch: 18 [2250/6714 (33%)]	Loss: 0.002826
Train Epoch: 18 [2500/6714 (37%)]	Loss: 0.008377
Train Epoch: 18 [2750/6714 (41%)]	Loss: 0.006112
Train Epoch: 18 [3000/6714 (45%)]	Loss: 0.001818
Train Epoch: 18 [3250/6714 (48%)]	Loss: 0.007927
Train Epoch: 18 [3500/6714 (52%)]	Loss: 0.048658
Train Epoch: 18 [3750/6714 (56%)]	Loss: 0.012290
Train Epoch: 18 [4000/6714 (59%)]	Loss: 0.060439
Train Epoch: 18 [4250/6714 (63%)]	Loss: 0.012139
Train Epoch: 18 [4500/6714 (67%)]	Loss: 0.001952
Train Epoch: 18 [4750/6714 (71%)]	Loss: 0.002513
Train Epoch: 18 [5000/6714 (74%)]	Loss: 0.001706
Train Epoch: 18 [5250/6714 (78%)]	Loss: 0.134742
Train Epoch: 18 [5500/6714 (82%)]	Loss: 0.002195
Train Epoch: 18 [5750/6714 (86%)]	Loss: 0.006371
Train Epoch: 18 [6000/6714 (89%)]	Loss: 0.038505
Train Epoch: 18 [6250/6714 (93%)]	Loss: 0.250098
Train Epoch: 18 [6500/6714 (97%)]	Loss: 0.018037
Test set: Average loss: 5.7408, Accuracy: 355/1678 (21%)
Train Epoch: 19 [0/6714 (0%)]	Loss: 0.074789
Train Epoch: 19 [250/6714 (4%)]	Loss: 0.002710
Train Epoch: 19 [500/6714 (7%)]	Loss: 0.002041
Train Epoch: 19 [750/6714 (11%)]	Loss: 0.001261
Train Epoch: 19 [1000/6714 (15%)]	Loss: 0.001018
Train Epoch: 19 [1250/6714 (19%)]	Loss: 0.005376
Train Epoch: 19 [1500/6714 (22%)]	Loss: 0.000969
Train Epoch: 19 [1750/6714 (26%)]	Loss: 0.001641
Train Epoch: 19 [2000/6714 (30%)]	Loss: 0.034261
Train Epoch: 19 [2250/6714 (33%)]	Loss: 0.000963
Train Epoch: 19 [2500/6714 (37%)]	Loss: 0.003766
Train Epoch: 19 [2750/6714 (41%)]	Loss: 0.000779
Train Epoch: 19 [3000/6714 (45%)]	Loss: 0.002804
Train Epoch: 19 [3250/6714 (48%)]	Loss: 0.001001
Train Epoch: 19 [3500/6714 (52%)]	Loss: 0.014242
Train Epoch: 19 [3750/6714 (56%)]	Loss: 0.000552
Train Epoch: 19 [4000/6714 (59%)]	Loss: 0.054846
Train Epoch: 19 [4250/6714 (63%)]	Loss: 0.002962
Train Epoch: 19 [4500/6714 (67%)]	Loss: 0.042602
Train Epoch: 19 [4750/6714 (71%)]	Loss: 0.042404
Train Epoch: 19 [5000/6714 (74%)]	Loss: 0.088942
Train Epoch: 19 [5250/6714 (78%)]	Loss: 0.086322
Train Epoch: 19 [5500/6714 (82%)]	Loss: 0.000647
Train Epoch: 19 [5750/6714 (86%)]	Loss: 0.006961
Train Epoch: 19 [6000/6714 (89%)]	Loss: 0.004094
Train Epoch: 19 [6250/6714 (93%)]	Loss: 0.002669
Train Epoch: 19 [6500/6714 (97%)]	Loss: 0.001217
Test set: Average loss: 4.0416, Accuracy: 519/1678 (30%)
Train Epoch: 20 [0/6714 (0%)]	Loss: 0.002321
Train Epoch: 20 [250/6714 (4%)]	Loss: 0.002430
Train Epoch: 20 [500/6714 (7%)]	Loss: 0.000929
Train Epoch: 20 [750/6714 (11%)]	Loss: 0.007429
Train Epoch: 20 [1000/6714 (15%)]	Loss: 0.001860
Train Epoch: 20 [1250/6714 (19%)]	Loss: 0.008039
Train Epoch: 20 [1500/6714 (22%)]	Loss: 0.010857
Train Epoch: 20 [1750/6714 (26%)]	Loss: 0.001507
Train Epoch: 20 [2000/6714 (30%)]	Loss: 0.001770
Train Epoch: 20 [2250/6714 (33%)]	Loss: 0.000865
Train Epoch: 20 [2500/6714 (37%)]	Loss: 0.002462
Train Epoch: 20 [2750/6714 (41%)]	Loss: 0.001296
Train Epoch: 20 [3000/6714 (45%)]	Loss: 0.000591
Train Epoch: 20 [3250/6714 (48%)]	Loss: 0.000301
Train Epoch: 20 [3500/6714 (52%)]	Loss: 0.003295
Train Epoch: 20 [3750/6714 (56%)]	Loss: 0.000808
Train Epoch: 20 [4000/6714 (59%)]	Loss: 0.002319
Train Epoch: 20 [4250/6714 (63%)]	Loss: 0.001484
Train Epoch: 20 [4500/6714 (67%)]	Loss: 0.003049
Train Epoch: 20 [4750/6714 (71%)]	Loss: 0.000338
Train Epoch: 20 [5000/6714 (74%)]	Loss: 0.000170
Train Epoch: 20 [5250/6714 (78%)]	Loss: 0.000838
Train Epoch: 20 [5500/6714 (82%)]	Loss: 0.000223
Train Epoch: 20 [5750/6714 (86%)]	Loss: 0.002500
Train Epoch: 20 [6000/6714 (89%)]	Loss: 0.003304
Train Epoch: 20 [6250/6714 (93%)]	Loss: 0.001800
Train Epoch: 20 [6500/6714 (97%)]	Loss: 0.010733
Test set: Average loss: 6.3757, Accuracy: 355/1678 (21%)
Train Epoch: 21 [0/6714 (0%)]	Loss: 0.022873
Train Epoch: 21 [250/6714 (4%)]	Loss: 0.002093
Train Epoch: 21 [500/6714 (7%)]	Loss: 0.007343
Train Epoch: 21 [750/6714 (11%)]	Loss: 0.000377
Train Epoch: 21 [1000/6714 (15%)]	Loss: 0.007839
Train Epoch: 21 [1250/6714 (19%)]	Loss: 0.000498
Train Epoch: 21 [1500/6714 (22%)]	Loss: 0.002846
Train Epoch: 21 [1750/6714 (26%)]	Loss: 0.002600
Train Epoch: 21 [2000/6714 (30%)]	Loss: 0.001388
Train Epoch: 21 [2250/6714 (33%)]	Loss: 0.004369
Train Epoch: 21 [2500/6714 (37%)]	Loss: 0.002440
Train Epoch: 21 [2750/6714 (41%)]	Loss: 0.001624
Train Epoch: 21 [3000/6714 (45%)]	Loss: 0.053156
Train Epoch: 21 [3250/6714 (48%)]	Loss: 0.004073
Train Epoch: 21 [3500/6714 (52%)]	Loss: 0.142708
Train Epoch: 21 [3750/6714 (56%)]	Loss: 0.148699
Train Epoch: 21 [4000/6714 (59%)]	Loss: 0.020279
Train Epoch: 21 [4250/6714 (63%)]	Loss: 0.001765
Train Epoch: 21 [4500/6714 (67%)]	Loss: 0.001793
Train Epoch: 21 [4750/6714 (71%)]	Loss: 0.011435
Train Epoch: 21 [5000/6714 (74%)]	Loss: 0.000828
Train Epoch: 21 [5250/6714 (78%)]	Loss: 0.050326
Train Epoch: 21 [5500/6714 (82%)]	Loss: 0.411269
Train Epoch: 21 [5750/6714 (86%)]	Loss: 0.031560
Train Epoch: 21 [6000/6714 (89%)]	Loss: 0.022456
Train Epoch: 21 [6250/6714 (93%)]	Loss: 0.069894
Train Epoch: 21 [6500/6714 (97%)]	Loss: 0.030057
Test set: Average loss: 7.0761, Accuracy: 355/1678 (21%)
Train Epoch: 22 [0/6714 (0%)]	Loss: 0.004079
Train Epoch: 22 [250/6714 (4%)]	Loss: 0.001260
Train Epoch: 22 [500/6714 (7%)]	Loss: 0.003468
Train Epoch: 22 [750/6714 (11%)]	Loss: 0.003310
Train Epoch: 22 [1000/6714 (15%)]	Loss: 0.001118
Train Epoch: 22 [1250/6714 (19%)]	Loss: 0.000519
Train Epoch: 22 [1500/6714 (22%)]	Loss: 0.001263
Train Epoch: 22 [1750/6714 (26%)]	Loss: 0.000619
Train Epoch: 22 [2000/6714 (30%)]	Loss: 0.007067
Train Epoch: 22 [2250/6714 (33%)]	Loss: 0.002020
Train Epoch: 22 [2500/6714 (37%)]	Loss: 0.002022
Train Epoch: 22 [2750/6714 (41%)]	Loss: 0.009450
Train Epoch: 22 [3000/6714 (45%)]	Loss: 0.055392
Train Epoch: 22 [3250/6714 (48%)]	Loss: 0.054113
Train Epoch: 22 [3500/6714 (52%)]	Loss: 0.005059
Train Epoch: 22 [3750/6714 (56%)]	Loss: 0.000513
Train Epoch: 22 [4000/6714 (59%)]	Loss: 0.001798
Train Epoch: 22 [4250/6714 (63%)]	Loss: 0.000285
Train Epoch: 22 [4500/6714 (67%)]	Loss: 0.001400
Train Epoch: 22 [4750/6714 (71%)]	Loss: 0.002650
Train Epoch: 22 [5000/6714 (74%)]	Loss: 0.000419
Train Epoch: 22 [5250/6714 (78%)]	Loss: 0.006091
Train Epoch: 22 [5500/6714 (82%)]	Loss: 0.002777
Train Epoch: 22 [5750/6714 (86%)]	Loss: 0.015239
Train Epoch: 22 [6000/6714 (89%)]	Loss: 0.006000
Train Epoch: 22 [6250/6714 (93%)]	Loss: 0.005360
Train Epoch: 22 [6500/6714 (97%)]	Loss: 0.028712
Test set: Average loss: 6.0998, Accuracy: 355/1678 (21%)
Train Epoch: 23 [0/6714 (0%)]	Loss: 0.009393
Train Epoch: 23 [250/6714 (4%)]	Loss: 0.009388
Train Epoch: 23 [500/6714 (7%)]	Loss: 0.030305
Train Epoch: 23 [750/6714 (11%)]	Loss: 0.141369
Train Epoch: 23 [1000/6714 (15%)]	Loss: 0.003451
Train Epoch: 23 [1250/6714 (19%)]	Loss: 0.000127
Train Epoch: 23 [1500/6714 (22%)]	Loss: 0.000494
Train Epoch: 23 [1750/6714 (26%)]	Loss: 0.008609
Train Epoch: 23 [2000/6714 (30%)]	Loss: 0.000429
Train Epoch: 23 [2250/6714 (33%)]	Loss: 0.014647
Train Epoch: 23 [2500/6714 (37%)]	Loss: 0.000454
Train Epoch: 23 [2750/6714 (41%)]	Loss: 0.167561
Train Epoch: 23 [3000/6714 (45%)]	Loss: 0.004589
Train Epoch: 23 [3250/6714 (48%)]	Loss: 0.008591
Train Epoch: 23 [3500/6714 (52%)]	Loss: 0.004711
Train Epoch: 23 [3750/6714 (56%)]	Loss: 0.000366
Train Epoch: 23 [4000/6714 (59%)]	Loss: 0.000235
Train Epoch: 23 [4250/6714 (63%)]	Loss: 0.002176
Train Epoch: 23 [4500/6714 (67%)]	Loss: 0.017093
Train Epoch: 23 [4750/6714 (71%)]	Loss: 0.037265
Train Epoch: 23 [5000/6714 (74%)]	Loss: 0.158661
Train Epoch: 23 [5250/6714 (78%)]	Loss: 0.024073
Train Epoch: 23 [5500/6714 (82%)]	Loss: 0.000624
Train Epoch: 23 [5750/6714 (86%)]	Loss: 0.026588
Train Epoch: 23 [6000/6714 (89%)]	Loss: 0.050089
Train Epoch: 23 [6250/6714 (93%)]	Loss: 0.005978
Train Epoch: 23 [6500/6714 (97%)]	Loss: 0.114639
Test set: Average loss: 4.2741, Accuracy: 449/1678 (26%)
Train Epoch: 24 [0/6714 (0%)]	Loss: 0.006114
Train Epoch: 24 [250/6714 (4%)]	Loss: 0.000418
Train Epoch: 24 [500/6714 (7%)]	Loss: 0.000761
Train Epoch: 24 [750/6714 (11%)]	Loss: 0.111532
Train Epoch: 24 [1000/6714 (15%)]	Loss: 0.004236
Train Epoch: 24 [1250/6714 (19%)]	Loss: 0.000585
Train Epoch: 24 [1500/6714 (22%)]	Loss: 0.112910
Train Epoch: 24 [1750/6714 (26%)]	Loss: 0.060887
Train Epoch: 24 [2000/6714 (30%)]	Loss: 0.000623
Train Epoch: 24 [2250/6714 (33%)]	Loss: 0.001452
Train Epoch: 24 [2500/6714 (37%)]	Loss: 0.003935
Train Epoch: 24 [2750/6714 (41%)]	Loss: 0.000594
Train Epoch: 24 [3000/6714 (45%)]	Loss: 0.003088
Train Epoch: 24 [3250/6714 (48%)]	Loss: 0.001554
Train Epoch: 24 [3500/6714 (52%)]	Loss: 0.008732
Train Epoch: 24 [3750/6714 (56%)]	Loss: 0.000934
Train Epoch: 24 [4000/6714 (59%)]	Loss: 0.000868
Train Epoch: 24 [4250/6714 (63%)]	Loss: 0.099601
Train Epoch: 24 [4500/6714 (67%)]	Loss: 0.001594
Train Epoch: 24 [4750/6714 (71%)]	Loss: 0.034567
Train Epoch: 24 [5000/6714 (74%)]	Loss: 0.009273
Train Epoch: 24 [5250/6714 (78%)]	Loss: 0.000316
Train Epoch: 24 [5500/6714 (82%)]	Loss: 0.018249
Train Epoch: 24 [5750/6714 (86%)]	Loss: 0.016043
Train Epoch: 24 [6000/6714 (89%)]	Loss: 0.006927
Train Epoch: 24 [6250/6714 (93%)]	Loss: 0.000584
Train Epoch: 24 [6500/6714 (97%)]	Loss: 0.000318
Test set: Average loss: 6.7233, Accuracy: 355/1678 (21%)
Train Epoch: 25 [0/6714 (0%)]	Loss: 0.022564
Train Epoch: 25 [250/6714 (4%)]	Loss: 0.084836
Train Epoch: 25 [500/6714 (7%)]	Loss: 0.009414
Train Epoch: 25 [750/6714 (11%)]	Loss: 0.004738
Train Epoch: 25 [1000/6714 (15%)]	Loss: 0.011863
Train Epoch: 25 [1250/6714 (19%)]	Loss: 0.003367
Train Epoch: 25 [1500/6714 (22%)]	Loss: 0.181754
Train Epoch: 25 [1750/6714 (26%)]	Loss: 0.019512
Train Epoch: 25 [2000/6714 (30%)]	Loss: 0.000290
Train Epoch: 25 [2250/6714 (33%)]	Loss: 0.058123
Train Epoch: 25 [2500/6714 (37%)]	Loss: 0.000703
Train Epoch: 25 [2750/6714 (41%)]	Loss: 0.005779
Train Epoch: 25 [3000/6714 (45%)]	Loss: 0.000275
Train Epoch: 25 [3250/6714 (48%)]	Loss: 0.002870
Train Epoch: 25 [3500/6714 (52%)]	Loss: 0.000410
Train Epoch: 25 [3750/6714 (56%)]	Loss: 0.002486
Train Epoch: 25 [4000/6714 (59%)]	Loss: 0.002241
Train Epoch: 25 [4250/6714 (63%)]	Loss: 0.041142
Train Epoch: 25 [4500/6714 (67%)]	Loss: 0.002691
Train Epoch: 25 [4750/6714 (71%)]	Loss: 0.001498
Train Epoch: 25 [5000/6714 (74%)]	Loss: 0.000103
Train Epoch: 25 [5250/6714 (78%)]	Loss: 0.005606
Train Epoch: 25 [5500/6714 (82%)]	Loss: 0.001697
Train Epoch: 25 [5750/6714 (86%)]	Loss: 0.015298
Train Epoch: 25 [6000/6714 (89%)]	Loss: 0.023857
Train Epoch: 25 [6250/6714 (93%)]	Loss: 0.031164
Train Epoch: 25 [6500/6714 (97%)]	Loss: 0.000909
Test set: Average loss: 4.6230, Accuracy: 356/1678 (21%)
Train Epoch: 26 [0/6714 (0%)]	Loss: 0.000732
Train Epoch: 26 [250/6714 (4%)]	Loss: 0.002952
Train Epoch: 26 [500/6714 (7%)]	Loss: 0.001959
Train Epoch: 26 [750/6714 (11%)]	Loss: 0.267029
Train Epoch: 26 [1000/6714 (15%)]	Loss: 0.008319
Train Epoch: 26 [1250/6714 (19%)]	Loss: 0.007302
Train Epoch: 26 [1500/6714 (22%)]	Loss: 0.015375
Train Epoch: 26 [1750/6714 (26%)]	Loss: 0.004104
Train Epoch: 26 [2000/6714 (30%)]	Loss: 0.021877
Train Epoch: 26 [2250/6714 (33%)]	Loss: 0.000882
Train Epoch: 26 [2500/6714 (37%)]	Loss: 0.001525
Train Epoch: 26 [2750/6714 (41%)]	Loss: 0.069230
Train Epoch: 26 [3000/6714 (45%)]	Loss: 0.001196
Train Epoch: 26 [3250/6714 (48%)]	Loss: 0.000507
Train Epoch: 26 [3500/6714 (52%)]	Loss: 0.005300
Train Epoch: 26 [3750/6714 (56%)]	Loss: 0.000965
Train Epoch: 26 [4000/6714 (59%)]	Loss: 0.042566
Train Epoch: 26 [4250/6714 (63%)]	Loss: 0.002620
Train Epoch: 26 [4500/6714 (67%)]	Loss: 0.000207
Train Epoch: 26 [4750/6714 (71%)]	Loss: 0.013426
Train Epoch: 26 [5000/6714 (74%)]	Loss: 0.002207
Train Epoch: 26 [5250/6714 (78%)]	Loss: 0.007150
Train Epoch: 26 [5500/6714 (82%)]	Loss: 0.002163
Train Epoch: 26 [5750/6714 (86%)]	Loss: 0.006244
Train Epoch: 26 [6000/6714 (89%)]	Loss: 0.000089
Train Epoch: 26 [6250/6714 (93%)]	Loss: 0.001478
Train Epoch: 26 [6500/6714 (97%)]	Loss: 0.000504
Test set: Average loss: 6.5329, Accuracy: 355/1678 (21%)
Train Epoch: 27 [0/6714 (0%)]	Loss: 0.001247
Train Epoch: 27 [250/6714 (4%)]	Loss: 0.002216
Train Epoch: 27 [500/6714 (7%)]	Loss: 0.001359
Train Epoch: 27 [750/6714 (11%)]	Loss: 0.000225
Train Epoch: 27 [1000/6714 (15%)]	Loss: 0.000399
Train Epoch: 27 [1250/6714 (19%)]	Loss: 0.000195
Train Epoch: 27 [1500/6714 (22%)]	Loss: 0.007502
Train Epoch: 27 [1750/6714 (26%)]	Loss: 0.063822
Train Epoch: 27 [2000/6714 (30%)]	Loss: 0.002244
Train Epoch: 27 [2250/6714 (33%)]	Loss: 0.005208
Train Epoch: 27 [2500/6714 (37%)]	Loss: 0.003740
Train Epoch: 27 [2750/6714 (41%)]	Loss: 0.000744
Train Epoch: 27 [3000/6714 (45%)]	Loss: 0.002184
Train Epoch: 27 [3250/6714 (48%)]	Loss: 0.000523
Train Epoch: 27 [3500/6714 (52%)]	Loss: 0.000248
Train Epoch: 27 [3750/6714 (56%)]	Loss: 0.000989
Train Epoch: 27 [4000/6714 (59%)]	Loss: 0.000586
Train Epoch: 27 [4250/6714 (63%)]	Loss: 0.000896
Train Epoch: 27 [4500/6714 (67%)]	Loss: 0.002399
Train Epoch: 27 [4750/6714 (71%)]	Loss: 0.000138
Train Epoch: 27 [5000/6714 (74%)]	Loss: 0.034995
Train Epoch: 27 [5250/6714 (78%)]	Loss: 0.000435
Train Epoch: 27 [5500/6714 (82%)]	Loss: 0.000382
Train Epoch: 27 [5750/6714 (86%)]	Loss: 0.000387
Train Epoch: 27 [6000/6714 (89%)]	Loss: 0.010106
Train Epoch: 27 [6250/6714 (93%)]	Loss: 0.000159
Train Epoch: 27 [6500/6714 (97%)]	Loss: 0.000461
Test set: Average loss: 5.4513, Accuracy: 355/1678 (21%)
Train Epoch: 28 [0/6714 (0%)]	Loss: 0.000223
Train Epoch: 28 [250/6714 (4%)]	Loss: 0.007520
Train Epoch: 28 [500/6714 (7%)]	Loss: 0.002039
Train Epoch: 28 [750/6714 (11%)]	Loss: 0.000742
Train Epoch: 28 [1000/6714 (15%)]	Loss: 0.000741
Train Epoch: 28 [1250/6714 (19%)]	Loss: 0.000169
Train Epoch: 28 [1500/6714 (22%)]	Loss: 0.000698
Train Epoch: 28 [1750/6714 (26%)]	Loss: 0.000321
Train Epoch: 28 [2000/6714 (30%)]	Loss: 0.000623
Train Epoch: 28 [2250/6714 (33%)]	Loss: 0.000085
Train Epoch: 28 [2500/6714 (37%)]	Loss: 0.002095
Train Epoch: 28 [2750/6714 (41%)]	Loss: 0.000120
Train Epoch: 28 [3000/6714 (45%)]	Loss: 0.000042
Train Epoch: 28 [3250/6714 (48%)]	Loss: 0.000199
Train Epoch: 28 [3500/6714 (52%)]	Loss: 0.004034
Train Epoch: 28 [3750/6714 (56%)]	Loss: 0.000085
Train Epoch: 28 [4000/6714 (59%)]	Loss: 0.000163
Train Epoch: 28 [4250/6714 (63%)]	Loss: 0.000226
Train Epoch: 28 [4500/6714 (67%)]	Loss: 0.000600
Train Epoch: 28 [4750/6714 (71%)]	Loss: 0.000293
Train Epoch: 28 [5000/6714 (74%)]	Loss: 0.008486
Train Epoch: 28 [5250/6714 (78%)]	Loss: 0.000033
Train Epoch: 28 [5500/6714 (82%)]	Loss: 0.001168
Train Epoch: 28 [5750/6714 (86%)]	Loss: 0.000126
Train Epoch: 28 [6000/6714 (89%)]	Loss: 0.000245
Train Epoch: 28 [6250/6714 (93%)]	Loss: 0.000091
Train Epoch: 28 [6500/6714 (97%)]	Loss: 0.000210
Test set: Average loss: 1.4707, Accuracy: 1223/1678 (72%)
Train Epoch: 29 [0/6714 (0%)]	Loss: 0.000997
Train Epoch: 29 [250/6714 (4%)]	Loss: 0.000924
Train Epoch: 29 [500/6714 (7%)]	Loss: 0.000074
Train Epoch: 29 [750/6714 (11%)]	Loss: 0.000621
Train Epoch: 29 [1000/6714 (15%)]	Loss: 0.002369
Train Epoch: 29 [1250/6714 (19%)]	Loss: 0.000024
Train Epoch: 29 [1500/6714 (22%)]	Loss: 0.000124
Train Epoch: 29 [1750/6714 (26%)]	Loss: 0.001075
Train Epoch: 29 [2000/6714 (30%)]	Loss: 0.000405
Train Epoch: 29 [2250/6714 (33%)]	Loss: 0.000224
Train Epoch: 29 [2500/6714 (37%)]	Loss: 0.000059
Train Epoch: 29 [2750/6714 (41%)]	Loss: 0.000191
Train Epoch: 29 [3000/6714 (45%)]	Loss: 0.000022
Train Epoch: 29 [3250/6714 (48%)]	Loss: 0.000313
Train Epoch: 29 [3500/6714 (52%)]	Loss: 0.000206
Train Epoch: 29 [3750/6714 (56%)]	Loss: 0.000153
Train Epoch: 29 [4000/6714 (59%)]	Loss: 0.000110
Train Epoch: 29 [4250/6714 (63%)]	Loss: 0.000022
Train Epoch: 29 [4500/6714 (67%)]	Loss: 0.000251
Train Epoch: 29 [4750/6714 (71%)]	Loss: 0.000024
Train Epoch: 29 [5000/6714 (74%)]	Loss: 0.000119
Train Epoch: 29 [5250/6714 (78%)]	Loss: 0.000080
Train Epoch: 29 [5500/6714 (82%)]	Loss: 0.000285
Train Epoch: 29 [5750/6714 (86%)]	Loss: 0.000322
Train Epoch: 29 [6000/6714 (89%)]	Loss: 0.000107
Train Epoch: 29 [6250/6714 (93%)]	Loss: 0.000069
Train Epoch: 29 [6500/6714 (97%)]	Loss: 0.000044
Test set: Average loss: 1.2089, Accuracy: 1331/1678 (79%)
Train Epoch: 30 [0/6714 (0%)]	Loss: 0.000033
Train Epoch: 30 [250/6714 (4%)]	Loss: 0.000561
Train Epoch: 30 [500/6714 (7%)]	Loss: 0.001456
Train Epoch: 30 [750/6714 (11%)]	Loss: 0.000066
Train Epoch: 30 [1000/6714 (15%)]	Loss: 0.000835
Train Epoch: 30 [1250/6714 (19%)]	Loss: 0.000135
Train Epoch: 30 [1500/6714 (22%)]	Loss: 0.000486
Train Epoch: 30 [1750/6714 (26%)]	Loss: 0.000659
Train Epoch: 30 [2000/6714 (30%)]	Loss: 0.000179
Train Epoch: 30 [2250/6714 (33%)]	Loss: 0.000330
Train Epoch: 30 [2500/6714 (37%)]	Loss: 0.000067
Train Epoch: 30 [2750/6714 (41%)]	Loss: 0.000061
Train Epoch: 30 [3000/6714 (45%)]	Loss: 0.000021
Train Epoch: 30 [3250/6714 (48%)]	Loss: 0.000215
Train Epoch: 30 [3500/6714 (52%)]	Loss: 0.000084
Train Epoch: 30 [3750/6714 (56%)]	Loss: 0.000309
Train Epoch: 30 [4000/6714 (59%)]	Loss: 0.000561
Train Epoch: 30 [4250/6714 (63%)]	Loss: 0.000121
Train Epoch: 30 [4500/6714 (67%)]	Loss: 0.000121
Train Epoch: 30 [4750/6714 (71%)]	Loss: 0.000069
Train Epoch: 30 [5000/6714 (74%)]	Loss: 0.000175
Train Epoch: 30 [5250/6714 (78%)]	Loss: 0.000074
Train Epoch: 30 [5500/6714 (82%)]	Loss: 0.000056
Train Epoch: 30 [5750/6714 (86%)]	Loss: 0.000068
Train Epoch: 30 [6000/6714 (89%)]	Loss: 0.000131
Train Epoch: 30 [6250/6714 (93%)]	Loss: 0.000050
Train Epoch: 30 [6500/6714 (97%)]	Loss: 0.000092
Test set: Average loss: 7.2867, Accuracy: 355/1678 (21%)
Train Epoch: 31 [0/6714 (0%)]	Loss: 0.000121
Train Epoch: 31 [250/6714 (4%)]	Loss: 0.000290
Train Epoch: 31 [500/6714 (7%)]	Loss: 0.000511
Train Epoch: 31 [750/6714 (11%)]	Loss: 0.000098
Train Epoch: 31 [1000/6714 (15%)]	Loss: 0.021483
Train Epoch: 31 [1250/6714 (19%)]	Loss: 0.000949
Train Epoch: 31 [1500/6714 (22%)]	Loss: 0.000092
Train Epoch: 31 [1750/6714 (26%)]	Loss: 0.000027
Train Epoch: 31 [2000/6714 (30%)]	Loss: 0.000055
Train Epoch: 31 [2250/6714 (33%)]	Loss: 0.000042
Train Epoch: 31 [2500/6714 (37%)]	Loss: 0.005349
Train Epoch: 31 [2750/6714 (41%)]	Loss: 0.000177
Train Epoch: 31 [3000/6714 (45%)]	Loss: 0.000034
Train Epoch: 31 [3250/6714 (48%)]	Loss: 0.000147
Train Epoch: 31 [3500/6714 (52%)]	Loss: 0.001626
Train Epoch: 31 [3750/6714 (56%)]	Loss: 0.000145
Train Epoch: 31 [4000/6714 (59%)]	Loss: 0.000098
Train Epoch: 31 [4250/6714 (63%)]	Loss: 0.000174
Train Epoch: 31 [4500/6714 (67%)]	Loss: 0.000089
Train Epoch: 31 [4750/6714 (71%)]	Loss: 0.000091
Train Epoch: 31 [5000/6714 (74%)]	Loss: 0.000257
Train Epoch: 31 [5250/6714 (78%)]	Loss: 0.000377
Train Epoch: 31 [5500/6714 (82%)]	Loss: 0.000079
Train Epoch: 31 [5750/6714 (86%)]	Loss: 0.000087
Train Epoch: 31 [6000/6714 (89%)]	Loss: 0.000093
Train Epoch: 31 [6250/6714 (93%)]	Loss: 0.000567
Train Epoch: 31 [6500/6714 (97%)]	Loss: 0.000227
Test set: Average loss: 2.1267, Accuracy: 1128/1678 (67%)
Train Epoch: 32 [0/6714 (0%)]	Loss: 0.000021
Train Epoch: 32 [250/6714 (4%)]	Loss: 0.001058
Train Epoch: 32 [500/6714 (7%)]	Loss: 0.000035
Train Epoch: 32 [750/6714 (11%)]	Loss: 0.000164
Train Epoch: 32 [1000/6714 (15%)]	Loss: 0.000024
Train Epoch: 32 [1250/6714 (19%)]	Loss: 0.000023
Train Epoch: 32 [1500/6714 (22%)]	Loss: 0.000020
Train Epoch: 32 [1750/6714 (26%)]	Loss: 0.000191
Train Epoch: 32 [2000/6714 (30%)]	Loss: 0.000077
Train Epoch: 32 [2250/6714 (33%)]	Loss: 0.000086
Train Epoch: 32 [2500/6714 (37%)]	Loss: 0.000101
Train Epoch: 32 [2750/6714 (41%)]	Loss: 0.000184
Train Epoch: 32 [3000/6714 (45%)]	Loss: 0.000157
Train Epoch: 32 [3250/6714 (48%)]	Loss: 0.000032
Train Epoch: 32 [3500/6714 (52%)]	Loss: 0.000412
Train Epoch: 32 [3750/6714 (56%)]	Loss: 0.000063
Train Epoch: 32 [4000/6714 (59%)]	Loss: 0.006102
Train Epoch: 32 [4250/6714 (63%)]	Loss: 0.000183
Train Epoch: 32 [4500/6714 (67%)]	Loss: 0.000040
Train Epoch: 32 [4750/6714 (71%)]	Loss: 0.004912
Train Epoch: 32 [5000/6714 (74%)]	Loss: 0.000567
Train Epoch: 32 [5250/6714 (78%)]	Loss: 0.000045
Train Epoch: 32 [5500/6714 (82%)]	Loss: 0.000057
Train Epoch: 32 [5750/6714 (86%)]	Loss: 0.000475
Train Epoch: 32 [6000/6714 (89%)]	Loss: 0.000005
Train Epoch: 32 [6250/6714 (93%)]	Loss: 0.000005
Train Epoch: 32 [6500/6714 (97%)]	Loss: 0.000071
Test set: Average loss: 1.2510, Accuracy: 1309/1678 (78%)
Train Epoch: 33 [0/6714 (0%)]	Loss: 0.000043
Train Epoch: 33 [250/6714 (4%)]	Loss: 0.000605
Train Epoch: 33 [500/6714 (7%)]	Loss: 0.001273
Train Epoch: 33 [750/6714 (11%)]	Loss: 0.000099
Train Epoch: 33 [1000/6714 (15%)]	Loss: 0.000950
Train Epoch: 33 [1250/6714 (19%)]	Loss: 0.000039
Train Epoch: 33 [1500/6714 (22%)]	Loss: 0.000695
Train Epoch: 33 [1750/6714 (26%)]	Loss: 0.000068
Train Epoch: 33 [2000/6714 (30%)]	Loss: 0.001598
Train Epoch: 33 [2250/6714 (33%)]	Loss: 0.000019
Train Epoch: 33 [2500/6714 (37%)]	Loss: 0.000740
Train Epoch: 33 [2750/6714 (41%)]	Loss: 0.000074
Train Epoch: 33 [3000/6714 (45%)]	Loss: 0.000156
Train Epoch: 33 [3250/6714 (48%)]	Loss: 0.000116
Train Epoch: 33 [3500/6714 (52%)]	Loss: 0.000294
Train Epoch: 33 [3750/6714 (56%)]	Loss: 0.000012
Train Epoch: 33 [4000/6714 (59%)]	Loss: 0.000019
Train Epoch: 33 [4250/6714 (63%)]	Loss: 0.000073
Train Epoch: 33 [4500/6714 (67%)]	Loss: 0.000063
Train Epoch: 33 [4750/6714 (71%)]	Loss: 0.000671
Train Epoch: 33 [5000/6714 (74%)]	Loss: 0.000018
Train Epoch: 33 [5250/6714 (78%)]	Loss: 0.000190
Train Epoch: 33 [5500/6714 (82%)]	Loss: 0.000015
Train Epoch: 33 [5750/6714 (86%)]	Loss: 0.000016
Train Epoch: 33 [6000/6714 (89%)]	Loss: 0.000050
Train Epoch: 33 [6250/6714 (93%)]	Loss: 0.000019
Train Epoch: 33 [6500/6714 (97%)]	Loss: 0.000061
Test set: Average loss: 1.2321, Accuracy: 1333/1678 (79%)
Train Epoch: 34 [0/6714 (0%)]	Loss: 0.000040
Train Epoch: 34 [250/6714 (4%)]	Loss: 0.000052
Train Epoch: 34 [500/6714 (7%)]	Loss: 0.000022
Train Epoch: 34 [750/6714 (11%)]	Loss: 0.000020
Train Epoch: 34 [1000/6714 (15%)]	Loss: 0.000276
Train Epoch: 34 [1250/6714 (19%)]	Loss: 0.000217
Train Epoch: 34 [1500/6714 (22%)]	Loss: 0.000374
Train Epoch: 34 [1750/6714 (26%)]	Loss: 0.000046
Train Epoch: 34 [2000/6714 (30%)]	Loss: 0.000406
Train Epoch: 34 [2250/6714 (33%)]	Loss: 0.000014
Train Epoch: 34 [2500/6714 (37%)]	Loss: 0.000483
Train Epoch: 34 [2750/6714 (41%)]	Loss: 0.000029
Train Epoch: 34 [3000/6714 (45%)]	Loss: 0.000097
Train Epoch: 34 [3250/6714 (48%)]	Loss: 0.000018
Train Epoch: 34 [3500/6714 (52%)]	Loss: 0.000026
Train Epoch: 34 [3750/6714 (56%)]	Loss: 0.000615
Train Epoch: 34 [4000/6714 (59%)]	Loss: 0.000088
Train Epoch: 34 [4250/6714 (63%)]	Loss: 0.042119
Train Epoch: 34 [4500/6714 (67%)]	Loss: 0.000303
Train Epoch: 34 [4750/6714 (71%)]	Loss: 0.000025
Train Epoch: 34 [5000/6714 (74%)]	Loss: 0.000288
Train Epoch: 34 [5250/6714 (78%)]	Loss: 0.000129
Train Epoch: 34 [5500/6714 (82%)]	Loss: 0.000011
Train Epoch: 34 [5750/6714 (86%)]	Loss: 0.000038
Train Epoch: 34 [6000/6714 (89%)]	Loss: 0.000188
Train Epoch: 34 [6250/6714 (93%)]	Loss: 0.000029
Train Epoch: 34 [6500/6714 (97%)]	Loss: 0.000105
Test set: Average loss: 1.1914, Accuracy: 1328/1678 (79%)
Train Epoch: 35 [0/6714 (0%)]	Loss: 0.000021
Train Epoch: 35 [250/6714 (4%)]	Loss: 0.000067
Train Epoch: 35 [500/6714 (7%)]	Loss: 0.000227
Train Epoch: 35 [750/6714 (11%)]	Loss: 0.000022
Train Epoch: 35 [1000/6714 (15%)]	Loss: 0.000022
Train Epoch: 35 [1250/6714 (19%)]	Loss: 0.000045
Train Epoch: 35 [1500/6714 (22%)]	Loss: 0.000101
Train Epoch: 35 [1750/6714 (26%)]	Loss: 0.000047
Train Epoch: 35 [2000/6714 (30%)]	Loss: 0.000054
Train Epoch: 35 [2250/6714 (33%)]	Loss: 0.000202
Train Epoch: 35 [2500/6714 (37%)]	Loss: 0.000065
Train Epoch: 35 [2750/6714 (41%)]	Loss: 0.000014
Train Epoch: 35 [3000/6714 (45%)]	Loss: 0.000089
Train Epoch: 35 [3250/6714 (48%)]	Loss: 0.000046
Train Epoch: 35 [3500/6714 (52%)]	Loss: 0.000014
Train Epoch: 35 [3750/6714 (56%)]	Loss: 0.000696
Train Epoch: 35 [4000/6714 (59%)]	Loss: 0.000145
Train Epoch: 35 [4250/6714 (63%)]	Loss: 0.000053
Train Epoch: 35 [4500/6714 (67%)]	Loss: 0.000145
Train Epoch: 35 [4750/6714 (71%)]	Loss: 0.000098
Train Epoch: 35 [5000/6714 (74%)]	Loss: 0.000025
Train Epoch: 35 [5250/6714 (78%)]	Loss: 0.000051
Train Epoch: 35 [5500/6714 (82%)]	Loss: 0.000117
Train Epoch: 35 [5750/6714 (86%)]	Loss: 0.000142
Train Epoch: 35 [6000/6714 (89%)]	Loss: 0.000171
Train Epoch: 35 [6250/6714 (93%)]	Loss: 0.000138
Train Epoch: 35 [6500/6714 (97%)]	Loss: 0.000017
Test set: Average loss: 1.1958, Accuracy: 1338/1678 (79%)
Train Epoch: 36 [0/6714 (0%)]	Loss: 0.000202
Train Epoch: 36 [250/6714 (4%)]	Loss: 0.000545
Train Epoch: 36 [500/6714 (7%)]	Loss: 0.000011
Train Epoch: 36 [750/6714 (11%)]	Loss: 0.000038
Train Epoch: 36 [1000/6714 (15%)]	Loss: 0.000006
Train Epoch: 36 [1250/6714 (19%)]	Loss: 0.000075
Train Epoch: 36 [1500/6714 (22%)]	Loss: 0.000073
Train Epoch: 36 [1750/6714 (26%)]	Loss: 0.000022
Train Epoch: 36 [2000/6714 (30%)]	Loss: 0.000086
Train Epoch: 36 [2250/6714 (33%)]	Loss: 0.001408
Train Epoch: 36 [2500/6714 (37%)]	Loss: 0.000051
Train Epoch: 36 [2750/6714 (41%)]	Loss: 0.000483
Train Epoch: 36 [3000/6714 (45%)]	Loss: 0.001625
Train Epoch: 36 [3250/6714 (48%)]	Loss: 0.000066
Train Epoch: 36 [3500/6714 (52%)]	Loss: 0.000032
Train Epoch: 36 [3750/6714 (56%)]	Loss: 0.000008
Train Epoch: 36 [4000/6714 (59%)]	Loss: 0.000071
Train Epoch: 36 [4250/6714 (63%)]	Loss: 0.000125
Train Epoch: 36 [4500/6714 (67%)]	Loss: 0.000701
Train Epoch: 36 [4750/6714 (71%)]	Loss: 0.000087
Train Epoch: 36 [5000/6714 (74%)]	Loss: 0.000057
Train Epoch: 36 [5250/6714 (78%)]	Loss: 0.000717
Train Epoch: 36 [5500/6714 (82%)]	Loss: 0.000003
Train Epoch: 36 [5750/6714 (86%)]	Loss: 0.000024
Train Epoch: 36 [6000/6714 (89%)]	Loss: 0.000024
Train Epoch: 36 [6250/6714 (93%)]	Loss: 0.000046
Train Epoch: 36 [6500/6714 (97%)]	Loss: 0.000188
Test set: Average loss: 5.2267, Accuracy: 649/1678 (38%)
Train Epoch: 37 [0/6714 (0%)]	Loss: 0.000066
Train Epoch: 37 [250/6714 (4%)]	Loss: 0.000371
Train Epoch: 37 [500/6714 (7%)]	Loss: 0.000027
Train Epoch: 37 [750/6714 (11%)]	Loss: 0.000128
Train Epoch: 37 [1000/6714 (15%)]	Loss: 0.000181
Train Epoch: 37 [1250/6714 (19%)]	Loss: 0.000072
Train Epoch: 37 [1500/6714 (22%)]	Loss: 0.000092
Train Epoch: 37 [1750/6714 (26%)]	Loss: 0.000061
Train Epoch: 37 [2000/6714 (30%)]	Loss: 0.000024
Train Epoch: 37 [2250/6714 (33%)]	Loss: 0.000044
Train Epoch: 37 [2500/6714 (37%)]	Loss: 0.000174
Train Epoch: 37 [2750/6714 (41%)]	Loss: 0.000016
Train Epoch: 37 [3000/6714 (45%)]	Loss: 0.000034
Train Epoch: 37 [3250/6714 (48%)]	Loss: 0.000117
Train Epoch: 37 [3500/6714 (52%)]	Loss: 0.000074
Train Epoch: 37 [3750/6714 (56%)]	Loss: 0.000022
Train Epoch: 37 [4000/6714 (59%)]	Loss: 0.000045
Train Epoch: 37 [4250/6714 (63%)]	Loss: 0.000016
Train Epoch: 37 [4500/6714 (67%)]	Loss: 0.000037
Train Epoch: 37 [4750/6714 (71%)]	Loss: 0.000063
Train Epoch: 37 [5000/6714 (74%)]	Loss: 0.000042
Train Epoch: 37 [5250/6714 (78%)]	Loss: 0.000447
Train Epoch: 37 [5500/6714 (82%)]	Loss: 0.000010
Train Epoch: 37 [5750/6714 (86%)]	Loss: 0.000039
Train Epoch: 37 [6000/6714 (89%)]	Loss: 0.000128
Train Epoch: 37 [6250/6714 (93%)]	Loss: 0.000022
Train Epoch: 37 [6500/6714 (97%)]	Loss: 0.000178
Test set: Average loss: 1.3362, Accuracy: 1313/1678 (78%)
Train Epoch: 38 [0/6714 (0%)]	Loss: 0.000090
Train Epoch: 38 [250/6714 (4%)]	Loss: 0.000437
Train Epoch: 38 [500/6714 (7%)]	Loss: 0.000109
Train Epoch: 38 [750/6714 (11%)]	Loss: 0.000049
Train Epoch: 38 [1000/6714 (15%)]	Loss: 0.000022
Train Epoch: 38 [1250/6714 (19%)]	Loss: 0.000045
Train Epoch: 38 [1500/6714 (22%)]	Loss: 0.000613
Train Epoch: 38 [1750/6714 (26%)]	Loss: 0.000449
Train Epoch: 38 [2000/6714 (30%)]	Loss: 0.000015
Train Epoch: 38 [2250/6714 (33%)]	Loss: 0.000013
Train Epoch: 38 [2500/6714 (37%)]	Loss: 0.000012
Train Epoch: 38 [2750/6714 (41%)]	Loss: 0.000013
Train Epoch: 38 [3000/6714 (45%)]	Loss: 0.000016
Train Epoch: 38 [3250/6714 (48%)]	Loss: 0.000093
Train Epoch: 38 [3500/6714 (52%)]	Loss: 0.000021
Train Epoch: 38 [3750/6714 (56%)]	Loss: 0.000053
Train Epoch: 38 [4000/6714 (59%)]	Loss: 0.000107
Train Epoch: 38 [4250/6714 (63%)]	Loss: 0.000047
Train Epoch: 38 [4500/6714 (67%)]	Loss: 0.000028
Train Epoch: 38 [4750/6714 (71%)]	Loss: 0.000215
Train Epoch: 38 [5000/6714 (74%)]	Loss: 0.000025
Train Epoch: 38 [5250/6714 (78%)]	Loss: 0.000018
Train Epoch: 38 [5500/6714 (82%)]	Loss: 0.000048
Train Epoch: 38 [5750/6714 (86%)]	Loss: 0.000023
Train Epoch: 38 [6000/6714 (89%)]	Loss: 0.000014
Train Epoch: 38 [6250/6714 (93%)]	Loss: 0.000017
Train Epoch: 38 [6500/6714 (97%)]	Loss: 0.000026
Test set: Average loss: 1.2082, Accuracy: 1355/1678 (80%)
Train Epoch: 39 [0/6714 (0%)]	Loss: 0.000007
Train Epoch: 39 [250/6714 (4%)]	Loss: 0.000034
Train Epoch: 39 [500/6714 (7%)]	Loss: 0.000024
Train Epoch: 39 [750/6714 (11%)]	Loss: 0.000086
Train Epoch: 39 [1000/6714 (15%)]	Loss: 0.000078
Train Epoch: 39 [1250/6714 (19%)]	Loss: 0.000326
Train Epoch: 39 [1500/6714 (22%)]	Loss: 0.000029
Train Epoch: 39 [1750/6714 (26%)]	Loss: 0.000032
Train Epoch: 39 [2000/6714 (30%)]	Loss: 0.000016
Train Epoch: 39 [2250/6714 (33%)]	Loss: 0.000034
Train Epoch: 39 [2500/6714 (37%)]	Loss: 0.000125
Train Epoch: 39 [2750/6714 (41%)]	Loss: 0.003549
Train Epoch: 39 [3000/6714 (45%)]	Loss: 0.000122
Train Epoch: 39 [3250/6714 (48%)]	Loss: 0.000011
Train Epoch: 39 [3500/6714 (52%)]	Loss: 0.000237
Train Epoch: 39 [3750/6714 (56%)]	Loss: 0.000037
Train Epoch: 39 [4000/6714 (59%)]	Loss: 0.000151
Train Epoch: 39 [4250/6714 (63%)]	Loss: 0.000018
Train Epoch: 39 [4500/6714 (67%)]	Loss: 0.000156
Train Epoch: 39 [4750/6714 (71%)]	Loss: 0.000013
Train Epoch: 39 [5000/6714 (74%)]	Loss: 0.000062
Train Epoch: 39 [5250/6714 (78%)]	Loss: 0.000031
Train Epoch: 39 [5500/6714 (82%)]	Loss: 0.000477
Train Epoch: 39 [5750/6714 (86%)]	Loss: 0.000037
Train Epoch: 39 [6000/6714 (89%)]	Loss: 0.000018
Train Epoch: 39 [6250/6714 (93%)]	Loss: 0.000015
Train Epoch: 39 [6500/6714 (97%)]	Loss: 0.000065
Test set: Average loss: 1.2113, Accuracy: 1353/1678 (80%)
Train Epoch: 40 [0/6714 (0%)]	Loss: 0.000035
Train Epoch: 40 [250/6714 (4%)]	Loss: 0.000012
Train Epoch: 40 [500/6714 (7%)]	Loss: 0.000051
Train Epoch: 40 [750/6714 (11%)]	Loss: 0.000015
Train Epoch: 40 [1000/6714 (15%)]	Loss: 0.000026
Train Epoch: 40 [1250/6714 (19%)]	Loss: 0.000044
Train Epoch: 40 [1500/6714 (22%)]	Loss: 0.000125
Train Epoch: 40 [1750/6714 (26%)]	Loss: 0.000046
Train Epoch: 40 [2000/6714 (30%)]	Loss: 0.000008
Train Epoch: 40 [2250/6714 (33%)]	Loss: 0.000011
Train Epoch: 40 [2500/6714 (37%)]	Loss: 0.000015
Train Epoch: 40 [2750/6714 (41%)]	Loss: 0.000107
Train Epoch: 40 [3000/6714 (45%)]	Loss: 0.000015
Train Epoch: 40 [3250/6714 (48%)]	Loss: 0.000072
Train Epoch: 40 [3500/6714 (52%)]	Loss: 0.000199
Train Epoch: 40 [3750/6714 (56%)]	Loss: 0.000092
Train Epoch: 40 [4000/6714 (59%)]	Loss: 0.000112
Train Epoch: 40 [4250/6714 (63%)]	Loss: 0.000200
Train Epoch: 40 [4500/6714 (67%)]	Loss: 0.000004
Train Epoch: 40 [4750/6714 (71%)]	Loss: 0.000010
Train Epoch: 40 [5000/6714 (74%)]	Loss: 0.000082
Train Epoch: 40 [5250/6714 (78%)]	Loss: 0.001638
Train Epoch: 40 [5500/6714 (82%)]	Loss: 0.000098
Train Epoch: 40 [5750/6714 (86%)]	Loss: 0.000397
Train Epoch: 40 [6000/6714 (89%)]	Loss: 0.000046
Train Epoch: 40 [6250/6714 (93%)]	Loss: 0.000033
Train Epoch: 40 [6500/6714 (97%)]	Loss: 0.000018
Test set: Average loss: 1.1972, Accuracy: 1353/1678 (80%)
Train Epoch: 41 [0/6714 (0%)]	Loss: 0.000009
Train Epoch: 41 [250/6714 (4%)]	Loss: 0.000023
Train Epoch: 41 [500/6714 (7%)]	Loss: 0.000120
Train Epoch: 41 [750/6714 (11%)]	Loss: 0.000038
Train Epoch: 41 [1000/6714 (15%)]	Loss: 0.000187
Train Epoch: 41 [1250/6714 (19%)]	Loss: 0.000098
Train Epoch: 41 [1500/6714 (22%)]	Loss: 0.001010
Train Epoch: 41 [1750/6714 (26%)]	Loss: 0.001660
Train Epoch: 41 [2000/6714 (30%)]	Loss: 0.000066
Train Epoch: 41 [2250/6714 (33%)]	Loss: 0.000051
Train Epoch: 41 [2500/6714 (37%)]	Loss: 0.000188
Train Epoch: 41 [2750/6714 (41%)]	Loss: 0.000357
Train Epoch: 41 [3000/6714 (45%)]	Loss: 0.000346
Train Epoch: 41 [3250/6714 (48%)]	Loss: 0.000075
Train Epoch: 41 [3500/6714 (52%)]	Loss: 0.000402
Train Epoch: 41 [3750/6714 (56%)]	Loss: 0.001429
Train Epoch: 41 [4000/6714 (59%)]	Loss: 0.000023
Train Epoch: 41 [4250/6714 (63%)]	Loss: 0.000281
Train Epoch: 41 [4500/6714 (67%)]	Loss: 0.001901
Train Epoch: 41 [4750/6714 (71%)]	Loss: 0.000091
Train Epoch: 41 [5000/6714 (74%)]	Loss: 0.000372
Train Epoch: 41 [5250/6714 (78%)]	Loss: 0.000130
Train Epoch: 41 [5500/6714 (82%)]	Loss: 0.000047
Train Epoch: 41 [5750/6714 (86%)]	Loss: 0.001824
Train Epoch: 41 [6000/6714 (89%)]	Loss: 0.002324
Train Epoch: 41 [6250/6714 (93%)]	Loss: 0.000011
Train Epoch: 41 [6500/6714 (97%)]	Loss: 0.000006
Test set: Average loss: 6.0902, Accuracy: 355/1678 (21%)
Train Epoch: 42 [0/6714 (0%)]	Loss: 0.000085
Train Epoch: 42 [250/6714 (4%)]	Loss: 0.001699
Train Epoch: 42 [500/6714 (7%)]	Loss: 0.000071
Train Epoch: 42 [750/6714 (11%)]	Loss: 0.000101
Train Epoch: 42 [1000/6714 (15%)]	Loss: 0.000089
Train Epoch: 42 [1250/6714 (19%)]	Loss: 0.000086
Train Epoch: 42 [1500/6714 (22%)]	Loss: 0.000035
Train Epoch: 42 [1750/6714 (26%)]	Loss: 0.000024
Train Epoch: 42 [2000/6714 (30%)]	Loss: 0.000267
Train Epoch: 42 [2250/6714 (33%)]	Loss: 0.000204
Train Epoch: 42 [2500/6714 (37%)]	Loss: 0.000026
Train Epoch: 42 [2750/6714 (41%)]	Loss: 0.000020
Train Epoch: 42 [3000/6714 (45%)]	Loss: 0.000064
Train Epoch: 42 [3250/6714 (48%)]	Loss: 0.000534
Train Epoch: 42 [3500/6714 (52%)]	Loss: 0.001251
Train Epoch: 42 [3750/6714 (56%)]	Loss: 0.000094
Train Epoch: 42 [4000/6714 (59%)]	Loss: 0.000235
Train Epoch: 42 [4250/6714 (63%)]	Loss: 0.002326
Train Epoch: 42 [4500/6714 (67%)]	Loss: 0.003269
Train Epoch: 42 [4750/6714 (71%)]	Loss: 0.000066
Train Epoch: 42 [5000/6714 (74%)]	Loss: 0.000050
Train Epoch: 42 [5250/6714 (78%)]	Loss: 0.004572
Train Epoch: 42 [5500/6714 (82%)]	Loss: 0.000873
Train Epoch: 42 [5750/6714 (86%)]	Loss: 0.000176
Train Epoch: 42 [6000/6714 (89%)]	Loss: 0.000309
Train Epoch: 42 [6250/6714 (93%)]	Loss: 0.004896
Train Epoch: 42 [6500/6714 (97%)]	Loss: 0.001104
Test set: Average loss: 6.6592, Accuracy: 355/1678 (21%)
Train Epoch: 43 [0/6714 (0%)]	Loss: 0.000207
Train Epoch: 43 [250/6714 (4%)]	Loss: 0.000397
Train Epoch: 43 [500/6714 (7%)]	Loss: 0.000050
Train Epoch: 43 [750/6714 (11%)]	Loss: 0.001525
Train Epoch: 43 [1000/6714 (15%)]	Loss: 0.056214
Train Epoch: 43 [1250/6714 (19%)]	Loss: 0.012944
Train Epoch: 43 [1500/6714 (22%)]	Loss: 0.000641
Train Epoch: 43 [1750/6714 (26%)]	Loss: 0.001403
Train Epoch: 43 [2000/6714 (30%)]	Loss: 0.037010
Train Epoch: 43 [2250/6714 (33%)]	Loss: 0.064914
Train Epoch: 43 [2500/6714 (37%)]	Loss: 0.000241
Train Epoch: 43 [2750/6714 (41%)]	Loss: 0.000129
Train Epoch: 43 [3000/6714 (45%)]	Loss: 0.002619
Train Epoch: 43 [3250/6714 (48%)]	Loss: 0.024194
Train Epoch: 43 [3500/6714 (52%)]	Loss: 0.000373
Train Epoch: 43 [3750/6714 (56%)]	Loss: 0.008456
Train Epoch: 43 [4000/6714 (59%)]	Loss: 0.136900
Train Epoch: 43 [4250/6714 (63%)]	Loss: 0.000314
Train Epoch: 43 [4500/6714 (67%)]	Loss: 0.012322
Train Epoch: 43 [4750/6714 (71%)]	Loss: 0.030942
Train Epoch: 43 [5000/6714 (74%)]	Loss: 0.000331
Train Epoch: 43 [5250/6714 (78%)]	Loss: 0.001045
Train Epoch: 43 [5500/6714 (82%)]	Loss: 0.000647
Train Epoch: 43 [5750/6714 (86%)]	Loss: 0.090374
Train Epoch: 43 [6000/6714 (89%)]	Loss: 0.011493
Train Epoch: 43 [6250/6714 (93%)]	Loss: 0.017299
Train Epoch: 43 [6500/6714 (97%)]	Loss: 0.001125
Test set: Average loss: 4.6163, Accuracy: 447/1678 (26%)
Train Epoch: 44 [0/6714 (0%)]	Loss: 0.055335
Train Epoch: 44 [250/6714 (4%)]	Loss: 0.000235
Train Epoch: 44 [500/6714 (7%)]	Loss: 0.055021
Train Epoch: 44 [750/6714 (11%)]	Loss: 0.006829
Train Epoch: 44 [1000/6714 (15%)]	Loss: 0.000999
Train Epoch: 44 [1250/6714 (19%)]	Loss: 0.044148
Train Epoch: 44 [1500/6714 (22%)]	Loss: 0.023961
Train Epoch: 44 [1750/6714 (26%)]	Loss: 0.000411
Train Epoch: 44 [2000/6714 (30%)]	Loss: 0.000872
Train Epoch: 44 [2250/6714 (33%)]	Loss: 0.000057
Train Epoch: 44 [2500/6714 (37%)]	Loss: 0.000518
Train Epoch: 44 [2750/6714 (41%)]	Loss: 0.000174
Train Epoch: 44 [3000/6714 (45%)]	Loss: 0.003100
Train Epoch: 44 [3250/6714 (48%)]	Loss: 0.002071
Train Epoch: 44 [3500/6714 (52%)]	Loss: 0.000648
Train Epoch: 44 [3750/6714 (56%)]	Loss: 0.004369
Train Epoch: 44 [4000/6714 (59%)]	Loss: 0.000353
Train Epoch: 44 [4250/6714 (63%)]	Loss: 0.000176
Train Epoch: 44 [4500/6714 (67%)]	Loss: 0.001625
Train Epoch: 44 [4750/6714 (71%)]	Loss: 0.007635
Train Epoch: 44 [5000/6714 (74%)]	Loss: 0.000056
Train Epoch: 44 [5250/6714 (78%)]	Loss: 0.001654
Train Epoch: 44 [5500/6714 (82%)]	Loss: 0.008022
Train Epoch: 44 [5750/6714 (86%)]	Loss: 0.000482
Train Epoch: 44 [6000/6714 (89%)]	Loss: 0.002891
Train Epoch: 44 [6250/6714 (93%)]	Loss: 0.000074
Train Epoch: 44 [6500/6714 (97%)]	Loss: 0.000162
Test set: Average loss: 4.4170, Accuracy: 447/1678 (26%)
Train Epoch: 45 [0/6714 (0%)]	Loss: 0.000216
Train Epoch: 45 [250/6714 (4%)]	Loss: 0.000121
Train Epoch: 45 [500/6714 (7%)]	Loss: 0.009523
Train Epoch: 45 [750/6714 (11%)]	Loss: 0.000315
Train Epoch: 45 [1000/6714 (15%)]	Loss: 0.000283
Train Epoch: 45 [1250/6714 (19%)]	Loss: 0.000533
Train Epoch: 45 [1500/6714 (22%)]	Loss: 0.000924
Train Epoch: 45 [1750/6714 (26%)]	Loss: 0.000542
Train Epoch: 45 [2000/6714 (30%)]	Loss: 0.000928
Train Epoch: 45 [2250/6714 (33%)]	Loss: 0.000125
Train Epoch: 45 [2500/6714 (37%)]	Loss: 0.000350
Train Epoch: 45 [2750/6714 (41%)]	Loss: 0.000285
Train Epoch: 45 [3000/6714 (45%)]	Loss: 0.055465
Train Epoch: 45 [3250/6714 (48%)]	Loss: 0.001471
Train Epoch: 45 [3500/6714 (52%)]	Loss: 0.000718
Train Epoch: 45 [3750/6714 (56%)]	Loss: 0.004701
Train Epoch: 45 [4000/6714 (59%)]	Loss: 0.000127
Train Epoch: 45 [4250/6714 (63%)]	Loss: 0.000251
Train Epoch: 45 [4500/6714 (67%)]	Loss: 0.001749
Train Epoch: 45 [4750/6714 (71%)]	Loss: 0.002753
Train Epoch: 45 [5000/6714 (74%)]	Loss: 0.000703
Train Epoch: 45 [5250/6714 (78%)]	Loss: 0.001802
Train Epoch: 45 [5500/6714 (82%)]	Loss: 0.000118
Train Epoch: 45 [5750/6714 (86%)]	Loss: 0.000205
Train Epoch: 45 [6000/6714 (89%)]	Loss: 0.000258
Train Epoch: 45 [6250/6714 (93%)]	Loss: 0.000225
Train Epoch: 45 [6500/6714 (97%)]	Loss: 0.006266
Test set: Average loss: 5.4915, Accuracy: 355/1678 (21%)
Train Epoch: 46 [0/6714 (0%)]	Loss: 0.000316
Train Epoch: 46 [250/6714 (4%)]	Loss: 0.000488
Train Epoch: 46 [500/6714 (7%)]	Loss: 0.000114
Train Epoch: 46 [750/6714 (11%)]	Loss: 0.000116
Train Epoch: 46 [1000/6714 (15%)]	Loss: 0.000502
Train Epoch: 46 [1250/6714 (19%)]	Loss: 0.009928
Train Epoch: 46 [1500/6714 (22%)]	Loss: 0.000407
Train Epoch: 46 [1750/6714 (26%)]	Loss: 0.000210
Train Epoch: 46 [2000/6714 (30%)]	Loss: 0.000168
Train Epoch: 46 [2250/6714 (33%)]	Loss: 0.000124
Train Epoch: 46 [2500/6714 (37%)]	Loss: 0.000312
Train Epoch: 46 [2750/6714 (41%)]	Loss: 0.000444
Train Epoch: 46 [3000/6714 (45%)]	Loss: 0.000363
Train Epoch: 46 [3250/6714 (48%)]	Loss: 0.000202
Train Epoch: 46 [3500/6714 (52%)]	Loss: 0.003828
Train Epoch: 46 [3750/6714 (56%)]	Loss: 0.000926
Train Epoch: 46 [4000/6714 (59%)]	Loss: 0.007849
Train Epoch: 46 [4250/6714 (63%)]	Loss: 0.002078
Train Epoch: 46 [4500/6714 (67%)]	Loss: 0.004932
Train Epoch: 46 [4750/6714 (71%)]	Loss: 0.000636
Train Epoch: 46 [5000/6714 (74%)]	Loss: 0.010647
Train Epoch: 46 [5250/6714 (78%)]	Loss: 0.000431
Train Epoch: 46 [5500/6714 (82%)]	Loss: 0.000137
Train Epoch: 46 [5750/6714 (86%)]	Loss: 0.021018
Train Epoch: 46 [6000/6714 (89%)]	Loss: 0.000083
Train Epoch: 46 [6250/6714 (93%)]	Loss: 0.000366
Train Epoch: 46 [6500/6714 (97%)]	Loss: 0.000118
Test set: Average loss: 2.9970, Accuracy: 797/1678 (47%)
Train Epoch: 47 [0/6714 (0%)]	Loss: 0.000858
Train Epoch: 47 [250/6714 (4%)]	Loss: 0.000403
Train Epoch: 47 [500/6714 (7%)]	Loss: 0.046600
Train Epoch: 47 [750/6714 (11%)]	Loss: 0.000951
Train Epoch: 47 [1000/6714 (15%)]	Loss: 0.000296
Train Epoch: 47 [1250/6714 (19%)]	Loss: 0.005229
Train Epoch: 47 [1500/6714 (22%)]	Loss: 0.003878
Train Epoch: 47 [1750/6714 (26%)]	Loss: 0.002787
Train Epoch: 47 [2000/6714 (30%)]	Loss: 0.053267
Train Epoch: 47 [2250/6714 (33%)]	Loss: 0.121888
Train Epoch: 47 [2500/6714 (37%)]	Loss: 0.001600
Train Epoch: 47 [2750/6714 (41%)]	Loss: 0.000446
Train Epoch: 47 [3000/6714 (45%)]	Loss: 0.001394
Train Epoch: 47 [3250/6714 (48%)]	Loss: 0.000578
Train Epoch: 47 [3500/6714 (52%)]	Loss: 0.000789
Train Epoch: 47 [3750/6714 (56%)]	Loss: 0.000906
Train Epoch: 47 [4000/6714 (59%)]	Loss: 0.000783
Train Epoch: 47 [4250/6714 (63%)]	Loss: 0.124765
Train Epoch: 47 [4500/6714 (67%)]	Loss: 0.000417
Train Epoch: 47 [4750/6714 (71%)]	Loss: 0.000129
Train Epoch: 47 [5000/6714 (74%)]	Loss: 0.037525
Train Epoch: 47 [5250/6714 (78%)]	Loss: 0.022903
Train Epoch: 47 [5500/6714 (82%)]	Loss: 0.002038
Train Epoch: 47 [5750/6714 (86%)]	Loss: 0.107880
Train Epoch: 47 [6000/6714 (89%)]	Loss: 0.000146
Train Epoch: 47 [6250/6714 (93%)]	Loss: 0.000942
Train Epoch: 47 [6500/6714 (97%)]	Loss: 0.065983
Test set: Average loss: 3.0693, Accuracy: 355/1678 (21%)
Train Epoch: 48 [0/6714 (0%)]	Loss: 0.000931
Train Epoch: 48 [250/6714 (4%)]	Loss: 0.000941
Train Epoch: 48 [500/6714 (7%)]	Loss: 0.000975
Train Epoch: 48 [750/6714 (11%)]	Loss: 0.001067
Train Epoch: 48 [1000/6714 (15%)]	Loss: 0.001354
Train Epoch: 48 [1250/6714 (19%)]	Loss: 0.000469
Train Epoch: 48 [1500/6714 (22%)]	Loss: 0.100391
Train Epoch: 48 [1750/6714 (26%)]	Loss: 0.001884
Train Epoch: 48 [2000/6714 (30%)]	Loss: 0.000875
Train Epoch: 48 [2250/6714 (33%)]	Loss: 0.012705
Train Epoch: 48 [2500/6714 (37%)]	Loss: 0.001659
Train Epoch: 48 [2750/6714 (41%)]	Loss: 0.005016
Train Epoch: 48 [3000/6714 (45%)]	Loss: 0.000574
Train Epoch: 48 [3250/6714 (48%)]	Loss: 0.000460
Train Epoch: 48 [3500/6714 (52%)]	Loss: 0.000744
Train Epoch: 48 [3750/6714 (56%)]	Loss: 0.000917
Train Epoch: 48 [4000/6714 (59%)]	Loss: 0.005836
Train Epoch: 48 [4250/6714 (63%)]	Loss: 0.001778
Train Epoch: 48 [4500/6714 (67%)]	Loss: 0.000595
Train Epoch: 48 [4750/6714 (71%)]	Loss: 0.000220
Train Epoch: 48 [5000/6714 (74%)]	Loss: 0.012635
Train Epoch: 48 [5250/6714 (78%)]	Loss: 0.000365
Train Epoch: 48 [5500/6714 (82%)]	Loss: 0.003443
Train Epoch: 48 [5750/6714 (86%)]	Loss: 0.010883
Train Epoch: 48 [6000/6714 (89%)]	Loss: 0.000146
Train Epoch: 48 [6250/6714 (93%)]	Loss: 0.000428
Train Epoch: 48 [6500/6714 (97%)]	Loss: 0.000255
Test set: Average loss: 3.6845, Accuracy: 355/1678 (21%)
Train Epoch: 49 [0/6714 (0%)]	Loss: 0.052782
Train Epoch: 49 [250/6714 (4%)]	Loss: 0.000954
Train Epoch: 49 [500/6714 (7%)]	Loss: 0.009161
Train Epoch: 49 [750/6714 (11%)]	Loss: 0.018253
Train Epoch: 49 [1000/6714 (15%)]	Loss: 0.000100
Train Epoch: 49 [1250/6714 (19%)]	Loss: 0.000360
Train Epoch: 49 [1500/6714 (22%)]	Loss: 0.000158
Train Epoch: 49 [1750/6714 (26%)]	Loss: 0.004356
Train Epoch: 49 [2000/6714 (30%)]	Loss: 0.027108
Train Epoch: 49 [2250/6714 (33%)]	Loss: 0.000101
Train Epoch: 49 [2500/6714 (37%)]	Loss: 0.007897
Train Epoch: 49 [2750/6714 (41%)]	Loss: 0.032674
Train Epoch: 49 [3000/6714 (45%)]	Loss: 0.000168
Train Epoch: 49 [3250/6714 (48%)]	Loss: 0.000930
Train Epoch: 49 [3500/6714 (52%)]	Loss: 0.004422
Train Epoch: 49 [3750/6714 (56%)]	Loss: 0.000139
Train Epoch: 49 [4000/6714 (59%)]	Loss: 0.002375
Train Epoch: 49 [4250/6714 (63%)]	Loss: 0.006799
Train Epoch: 49 [4500/6714 (67%)]	Loss: 0.000705
Train Epoch: 49 [4750/6714 (71%)]	Loss: 0.003896
Train Epoch: 49 [5000/6714 (74%)]	Loss: 0.001785
Train Epoch: 49 [5250/6714 (78%)]	Loss: 0.167719
Train Epoch: 49 [5500/6714 (82%)]	Loss: 0.001726
Train Epoch: 49 [5750/6714 (86%)]	Loss: 0.015223
Train Epoch: 49 [6000/6714 (89%)]	Loss: 0.000520
Train Epoch: 49 [6250/6714 (93%)]	Loss: 0.000964
Train Epoch: 49 [6500/6714 (97%)]	Loss: 0.000976
Test set: Average loss: 3.7251, Accuracy: 355/1678 (21%)
Train Epoch: 50 [0/6714 (0%)]	Loss: 0.023528
Train Epoch: 50 [250/6714 (4%)]	Loss: 0.001280
Train Epoch: 50 [500/6714 (7%)]	Loss: 0.003876
Train Epoch: 50 [750/6714 (11%)]	Loss: 0.001339
Train Epoch: 50 [1000/6714 (15%)]	Loss: 0.003437
Train Epoch: 50 [1250/6714 (19%)]	Loss: 0.439240
Train Epoch: 50 [1500/6714 (22%)]	Loss: 0.000373
Train Epoch: 50 [1750/6714 (26%)]	Loss: 0.000112
Train Epoch: 50 [2000/6714 (30%)]	Loss: 0.000342
Train Epoch: 50 [2250/6714 (33%)]	Loss: 0.002825
Train Epoch: 50 [2500/6714 (37%)]	Loss: 0.049976
Train Epoch: 50 [2750/6714 (41%)]	Loss: 0.019054
Train Epoch: 50 [3000/6714 (45%)]	Loss: 0.017389
Train Epoch: 50 [3250/6714 (48%)]	Loss: 0.004015
Train Epoch: 50 [3500/6714 (52%)]	Loss: 0.017928
Train Epoch: 50 [3750/6714 (56%)]	Loss: 0.000129
Train Epoch: 50 [4000/6714 (59%)]	Loss: 0.000128
Train Epoch: 50 [4250/6714 (63%)]	Loss: 0.000755
Train Epoch: 50 [4500/6714 (67%)]	Loss: 0.007925
Train Epoch: 50 [4750/6714 (71%)]	Loss: 0.000376
Train Epoch: 50 [5000/6714 (74%)]	Loss: 0.064262
Train Epoch: 50 [5250/6714 (78%)]	Loss: 0.005952
Train Epoch: 50 [5500/6714 (82%)]	Loss: 0.000223
Train Epoch: 50 [5750/6714 (86%)]	Loss: 0.002794
Train Epoch: 50 [6000/6714 (89%)]	Loss: 0.000749
Train Epoch: 50 [6250/6714 (93%)]	Loss: 0.009026
Train Epoch: 50 [6500/6714 (97%)]	Loss: 0.005329
Test set: Average loss: 6.5253, Accuracy: 355/1678 (21%)
Train Epoch: 51 [0/6714 (0%)]	Loss: 0.001218
Train Epoch: 51 [250/6714 (4%)]	Loss: 0.018878
Train Epoch: 51 [500/6714 (7%)]	Loss: 0.000909
Train Epoch: 51 [750/6714 (11%)]	Loss: 0.002962
Train Epoch: 51 [1000/6714 (15%)]	Loss: 0.002036
Train Epoch: 51 [1250/6714 (19%)]	Loss: 0.031352
Train Epoch: 51 [1500/6714 (22%)]	Loss: 0.014551
Train Epoch: 51 [1750/6714 (26%)]	Loss: 0.019245
Train Epoch: 51 [2000/6714 (30%)]	Loss: 0.000554
Train Epoch: 51 [2250/6714 (33%)]	Loss: 0.000842
Train Epoch: 51 [2500/6714 (37%)]	Loss: 0.000402
Train Epoch: 51 [2750/6714 (41%)]	Loss: 0.000502
Train Epoch: 51 [3000/6714 (45%)]	Loss: 0.000682
Train Epoch: 51 [3250/6714 (48%)]	Loss: 0.004943
Train Epoch: 51 [3500/6714 (52%)]	Loss: 0.015291
Train Epoch: 51 [3750/6714 (56%)]	Loss: 0.009540
Train Epoch: 51 [4000/6714 (59%)]	Loss: 0.003246
Train Epoch: 51 [4250/6714 (63%)]	Loss: 0.000546
Train Epoch: 51 [4500/6714 (67%)]	Loss: 0.000369
Train Epoch: 51 [4750/6714 (71%)]	Loss: 0.032604
Train Epoch: 51 [5000/6714 (74%)]	Loss: 0.002889
Train Epoch: 51 [5250/6714 (78%)]	Loss: 0.000899
Train Epoch: 51 [5500/6714 (82%)]	Loss: 0.001107
Train Epoch: 51 [5750/6714 (86%)]	Loss: 0.027303
Train Epoch: 51 [6000/6714 (89%)]	Loss: 0.004703
Train Epoch: 51 [6250/6714 (93%)]	Loss: 0.000269
Train Epoch: 51 [6500/6714 (97%)]	Loss: 0.000516
Test set: Average loss: 5.8454, Accuracy: 407/1678 (24%)
Train Epoch: 52 [0/6714 (0%)]	Loss: 0.001873
Train Epoch: 52 [250/6714 (4%)]	Loss: 0.001449
Train Epoch: 52 [500/6714 (7%)]	Loss: 0.012214
Train Epoch: 52 [750/6714 (11%)]	Loss: 0.000523
Train Epoch: 52 [1000/6714 (15%)]	Loss: 0.002885
Train Epoch: 52 [1250/6714 (19%)]	Loss: 0.005199
Train Epoch: 52 [1500/6714 (22%)]	Loss: 0.000840
Train Epoch: 52 [1750/6714 (26%)]	Loss: 0.040343
Train Epoch: 52 [2000/6714 (30%)]	Loss: 0.000162
Train Epoch: 52 [2250/6714 (33%)]	Loss: 0.000306
Train Epoch: 52 [2500/6714 (37%)]	Loss: 0.000176
Train Epoch: 52 [2750/6714 (41%)]	Loss: 0.001111
Train Epoch: 52 [3000/6714 (45%)]	Loss: 0.000483
Train Epoch: 52 [3250/6714 (48%)]	Loss: 0.000801
Train Epoch: 52 [3500/6714 (52%)]	Loss: 0.001429
Train Epoch: 52 [3750/6714 (56%)]	Loss: 0.006844
Train Epoch: 52 [4000/6714 (59%)]	Loss: 0.000140
Train Epoch: 52 [4250/6714 (63%)]	Loss: 0.030347
Train Epoch: 52 [4500/6714 (67%)]	Loss: 0.000253
Train Epoch: 52 [4750/6714 (71%)]	Loss: 0.000950
Train Epoch: 52 [5000/6714 (74%)]	Loss: 0.000726
Train Epoch: 52 [5250/6714 (78%)]	Loss: 0.048022
Train Epoch: 52 [5500/6714 (82%)]	Loss: 0.197982
Train Epoch: 52 [5750/6714 (86%)]	Loss: 0.000389
Train Epoch: 52 [6000/6714 (89%)]	Loss: 0.000640
Train Epoch: 52 [6250/6714 (93%)]	Loss: 0.004049
Train Epoch: 52 [6500/6714 (97%)]	Loss: 0.000361
Test set: Average loss: 5.5193, Accuracy: 355/1678 (21%)
Train Epoch: 53 [0/6714 (0%)]	Loss: 0.011119
Train Epoch: 53 [250/6714 (4%)]	Loss: 0.016338
Train Epoch: 53 [500/6714 (7%)]	Loss: 0.108971
Train Epoch: 53 [750/6714 (11%)]	Loss: 0.002031
Train Epoch: 53 [1000/6714 (15%)]	Loss: 0.000652
Train Epoch: 53 [1250/6714 (19%)]	Loss: 0.000432
Train Epoch: 53 [1500/6714 (22%)]	Loss: 0.217181
Train Epoch: 53 [1750/6714 (26%)]	Loss: 0.000242
Train Epoch: 53 [2000/6714 (30%)]	Loss: 0.000327
Train Epoch: 53 [2250/6714 (33%)]	Loss: 0.000211
Train Epoch: 53 [2500/6714 (37%)]	Loss: 0.001880
Train Epoch: 53 [2750/6714 (41%)]	Loss: 0.000706
Train Epoch: 53 [3000/6714 (45%)]	Loss: 0.002693
Train Epoch: 53 [3250/6714 (48%)]	Loss: 0.000349
Train Epoch: 53 [3500/6714 (52%)]	Loss: 0.002770
Train Epoch: 53 [3750/6714 (56%)]	Loss: 0.049076
Train Epoch: 53 [4000/6714 (59%)]	Loss: 0.000270
Train Epoch: 53 [4250/6714 (63%)]	Loss: 0.000437
Train Epoch: 53 [4500/6714 (67%)]	Loss: 0.000099
Train Epoch: 53 [4750/6714 (71%)]	Loss: 0.001247
Train Epoch: 53 [5000/6714 (74%)]	Loss: 0.002276
Train Epoch: 53 [5250/6714 (78%)]	Loss: 0.019531
Train Epoch: 53 [5500/6714 (82%)]	Loss: 0.012339
Train Epoch: 53 [5750/6714 (86%)]	Loss: 0.005232
Train Epoch: 53 [6000/6714 (89%)]	Loss: 0.000312
Train Epoch: 53 [6250/6714 (93%)]	Loss: 0.005017
Train Epoch: 53 [6500/6714 (97%)]	Loss: 0.000481
Test set: Average loss: 4.4764, Accuracy: 355/1678 (21%)
Train Epoch: 54 [0/6714 (0%)]	Loss: 0.000884
Train Epoch: 54 [250/6714 (4%)]	Loss: 0.067803
Train Epoch: 54 [500/6714 (7%)]	Loss: 0.000088
Train Epoch: 54 [750/6714 (11%)]	Loss: 0.000095
Train Epoch: 54 [1000/6714 (15%)]	Loss: 0.002124
Train Epoch: 54 [1250/6714 (19%)]	Loss: 0.000253
Train Epoch: 54 [1500/6714 (22%)]	Loss: 0.000466
Train Epoch: 54 [1750/6714 (26%)]	Loss: 0.000633
Train Epoch: 54 [2000/6714 (30%)]	Loss: 0.003066
Train Epoch: 54 [2250/6714 (33%)]	Loss: 0.000191
Train Epoch: 54 [2500/6714 (37%)]	Loss: 0.000145
Train Epoch: 54 [2750/6714 (41%)]	Loss: 0.012711
Train Epoch: 54 [3000/6714 (45%)]	Loss: 0.000156
Train Epoch: 54 [3250/6714 (48%)]	Loss: 0.029103
Train Epoch: 54 [3500/6714 (52%)]	Loss: 0.058441
Train Epoch: 54 [3750/6714 (56%)]	Loss: 0.000465
Train Epoch: 54 [4000/6714 (59%)]	Loss: 0.000492
Train Epoch: 54 [4250/6714 (63%)]	Loss: 0.001057
Train Epoch: 54 [4500/6714 (67%)]	Loss: 0.055008
Train Epoch: 54 [4750/6714 (71%)]	Loss: 0.000849
Train Epoch: 54 [5000/6714 (74%)]	Loss: 0.000099
Train Epoch: 54 [5250/6714 (78%)]	Loss: 0.010895
Train Epoch: 54 [5500/6714 (82%)]	Loss: 0.005014
Train Epoch: 54 [5750/6714 (86%)]	Loss: 0.020512
Train Epoch: 54 [6000/6714 (89%)]	Loss: 0.006965
Train Epoch: 54 [6250/6714 (93%)]	Loss: 0.000253
Train Epoch: 54 [6500/6714 (97%)]	Loss: 0.050653
Test set: Average loss: 3.5343, Accuracy: 355/1678 (21%)
Train Epoch: 55 [0/6714 (0%)]	Loss: 0.007533
Train Epoch: 55 [250/6714 (4%)]	Loss: 0.000304
Train Epoch: 55 [500/6714 (7%)]	Loss: 0.003883
Train Epoch: 55 [750/6714 (11%)]	Loss: 0.132568
Train Epoch: 55 [1000/6714 (15%)]	Loss: 0.011423
Train Epoch: 55 [1250/6714 (19%)]	Loss: 0.000329
Train Epoch: 55 [1500/6714 (22%)]	Loss: 0.000326
Train Epoch: 55 [1750/6714 (26%)]	Loss: 0.002375
Train Epoch: 55 [2000/6714 (30%)]	Loss: 0.004453
Train Epoch: 55 [2250/6714 (33%)]	Loss: 0.001179
Train Epoch: 55 [2500/6714 (37%)]	Loss: 0.000629
Train Epoch: 55 [2750/6714 (41%)]	Loss: 0.004743
Train Epoch: 55 [3000/6714 (45%)]	Loss: 0.004183
Train Epoch: 55 [3250/6714 (48%)]	Loss: 0.001047
Train Epoch: 55 [3500/6714 (52%)]	Loss: 0.021530
Train Epoch: 55 [3750/6714 (56%)]	Loss: 0.002730
Train Epoch: 55 [4000/6714 (59%)]	Loss: 0.000390
Train Epoch: 55 [4250/6714 (63%)]	Loss: 0.000816
Train Epoch: 55 [4500/6714 (67%)]	Loss: 0.061179
Train Epoch: 55 [4750/6714 (71%)]	Loss: 0.026646
Train Epoch: 55 [5000/6714 (74%)]	Loss: 0.060175
Train Epoch: 55 [5250/6714 (78%)]	Loss: 0.155169
Train Epoch: 55 [5500/6714 (82%)]	Loss: 0.000898
Train Epoch: 55 [5750/6714 (86%)]	Loss: 0.002842
Train Epoch: 55 [6000/6714 (89%)]	Loss: 0.065754
Train Epoch: 55 [6250/6714 (93%)]	Loss: 0.001772
Train Epoch: 55 [6500/6714 (97%)]	Loss: 0.000448
Test set: Average loss: 4.7516, Accuracy: 435/1678 (25%)
Train Epoch: 56 [0/6714 (0%)]	Loss: 0.000188
Train Epoch: 56 [250/6714 (4%)]	Loss: 0.000521
Train Epoch: 56 [500/6714 (7%)]	Loss: 0.000174
Train Epoch: 56 [750/6714 (11%)]	Loss: 0.002952
Train Epoch: 56 [1000/6714 (15%)]	Loss: 0.000333
Train Epoch: 56 [1250/6714 (19%)]	Loss: 0.017778
Train Epoch: 56 [1500/6714 (22%)]	Loss: 0.000619
Train Epoch: 56 [1750/6714 (26%)]	Loss: 0.009360
Train Epoch: 56 [2000/6714 (30%)]	Loss: 0.001037
Train Epoch: 56 [2250/6714 (33%)]	Loss: 0.000904
Train Epoch: 56 [2500/6714 (37%)]	Loss: 0.002688
Train Epoch: 56 [2750/6714 (41%)]	Loss: 0.025894
Train Epoch: 56 [3000/6714 (45%)]	Loss: 0.007203
Train Epoch: 56 [3250/6714 (48%)]	Loss: 0.001790
Train Epoch: 56 [3500/6714 (52%)]	Loss: 0.006304
Train Epoch: 56 [3750/6714 (56%)]	Loss: 0.000028
Train Epoch: 56 [4000/6714 (59%)]	Loss: 0.000067
Train Epoch: 56 [4250/6714 (63%)]	Loss: 0.000674
Train Epoch: 56 [4500/6714 (67%)]	Loss: 0.000108
Train Epoch: 56 [4750/6714 (71%)]	Loss: 0.000245
Train Epoch: 56 [5000/6714 (74%)]	Loss: 0.000325
Train Epoch: 56 [5250/6714 (78%)]	Loss: 0.001406
Train Epoch: 56 [5500/6714 (82%)]	Loss: 0.003652
Train Epoch: 56 [5750/6714 (86%)]	Loss: 0.000177
Train Epoch: 56 [6000/6714 (89%)]	Loss: 0.016637
Train Epoch: 56 [6250/6714 (93%)]	Loss: 0.000031
Train Epoch: 56 [6500/6714 (97%)]	Loss: 0.002112
Test set: Average loss: 3.1282, Accuracy: 948/1678 (56%)
Train Epoch: 57 [0/6714 (0%)]	Loss: 0.000117
Train Epoch: 57 [250/6714 (4%)]	Loss: 0.000110
Train Epoch: 57 [500/6714 (7%)]	Loss: 0.000187
Train Epoch: 57 [750/6714 (11%)]	Loss: 0.000305
Train Epoch: 57 [1000/6714 (15%)]	Loss: 0.000099
Train Epoch: 57 [1250/6714 (19%)]	Loss: 0.000037
Train Epoch: 57 [1500/6714 (22%)]	Loss: 0.001581
Train Epoch: 57 [1750/6714 (26%)]	Loss: 0.000951
Train Epoch: 57 [2000/6714 (30%)]	Loss: 0.000721
Train Epoch: 57 [2250/6714 (33%)]	Loss: 0.000036
Train Epoch: 57 [2500/6714 (37%)]	Loss: 0.000587
Train Epoch: 57 [2750/6714 (41%)]	Loss: 0.003740
Train Epoch: 57 [3000/6714 (45%)]	Loss: 0.000142
Train Epoch: 57 [3250/6714 (48%)]	Loss: 0.000095
Train Epoch: 57 [3500/6714 (52%)]	Loss: 0.011464
Train Epoch: 57 [3750/6714 (56%)]	Loss: 0.003054
Train Epoch: 57 [4000/6714 (59%)]	Loss: 0.000042
Train Epoch: 57 [4250/6714 (63%)]	Loss: 0.002404
Train Epoch: 57 [4500/6714 (67%)]	Loss: 0.000822
Train Epoch: 57 [4750/6714 (71%)]	Loss: 0.003689
Train Epoch: 57 [5000/6714 (74%)]	Loss: 0.000181
Train Epoch: 57 [5250/6714 (78%)]	Loss: 0.001548
Train Epoch: 57 [5500/6714 (82%)]	Loss: 0.002841
Train Epoch: 57 [5750/6714 (86%)]	Loss: 0.003025
Train Epoch: 57 [6000/6714 (89%)]	Loss: 0.001829
Train Epoch: 57 [6250/6714 (93%)]	Loss: 0.000193
Train Epoch: 57 [6500/6714 (97%)]	Loss: 0.002322
Test set: Average loss: 1.5728, Accuracy: 1221/1678 (72%)
Train Epoch: 58 [0/6714 (0%)]	Loss: 0.003145
Train Epoch: 58 [250/6714 (4%)]	Loss: 0.000029
Train Epoch: 58 [500/6714 (7%)]	Loss: 0.000138
Train Epoch: 58 [750/6714 (11%)]	Loss: 0.000277
Train Epoch: 58 [1000/6714 (15%)]	Loss: 0.000986
Train Epoch: 58 [1250/6714 (19%)]	Loss: 0.000125
Train Epoch: 58 [1500/6714 (22%)]	Loss: 0.000069
Train Epoch: 58 [1750/6714 (26%)]	Loss: 0.000022
Train Epoch: 58 [2000/6714 (30%)]	Loss: 0.000017
Train Epoch: 58 [2250/6714 (33%)]	Loss: 0.001951
Train Epoch: 58 [2500/6714 (37%)]	Loss: 0.000033
Train Epoch: 58 [2750/6714 (41%)]	Loss: 0.000552
Train Epoch: 58 [3000/6714 (45%)]	Loss: 0.001041
Train Epoch: 58 [3250/6714 (48%)]	Loss: 0.000182
Train Epoch: 58 [3500/6714 (52%)]	Loss: 0.000138
Train Epoch: 58 [3750/6714 (56%)]	Loss: 0.000047
Train Epoch: 58 [4000/6714 (59%)]	Loss: 0.000023
Train Epoch: 58 [4250/6714 (63%)]	Loss: 0.000029
Train Epoch: 58 [4500/6714 (67%)]	Loss: 0.002138
Train Epoch: 58 [4750/6714 (71%)]	Loss: 0.000084
Train Epoch: 58 [5000/6714 (74%)]	Loss: 0.000272
Train Epoch: 58 [5250/6714 (78%)]	Loss: 0.000832
Train Epoch: 58 [5500/6714 (82%)]	Loss: 0.000048
Train Epoch: 58 [5750/6714 (86%)]	Loss: 0.003723
Train Epoch: 58 [6000/6714 (89%)]	Loss: 0.000796
Train Epoch: 58 [6250/6714 (93%)]	Loss: 0.000058
Train Epoch: 58 [6500/6714 (97%)]	Loss: 0.000740
Test set: Average loss: 4.1872, Accuracy: 771/1678 (45%)
Train Epoch: 59 [0/6714 (0%)]	Loss: 0.000042
Train Epoch: 59 [250/6714 (4%)]	Loss: 0.000343
Train Epoch: 59 [500/6714 (7%)]	Loss: 0.009381
Train Epoch: 59 [750/6714 (11%)]	Loss: 0.000081
Train Epoch: 59 [1000/6714 (15%)]	Loss: 0.000060
Train Epoch: 59 [1250/6714 (19%)]	Loss: 0.004071
Train Epoch: 59 [1500/6714 (22%)]	Loss: 0.000164
Train Epoch: 59 [1750/6714 (26%)]	Loss: 0.000032
Train Epoch: 59 [2000/6714 (30%)]	Loss: 0.000024
Train Epoch: 59 [2250/6714 (33%)]	Loss: 0.000025
Train Epoch: 59 [2500/6714 (37%)]	Loss: 0.000059
Train Epoch: 59 [2750/6714 (41%)]	Loss: 0.000124
Train Epoch: 59 [3000/6714 (45%)]	Loss: 0.001246
Train Epoch: 59 [3250/6714 (48%)]	Loss: 0.000117
Train Epoch: 59 [3500/6714 (52%)]	Loss: 0.000079
Train Epoch: 59 [3750/6714 (56%)]	Loss: 0.000056
Train Epoch: 59 [4000/6714 (59%)]	Loss: 0.000191
Train Epoch: 59 [4250/6714 (63%)]	Loss: 0.000046
Train Epoch: 59 [4500/6714 (67%)]	Loss: 0.000536
Train Epoch: 59 [4750/6714 (71%)]	Loss: 0.000429
Train Epoch: 59 [5000/6714 (74%)]	Loss: 0.000060
Train Epoch: 59 [5250/6714 (78%)]	Loss: 0.000086
Train Epoch: 59 [5500/6714 (82%)]	Loss: 0.000073
Train Epoch: 59 [5750/6714 (86%)]	Loss: 0.000092
Train Epoch: 59 [6000/6714 (89%)]	Loss: 0.001444
Train Epoch: 59 [6250/6714 (93%)]	Loss: 0.000454
Train Epoch: 59 [6500/6714 (97%)]	Loss: 0.000201
Test set: Average loss: 1.4427, Accuracy: 1281/1678 (76%)
Train Epoch: 60 [0/6714 (0%)]	Loss: 0.000757
Train Epoch: 60 [250/6714 (4%)]	Loss: 0.000114
Train Epoch: 60 [500/6714 (7%)]	Loss: 0.000031
Train Epoch: 60 [750/6714 (11%)]	Loss: 0.000238
Train Epoch: 60 [1000/6714 (15%)]	Loss: 0.000221
Train Epoch: 60 [1250/6714 (19%)]	Loss: 0.000020
Train Epoch: 60 [1500/6714 (22%)]	Loss: 0.000267
Train Epoch: 60 [1750/6714 (26%)]	Loss: 0.000228
Train Epoch: 60 [2000/6714 (30%)]	Loss: 0.000118
Train Epoch: 60 [2250/6714 (33%)]	Loss: 0.000551
Train Epoch: 60 [2500/6714 (37%)]	Loss: 0.000174
Train Epoch: 60 [2750/6714 (41%)]	Loss: 0.000012
Train Epoch: 60 [3000/6714 (45%)]	Loss: 0.001422
Train Epoch: 60 [3250/6714 (48%)]	Loss: 0.000098
Train Epoch: 60 [3500/6714 (52%)]	Loss: 0.000126
Train Epoch: 60 [3750/6714 (56%)]	Loss: 0.000148
Train Epoch: 60 [4000/6714 (59%)]	Loss: 0.000069
Train Epoch: 60 [4250/6714 (63%)]	Loss: 0.000069
Train Epoch: 60 [4500/6714 (67%)]	Loss: 0.000025
Train Epoch: 60 [4750/6714 (71%)]	Loss: 0.000484
Train Epoch: 60 [5000/6714 (74%)]	Loss: 0.000093
Train Epoch: 60 [5250/6714 (78%)]	Loss: 0.000032
Train Epoch: 60 [5500/6714 (82%)]	Loss: 0.000012
Train Epoch: 60 [5750/6714 (86%)]	Loss: 0.002521
Train Epoch: 60 [6000/6714 (89%)]	Loss: 0.000026
Train Epoch: 60 [6250/6714 (93%)]	Loss: 0.000434
Train Epoch: 60 [6500/6714 (97%)]	Loss: 0.000143
Test set: Average loss: 2.4248, Accuracy: 953/1678 (56%)
