getting datasets
finished
trainning lapel_design_labels:
Train Epoch: 1 [0/5627 (0%)]	Loss: 1.618807
Train Epoch: 1 [250/5627 (4%)]	Loss: 1.709720
Train Epoch: 1 [500/5627 (9%)]	Loss: 1.903669
Train Epoch: 1 [750/5627 (13%)]	Loss: 1.860789
Train Epoch: 1 [1000/5627 (18%)]	Loss: 1.800054
Train Epoch: 1 [1250/5627 (22%)]	Loss: 1.596991
Train Epoch: 1 [1500/5627 (27%)]	Loss: 2.155936
Train Epoch: 1 [1750/5627 (31%)]	Loss: 2.348577
Train Epoch: 1 [2000/5627 (35%)]	Loss: 1.291493
Train Epoch: 1 [2250/5627 (40%)]	Loss: 1.295117
Train Epoch: 1 [2500/5627 (44%)]	Loss: 1.531707
Train Epoch: 1 [2750/5627 (49%)]	Loss: 1.202294
Train Epoch: 1 [3000/5627 (53%)]	Loss: 1.327550
Train Epoch: 1 [3250/5627 (58%)]	Loss: 0.837376
Train Epoch: 1 [3500/5627 (62%)]	Loss: 0.919221
Train Epoch: 1 [3750/5627 (66%)]	Loss: 0.932210
Train Epoch: 1 [4000/5627 (71%)]	Loss: 0.924978
Train Epoch: 1 [4250/5627 (75%)]	Loss: 1.266553
Train Epoch: 1 [4500/5627 (80%)]	Loss: 1.198024
Train Epoch: 1 [4750/5627 (84%)]	Loss: 1.134940
Train Epoch: 1 [5000/5627 (88%)]	Loss: 0.814911
Train Epoch: 1 [5250/5627 (93%)]	Loss: 1.073848
Train Epoch: 1 [5500/5627 (97%)]	Loss: 0.873015
Test set: Average loss: 398.4829, Accuracy: 326/1406 (23%)
Train Epoch: 2 [0/5627 (0%)]	Loss: 1.852719
Train Epoch: 2 [250/5627 (4%)]	Loss: 1.281098
Train Epoch: 2 [500/5627 (9%)]	Loss: 1.127341
Train Epoch: 2 [750/5627 (13%)]	Loss: 1.101356
Train Epoch: 2 [1000/5627 (18%)]	Loss: 0.605369
Train Epoch: 2 [1250/5627 (22%)]	Loss: 0.930033
Train Epoch: 2 [1500/5627 (27%)]	Loss: 0.840545
Train Epoch: 2 [1750/5627 (31%)]	Loss: 0.827079
Train Epoch: 2 [2000/5627 (35%)]	Loss: 0.692839
Train Epoch: 2 [2250/5627 (40%)]	Loss: 0.916962
Train Epoch: 2 [2500/5627 (44%)]	Loss: 1.337365
Train Epoch: 2 [2750/5627 (49%)]	Loss: 0.685651
Train Epoch: 2 [3000/5627 (53%)]	Loss: 0.848286
Train Epoch: 2 [3250/5627 (58%)]	Loss: 0.933412
Train Epoch: 2 [3500/5627 (62%)]	Loss: 1.274658
Train Epoch: 2 [3750/5627 (66%)]	Loss: 0.505853
Train Epoch: 2 [4000/5627 (71%)]	Loss: 0.732449
Train Epoch: 2 [4250/5627 (75%)]	Loss: 0.675285
Train Epoch: 2 [4500/5627 (80%)]	Loss: 0.738907
Train Epoch: 2 [4750/5627 (84%)]	Loss: 1.056145
Train Epoch: 2 [5000/5627 (88%)]	Loss: 0.441057
Train Epoch: 2 [5250/5627 (93%)]	Loss: 0.452341
Train Epoch: 2 [5500/5627 (97%)]	Loss: 0.875698
Test set: Average loss: 5.0411, Accuracy: 380/1406 (27%)
Train Epoch: 3 [0/5627 (0%)]	Loss: 2.136369
Train Epoch: 3 [250/5627 (4%)]	Loss: 0.157557
Train Epoch: 3 [500/5627 (9%)]	Loss: 1.055797
Train Epoch: 3 [750/5627 (13%)]	Loss: 0.824397
Train Epoch: 3 [1000/5627 (18%)]	Loss: 0.510231
Train Epoch: 3 [1250/5627 (22%)]	Loss: 0.605713
Train Epoch: 3 [1500/5627 (27%)]	Loss: 0.414480
Train Epoch: 3 [1750/5627 (31%)]	Loss: 0.229271
Train Epoch: 3 [2000/5627 (35%)]	Loss: 0.580738
Train Epoch: 3 [2250/5627 (40%)]	Loss: 0.685252
Train Epoch: 3 [2500/5627 (44%)]	Loss: 0.167648
Train Epoch: 3 [2750/5627 (49%)]	Loss: 0.274198
Train Epoch: 3 [3000/5627 (53%)]	Loss: 0.491553
Train Epoch: 3 [3250/5627 (58%)]	Loss: 0.366303
Train Epoch: 3 [3500/5627 (62%)]	Loss: 0.393907
Train Epoch: 3 [3750/5627 (66%)]	Loss: 0.538612
Train Epoch: 3 [4000/5627 (71%)]	Loss: 0.590853
Train Epoch: 3 [4250/5627 (75%)]	Loss: 0.284509
Train Epoch: 3 [4500/5627 (80%)]	Loss: 0.291771
Train Epoch: 3 [4750/5627 (84%)]	Loss: 0.342633
Train Epoch: 3 [5000/5627 (88%)]	Loss: 0.838760
Train Epoch: 3 [5250/5627 (93%)]	Loss: 0.632917
Train Epoch: 3 [5500/5627 (97%)]	Loss: 0.494415
Test set: Average loss: 4.9423, Accuracy: 326/1406 (23%)
Train Epoch: 4 [0/5627 (0%)]	Loss: 0.235545
Train Epoch: 4 [250/5627 (4%)]	Loss: 0.534393
Train Epoch: 4 [500/5627 (9%)]	Loss: 0.247488
Train Epoch: 4 [750/5627 (13%)]	Loss: 0.263678
Train Epoch: 4 [1000/5627 (18%)]	Loss: 0.334755
Train Epoch: 4 [1250/5627 (22%)]	Loss: 0.450964
Train Epoch: 4 [1500/5627 (27%)]	Loss: 0.324979
Train Epoch: 4 [1750/5627 (31%)]	Loss: 0.144358
Train Epoch: 4 [2000/5627 (35%)]	Loss: 0.388310
Train Epoch: 4 [2250/5627 (40%)]	Loss: 0.369693
Train Epoch: 4 [2500/5627 (44%)]	Loss: 0.120556
Train Epoch: 4 [2750/5627 (49%)]	Loss: 0.096536
Train Epoch: 4 [3000/5627 (53%)]	Loss: 0.179641
Train Epoch: 4 [3250/5627 (58%)]	Loss: 0.097877
Train Epoch: 4 [3500/5627 (62%)]	Loss: 0.580183
Train Epoch: 4 [3750/5627 (66%)]	Loss: 0.275443
Train Epoch: 4 [4000/5627 (71%)]	Loss: 0.679532
Train Epoch: 4 [4250/5627 (75%)]	Loss: 0.133067
Train Epoch: 4 [4500/5627 (80%)]	Loss: 0.108735
Train Epoch: 4 [4750/5627 (84%)]	Loss: 0.760104
Train Epoch: 4 [5000/5627 (88%)]	Loss: 0.231843
Train Epoch: 4 [5250/5627 (93%)]	Loss: 0.320289
Train Epoch: 4 [5500/5627 (97%)]	Loss: 0.173013
Test set: Average loss: 1.7815, Accuracy: 202/1406 (14%)
Train Epoch: 5 [0/5627 (0%)]	Loss: 0.069263
Train Epoch: 5 [250/5627 (4%)]	Loss: 0.208275
Train Epoch: 5 [500/5627 (9%)]	Loss: 0.032026
Train Epoch: 5 [750/5627 (13%)]	Loss: 0.064740
Train Epoch: 5 [1000/5627 (18%)]	Loss: 0.046121
Train Epoch: 5 [1250/5627 (22%)]	Loss: 0.055512
Train Epoch: 5 [1500/5627 (27%)]	Loss: 0.140895
Train Epoch: 5 [1750/5627 (31%)]	Loss: 0.152254
Train Epoch: 5 [2000/5627 (35%)]	Loss: 0.525150
Train Epoch: 5 [2250/5627 (40%)]	Loss: 0.078796
Train Epoch: 5 [2500/5627 (44%)]	Loss: 0.144647
Train Epoch: 5 [2750/5627 (49%)]	Loss: 0.132294
Train Epoch: 5 [3000/5627 (53%)]	Loss: 0.243165
Train Epoch: 5 [3250/5627 (58%)]	Loss: 0.073773
Train Epoch: 5 [3500/5627 (62%)]	Loss: 0.228419
Train Epoch: 5 [3750/5627 (66%)]	Loss: 0.067941
Train Epoch: 5 [4000/5627 (71%)]	Loss: 0.178258
Train Epoch: 5 [4250/5627 (75%)]	Loss: 0.043704
Train Epoch: 5 [4500/5627 (80%)]	Loss: 0.064919
Train Epoch: 5 [4750/5627 (84%)]	Loss: 0.082092
Train Epoch: 5 [5000/5627 (88%)]	Loss: 0.488144
Train Epoch: 5 [5250/5627 (93%)]	Loss: 0.325674
Train Epoch: 5 [5500/5627 (97%)]	Loss: 0.091253
Test set: Average loss: 1.8156, Accuracy: 202/1406 (14%)
Train Epoch: 6 [0/5627 (0%)]	Loss: 0.373325
Train Epoch: 6 [250/5627 (4%)]	Loss: 0.100277
Train Epoch: 6 [500/5627 (9%)]	Loss: 0.261477
Train Epoch: 6 [750/5627 (13%)]	Loss: 0.373707
Train Epoch: 6 [1000/5627 (18%)]	Loss: 0.100204
Train Epoch: 6 [1250/5627 (22%)]	Loss: 0.039553
Train Epoch: 6 [1500/5627 (27%)]	Loss: 0.275337
Train Epoch: 6 [1750/5627 (31%)]	Loss: 0.149594
Train Epoch: 6 [2000/5627 (35%)]	Loss: 0.288147
Train Epoch: 6 [2250/5627 (40%)]	Loss: 0.065643
Train Epoch: 6 [2500/5627 (44%)]	Loss: 0.032435
Train Epoch: 6 [2750/5627 (49%)]	Loss: 0.114638
Train Epoch: 6 [3000/5627 (53%)]	Loss: 0.042236
Train Epoch: 6 [3250/5627 (58%)]	Loss: 0.046145
Train Epoch: 6 [3500/5627 (62%)]	Loss: 0.132376
Train Epoch: 6 [3750/5627 (66%)]	Loss: 0.327702
Train Epoch: 6 [4000/5627 (71%)]	Loss: 0.159256
Train Epoch: 6 [4250/5627 (75%)]	Loss: 0.099392
Train Epoch: 6 [4500/5627 (80%)]	Loss: 0.337445
Train Epoch: 6 [4750/5627 (84%)]	Loss: 0.023849
Train Epoch: 6 [5000/5627 (88%)]	Loss: 0.070140
Train Epoch: 6 [5250/5627 (93%)]	Loss: 0.255111
Train Epoch: 6 [5500/5627 (97%)]	Loss: 0.113516
Test set: Average loss: 2.8663, Accuracy: 202/1406 (14%)
Train Epoch: 7 [0/5627 (0%)]	Loss: 0.064433
Train Epoch: 7 [250/5627 (4%)]	Loss: 0.198205
Train Epoch: 7 [500/5627 (9%)]	Loss: 0.266554
Train Epoch: 7 [750/5627 (13%)]	Loss: 0.216691
Train Epoch: 7 [1000/5627 (18%)]	Loss: 0.135298
Train Epoch: 7 [1250/5627 (22%)]	Loss: 0.303755
Train Epoch: 7 [1500/5627 (27%)]	Loss: 0.151346
Train Epoch: 7 [1750/5627 (31%)]	Loss: 0.016060
Train Epoch: 7 [2000/5627 (35%)]	Loss: 0.041860
Train Epoch: 7 [2250/5627 (40%)]	Loss: 0.120250
Train Epoch: 7 [2500/5627 (44%)]	Loss: 0.098024
Train Epoch: 7 [2750/5627 (49%)]	Loss: 0.072343
Train Epoch: 7 [3000/5627 (53%)]	Loss: 0.044559
Train Epoch: 7 [3250/5627 (58%)]	Loss: 0.049471
Train Epoch: 7 [3500/5627 (62%)]	Loss: 0.015549
Train Epoch: 7 [3750/5627 (66%)]	Loss: 0.006317
Train Epoch: 7 [4000/5627 (71%)]	Loss: 0.015633
Train Epoch: 7 [4250/5627 (75%)]	Loss: 0.188125
Train Epoch: 7 [4500/5627 (80%)]	Loss: 0.012156
Train Epoch: 7 [4750/5627 (84%)]	Loss: 0.347544
Train Epoch: 7 [5000/5627 (88%)]	Loss: 0.194340
Train Epoch: 7 [5250/5627 (93%)]	Loss: 0.069139
Train Epoch: 7 [5500/5627 (97%)]	Loss: 0.262427
Test set: Average loss: 3.6126, Accuracy: 202/1406 (14%)
Train Epoch: 8 [0/5627 (0%)]	Loss: 0.009571
Train Epoch: 8 [250/5627 (4%)]	Loss: 0.228421
Train Epoch: 8 [500/5627 (9%)]	Loss: 0.009512
Train Epoch: 8 [750/5627 (13%)]	Loss: 0.035485
Train Epoch: 8 [1000/5627 (18%)]	Loss: 0.036574
Train Epoch: 8 [1250/5627 (22%)]	Loss: 0.002332
Train Epoch: 8 [1500/5627 (27%)]	Loss: 0.064275
Train Epoch: 8 [1750/5627 (31%)]	Loss: 0.069344
Train Epoch: 8 [2000/5627 (35%)]	Loss: 0.128636
Train Epoch: 8 [2250/5627 (40%)]	Loss: 0.034348
Train Epoch: 8 [2500/5627 (44%)]	Loss: 0.039059
Train Epoch: 8 [2750/5627 (49%)]	Loss: 0.094698
Train Epoch: 8 [3000/5627 (53%)]	Loss: 0.053282
Train Epoch: 8 [3250/5627 (58%)]	Loss: 0.212897
Train Epoch: 8 [3500/5627 (62%)]	Loss: 0.144520
Train Epoch: 8 [3750/5627 (66%)]	Loss: 0.055557
Train Epoch: 8 [4000/5627 (71%)]	Loss: 0.238822
Train Epoch: 8 [4250/5627 (75%)]	Loss: 0.040487
Train Epoch: 8 [4500/5627 (80%)]	Loss: 0.035897
Train Epoch: 8 [4750/5627 (84%)]	Loss: 0.002569
Train Epoch: 8 [5000/5627 (88%)]	Loss: 0.032128
Train Epoch: 8 [5250/5627 (93%)]	Loss: 0.031857
Train Epoch: 8 [5500/5627 (97%)]	Loss: 0.177479
Test set: Average loss: 2.0734, Accuracy: 202/1406 (14%)
Train Epoch: 9 [0/5627 (0%)]	Loss: 0.051800
Train Epoch: 9 [250/5627 (4%)]	Loss: 0.067915
Train Epoch: 9 [500/5627 (9%)]	Loss: 0.055869
Train Epoch: 9 [750/5627 (13%)]	Loss: 0.043173
Train Epoch: 9 [1000/5627 (18%)]	Loss: 0.045069
Train Epoch: 9 [1250/5627 (22%)]	Loss: 0.044573
Train Epoch: 9 [1500/5627 (27%)]	Loss: 0.073092
Train Epoch: 9 [1750/5627 (31%)]	Loss: 0.009439
Train Epoch: 9 [2000/5627 (35%)]	Loss: 0.031020
Train Epoch: 9 [2250/5627 (40%)]	Loss: 0.001540
Train Epoch: 9 [2500/5627 (44%)]	Loss: 0.000926
Train Epoch: 9 [2750/5627 (49%)]	Loss: 0.007657
Train Epoch: 9 [3000/5627 (53%)]	Loss: 0.055718
Train Epoch: 9 [3250/5627 (58%)]	Loss: 0.009327
Train Epoch: 9 [3500/5627 (62%)]	Loss: 0.049111
Train Epoch: 9 [3750/5627 (66%)]	Loss: 0.007655
Train Epoch: 9 [4000/5627 (71%)]	Loss: 0.078412
Train Epoch: 9 [4250/5627 (75%)]	Loss: 0.114694
Train Epoch: 9 [4500/5627 (80%)]	Loss: 0.011264
Train Epoch: 9 [4750/5627 (84%)]	Loss: 0.031438
Train Epoch: 9 [5000/5627 (88%)]	Loss: 0.002997
Train Epoch: 9 [5250/5627 (93%)]	Loss: 0.147493
Train Epoch: 9 [5500/5627 (97%)]	Loss: 0.071069
Test set: Average loss: 2.0716, Accuracy: 203/1406 (14%)
Train Epoch: 10 [0/5627 (0%)]	Loss: 0.103966
Train Epoch: 10 [250/5627 (4%)]	Loss: 0.002543
Train Epoch: 10 [500/5627 (9%)]	Loss: 0.055099
Train Epoch: 10 [750/5627 (13%)]	Loss: 0.045385
Train Epoch: 10 [1000/5627 (18%)]	Loss: 0.017706
Train Epoch: 10 [1250/5627 (22%)]	Loss: 0.047241
Train Epoch: 10 [1500/5627 (27%)]	Loss: 0.081416
Train Epoch: 10 [1750/5627 (31%)]	Loss: 0.354041
Train Epoch: 10 [2000/5627 (35%)]	Loss: 0.060920
Train Epoch: 10 [2250/5627 (40%)]	Loss: 0.117138
Train Epoch: 10 [2500/5627 (44%)]	Loss: 0.003648
Train Epoch: 10 [2750/5627 (49%)]	Loss: 0.079115
Train Epoch: 10 [3000/5627 (53%)]	Loss: 0.074534
Train Epoch: 10 [3250/5627 (58%)]	Loss: 0.030907
Train Epoch: 10 [3500/5627 (62%)]	Loss: 0.003501
Train Epoch: 10 [3750/5627 (66%)]	Loss: 0.022228
Train Epoch: 10 [4000/5627 (71%)]	Loss: 0.014362
Train Epoch: 10 [4250/5627 (75%)]	Loss: 0.046572
Train Epoch: 10 [4500/5627 (80%)]	Loss: 0.002536
Train Epoch: 10 [4750/5627 (84%)]	Loss: 0.046846
Train Epoch: 10 [5000/5627 (88%)]	Loss: 0.041774
Train Epoch: 10 [5250/5627 (93%)]	Loss: 0.137573
Train Epoch: 10 [5500/5627 (97%)]	Loss: 0.079536
Test set: Average loss: 2.0749, Accuracy: 202/1406 (14%)
Train Epoch: 11 [0/5627 (0%)]	Loss: 0.372160
Train Epoch: 11 [250/5627 (4%)]	Loss: 0.136653
Train Epoch: 11 [500/5627 (9%)]	Loss: 0.059980
Train Epoch: 11 [750/5627 (13%)]	Loss: 0.362526
Train Epoch: 11 [1000/5627 (18%)]	Loss: 0.020427
Train Epoch: 11 [1250/5627 (22%)]	Loss: 0.062072
Train Epoch: 11 [1500/5627 (27%)]	Loss: 0.086797
Train Epoch: 11 [1750/5627 (31%)]	Loss: 0.158383
Train Epoch: 11 [2000/5627 (35%)]	Loss: 0.002146
Train Epoch: 11 [2250/5627 (40%)]	Loss: 0.291439
Train Epoch: 11 [2500/5627 (44%)]	Loss: 0.134419
Train Epoch: 11 [2750/5627 (49%)]	Loss: 0.150646
Train Epoch: 11 [3000/5627 (53%)]	Loss: 0.002134
Train Epoch: 11 [3250/5627 (58%)]	Loss: 0.007440
Train Epoch: 11 [3500/5627 (62%)]	Loss: 0.150240
Train Epoch: 11 [3750/5627 (66%)]	Loss: 0.051004
Train Epoch: 11 [4000/5627 (71%)]	Loss: 0.013953
Train Epoch: 11 [4250/5627 (75%)]	Loss: 0.037349
Train Epoch: 11 [4500/5627 (80%)]	Loss: 0.009347
Train Epoch: 11 [4750/5627 (84%)]	Loss: 0.270019
Train Epoch: 11 [5000/5627 (88%)]	Loss: 0.010870
Train Epoch: 11 [5250/5627 (93%)]	Loss: 0.027553
Train Epoch: 11 [5500/5627 (97%)]	Loss: 0.082104
Test set: Average loss: 5.1053, Accuracy: 326/1406 (23%)
Train Epoch: 12 [0/5627 (0%)]	Loss: 1.096825
Train Epoch: 12 [250/5627 (4%)]	Loss: 0.110057
Train Epoch: 12 [500/5627 (9%)]	Loss: 0.168758
Train Epoch: 12 [750/5627 (13%)]	Loss: 0.193079
Train Epoch: 12 [1000/5627 (18%)]	Loss: 0.048967
Train Epoch: 12 [1250/5627 (22%)]	Loss: 0.135842
Train Epoch: 12 [1500/5627 (27%)]	Loss: 0.043769
Train Epoch: 12 [1750/5627 (31%)]	Loss: 0.025960
Train Epoch: 12 [2000/5627 (35%)]	Loss: 0.020795
Train Epoch: 12 [2250/5627 (40%)]	Loss: 0.089875
Train Epoch: 12 [2500/5627 (44%)]	Loss: 0.054524
Train Epoch: 12 [2750/5627 (49%)]	Loss: 0.079338
Train Epoch: 12 [3000/5627 (53%)]	Loss: 0.006468
Train Epoch: 12 [3250/5627 (58%)]	Loss: 0.040379
Train Epoch: 12 [3500/5627 (62%)]	Loss: 0.033302
Train Epoch: 12 [3750/5627 (66%)]	Loss: 0.026403
Train Epoch: 12 [4000/5627 (71%)]	Loss: 0.017626
Train Epoch: 12 [4250/5627 (75%)]	Loss: 0.179864
Train Epoch: 12 [4500/5627 (80%)]	Loss: 0.019427
Train Epoch: 12 [4750/5627 (84%)]	Loss: 0.086122
Train Epoch: 12 [5000/5627 (88%)]	Loss: 0.179653
Train Epoch: 12 [5250/5627 (93%)]	Loss: 0.037202
Train Epoch: 12 [5500/5627 (97%)]	Loss: 0.006022
Test set: Average loss: 3.5590, Accuracy: 202/1406 (14%)
Train Epoch: 13 [0/5627 (0%)]	Loss: 1.411088
Train Epoch: 13 [250/5627 (4%)]	Loss: 0.180002
Train Epoch: 13 [500/5627 (9%)]	Loss: 0.004504
Train Epoch: 13 [750/5627 (13%)]	Loss: 0.188266
Train Epoch: 13 [1000/5627 (18%)]	Loss: 0.019024
Train Epoch: 13 [1250/5627 (22%)]	Loss: 0.041485
Train Epoch: 13 [1500/5627 (27%)]	Loss: 0.148457
Train Epoch: 13 [1750/5627 (31%)]	Loss: 0.043737
Train Epoch: 13 [2000/5627 (35%)]	Loss: 0.044824
Train Epoch: 13 [2250/5627 (40%)]	Loss: 0.065191
Train Epoch: 13 [2500/5627 (44%)]	Loss: 0.028002
Train Epoch: 13 [2750/5627 (49%)]	Loss: 0.073850
Train Epoch: 13 [3000/5627 (53%)]	Loss: 0.127110
Train Epoch: 13 [3250/5627 (58%)]	Loss: 0.024547
Train Epoch: 13 [3500/5627 (62%)]	Loss: 0.109409
Train Epoch: 13 [3750/5627 (66%)]	Loss: 0.003459
Train Epoch: 13 [4000/5627 (71%)]	Loss: 0.061431
Train Epoch: 13 [4250/5627 (75%)]	Loss: 0.185587
Train Epoch: 13 [4500/5627 (80%)]	Loss: 0.008981
Train Epoch: 13 [4750/5627 (84%)]	Loss: 0.044438
Train Epoch: 13 [5000/5627 (88%)]	Loss: 0.230789
Train Epoch: 13 [5250/5627 (93%)]	Loss: 0.226335
Train Epoch: 13 [5500/5627 (97%)]	Loss: 0.008896
Test set: Average loss: 4.6194, Accuracy: 326/1406 (23%)
Train Epoch: 14 [0/5627 (0%)]	Loss: 1.701130
Train Epoch: 14 [250/5627 (4%)]	Loss: 0.140180
Train Epoch: 14 [500/5627 (9%)]	Loss: 0.440036
Train Epoch: 14 [750/5627 (13%)]	Loss: 0.032213
Train Epoch: 14 [1000/5627 (18%)]	Loss: 0.280484
Train Epoch: 14 [1250/5627 (22%)]	Loss: 0.027129
Train Epoch: 14 [1500/5627 (27%)]	Loss: 0.416187
Train Epoch: 14 [1750/5627 (31%)]	Loss: 0.023730
Train Epoch: 14 [2000/5627 (35%)]	Loss: 0.025103
Train Epoch: 14 [2250/5627 (40%)]	Loss: 0.004307
Train Epoch: 14 [2500/5627 (44%)]	Loss: 0.030308
Train Epoch: 14 [2750/5627 (49%)]	Loss: 0.141376
Train Epoch: 14 [3000/5627 (53%)]	Loss: 0.041489
Train Epoch: 14 [3250/5627 (58%)]	Loss: 0.044026
Train Epoch: 14 [3500/5627 (62%)]	Loss: 0.001817
Train Epoch: 14 [3750/5627 (66%)]	Loss: 0.214159
Train Epoch: 14 [4000/5627 (71%)]	Loss: 0.001267
Train Epoch: 14 [4250/5627 (75%)]	Loss: 0.584029
Train Epoch: 14 [4500/5627 (80%)]	Loss: 0.129092
Train Epoch: 14 [4750/5627 (84%)]	Loss: 0.002769
Train Epoch: 14 [5000/5627 (88%)]	Loss: 0.017252
Train Epoch: 14 [5250/5627 (93%)]	Loss: 0.011255
Train Epoch: 14 [5500/5627 (97%)]	Loss: 0.049965
Test set: Average loss: 1.6538, Accuracy: 704/1406 (50%)
Train Epoch: 15 [0/5627 (0%)]	Loss: 0.007562
Train Epoch: 15 [250/5627 (4%)]	Loss: 0.012816
Train Epoch: 15 [500/5627 (9%)]	Loss: 0.002766
Train Epoch: 15 [750/5627 (13%)]	Loss: 0.007613
Train Epoch: 15 [1000/5627 (18%)]	Loss: 0.006715
Train Epoch: 15 [1250/5627 (22%)]	Loss: 0.181504
Train Epoch: 15 [1500/5627 (27%)]	Loss: 0.076700
Train Epoch: 15 [1750/5627 (31%)]	Loss: 0.036412
Train Epoch: 15 [2000/5627 (35%)]	Loss: 0.012186
Train Epoch: 15 [2250/5627 (40%)]	Loss: 0.000652
Train Epoch: 15 [2500/5627 (44%)]	Loss: 0.003384
Train Epoch: 15 [2750/5627 (49%)]	Loss: 0.009471
Train Epoch: 15 [3000/5627 (53%)]	Loss: 0.004337
Train Epoch: 15 [3250/5627 (58%)]	Loss: 0.026044
Train Epoch: 15 [3500/5627 (62%)]	Loss: 0.110806
Train Epoch: 15 [3750/5627 (66%)]	Loss: 0.075242
Train Epoch: 15 [4000/5627 (71%)]	Loss: 0.017482
Train Epoch: 15 [4250/5627 (75%)]	Loss: 0.078417
Train Epoch: 15 [4500/5627 (80%)]	Loss: 0.025943
Train Epoch: 15 [4750/5627 (84%)]	Loss: 0.003443
Train Epoch: 15 [5000/5627 (88%)]	Loss: 0.080256
Train Epoch: 15 [5250/5627 (93%)]	Loss: 0.062265
Train Epoch: 15 [5500/5627 (97%)]	Loss: 0.001199
Test set: Average loss: 9.6827, Accuracy: 380/1406 (27%)
Train Epoch: 16 [0/5627 (0%)]	Loss: 0.503375
Train Epoch: 16 [250/5627 (4%)]	Loss: 0.446295
Train Epoch: 16 [500/5627 (9%)]	Loss: 0.102977
Train Epoch: 16 [750/5627 (13%)]	Loss: 0.240288
Train Epoch: 16 [1000/5627 (18%)]	Loss: 0.113860
Train Epoch: 16 [1250/5627 (22%)]	Loss: 0.090763
Train Epoch: 16 [1500/5627 (27%)]	Loss: 0.040989
Train Epoch: 16 [1750/5627 (31%)]	Loss: 0.265866
Train Epoch: 16 [2000/5627 (35%)]	Loss: 0.153657
Train Epoch: 16 [2250/5627 (40%)]	Loss: 0.004703
Train Epoch: 16 [2500/5627 (44%)]	Loss: 0.074825
Train Epoch: 16 [2750/5627 (49%)]	Loss: 0.085235
Train Epoch: 16 [3000/5627 (53%)]	Loss: 0.090650
Train Epoch: 16 [3250/5627 (58%)]	Loss: 0.408073
Train Epoch: 16 [3500/5627 (62%)]	Loss: 0.041295
Train Epoch: 16 [3750/5627 (66%)]	Loss: 0.063352
Train Epoch: 16 [4000/5627 (71%)]	Loss: 0.012852
Train Epoch: 16 [4250/5627 (75%)]	Loss: 0.040052
Train Epoch: 16 [4500/5627 (80%)]	Loss: 0.007139
Train Epoch: 16 [4750/5627 (84%)]	Loss: 0.079645
Train Epoch: 16 [5000/5627 (88%)]	Loss: 0.012184
Train Epoch: 16 [5250/5627 (93%)]	Loss: 0.072908
Train Epoch: 16 [5500/5627 (97%)]	Loss: 0.046833
Test set: Average loss: 2.2136, Accuracy: 383/1406 (27%)
Train Epoch: 17 [0/5627 (0%)]	Loss: 0.447211
Train Epoch: 17 [250/5627 (4%)]	Loss: 0.025424
Train Epoch: 17 [500/5627 (9%)]	Loss: 0.080740
Train Epoch: 17 [750/5627 (13%)]	Loss: 0.030055
Train Epoch: 17 [1000/5627 (18%)]	Loss: 0.053872
Train Epoch: 17 [1250/5627 (22%)]	Loss: 0.011319
Train Epoch: 17 [1500/5627 (27%)]	Loss: 0.001817
Train Epoch: 17 [1750/5627 (31%)]	Loss: 0.130078
Train Epoch: 17 [2000/5627 (35%)]	Loss: 0.025913
Train Epoch: 17 [2250/5627 (40%)]	Loss: 0.051818
Train Epoch: 17 [2500/5627 (44%)]	Loss: 0.005433
Train Epoch: 17 [2750/5627 (49%)]	Loss: 0.010278
Train Epoch: 17 [3000/5627 (53%)]	Loss: 0.002450
Train Epoch: 17 [3250/5627 (58%)]	Loss: 0.013537
Train Epoch: 17 [3500/5627 (62%)]	Loss: 0.002582
Train Epoch: 17 [3750/5627 (66%)]	Loss: 0.002174
Train Epoch: 17 [4000/5627 (71%)]	Loss: 0.062932
Train Epoch: 17 [4250/5627 (75%)]	Loss: 0.013070
Train Epoch: 17 [4500/5627 (80%)]	Loss: 0.061587
Train Epoch: 17 [4750/5627 (84%)]	Loss: 0.001470
Train Epoch: 17 [5000/5627 (88%)]	Loss: 0.041246
Train Epoch: 17 [5250/5627 (93%)]	Loss: 0.029180
Train Epoch: 17 [5500/5627 (97%)]	Loss: 0.005914
Test set: Average loss: 2.7559, Accuracy: 279/1406 (19%)
Train Epoch: 18 [0/5627 (0%)]	Loss: 0.004284
Train Epoch: 18 [250/5627 (4%)]	Loss: 0.002684
Train Epoch: 18 [500/5627 (9%)]	Loss: 0.018334
Train Epoch: 18 [750/5627 (13%)]	Loss: 0.003734
Train Epoch: 18 [1000/5627 (18%)]	Loss: 0.018664
Train Epoch: 18 [1250/5627 (22%)]	Loss: 0.003239
Train Epoch: 18 [1500/5627 (27%)]	Loss: 0.009682
Train Epoch: 18 [1750/5627 (31%)]	Loss: 0.008231
Train Epoch: 18 [2000/5627 (35%)]	Loss: 0.081199
Train Epoch: 18 [2250/5627 (40%)]	Loss: 0.089750
Train Epoch: 18 [2500/5627 (44%)]	Loss: 0.001508
Train Epoch: 18 [2750/5627 (49%)]	Loss: 0.015656
Train Epoch: 18 [3000/5627 (53%)]	Loss: 0.010155
Train Epoch: 18 [3250/5627 (58%)]	Loss: 0.016464
Train Epoch: 18 [3500/5627 (62%)]	Loss: 0.120272
Train Epoch: 18 [3750/5627 (66%)]	Loss: 0.028858
Train Epoch: 18 [4000/5627 (71%)]	Loss: 0.002202
Train Epoch: 18 [4250/5627 (75%)]	Loss: 0.006682
Train Epoch: 18 [4500/5627 (80%)]	Loss: 0.154936
Train Epoch: 18 [4750/5627 (84%)]	Loss: 0.000718
Train Epoch: 18 [5000/5627 (88%)]	Loss: 0.004998
Train Epoch: 18 [5250/5627 (93%)]	Loss: 0.001009
Train Epoch: 18 [5500/5627 (97%)]	Loss: 0.006487
Test set: Average loss: 1.6570, Accuracy: 374/1406 (26%)
Train Epoch: 19 [0/5627 (0%)]	Loss: 0.002856
Train Epoch: 19 [250/5627 (4%)]	Loss: 0.002531
Train Epoch: 19 [500/5627 (9%)]	Loss: 0.001427
Train Epoch: 19 [750/5627 (13%)]	Loss: 0.002559
Train Epoch: 19 [1000/5627 (18%)]	Loss: 0.100375
Train Epoch: 19 [1250/5627 (22%)]	Loss: 0.000671
Train Epoch: 19 [1500/5627 (27%)]	Loss: 0.000400
Train Epoch: 19 [1750/5627 (31%)]	Loss: 0.021541
Train Epoch: 19 [2000/5627 (35%)]	Loss: 0.003190
Train Epoch: 19 [2250/5627 (40%)]	Loss: 0.008876
Train Epoch: 19 [2500/5627 (44%)]	Loss: 0.001286
Train Epoch: 19 [2750/5627 (49%)]	Loss: 0.000405
Train Epoch: 19 [3000/5627 (53%)]	Loss: 0.149409
Train Epoch: 19 [3250/5627 (58%)]	Loss: 0.000766
Train Epoch: 19 [3500/5627 (62%)]	Loss: 0.002498
Train Epoch: 19 [3750/5627 (66%)]	Loss: 0.001707
Train Epoch: 19 [4000/5627 (71%)]	Loss: 0.000950
Train Epoch: 19 [4250/5627 (75%)]	Loss: 0.108169
Train Epoch: 19 [4500/5627 (80%)]	Loss: 0.001826
Train Epoch: 19 [4750/5627 (84%)]	Loss: 0.000263
Train Epoch: 19 [5000/5627 (88%)]	Loss: 0.000355
Train Epoch: 19 [5250/5627 (93%)]	Loss: 0.001815
Train Epoch: 19 [5500/5627 (97%)]	Loss: 0.004899
Test set: Average loss: 1.9304, Accuracy: 376/1406 (26%)
Train Epoch: 20 [0/5627 (0%)]	Loss: 0.001132
Train Epoch: 20 [250/5627 (4%)]	Loss: 0.002169
Train Epoch: 20 [500/5627 (9%)]	Loss: 0.000514
Train Epoch: 20 [750/5627 (13%)]	Loss: 0.001322
Train Epoch: 20 [1000/5627 (18%)]	Loss: 0.002221
Train Epoch: 20 [1250/5627 (22%)]	Loss: 0.005917
Train Epoch: 20 [1500/5627 (27%)]	Loss: 0.015419
Train Epoch: 20 [1750/5627 (31%)]	Loss: 0.001877
Train Epoch: 20 [2000/5627 (35%)]	Loss: 0.000880
Train Epoch: 20 [2250/5627 (40%)]	Loss: 0.001194
Train Epoch: 20 [2500/5627 (44%)]	Loss: 0.000663
Train Epoch: 20 [2750/5627 (49%)]	Loss: 0.002580
Train Epoch: 20 [3000/5627 (53%)]	Loss: 0.000234
Train Epoch: 20 [3250/5627 (58%)]	Loss: 0.000637
Train Epoch: 20 [3500/5627 (62%)]	Loss: 0.002061
Train Epoch: 20 [3750/5627 (66%)]	Loss: 0.002524
Train Epoch: 20 [4000/5627 (71%)]	Loss: 0.000567
Train Epoch: 20 [4250/5627 (75%)]	Loss: 0.004056
Train Epoch: 20 [4500/5627 (80%)]	Loss: 0.001073
Train Epoch: 20 [4750/5627 (84%)]	Loss: 0.009480
Train Epoch: 20 [5000/5627 (88%)]	Loss: 0.000939
Train Epoch: 20 [5250/5627 (93%)]	Loss: 0.000236
Train Epoch: 20 [5500/5627 (97%)]	Loss: 0.009098
Test set: Average loss: 1.8768, Accuracy: 202/1406 (14%)
Train Epoch: 21 [0/5627 (0%)]	Loss: 0.050710
Train Epoch: 21 [250/5627 (4%)]	Loss: 0.005726
Train Epoch: 21 [500/5627 (9%)]	Loss: 1.271144
Train Epoch: 21 [750/5627 (13%)]	Loss: 0.074683
Train Epoch: 21 [1000/5627 (18%)]	Loss: 0.129629
Train Epoch: 21 [1250/5627 (22%)]	Loss: 0.014824
Train Epoch: 21 [1500/5627 (27%)]	Loss: 0.000675
Train Epoch: 21 [1750/5627 (31%)]	Loss: 0.042300
Train Epoch: 21 [2000/5627 (35%)]	Loss: 0.257547
Train Epoch: 21 [2250/5627 (40%)]	Loss: 0.003120
Train Epoch: 21 [2500/5627 (44%)]	Loss: 0.003629
Train Epoch: 21 [2750/5627 (49%)]	Loss: 0.004669
Train Epoch: 21 [3000/5627 (53%)]	Loss: 0.007576
Train Epoch: 21 [3250/5627 (58%)]	Loss: 0.059982
Train Epoch: 21 [3500/5627 (62%)]	Loss: 0.106856
Train Epoch: 21 [3750/5627 (66%)]	Loss: 0.021203
Train Epoch: 21 [4000/5627 (71%)]	Loss: 0.006493
Train Epoch: 21 [4250/5627 (75%)]	Loss: 0.042684
Train Epoch: 21 [4500/5627 (80%)]	Loss: 0.004213
Train Epoch: 21 [4750/5627 (84%)]	Loss: 0.391078
Train Epoch: 21 [5000/5627 (88%)]	Loss: 0.025965
Train Epoch: 21 [5250/5627 (93%)]	Loss: 0.017431
Train Epoch: 21 [5500/5627 (97%)]	Loss: 0.046023
Test set: Average loss: 2.0170, Accuracy: 266/1406 (18%)
Train Epoch: 22 [0/5627 (0%)]	Loss: 0.054601
Train Epoch: 22 [250/5627 (4%)]	Loss: 0.019141
Train Epoch: 22 [500/5627 (9%)]	Loss: 0.119843
Train Epoch: 22 [750/5627 (13%)]	Loss: 0.006575
Train Epoch: 22 [1000/5627 (18%)]	Loss: 0.241470
Train Epoch: 22 [1250/5627 (22%)]	Loss: 0.002502
Train Epoch: 22 [1500/5627 (27%)]	Loss: 0.067570
Train Epoch: 22 [1750/5627 (31%)]	Loss: 0.227233
Train Epoch: 22 [2000/5627 (35%)]	Loss: 0.013510
Train Epoch: 22 [2250/5627 (40%)]	Loss: 0.156335
Train Epoch: 22 [2500/5627 (44%)]	Loss: 0.002810
Train Epoch: 22 [2750/5627 (49%)]	Loss: 0.043870
Train Epoch: 22 [3000/5627 (53%)]	Loss: 0.002865
Train Epoch: 22 [3250/5627 (58%)]	Loss: 0.004182
Train Epoch: 22 [3500/5627 (62%)]	Loss: 0.073605
Train Epoch: 22 [3750/5627 (66%)]	Loss: 0.043605
Train Epoch: 22 [4000/5627 (71%)]	Loss: 0.001416
Train Epoch: 22 [4250/5627 (75%)]	Loss: 0.012531
Train Epoch: 22 [4500/5627 (80%)]	Loss: 0.099576
Train Epoch: 22 [4750/5627 (84%)]	Loss: 0.009538
Train Epoch: 22 [5000/5627 (88%)]	Loss: 0.006037
Train Epoch: 22 [5250/5627 (93%)]	Loss: 0.037394
Train Epoch: 22 [5500/5627 (97%)]	Loss: 0.001179
Test set: Average loss: 5.9818, Accuracy: 330/1406 (23%)
Train Epoch: 23 [0/5627 (0%)]	Loss: 0.201207
Train Epoch: 23 [250/5627 (4%)]	Loss: 0.096255
Train Epoch: 23 [500/5627 (9%)]	Loss: 0.001206
Train Epoch: 23 [750/5627 (13%)]	Loss: 0.087413
Train Epoch: 23 [1000/5627 (18%)]	Loss: 0.066767
Train Epoch: 23 [1250/5627 (22%)]	Loss: 0.122733
Train Epoch: 23 [1500/5627 (27%)]	Loss: 0.143958
Train Epoch: 23 [1750/5627 (31%)]	Loss: 0.018322
Train Epoch: 23 [2000/5627 (35%)]	Loss: 0.160167
Train Epoch: 23 [2250/5627 (40%)]	Loss: 0.000774
Train Epoch: 23 [2500/5627 (44%)]	Loss: 0.085606
Train Epoch: 23 [2750/5627 (49%)]	Loss: 0.203491
Train Epoch: 23 [3000/5627 (53%)]	Loss: 0.001720
Train Epoch: 23 [3250/5627 (58%)]	Loss: 0.110446
Train Epoch: 23 [3500/5627 (62%)]	Loss: 0.010244
Train Epoch: 23 [3750/5627 (66%)]	Loss: 0.017829
Train Epoch: 23 [4000/5627 (71%)]	Loss: 0.004715
Train Epoch: 23 [4250/5627 (75%)]	Loss: 0.006489
Train Epoch: 23 [4500/5627 (80%)]	Loss: 0.001465
Train Epoch: 23 [4750/5627 (84%)]	Loss: 0.006628
Train Epoch: 23 [5000/5627 (88%)]	Loss: 0.095599
Train Epoch: 23 [5250/5627 (93%)]	Loss: 0.010550
Train Epoch: 23 [5500/5627 (97%)]	Loss: 0.013136
Test set: Average loss: 1.5852, Accuracy: 609/1406 (43%)
Train Epoch: 24 [0/5627 (0%)]	Loss: 0.005205
Train Epoch: 24 [250/5627 (4%)]	Loss: 0.013431
Train Epoch: 24 [500/5627 (9%)]	Loss: 0.001729
Train Epoch: 24 [750/5627 (13%)]	Loss: 0.003523
Train Epoch: 24 [1000/5627 (18%)]	Loss: 0.008365
Train Epoch: 24 [1250/5627 (22%)]	Loss: 0.046915
Train Epoch: 24 [1500/5627 (27%)]	Loss: 0.001367
Train Epoch: 24 [1750/5627 (31%)]	Loss: 0.000944
Train Epoch: 24 [2000/5627 (35%)]	Loss: 0.005888
Train Epoch: 24 [2250/5627 (40%)]	Loss: 0.112605
Train Epoch: 24 [2500/5627 (44%)]	Loss: 0.135255
Train Epoch: 24 [2750/5627 (49%)]	Loss: 0.191906
Train Epoch: 24 [3000/5627 (53%)]	Loss: 0.001654
Train Epoch: 24 [3250/5627 (58%)]	Loss: 0.004639
Train Epoch: 24 [3500/5627 (62%)]	Loss: 0.002337
Train Epoch: 24 [3750/5627 (66%)]	Loss: 0.032152
Train Epoch: 24 [4000/5627 (71%)]	Loss: 0.001629
Train Epoch: 24 [4250/5627 (75%)]	Loss: 0.007107
Train Epoch: 24 [4500/5627 (80%)]	Loss: 0.001614
Train Epoch: 24 [4750/5627 (84%)]	Loss: 0.253224
Train Epoch: 24 [5000/5627 (88%)]	Loss: 0.000404
Train Epoch: 24 [5250/5627 (93%)]	Loss: 0.063976
Train Epoch: 24 [5500/5627 (97%)]	Loss: 0.012473
Test set: Average loss: 2.0188, Accuracy: 297/1406 (21%)
Train Epoch: 25 [0/5627 (0%)]	Loss: 0.000730
Train Epoch: 25 [250/5627 (4%)]	Loss: 0.002727
Train Epoch: 25 [500/5627 (9%)]	Loss: 0.095024
Train Epoch: 25 [750/5627 (13%)]	Loss: 0.022706
Train Epoch: 25 [1000/5627 (18%)]	Loss: 0.002267
Train Epoch: 25 [1250/5627 (22%)]	Loss: 0.000773
Train Epoch: 25 [1500/5627 (27%)]	Loss: 0.007806
Train Epoch: 25 [1750/5627 (31%)]	Loss: 0.002234
Train Epoch: 25 [2000/5627 (35%)]	Loss: 0.000908
Train Epoch: 25 [2250/5627 (40%)]	Loss: 0.012896
Train Epoch: 25 [2500/5627 (44%)]	Loss: 0.002579
Train Epoch: 25 [2750/5627 (49%)]	Loss: 0.000715
Train Epoch: 25 [3000/5627 (53%)]	Loss: 0.000781
Train Epoch: 25 [3250/5627 (58%)]	Loss: 0.000991
Train Epoch: 25 [3500/5627 (62%)]	Loss: 0.000387
Train Epoch: 25 [3750/5627 (66%)]	Loss: 0.004057
Train Epoch: 25 [4000/5627 (71%)]	Loss: 0.001261
Train Epoch: 25 [4250/5627 (75%)]	Loss: 0.003813
Train Epoch: 25 [4500/5627 (80%)]	Loss: 0.000910
Train Epoch: 25 [4750/5627 (84%)]	Loss: 0.009634
Train Epoch: 25 [5000/5627 (88%)]	Loss: 0.025541
Train Epoch: 25 [5250/5627 (93%)]	Loss: 0.003449
Train Epoch: 25 [5500/5627 (97%)]	Loss: 0.004072
Test set: Average loss: 2.2930, Accuracy: 202/1406 (14%)
Train Epoch: 26 [0/5627 (0%)]	Loss: 0.001310
Train Epoch: 26 [250/5627 (4%)]	Loss: 0.000437
Train Epoch: 26 [500/5627 (9%)]	Loss: 0.000715
Train Epoch: 26 [750/5627 (13%)]	Loss: 0.032079
Train Epoch: 26 [1000/5627 (18%)]	Loss: 0.002422
Train Epoch: 26 [1250/5627 (22%)]	Loss: 0.002933
Train Epoch: 26 [1500/5627 (27%)]	Loss: 0.006627
Train Epoch: 26 [1750/5627 (31%)]	Loss: 0.025810
Train Epoch: 26 [2000/5627 (35%)]	Loss: 0.000235
Train Epoch: 26 [2250/5627 (40%)]	Loss: 0.002193
Train Epoch: 26 [2500/5627 (44%)]	Loss: 0.000921
Train Epoch: 26 [2750/5627 (49%)]	Loss: 0.009951
Train Epoch: 26 [3000/5627 (53%)]	Loss: 0.004012
Train Epoch: 26 [3250/5627 (58%)]	Loss: 0.002377
Train Epoch: 26 [3500/5627 (62%)]	Loss: 0.001030
Train Epoch: 26 [3750/5627 (66%)]	Loss: 0.006855
Train Epoch: 26 [4000/5627 (71%)]	Loss: 0.003129
Train Epoch: 26 [4250/5627 (75%)]	Loss: 0.000126
Train Epoch: 26 [4500/5627 (80%)]	Loss: 0.007147
Train Epoch: 26 [4750/5627 (84%)]	Loss: 0.141881
Train Epoch: 26 [5000/5627 (88%)]	Loss: 0.001636
Train Epoch: 26 [5250/5627 (93%)]	Loss: 0.003211
Train Epoch: 26 [5500/5627 (97%)]	Loss: 0.001732
Test set: Average loss: 1.7666, Accuracy: 202/1406 (14%)
Train Epoch: 27 [0/5627 (0%)]	Loss: 0.001505
Train Epoch: 27 [250/5627 (4%)]	Loss: 0.001047
Train Epoch: 27 [500/5627 (9%)]	Loss: 0.000363
Train Epoch: 27 [750/5627 (13%)]	Loss: 0.000052
Train Epoch: 27 [1000/5627 (18%)]	Loss: 0.006289
Train Epoch: 27 [1250/5627 (22%)]	Loss: 0.000613
Train Epoch: 27 [1500/5627 (27%)]	Loss: 0.001290
Train Epoch: 27 [1750/5627 (31%)]	Loss: 0.067756
Train Epoch: 27 [2000/5627 (35%)]	Loss: 0.011795
Train Epoch: 27 [2250/5627 (40%)]	Loss: 0.182752
Train Epoch: 27 [2500/5627 (44%)]	Loss: 0.024038
Train Epoch: 27 [2750/5627 (49%)]	Loss: 0.003913
Train Epoch: 27 [3000/5627 (53%)]	Loss: 0.000336
Train Epoch: 27 [3250/5627 (58%)]	Loss: 0.012624
Train Epoch: 27 [3500/5627 (62%)]	Loss: 0.004705
Train Epoch: 27 [3750/5627 (66%)]	Loss: 0.000458
Train Epoch: 27 [4000/5627 (71%)]	Loss: 0.000638
Train Epoch: 27 [4250/5627 (75%)]	Loss: 0.001232
Train Epoch: 27 [4500/5627 (80%)]	Loss: 0.002166
Train Epoch: 27 [4750/5627 (84%)]	Loss: 0.021066
Train Epoch: 27 [5000/5627 (88%)]	Loss: 0.001547
Train Epoch: 27 [5250/5627 (93%)]	Loss: 0.002138
Train Epoch: 27 [5500/5627 (97%)]	Loss: 0.000219
Test set: Average loss: 1.6661, Accuracy: 202/1406 (14%)
Train Epoch: 28 [0/5627 (0%)]	Loss: 0.000212
Train Epoch: 28 [250/5627 (4%)]	Loss: 0.002425
Train Epoch: 28 [500/5627 (9%)]	Loss: 0.000331
Train Epoch: 28 [750/5627 (13%)]	Loss: 0.009426
Train Epoch: 28 [1000/5627 (18%)]	Loss: 0.002472
Train Epoch: 28 [1250/5627 (22%)]	Loss: 0.000871
Train Epoch: 28 [1500/5627 (27%)]	Loss: 0.000233
Train Epoch: 28 [1750/5627 (31%)]	Loss: 0.001159
Train Epoch: 28 [2000/5627 (35%)]	Loss: 0.001963
Train Epoch: 28 [2250/5627 (40%)]	Loss: 0.000703
Train Epoch: 28 [2500/5627 (44%)]	Loss: 0.000392
Train Epoch: 28 [2750/5627 (49%)]	Loss: 0.044799
Train Epoch: 28 [3000/5627 (53%)]	Loss: 0.000185
Train Epoch: 28 [3250/5627 (58%)]	Loss: 0.000969
Train Epoch: 28 [3500/5627 (62%)]	Loss: 0.000564
Train Epoch: 28 [3750/5627 (66%)]	Loss: 0.000134
Train Epoch: 28 [4000/5627 (71%)]	Loss: 0.002030
Train Epoch: 28 [4250/5627 (75%)]	Loss: 0.000077
Train Epoch: 28 [4500/5627 (80%)]	Loss: 0.000656
Train Epoch: 28 [4750/5627 (84%)]	Loss: 0.001453
Train Epoch: 28 [5000/5627 (88%)]	Loss: 0.000484
Train Epoch: 28 [5250/5627 (93%)]	Loss: 0.000210
Train Epoch: 28 [5500/5627 (97%)]	Loss: 0.000388
Test set: Average loss: 2.2488, Accuracy: 326/1406 (23%)
Train Epoch: 29 [0/5627 (0%)]	Loss: 0.002788
Train Epoch: 29 [250/5627 (4%)]	Loss: 0.000547
Train Epoch: 29 [500/5627 (9%)]	Loss: 0.000335
Train Epoch: 29 [750/5627 (13%)]	Loss: 0.006423
Train Epoch: 29 [1000/5627 (18%)]	Loss: 0.027827
Train Epoch: 29 [1250/5627 (22%)]	Loss: 0.000468
Train Epoch: 29 [1500/5627 (27%)]	Loss: 0.000304
Train Epoch: 29 [1750/5627 (31%)]	Loss: 0.063025
Train Epoch: 29 [2000/5627 (35%)]	Loss: 0.014959
Train Epoch: 29 [2250/5627 (40%)]	Loss: 0.000184
Train Epoch: 29 [2500/5627 (44%)]	Loss: 0.003382
Train Epoch: 29 [2750/5627 (49%)]	Loss: 0.022427
Train Epoch: 29 [3000/5627 (53%)]	Loss: 0.014116
Train Epoch: 29 [3250/5627 (58%)]	Loss: 0.003634
Train Epoch: 29 [3500/5627 (62%)]	Loss: 0.000535
Train Epoch: 29 [3750/5627 (66%)]	Loss: 0.001960
Train Epoch: 29 [4000/5627 (71%)]	Loss: 0.001224
Train Epoch: 29 [4250/5627 (75%)]	Loss: 0.010236
Train Epoch: 29 [4500/5627 (80%)]	Loss: 0.001998
Train Epoch: 29 [4750/5627 (84%)]	Loss: 0.015853
Train Epoch: 29 [5000/5627 (88%)]	Loss: 0.003408
Train Epoch: 29 [5250/5627 (93%)]	Loss: 0.014720
Train Epoch: 29 [5500/5627 (97%)]	Loss: 0.000782
Test set: Average loss: 9.9134, Accuracy: 326/1406 (23%)
Train Epoch: 30 [0/5627 (0%)]	Loss: 0.000306
Train Epoch: 30 [250/5627 (4%)]	Loss: 0.094181
Train Epoch: 30 [500/5627 (9%)]	Loss: 0.005973
Train Epoch: 30 [750/5627 (13%)]	Loss: 0.059590
Train Epoch: 30 [1000/5627 (18%)]	Loss: 0.031299
Train Epoch: 30 [1250/5627 (22%)]	Loss: 0.037576
Train Epoch: 30 [1500/5627 (27%)]	Loss: 0.001866
Train Epoch: 30 [1750/5627 (31%)]	Loss: 0.008767
Train Epoch: 30 [2000/5627 (35%)]	Loss: 0.030540
Train Epoch: 30 [2250/5627 (40%)]	Loss: 0.007258
Train Epoch: 30 [2500/5627 (44%)]	Loss: 0.042759
Train Epoch: 30 [2750/5627 (49%)]	Loss: 0.003278
Train Epoch: 30 [3000/5627 (53%)]	Loss: 0.004028
Train Epoch: 30 [3250/5627 (58%)]	Loss: 0.005224
Train Epoch: 30 [3500/5627 (62%)]	Loss: 0.031104
Train Epoch: 30 [3750/5627 (66%)]	Loss: 0.005490
Train Epoch: 30 [4000/5627 (71%)]	Loss: 0.005528
Train Epoch: 30 [4250/5627 (75%)]	Loss: 0.024548
Train Epoch: 30 [4500/5627 (80%)]	Loss: 0.009340
Train Epoch: 30 [4750/5627 (84%)]	Loss: 0.005280
Train Epoch: 30 [5000/5627 (88%)]	Loss: 0.014992
Train Epoch: 30 [5250/5627 (93%)]	Loss: 0.001613
Train Epoch: 30 [5500/5627 (97%)]	Loss: 0.004357
Test set: Average loss: 2.0141, Accuracy: 330/1406 (23%)
Train Epoch: 31 [0/5627 (0%)]	Loss: 0.000663
Train Epoch: 31 [250/5627 (4%)]	Loss: 0.000651
Train Epoch: 31 [500/5627 (9%)]	Loss: 0.001159
Train Epoch: 31 [750/5627 (13%)]	Loss: 0.005088
Train Epoch: 31 [1000/5627 (18%)]	Loss: 0.034065
Train Epoch: 31 [1250/5627 (22%)]	Loss: 0.035749
Train Epoch: 31 [1500/5627 (27%)]	Loss: 0.019137
Train Epoch: 31 [1750/5627 (31%)]	Loss: 0.001168
Train Epoch: 31 [2000/5627 (35%)]	Loss: 0.001473
Train Epoch: 31 [2250/5627 (40%)]	Loss: 0.008099
Train Epoch: 31 [2500/5627 (44%)]	Loss: 0.001078
Train Epoch: 31 [2750/5627 (49%)]	Loss: 0.002332
Train Epoch: 31 [3000/5627 (53%)]	Loss: 0.005460
Train Epoch: 31 [3250/5627 (58%)]	Loss: 0.002552
Train Epoch: 31 [3500/5627 (62%)]	Loss: 0.007265
Train Epoch: 31 [3750/5627 (66%)]	Loss: 0.014366
Train Epoch: 31 [4000/5627 (71%)]	Loss: 0.000073
Train Epoch: 31 [4250/5627 (75%)]	Loss: 0.045955
Train Epoch: 31 [4500/5627 (80%)]	Loss: 0.014527
Train Epoch: 31 [4750/5627 (84%)]	Loss: 0.173409
Train Epoch: 31 [5000/5627 (88%)]	Loss: 0.001940
Train Epoch: 31 [5250/5627 (93%)]	Loss: 0.000180
Train Epoch: 31 [5500/5627 (97%)]	Loss: 0.000355
Test set: Average loss: 1.5224, Accuracy: 722/1406 (51%)
Train Epoch: 32 [0/5627 (0%)]	Loss: 0.000830
Train Epoch: 32 [250/5627 (4%)]	Loss: 0.000320
Train Epoch: 32 [500/5627 (9%)]	Loss: 0.000445
Train Epoch: 32 [750/5627 (13%)]	Loss: 0.006888
Train Epoch: 32 [1000/5627 (18%)]	Loss: 0.000199
Train Epoch: 32 [1250/5627 (22%)]	Loss: 0.000242
Train Epoch: 32 [1500/5627 (27%)]	Loss: 0.000133
Train Epoch: 32 [1750/5627 (31%)]	Loss: 0.047088
Train Epoch: 32 [2000/5627 (35%)]	Loss: 0.000103
Train Epoch: 32 [2250/5627 (40%)]	Loss: 0.020763
Train Epoch: 32 [2500/5627 (44%)]	Loss: 0.000106
Train Epoch: 32 [2750/5627 (49%)]	Loss: 0.000061
Train Epoch: 32 [3000/5627 (53%)]	Loss: 0.000429
Train Epoch: 32 [3250/5627 (58%)]	Loss: 0.000112
Train Epoch: 32 [3500/5627 (62%)]	Loss: 0.001708
Train Epoch: 32 [3750/5627 (66%)]	Loss: 0.001005
Train Epoch: 32 [4000/5627 (71%)]	Loss: 0.000330
Train Epoch: 32 [4250/5627 (75%)]	Loss: 0.000736
Train Epoch: 32 [4500/5627 (80%)]	Loss: 0.000241
Train Epoch: 32 [4750/5627 (84%)]	Loss: 0.000310
Train Epoch: 32 [5000/5627 (88%)]	Loss: 0.000351
Train Epoch: 32 [5250/5627 (93%)]	Loss: 0.003409
Train Epoch: 32 [5500/5627 (97%)]	Loss: 0.000047
Test set: Average loss: 1.5795, Accuracy: 793/1406 (56%)
Train Epoch: 33 [0/5627 (0%)]	Loss: 0.010841
Train Epoch: 33 [250/5627 (4%)]	Loss: 0.002002
Train Epoch: 33 [500/5627 (9%)]	Loss: 0.000166
Train Epoch: 33 [750/5627 (13%)]	Loss: 0.000488
Train Epoch: 33 [1000/5627 (18%)]	Loss: 0.157759
Train Epoch: 33 [1250/5627 (22%)]	Loss: 0.004876
Train Epoch: 33 [1500/5627 (27%)]	Loss: 0.001475
Train Epoch: 33 [1750/5627 (31%)]	Loss: 0.001075
Train Epoch: 33 [2000/5627 (35%)]	Loss: 0.001931
Train Epoch: 33 [2250/5627 (40%)]	Loss: 0.000612
Train Epoch: 33 [2500/5627 (44%)]	Loss: 0.001700
Train Epoch: 33 [2750/5627 (49%)]	Loss: 0.002633
Train Epoch: 33 [3000/5627 (53%)]	Loss: 0.000657
Train Epoch: 33 [3250/5627 (58%)]	Loss: 0.000551
Train Epoch: 33 [3500/5627 (62%)]	Loss: 0.000404
Train Epoch: 33 [3750/5627 (66%)]	Loss: 0.000589
Train Epoch: 33 [4000/5627 (71%)]	Loss: 0.002890
Train Epoch: 33 [4250/5627 (75%)]	Loss: 0.001037
Train Epoch: 33 [4500/5627 (80%)]	Loss: 0.000125
Train Epoch: 33 [4750/5627 (84%)]	Loss: 0.001989
Train Epoch: 33 [5000/5627 (88%)]	Loss: 0.000854
Train Epoch: 33 [5250/5627 (93%)]	Loss: 0.000084
Train Epoch: 33 [5500/5627 (97%)]	Loss: 0.005597
Test set: Average loss: 1.8605, Accuracy: 202/1406 (14%)
Train Epoch: 34 [0/5627 (0%)]	Loss: 0.079294
Train Epoch: 34 [250/5627 (4%)]	Loss: 0.004136
Train Epoch: 34 [500/5627 (9%)]	Loss: 0.001333
Train Epoch: 34 [750/5627 (13%)]	Loss: 0.000160
Train Epoch: 34 [1000/5627 (18%)]	Loss: 0.000173
Train Epoch: 34 [1250/5627 (22%)]	Loss: 0.000436
Train Epoch: 34 [1500/5627 (27%)]	Loss: 0.000899
Train Epoch: 34 [1750/5627 (31%)]	Loss: 0.000045
Train Epoch: 34 [2000/5627 (35%)]	Loss: 0.000923
Train Epoch: 34 [2250/5627 (40%)]	Loss: 0.000152
Train Epoch: 34 [2500/5627 (44%)]	Loss: 0.000160
Train Epoch: 34 [2750/5627 (49%)]	Loss: 0.000510
Train Epoch: 34 [3000/5627 (53%)]	Loss: 0.000043
Train Epoch: 34 [3250/5627 (58%)]	Loss: 0.001297
Train Epoch: 34 [3500/5627 (62%)]	Loss: 0.042560
Train Epoch: 34 [3750/5627 (66%)]	Loss: 0.000725
Train Epoch: 34 [4000/5627 (71%)]	Loss: 0.000308
Train Epoch: 34 [4250/5627 (75%)]	Loss: 0.010680
Train Epoch: 34 [4500/5627 (80%)]	Loss: 0.000182
Train Epoch: 34 [4750/5627 (84%)]	Loss: 0.000095
Train Epoch: 34 [5000/5627 (88%)]	Loss: 0.004470
Train Epoch: 34 [5250/5627 (93%)]	Loss: 0.000200
Train Epoch: 34 [5500/5627 (97%)]	Loss: 0.000333
Test set: Average loss: 1.1440, Accuracy: 1082/1406 (76%)
Train Epoch: 35 [0/5627 (0%)]	Loss: 0.000032
Train Epoch: 35 [250/5627 (4%)]	Loss: 0.000170
Train Epoch: 35 [500/5627 (9%)]	Loss: 0.001589
Train Epoch: 35 [750/5627 (13%)]	Loss: 0.000135
Train Epoch: 35 [1000/5627 (18%)]	Loss: 0.000397
Train Epoch: 35 [1250/5627 (22%)]	Loss: 0.000165
Train Epoch: 35 [1500/5627 (27%)]	Loss: 0.003087
Train Epoch: 35 [1750/5627 (31%)]	Loss: 0.002282
Train Epoch: 35 [2000/5627 (35%)]	Loss: 0.002670
Train Epoch: 35 [2250/5627 (40%)]	Loss: 0.000065
Train Epoch: 35 [2500/5627 (44%)]	Loss: 0.000151
Train Epoch: 35 [2750/5627 (49%)]	Loss: 0.001648
Train Epoch: 35 [3000/5627 (53%)]	Loss: 0.003023
Train Epoch: 35 [3250/5627 (58%)]	Loss: 0.000090
Train Epoch: 35 [3500/5627 (62%)]	Loss: 0.000100
Train Epoch: 35 [3750/5627 (66%)]	Loss: 0.000096
Train Epoch: 35 [4000/5627 (71%)]	Loss: 0.000026
Train Epoch: 35 [4250/5627 (75%)]	Loss: 0.000312
Train Epoch: 35 [4500/5627 (80%)]	Loss: 0.000397
Train Epoch: 35 [4750/5627 (84%)]	Loss: 0.002201
Train Epoch: 35 [5000/5627 (88%)]	Loss: 0.000595
Train Epoch: 35 [5250/5627 (93%)]	Loss: 0.000060
Train Epoch: 35 [5500/5627 (97%)]	Loss: 0.002924
Test set: Average loss: 2.6396, Accuracy: 168/1406 (11%)
Train Epoch: 36 [0/5627 (0%)]	Loss: 0.217220
Train Epoch: 36 [250/5627 (4%)]	Loss: 0.586986
Train Epoch: 36 [500/5627 (9%)]	Loss: 0.242618
Train Epoch: 36 [750/5627 (13%)]	Loss: 0.136565
Train Epoch: 36 [1000/5627 (18%)]	Loss: 0.008428
Train Epoch: 36 [1250/5627 (22%)]	Loss: 0.335243
Train Epoch: 36 [1500/5627 (27%)]	Loss: 0.072411
Train Epoch: 36 [1750/5627 (31%)]	Loss: 0.017758
Train Epoch: 36 [2000/5627 (35%)]	Loss: 0.072061
Train Epoch: 36 [2250/5627 (40%)]	Loss: 0.071261
Train Epoch: 36 [2500/5627 (44%)]	Loss: 0.002824
Train Epoch: 36 [2750/5627 (49%)]	Loss: 0.001004
Train Epoch: 36 [3000/5627 (53%)]	Loss: 0.003313
Train Epoch: 36 [3250/5627 (58%)]	Loss: 0.047253
Train Epoch: 36 [3500/5627 (62%)]	Loss: 0.011700
Train Epoch: 36 [3750/5627 (66%)]	Loss: 0.019691
Train Epoch: 36 [4000/5627 (71%)]	Loss: 0.003818
Train Epoch: 36 [4250/5627 (75%)]	Loss: 0.000423
Train Epoch: 36 [4500/5627 (80%)]	Loss: 0.007053
Train Epoch: 36 [4750/5627 (84%)]	Loss: 0.012512
Train Epoch: 36 [5000/5627 (88%)]	Loss: 0.003871
Train Epoch: 36 [5250/5627 (93%)]	Loss: 0.003928
Train Epoch: 36 [5500/5627 (97%)]	Loss: 0.010605
Test set: Average loss: 3.2151, Accuracy: 202/1406 (14%)
Train Epoch: 37 [0/5627 (0%)]	Loss: 0.432333
Train Epoch: 37 [250/5627 (4%)]	Loss: 0.244327
Train Epoch: 37 [500/5627 (9%)]	Loss: 0.153721
Train Epoch: 37 [750/5627 (13%)]	Loss: 0.147013
Train Epoch: 37 [1000/5627 (18%)]	Loss: 0.012368
Train Epoch: 37 [1250/5627 (22%)]	Loss: 0.012188
Train Epoch: 37 [1500/5627 (27%)]	Loss: 0.542752
Train Epoch: 37 [1750/5627 (31%)]	Loss: 0.034286
Train Epoch: 37 [2000/5627 (35%)]	Loss: 0.004625
Train Epoch: 37 [2250/5627 (40%)]	Loss: 0.013919
Train Epoch: 37 [2500/5627 (44%)]	Loss: 0.106531
Train Epoch: 37 [2750/5627 (49%)]	Loss: 0.003800
Train Epoch: 37 [3000/5627 (53%)]	Loss: 0.004350
Train Epoch: 37 [3250/5627 (58%)]	Loss: 0.019214
Train Epoch: 37 [3500/5627 (62%)]	Loss: 0.019961
Train Epoch: 37 [3750/5627 (66%)]	Loss: 0.001976
Train Epoch: 37 [4000/5627 (71%)]	Loss: 0.004273
Train Epoch: 37 [4250/5627 (75%)]	Loss: 0.332868
Train Epoch: 37 [4500/5627 (80%)]	Loss: 0.052282
Train Epoch: 37 [4750/5627 (84%)]	Loss: 0.003940
Train Epoch: 37 [5000/5627 (88%)]	Loss: 0.005784
Train Epoch: 37 [5250/5627 (93%)]	Loss: 0.001293
Train Epoch: 37 [5500/5627 (97%)]	Loss: 0.022122
Test set: Average loss: 2.5238, Accuracy: 330/1406 (23%)
Train Epoch: 38 [0/5627 (0%)]	Loss: 0.213204
Train Epoch: 38 [250/5627 (4%)]	Loss: 0.021176
Train Epoch: 38 [500/5627 (9%)]	Loss: 0.018258
Train Epoch: 38 [750/5627 (13%)]	Loss: 0.096622
Train Epoch: 38 [1000/5627 (18%)]	Loss: 0.028173
Train Epoch: 38 [1250/5627 (22%)]	Loss: 0.029364
Train Epoch: 38 [1500/5627 (27%)]	Loss: 0.085530
Train Epoch: 38 [1750/5627 (31%)]	Loss: 0.011944
Train Epoch: 38 [2000/5627 (35%)]	Loss: 0.001574
Train Epoch: 38 [2250/5627 (40%)]	Loss: 0.002630
Train Epoch: 38 [2500/5627 (44%)]	Loss: 0.006452
Train Epoch: 38 [2750/5627 (49%)]	Loss: 0.128426
Train Epoch: 38 [3000/5627 (53%)]	Loss: 0.002719
Train Epoch: 38 [3250/5627 (58%)]	Loss: 0.014762
Train Epoch: 38 [3500/5627 (62%)]	Loss: 0.051273
Train Epoch: 38 [3750/5627 (66%)]	Loss: 0.006923
Train Epoch: 38 [4000/5627 (71%)]	Loss: 0.003168
Train Epoch: 38 [4250/5627 (75%)]	Loss: 0.001036
Train Epoch: 38 [4500/5627 (80%)]	Loss: 0.001350
Train Epoch: 38 [4750/5627 (84%)]	Loss: 0.000988
Train Epoch: 38 [5000/5627 (88%)]	Loss: 0.019439
Train Epoch: 38 [5250/5627 (93%)]	Loss: 0.005349
Train Epoch: 38 [5500/5627 (97%)]	Loss: 0.013728
Test set: Average loss: 1.9332, Accuracy: 380/1406 (27%)
Train Epoch: 39 [0/5627 (0%)]	Loss: 0.123910
Train Epoch: 39 [250/5627 (4%)]	Loss: 0.251385
Train Epoch: 39 [500/5627 (9%)]	Loss: 0.077480
Train Epoch: 39 [750/5627 (13%)]	Loss: 0.021349
Train Epoch: 39 [1000/5627 (18%)]	Loss: 0.435164
Train Epoch: 39 [1250/5627 (22%)]	Loss: 0.193212
Train Epoch: 39 [1500/5627 (27%)]	Loss: 0.147437
Train Epoch: 39 [1750/5627 (31%)]	Loss: 0.128849
Train Epoch: 39 [2000/5627 (35%)]	Loss: 0.077876
Train Epoch: 39 [2250/5627 (40%)]	Loss: 0.213583
Train Epoch: 39 [2500/5627 (44%)]	Loss: 0.009349
Train Epoch: 39 [2750/5627 (49%)]	Loss: 0.003319
Train Epoch: 39 [3000/5627 (53%)]	Loss: 0.010407
Train Epoch: 39 [3250/5627 (58%)]	Loss: 0.247153
Train Epoch: 39 [3500/5627 (62%)]	Loss: 0.091916
Train Epoch: 39 [3750/5627 (66%)]	Loss: 0.001331
Train Epoch: 39 [4000/5627 (71%)]	Loss: 0.001570
Train Epoch: 39 [4250/5627 (75%)]	Loss: 0.028096
Train Epoch: 39 [4500/5627 (80%)]	Loss: 0.006029
Train Epoch: 39 [4750/5627 (84%)]	Loss: 0.019725
Train Epoch: 39 [5000/5627 (88%)]	Loss: 0.002065
Train Epoch: 39 [5250/5627 (93%)]	Loss: 0.246455
Train Epoch: 39 [5500/5627 (97%)]	Loss: 0.089153
Test set: Average loss: 37.6402, Accuracy: 330/1406 (23%)
Train Epoch: 40 [0/5627 (0%)]	Loss: 0.376142
Train Epoch: 40 [250/5627 (4%)]	Loss: 0.168984
Train Epoch: 40 [500/5627 (9%)]	Loss: 0.227285
Train Epoch: 40 [750/5627 (13%)]	Loss: 0.033457
Train Epoch: 40 [1000/5627 (18%)]	Loss: 0.156336
Train Epoch: 40 [1250/5627 (22%)]	Loss: 0.020058
Train Epoch: 40 [1500/5627 (27%)]	Loss: 0.018846
Train Epoch: 40 [1750/5627 (31%)]	Loss: 0.005807
Train Epoch: 40 [2000/5627 (35%)]	Loss: 0.008020
Train Epoch: 40 [2250/5627 (40%)]	Loss: 0.003465
Train Epoch: 40 [2500/5627 (44%)]	Loss: 0.089841
Train Epoch: 40 [2750/5627 (49%)]	Loss: 0.014210
Train Epoch: 40 [3000/5627 (53%)]	Loss: 0.102050
Train Epoch: 40 [3250/5627 (58%)]	Loss: 0.134170
Train Epoch: 40 [3500/5627 (62%)]	Loss: 0.003713
Train Epoch: 40 [3750/5627 (66%)]	Loss: 0.036045
Train Epoch: 40 [4000/5627 (71%)]	Loss: 0.003502
Train Epoch: 40 [4250/5627 (75%)]	Loss: 0.003762
Train Epoch: 40 [4500/5627 (80%)]	Loss: 0.029688
Train Epoch: 40 [4750/5627 (84%)]	Loss: 0.000623
Train Epoch: 40 [5000/5627 (88%)]	Loss: 0.001648
Train Epoch: 40 [5250/5627 (93%)]	Loss: 0.001011
Train Epoch: 40 [5500/5627 (97%)]	Loss: 0.004094
Test set: Average loss: 2.0776, Accuracy: 168/1406 (11%)
Train Epoch: 41 [0/5627 (0%)]	Loss: 0.064761
Train Epoch: 41 [250/5627 (4%)]	Loss: 0.027193
Train Epoch: 41 [500/5627 (9%)]	Loss: 0.001691
Train Epoch: 41 [750/5627 (13%)]	Loss: 0.153423
Train Epoch: 41 [1000/5627 (18%)]	Loss: 0.000556
Train Epoch: 41 [1250/5627 (22%)]	Loss: 0.001620
Train Epoch: 41 [1500/5627 (27%)]	Loss: 0.036309
Train Epoch: 41 [1750/5627 (31%)]	Loss: 0.005782
Train Epoch: 41 [2000/5627 (35%)]	Loss: 0.002491
Train Epoch: 41 [2250/5627 (40%)]	Loss: 0.002673
Train Epoch: 41 [2500/5627 (44%)]	Loss: 0.009806
Train Epoch: 41 [2750/5627 (49%)]	Loss: 0.000884
Train Epoch: 41 [3000/5627 (53%)]	Loss: 0.005767
Train Epoch: 41 [3250/5627 (58%)]	Loss: 0.003615
Train Epoch: 41 [3500/5627 (62%)]	Loss: 0.002550
Train Epoch: 41 [3750/5627 (66%)]	Loss: 0.004332
Train Epoch: 41 [4000/5627 (71%)]	Loss: 0.008191
Train Epoch: 41 [4250/5627 (75%)]	Loss: 0.020495
Train Epoch: 41 [4500/5627 (80%)]	Loss: 0.000914
Train Epoch: 41 [4750/5627 (84%)]	Loss: 0.001033
Train Epoch: 41 [5000/5627 (88%)]	Loss: 0.003252
Train Epoch: 41 [5250/5627 (93%)]	Loss: 0.000106
Train Epoch: 41 [5500/5627 (97%)]	Loss: 0.001804
Test set: Average loss: 1.9321, Accuracy: 168/1406 (11%)
Train Epoch: 42 [0/5627 (0%)]	Loss: 0.107970
Train Epoch: 42 [250/5627 (4%)]	Loss: 0.492724
Train Epoch: 42 [500/5627 (9%)]	Loss: 0.089448
Train Epoch: 42 [750/5627 (13%)]	Loss: 0.016189
Train Epoch: 42 [1000/5627 (18%)]	Loss: 0.001888
Train Epoch: 42 [1250/5627 (22%)]	Loss: 0.008843
Train Epoch: 42 [1500/5627 (27%)]	Loss: 0.006795
Train Epoch: 42 [1750/5627 (31%)]	Loss: 0.010063
Train Epoch: 42 [2000/5627 (35%)]	Loss: 0.003364
Train Epoch: 42 [2250/5627 (40%)]	Loss: 0.000596
Train Epoch: 42 [2500/5627 (44%)]	Loss: 0.085054
Train Epoch: 42 [2750/5627 (49%)]	Loss: 0.002802
Train Epoch: 42 [3000/5627 (53%)]	Loss: 0.001435
Train Epoch: 42 [3250/5627 (58%)]	Loss: 0.000141
Train Epoch: 42 [3500/5627 (62%)]	Loss: 0.002171
Train Epoch: 42 [3750/5627 (66%)]	Loss: 0.001530
Train Epoch: 42 [4000/5627 (71%)]	Loss: 0.020279
Train Epoch: 42 [4250/5627 (75%)]	Loss: 0.001013
Train Epoch: 42 [4500/5627 (80%)]	Loss: 0.000781
Train Epoch: 42 [4750/5627 (84%)]	Loss: 0.047747
Train Epoch: 42 [5000/5627 (88%)]	Loss: 0.000250
Train Epoch: 42 [5250/5627 (93%)]	Loss: 0.012805
Train Epoch: 42 [5500/5627 (97%)]	Loss: 0.120508
Test set: Average loss: 2.6027, Accuracy: 202/1406 (14%)
Train Epoch: 43 [0/5627 (0%)]	Loss: 0.016050
Train Epoch: 43 [250/5627 (4%)]	Loss: 0.002229
Train Epoch: 43 [500/5627 (9%)]	Loss: 0.001066
Train Epoch: 43 [750/5627 (13%)]	Loss: 0.005869
Train Epoch: 43 [1000/5627 (18%)]	Loss: 0.007266
Train Epoch: 43 [1250/5627 (22%)]	Loss: 0.006077
Train Epoch: 43 [1500/5627 (27%)]	Loss: 0.197598
Train Epoch: 43 [1750/5627 (31%)]	Loss: 0.000413
Train Epoch: 43 [2000/5627 (35%)]	Loss: 0.000877
Train Epoch: 43 [2250/5627 (40%)]	Loss: 0.001914
Train Epoch: 43 [2500/5627 (44%)]	Loss: 0.097125
Train Epoch: 43 [2750/5627 (49%)]	Loss: 0.000908
Train Epoch: 43 [3000/5627 (53%)]	Loss: 0.003936
Train Epoch: 43 [3250/5627 (58%)]	Loss: 0.000377
Train Epoch: 43 [3500/5627 (62%)]	Loss: 0.000529
Train Epoch: 43 [3750/5627 (66%)]	Loss: 0.063337
Train Epoch: 43 [4000/5627 (71%)]	Loss: 0.318096
Train Epoch: 43 [4250/5627 (75%)]	Loss: 0.006476
Train Epoch: 43 [4500/5627 (80%)]	Loss: 0.000484
Train Epoch: 43 [4750/5627 (84%)]	Loss: 0.033439
Train Epoch: 43 [5000/5627 (88%)]	Loss: 0.357497
Train Epoch: 43 [5250/5627 (93%)]	Loss: 0.011834
Train Epoch: 43 [5500/5627 (97%)]	Loss: 0.019487
Test set: Average loss: 2.0457, Accuracy: 202/1406 (14%)
Train Epoch: 44 [0/5627 (0%)]	Loss: 0.115134
Train Epoch: 44 [250/5627 (4%)]	Loss: 0.123743
Train Epoch: 44 [500/5627 (9%)]	Loss: 0.006217
Train Epoch: 44 [750/5627 (13%)]	Loss: 0.080576
Train Epoch: 44 [1000/5627 (18%)]	Loss: 0.000396
Train Epoch: 44 [1250/5627 (22%)]	Loss: 0.000813
Train Epoch: 44 [1500/5627 (27%)]	Loss: 0.041658
Train Epoch: 44 [1750/5627 (31%)]	Loss: 0.010170
Train Epoch: 44 [2000/5627 (35%)]	Loss: 0.006699
Train Epoch: 44 [2250/5627 (40%)]	Loss: 0.000348
Train Epoch: 44 [2500/5627 (44%)]	Loss: 0.000963
Train Epoch: 44 [2750/5627 (49%)]	Loss: 0.303349
Train Epoch: 44 [3000/5627 (53%)]	Loss: 0.005616
Train Epoch: 44 [3250/5627 (58%)]	Loss: 0.001045
Train Epoch: 44 [3500/5627 (62%)]	Loss: 0.014017
Train Epoch: 44 [3750/5627 (66%)]	Loss: 0.004397
Train Epoch: 44 [4000/5627 (71%)]	Loss: 0.007309
Train Epoch: 44 [4250/5627 (75%)]	Loss: 0.004397
Train Epoch: 44 [4500/5627 (80%)]	Loss: 0.001016
Train Epoch: 44 [4750/5627 (84%)]	Loss: 0.003404
Train Epoch: 44 [5000/5627 (88%)]	Loss: 0.001241
Train Epoch: 44 [5250/5627 (93%)]	Loss: 0.006946
Train Epoch: 44 [5500/5627 (97%)]	Loss: 0.008448
Test set: Average loss: 1.7486, Accuracy: 213/1406 (15%)
Train Epoch: 45 [0/5627 (0%)]	Loss: 0.002550
Train Epoch: 45 [250/5627 (4%)]	Loss: 0.010390
Train Epoch: 45 [500/5627 (9%)]	Loss: 0.002606
Train Epoch: 45 [750/5627 (13%)]	Loss: 0.005532
Train Epoch: 45 [1000/5627 (18%)]	Loss: 0.046918
Train Epoch: 45 [1250/5627 (22%)]	Loss: 0.001607
Train Epoch: 45 [1500/5627 (27%)]	Loss: 0.001197
Train Epoch: 45 [1750/5627 (31%)]	Loss: 0.010463
Train Epoch: 45 [2000/5627 (35%)]	Loss: 0.000411
Train Epoch: 45 [2250/5627 (40%)]	Loss: 0.002849
Train Epoch: 45 [2500/5627 (44%)]	Loss: 0.005179
Train Epoch: 45 [2750/5627 (49%)]	Loss: 0.000442
Train Epoch: 45 [3000/5627 (53%)]	Loss: 0.001399
Train Epoch: 45 [3250/5627 (58%)]	Loss: 0.011576
Train Epoch: 45 [3500/5627 (62%)]	Loss: 0.093855
Train Epoch: 45 [3750/5627 (66%)]	Loss: 0.000541
Train Epoch: 45 [4000/5627 (71%)]	Loss: 0.080367
Train Epoch: 45 [4250/5627 (75%)]	Loss: 0.000669
Train Epoch: 45 [4500/5627 (80%)]	Loss: 0.026383
Train Epoch: 45 [4750/5627 (84%)]	Loss: 0.023820
Train Epoch: 45 [5000/5627 (88%)]	Loss: 0.002301
Train Epoch: 45 [5250/5627 (93%)]	Loss: 0.118889
Train Epoch: 45 [5500/5627 (97%)]	Loss: 0.000512
Test set: Average loss: 2.1901, Accuracy: 688/1406 (48%)
Train Epoch: 46 [0/5627 (0%)]	Loss: 0.003512
Train Epoch: 46 [250/5627 (4%)]	Loss: 0.001015
Train Epoch: 46 [500/5627 (9%)]	Loss: 0.003500
Train Epoch: 46 [750/5627 (13%)]	Loss: 0.000263
Train Epoch: 46 [1000/5627 (18%)]	Loss: 0.000323
Train Epoch: 46 [1250/5627 (22%)]	Loss: 0.002834
Train Epoch: 46 [1500/5627 (27%)]	Loss: 0.004917
Train Epoch: 46 [1750/5627 (31%)]	Loss: 0.000526
Train Epoch: 46 [2000/5627 (35%)]	Loss: 0.000097
Train Epoch: 46 [2250/5627 (40%)]	Loss: 0.000961
Train Epoch: 46 [2500/5627 (44%)]	Loss: 0.000099
Train Epoch: 46 [2750/5627 (49%)]	Loss: 0.003768
Train Epoch: 46 [3000/5627 (53%)]	Loss: 0.000749
Train Epoch: 46 [3250/5627 (58%)]	Loss: 0.000851
Train Epoch: 46 [3500/5627 (62%)]	Loss: 0.000501
Train Epoch: 46 [3750/5627 (66%)]	Loss: 0.001826
Train Epoch: 46 [4000/5627 (71%)]	Loss: 0.000180
Train Epoch: 46 [4250/5627 (75%)]	Loss: 0.001727
Train Epoch: 46 [4500/5627 (80%)]	Loss: 0.000718
Train Epoch: 46 [4750/5627 (84%)]	Loss: 0.000452
Train Epoch: 46 [5000/5627 (88%)]	Loss: 0.005340
Train Epoch: 46 [5250/5627 (93%)]	Loss: 0.000265
Train Epoch: 46 [5500/5627 (97%)]	Loss: 0.000596
Test set: Average loss: 1.6990, Accuracy: 273/1406 (19%)
Train Epoch: 47 [0/5627 (0%)]	Loss: 0.001089
Train Epoch: 47 [250/5627 (4%)]	Loss: 0.004064
Train Epoch: 47 [500/5627 (9%)]	Loss: 0.000310
Train Epoch: 47 [750/5627 (13%)]	Loss: 0.000093
Train Epoch: 47 [1000/5627 (18%)]	Loss: 0.000225
Train Epoch: 47 [1250/5627 (22%)]	Loss: 0.000137
Train Epoch: 47 [1500/5627 (27%)]	Loss: 0.000221
Train Epoch: 47 [1750/5627 (31%)]	Loss: 0.001289
Train Epoch: 47 [2000/5627 (35%)]	Loss: 0.001579
Train Epoch: 47 [2250/5627 (40%)]	Loss: 0.000464
Train Epoch: 47 [2500/5627 (44%)]	Loss: 0.001054
Train Epoch: 47 [2750/5627 (49%)]	Loss: 0.000500
Train Epoch: 47 [3000/5627 (53%)]	Loss: 0.003500
Train Epoch: 47 [3250/5627 (58%)]	Loss: 0.000029
Train Epoch: 47 [3500/5627 (62%)]	Loss: 0.001245
Train Epoch: 47 [3750/5627 (66%)]	Loss: 0.000097
Train Epoch: 47 [4000/5627 (71%)]	Loss: 0.000177
Train Epoch: 47 [4250/5627 (75%)]	Loss: 0.000215
Train Epoch: 47 [4500/5627 (80%)]	Loss: 0.000158
Train Epoch: 47 [4750/5627 (84%)]	Loss: 0.000386
Train Epoch: 47 [5000/5627 (88%)]	Loss: 0.000231
Train Epoch: 47 [5250/5627 (93%)]	Loss: 0.000169
Train Epoch: 47 [5500/5627 (97%)]	Loss: 0.000115
Test set: Average loss: 2.1051, Accuracy: 202/1406 (14%)
Train Epoch: 48 [0/5627 (0%)]	Loss: 0.011885
Train Epoch: 48 [250/5627 (4%)]	Loss: 0.091235
Train Epoch: 48 [500/5627 (9%)]	Loss: 0.002103
Train Epoch: 48 [750/5627 (13%)]	Loss: 0.000307
Train Epoch: 48 [1000/5627 (18%)]	Loss: 0.000859
Train Epoch: 48 [1250/5627 (22%)]	Loss: 0.000244
Train Epoch: 48 [1500/5627 (27%)]	Loss: 0.000470
Train Epoch: 48 [1750/5627 (31%)]	Loss: 0.007285
Train Epoch: 48 [2000/5627 (35%)]	Loss: 0.000090
Train Epoch: 48 [2250/5627 (40%)]	Loss: 0.000074
Train Epoch: 48 [2500/5627 (44%)]	Loss: 0.000035
Train Epoch: 48 [2750/5627 (49%)]	Loss: 0.001084
Train Epoch: 48 [3000/5627 (53%)]	Loss: 0.000068
Train Epoch: 48 [3250/5627 (58%)]	Loss: 0.018266
Train Epoch: 48 [3500/5627 (62%)]	Loss: 0.000789
Train Epoch: 48 [3750/5627 (66%)]	Loss: 0.000009
Train Epoch: 48 [4000/5627 (71%)]	Loss: 0.000190
Train Epoch: 48 [4250/5627 (75%)]	Loss: 0.000999
Train Epoch: 48 [4500/5627 (80%)]	Loss: 0.003613
Train Epoch: 48 [4750/5627 (84%)]	Loss: 0.000030
Train Epoch: 48 [5000/5627 (88%)]	Loss: 0.005479
Train Epoch: 48 [5250/5627 (93%)]	Loss: 0.006700
Train Epoch: 48 [5500/5627 (97%)]	Loss: 0.000016
Test set: Average loss: 1.6445, Accuracy: 913/1406 (64%)
Train Epoch: 49 [0/5627 (0%)]	Loss: 0.002003
Train Epoch: 49 [250/5627 (4%)]	Loss: 0.000380
Train Epoch: 49 [500/5627 (9%)]	Loss: 0.000180
Train Epoch: 49 [750/5627 (13%)]	Loss: 0.000123
Train Epoch: 49 [1000/5627 (18%)]	Loss: 0.000958
Train Epoch: 49 [1250/5627 (22%)]	Loss: 0.000719
Train Epoch: 49 [1500/5627 (27%)]	Loss: 0.000099
Train Epoch: 49 [1750/5627 (31%)]	Loss: 0.000211
Train Epoch: 49 [2000/5627 (35%)]	Loss: 0.001779
Train Epoch: 49 [2250/5627 (40%)]	Loss: 0.000054
Train Epoch: 49 [2500/5627 (44%)]	Loss: 0.000232
Train Epoch: 49 [2750/5627 (49%)]	Loss: 0.000012
Train Epoch: 49 [3000/5627 (53%)]	Loss: 0.000096
Train Epoch: 49 [3250/5627 (58%)]	Loss: 0.000311
Train Epoch: 49 [3500/5627 (62%)]	Loss: 0.000128
Train Epoch: 49 [3750/5627 (66%)]	Loss: 0.000167
Train Epoch: 49 [4000/5627 (71%)]	Loss: 0.000129
Train Epoch: 49 [4250/5627 (75%)]	Loss: 0.000012
Train Epoch: 49 [4500/5627 (80%)]	Loss: 0.000077
Train Epoch: 49 [4750/5627 (84%)]	Loss: 0.001901
Train Epoch: 49 [5000/5627 (88%)]	Loss: 0.000118
Train Epoch: 49 [5250/5627 (93%)]	Loss: 0.000055
Train Epoch: 49 [5500/5627 (97%)]	Loss: 0.000326
Test set: Average loss: 1.2425, Accuracy: 1047/1406 (74%)
Train Epoch: 50 [0/5627 (0%)]	Loss: 0.001933
Train Epoch: 50 [250/5627 (4%)]	Loss: 0.000014
Train Epoch: 50 [500/5627 (9%)]	Loss: 0.000486
Train Epoch: 50 [750/5627 (13%)]	Loss: 0.000146
Train Epoch: 50 [1000/5627 (18%)]	Loss: 0.000010
Train Epoch: 50 [1250/5627 (22%)]	Loss: 0.000146
Train Epoch: 50 [1500/5627 (27%)]	Loss: 0.000040
Train Epoch: 50 [1750/5627 (31%)]	Loss: 0.000061
Train Epoch: 50 [2000/5627 (35%)]	Loss: 0.000265
Train Epoch: 50 [2250/5627 (40%)]	Loss: 0.000776
Train Epoch: 50 [2500/5627 (44%)]	Loss: 0.000582
Train Epoch: 50 [2750/5627 (49%)]	Loss: 0.000254
Train Epoch: 50 [3000/5627 (53%)]	Loss: 0.000917
Train Epoch: 50 [3250/5627 (58%)]	Loss: 0.000012
Train Epoch: 50 [3500/5627 (62%)]	Loss: 0.000154
Train Epoch: 50 [3750/5627 (66%)]	Loss: 0.000905
Train Epoch: 50 [4000/5627 (71%)]	Loss: 0.000034
Train Epoch: 50 [4250/5627 (75%)]	Loss: 0.007728
Train Epoch: 50 [4500/5627 (80%)]	Loss: 0.000084
Train Epoch: 50 [4750/5627 (84%)]	Loss: 0.000388
Train Epoch: 50 [5000/5627 (88%)]	Loss: 0.000047
Train Epoch: 50 [5250/5627 (93%)]	Loss: 0.000005
Train Epoch: 50 [5500/5627 (97%)]	Loss: 0.000136
Test set: Average loss: 1.2368, Accuracy: 1100/1406 (78%)
Train Epoch: 51 [0/5627 (0%)]	Loss: 0.000115
Train Epoch: 51 [250/5627 (4%)]	Loss: 0.000058
Train Epoch: 51 [500/5627 (9%)]	Loss: 0.000125
Train Epoch: 51 [750/5627 (13%)]	Loss: 0.000231
Train Epoch: 51 [1000/5627 (18%)]	Loss: 0.000072
Train Epoch: 51 [1250/5627 (22%)]	Loss: 0.000173
Train Epoch: 51 [1500/5627 (27%)]	Loss: 0.000051
Train Epoch: 51 [1750/5627 (31%)]	Loss: 0.000027
Train Epoch: 51 [2000/5627 (35%)]	Loss: 0.000030
Train Epoch: 51 [2250/5627 (40%)]	Loss: 0.000667
Train Epoch: 51 [2500/5627 (44%)]	Loss: 0.000139
Train Epoch: 51 [2750/5627 (49%)]	Loss: 0.000052
Train Epoch: 51 [3000/5627 (53%)]	Loss: 0.000308
Train Epoch: 51 [3250/5627 (58%)]	Loss: 0.000074
Train Epoch: 51 [3500/5627 (62%)]	Loss: 0.000046
Train Epoch: 51 [3750/5627 (66%)]	Loss: 0.000013
Train Epoch: 51 [4000/5627 (71%)]	Loss: 0.000043
Train Epoch: 51 [4250/5627 (75%)]	Loss: 0.000351
Train Epoch: 51 [4500/5627 (80%)]	Loss: 0.000561
Train Epoch: 51 [4750/5627 (84%)]	Loss: 0.000143
Train Epoch: 51 [5000/5627 (88%)]	Loss: 0.000035
Train Epoch: 51 [5250/5627 (93%)]	Loss: 0.004156
Train Epoch: 51 [5500/5627 (97%)]	Loss: 0.004698
Test set: Average loss: 1.3327, Accuracy: 1069/1406 (76%)
Train Epoch: 52 [0/5627 (0%)]	Loss: 0.000067
Train Epoch: 52 [250/5627 (4%)]	Loss: 0.000012
Train Epoch: 52 [500/5627 (9%)]	Loss: 0.000135
Train Epoch: 52 [750/5627 (13%)]	Loss: 0.000007
Train Epoch: 52 [1000/5627 (18%)]	Loss: 0.000051
Train Epoch: 52 [1250/5627 (22%)]	Loss: 0.000029
Train Epoch: 52 [1500/5627 (27%)]	Loss: 0.000070
Train Epoch: 52 [1750/5627 (31%)]	Loss: 0.000155
Train Epoch: 52 [2000/5627 (35%)]	Loss: 0.000037
Train Epoch: 52 [2250/5627 (40%)]	Loss: 0.000099
Train Epoch: 52 [2500/5627 (44%)]	Loss: 0.000398
Train Epoch: 52 [2750/5627 (49%)]	Loss: 0.000980
Train Epoch: 52 [3000/5627 (53%)]	Loss: 0.000025
Train Epoch: 52 [3250/5627 (58%)]	Loss: 0.000309
Train Epoch: 52 [3500/5627 (62%)]	Loss: 0.001159
Train Epoch: 52 [3750/5627 (66%)]	Loss: 0.021913
Train Epoch: 52 [4000/5627 (71%)]	Loss: 0.000043
Train Epoch: 52 [4250/5627 (75%)]	Loss: 0.000182
Train Epoch: 52 [4500/5627 (80%)]	Loss: 0.000010
Train Epoch: 52 [4750/5627 (84%)]	Loss: 0.000026
Train Epoch: 52 [5000/5627 (88%)]	Loss: 0.000124
Train Epoch: 52 [5250/5627 (93%)]	Loss: 0.000026
Train Epoch: 52 [5500/5627 (97%)]	Loss: 0.000074
Test set: Average loss: 1.1840, Accuracy: 1122/1406 (79%)
Train Epoch: 53 [0/5627 (0%)]	Loss: 0.000018
Train Epoch: 53 [250/5627 (4%)]	Loss: 0.000752
Train Epoch: 53 [500/5627 (9%)]	Loss: 0.000048
Train Epoch: 53 [750/5627 (13%)]	Loss: 0.000028
Train Epoch: 53 [1000/5627 (18%)]	Loss: 0.000022
Train Epoch: 53 [1250/5627 (22%)]	Loss: 0.000226
Train Epoch: 53 [1500/5627 (27%)]	Loss: 0.000113
Train Epoch: 53 [1750/5627 (31%)]	Loss: 0.000023
Train Epoch: 53 [2000/5627 (35%)]	Loss: 0.000831
Train Epoch: 53 [2250/5627 (40%)]	Loss: 0.000167
Train Epoch: 53 [2500/5627 (44%)]	Loss: 0.000026
Train Epoch: 53 [2750/5627 (49%)]	Loss: 0.000032
Train Epoch: 53 [3000/5627 (53%)]	Loss: 0.000006
Train Epoch: 53 [3250/5627 (58%)]	Loss: 0.000005
Train Epoch: 53 [3500/5627 (62%)]	Loss: 0.000008
Train Epoch: 53 [3750/5627 (66%)]	Loss: 0.009268
Train Epoch: 53 [4000/5627 (71%)]	Loss: 0.000005
Train Epoch: 53 [4250/5627 (75%)]	Loss: 0.000019
Train Epoch: 53 [4500/5627 (80%)]	Loss: 0.000013
Train Epoch: 53 [4750/5627 (84%)]	Loss: 0.000022
Train Epoch: 53 [5000/5627 (88%)]	Loss: 0.000018
Train Epoch: 53 [5250/5627 (93%)]	Loss: 0.000003
Train Epoch: 53 [5500/5627 (97%)]	Loss: 0.000094
Test set: Average loss: 1.4615, Accuracy: 1046/1406 (74%)
Train Epoch: 54 [0/5627 (0%)]	Loss: 0.000020
Train Epoch: 54 [250/5627 (4%)]	Loss: 0.000015
Train Epoch: 54 [500/5627 (9%)]	Loss: 0.000056
Train Epoch: 54 [750/5627 (13%)]	Loss: 0.000279
Train Epoch: 54 [1000/5627 (18%)]	Loss: 0.000034
Train Epoch: 54 [1250/5627 (22%)]	Loss: 0.000001
Train Epoch: 54 [1500/5627 (27%)]	Loss: 0.000004
Train Epoch: 54 [1750/5627 (31%)]	Loss: 0.001647
Train Epoch: 54 [2000/5627 (35%)]	Loss: 0.001559
Train Epoch: 54 [2250/5627 (40%)]	Loss: 0.000011
Train Epoch: 54 [2500/5627 (44%)]	Loss: 0.000005
Train Epoch: 54 [2750/5627 (49%)]	Loss: 0.000082
Train Epoch: 54 [3000/5627 (53%)]	Loss: 0.000042
Train Epoch: 54 [3250/5627 (58%)]	Loss: 0.000023
Train Epoch: 54 [3500/5627 (62%)]	Loss: 0.000061
Train Epoch: 54 [3750/5627 (66%)]	Loss: 0.000017
Train Epoch: 54 [4000/5627 (71%)]	Loss: 0.000019
Train Epoch: 54 [4250/5627 (75%)]	Loss: 0.000061
Train Epoch: 54 [4500/5627 (80%)]	Loss: 0.000092
Train Epoch: 54 [4750/5627 (84%)]	Loss: 0.000864
Train Epoch: 54 [5000/5627 (88%)]	Loss: 0.000008
Train Epoch: 54 [5250/5627 (93%)]	Loss: 0.000102
Train Epoch: 54 [5500/5627 (97%)]	Loss: 0.000161
Test set: Average loss: 1.8432, Accuracy: 202/1406 (14%)
Train Epoch: 55 [0/5627 (0%)]	Loss: 0.000080
Train Epoch: 55 [250/5627 (4%)]	Loss: 0.002219
Train Epoch: 55 [500/5627 (9%)]	Loss: 0.003293
Train Epoch: 55 [750/5627 (13%)]	Loss: 0.000082
Train Epoch: 55 [1000/5627 (18%)]	Loss: 0.000070
Train Epoch: 55 [1250/5627 (22%)]	Loss: 0.000044
Train Epoch: 55 [1500/5627 (27%)]	Loss: 0.010798
Train Epoch: 55 [1750/5627 (31%)]	Loss: 0.000682
Train Epoch: 55 [2000/5627 (35%)]	Loss: 0.000198
Train Epoch: 55 [2250/5627 (40%)]	Loss: 0.003807
Train Epoch: 55 [2500/5627 (44%)]	Loss: 0.000039
Train Epoch: 55 [2750/5627 (49%)]	Loss: 0.005148
Train Epoch: 55 [3000/5627 (53%)]	Loss: 0.000395
Train Epoch: 55 [3250/5627 (58%)]	Loss: 0.000081
Train Epoch: 55 [3500/5627 (62%)]	Loss: 0.000061
Train Epoch: 55 [3750/5627 (66%)]	Loss: 0.000093
Train Epoch: 55 [4000/5627 (71%)]	Loss: 0.002453
Train Epoch: 55 [4250/5627 (75%)]	Loss: 0.001685
Train Epoch: 55 [4500/5627 (80%)]	Loss: 0.164601
Train Epoch: 55 [4750/5627 (84%)]	Loss: 0.000412
Train Epoch: 55 [5000/5627 (88%)]	Loss: 0.009252
Train Epoch: 55 [5250/5627 (93%)]	Loss: 0.000816
Train Epoch: 55 [5500/5627 (97%)]	Loss: 0.027628
Test set: Average loss: 1.3119, Accuracy: 1059/1406 (75%)
Train Epoch: 56 [0/5627 (0%)]	Loss: 0.000225
Train Epoch: 56 [250/5627 (4%)]	Loss: 0.000064
Train Epoch: 56 [500/5627 (9%)]	Loss: 0.000229
Train Epoch: 56 [750/5627 (13%)]	Loss: 0.000043
Train Epoch: 56 [1000/5627 (18%)]	Loss: 0.000023
Train Epoch: 56 [1250/5627 (22%)]	Loss: 0.000071
Train Epoch: 56 [1500/5627 (27%)]	Loss: 0.000444
Train Epoch: 56 [1750/5627 (31%)]	Loss: 0.000178
Train Epoch: 56 [2000/5627 (35%)]	Loss: 0.000056
Train Epoch: 56 [2250/5627 (40%)]	Loss: 0.000007
Train Epoch: 56 [2500/5627 (44%)]	Loss: 0.000033
Train Epoch: 56 [2750/5627 (49%)]	Loss: 0.000124
Train Epoch: 56 [3000/5627 (53%)]	Loss: 0.000100
Train Epoch: 56 [3250/5627 (58%)]	Loss: 0.000140
Train Epoch: 56 [3500/5627 (62%)]	Loss: 0.000137
Train Epoch: 56 [3750/5627 (66%)]	Loss: 0.000089
Train Epoch: 56 [4000/5627 (71%)]	Loss: 0.000056
Train Epoch: 56 [4250/5627 (75%)]	Loss: 0.000054
Train Epoch: 56 [4500/5627 (80%)]	Loss: 0.000821
Train Epoch: 56 [4750/5627 (84%)]	Loss: 0.038254
Train Epoch: 56 [5000/5627 (88%)]	Loss: 0.000008
Train Epoch: 56 [5250/5627 (93%)]	Loss: 0.000208
Train Epoch: 56 [5500/5627 (97%)]	Loss: 0.000677
Test set: Average loss: 1.8861, Accuracy: 497/1406 (35%)
Train Epoch: 57 [0/5627 (0%)]	Loss: 0.000018
Train Epoch: 57 [250/5627 (4%)]	Loss: 0.000311
Train Epoch: 57 [500/5627 (9%)]	Loss: 0.000187
Train Epoch: 57 [750/5627 (13%)]	Loss: 0.000066
Train Epoch: 57 [1000/5627 (18%)]	Loss: 0.000018
Train Epoch: 57 [1250/5627 (22%)]	Loss: 0.000027
Train Epoch: 57 [1500/5627 (27%)]	Loss: 0.000379
Train Epoch: 57 [1750/5627 (31%)]	Loss: 0.000042
Train Epoch: 57 [2000/5627 (35%)]	Loss: 0.000026
Train Epoch: 57 [2250/5627 (40%)]	Loss: 0.050134
Train Epoch: 57 [2500/5627 (44%)]	Loss: 0.000030
Train Epoch: 57 [2750/5627 (49%)]	Loss: 0.000037
Train Epoch: 57 [3000/5627 (53%)]	Loss: 0.000118
Train Epoch: 57 [3250/5627 (58%)]	Loss: 0.000086
Train Epoch: 57 [3500/5627 (62%)]	Loss: 0.000017
Train Epoch: 57 [3750/5627 (66%)]	Loss: 0.000235
Train Epoch: 57 [4000/5627 (71%)]	Loss: 0.000027
Train Epoch: 57 [4250/5627 (75%)]	Loss: 0.001784
Train Epoch: 57 [4500/5627 (80%)]	Loss: 0.008729
Train Epoch: 57 [4750/5627 (84%)]	Loss: 0.000014
Train Epoch: 57 [5000/5627 (88%)]	Loss: 0.000087
Train Epoch: 57 [5250/5627 (93%)]	Loss: 0.000052
Train Epoch: 57 [5500/5627 (97%)]	Loss: 0.000036
Test set: Average loss: 1.2674, Accuracy: 1117/1406 (79%)
Train Epoch: 58 [0/5627 (0%)]	Loss: 0.000722
Train Epoch: 58 [250/5627 (4%)]	Loss: 0.000148
Train Epoch: 58 [500/5627 (9%)]	Loss: 0.000142
Train Epoch: 58 [750/5627 (13%)]	Loss: 0.000214
Train Epoch: 58 [1000/5627 (18%)]	Loss: 0.003663
Train Epoch: 58 [1250/5627 (22%)]	Loss: 0.000043
Train Epoch: 58 [1500/5627 (27%)]	Loss: 0.000310
Train Epoch: 58 [1750/5627 (31%)]	Loss: 0.000679
Train Epoch: 58 [2000/5627 (35%)]	Loss: 0.000047
Train Epoch: 58 [2250/5627 (40%)]	Loss: 0.000120
Train Epoch: 58 [2500/5627 (44%)]	Loss: 0.000015
Train Epoch: 58 [2750/5627 (49%)]	Loss: 0.008790
Train Epoch: 58 [3000/5627 (53%)]	Loss: 0.000010
Train Epoch: 58 [3250/5627 (58%)]	Loss: 0.000005
Train Epoch: 58 [3500/5627 (62%)]	Loss: 0.000079
Train Epoch: 58 [3750/5627 (66%)]	Loss: 0.000048
Train Epoch: 58 [4000/5627 (71%)]	Loss: 0.000009
Train Epoch: 58 [4250/5627 (75%)]	Loss: 0.001981
Train Epoch: 58 [4500/5627 (80%)]	Loss: 0.000223
Train Epoch: 58 [4750/5627 (84%)]	Loss: 0.000076
Train Epoch: 58 [5000/5627 (88%)]	Loss: 0.000116
Train Epoch: 58 [5250/5627 (93%)]	Loss: 0.000122
Train Epoch: 58 [5500/5627 (97%)]	Loss: 0.000016
Test set: Average loss: 1.7537, Accuracy: 380/1406 (27%)
Train Epoch: 59 [0/5627 (0%)]	Loss: 0.000443
Train Epoch: 59 [250/5627 (4%)]	Loss: 0.008200
Train Epoch: 59 [500/5627 (9%)]	Loss: 0.252287
Train Epoch: 59 [750/5627 (13%)]	Loss: 0.549948
Train Epoch: 59 [1000/5627 (18%)]	Loss: 0.002962
Train Epoch: 59 [1250/5627 (22%)]	Loss: 0.003662
Train Epoch: 59 [1500/5627 (27%)]	Loss: 0.044222
Train Epoch: 59 [1750/5627 (31%)]	Loss: 0.008535
Train Epoch: 59 [2000/5627 (35%)]	Loss: 0.143485
Train Epoch: 59 [2250/5627 (40%)]	Loss: 0.001307
Train Epoch: 59 [2500/5627 (44%)]	Loss: 0.025564
Train Epoch: 59 [2750/5627 (49%)]	Loss: 0.002418
Train Epoch: 59 [3000/5627 (53%)]	Loss: 0.005846
Train Epoch: 59 [3250/5627 (58%)]	Loss: 0.009991
Train Epoch: 59 [3500/5627 (62%)]	Loss: 0.000523
Train Epoch: 59 [3750/5627 (66%)]	Loss: 0.052172
Train Epoch: 59 [4000/5627 (71%)]	Loss: 0.002310
Train Epoch: 59 [4250/5627 (75%)]	Loss: 0.087206
Train Epoch: 59 [4500/5627 (80%)]	Loss: 0.002826
Train Epoch: 59 [4750/5627 (84%)]	Loss: 0.001455
Train Epoch: 59 [5000/5627 (88%)]	Loss: 0.057075
Train Epoch: 59 [5250/5627 (93%)]	Loss: 0.015024
Train Epoch: 59 [5500/5627 (97%)]	Loss: 0.003497
Test set: Average loss: 1.6278, Accuracy: 380/1406 (27%)
Train Epoch: 60 [0/5627 (0%)]	Loss: 0.000208
Train Epoch: 60 [250/5627 (4%)]	Loss: 0.000318
Train Epoch: 60 [500/5627 (9%)]	Loss: 0.000509
Train Epoch: 60 [750/5627 (13%)]	Loss: 0.000257
Train Epoch: 60 [1000/5627 (18%)]	Loss: 0.003218
Train Epoch: 60 [1250/5627 (22%)]	Loss: 0.005329
Train Epoch: 60 [1500/5627 (27%)]	Loss: 0.002572
Train Epoch: 60 [1750/5627 (31%)]	Loss: 0.005453
Train Epoch: 60 [2000/5627 (35%)]	Loss: 0.000314
Train Epoch: 60 [2250/5627 (40%)]	Loss: 0.000880
Train Epoch: 60 [2500/5627 (44%)]	Loss: 0.000102
Train Epoch: 60 [2750/5627 (49%)]	Loss: 0.001407
Train Epoch: 60 [3000/5627 (53%)]	Loss: 0.104983
Train Epoch: 60 [3250/5627 (58%)]	Loss: 0.000110
Train Epoch: 60 [3500/5627 (62%)]	Loss: 0.034670
Train Epoch: 60 [3750/5627 (66%)]	Loss: 0.000141
Train Epoch: 60 [4000/5627 (71%)]	Loss: 0.001165
Train Epoch: 60 [4250/5627 (75%)]	Loss: 0.000666
Train Epoch: 60 [4500/5627 (80%)]	Loss: 0.006197
Train Epoch: 60 [4750/5627 (84%)]	Loss: 0.023915
Train Epoch: 60 [5000/5627 (88%)]	Loss: 0.009414
Train Epoch: 60 [5250/5627 (93%)]	Loss: 0.000831
Train Epoch: 60 [5500/5627 (97%)]	Loss: 0.001012
Test set: Average loss: 1.6948, Accuracy: 186/1406 (13%)
