getting datasets
finished
trainning neck_design_labels:
Train Epoch: 1 [0/4556 (0%)]	Loss: 1.679689
Train Epoch: 1 [250/4556 (5%)]	Loss: 1.808522
Train Epoch: 1 [500/4556 (11%)]	Loss: 2.066349
Train Epoch: 1 [750/4556 (16%)]	Loss: 1.802132
Train Epoch: 1 [1000/4556 (22%)]	Loss: 1.708805
Train Epoch: 1 [1250/4556 (27%)]	Loss: 1.740679
Train Epoch: 1 [1500/4556 (33%)]	Loss: 1.693657
Train Epoch: 1 [1750/4556 (38%)]	Loss: 1.936048
Train Epoch: 1 [2000/4556 (44%)]	Loss: 1.416225
Train Epoch: 1 [2250/4556 (49%)]	Loss: 1.951546
Train Epoch: 1 [2500/4556 (55%)]	Loss: 1.529083
Train Epoch: 1 [2750/4556 (60%)]	Loss: 1.921101
Train Epoch: 1 [3000/4556 (66%)]	Loss: 1.482879
Train Epoch: 1 [3250/4556 (71%)]	Loss: 1.320539
Train Epoch: 1 [3500/4556 (77%)]	Loss: 1.669869
Train Epoch: 1 [3750/4556 (82%)]	Loss: 1.444234
Train Epoch: 1 [4000/4556 (87%)]	Loss: 1.953678
Train Epoch: 1 [4250/4556 (93%)]	Loss: 1.188399
Train Epoch: 1 [4500/4556 (98%)]	Loss: 1.997500
Test set: Average loss: 1.9161, Accuracy: 267/1139 (23%)
Train Epoch: 2 [0/4556 (0%)]	Loss: 1.414388
Train Epoch: 2 [250/4556 (5%)]	Loss: 1.234735
Train Epoch: 2 [500/4556 (11%)]	Loss: 1.334970
Train Epoch: 2 [750/4556 (16%)]	Loss: 1.322611
Train Epoch: 2 [1000/4556 (22%)]	Loss: 1.359780
Train Epoch: 2 [1250/4556 (27%)]	Loss: 0.781100
Train Epoch: 2 [1500/4556 (33%)]	Loss: 1.149893
Train Epoch: 2 [1750/4556 (38%)]	Loss: 0.846991
Train Epoch: 2 [2000/4556 (44%)]	Loss: 0.979640
Train Epoch: 2 [2250/4556 (49%)]	Loss: 1.703698
Train Epoch: 2 [2500/4556 (55%)]	Loss: 1.450189
Train Epoch: 2 [2750/4556 (60%)]	Loss: 1.519816
Train Epoch: 2 [3000/4556 (66%)]	Loss: 1.546356
Train Epoch: 2 [3250/4556 (71%)]	Loss: 1.031728
Train Epoch: 2 [3500/4556 (77%)]	Loss: 1.054952
Train Epoch: 2 [3750/4556 (82%)]	Loss: 0.987867
Train Epoch: 2 [4000/4556 (87%)]	Loss: 0.901970
Train Epoch: 2 [4250/4556 (93%)]	Loss: 1.488617
Train Epoch: 2 [4500/4556 (98%)]	Loss: 1.222857
Test set: Average loss: 119.7259, Accuracy: 225/1139 (19%)
Train Epoch: 3 [0/4556 (0%)]	Loss: 2.328063
Train Epoch: 3 [250/4556 (5%)]	Loss: 0.808747
Train Epoch: 3 [500/4556 (11%)]	Loss: 0.701957
Train Epoch: 3 [750/4556 (16%)]	Loss: 0.459148
Train Epoch: 3 [1000/4556 (22%)]	Loss: 0.774663
Train Epoch: 3 [1250/4556 (27%)]	Loss: 0.845605
Train Epoch: 3 [1500/4556 (33%)]	Loss: 0.767517
Train Epoch: 3 [1750/4556 (38%)]	Loss: 0.792744
Train Epoch: 3 [2000/4556 (44%)]	Loss: 1.211292
Train Epoch: 3 [2250/4556 (49%)]	Loss: 0.577990
Train Epoch: 3 [2500/4556 (55%)]	Loss: 1.071560
Train Epoch: 3 [2750/4556 (60%)]	Loss: 0.944629
Train Epoch: 3 [3000/4556 (66%)]	Loss: 1.240788
Train Epoch: 3 [3250/4556 (71%)]	Loss: 0.734532
Train Epoch: 3 [3500/4556 (77%)]	Loss: 0.577048
Train Epoch: 3 [3750/4556 (82%)]	Loss: 1.088403
Train Epoch: 3 [4000/4556 (87%)]	Loss: 0.971831
Train Epoch: 3 [4250/4556 (93%)]	Loss: 1.037916
Train Epoch: 3 [4500/4556 (98%)]	Loss: 0.669015
Test set: Average loss: 2.9846, Accuracy: 287/1139 (25%)
Train Epoch: 4 [0/4556 (0%)]	Loss: 1.112540
Train Epoch: 4 [250/4556 (5%)]	Loss: 0.403720
Train Epoch: 4 [500/4556 (11%)]	Loss: 0.320450
Train Epoch: 4 [750/4556 (16%)]	Loss: 0.213220
Train Epoch: 4 [1000/4556 (22%)]	Loss: 0.599912
Train Epoch: 4 [1250/4556 (27%)]	Loss: 0.462570
Train Epoch: 4 [1500/4556 (33%)]	Loss: 0.452978
Train Epoch: 4 [1750/4556 (38%)]	Loss: 0.270003
Train Epoch: 4 [2000/4556 (44%)]	Loss: 0.575323
Train Epoch: 4 [2250/4556 (49%)]	Loss: 0.488745
Train Epoch: 4 [2500/4556 (55%)]	Loss: 0.868566
Train Epoch: 4 [2750/4556 (60%)]	Loss: 1.094101
Train Epoch: 4 [3000/4556 (66%)]	Loss: 0.380477
Train Epoch: 4 [3250/4556 (71%)]	Loss: 1.072422
Train Epoch: 4 [3500/4556 (77%)]	Loss: 0.441863
Train Epoch: 4 [3750/4556 (82%)]	Loss: 1.000561
Train Epoch: 4 [4000/4556 (87%)]	Loss: 1.115772
Train Epoch: 4 [4250/4556 (93%)]	Loss: 1.302284
Train Epoch: 4 [4500/4556 (98%)]	Loss: 0.202030
Test set: Average loss: 7.9803, Accuracy: 225/1139 (19%)
Train Epoch: 5 [0/4556 (0%)]	Loss: 1.560184
Train Epoch: 5 [250/4556 (5%)]	Loss: 0.183009
Train Epoch: 5 [500/4556 (11%)]	Loss: 0.355162
Train Epoch: 5 [750/4556 (16%)]	Loss: 0.343571
Train Epoch: 5 [1000/4556 (22%)]	Loss: 0.448355
Train Epoch: 5 [1250/4556 (27%)]	Loss: 0.400760
Train Epoch: 5 [1500/4556 (33%)]	Loss: 0.224794
Train Epoch: 5 [1750/4556 (38%)]	Loss: 0.395592
Train Epoch: 5 [2000/4556 (44%)]	Loss: 0.360629
Train Epoch: 5 [2250/4556 (49%)]	Loss: 0.307922
Train Epoch: 5 [2500/4556 (55%)]	Loss: 0.616336
Train Epoch: 5 [2750/4556 (60%)]	Loss: 0.462734
Train Epoch: 5 [3000/4556 (66%)]	Loss: 0.661719
Train Epoch: 5 [3250/4556 (71%)]	Loss: 0.774038
Train Epoch: 5 [3500/4556 (77%)]	Loss: 0.406217
Train Epoch: 5 [3750/4556 (82%)]	Loss: 0.405387
Train Epoch: 5 [4000/4556 (87%)]	Loss: 0.376549
Train Epoch: 5 [4250/4556 (93%)]	Loss: 0.419958
Train Epoch: 5 [4500/4556 (98%)]	Loss: 0.461543
Test set: Average loss: 95.9598, Accuracy: 225/1139 (19%)
Train Epoch: 6 [0/4556 (0%)]	Loss: 0.156242
Train Epoch: 6 [250/4556 (5%)]	Loss: 0.289883
Train Epoch: 6 [500/4556 (11%)]	Loss: 0.664056
Train Epoch: 6 [750/4556 (16%)]	Loss: 0.177843
Train Epoch: 6 [1000/4556 (22%)]	Loss: 0.711873
Train Epoch: 6 [1250/4556 (27%)]	Loss: 0.171400
Train Epoch: 6 [1500/4556 (33%)]	Loss: 0.385414
Train Epoch: 6 [1750/4556 (38%)]	Loss: 0.172693
Train Epoch: 6 [2000/4556 (44%)]	Loss: 0.081082
Train Epoch: 6 [2250/4556 (49%)]	Loss: 0.305782
Train Epoch: 6 [2500/4556 (55%)]	Loss: 0.591365
Train Epoch: 6 [2750/4556 (60%)]	Loss: 0.283539
Train Epoch: 6 [3000/4556 (66%)]	Loss: 0.158073
Train Epoch: 6 [3250/4556 (71%)]	Loss: 0.200051
Train Epoch: 6 [3500/4556 (77%)]	Loss: 0.484906
Train Epoch: 6 [3750/4556 (82%)]	Loss: 0.273130
Train Epoch: 6 [4000/4556 (87%)]	Loss: 0.046223
Train Epoch: 6 [4250/4556 (93%)]	Loss: 0.086011
Train Epoch: 6 [4500/4556 (98%)]	Loss: 0.461419
Test set: Average loss: 2.3053, Accuracy: 159/1139 (13%)
Train Epoch: 7 [0/4556 (0%)]	Loss: 0.088168
Train Epoch: 7 [250/4556 (5%)]	Loss: 0.048208
Train Epoch: 7 [500/4556 (11%)]	Loss: 0.146083
Train Epoch: 7 [750/4556 (16%)]	Loss: 0.091906
Train Epoch: 7 [1000/4556 (22%)]	Loss: 0.250361
Train Epoch: 7 [1250/4556 (27%)]	Loss: 0.065293
Train Epoch: 7 [1500/4556 (33%)]	Loss: 0.243351
Train Epoch: 7 [1750/4556 (38%)]	Loss: 0.099131
Train Epoch: 7 [2000/4556 (44%)]	Loss: 0.075256
Train Epoch: 7 [2250/4556 (49%)]	Loss: 0.065730
Train Epoch: 7 [2500/4556 (55%)]	Loss: 0.073653
Train Epoch: 7 [2750/4556 (60%)]	Loss: 0.238899
Train Epoch: 7 [3000/4556 (66%)]	Loss: 0.047614
Train Epoch: 7 [3250/4556 (71%)]	Loss: 0.257558
Train Epoch: 7 [3500/4556 (77%)]	Loss: 0.172481
Train Epoch: 7 [3750/4556 (82%)]	Loss: 0.082041
Train Epoch: 7 [4000/4556 (87%)]	Loss: 0.308422
Train Epoch: 7 [4250/4556 (93%)]	Loss: 0.090543
Train Epoch: 7 [4500/4556 (98%)]	Loss: 0.661607
Test set: Average loss: 30.8648, Accuracy: 204/1139 (17%)
Train Epoch: 8 [0/4556 (0%)]	Loss: 0.078369
Train Epoch: 8 [250/4556 (5%)]	Loss: 0.057245
Train Epoch: 8 [500/4556 (11%)]	Loss: 0.243027
Train Epoch: 8 [750/4556 (16%)]	Loss: 0.260895
Train Epoch: 8 [1000/4556 (22%)]	Loss: 0.102114
Train Epoch: 8 [1250/4556 (27%)]	Loss: 0.005509
Train Epoch: 8 [1500/4556 (33%)]	Loss: 0.113914
Train Epoch: 8 [1750/4556 (38%)]	Loss: 0.174880
Train Epoch: 8 [2000/4556 (44%)]	Loss: 0.107422
Train Epoch: 8 [2250/4556 (49%)]	Loss: 0.029612
Train Epoch: 8 [2500/4556 (55%)]	Loss: 0.016222
Train Epoch: 8 [2750/4556 (60%)]	Loss: 0.088159
Train Epoch: 8 [3000/4556 (66%)]	Loss: 0.072424
Train Epoch: 8 [3250/4556 (71%)]	Loss: 0.363842
Train Epoch: 8 [3500/4556 (77%)]	Loss: 0.032970
Train Epoch: 8 [3750/4556 (82%)]	Loss: 0.012229
Train Epoch: 8 [4000/4556 (87%)]	Loss: 0.070991
Train Epoch: 8 [4250/4556 (93%)]	Loss: 0.024000
Train Epoch: 8 [4500/4556 (98%)]	Loss: 0.202408
Test set: Average loss: 2.3493, Accuracy: 174/1139 (15%)
Train Epoch: 9 [0/4556 (0%)]	Loss: 0.004977
Train Epoch: 9 [250/4556 (5%)]	Loss: 0.121580
Train Epoch: 9 [500/4556 (11%)]	Loss: 0.240012
Train Epoch: 9 [750/4556 (16%)]	Loss: 0.024973
Train Epoch: 9 [1000/4556 (22%)]	Loss: 0.144994
Train Epoch: 9 [1250/4556 (27%)]	Loss: 0.138464
Train Epoch: 9 [1500/4556 (33%)]	Loss: 0.393731
Train Epoch: 9 [1750/4556 (38%)]	Loss: 0.021880
Train Epoch: 9 [2000/4556 (44%)]	Loss: 0.045146
Train Epoch: 9 [2250/4556 (49%)]	Loss: 0.125041
Train Epoch: 9 [2500/4556 (55%)]	Loss: 0.046024
Train Epoch: 9 [2750/4556 (60%)]	Loss: 0.017166
Train Epoch: 9 [3000/4556 (66%)]	Loss: 0.060978
Train Epoch: 9 [3250/4556 (71%)]	Loss: 0.081653
Train Epoch: 9 [3500/4556 (77%)]	Loss: 0.043086
Train Epoch: 9 [3750/4556 (82%)]	Loss: 0.048314
Train Epoch: 9 [4000/4556 (87%)]	Loss: 0.068525
Train Epoch: 9 [4250/4556 (93%)]	Loss: 0.104391
Train Epoch: 9 [4500/4556 (98%)]	Loss: 0.121804
Test set: Average loss: 2.9303, Accuracy: 267/1139 (23%)
Train Epoch: 10 [0/4556 (0%)]	Loss: 0.184734
Train Epoch: 10 [250/4556 (5%)]	Loss: 0.016469
Train Epoch: 10 [500/4556 (11%)]	Loss: 0.311023
Train Epoch: 10 [750/4556 (16%)]	Loss: 0.050907
Train Epoch: 10 [1000/4556 (22%)]	Loss: 0.055207
Train Epoch: 10 [1250/4556 (27%)]	Loss: 0.030981
Train Epoch: 10 [1500/4556 (33%)]	Loss: 0.056617
Train Epoch: 10 [1750/4556 (38%)]	Loss: 0.029887
Train Epoch: 10 [2000/4556 (44%)]	Loss: 0.064820
Train Epoch: 10 [2250/4556 (49%)]	Loss: 0.016239
Train Epoch: 10 [2500/4556 (55%)]	Loss: 0.357543
Train Epoch: 10 [2750/4556 (60%)]	Loss: 0.311352
Train Epoch: 10 [3000/4556 (66%)]	Loss: 0.253587
Train Epoch: 10 [3250/4556 (71%)]	Loss: 0.078374
Train Epoch: 10 [3500/4556 (77%)]	Loss: 0.022957
Train Epoch: 10 [3750/4556 (82%)]	Loss: 0.043274
Train Epoch: 10 [4000/4556 (87%)]	Loss: 0.009403
Train Epoch: 10 [4250/4556 (93%)]	Loss: 0.033050
Train Epoch: 10 [4500/4556 (98%)]	Loss: 0.014696
Test set: Average loss: 2.5422, Accuracy: 201/1139 (17%)
Train Epoch: 11 [0/4556 (0%)]	Loss: 0.255922
Train Epoch: 11 [250/4556 (5%)]	Loss: 0.110967
Train Epoch: 11 [500/4556 (11%)]	Loss: 0.047914
Train Epoch: 11 [750/4556 (16%)]	Loss: 0.005757
Train Epoch: 11 [1000/4556 (22%)]	Loss: 0.096201
Train Epoch: 11 [1250/4556 (27%)]	Loss: 0.043963
Train Epoch: 11 [1500/4556 (33%)]	Loss: 0.081816
Train Epoch: 11 [1750/4556 (38%)]	Loss: 0.024036
Train Epoch: 11 [2000/4556 (44%)]	Loss: 0.074588
Train Epoch: 11 [2250/4556 (49%)]	Loss: 0.342125
Train Epoch: 11 [2500/4556 (55%)]	Loss: 0.049011
Train Epoch: 11 [2750/4556 (60%)]	Loss: 0.029969
Train Epoch: 11 [3000/4556 (66%)]	Loss: 0.037566
Train Epoch: 11 [3250/4556 (71%)]	Loss: 0.138416
Train Epoch: 11 [3500/4556 (77%)]	Loss: 0.030394
Train Epoch: 11 [3750/4556 (82%)]	Loss: 0.267088
Train Epoch: 11 [4000/4556 (87%)]	Loss: 0.080361
Train Epoch: 11 [4250/4556 (93%)]	Loss: 0.194616
Train Epoch: 11 [4500/4556 (98%)]	Loss: 0.016671
Test set: Average loss: 2.3117, Accuracy: 159/1139 (13%)
Train Epoch: 12 [0/4556 (0%)]	Loss: 0.011363
Train Epoch: 12 [250/4556 (5%)]	Loss: 0.342505
Train Epoch: 12 [500/4556 (11%)]	Loss: 0.149286
Train Epoch: 12 [750/4556 (16%)]	Loss: 0.232703
Train Epoch: 12 [1000/4556 (22%)]	Loss: 0.154100
Train Epoch: 12 [1250/4556 (27%)]	Loss: 0.311361
Train Epoch: 12 [1500/4556 (33%)]	Loss: 0.020620
Train Epoch: 12 [1750/4556 (38%)]	Loss: 0.012759
Train Epoch: 12 [2000/4556 (44%)]	Loss: 0.039285
Train Epoch: 12 [2250/4556 (49%)]	Loss: 0.059484
Train Epoch: 12 [2500/4556 (55%)]	Loss: 0.035414
Train Epoch: 12 [2750/4556 (60%)]	Loss: 0.079444
Train Epoch: 12 [3000/4556 (66%)]	Loss: 0.077329
Train Epoch: 12 [3250/4556 (71%)]	Loss: 0.031640
Train Epoch: 12 [3500/4556 (77%)]	Loss: 0.073322
Train Epoch: 12 [3750/4556 (82%)]	Loss: 0.087880
Train Epoch: 12 [4000/4556 (87%)]	Loss: 0.016856
Train Epoch: 12 [4250/4556 (93%)]	Loss: 0.023695
Train Epoch: 12 [4500/4556 (98%)]	Loss: 0.094038
Test set: Average loss: 1.7963, Accuracy: 159/1139 (13%)
Train Epoch: 13 [0/4556 (0%)]	Loss: 0.010673
Train Epoch: 13 [250/4556 (5%)]	Loss: 0.118909
Train Epoch: 13 [500/4556 (11%)]	Loss: 0.007358
Train Epoch: 13 [750/4556 (16%)]	Loss: 0.002792
Train Epoch: 13 [1000/4556 (22%)]	Loss: 0.007394
Train Epoch: 13 [1250/4556 (27%)]	Loss: 0.009367
Train Epoch: 13 [1500/4556 (33%)]	Loss: 0.004544
Train Epoch: 13 [1750/4556 (38%)]	Loss: 0.003192
Train Epoch: 13 [2000/4556 (44%)]	Loss: 0.002411
Train Epoch: 13 [2250/4556 (49%)]	Loss: 0.001508
Train Epoch: 13 [2500/4556 (55%)]	Loss: 0.007865
Train Epoch: 13 [2750/4556 (60%)]	Loss: 0.002214
Train Epoch: 13 [3000/4556 (66%)]	Loss: 0.002065
Train Epoch: 13 [3250/4556 (71%)]	Loss: 0.000767
Train Epoch: 13 [3500/4556 (77%)]	Loss: 0.051521
Train Epoch: 13 [3750/4556 (82%)]	Loss: 0.006003
Train Epoch: 13 [4000/4556 (87%)]	Loss: 0.010053
Train Epoch: 13 [4250/4556 (93%)]	Loss: 0.013307
Train Epoch: 13 [4500/4556 (98%)]	Loss: 0.057510
Test set: Average loss: 1.8714, Accuracy: 256/1139 (22%)
getting datasets
finished
trainning neck_design_labels:
Train Epoch: 14 [0/4556 (0%)]	Loss: 0.298183
Train Epoch: 14 [250/4556 (5%)]	Loss: 0.007095
Train Epoch: 14 [500/4556 (11%)]	Loss: 0.011042
Train Epoch: 14 [750/4556 (16%)]	Loss: 0.154662
Train Epoch: 14 [1000/4556 (22%)]	Loss: 0.009750
Train Epoch: 14 [1250/4556 (27%)]	Loss: 0.134128
Train Epoch: 14 [1500/4556 (33%)]	Loss: 0.008554
Train Epoch: 14 [1750/4556 (38%)]	Loss: 0.089005
Train Epoch: 14 [2000/4556 (44%)]	Loss: 0.004192
Train Epoch: 14 [2250/4556 (49%)]	Loss: 0.029768
Train Epoch: 14 [2500/4556 (55%)]	Loss: 0.006596
Train Epoch: 14 [2750/4556 (60%)]	Loss: 0.007807
Train Epoch: 14 [3000/4556 (66%)]	Loss: 0.006301
Train Epoch: 14 [3250/4556 (71%)]	Loss: 0.005444
Train Epoch: 14 [3500/4556 (77%)]	Loss: 0.012785
Train Epoch: 14 [3750/4556 (82%)]	Loss: 0.492784
Train Epoch: 14 [4000/4556 (87%)]	Loss: 0.002530
Train Epoch: 14 [4250/4556 (93%)]	Loss: 0.032971
Train Epoch: 14 [4500/4556 (98%)]	Loss: 0.007237
Test set: Average loss: 2.2348, Accuracy: 267/1139 (23%)
Train Epoch: 15 [0/4556 (0%)]	Loss: 0.050996
Train Epoch: 15 [250/4556 (5%)]	Loss: 0.008197
Train Epoch: 15 [500/4556 (11%)]	Loss: 0.005613
Train Epoch: 15 [750/4556 (16%)]	Loss: 0.088565
Train Epoch: 15 [1000/4556 (22%)]	Loss: 0.009736
Train Epoch: 15 [1250/4556 (27%)]	Loss: 0.011168
Train Epoch: 15 [1500/4556 (33%)]	Loss: 0.001205
Train Epoch: 15 [1750/4556 (38%)]	Loss: 0.002478
Train Epoch: 15 [2000/4556 (44%)]	Loss: 0.179822
Train Epoch: 15 [2250/4556 (49%)]	Loss: 0.046311
Train Epoch: 15 [2500/4556 (55%)]	Loss: 0.004661
Train Epoch: 15 [2750/4556 (60%)]	Loss: 0.018554
Train Epoch: 15 [3000/4556 (66%)]	Loss: 0.009988
Train Epoch: 15 [3250/4556 (71%)]	Loss: 0.150644
Train Epoch: 15 [3500/4556 (77%)]	Loss: 0.103475
Train Epoch: 15 [3750/4556 (82%)]	Loss: 0.014204
Train Epoch: 15 [4000/4556 (87%)]	Loss: 0.001135
Train Epoch: 15 [4250/4556 (93%)]	Loss: 0.027122
Train Epoch: 15 [4500/4556 (98%)]	Loss: 0.087602
Test set: Average loss: 2.0563, Accuracy: 159/1139 (13%)
Train Epoch: 16 [0/4556 (0%)]	Loss: 0.004865
Train Epoch: 16 [250/4556 (5%)]	Loss: 0.006554
Train Epoch: 16 [500/4556 (11%)]	Loss: 0.003422
Train Epoch: 16 [750/4556 (16%)]	Loss: 0.018595
Train Epoch: 16 [1000/4556 (22%)]	Loss: 0.060094
Train Epoch: 16 [1250/4556 (27%)]	Loss: 0.011070
Train Epoch: 16 [1500/4556 (33%)]	Loss: 0.016014
Train Epoch: 16 [1750/4556 (38%)]	Loss: 0.024250
Train Epoch: 16 [2000/4556 (44%)]	Loss: 0.004342
Train Epoch: 16 [2250/4556 (49%)]	Loss: 0.010577
Train Epoch: 16 [2500/4556 (55%)]	Loss: 0.016491
Train Epoch: 16 [2750/4556 (60%)]	Loss: 0.021140
Train Epoch: 16 [3000/4556 (66%)]	Loss: 0.028698
Train Epoch: 16 [3250/4556 (71%)]	Loss: 0.005079
Train Epoch: 16 [3500/4556 (77%)]	Loss: 0.002817
Train Epoch: 16 [3750/4556 (82%)]	Loss: 0.015304
Train Epoch: 16 [4000/4556 (87%)]	Loss: 0.014600
Train Epoch: 16 [4250/4556 (93%)]	Loss: 0.013412
Train Epoch: 16 [4500/4556 (98%)]	Loss: 0.002610
Test set: Average loss: 2.1074, Accuracy: 443/1139 (38%)
Train Epoch: 17 [0/4556 (0%)]	Loss: 0.001597
Train Epoch: 17 [250/4556 (5%)]	Loss: 0.006603
Train Epoch: 17 [500/4556 (11%)]	Loss: 0.000667
Train Epoch: 17 [750/4556 (16%)]	Loss: 0.004316
Train Epoch: 17 [1000/4556 (22%)]	Loss: 0.051355
Train Epoch: 17 [1250/4556 (27%)]	Loss: 0.001613
Train Epoch: 17 [1500/4556 (33%)]	Loss: 0.000835
Train Epoch: 17 [1750/4556 (38%)]	Loss: 0.000120
Train Epoch: 17 [2000/4556 (44%)]	Loss: 0.001188
Train Epoch: 17 [2250/4556 (49%)]	Loss: 0.003596
Train Epoch: 17 [2500/4556 (55%)]	Loss: 0.000456
Train Epoch: 17 [2750/4556 (60%)]	Loss: 0.000361
Train Epoch: 17 [3000/4556 (66%)]	Loss: 0.006353
Train Epoch: 17 [3250/4556 (71%)]	Loss: 0.001020
Train Epoch: 17 [3500/4556 (77%)]	Loss: 0.000387
Train Epoch: 17 [3750/4556 (82%)]	Loss: 0.005206
Train Epoch: 17 [4000/4556 (87%)]	Loss: 0.001919
Train Epoch: 17 [4250/4556 (93%)]	Loss: 0.035204
Train Epoch: 17 [4500/4556 (98%)]	Loss: 0.033722
Test set: Average loss: 2.3905, Accuracy: 267/1139 (23%)
Train Epoch: 18 [0/4556 (0%)]	Loss: 0.002049
Train Epoch: 18 [250/4556 (5%)]	Loss: 0.076211
Train Epoch: 18 [500/4556 (11%)]	Loss: 0.003546
Train Epoch: 18 [750/4556 (16%)]	Loss: 0.003311
Train Epoch: 18 [1000/4556 (22%)]	Loss: 0.003692
Train Epoch: 18 [1250/4556 (27%)]	Loss: 0.024979
Train Epoch: 18 [1500/4556 (33%)]	Loss: 0.045153
Train Epoch: 18 [1750/4556 (38%)]	Loss: 0.002726
Train Epoch: 18 [2000/4556 (44%)]	Loss: 0.002600
Train Epoch: 18 [2250/4556 (49%)]	Loss: 0.020114
Train Epoch: 18 [2500/4556 (55%)]	Loss: 0.224740
Train Epoch: 18 [2750/4556 (60%)]	Loss: 0.004906
Train Epoch: 18 [3000/4556 (66%)]	Loss: 0.002864
Train Epoch: 18 [3250/4556 (71%)]	Loss: 0.002841
Train Epoch: 18 [3500/4556 (77%)]	Loss: 0.000572
Train Epoch: 18 [3750/4556 (82%)]	Loss: 0.004136
Train Epoch: 18 [4000/4556 (87%)]	Loss: 0.002831
Train Epoch: 18 [4250/4556 (93%)]	Loss: 0.002906
Train Epoch: 18 [4500/4556 (98%)]	Loss: 0.059500
Test set: Average loss: 2.1171, Accuracy: 159/1139 (13%)
Train Epoch: 19 [0/4556 (0%)]	Loss: 0.009181
Train Epoch: 19 [250/4556 (5%)]	Loss: 0.078508
Train Epoch: 19 [500/4556 (11%)]	Loss: 0.090341
Train Epoch: 19 [750/4556 (16%)]	Loss: 0.003277
Train Epoch: 19 [1000/4556 (22%)]	Loss: 0.006886
Train Epoch: 19 [1250/4556 (27%)]	Loss: 0.008993
Train Epoch: 19 [1500/4556 (33%)]	Loss: 0.005714
Train Epoch: 19 [1750/4556 (38%)]	Loss: 0.003357
Train Epoch: 19 [2000/4556 (44%)]	Loss: 0.001116
Train Epoch: 19 [2250/4556 (49%)]	Loss: 0.023606
Train Epoch: 19 [2500/4556 (55%)]	Loss: 0.078762
Train Epoch: 19 [2750/4556 (60%)]	Loss: 0.010477
Train Epoch: 19 [3000/4556 (66%)]	Loss: 0.036286
Train Epoch: 19 [3250/4556 (71%)]	Loss: 0.016118
Train Epoch: 19 [3500/4556 (77%)]	Loss: 0.049670
Train Epoch: 19 [3750/4556 (82%)]	Loss: 0.012343
Train Epoch: 19 [4000/4556 (87%)]	Loss: 0.016999
Train Epoch: 19 [4250/4556 (93%)]	Loss: 0.064838
Train Epoch: 19 [4500/4556 (98%)]	Loss: 0.003143
Test set: Average loss: 3.4132, Accuracy: 225/1139 (19%)
Train Epoch: 20 [0/4556 (0%)]	Loss: 0.216309
Train Epoch: 20 [250/4556 (5%)]	Loss: 0.010859
Train Epoch: 20 [500/4556 (11%)]	Loss: 0.017792
Train Epoch: 20 [750/4556 (16%)]	Loss: 0.040412
Train Epoch: 20 [1000/4556 (22%)]	Loss: 0.012692
Train Epoch: 20 [1250/4556 (27%)]	Loss: 0.002190
Train Epoch: 20 [1500/4556 (33%)]	Loss: 0.000997
Train Epoch: 20 [1750/4556 (38%)]	Loss: 0.007405
Train Epoch: 20 [2000/4556 (44%)]	Loss: 0.022222
Train Epoch: 20 [2250/4556 (49%)]	Loss: 0.002686
Train Epoch: 20 [2500/4556 (55%)]	Loss: 0.008938
Train Epoch: 20 [2750/4556 (60%)]	Loss: 0.187875
Train Epoch: 20 [3000/4556 (66%)]	Loss: 0.009973
Train Epoch: 20 [3250/4556 (71%)]	Loss: 0.000565
Train Epoch: 20 [3500/4556 (77%)]	Loss: 0.000944
Train Epoch: 20 [3750/4556 (82%)]	Loss: 0.012311
Train Epoch: 20 [4000/4556 (87%)]	Loss: 0.009119
Train Epoch: 20 [4250/4556 (93%)]	Loss: 0.021013
Train Epoch: 20 [4500/4556 (98%)]	Loss: 0.038725
Test set: Average loss: 2.0343, Accuracy: 287/1139 (25%)
Train Epoch: 21 [0/4556 (0%)]	Loss: 0.011745
Train Epoch: 21 [250/4556 (5%)]	Loss: 0.041889
Train Epoch: 21 [500/4556 (11%)]	Loss: 0.002971
Train Epoch: 21 [750/4556 (16%)]	Loss: 0.116577
Train Epoch: 21 [1000/4556 (22%)]	Loss: 0.001792
Train Epoch: 21 [1250/4556 (27%)]	Loss: 0.001359
Train Epoch: 21 [1500/4556 (33%)]	Loss: 0.003610
Train Epoch: 21 [1750/4556 (38%)]	Loss: 0.075652
Train Epoch: 21 [2000/4556 (44%)]	Loss: 0.018266
Train Epoch: 21 [2250/4556 (49%)]	Loss: 0.000653
Train Epoch: 21 [2500/4556 (55%)]	Loss: 0.196195
Train Epoch: 21 [2750/4556 (60%)]	Loss: 0.000352
Train Epoch: 21 [3000/4556 (66%)]	Loss: 0.009666
Train Epoch: 21 [3250/4556 (71%)]	Loss: 0.132934
Train Epoch: 21 [3500/4556 (77%)]	Loss: 0.002984
Train Epoch: 21 [3750/4556 (82%)]	Loss: 0.087119
Train Epoch: 21 [4000/4556 (87%)]	Loss: 0.007416
Train Epoch: 21 [4250/4556 (93%)]	Loss: 0.027492
Train Epoch: 21 [4500/4556 (98%)]	Loss: 0.000930
Test set: Average loss: 3.3823, Accuracy: 159/1139 (13%)
Train Epoch: 22 [0/4556 (0%)]	Loss: 0.001479
Train Epoch: 22 [250/4556 (5%)]	Loss: 0.007740
Train Epoch: 22 [500/4556 (11%)]	Loss: 0.002259
Train Epoch: 22 [750/4556 (16%)]	Loss: 0.001382
Train Epoch: 22 [1000/4556 (22%)]	Loss: 0.014233
Train Epoch: 22 [1250/4556 (27%)]	Loss: 0.000939
Train Epoch: 22 [1500/4556 (33%)]	Loss: 0.041479
Train Epoch: 22 [1750/4556 (38%)]	Loss: 0.007429
Train Epoch: 22 [2000/4556 (44%)]	Loss: 0.021093
Train Epoch: 22 [2250/4556 (49%)]	Loss: 0.000272
Train Epoch: 22 [2500/4556 (55%)]	Loss: 0.000226
Train Epoch: 22 [2750/4556 (60%)]	Loss: 0.001895
Train Epoch: 22 [3000/4556 (66%)]	Loss: 0.001087
Train Epoch: 22 [3250/4556 (71%)]	Loss: 0.012357
Train Epoch: 22 [3500/4556 (77%)]	Loss: 0.002167
Train Epoch: 22 [3750/4556 (82%)]	Loss: 0.000960
Train Epoch: 22 [4000/4556 (87%)]	Loss: 0.016610
Train Epoch: 22 [4250/4556 (93%)]	Loss: 0.021814
Train Epoch: 22 [4500/4556 (98%)]	Loss: 0.014217
Test set: Average loss: 2.4621, Accuracy: 159/1139 (13%)
Train Epoch: 23 [0/4556 (0%)]	Loss: 0.002875
Train Epoch: 23 [250/4556 (5%)]	Loss: 0.000993
Train Epoch: 23 [500/4556 (11%)]	Loss: 0.000169
Train Epoch: 23 [750/4556 (16%)]	Loss: 0.000586
Train Epoch: 23 [1000/4556 (22%)]	Loss: 0.051865
Train Epoch: 23 [1250/4556 (27%)]	Loss: 0.000606
Train Epoch: 23 [1500/4556 (33%)]	Loss: 0.008088
Train Epoch: 23 [1750/4556 (38%)]	Loss: 0.018407
Train Epoch: 23 [2000/4556 (44%)]	Loss: 0.160746
Train Epoch: 23 [2250/4556 (49%)]	Loss: 0.000450
Train Epoch: 23 [2500/4556 (55%)]	Loss: 0.001757
Train Epoch: 23 [2750/4556 (60%)]	Loss: 0.001444
Train Epoch: 23 [3000/4556 (66%)]	Loss: 0.001822
Train Epoch: 23 [3250/4556 (71%)]	Loss: 0.000283
Train Epoch: 23 [3500/4556 (77%)]	Loss: 0.000299
Train Epoch: 23 [3750/4556 (82%)]	Loss: 0.001485
Train Epoch: 23 [4000/4556 (87%)]	Loss: 0.000317
Train Epoch: 23 [4250/4556 (93%)]	Loss: 0.000452
Train Epoch: 23 [4500/4556 (98%)]	Loss: 0.000352
Test set: Average loss: 2.8613, Accuracy: 609/1139 (53%)
Train Epoch: 24 [0/4556 (0%)]	Loss: 0.165490
Train Epoch: 24 [250/4556 (5%)]	Loss: 0.002150
Train Epoch: 24 [500/4556 (11%)]	Loss: 0.022848
Train Epoch: 24 [750/4556 (16%)]	Loss: 0.000553
Train Epoch: 24 [1000/4556 (22%)]	Loss: 0.000378
Train Epoch: 24 [1250/4556 (27%)]	Loss: 0.000777
Train Epoch: 24 [1500/4556 (33%)]	Loss: 0.000065
Train Epoch: 24 [1750/4556 (38%)]	Loss: 0.000134
Train Epoch: 24 [2000/4556 (44%)]	Loss: 0.000141
Train Epoch: 24 [2250/4556 (49%)]	Loss: 0.066343
Train Epoch: 24 [2500/4556 (55%)]	Loss: 0.000435
Train Epoch: 24 [2750/4556 (60%)]	Loss: 0.001100
Train Epoch: 24 [3000/4556 (66%)]	Loss: 0.006138
Train Epoch: 24 [3250/4556 (71%)]	Loss: 0.003333
Train Epoch: 24 [3500/4556 (77%)]	Loss: 0.031930
Train Epoch: 24 [3750/4556 (82%)]	Loss: 0.019373
Train Epoch: 24 [4000/4556 (87%)]	Loss: 0.066450
Train Epoch: 24 [4250/4556 (93%)]	Loss: 0.012070
Train Epoch: 24 [4500/4556 (98%)]	Loss: 0.005316
Test set: Average loss: 1.8657, Accuracy: 220/1139 (19%)
Train Epoch: 25 [0/4556 (0%)]	Loss: 0.000100
Train Epoch: 25 [250/4556 (5%)]	Loss: 0.008785
Train Epoch: 25 [500/4556 (11%)]	Loss: 0.073914
Train Epoch: 25 [750/4556 (16%)]	Loss: 0.004374
Train Epoch: 25 [1000/4556 (22%)]	Loss: 0.065808
Train Epoch: 25 [1250/4556 (27%)]	Loss: 0.000690
Train Epoch: 25 [1500/4556 (33%)]	Loss: 0.000381
Train Epoch: 25 [1750/4556 (38%)]	Loss: 0.000624
Train Epoch: 25 [2000/4556 (44%)]	Loss: 0.000401
Train Epoch: 25 [2250/4556 (49%)]	Loss: 0.024807
Train Epoch: 25 [2500/4556 (55%)]	Loss: 0.008346
Train Epoch: 25 [2750/4556 (60%)]	Loss: 0.138915
Train Epoch: 25 [3000/4556 (66%)]	Loss: 0.003941
Train Epoch: 25 [3250/4556 (71%)]	Loss: 0.032183
Train Epoch: 25 [3500/4556 (77%)]	Loss: 0.003409
Train Epoch: 25 [3750/4556 (82%)]	Loss: 0.000453
Train Epoch: 25 [4000/4556 (87%)]	Loss: 0.003549
Train Epoch: 25 [4250/4556 (93%)]	Loss: 0.000617
Train Epoch: 25 [4500/4556 (98%)]	Loss: 0.001095
Test set: Average loss: 2.5627, Accuracy: 159/1139 (13%)
Train Epoch: 26 [0/4556 (0%)]	Loss: 0.000890
Train Epoch: 26 [250/4556 (5%)]	Loss: 0.000950
Train Epoch: 26 [500/4556 (11%)]	Loss: 0.010794
Train Epoch: 26 [750/4556 (16%)]	Loss: 0.009170
Train Epoch: 26 [1000/4556 (22%)]	Loss: 0.001259
Train Epoch: 26 [1250/4556 (27%)]	Loss: 0.067156
Train Epoch: 26 [1500/4556 (33%)]	Loss: 0.006941
Train Epoch: 26 [1750/4556 (38%)]	Loss: 0.012230
Train Epoch: 26 [2000/4556 (44%)]	Loss: 0.002192
Train Epoch: 26 [2250/4556 (49%)]	Loss: 0.001369
Train Epoch: 26 [2500/4556 (55%)]	Loss: 0.021505
Train Epoch: 26 [2750/4556 (60%)]	Loss: 0.017611
Train Epoch: 26 [3000/4556 (66%)]	Loss: 0.002253
Train Epoch: 26 [3250/4556 (71%)]	Loss: 0.000213
Train Epoch: 26 [3500/4556 (77%)]	Loss: 0.001391
Train Epoch: 26 [3750/4556 (82%)]	Loss: 0.001321
Train Epoch: 26 [4000/4556 (87%)]	Loss: 0.000452
Train Epoch: 26 [4250/4556 (93%)]	Loss: 0.008399
Train Epoch: 26 [4500/4556 (98%)]	Loss: 0.060690
Test set: Average loss: 2.3781, Accuracy: 516/1139 (45%)
Train Epoch: 27 [0/4556 (0%)]	Loss: 0.000323
Train Epoch: 27 [250/4556 (5%)]	Loss: 0.000334
Train Epoch: 27 [500/4556 (11%)]	Loss: 0.003180
Train Epoch: 27 [750/4556 (16%)]	Loss: 0.000397
Train Epoch: 27 [1000/4556 (22%)]	Loss: 0.000830
Train Epoch: 27 [1250/4556 (27%)]	Loss: 0.000305
Train Epoch: 27 [1500/4556 (33%)]	Loss: 0.000620
Train Epoch: 27 [1750/4556 (38%)]	Loss: 0.006285
Train Epoch: 27 [2000/4556 (44%)]	Loss: 0.003581
Train Epoch: 27 [2250/4556 (49%)]	Loss: 0.000659
Train Epoch: 27 [2500/4556 (55%)]	Loss: 0.050114
Train Epoch: 27 [2750/4556 (60%)]	Loss: 0.000915
Train Epoch: 27 [3000/4556 (66%)]	Loss: 0.003021
Train Epoch: 27 [3250/4556 (71%)]	Loss: 0.000088
Train Epoch: 27 [3500/4556 (77%)]	Loss: 0.026447
Train Epoch: 27 [3750/4556 (82%)]	Loss: 0.000489
Train Epoch: 27 [4000/4556 (87%)]	Loss: 0.000276
Train Epoch: 27 [4250/4556 (93%)]	Loss: 0.002058
Train Epoch: 27 [4500/4556 (98%)]	Loss: 0.004108
Test set: Average loss: 2.2333, Accuracy: 267/1139 (23%)
Train Epoch: 28 [0/4556 (0%)]	Loss: 0.000307
Train Epoch: 28 [250/4556 (5%)]	Loss: 0.000478
Train Epoch: 28 [500/4556 (11%)]	Loss: 0.001319
Train Epoch: 28 [750/4556 (16%)]	Loss: 0.000623
Train Epoch: 28 [1000/4556 (22%)]	Loss: 0.000247
Train Epoch: 28 [1250/4556 (27%)]	Loss: 0.001272
Train Epoch: 28 [1500/4556 (33%)]	Loss: 0.001456
Train Epoch: 28 [1750/4556 (38%)]	Loss: 0.000060
Train Epoch: 28 [2000/4556 (44%)]	Loss: 0.002311
Train Epoch: 28 [2250/4556 (49%)]	Loss: 0.004856
Train Epoch: 28 [2500/4556 (55%)]	Loss: 0.010957
Train Epoch: 28 [2750/4556 (60%)]	Loss: 0.005361
Train Epoch: 28 [3000/4556 (66%)]	Loss: 0.018259
Train Epoch: 28 [3250/4556 (71%)]	Loss: 0.003516
Train Epoch: 28 [3500/4556 (77%)]	Loss: 0.000519
Train Epoch: 28 [3750/4556 (82%)]	Loss: 0.015575
Train Epoch: 28 [4000/4556 (87%)]	Loss: 0.076576
Train Epoch: 28 [4250/4556 (93%)]	Loss: 0.004001
Train Epoch: 28 [4500/4556 (98%)]	Loss: 0.000182
Test set: Average loss: 2.3475, Accuracy: 159/1139 (13%)
Train Epoch: 29 [0/4556 (0%)]	Loss: 0.070466
Train Epoch: 29 [250/4556 (5%)]	Loss: 0.052455
Train Epoch: 29 [500/4556 (11%)]	Loss: 0.158463
Train Epoch: 29 [750/4556 (16%)]	Loss: 0.047138
Train Epoch: 29 [1000/4556 (22%)]	Loss: 0.034247
Train Epoch: 29 [1250/4556 (27%)]	Loss: 0.162554
Train Epoch: 29 [1500/4556 (33%)]	Loss: 0.068314
Train Epoch: 29 [1750/4556 (38%)]	Loss: 0.268640
Train Epoch: 29 [2000/4556 (44%)]	Loss: 0.005508
Train Epoch: 29 [2250/4556 (49%)]	Loss: 0.041152
Train Epoch: 29 [2500/4556 (55%)]	Loss: 0.041399
Train Epoch: 29 [2750/4556 (60%)]	Loss: 0.125898
Train Epoch: 29 [3000/4556 (66%)]	Loss: 0.050248
Train Epoch: 29 [3250/4556 (71%)]	Loss: 0.020729
Train Epoch: 29 [3500/4556 (77%)]	Loss: 0.013368
Train Epoch: 29 [3750/4556 (82%)]	Loss: 0.019412
Train Epoch: 29 [4000/4556 (87%)]	Loss: 0.192904
Train Epoch: 29 [4250/4556 (93%)]	Loss: 0.050531
Train Epoch: 29 [4500/4556 (98%)]	Loss: 0.004214
Test set: Average loss: 2.8588, Accuracy: 201/1139 (17%)
Train Epoch: 30 [0/4556 (0%)]	Loss: 0.003737
Train Epoch: 30 [250/4556 (5%)]	Loss: 0.019435
Train Epoch: 30 [500/4556 (11%)]	Loss: 0.295733
Train Epoch: 30 [750/4556 (16%)]	Loss: 0.120682
Train Epoch: 30 [1000/4556 (22%)]	Loss: 0.166191
Train Epoch: 30 [1250/4556 (27%)]	Loss: 0.002523
Train Epoch: 30 [1500/4556 (33%)]	Loss: 0.092350
Train Epoch: 30 [1750/4556 (38%)]	Loss: 0.012344
Train Epoch: 30 [2000/4556 (44%)]	Loss: 0.012479
Train Epoch: 30 [2250/4556 (49%)]	Loss: 0.002992
Train Epoch: 30 [2500/4556 (55%)]	Loss: 0.009561
Train Epoch: 30 [2750/4556 (60%)]	Loss: 0.019851
Train Epoch: 30 [3000/4556 (66%)]	Loss: 0.052431
Train Epoch: 30 [3250/4556 (71%)]	Loss: 0.004897
Train Epoch: 30 [3500/4556 (77%)]	Loss: 0.187393
Train Epoch: 30 [3750/4556 (82%)]	Loss: 0.098744
Train Epoch: 30 [4000/4556 (87%)]	Loss: 0.106717
Train Epoch: 30 [4250/4556 (93%)]	Loss: 0.047010
Train Epoch: 30 [4500/4556 (98%)]	Loss: 0.000615
Test set: Average loss: 3.0545, Accuracy: 267/1139 (23%)
Train Epoch: 31 [0/4556 (0%)]	Loss: 0.002836
Train Epoch: 31 [250/4556 (5%)]	Loss: 0.066787
Train Epoch: 31 [500/4556 (11%)]	Loss: 0.019407
Train Epoch: 31 [750/4556 (16%)]	Loss: 0.030742
Train Epoch: 31 [1000/4556 (22%)]	Loss: 0.002418
Train Epoch: 31 [1250/4556 (27%)]	Loss: 0.275996
Train Epoch: 31 [1500/4556 (33%)]	Loss: 0.005717
Train Epoch: 31 [1750/4556 (38%)]	Loss: 0.037289
Train Epoch: 31 [2000/4556 (44%)]	Loss: 0.099405
Train Epoch: 31 [2250/4556 (49%)]	Loss: 0.004904
Train Epoch: 31 [2500/4556 (55%)]	Loss: 0.023948
Train Epoch: 31 [2750/4556 (60%)]	Loss: 0.001750
Train Epoch: 31 [3000/4556 (66%)]	Loss: 0.002045
Train Epoch: 31 [3250/4556 (71%)]	Loss: 0.005597
Train Epoch: 31 [3500/4556 (77%)]	Loss: 0.000285
Train Epoch: 31 [3750/4556 (82%)]	Loss: 0.000728
Train Epoch: 31 [4000/4556 (87%)]	Loss: 0.016210
Train Epoch: 31 [4250/4556 (93%)]	Loss: 0.027452
Train Epoch: 31 [4500/4556 (98%)]	Loss: 0.000775
Test set: Average loss: 2.4684, Accuracy: 224/1139 (19%)
Train Epoch: 32 [0/4556 (0%)]	Loss: 0.228578
Train Epoch: 32 [250/4556 (5%)]	Loss: 0.000243
Train Epoch: 32 [500/4556 (11%)]	Loss: 0.009481
Train Epoch: 32 [750/4556 (16%)]	Loss: 0.017695
Train Epoch: 32 [1000/4556 (22%)]	Loss: 0.000766
Train Epoch: 32 [1250/4556 (27%)]	Loss: 0.000489
Train Epoch: 32 [1500/4556 (33%)]	Loss: 0.003734
Train Epoch: 32 [1750/4556 (38%)]	Loss: 0.001133
Train Epoch: 32 [2000/4556 (44%)]	Loss: 0.000538
Train Epoch: 32 [2250/4556 (49%)]	Loss: 0.007245
Train Epoch: 32 [2500/4556 (55%)]	Loss: 0.006623
Train Epoch: 32 [2750/4556 (60%)]	Loss: 0.003950
Train Epoch: 32 [3000/4556 (66%)]	Loss: 0.008986
Train Epoch: 32 [3250/4556 (71%)]	Loss: 0.000951
Train Epoch: 32 [3500/4556 (77%)]	Loss: 0.001386
Train Epoch: 32 [3750/4556 (82%)]	Loss: 0.000784
Train Epoch: 32 [4000/4556 (87%)]	Loss: 0.000618
Train Epoch: 32 [4250/4556 (93%)]	Loss: 0.310170
Train Epoch: 32 [4500/4556 (98%)]	Loss: 0.001106
Test set: Average loss: 3.1575, Accuracy: 357/1139 (31%)
Train Epoch: 33 [0/4556 (0%)]	Loss: 0.002136
Train Epoch: 33 [250/4556 (5%)]	Loss: 0.001372
Train Epoch: 33 [500/4556 (11%)]	Loss: 0.009472
Train Epoch: 33 [750/4556 (16%)]	Loss: 0.000766
Train Epoch: 33 [1000/4556 (22%)]	Loss: 0.021322
Train Epoch: 33 [1250/4556 (27%)]	Loss: 0.003582
Train Epoch: 33 [1500/4556 (33%)]	Loss: 0.006412
Train Epoch: 33 [1750/4556 (38%)]	Loss: 0.001020
Train Epoch: 33 [2000/4556 (44%)]	Loss: 0.000205
Train Epoch: 33 [2250/4556 (49%)]	Loss: 0.000309
Train Epoch: 33 [2500/4556 (55%)]	Loss: 0.000693
Train Epoch: 33 [2750/4556 (60%)]	Loss: 0.026042
Train Epoch: 33 [3000/4556 (66%)]	Loss: 0.000395
Train Epoch: 33 [3250/4556 (71%)]	Loss: 0.000301
Train Epoch: 33 [3500/4556 (77%)]	Loss: 0.005543
Train Epoch: 33 [3750/4556 (82%)]	Loss: 0.002331
Train Epoch: 33 [4000/4556 (87%)]	Loss: 0.001204
Train Epoch: 33 [4250/4556 (93%)]	Loss: 0.000702
Train Epoch: 33 [4500/4556 (98%)]	Loss: 0.008149
Test set: Average loss: 3.0918, Accuracy: 268/1139 (23%)
Train Epoch: 34 [0/4556 (0%)]	Loss: 0.000741
Train Epoch: 34 [250/4556 (5%)]	Loss: 0.057481
Train Epoch: 34 [500/4556 (11%)]	Loss: 0.000462
Train Epoch: 34 [750/4556 (16%)]	Loss: 0.081300
Train Epoch: 34 [1000/4556 (22%)]	Loss: 0.000989
Train Epoch: 34 [1250/4556 (27%)]	Loss: 0.000895
Train Epoch: 34 [1500/4556 (33%)]	Loss: 0.000706
Train Epoch: 34 [1750/4556 (38%)]	Loss: 0.000346
Train Epoch: 34 [2000/4556 (44%)]	Loss: 0.001655
Train Epoch: 34 [2250/4556 (49%)]	Loss: 0.021782
Train Epoch: 34 [2500/4556 (55%)]	Loss: 0.000488
Train Epoch: 34 [2750/4556 (60%)]	Loss: 0.002453
Train Epoch: 34 [3000/4556 (66%)]	Loss: 0.003000
Train Epoch: 34 [3250/4556 (71%)]	Loss: 0.000480
Train Epoch: 34 [3500/4556 (77%)]	Loss: 0.000144
Train Epoch: 34 [3750/4556 (82%)]	Loss: 0.000763
Train Epoch: 34 [4000/4556 (87%)]	Loss: 0.112543
Train Epoch: 34 [4250/4556 (93%)]	Loss: 0.017265
Train Epoch: 34 [4500/4556 (98%)]	Loss: 0.001173
Test set: Average loss: 3.8470, Accuracy: 208/1139 (18%)
Train Epoch: 35 [0/4556 (0%)]	Loss: 0.000324
Train Epoch: 35 [250/4556 (5%)]	Loss: 0.064419
Train Epoch: 35 [500/4556 (11%)]	Loss: 0.000153
Train Epoch: 35 [750/4556 (16%)]	Loss: 0.000437
Train Epoch: 35 [1000/4556 (22%)]	Loss: 0.000408
Train Epoch: 35 [1250/4556 (27%)]	Loss: 0.000359
Train Epoch: 35 [1500/4556 (33%)]	Loss: 0.012338
Train Epoch: 35 [1750/4556 (38%)]	Loss: 0.000327
Train Epoch: 35 [2000/4556 (44%)]	Loss: 0.000477
Train Epoch: 35 [2250/4556 (49%)]	Loss: 0.001065
Train Epoch: 35 [2500/4556 (55%)]	Loss: 0.000275
Train Epoch: 35 [2750/4556 (60%)]	Loss: 0.003145
Train Epoch: 35 [3000/4556 (66%)]	Loss: 0.074390
Train Epoch: 35 [3250/4556 (71%)]	Loss: 0.001620
Train Epoch: 35 [3500/4556 (77%)]	Loss: 0.050810
Train Epoch: 35 [3750/4556 (82%)]	Loss: 0.000574
Train Epoch: 35 [4000/4556 (87%)]	Loss: 0.003442
Train Epoch: 35 [4250/4556 (93%)]	Loss: 0.002743
Train Epoch: 35 [4500/4556 (98%)]	Loss: 0.001963
Test set: Average loss: 3.1048, Accuracy: 280/1139 (24%)
Train Epoch: 36 [0/4556 (0%)]	Loss: 0.002406
Train Epoch: 36 [250/4556 (5%)]	Loss: 0.004191
Train Epoch: 36 [500/4556 (11%)]	Loss: 0.000096
Train Epoch: 36 [750/4556 (16%)]	Loss: 0.001587
Train Epoch: 36 [1000/4556 (22%)]	Loss: 0.002161
Train Epoch: 36 [1250/4556 (27%)]	Loss: 0.007584
Train Epoch: 36 [1500/4556 (33%)]	Loss: 0.001795
Train Epoch: 36 [1750/4556 (38%)]	Loss: 0.001566
Train Epoch: 36 [2000/4556 (44%)]	Loss: 0.000115
Train Epoch: 36 [2250/4556 (49%)]	Loss: 0.043905
Train Epoch: 36 [2500/4556 (55%)]	Loss: 0.000451
Train Epoch: 36 [2750/4556 (60%)]	Loss: 0.000488
Train Epoch: 36 [3000/4556 (66%)]	Loss: 0.001377
Train Epoch: 36 [3250/4556 (71%)]	Loss: 0.002096
Train Epoch: 36 [3500/4556 (77%)]	Loss: 0.000379
Train Epoch: 36 [3750/4556 (82%)]	Loss: 0.026239
Train Epoch: 36 [4000/4556 (87%)]	Loss: 0.000618
Train Epoch: 36 [4250/4556 (93%)]	Loss: 0.018943
Train Epoch: 36 [4500/4556 (98%)]	Loss: 0.031390
Test set: Average loss: 5.7501, Accuracy: 159/1139 (13%)
Train Epoch: 37 [0/4556 (0%)]	Loss: 0.178839
Train Epoch: 37 [250/4556 (5%)]	Loss: 0.294595
Train Epoch: 37 [500/4556 (11%)]	Loss: 0.442701
Train Epoch: 37 [750/4556 (16%)]	Loss: 0.056866
Train Epoch: 37 [1000/4556 (22%)]	Loss: 0.459052
Train Epoch: 37 [1250/4556 (27%)]	Loss: 0.014536
Train Epoch: 37 [1500/4556 (33%)]	Loss: 0.154780
Train Epoch: 37 [1750/4556 (38%)]	Loss: 0.026089
Train Epoch: 37 [2000/4556 (44%)]	Loss: 0.000183
Train Epoch: 37 [2250/4556 (49%)]	Loss: 0.009213
Train Epoch: 37 [2500/4556 (55%)]	Loss: 0.075673
Train Epoch: 37 [2750/4556 (60%)]	Loss: 0.151833
Train Epoch: 37 [3000/4556 (66%)]	Loss: 0.004759
Train Epoch: 37 [3250/4556 (71%)]	Loss: 0.036072
Train Epoch: 37 [3500/4556 (77%)]	Loss: 0.026094
Train Epoch: 37 [3750/4556 (82%)]	Loss: 0.020460
Train Epoch: 37 [4000/4556 (87%)]	Loss: 0.003629
Train Epoch: 37 [4250/4556 (93%)]	Loss: 0.192474
Train Epoch: 37 [4500/4556 (98%)]	Loss: 0.062232
Test set: Average loss: 2.4245, Accuracy: 289/1139 (25%)
Train Epoch: 38 [0/4556 (0%)]	Loss: 0.000967
Train Epoch: 38 [250/4556 (5%)]	Loss: 0.086514
Train Epoch: 38 [500/4556 (11%)]	Loss: 0.034900
Train Epoch: 38 [750/4556 (16%)]	Loss: 0.029553
Train Epoch: 38 [1000/4556 (22%)]	Loss: 0.034555
Train Epoch: 38 [1250/4556 (27%)]	Loss: 0.303952
Train Epoch: 38 [1500/4556 (33%)]	Loss: 0.023218
Train Epoch: 38 [1750/4556 (38%)]	Loss: 0.053994
Train Epoch: 38 [2000/4556 (44%)]	Loss: 0.016678
Train Epoch: 38 [2250/4556 (49%)]	Loss: 0.044392
Train Epoch: 38 [2500/4556 (55%)]	Loss: 0.001233
Train Epoch: 38 [2750/4556 (60%)]	Loss: 0.056435
Train Epoch: 38 [3000/4556 (66%)]	Loss: 0.002260
Train Epoch: 38 [3250/4556 (71%)]	Loss: 0.001079
Train Epoch: 38 [3500/4556 (77%)]	Loss: 0.098838
Train Epoch: 38 [3750/4556 (82%)]	Loss: 0.009059
Train Epoch: 38 [4000/4556 (87%)]	Loss: 0.037572
Train Epoch: 38 [4250/4556 (93%)]	Loss: 0.000366
Train Epoch: 38 [4500/4556 (98%)]	Loss: 0.038228
Test set: Average loss: 2.6992, Accuracy: 314/1139 (27%)
Train Epoch: 39 [0/4556 (0%)]	Loss: 0.010226
Train Epoch: 39 [250/4556 (5%)]	Loss: 0.011703
Train Epoch: 39 [500/4556 (11%)]	Loss: 0.000246
Train Epoch: 39 [750/4556 (16%)]	Loss: 0.001376
Train Epoch: 39 [1000/4556 (22%)]	Loss: 0.003238
Train Epoch: 39 [1250/4556 (27%)]	Loss: 0.000507
Train Epoch: 39 [1500/4556 (33%)]	Loss: 0.024688
Train Epoch: 39 [1750/4556 (38%)]	Loss: 0.000378
Train Epoch: 39 [2000/4556 (44%)]	Loss: 0.023886
Train Epoch: 39 [2250/4556 (49%)]	Loss: 0.002298
Train Epoch: 39 [2500/4556 (55%)]	Loss: 0.000378
Train Epoch: 39 [2750/4556 (60%)]	Loss: 0.000382
Train Epoch: 39 [3000/4556 (66%)]	Loss: 0.000498
Train Epoch: 39 [3250/4556 (71%)]	Loss: 0.001525
Train Epoch: 39 [3500/4556 (77%)]	Loss: 0.000326
Train Epoch: 39 [3750/4556 (82%)]	Loss: 0.000617
Train Epoch: 39 [4000/4556 (87%)]	Loss: 0.000911
Train Epoch: 39 [4250/4556 (93%)]	Loss: 0.082434
Train Epoch: 39 [4500/4556 (98%)]	Loss: 0.000828
Test set: Average loss: 2.6566, Accuracy: 204/1139 (17%)
Train Epoch: 40 [0/4556 (0%)]	Loss: 0.028946
Train Epoch: 40 [250/4556 (5%)]	Loss: 0.003599
Train Epoch: 40 [500/4556 (11%)]	Loss: 0.002830
Train Epoch: 40 [750/4556 (16%)]	Loss: 0.001273
Train Epoch: 40 [1000/4556 (22%)]	Loss: 0.000382
Train Epoch: 40 [1250/4556 (27%)]	Loss: 0.067038
Train Epoch: 40 [1500/4556 (33%)]	Loss: 0.000568
Train Epoch: 40 [1750/4556 (38%)]	Loss: 0.001576
Train Epoch: 40 [2000/4556 (44%)]	Loss: 0.000653
Train Epoch: 40 [2250/4556 (49%)]	Loss: 0.002424
Train Epoch: 40 [2500/4556 (55%)]	Loss: 0.018096
Train Epoch: 40 [2750/4556 (60%)]	Loss: 0.000733
Train Epoch: 40 [3000/4556 (66%)]	Loss: 0.001161
Train Epoch: 40 [3250/4556 (71%)]	Loss: 0.000856
Train Epoch: 40 [3500/4556 (77%)]	Loss: 0.003696
Train Epoch: 40 [3750/4556 (82%)]	Loss: 0.001336
Train Epoch: 40 [4000/4556 (87%)]	Loss: 0.000143
Train Epoch: 40 [4250/4556 (93%)]	Loss: 0.000558
Train Epoch: 40 [4500/4556 (98%)]	Loss: 0.000285
Test set: Average loss: 2.8741, Accuracy: 539/1139 (47%)
Train Epoch: 41 [0/4556 (0%)]	Loss: 0.009107
Train Epoch: 41 [250/4556 (5%)]	Loss: 0.000819
Train Epoch: 41 [500/4556 (11%)]	Loss: 0.004451
Train Epoch: 41 [750/4556 (16%)]	Loss: 0.000242
Train Epoch: 41 [1000/4556 (22%)]	Loss: 0.000341
Train Epoch: 41 [1250/4556 (27%)]	Loss: 0.000156
Train Epoch: 41 [1500/4556 (33%)]	Loss: 0.000836
Train Epoch: 41 [1750/4556 (38%)]	Loss: 0.000117
Train Epoch: 41 [2000/4556 (44%)]	Loss: 0.000666
Train Epoch: 41 [2250/4556 (49%)]	Loss: 0.000305
Train Epoch: 41 [2500/4556 (55%)]	Loss: 0.003122
Train Epoch: 41 [2750/4556 (60%)]	Loss: 0.001277
Train Epoch: 41 [3000/4556 (66%)]	Loss: 0.000076
Train Epoch: 41 [3250/4556 (71%)]	Loss: 0.000143
Train Epoch: 41 [3500/4556 (77%)]	Loss: 0.002909
Train Epoch: 41 [3750/4556 (82%)]	Loss: 0.000238
Train Epoch: 41 [4000/4556 (87%)]	Loss: 0.000267
Train Epoch: 41 [4250/4556 (93%)]	Loss: 0.000565
Train Epoch: 41 [4500/4556 (98%)]	Loss: 0.000322
Test set: Average loss: 2.5048, Accuracy: 600/1139 (52%)
Train Epoch: 42 [0/4556 (0%)]	Loss: 0.002446
Train Epoch: 42 [250/4556 (5%)]	Loss: 0.001822
Train Epoch: 42 [500/4556 (11%)]	Loss: 0.000437
Train Epoch: 42 [750/4556 (16%)]	Loss: 0.005544
Train Epoch: 42 [1000/4556 (22%)]	Loss: 0.002670
Train Epoch: 42 [1250/4556 (27%)]	Loss: 0.000410
Train Epoch: 42 [1500/4556 (33%)]	Loss: 0.006384
Train Epoch: 42 [1750/4556 (38%)]	Loss: 0.000078
Train Epoch: 42 [2000/4556 (44%)]	Loss: 0.000267
Train Epoch: 42 [2250/4556 (49%)]	Loss: 0.000095
Train Epoch: 42 [2500/4556 (55%)]	Loss: 0.000160
Train Epoch: 42 [2750/4556 (60%)]	Loss: 0.000158
Train Epoch: 42 [3000/4556 (66%)]	Loss: 0.000226
Train Epoch: 42 [3250/4556 (71%)]	Loss: 0.000074
Train Epoch: 42 [3500/4556 (77%)]	Loss: 0.000185
Train Epoch: 42 [3750/4556 (82%)]	Loss: 0.001359
Train Epoch: 42 [4000/4556 (87%)]	Loss: 0.000208
Train Epoch: 42 [4250/4556 (93%)]	Loss: 0.004016
Train Epoch: 42 [4500/4556 (98%)]	Loss: 0.000465
Test set: Average loss: 1.8934, Accuracy: 764/1139 (67%)
Train Epoch: 43 [0/4556 (0%)]	Loss: 0.000451
Train Epoch: 43 [250/4556 (5%)]	Loss: 0.006197
Train Epoch: 43 [500/4556 (11%)]	Loss: 0.000367
Train Epoch: 43 [750/4556 (16%)]	Loss: 0.000047
Train Epoch: 43 [1000/4556 (22%)]	Loss: 0.000507
Train Epoch: 43 [1250/4556 (27%)]	Loss: 0.000199
Train Epoch: 43 [1500/4556 (33%)]	Loss: 0.003401
Train Epoch: 43 [1750/4556 (38%)]	Loss: 0.000102
Train Epoch: 43 [2000/4556 (44%)]	Loss: 0.001370
Train Epoch: 43 [2250/4556 (49%)]	Loss: 0.000368
Train Epoch: 43 [2500/4556 (55%)]	Loss: 0.000096
Train Epoch: 43 [2750/4556 (60%)]	Loss: 0.000199
Train Epoch: 43 [3000/4556 (66%)]	Loss: 0.000679
Train Epoch: 43 [3250/4556 (71%)]	Loss: 0.000196
Train Epoch: 43 [3500/4556 (77%)]	Loss: 0.001633
Train Epoch: 43 [3750/4556 (82%)]	Loss: 0.000025
Train Epoch: 43 [4000/4556 (87%)]	Loss: 0.001261
Train Epoch: 43 [4250/4556 (93%)]	Loss: 0.058543
Train Epoch: 43 [4500/4556 (98%)]	Loss: 0.000273
Test set: Average loss: 2.2538, Accuracy: 697/1139 (61%)
Train Epoch: 44 [0/4556 (0%)]	Loss: 0.000011
Train Epoch: 44 [250/4556 (5%)]	Loss: 0.000270
Train Epoch: 44 [500/4556 (11%)]	Loss: 0.000073
Train Epoch: 44 [750/4556 (16%)]	Loss: 0.000068
Train Epoch: 44 [1000/4556 (22%)]	Loss: 0.000452
Train Epoch: 44 [1250/4556 (27%)]	Loss: 0.000843
Train Epoch: 44 [1500/4556 (33%)]	Loss: 0.000268
Train Epoch: 44 [1750/4556 (38%)]	Loss: 0.000116
Train Epoch: 44 [2000/4556 (44%)]	Loss: 0.002349
Train Epoch: 44 [2250/4556 (49%)]	Loss: 0.000942
Train Epoch: 44 [2500/4556 (55%)]	Loss: 0.000214
Train Epoch: 44 [2750/4556 (60%)]	Loss: 0.000064
Train Epoch: 44 [3000/4556 (66%)]	Loss: 0.000082
Train Epoch: 44 [3250/4556 (71%)]	Loss: 0.000020
Train Epoch: 44 [3500/4556 (77%)]	Loss: 0.000096
Train Epoch: 44 [3750/4556 (82%)]	Loss: 0.000040
Train Epoch: 44 [4000/4556 (87%)]	Loss: 0.000311
Train Epoch: 44 [4250/4556 (93%)]	Loss: 0.000080
Train Epoch: 44 [4500/4556 (98%)]	Loss: 0.057843
Test set: Average loss: 3.3957, Accuracy: 389/1139 (34%)
Train Epoch: 45 [0/4556 (0%)]	Loss: 0.000775
Train Epoch: 45 [250/4556 (5%)]	Loss: 0.000294
Train Epoch: 45 [500/4556 (11%)]	Loss: 0.000109
Train Epoch: 45 [750/4556 (16%)]	Loss: 0.000201
Train Epoch: 45 [1000/4556 (22%)]	Loss: 0.000881
Train Epoch: 45 [1250/4556 (27%)]	Loss: 0.000034
Train Epoch: 45 [1500/4556 (33%)]	Loss: 0.000044
Train Epoch: 45 [1750/4556 (38%)]	Loss: 0.000248
Train Epoch: 45 [2000/4556 (44%)]	Loss: 0.000392
Train Epoch: 45 [2250/4556 (49%)]	Loss: 0.000195
Train Epoch: 45 [2500/4556 (55%)]	Loss: 0.000119
Train Epoch: 45 [2750/4556 (60%)]	Loss: 0.000037
Train Epoch: 45 [3000/4556 (66%)]	Loss: 0.000933
Train Epoch: 45 [3250/4556 (71%)]	Loss: 0.001231
Train Epoch: 45 [3500/4556 (77%)]	Loss: 0.002162
Train Epoch: 45 [3750/4556 (82%)]	Loss: 0.000050
Train Epoch: 45 [4000/4556 (87%)]	Loss: 0.000410
Train Epoch: 45 [4250/4556 (93%)]	Loss: 0.000251
Train Epoch: 45 [4500/4556 (98%)]	Loss: 0.000499
Test set: Average loss: 2.6297, Accuracy: 470/1139 (41%)
Train Epoch: 46 [0/4556 (0%)]	Loss: 0.000143
Train Epoch: 46 [250/4556 (5%)]	Loss: 0.001977
Train Epoch: 46 [500/4556 (11%)]	Loss: 0.001431
Train Epoch: 46 [750/4556 (16%)]	Loss: 0.000073
Train Epoch: 46 [1000/4556 (22%)]	Loss: 0.000349
Train Epoch: 46 [1250/4556 (27%)]	Loss: 0.000279
Train Epoch: 46 [1500/4556 (33%)]	Loss: 0.000626
Train Epoch: 46 [1750/4556 (38%)]	Loss: 0.000049
Train Epoch: 46 [2000/4556 (44%)]	Loss: 0.000172
Train Epoch: 46 [2250/4556 (49%)]	Loss: 0.000437
Train Epoch: 46 [2500/4556 (55%)]	Loss: 0.000015
Train Epoch: 46 [2750/4556 (60%)]	Loss: 0.001576
Train Epoch: 46 [3000/4556 (66%)]	Loss: 0.000494
Train Epoch: 46 [3250/4556 (71%)]	Loss: 0.000303
Train Epoch: 46 [3500/4556 (77%)]	Loss: 0.000194
Train Epoch: 46 [3750/4556 (82%)]	Loss: 0.001069
Train Epoch: 46 [4000/4556 (87%)]	Loss: 0.000117
Train Epoch: 46 [4250/4556 (93%)]	Loss: 0.013732
Train Epoch: 46 [4500/4556 (98%)]	Loss: 0.000764
Test set: Average loss: 2.1886, Accuracy: 288/1139 (25%)
Train Epoch: 47 [0/4556 (0%)]	Loss: 0.017111
Train Epoch: 47 [250/4556 (5%)]	Loss: 0.090078
Train Epoch: 47 [500/4556 (11%)]	Loss: 0.000897
Train Epoch: 47 [750/4556 (16%)]	Loss: 0.004839
Train Epoch: 47 [1000/4556 (22%)]	Loss: 0.016329
Train Epoch: 47 [1250/4556 (27%)]	Loss: 0.000614
Train Epoch: 47 [1500/4556 (33%)]	Loss: 0.004531
Train Epoch: 47 [1750/4556 (38%)]	Loss: 0.000874
Train Epoch: 47 [2000/4556 (44%)]	Loss: 0.067841
Train Epoch: 47 [2250/4556 (49%)]	Loss: 0.000983
Train Epoch: 47 [2500/4556 (55%)]	Loss: 0.000882
Train Epoch: 47 [2750/4556 (60%)]	Loss: 0.000858
Train Epoch: 47 [3000/4556 (66%)]	Loss: 0.003127
Train Epoch: 47 [3250/4556 (71%)]	Loss: 0.006162
Train Epoch: 47 [3500/4556 (77%)]	Loss: 0.013921
Train Epoch: 47 [3750/4556 (82%)]	Loss: 0.000230
Train Epoch: 47 [4000/4556 (87%)]	Loss: 0.001418
Train Epoch: 47 [4250/4556 (93%)]	Loss: 0.001282
Train Epoch: 47 [4500/4556 (98%)]	Loss: 0.306212
Test set: Average loss: 4.7146, Accuracy: 287/1139 (25%)
Train Epoch: 48 [0/4556 (0%)]	Loss: 0.145248
Train Epoch: 48 [250/4556 (5%)]	Loss: 0.216772
Train Epoch: 48 [500/4556 (11%)]	Loss: 0.000084
Train Epoch: 48 [750/4556 (16%)]	Loss: 0.001529
Train Epoch: 48 [1000/4556 (22%)]	Loss: 0.003209
Train Epoch: 48 [1250/4556 (27%)]	Loss: 0.001734
Train Epoch: 48 [1500/4556 (33%)]	Loss: 0.003599
Train Epoch: 48 [1750/4556 (38%)]	Loss: 0.002522
Train Epoch: 48 [2000/4556 (44%)]	Loss: 0.002321
Train Epoch: 48 [2250/4556 (49%)]	Loss: 0.000707
Train Epoch: 48 [2500/4556 (55%)]	Loss: 0.000728
Train Epoch: 48 [2750/4556 (60%)]	Loss: 0.000512
Train Epoch: 48 [3000/4556 (66%)]	Loss: 0.000147
Train Epoch: 48 [3250/4556 (71%)]	Loss: 0.000869
Train Epoch: 48 [3500/4556 (77%)]	Loss: 0.000146
Train Epoch: 48 [3750/4556 (82%)]	Loss: 0.005319
Train Epoch: 48 [4000/4556 (87%)]	Loss: 0.000523
Train Epoch: 48 [4250/4556 (93%)]	Loss: 0.081027
Train Epoch: 48 [4500/4556 (98%)]	Loss: 0.000534
Test set: Average loss: 2.9144, Accuracy: 527/1139 (46%)
Train Epoch: 49 [0/4556 (0%)]	Loss: 0.000115
Train Epoch: 49 [250/4556 (5%)]	Loss: 0.000582
Train Epoch: 49 [500/4556 (11%)]	Loss: 0.000701
Train Epoch: 49 [750/4556 (16%)]	Loss: 0.001085
Train Epoch: 49 [1000/4556 (22%)]	Loss: 0.000423
Train Epoch: 49 [1250/4556 (27%)]	Loss: 0.000105
Train Epoch: 49 [1500/4556 (33%)]	Loss: 0.007181
Train Epoch: 49 [1750/4556 (38%)]	Loss: 0.004006
Train Epoch: 49 [2000/4556 (44%)]	Loss: 0.002193
Train Epoch: 49 [2250/4556 (49%)]	Loss: 0.000358
Train Epoch: 49 [2500/4556 (55%)]	Loss: 0.000054
Train Epoch: 49 [2750/4556 (60%)]	Loss: 0.000496
Train Epoch: 49 [3000/4556 (66%)]	Loss: 0.000314
Train Epoch: 49 [3250/4556 (71%)]	Loss: 0.002032
Train Epoch: 49 [3500/4556 (77%)]	Loss: 0.000085
Train Epoch: 49 [3750/4556 (82%)]	Loss: 0.000048
Train Epoch: 49 [4000/4556 (87%)]	Loss: 0.010486
Train Epoch: 49 [4250/4556 (93%)]	Loss: 0.000509
Train Epoch: 49 [4500/4556 (98%)]	Loss: 0.006229
Test set: Average loss: 1.8849, Accuracy: 256/1139 (22%)
Train Epoch: 50 [0/4556 (0%)]	Loss: 0.003739
Train Epoch: 50 [250/4556 (5%)]	Loss: 0.001231
Train Epoch: 50 [500/4556 (11%)]	Loss: 0.000021
Train Epoch: 50 [750/4556 (16%)]	Loss: 0.000860
Train Epoch: 50 [1000/4556 (22%)]	Loss: 0.000497
Train Epoch: 50 [1250/4556 (27%)]	Loss: 0.000416
Train Epoch: 50 [1500/4556 (33%)]	Loss: 0.071873
Train Epoch: 50 [1750/4556 (38%)]	Loss: 0.000070
Train Epoch: 50 [2000/4556 (44%)]	Loss: 0.001950
Train Epoch: 50 [2250/4556 (49%)]	Loss: 0.001033
Train Epoch: 50 [2500/4556 (55%)]	Loss: 0.000436
Train Epoch: 50 [2750/4556 (60%)]	Loss: 0.000135
Train Epoch: 50 [3000/4556 (66%)]	Loss: 0.001747
Train Epoch: 50 [3250/4556 (71%)]	Loss: 0.000216
Train Epoch: 50 [3500/4556 (77%)]	Loss: 0.068378
Train Epoch: 50 [3750/4556 (82%)]	Loss: 0.005699
Train Epoch: 50 [4000/4556 (87%)]	Loss: 0.000081
Train Epoch: 50 [4250/4556 (93%)]	Loss: 0.000219
Train Epoch: 50 [4500/4556 (98%)]	Loss: 0.000778
Test set: Average loss: 2.7239, Accuracy: 356/1139 (31%)
Train Epoch: 51 [0/4556 (0%)]	Loss: 0.002336
Train Epoch: 51 [250/4556 (5%)]	Loss: 0.011316
Train Epoch: 51 [500/4556 (11%)]	Loss: 0.000227
Train Epoch: 51 [750/4556 (16%)]	Loss: 0.000687
Train Epoch: 51 [1000/4556 (22%)]	Loss: 0.000290
Train Epoch: 51 [1250/4556 (27%)]	Loss: 0.000619
Train Epoch: 51 [1500/4556 (33%)]	Loss: 0.000364
Train Epoch: 51 [1750/4556 (38%)]	Loss: 0.000307
Train Epoch: 51 [2000/4556 (44%)]	Loss: 0.000541
Train Epoch: 51 [2250/4556 (49%)]	Loss: 0.021321
Train Epoch: 51 [2500/4556 (55%)]	Loss: 0.000326
Train Epoch: 51 [2750/4556 (60%)]	Loss: 0.001498
Train Epoch: 51 [3000/4556 (66%)]	Loss: 0.000309
Train Epoch: 51 [3250/4556 (71%)]	Loss: 0.000117
Train Epoch: 51 [3500/4556 (77%)]	Loss: 0.001684
Train Epoch: 51 [3750/4556 (82%)]	Loss: 0.000024
Train Epoch: 51 [4000/4556 (87%)]	Loss: 0.000945
Train Epoch: 51 [4250/4556 (93%)]	Loss: 0.000336
Train Epoch: 51 [4500/4556 (98%)]	Loss: 0.000279
Test set: Average loss: 1.8670, Accuracy: 780/1139 (68%)
Train Epoch: 52 [0/4556 (0%)]	Loss: 0.000199
Train Epoch: 52 [250/4556 (5%)]	Loss: 0.002242
Train Epoch: 52 [500/4556 (11%)]	Loss: 0.000093
Train Epoch: 52 [750/4556 (16%)]	Loss: 0.000102
Train Epoch: 52 [1000/4556 (22%)]	Loss: 0.000136
Train Epoch: 52 [1250/4556 (27%)]	Loss: 0.011712
Train Epoch: 52 [1500/4556 (33%)]	Loss: 0.001813
Train Epoch: 52 [1750/4556 (38%)]	Loss: 0.000386
Train Epoch: 52 [2000/4556 (44%)]	Loss: 0.000588
Train Epoch: 52 [2250/4556 (49%)]	Loss: 0.000365
Train Epoch: 52 [2500/4556 (55%)]	Loss: 0.000623
Train Epoch: 52 [2750/4556 (60%)]	Loss: 0.000091
Train Epoch: 52 [3000/4556 (66%)]	Loss: 0.000365
Train Epoch: 52 [3250/4556 (71%)]	Loss: 0.000801
Train Epoch: 52 [3500/4556 (77%)]	Loss: 0.000059
Train Epoch: 52 [3750/4556 (82%)]	Loss: 0.000068
Train Epoch: 52 [4000/4556 (87%)]	Loss: 0.000288
Train Epoch: 52 [4250/4556 (93%)]	Loss: 0.000023
Train Epoch: 52 [4500/4556 (98%)]	Loss: 0.000056
Test set: Average loss: 1.6187, Accuracy: 817/1139 (71%)
Train Epoch: 53 [0/4556 (0%)]	Loss: 0.000118
Train Epoch: 53 [250/4556 (5%)]	Loss: 0.002746
Train Epoch: 53 [500/4556 (11%)]	Loss: 0.000219
Train Epoch: 53 [750/4556 (16%)]	Loss: 0.000139
Train Epoch: 53 [1000/4556 (22%)]	Loss: 0.000116
Train Epoch: 53 [1250/4556 (27%)]	Loss: 0.000186
Train Epoch: 53 [1500/4556 (33%)]	Loss: 0.000553
Train Epoch: 53 [1750/4556 (38%)]	Loss: 0.000361
Train Epoch: 53 [2000/4556 (44%)]	Loss: 0.000555
Train Epoch: 53 [2250/4556 (49%)]	Loss: 0.001917
Train Epoch: 53 [2500/4556 (55%)]	Loss: 0.000211
Train Epoch: 53 [2750/4556 (60%)]	Loss: 0.000029
Train Epoch: 53 [3000/4556 (66%)]	Loss: 0.000190
Train Epoch: 53 [3250/4556 (71%)]	Loss: 0.000422
Train Epoch: 53 [3500/4556 (77%)]	Loss: 0.054409
Train Epoch: 53 [3750/4556 (82%)]	Loss: 0.000375
Train Epoch: 53 [4000/4556 (87%)]	Loss: 0.000848
Train Epoch: 53 [4250/4556 (93%)]	Loss: 0.004758
Train Epoch: 53 [4500/4556 (98%)]	Loss: 0.000166
Test set: Average loss: 3.3892, Accuracy: 267/1139 (23%)
Train Epoch: 54 [0/4556 (0%)]	Loss: 0.003538
Train Epoch: 54 [250/4556 (5%)]	Loss: 0.000415
Train Epoch: 54 [500/4556 (11%)]	Loss: 0.002824
Train Epoch: 54 [750/4556 (16%)]	Loss: 0.003437
Train Epoch: 54 [1000/4556 (22%)]	Loss: 0.001429
Train Epoch: 54 [1250/4556 (27%)]	Loss: 0.078234
Train Epoch: 54 [1500/4556 (33%)]	Loss: 0.005928
Train Epoch: 54 [1750/4556 (38%)]	Loss: 0.006914
Train Epoch: 54 [2000/4556 (44%)]	Loss: 0.010177
Train Epoch: 54 [2250/4556 (49%)]	Loss: 0.000237
Train Epoch: 54 [2500/4556 (55%)]	Loss: 0.004319
Train Epoch: 54 [2750/4556 (60%)]	Loss: 0.049752
Train Epoch: 54 [3000/4556 (66%)]	Loss: 0.000354
Train Epoch: 54 [3250/4556 (71%)]	Loss: 0.000702
Train Epoch: 54 [3500/4556 (77%)]	Loss: 0.000488
Train Epoch: 54 [3750/4556 (82%)]	Loss: 0.000134
Train Epoch: 54 [4000/4556 (87%)]	Loss: 0.042277
Train Epoch: 54 [4250/4556 (93%)]	Loss: 0.004123
Train Epoch: 54 [4500/4556 (98%)]	Loss: 0.001571
Test set: Average loss: 3.7034, Accuracy: 287/1139 (25%)
Train Epoch: 55 [0/4556 (0%)]	Loss: 0.021876
Train Epoch: 55 [250/4556 (5%)]	Loss: 0.000639
Train Epoch: 55 [500/4556 (11%)]	Loss: 0.038482
Train Epoch: 55 [750/4556 (16%)]	Loss: 0.000887
Train Epoch: 55 [1000/4556 (22%)]	Loss: 0.000716
Train Epoch: 55 [1250/4556 (27%)]	Loss: 0.024360
Train Epoch: 55 [1500/4556 (33%)]	Loss: 0.006029
Train Epoch: 55 [1750/4556 (38%)]	Loss: 0.000213
Train Epoch: 55 [2000/4556 (44%)]	Loss: 0.000831
Train Epoch: 55 [2250/4556 (49%)]	Loss: 0.001223
Train Epoch: 55 [2500/4556 (55%)]	Loss: 0.000887
Train Epoch: 55 [2750/4556 (60%)]	Loss: 0.000220
Train Epoch: 55 [3000/4556 (66%)]	Loss: 0.000307
Train Epoch: 55 [3250/4556 (71%)]	Loss: 0.000212
Train Epoch: 55 [3500/4556 (77%)]	Loss: 0.003948
Train Epoch: 55 [3750/4556 (82%)]	Loss: 0.001176
Train Epoch: 55 [4000/4556 (87%)]	Loss: 0.000375
Train Epoch: 55 [4250/4556 (93%)]	Loss: 0.000317
Train Epoch: 55 [4500/4556 (98%)]	Loss: 0.000412
Test set: Average loss: 2.3924, Accuracy: 484/1139 (42%)
Train Epoch: 56 [0/4556 (0%)]	Loss: 0.000247
Train Epoch: 56 [250/4556 (5%)]	Loss: 0.000149
Train Epoch: 56 [500/4556 (11%)]	Loss: 0.002462
Train Epoch: 56 [750/4556 (16%)]	Loss: 0.000082
Train Epoch: 56 [1000/4556 (22%)]	Loss: 0.031281
Train Epoch: 56 [1250/4556 (27%)]	Loss: 0.000441
Train Epoch: 56 [1500/4556 (33%)]	Loss: 0.000412
Train Epoch: 56 [1750/4556 (38%)]	Loss: 0.024585
Train Epoch: 56 [2000/4556 (44%)]	Loss: 0.000202
Train Epoch: 56 [2250/4556 (49%)]	Loss: 0.001297
Train Epoch: 56 [2500/4556 (55%)]	Loss: 0.000053
Train Epoch: 56 [2750/4556 (60%)]	Loss: 0.000166
Train Epoch: 56 [3000/4556 (66%)]	Loss: 0.000275
Train Epoch: 56 [3250/4556 (71%)]	Loss: 0.004663
Train Epoch: 56 [3500/4556 (77%)]	Loss: 0.001248
Train Epoch: 56 [3750/4556 (82%)]	Loss: 0.000639
Train Epoch: 56 [4000/4556 (87%)]	Loss: 0.000232
Train Epoch: 56 [4250/4556 (93%)]	Loss: 0.000618
Train Epoch: 56 [4500/4556 (98%)]	Loss: 0.001792
Test set: Average loss: 2.2616, Accuracy: 604/1139 (53%)
Train Epoch: 57 [0/4556 (0%)]	Loss: 0.000264
Train Epoch: 57 [250/4556 (5%)]	Loss: 0.000105
Train Epoch: 57 [500/4556 (11%)]	Loss: 0.000266
Train Epoch: 57 [750/4556 (16%)]	Loss: 0.002569
Train Epoch: 57 [1000/4556 (22%)]	Loss: 0.000128
Train Epoch: 57 [1250/4556 (27%)]	Loss: 0.000046
Train Epoch: 57 [1500/4556 (33%)]	Loss: 0.000026
Train Epoch: 57 [1750/4556 (38%)]	Loss: 0.000065
Train Epoch: 57 [2000/4556 (44%)]	Loss: 0.000441
Train Epoch: 57 [2250/4556 (49%)]	Loss: 0.000070
Train Epoch: 57 [2500/4556 (55%)]	Loss: 0.037957
Train Epoch: 57 [2750/4556 (60%)]	Loss: 0.006768
Train Epoch: 57 [3000/4556 (66%)]	Loss: 0.000478
Train Epoch: 57 [3250/4556 (71%)]	Loss: 0.000170
Train Epoch: 57 [3500/4556 (77%)]	Loss: 0.000192
Train Epoch: 57 [3750/4556 (82%)]	Loss: 0.000205
Train Epoch: 57 [4000/4556 (87%)]	Loss: 0.000137
Train Epoch: 57 [4250/4556 (93%)]	Loss: 0.001557
Train Epoch: 57 [4500/4556 (98%)]	Loss: 0.000239
Test set: Average loss: 2.0828, Accuracy: 692/1139 (60%)
Train Epoch: 58 [0/4556 (0%)]	Loss: 0.000505
Train Epoch: 58 [250/4556 (5%)]	Loss: 0.000122
Train Epoch: 58 [500/4556 (11%)]	Loss: 0.000145
Train Epoch: 58 [750/4556 (16%)]	Loss: 0.000011
Train Epoch: 58 [1000/4556 (22%)]	Loss: 0.000465
Train Epoch: 58 [1250/4556 (27%)]	Loss: 0.000434
Train Epoch: 58 [1500/4556 (33%)]	Loss: 0.000199
Train Epoch: 58 [1750/4556 (38%)]	Loss: 0.029181
Train Epoch: 58 [2000/4556 (44%)]	Loss: 0.000283
Train Epoch: 58 [2250/4556 (49%)]	Loss: 0.000091
Train Epoch: 58 [2500/4556 (55%)]	Loss: 0.000028
Train Epoch: 58 [2750/4556 (60%)]	Loss: 0.000798
Train Epoch: 58 [3000/4556 (66%)]	Loss: 0.000275
Train Epoch: 58 [3250/4556 (71%)]	Loss: 0.000067
Train Epoch: 58 [3500/4556 (77%)]	Loss: 0.000134
Train Epoch: 58 [3750/4556 (82%)]	Loss: 0.000043
Train Epoch: 58 [4000/4556 (87%)]	Loss: 0.000069
Train Epoch: 58 [4250/4556 (93%)]	Loss: 0.000133
Train Epoch: 58 [4500/4556 (98%)]	Loss: 0.000733
Test set: Average loss: 1.9656, Accuracy: 758/1139 (66%)
Train Epoch: 59 [0/4556 (0%)]	Loss: 0.000035
Train Epoch: 59 [250/4556 (5%)]	Loss: 0.000085
Train Epoch: 59 [500/4556 (11%)]	Loss: 0.000134
Train Epoch: 59 [750/4556 (16%)]	Loss: 0.000483
Train Epoch: 59 [1000/4556 (22%)]	Loss: 0.000230
Train Epoch: 59 [1250/4556 (27%)]	Loss: 0.014167
Train Epoch: 59 [1500/4556 (33%)]	Loss: 0.000042
Train Epoch: 59 [1750/4556 (38%)]	Loss: 0.000090
Train Epoch: 59 [2000/4556 (44%)]	Loss: 0.000017
Train Epoch: 59 [2250/4556 (49%)]	Loss: 0.000017
Train Epoch: 59 [2500/4556 (55%)]	Loss: 0.006735
Train Epoch: 59 [2750/4556 (60%)]	Loss: 0.000152
Train Epoch: 59 [3000/4556 (66%)]	Loss: 0.001170
Train Epoch: 59 [3250/4556 (71%)]	Loss: 0.001329
Train Epoch: 59 [3500/4556 (77%)]	Loss: 0.000274
Train Epoch: 59 [3750/4556 (82%)]	Loss: 0.002076
Train Epoch: 59 [4000/4556 (87%)]	Loss: 0.000231
Train Epoch: 59 [4250/4556 (93%)]	Loss: 0.000034
Train Epoch: 59 [4500/4556 (98%)]	Loss: 0.000141
Test set: Average loss: 2.4140, Accuracy: 683/1139 (59%)
Train Epoch: 60 [0/4556 (0%)]	Loss: 0.000394
Train Epoch: 60 [250/4556 (5%)]	Loss: 0.000026
Train Epoch: 60 [500/4556 (11%)]	Loss: 0.000203
Train Epoch: 60 [750/4556 (16%)]	Loss: 0.000992
Train Epoch: 60 [1000/4556 (22%)]	Loss: 0.000083
Train Epoch: 60 [1250/4556 (27%)]	Loss: 0.000033
Train Epoch: 60 [1500/4556 (33%)]	Loss: 0.000730
Train Epoch: 60 [1750/4556 (38%)]	Loss: 0.000123
Train Epoch: 60 [2000/4556 (44%)]	Loss: 0.000026
Train Epoch: 60 [2250/4556 (49%)]	Loss: 0.000103
Train Epoch: 60 [2500/4556 (55%)]	Loss: 0.000086
Train Epoch: 60 [2750/4556 (60%)]	Loss: 0.000046
Train Epoch: 60 [3000/4556 (66%)]	Loss: 0.000459
Train Epoch: 60 [3250/4556 (71%)]	Loss: 0.000424
Train Epoch: 60 [3500/4556 (77%)]	Loss: 0.000007
Train Epoch: 60 [3750/4556 (82%)]	Loss: 0.005014
Train Epoch: 60 [4000/4556 (87%)]	Loss: 0.000140
Train Epoch: 60 [4250/4556 (93%)]	Loss: 0.000498
Train Epoch: 60 [4500/4556 (98%)]	Loss: 0.000047
Test set: Average loss: 2.0952, Accuracy: 270/1139 (23%)
