getting datasets
finished
trainning pant_length_labels:
Train Epoch: 45 [0/5968 (0%)]	Loss: 0.009863
Train Epoch: 45 [250/5968 (4%)]	Loss: 0.017036
Train Epoch: 45 [500/5968 (8%)]	Loss: 0.003375
Train Epoch: 45 [750/5968 (13%)]	Loss: 0.000655
Train Epoch: 45 [1000/5968 (17%)]	Loss: 0.011643
Train Epoch: 45 [1250/5968 (21%)]	Loss: 0.002253
Train Epoch: 45 [1500/5968 (25%)]	Loss: 0.019496
Train Epoch: 45 [1750/5968 (29%)]	Loss: 0.000987
Train Epoch: 45 [2000/5968 (33%)]	Loss: 0.068693
Train Epoch: 45 [2250/5968 (38%)]	Loss: 0.002519
Train Epoch: 45 [2500/5968 (42%)]	Loss: 0.000361
Train Epoch: 45 [2750/5968 (46%)]	Loss: 0.006610
Train Epoch: 45 [3000/5968 (50%)]	Loss: 0.188945
Train Epoch: 45 [3250/5968 (54%)]	Loss: 0.012716
Train Epoch: 45 [3500/5968 (59%)]	Loss: 0.130783
Train Epoch: 45 [3750/5968 (63%)]	Loss: 0.008993
Train Epoch: 45 [4000/5968 (67%)]	Loss: 0.017483
Train Epoch: 45 [4250/5968 (71%)]	Loss: 0.007706
Train Epoch: 45 [4500/5968 (75%)]	Loss: 0.009935
Train Epoch: 45 [4750/5968 (79%)]	Loss: 0.019719
Train Epoch: 45 [5000/5968 (84%)]	Loss: 0.021192
Train Epoch: 45 [5250/5968 (88%)]	Loss: 0.001169
Train Epoch: 45 [5500/5968 (92%)]	Loss: 0.000695
Train Epoch: 45 [5750/5968 (96%)]	Loss: 0.000650
Test set: Average loss: 7.1420, Accuracy: 276/1492 (18%)
Train Epoch: 46 [0/5968 (0%)]	Loss: 0.080373
Train Epoch: 46 [250/5968 (4%)]	Loss: 0.005760
Train Epoch: 46 [500/5968 (8%)]	Loss: 0.001031
Train Epoch: 46 [750/5968 (13%)]	Loss: 0.019506
Train Epoch: 46 [1000/5968 (17%)]	Loss: 0.001229
Train Epoch: 46 [1250/5968 (21%)]	Loss: 0.012858
Train Epoch: 46 [1500/5968 (25%)]	Loss: 0.004375
Train Epoch: 46 [1750/5968 (29%)]	Loss: 0.000152
Train Epoch: 46 [2000/5968 (33%)]	Loss: 0.000743
Train Epoch: 46 [2250/5968 (38%)]	Loss: 0.011809
Train Epoch: 46 [2500/5968 (42%)]	Loss: 0.020863
Train Epoch: 46 [2750/5968 (46%)]	Loss: 0.002989
Train Epoch: 46 [3000/5968 (50%)]	Loss: 0.003271
Train Epoch: 46 [3250/5968 (54%)]	Loss: 0.002534
Train Epoch: 46 [3500/5968 (59%)]	Loss: 0.002396
Train Epoch: 46 [3750/5968 (63%)]	Loss: 0.002033
Train Epoch: 46 [4000/5968 (67%)]	Loss: 0.000741
Train Epoch: 46 [4250/5968 (71%)]	Loss: 0.012647
Train Epoch: 46 [4500/5968 (75%)]	Loss: 0.000780
Train Epoch: 46 [4750/5968 (79%)]	Loss: 0.034879
Train Epoch: 46 [5000/5968 (84%)]	Loss: 0.000703
Train Epoch: 46 [5250/5968 (88%)]	Loss: 0.000339
Train Epoch: 46 [5500/5968 (92%)]	Loss: 0.004209
Train Epoch: 46 [5750/5968 (96%)]	Loss: 0.001098
Test set: Average loss: 3.0038, Accuracy: 222/1492 (14%)
Train Epoch: 47 [0/5968 (0%)]	Loss: 0.000286
Train Epoch: 47 [250/5968 (4%)]	Loss: 0.000934
Train Epoch: 47 [500/5968 (8%)]	Loss: 0.004557
Train Epoch: 47 [750/5968 (13%)]	Loss: 0.000668
Train Epoch: 47 [1000/5968 (17%)]	Loss: 0.009115
Train Epoch: 47 [1250/5968 (21%)]	Loss: 0.000265
Train Epoch: 47 [1500/5968 (25%)]	Loss: 0.117771
Train Epoch: 47 [1750/5968 (29%)]	Loss: 0.000687
Train Epoch: 47 [2000/5968 (33%)]	Loss: 0.000091
Train Epoch: 47 [2250/5968 (38%)]	Loss: 0.001258
Train Epoch: 47 [2500/5968 (42%)]	Loss: 0.002463
Train Epoch: 47 [2750/5968 (46%)]	Loss: 0.007322
Train Epoch: 47 [3000/5968 (50%)]	Loss: 0.010927
Train Epoch: 47 [3250/5968 (54%)]	Loss: 0.000753
Train Epoch: 47 [3500/5968 (59%)]	Loss: 0.010304
Train Epoch: 47 [3750/5968 (63%)]	Loss: 0.000150
Train Epoch: 47 [4000/5968 (67%)]	Loss: 0.002207
Train Epoch: 47 [4250/5968 (71%)]	Loss: 0.008271
Train Epoch: 47 [4500/5968 (75%)]	Loss: 0.206289
Train Epoch: 47 [4750/5968 (79%)]	Loss: 0.000966
Train Epoch: 47 [5000/5968 (84%)]	Loss: 0.000966
Train Epoch: 47 [5250/5968 (88%)]	Loss: 0.004879
Train Epoch: 47 [5500/5968 (92%)]	Loss: 0.000963
Train Epoch: 47 [5750/5968 (96%)]	Loss: 0.003607
Test set: Average loss: 1.5532, Accuracy: 1008/1492 (67%)
Train Epoch: 48 [0/5968 (0%)]	Loss: 0.000431
Train Epoch: 48 [250/5968 (4%)]	Loss: 0.000901
Train Epoch: 48 [500/5968 (8%)]	Loss: 0.002048
Train Epoch: 48 [750/5968 (13%)]	Loss: 0.000172
Train Epoch: 48 [1000/5968 (17%)]	Loss: 0.005584
Train Epoch: 48 [1250/5968 (21%)]	Loss: 0.000386
Train Epoch: 48 [1500/5968 (25%)]	Loss: 0.000263
Train Epoch: 48 [1750/5968 (29%)]	Loss: 0.022392
Train Epoch: 48 [2000/5968 (33%)]	Loss: 0.000301
Train Epoch: 48 [2250/5968 (38%)]	Loss: 0.025229
Train Epoch: 48 [2500/5968 (42%)]	Loss: 0.000356
Train Epoch: 48 [2750/5968 (46%)]	Loss: 0.000434
Train Epoch: 48 [3000/5968 (50%)]	Loss: 0.019719
Train Epoch: 48 [3250/5968 (54%)]	Loss: 0.000319
Train Epoch: 48 [3500/5968 (59%)]	Loss: 0.000074
Train Epoch: 48 [3750/5968 (63%)]	Loss: 0.000574
Train Epoch: 48 [4000/5968 (67%)]	Loss: 0.005418
Train Epoch: 48 [4250/5968 (71%)]	Loss: 0.000868
Train Epoch: 48 [4500/5968 (75%)]	Loss: 0.000241
Train Epoch: 48 [4750/5968 (79%)]	Loss: 0.012688
Train Epoch: 48 [5000/5968 (84%)]	Loss: 0.001286
Train Epoch: 48 [5250/5968 (88%)]	Loss: 0.000406
Train Epoch: 48 [5500/5968 (92%)]	Loss: 0.039390
Train Epoch: 48 [5750/5968 (96%)]	Loss: 0.000425
Test set: Average loss: 0.8373, Accuracy: 1252/1492 (83%)
Train Epoch: 49 [0/5968 (0%)]	Loss: 0.000262
Train Epoch: 49 [250/5968 (4%)]	Loss: 0.002175
Train Epoch: 49 [500/5968 (8%)]	Loss: 0.000177
Train Epoch: 49 [750/5968 (13%)]	Loss: 0.000452
Train Epoch: 49 [1000/5968 (17%)]	Loss: 0.034603
Train Epoch: 49 [1250/5968 (21%)]	Loss: 0.002975
Train Epoch: 49 [1500/5968 (25%)]	Loss: 0.008039
Train Epoch: 49 [1750/5968 (29%)]	Loss: 0.006406
Train Epoch: 49 [2000/5968 (33%)]	Loss: 0.000214
Train Epoch: 49 [2250/5968 (38%)]	Loss: 0.002177
Train Epoch: 49 [2500/5968 (42%)]	Loss: 0.000923
Train Epoch: 49 [2750/5968 (46%)]	Loss: 0.003641
Train Epoch: 49 [3000/5968 (50%)]	Loss: 0.003423
Train Epoch: 49 [3250/5968 (54%)]	Loss: 0.026389
Train Epoch: 49 [3500/5968 (59%)]	Loss: 0.000434
Train Epoch: 49 [3750/5968 (63%)]	Loss: 0.000121
Train Epoch: 49 [4000/5968 (67%)]	Loss: 0.000366
Train Epoch: 49 [4250/5968 (71%)]	Loss: 0.000107
Train Epoch: 49 [4500/5968 (75%)]	Loss: 0.000091
Train Epoch: 49 [4750/5968 (79%)]	Loss: 0.001200
Train Epoch: 49 [5000/5968 (84%)]	Loss: 0.000101
Train Epoch: 49 [5250/5968 (88%)]	Loss: 0.000174
Train Epoch: 49 [5500/5968 (92%)]	Loss: 0.000203
Train Epoch: 49 [5750/5968 (96%)]	Loss: 0.000192
Test set: Average loss: 0.8574, Accuracy: 1233/1492 (82%)
Train Epoch: 50 [0/5968 (0%)]	Loss: 0.000381
Train Epoch: 50 [250/5968 (4%)]	Loss: 0.000042
Train Epoch: 50 [500/5968 (8%)]	Loss: 0.000053
Train Epoch: 50 [750/5968 (13%)]	Loss: 0.000343
Train Epoch: 50 [1000/5968 (17%)]	Loss: 0.000184
Train Epoch: 50 [1250/5968 (21%)]	Loss: 0.000315
Train Epoch: 50 [1500/5968 (25%)]	Loss: 0.000228
Train Epoch: 50 [1750/5968 (29%)]	Loss: 0.000086
Train Epoch: 50 [2000/5968 (33%)]	Loss: 0.000264
Train Epoch: 50 [2250/5968 (38%)]	Loss: 0.000142
Train Epoch: 50 [2500/5968 (42%)]	Loss: 0.000064
Train Epoch: 50 [2750/5968 (46%)]	Loss: 0.000109
Train Epoch: 50 [3000/5968 (50%)]	Loss: 0.000069
Train Epoch: 50 [3250/5968 (54%)]	Loss: 0.000035
Train Epoch: 50 [3500/5968 (59%)]	Loss: 0.003062
Train Epoch: 50 [3750/5968 (63%)]	Loss: 0.000265
Train Epoch: 50 [4000/5968 (67%)]	Loss: 0.000034
Train Epoch: 50 [4250/5968 (71%)]	Loss: 0.000302
Train Epoch: 50 [4500/5968 (75%)]	Loss: 0.000092
Train Epoch: 50 [4750/5968 (79%)]	Loss: 0.000177
Train Epoch: 50 [5000/5968 (84%)]	Loss: 0.000190
Train Epoch: 50 [5250/5968 (88%)]	Loss: 0.000895
Train Epoch: 50 [5500/5968 (92%)]	Loss: 0.000097
Train Epoch: 50 [5750/5968 (96%)]	Loss: 0.001755
Test set: Average loss: 0.9732, Accuracy: 1229/1492 (82%)
Train Epoch: 51 [0/5968 (0%)]	Loss: 0.002530
Train Epoch: 51 [250/5968 (4%)]	Loss: 0.000044
Train Epoch: 51 [500/5968 (8%)]	Loss: 0.000105
Train Epoch: 51 [750/5968 (13%)]	Loss: 0.000043
Train Epoch: 51 [1000/5968 (17%)]	Loss: 0.000171
Train Epoch: 51 [1250/5968 (21%)]	Loss: 0.000046
Train Epoch: 51 [1500/5968 (25%)]	Loss: 0.000047
Train Epoch: 51 [1750/5968 (29%)]	Loss: 0.000153
Train Epoch: 51 [2000/5968 (33%)]	Loss: 0.000109
Train Epoch: 51 [2250/5968 (38%)]	Loss: 0.000131
Train Epoch: 51 [2500/5968 (42%)]	Loss: 0.000505
Train Epoch: 51 [2750/5968 (46%)]	Loss: 0.000030
Train Epoch: 51 [3000/5968 (50%)]	Loss: 0.000046
Train Epoch: 51 [3250/5968 (54%)]	Loss: 0.000141
Train Epoch: 51 [3500/5968 (59%)]	Loss: 0.001586
Train Epoch: 51 [3750/5968 (63%)]	Loss: 0.008215
Train Epoch: 51 [4000/5968 (67%)]	Loss: 0.000922
Train Epoch: 51 [4250/5968 (71%)]	Loss: 0.000398
Train Epoch: 51 [4500/5968 (75%)]	Loss: 0.000070
Train Epoch: 51 [4750/5968 (79%)]	Loss: 0.000172
Train Epoch: 51 [5000/5968 (84%)]	Loss: 0.000088
Train Epoch: 51 [5250/5968 (88%)]	Loss: 0.000380
Train Epoch: 51 [5500/5968 (92%)]	Loss: 0.000209
Train Epoch: 51 [5750/5968 (96%)]	Loss: 0.000422
Test set: Average loss: 0.8748, Accuracy: 1251/1492 (83%)
Train Epoch: 52 [0/5968 (0%)]	Loss: 0.000267
Train Epoch: 52 [250/5968 (4%)]	Loss: 0.000022
Train Epoch: 52 [500/5968 (8%)]	Loss: 0.000118
Train Epoch: 52 [750/5968 (13%)]	Loss: 0.000309
Train Epoch: 52 [1000/5968 (17%)]	Loss: 0.000090
Train Epoch: 52 [1250/5968 (21%)]	Loss: 0.000125
Train Epoch: 52 [1500/5968 (25%)]	Loss: 0.002839
Train Epoch: 52 [1750/5968 (29%)]	Loss: 0.031578
Train Epoch: 52 [2000/5968 (33%)]	Loss: 0.000402
Train Epoch: 52 [2250/5968 (38%)]	Loss: 0.000112
Train Epoch: 52 [2500/5968 (42%)]	Loss: 0.000090
Train Epoch: 52 [2750/5968 (46%)]	Loss: 0.000094
Train Epoch: 52 [3000/5968 (50%)]	Loss: 0.000212
Train Epoch: 52 [3250/5968 (54%)]	Loss: 0.001773
Train Epoch: 52 [3500/5968 (59%)]	Loss: 0.000360
Train Epoch: 52 [3750/5968 (63%)]	Loss: 0.000116
Train Epoch: 52 [4000/5968 (67%)]	Loss: 0.000068
Train Epoch: 52 [4250/5968 (71%)]	Loss: 0.000038
Train Epoch: 52 [4500/5968 (75%)]	Loss: 0.000184
Train Epoch: 52 [4750/5968 (79%)]	Loss: 0.000179
Train Epoch: 52 [5000/5968 (84%)]	Loss: 0.000598
Train Epoch: 52 [5250/5968 (88%)]	Loss: 0.000037
Train Epoch: 52 [5500/5968 (92%)]	Loss: 0.000057
Train Epoch: 52 [5750/5968 (96%)]	Loss: 0.000111
Test set: Average loss: 0.8596, Accuracy: 1250/1492 (83%)
Train Epoch: 53 [0/5968 (0%)]	Loss: 0.000066
Train Epoch: 53 [250/5968 (4%)]	Loss: 0.000021
Train Epoch: 53 [500/5968 (8%)]	Loss: 0.000524
Train Epoch: 53 [750/5968 (13%)]	Loss: 0.025562
Train Epoch: 53 [1000/5968 (17%)]	Loss: 0.000131
Train Epoch: 53 [1250/5968 (21%)]	Loss: 0.000322
Train Epoch: 53 [1500/5968 (25%)]	Loss: 0.000491
Train Epoch: 53 [1750/5968 (29%)]	Loss: 0.000373
Train Epoch: 53 [2000/5968 (33%)]	Loss: 0.000358
Train Epoch: 53 [2250/5968 (38%)]	Loss: 0.000283
Train Epoch: 53 [2500/5968 (42%)]	Loss: 0.000601
Train Epoch: 53 [2750/5968 (46%)]	Loss: 0.002501
Train Epoch: 53 [3000/5968 (50%)]	Loss: 0.000086
Train Epoch: 53 [3250/5968 (54%)]	Loss: 0.000081
Train Epoch: 53 [3500/5968 (59%)]	Loss: 0.000169
Train Epoch: 53 [3750/5968 (63%)]	Loss: 0.000072
Train Epoch: 53 [4000/5968 (67%)]	Loss: 0.000212
Train Epoch: 53 [4250/5968 (71%)]	Loss: 0.000047
Train Epoch: 53 [4500/5968 (75%)]	Loss: 0.000512
Train Epoch: 53 [4750/5968 (79%)]	Loss: 0.000025
Train Epoch: 53 [5000/5968 (84%)]	Loss: 0.000120
Train Epoch: 53 [5250/5968 (88%)]	Loss: 0.000932
Train Epoch: 53 [5500/5968 (92%)]	Loss: 0.000074
Train Epoch: 53 [5750/5968 (96%)]	Loss: 0.000084
Test set: Average loss: 0.9520, Accuracy: 1234/1492 (82%)
Train Epoch: 54 [0/5968 (0%)]	Loss: 0.000017
Train Epoch: 54 [250/5968 (4%)]	Loss: 0.000208
Train Epoch: 54 [500/5968 (8%)]	Loss: 0.000084
Train Epoch: 54 [750/5968 (13%)]	Loss: 0.001173
Train Epoch: 54 [1000/5968 (17%)]	Loss: 0.000088
Train Epoch: 54 [1250/5968 (21%)]	Loss: 0.000375
Train Epoch: 54 [1500/5968 (25%)]	Loss: 0.000057
Train Epoch: 54 [1750/5968 (29%)]	Loss: 0.000080
Train Epoch: 54 [2000/5968 (33%)]	Loss: 0.000083
Train Epoch: 54 [2250/5968 (38%)]	Loss: 0.000046
Train Epoch: 54 [2500/5968 (42%)]	Loss: 0.000049
Train Epoch: 54 [2750/5968 (46%)]	Loss: 0.000042
Train Epoch: 54 [3000/5968 (50%)]	Loss: 0.000043
Train Epoch: 54 [3250/5968 (54%)]	Loss: 0.000058
Train Epoch: 54 [3500/5968 (59%)]	Loss: 0.000194
Train Epoch: 54 [3750/5968 (63%)]	Loss: 0.000175
Train Epoch: 54 [4000/5968 (67%)]	Loss: 0.000195
Train Epoch: 54 [4250/5968 (71%)]	Loss: 0.000070
Train Epoch: 54 [4500/5968 (75%)]	Loss: 0.000126
Train Epoch: 54 [4750/5968 (79%)]	Loss: 0.000037
Train Epoch: 54 [5000/5968 (84%)]	Loss: 0.000233
Train Epoch: 54 [5250/5968 (88%)]	Loss: 0.017739
Train Epoch: 54 [5500/5968 (92%)]	Loss: 0.000233
Train Epoch: 54 [5750/5968 (96%)]	Loss: 0.062857
Test set: Average loss: 0.9350, Accuracy: 1232/1492 (82%)
Train Epoch: 55 [0/5968 (0%)]	Loss: 0.002211
Train Epoch: 55 [250/5968 (4%)]	Loss: 0.000111
Train Epoch: 55 [500/5968 (8%)]	Loss: 0.000167
Train Epoch: 55 [750/5968 (13%)]	Loss: 0.000195
Train Epoch: 55 [1000/5968 (17%)]	Loss: 0.000062
Train Epoch: 55 [1250/5968 (21%)]	Loss: 0.024813
Train Epoch: 55 [1500/5968 (25%)]	Loss: 0.000153
Train Epoch: 55 [1750/5968 (29%)]	Loss: 0.000077
Train Epoch: 55 [2000/5968 (33%)]	Loss: 0.000042
Train Epoch: 55 [2250/5968 (38%)]	Loss: 0.000012
Train Epoch: 55 [2500/5968 (42%)]	Loss: 0.000089
Train Epoch: 55 [2750/5968 (46%)]	Loss: 0.000057
Train Epoch: 55 [3000/5968 (50%)]	Loss: 0.000040
Train Epoch: 55 [3250/5968 (54%)]	Loss: 0.000056
Train Epoch: 55 [3500/5968 (59%)]	Loss: 0.000038
Train Epoch: 55 [3750/5968 (63%)]	Loss: 0.000448
Train Epoch: 55 [4000/5968 (67%)]	Loss: 0.000015
Train Epoch: 55 [4250/5968 (71%)]	Loss: 0.000179
Train Epoch: 55 [4500/5968 (75%)]	Loss: 0.000028
Train Epoch: 55 [4750/5968 (79%)]	Loss: 0.000020
Train Epoch: 55 [5000/5968 (84%)]	Loss: 0.000061
Train Epoch: 55 [5250/5968 (88%)]	Loss: 0.000041
Train Epoch: 55 [5500/5968 (92%)]	Loss: 0.000250
Train Epoch: 55 [5750/5968 (96%)]	Loss: 0.000061
Test set: Average loss: 0.8980, Accuracy: 1247/1492 (83%)
Train Epoch: 56 [0/5968 (0%)]	Loss: 0.000044
Train Epoch: 56 [250/5968 (4%)]	Loss: 0.000112
Train Epoch: 56 [500/5968 (8%)]	Loss: 0.000036
Train Epoch: 56 [750/5968 (13%)]	Loss: 0.000456
Train Epoch: 56 [1000/5968 (17%)]	Loss: 0.000235
Train Epoch: 56 [1250/5968 (21%)]	Loss: 0.000064
Train Epoch: 56 [1500/5968 (25%)]	Loss: 0.000031
Train Epoch: 56 [1750/5968 (29%)]	Loss: 0.012143
Train Epoch: 56 [2000/5968 (33%)]	Loss: 0.000055
Train Epoch: 56 [2250/5968 (38%)]	Loss: 0.002542
Train Epoch: 56 [2500/5968 (42%)]	Loss: 0.000041
Train Epoch: 56 [2750/5968 (46%)]	Loss: 0.001895
Train Epoch: 56 [3000/5968 (50%)]	Loss: 0.000057
Train Epoch: 56 [3250/5968 (54%)]	Loss: 0.000222
Train Epoch: 56 [3500/5968 (59%)]	Loss: 0.000134
Train Epoch: 56 [3750/5968 (63%)]	Loss: 0.001365
Train Epoch: 56 [4000/5968 (67%)]	Loss: 0.000048
Train Epoch: 56 [4250/5968 (71%)]	Loss: 0.000039
Train Epoch: 56 [4500/5968 (75%)]	Loss: 0.000054
Train Epoch: 56 [4750/5968 (79%)]	Loss: 0.000040
Train Epoch: 56 [5000/5968 (84%)]	Loss: 0.000111
Train Epoch: 56 [5250/5968 (88%)]	Loss: 0.001745
Train Epoch: 56 [5500/5968 (92%)]	Loss: 0.001220
Train Epoch: 56 [5750/5968 (96%)]	Loss: 0.000019
Test set: Average loss: 0.9174, Accuracy: 1256/1492 (84%)
Train Epoch: 57 [0/5968 (0%)]	Loss: 0.000060
Train Epoch: 57 [250/5968 (4%)]	Loss: 0.000178
Train Epoch: 57 [500/5968 (8%)]	Loss: 0.000038
Train Epoch: 57 [750/5968 (13%)]	Loss: 0.000136
Train Epoch: 57 [1000/5968 (17%)]	Loss: 0.000022
Train Epoch: 57 [1250/5968 (21%)]	Loss: 0.000345
Train Epoch: 57 [1500/5968 (25%)]	Loss: 0.000029
Train Epoch: 57 [1750/5968 (29%)]	Loss: 0.000025
Train Epoch: 57 [2000/5968 (33%)]	Loss: 0.000046
Train Epoch: 57 [2250/5968 (38%)]	Loss: 0.000071
Train Epoch: 57 [2500/5968 (42%)]	Loss: 0.000308
Train Epoch: 57 [2750/5968 (46%)]	Loss: 0.000026
Train Epoch: 57 [3000/5968 (50%)]	Loss: 0.000284
Train Epoch: 57 [3250/5968 (54%)]	Loss: 0.000212
Train Epoch: 57 [3500/5968 (59%)]	Loss: 0.000579
Train Epoch: 57 [3750/5968 (63%)]	Loss: 0.000019
Train Epoch: 57 [4000/5968 (67%)]	Loss: 0.000014
Train Epoch: 57 [4250/5968 (71%)]	Loss: 0.000086
Train Epoch: 57 [4500/5968 (75%)]	Loss: 0.000268
Train Epoch: 57 [4750/5968 (79%)]	Loss: 0.000051
Train Epoch: 57 [5000/5968 (84%)]	Loss: 0.001072
Train Epoch: 57 [5250/5968 (88%)]	Loss: 0.002656
Train Epoch: 57 [5500/5968 (92%)]	Loss: 0.000092
Train Epoch: 57 [5750/5968 (96%)]	Loss: 0.000040
Test set: Average loss: 0.8820, Accuracy: 1254/1492 (84%)
Train Epoch: 58 [0/5968 (0%)]	Loss: 0.000026
Train Epoch: 58 [250/5968 (4%)]	Loss: 0.000059
Train Epoch: 58 [500/5968 (8%)]	Loss: 0.000023
Train Epoch: 58 [750/5968 (13%)]	Loss: 0.000033
Train Epoch: 58 [1000/5968 (17%)]	Loss: 0.000082
Train Epoch: 58 [1250/5968 (21%)]	Loss: 0.000026
Train Epoch: 58 [1500/5968 (25%)]	Loss: 0.000180
Train Epoch: 58 [1750/5968 (29%)]	Loss: 0.000023
Train Epoch: 58 [2000/5968 (33%)]	Loss: 0.000973
Train Epoch: 58 [2250/5968 (38%)]	Loss: 0.000024
Train Epoch: 58 [2500/5968 (42%)]	Loss: 0.000055
Train Epoch: 58 [2750/5968 (46%)]	Loss: 0.000110
Train Epoch: 58 [3000/5968 (50%)]	Loss: 0.000035
Train Epoch: 58 [3250/5968 (54%)]	Loss: 0.000339
Train Epoch: 58 [3500/5968 (59%)]	Loss: 0.000109
Train Epoch: 58 [3750/5968 (63%)]	Loss: 0.000023
Train Epoch: 58 [4000/5968 (67%)]	Loss: 0.000175
Train Epoch: 58 [4250/5968 (71%)]	Loss: 0.000169
Train Epoch: 58 [4500/5968 (75%)]	Loss: 0.000065
Train Epoch: 58 [4750/5968 (79%)]	Loss: 0.000071
Train Epoch: 58 [5000/5968 (84%)]	Loss: 0.000058
Train Epoch: 58 [5250/5968 (88%)]	Loss: 0.000009
Train Epoch: 58 [5500/5968 (92%)]	Loss: 0.000069
Train Epoch: 58 [5750/5968 (96%)]	Loss: 0.000212
Test set: Average loss: 0.8669, Accuracy: 1258/1492 (84%)
Train Epoch: 59 [0/5968 (0%)]	Loss: 0.000026
Train Epoch: 59 [250/5968 (4%)]	Loss: 0.000011
Train Epoch: 59 [500/5968 (8%)]	Loss: 0.000520
Train Epoch: 59 [750/5968 (13%)]	Loss: 0.000042
Train Epoch: 59 [1000/5968 (17%)]	Loss: 0.000045
Train Epoch: 59 [1250/5968 (21%)]	Loss: 0.000010
Train Epoch: 59 [1500/5968 (25%)]	Loss: 0.000014
Train Epoch: 59 [1750/5968 (29%)]	Loss: 0.000084
Train Epoch: 59 [2000/5968 (33%)]	Loss: 0.000014
Train Epoch: 59 [2250/5968 (38%)]	Loss: 0.000027
Train Epoch: 59 [2500/5968 (42%)]	Loss: 0.000028
Train Epoch: 59 [2750/5968 (46%)]	Loss: 0.000072
Train Epoch: 59 [3000/5968 (50%)]	Loss: 0.000149
Train Epoch: 59 [3250/5968 (54%)]	Loss: 0.000108
Train Epoch: 59 [3500/5968 (59%)]	Loss: 0.000021
Train Epoch: 59 [3750/5968 (63%)]	Loss: 0.000257
Train Epoch: 59 [4000/5968 (67%)]	Loss: 0.000563
Train Epoch: 59 [4250/5968 (71%)]	Loss: 0.000049
Train Epoch: 59 [4500/5968 (75%)]	Loss: 0.000027
Train Epoch: 59 [4750/5968 (79%)]	Loss: 0.000101
Train Epoch: 59 [5000/5968 (84%)]	Loss: 0.000032
Train Epoch: 59 [5250/5968 (88%)]	Loss: 0.000094
Train Epoch: 59 [5500/5968 (92%)]	Loss: 0.000100
Train Epoch: 59 [5750/5968 (96%)]	Loss: 0.000085
Test set: Average loss: 0.8774, Accuracy: 1266/1492 (84%)
Train Epoch: 60 [0/5968 (0%)]	Loss: 0.000269
Train Epoch: 60 [250/5968 (4%)]	Loss: 0.000288
Train Epoch: 60 [500/5968 (8%)]	Loss: 0.000043
Train Epoch: 60 [750/5968 (13%)]	Loss: 0.000335
Train Epoch: 60 [1000/5968 (17%)]	Loss: 0.000038
Train Epoch: 60 [1250/5968 (21%)]	Loss: 0.000027
Train Epoch: 60 [1500/5968 (25%)]	Loss: 0.000093
Train Epoch: 60 [1750/5968 (29%)]	Loss: 0.000029
Train Epoch: 60 [2000/5968 (33%)]	Loss: 0.020013
Train Epoch: 60 [2250/5968 (38%)]	Loss: 0.000020
Train Epoch: 60 [2500/5968 (42%)]	Loss: 0.000046
Train Epoch: 60 [2750/5968 (46%)]	Loss: 0.000026
Train Epoch: 60 [3000/5968 (50%)]	Loss: 0.000010
Train Epoch: 60 [3250/5968 (54%)]	Loss: 0.000135
Train Epoch: 60 [3500/5968 (59%)]	Loss: 0.000011
Train Epoch: 60 [3750/5968 (63%)]	Loss: 0.000265
Train Epoch: 60 [4000/5968 (67%)]	Loss: 0.000050
Train Epoch: 60 [4250/5968 (71%)]	Loss: 0.000051
Train Epoch: 60 [4500/5968 (75%)]	Loss: 0.000048
Train Epoch: 60 [4750/5968 (79%)]	Loss: 0.000019
Train Epoch: 60 [5000/5968 (84%)]	Loss: 0.000071
Train Epoch: 60 [5250/5968 (88%)]	Loss: 0.000059
Train Epoch: 60 [5500/5968 (92%)]	Loss: 0.000029
Train Epoch: 60 [5750/5968 (96%)]	Loss: 0.000017
Test set: Average loss: 0.8949, Accuracy: 1252/1492 (83%)
