getting datasets
finished
trainning skirt_length_labels:
Train Epoch: 1 [0/7378 (0%)]	Loss: 1.815873
Train Epoch: 1 [250/7378 (3%)]	Loss: 2.074121
Train Epoch: 1 [500/7378 (7%)]	Loss: 2.203789
Train Epoch: 1 [750/7378 (10%)]	Loss: 1.288405
Train Epoch: 1 [1000/7378 (14%)]	Loss: 1.659310
Train Epoch: 1 [1250/7378 (17%)]	Loss: 0.925320
Train Epoch: 1 [1500/7378 (20%)]	Loss: 1.367531
Train Epoch: 1 [1750/7378 (24%)]	Loss: 0.927956
Train Epoch: 1 [2000/7378 (27%)]	Loss: 0.875399
Train Epoch: 1 [2250/7378 (30%)]	Loss: 0.979013
Train Epoch: 1 [2500/7378 (34%)]	Loss: 1.067998
Train Epoch: 1 [2750/7378 (37%)]	Loss: 0.602787
Train Epoch: 1 [3000/7378 (41%)]	Loss: 0.892733
Train Epoch: 1 [3250/7378 (44%)]	Loss: 0.916970
Train Epoch: 1 [3500/7378 (47%)]	Loss: 0.785243
Train Epoch: 1 [3750/7378 (51%)]	Loss: 0.544527
Train Epoch: 1 [4000/7378 (54%)]	Loss: 0.914244
Train Epoch: 1 [4250/7378 (57%)]	Loss: 1.015802
Train Epoch: 1 [4500/7378 (61%)]	Loss: 1.116582
Train Epoch: 1 [4750/7378 (64%)]	Loss: 0.903045
Train Epoch: 1 [5000/7378 (68%)]	Loss: 0.940862
Train Epoch: 1 [5250/7378 (71%)]	Loss: 0.696203
Train Epoch: 1 [5500/7378 (74%)]	Loss: 1.244746
Train Epoch: 1 [5750/7378 (78%)]	Loss: 0.778267
Train Epoch: 1 [6000/7378 (81%)]	Loss: 0.809929
Train Epoch: 1 [6250/7378 (84%)]	Loss: 0.741540
Train Epoch: 1 [6500/7378 (88%)]	Loss: 0.753562
Train Epoch: 1 [6750/7378 (91%)]	Loss: 0.901457
Train Epoch: 1 [7000/7378 (95%)]	Loss: 0.494603
Train Epoch: 1 [7250/7378 (98%)]	Loss: 0.680549
Test set: Average loss: 2.4619, Accuracy: 291/1844 (15%)
Train Epoch: 2 [0/7378 (0%)]	Loss: 0.595434
Train Epoch: 2 [250/7378 (3%)]	Loss: 0.463386
Train Epoch: 2 [500/7378 (7%)]	Loss: 0.960815
Train Epoch: 2 [750/7378 (10%)]	Loss: 0.387383
Train Epoch: 2 [1000/7378 (14%)]	Loss: 0.619555
Train Epoch: 2 [1250/7378 (17%)]	Loss: 0.706996
Train Epoch: 2 [1500/7378 (20%)]	Loss: 0.590149
Train Epoch: 2 [1750/7378 (24%)]	Loss: 0.463942
Train Epoch: 2 [2000/7378 (27%)]	Loss: 0.447645
Train Epoch: 2 [2250/7378 (30%)]	Loss: 0.770772
Train Epoch: 2 [2500/7378 (34%)]	Loss: 0.434021
Train Epoch: 2 [2750/7378 (37%)]	Loss: 0.596934
Train Epoch: 2 [3000/7378 (41%)]	Loss: 0.979063
Train Epoch: 2 [3250/7378 (44%)]	Loss: 0.515956
Train Epoch: 2 [3500/7378 (47%)]	Loss: 0.396374
Train Epoch: 2 [3750/7378 (51%)]	Loss: 0.518974
Train Epoch: 2 [4000/7378 (54%)]	Loss: 0.803643
Train Epoch: 2 [4250/7378 (57%)]	Loss: 0.723208
Train Epoch: 2 [4500/7378 (61%)]	Loss: 0.832035
Train Epoch: 2 [4750/7378 (64%)]	Loss: 0.333818
Train Epoch: 2 [5000/7378 (68%)]	Loss: 0.240258
Train Epoch: 2 [5250/7378 (71%)]	Loss: 0.370469
Train Epoch: 2 [5500/7378 (74%)]	Loss: 0.576803
Train Epoch: 2 [5750/7378 (78%)]	Loss: 0.331178
Train Epoch: 2 [6000/7378 (81%)]	Loss: 0.600944
Train Epoch: 2 [6250/7378 (84%)]	Loss: 0.361018
Train Epoch: 2 [6500/7378 (88%)]	Loss: 0.742500
Train Epoch: 2 [6750/7378 (91%)]	Loss: 0.720504
Train Epoch: 2 [7000/7378 (95%)]	Loss: 0.922021
Train Epoch: 2 [7250/7378 (98%)]	Loss: 0.462144
Test set: Average loss: 71.3441, Accuracy: 291/1844 (15%)
Train Epoch: 3 [0/7378 (0%)]	Loss: 0.968402
Train Epoch: 3 [250/7378 (3%)]	Loss: 0.538154
Train Epoch: 3 [500/7378 (7%)]	Loss: 0.152046
Train Epoch: 3 [750/7378 (10%)]	Loss: 0.216646
Train Epoch: 3 [1000/7378 (14%)]	Loss: 0.337861
Train Epoch: 3 [1250/7378 (17%)]	Loss: 0.735135
Train Epoch: 3 [1500/7378 (20%)]	Loss: 1.096830
Train Epoch: 3 [1750/7378 (24%)]	Loss: 0.797188
Train Epoch: 3 [2000/7378 (27%)]	Loss: 0.263399
Train Epoch: 3 [2250/7378 (30%)]	Loss: 0.337965
Train Epoch: 3 [2500/7378 (34%)]	Loss: 0.274942
Train Epoch: 3 [2750/7378 (37%)]	Loss: 0.328806
Train Epoch: 3 [3000/7378 (41%)]	Loss: 0.329902
Train Epoch: 3 [3250/7378 (44%)]	Loss: 0.643606
Train Epoch: 3 [3500/7378 (47%)]	Loss: 0.298481
Train Epoch: 3 [3750/7378 (51%)]	Loss: 0.141873
Train Epoch: 3 [4000/7378 (54%)]	Loss: 0.493467
Train Epoch: 3 [4250/7378 (57%)]	Loss: 0.331598
Train Epoch: 3 [4500/7378 (61%)]	Loss: 0.256898
Train Epoch: 3 [4750/7378 (64%)]	Loss: 0.690607
Train Epoch: 3 [5000/7378 (68%)]	Loss: 0.181262
Train Epoch: 3 [5250/7378 (71%)]	Loss: 0.367045
Train Epoch: 3 [5500/7378 (74%)]	Loss: 0.177859
Train Epoch: 3 [5750/7378 (78%)]	Loss: 0.597947
Train Epoch: 3 [6000/7378 (81%)]	Loss: 0.466191
Train Epoch: 3 [6250/7378 (84%)]	Loss: 0.209513
Train Epoch: 3 [6500/7378 (88%)]	Loss: 0.153419
Train Epoch: 3 [6750/7378 (91%)]	Loss: 0.521212
Train Epoch: 3 [7000/7378 (95%)]	Loss: 0.809161
Train Epoch: 3 [7250/7378 (98%)]	Loss: 0.671777
Test set: Average loss: 4.0472, Accuracy: 291/1844 (15%)
Train Epoch: 4 [0/7378 (0%)]	Loss: 0.489427
Train Epoch: 4 [250/7378 (3%)]	Loss: 0.302147
Train Epoch: 4 [500/7378 (7%)]	Loss: 0.118330
Train Epoch: 4 [750/7378 (10%)]	Loss: 0.109119
Train Epoch: 4 [1000/7378 (14%)]	Loss: 0.564710
Train Epoch: 4 [1250/7378 (17%)]	Loss: 0.343917
Train Epoch: 4 [1500/7378 (20%)]	Loss: 0.358275
Train Epoch: 4 [1750/7378 (24%)]	Loss: 0.256170
Train Epoch: 4 [2000/7378 (27%)]	Loss: 0.065939
Train Epoch: 4 [2250/7378 (30%)]	Loss: 0.580178
Train Epoch: 4 [2500/7378 (34%)]	Loss: 0.313881
Train Epoch: 4 [2750/7378 (37%)]	Loss: 0.348176
Train Epoch: 4 [3000/7378 (41%)]	Loss: 0.321680
Train Epoch: 4 [3250/7378 (44%)]	Loss: 0.159757
Train Epoch: 4 [3500/7378 (47%)]	Loss: 0.418074
Train Epoch: 4 [3750/7378 (51%)]	Loss: 0.176288
Train Epoch: 4 [4000/7378 (54%)]	Loss: 0.442383
Train Epoch: 4 [4250/7378 (57%)]	Loss: 0.225015
Train Epoch: 4 [4500/7378 (61%)]	Loss: 0.083988
Train Epoch: 4 [4750/7378 (64%)]	Loss: 0.269175
Train Epoch: 4 [5000/7378 (68%)]	Loss: 0.257610
Train Epoch: 4 [5250/7378 (71%)]	Loss: 0.179483
Train Epoch: 4 [5500/7378 (74%)]	Loss: 0.470110
Train Epoch: 4 [5750/7378 (78%)]	Loss: 0.459487
Train Epoch: 4 [6000/7378 (81%)]	Loss: 0.186263
Train Epoch: 4 [6250/7378 (84%)]	Loss: 0.091269
Train Epoch: 4 [6500/7378 (88%)]	Loss: 0.452409
Train Epoch: 4 [6750/7378 (91%)]	Loss: 0.085926
Train Epoch: 4 [7000/7378 (95%)]	Loss: 0.330583
Train Epoch: 4 [7250/7378 (98%)]	Loss: 0.125200
Test set: Average loss: 3.9737, Accuracy: 291/1844 (15%)
Train Epoch: 5 [0/7378 (0%)]	Loss: 0.494693
Train Epoch: 5 [250/7378 (3%)]	Loss: 0.203506
Train Epoch: 5 [500/7378 (7%)]	Loss: 0.235456
Train Epoch: 5 [750/7378 (10%)]	Loss: 0.092228
Train Epoch: 5 [1000/7378 (14%)]	Loss: 0.046283
Train Epoch: 5 [1250/7378 (17%)]	Loss: 0.138613
Train Epoch: 5 [1500/7378 (20%)]	Loss: 0.145210
Train Epoch: 5 [1750/7378 (24%)]	Loss: 0.156800
Train Epoch: 5 [2000/7378 (27%)]	Loss: 0.328208
Train Epoch: 5 [2250/7378 (30%)]	Loss: 0.087379
Train Epoch: 5 [2500/7378 (34%)]	Loss: 0.049623
Train Epoch: 5 [2750/7378 (37%)]	Loss: 0.088534
Train Epoch: 5 [3000/7378 (41%)]	Loss: 0.338968
Train Epoch: 5 [3250/7378 (44%)]	Loss: 0.241809
Train Epoch: 5 [3500/7378 (47%)]	Loss: 0.120976
Train Epoch: 5 [3750/7378 (51%)]	Loss: 0.176390
Train Epoch: 5 [4000/7378 (54%)]	Loss: 0.211027
Train Epoch: 5 [4250/7378 (57%)]	Loss: 0.073640
Train Epoch: 5 [4500/7378 (61%)]	Loss: 0.346255
Train Epoch: 5 [4750/7378 (64%)]	Loss: 0.123503
Train Epoch: 5 [5000/7378 (68%)]	Loss: 0.160786
Train Epoch: 5 [5250/7378 (71%)]	Loss: 0.183871
Train Epoch: 5 [5500/7378 (74%)]	Loss: 0.170189
Train Epoch: 5 [5750/7378 (78%)]	Loss: 0.480160
Train Epoch: 5 [6000/7378 (81%)]	Loss: 0.155802
Train Epoch: 5 [6250/7378 (84%)]	Loss: 0.063218
Train Epoch: 5 [6500/7378 (88%)]	Loss: 0.032365
Train Epoch: 5 [6750/7378 (91%)]	Loss: 0.272346
Train Epoch: 5 [7000/7378 (95%)]	Loss: 0.062207
Train Epoch: 5 [7250/7378 (98%)]	Loss: 0.204175
Test set: Average loss: 2.8258, Accuracy: 291/1844 (15%)
Train Epoch: 6 [0/7378 (0%)]	Loss: 0.054856
Train Epoch: 6 [250/7378 (3%)]	Loss: 0.089390
Train Epoch: 6 [500/7378 (7%)]	Loss: 0.015297
Train Epoch: 6 [750/7378 (10%)]	Loss: 0.080819
Train Epoch: 6 [1000/7378 (14%)]	Loss: 0.058793
Train Epoch: 6 [1250/7378 (17%)]	Loss: 0.011224
Train Epoch: 6 [1500/7378 (20%)]	Loss: 0.118726
Train Epoch: 6 [1750/7378 (24%)]	Loss: 0.100334
Train Epoch: 6 [2000/7378 (27%)]	Loss: 0.159150
Train Epoch: 6 [2250/7378 (30%)]	Loss: 0.154353
Train Epoch: 6 [2500/7378 (34%)]	Loss: 0.084796
Train Epoch: 6 [2750/7378 (37%)]	Loss: 0.087320
Train Epoch: 6 [3000/7378 (41%)]	Loss: 0.084658
Train Epoch: 6 [3250/7378 (44%)]	Loss: 0.012211
Train Epoch: 6 [3500/7378 (47%)]	Loss: 0.068098
Train Epoch: 6 [3750/7378 (51%)]	Loss: 0.287993
Train Epoch: 6 [4000/7378 (54%)]	Loss: 0.327836
Train Epoch: 6 [4250/7378 (57%)]	Loss: 0.199276
Train Epoch: 6 [4500/7378 (61%)]	Loss: 0.029092
Train Epoch: 6 [4750/7378 (64%)]	Loss: 0.048073
Train Epoch: 6 [5000/7378 (68%)]	Loss: 0.309808
Train Epoch: 6 [5250/7378 (71%)]	Loss: 0.056620
Train Epoch: 6 [5500/7378 (74%)]	Loss: 0.060340
Train Epoch: 6 [5750/7378 (78%)]	Loss: 0.030992
Train Epoch: 6 [6000/7378 (81%)]	Loss: 0.076149
Train Epoch: 6 [6250/7378 (84%)]	Loss: 0.089437
Train Epoch: 6 [6500/7378 (88%)]	Loss: 0.012271
Train Epoch: 6 [6750/7378 (91%)]	Loss: 0.026437
Train Epoch: 6 [7000/7378 (95%)]	Loss: 0.145727
Train Epoch: 6 [7250/7378 (98%)]	Loss: 0.120429
Test set: Average loss: 5.2034, Accuracy: 329/1844 (17%)
Train Epoch: 7 [0/7378 (0%)]	Loss: 0.077860
Train Epoch: 7 [250/7378 (3%)]	Loss: 0.012814
Train Epoch: 7 [500/7378 (7%)]	Loss: 0.002503
Train Epoch: 7 [750/7378 (10%)]	Loss: 0.035233
Train Epoch: 7 [1000/7378 (14%)]	Loss: 0.005398
Train Epoch: 7 [1250/7378 (17%)]	Loss: 0.017058
Train Epoch: 7 [1500/7378 (20%)]	Loss: 0.134694
Train Epoch: 7 [1750/7378 (24%)]	Loss: 0.057828
Train Epoch: 7 [2000/7378 (27%)]	Loss: 0.076003
Train Epoch: 7 [2250/7378 (30%)]	Loss: 0.005350
Train Epoch: 7 [2500/7378 (34%)]	Loss: 0.004636
Train Epoch: 7 [2750/7378 (37%)]	Loss: 0.109390
Train Epoch: 7 [3000/7378 (41%)]	Loss: 0.034776
Train Epoch: 7 [3250/7378 (44%)]	Loss: 0.103434
Train Epoch: 7 [3500/7378 (47%)]	Loss: 0.075130
Train Epoch: 7 [3750/7378 (51%)]	Loss: 0.062476
Train Epoch: 7 [4000/7378 (54%)]	Loss: 0.011104
Train Epoch: 7 [4250/7378 (57%)]	Loss: 0.003718
Train Epoch: 7 [4500/7378 (61%)]	Loss: 0.078486
Train Epoch: 7 [4750/7378 (64%)]	Loss: 0.120963
Train Epoch: 7 [5000/7378 (68%)]	Loss: 0.271613
Train Epoch: 7 [5250/7378 (71%)]	Loss: 0.216473
Train Epoch: 7 [5500/7378 (74%)]	Loss: 0.269520
Train Epoch: 7 [5750/7378 (78%)]	Loss: 0.382215
Train Epoch: 7 [6000/7378 (81%)]	Loss: 0.043893
Train Epoch: 7 [6250/7378 (84%)]	Loss: 0.177289
Train Epoch: 7 [6500/7378 (88%)]	Loss: 0.339269
Train Epoch: 7 [6750/7378 (91%)]	Loss: 0.137848
Train Epoch: 7 [7000/7378 (95%)]	Loss: 0.152027
Train Epoch: 7 [7250/7378 (98%)]	Loss: 0.266199
Test set: Average loss: 4.3103, Accuracy: 294/1844 (15%)
Train Epoch: 8 [0/7378 (0%)]	Loss: 0.427316
Train Epoch: 8 [250/7378 (3%)]	Loss: 0.302602
Train Epoch: 8 [500/7378 (7%)]	Loss: 0.457935
Train Epoch: 8 [750/7378 (10%)]	Loss: 0.252836
Train Epoch: 8 [1000/7378 (14%)]	Loss: 0.244782
Train Epoch: 8 [1250/7378 (17%)]	Loss: 0.055673
Train Epoch: 8 [1500/7378 (20%)]	Loss: 0.325787
Train Epoch: 8 [1750/7378 (24%)]	Loss: 0.054297
Train Epoch: 8 [2000/7378 (27%)]	Loss: 0.014672
Train Epoch: 8 [2250/7378 (30%)]	Loss: 0.069223
Train Epoch: 8 [2500/7378 (34%)]	Loss: 0.165911
Train Epoch: 8 [2750/7378 (37%)]	Loss: 0.049228
Train Epoch: 8 [3000/7378 (41%)]	Loss: 0.077247
Train Epoch: 8 [3250/7378 (44%)]	Loss: 0.102446
Train Epoch: 8 [3500/7378 (47%)]	Loss: 0.037108
Train Epoch: 8 [3750/7378 (51%)]	Loss: 0.052308
Train Epoch: 8 [4000/7378 (54%)]	Loss: 0.012548
Train Epoch: 8 [4250/7378 (57%)]	Loss: 0.172608
Train Epoch: 8 [4500/7378 (61%)]	Loss: 0.125199
Train Epoch: 8 [4750/7378 (64%)]	Loss: 0.124614
Train Epoch: 8 [5000/7378 (68%)]	Loss: 0.063752
Train Epoch: 8 [5250/7378 (71%)]	Loss: 0.091287
Train Epoch: 8 [5500/7378 (74%)]	Loss: 0.267254
Train Epoch: 8 [5750/7378 (78%)]	Loss: 0.005963
Train Epoch: 8 [6000/7378 (81%)]	Loss: 0.021676
Train Epoch: 8 [6250/7378 (84%)]	Loss: 0.109385
Train Epoch: 8 [6500/7378 (88%)]	Loss: 0.225121
Train Epoch: 8 [6750/7378 (91%)]	Loss: 0.003938
Train Epoch: 8 [7000/7378 (95%)]	Loss: 0.027130
Train Epoch: 8 [7250/7378 (98%)]	Loss: 0.162919
Test set: Average loss: 4.3651, Accuracy: 291/1844 (15%)
Train Epoch: 9 [0/7378 (0%)]	Loss: 0.320955
Train Epoch: 9 [250/7378 (3%)]	Loss: 0.037647
Train Epoch: 9 [500/7378 (7%)]	Loss: 0.100709
Train Epoch: 9 [750/7378 (10%)]	Loss: 0.302974
Train Epoch: 9 [1000/7378 (14%)]	Loss: 0.019105
Train Epoch: 9 [1250/7378 (17%)]	Loss: 0.004473
Train Epoch: 9 [1500/7378 (20%)]	Loss: 0.233613
Train Epoch: 9 [1750/7378 (24%)]	Loss: 0.026623
Train Epoch: 9 [2000/7378 (27%)]	Loss: 0.110600
Train Epoch: 9 [2250/7378 (30%)]	Loss: 0.025426
Train Epoch: 9 [2500/7378 (34%)]	Loss: 0.029339
Train Epoch: 9 [2750/7378 (37%)]	Loss: 0.333946
Train Epoch: 9 [3000/7378 (41%)]	Loss: 0.081629
Train Epoch: 9 [3250/7378 (44%)]	Loss: 0.047680
Train Epoch: 9 [3500/7378 (47%)]	Loss: 0.021872
Train Epoch: 9 [3750/7378 (51%)]	Loss: 0.465007
Train Epoch: 9 [4000/7378 (54%)]	Loss: 0.155284
Train Epoch: 9 [4250/7378 (57%)]	Loss: 0.085416
Train Epoch: 9 [4500/7378 (61%)]	Loss: 0.046493
Train Epoch: 9 [4750/7378 (64%)]	Loss: 0.040370
Train Epoch: 9 [5000/7378 (68%)]	Loss: 0.103067
Train Epoch: 9 [5250/7378 (71%)]	Loss: 0.053194
Train Epoch: 9 [5500/7378 (74%)]	Loss: 0.031399
Train Epoch: 9 [5750/7378 (78%)]	Loss: 0.121540
Train Epoch: 9 [6000/7378 (81%)]	Loss: 0.037271
Train Epoch: 9 [6250/7378 (84%)]	Loss: 0.271090
Train Epoch: 9 [6500/7378 (88%)]	Loss: 0.024532
Train Epoch: 9 [6750/7378 (91%)]	Loss: 0.040497
Train Epoch: 9 [7000/7378 (95%)]	Loss: 0.105324
Train Epoch: 9 [7250/7378 (98%)]	Loss: 0.014717
Test set: Average loss: 34.8134, Accuracy: 291/1844 (15%)
Train Epoch: 10 [0/7378 (0%)]	Loss: 0.154766
Train Epoch: 10 [250/7378 (3%)]	Loss: 0.043379
Train Epoch: 10 [500/7378 (7%)]	Loss: 0.002940
Train Epoch: 10 [750/7378 (10%)]	Loss: 0.065450
Train Epoch: 10 [1000/7378 (14%)]	Loss: 0.009217
Train Epoch: 10 [1250/7378 (17%)]	Loss: 0.003151
Train Epoch: 10 [1500/7378 (20%)]	Loss: 0.003223
Train Epoch: 10 [1750/7378 (24%)]	Loss: 0.043568
Train Epoch: 10 [2000/7378 (27%)]	Loss: 0.065723
Train Epoch: 10 [2250/7378 (30%)]	Loss: 0.108149
Train Epoch: 10 [2500/7378 (34%)]	Loss: 0.048177
Train Epoch: 10 [2750/7378 (37%)]	Loss: 0.002287
Train Epoch: 10 [3000/7378 (41%)]	Loss: 0.002670
Train Epoch: 10 [3250/7378 (44%)]	Loss: 0.039513
Train Epoch: 10 [3500/7378 (47%)]	Loss: 0.147428
Train Epoch: 10 [3750/7378 (51%)]	Loss: 0.000925
Train Epoch: 10 [4000/7378 (54%)]	Loss: 0.021367
Train Epoch: 10 [4250/7378 (57%)]	Loss: 0.006673
Train Epoch: 10 [4500/7378 (61%)]	Loss: 0.016092
Train Epoch: 10 [4750/7378 (64%)]	Loss: 0.044752
Train Epoch: 10 [5000/7378 (68%)]	Loss: 0.008875
Train Epoch: 10 [5250/7378 (71%)]	Loss: 0.023078
Train Epoch: 10 [5500/7378 (74%)]	Loss: 0.095542
Train Epoch: 10 [5750/7378 (78%)]	Loss: 0.030246
Train Epoch: 10 [6000/7378 (81%)]	Loss: 0.006346
Train Epoch: 10 [6250/7378 (84%)]	Loss: 0.399308
Train Epoch: 10 [6500/7378 (88%)]	Loss: 0.026917
Train Epoch: 10 [6750/7378 (91%)]	Loss: 0.016979
Train Epoch: 10 [7000/7378 (95%)]	Loss: 0.020115
Train Epoch: 10 [7250/7378 (98%)]	Loss: 0.003026
Test set: Average loss: 3.7995, Accuracy: 291/1844 (15%)
Train Epoch: 11 [0/7378 (0%)]	Loss: 0.002747
Train Epoch: 11 [250/7378 (3%)]	Loss: 0.002037
Train Epoch: 11 [500/7378 (7%)]	Loss: 0.013519
Train Epoch: 11 [750/7378 (10%)]	Loss: 0.020012
Train Epoch: 11 [1000/7378 (14%)]	Loss: 0.010687
Train Epoch: 11 [1250/7378 (17%)]	Loss: 0.015386
Train Epoch: 11 [1500/7378 (20%)]	Loss: 0.002363
Train Epoch: 11 [1750/7378 (24%)]	Loss: 0.025643
Train Epoch: 11 [2000/7378 (27%)]	Loss: 0.090741
Train Epoch: 11 [2250/7378 (30%)]	Loss: 0.015483
Train Epoch: 11 [2500/7378 (34%)]	Loss: 0.175465
Train Epoch: 11 [2750/7378 (37%)]	Loss: 0.023218
Train Epoch: 11 [3000/7378 (41%)]	Loss: 0.026227
Train Epoch: 11 [3250/7378 (44%)]	Loss: 0.002541
Train Epoch: 11 [3500/7378 (47%)]	Loss: 0.001438
Train Epoch: 11 [3750/7378 (51%)]	Loss: 0.091242
Train Epoch: 11 [4000/7378 (54%)]	Loss: 0.021614
Train Epoch: 11 [4250/7378 (57%)]	Loss: 0.012885
Train Epoch: 11 [4500/7378 (61%)]	Loss: 0.037512
Train Epoch: 11 [4750/7378 (64%)]	Loss: 0.019262
Train Epoch: 11 [5000/7378 (68%)]	Loss: 0.054540
Train Epoch: 11 [5250/7378 (71%)]	Loss: 0.002987
Train Epoch: 11 [5500/7378 (74%)]	Loss: 0.004801
Train Epoch: 11 [5750/7378 (78%)]	Loss: 0.051381
Train Epoch: 11 [6000/7378 (81%)]	Loss: 0.017885
Train Epoch: 11 [6250/7378 (84%)]	Loss: 0.016519
Train Epoch: 11 [6500/7378 (88%)]	Loss: 0.000644
Train Epoch: 11 [6750/7378 (91%)]	Loss: 0.143081
Train Epoch: 11 [7000/7378 (95%)]	Loss: 0.040134
Train Epoch: 11 [7250/7378 (98%)]	Loss: 0.005448
Test set: Average loss: 15.4027, Accuracy: 291/1844 (15%)
Train Epoch: 12 [0/7378 (0%)]	Loss: 0.002459
Train Epoch: 12 [250/7378 (3%)]	Loss: 0.044474
Train Epoch: 12 [500/7378 (7%)]	Loss: 0.004682
Train Epoch: 12 [750/7378 (10%)]	Loss: 0.018032
Train Epoch: 12 [1000/7378 (14%)]	Loss: 0.007671
Train Epoch: 12 [1250/7378 (17%)]	Loss: 0.010552
Train Epoch: 12 [1500/7378 (20%)]	Loss: 0.127449
Train Epoch: 12 [1750/7378 (24%)]	Loss: 0.002992
Train Epoch: 12 [2000/7378 (27%)]	Loss: 0.009544
Train Epoch: 12 [2250/7378 (30%)]	Loss: 0.091613
Train Epoch: 12 [2500/7378 (34%)]	Loss: 0.014672
Train Epoch: 12 [2750/7378 (37%)]	Loss: 0.043249
Train Epoch: 12 [3000/7378 (41%)]	Loss: 0.025157
Train Epoch: 12 [3250/7378 (44%)]	Loss: 0.001351
Train Epoch: 12 [3500/7378 (47%)]	Loss: 0.065951
Train Epoch: 12 [3750/7378 (51%)]	Loss: 0.003811
Train Epoch: 12 [4000/7378 (54%)]	Loss: 0.088448
Train Epoch: 12 [4250/7378 (57%)]	Loss: 0.020571
Train Epoch: 12 [4500/7378 (61%)]	Loss: 0.000868
Train Epoch: 12 [4750/7378 (64%)]	Loss: 0.000756
Train Epoch: 12 [5000/7378 (68%)]	Loss: 0.132923
Train Epoch: 12 [5250/7378 (71%)]	Loss: 0.005913
Train Epoch: 12 [5500/7378 (74%)]	Loss: 0.003182
Train Epoch: 12 [5750/7378 (78%)]	Loss: 0.032507
Train Epoch: 12 [6000/7378 (81%)]	Loss: 0.007683
Train Epoch: 12 [6250/7378 (84%)]	Loss: 0.003816
Train Epoch: 12 [6500/7378 (88%)]	Loss: 0.008867
Train Epoch: 12 [6750/7378 (91%)]	Loss: 0.010754
Train Epoch: 12 [7000/7378 (95%)]	Loss: 0.005194
Train Epoch: 12 [7250/7378 (98%)]	Loss: 0.007222
Test set: Average loss: 4.8037, Accuracy: 291/1844 (15%)
Train Epoch: 13 [0/7378 (0%)]	Loss: 0.009770
Train Epoch: 13 [250/7378 (3%)]	Loss: 0.021016
Train Epoch: 13 [500/7378 (7%)]	Loss: 0.008885
Train Epoch: 13 [750/7378 (10%)]	Loss: 0.172066
Train Epoch: 13 [1000/7378 (14%)]	Loss: 0.011196
Train Epoch: 13 [1250/7378 (17%)]	Loss: 0.001673
Train Epoch: 13 [1500/7378 (20%)]	Loss: 0.002865
Train Epoch: 13 [1750/7378 (24%)]	Loss: 0.129967
Train Epoch: 13 [2000/7378 (27%)]	Loss: 0.046885
Train Epoch: 13 [2250/7378 (30%)]	Loss: 0.006397
Train Epoch: 13 [2500/7378 (34%)]	Loss: 0.059648
Train Epoch: 13 [2750/7378 (37%)]	Loss: 0.031651
Train Epoch: 13 [3000/7378 (41%)]	Loss: 0.012372
Train Epoch: 13 [3250/7378 (44%)]	Loss: 0.007981
Train Epoch: 13 [3500/7378 (47%)]	Loss: 0.254198
Train Epoch: 13 [3750/7378 (51%)]	Loss: 0.022537
Train Epoch: 13 [4000/7378 (54%)]	Loss: 0.732940
Train Epoch: 13 [4250/7378 (57%)]	Loss: 0.069385
Train Epoch: 13 [4500/7378 (61%)]	Loss: 0.139677
Train Epoch: 13 [4750/7378 (64%)]	Loss: 0.070126
Train Epoch: 13 [5000/7378 (68%)]	Loss: 0.043949
Train Epoch: 13 [5250/7378 (71%)]	Loss: 0.012494
Train Epoch: 13 [5500/7378 (74%)]	Loss: 0.003656
Train Epoch: 13 [5750/7378 (78%)]	Loss: 0.013182
Train Epoch: 13 [6000/7378 (81%)]	Loss: 0.076167
Train Epoch: 13 [6250/7378 (84%)]	Loss: 0.002003
Train Epoch: 13 [6500/7378 (88%)]	Loss: 0.005759
Train Epoch: 13 [6750/7378 (91%)]	Loss: 0.019657
Train Epoch: 13 [7000/7378 (95%)]	Loss: 0.001936
Train Epoch: 13 [7250/7378 (98%)]	Loss: 0.031154
Test set: Average loss: 2.3134, Accuracy: 280/1844 (15%)
Train Epoch: 14 [0/7378 (0%)]	Loss: 0.147669
Train Epoch: 14 [250/7378 (3%)]	Loss: 0.160145
Train Epoch: 14 [500/7378 (7%)]	Loss: 0.020108
Train Epoch: 14 [750/7378 (10%)]	Loss: 0.010938
Train Epoch: 14 [1000/7378 (14%)]	Loss: 0.037776
Train Epoch: 14 [1250/7378 (17%)]	Loss: 0.002609
Train Epoch: 14 [1500/7378 (20%)]	Loss: 0.001588
Train Epoch: 14 [1750/7378 (24%)]	Loss: 0.373181
Train Epoch: 14 [2000/7378 (27%)]	Loss: 0.011381
Train Epoch: 14 [2250/7378 (30%)]	Loss: 0.025277
Train Epoch: 14 [2500/7378 (34%)]	Loss: 0.143265
Train Epoch: 14 [2750/7378 (37%)]	Loss: 0.039241
Train Epoch: 14 [3000/7378 (41%)]	Loss: 0.073298
Train Epoch: 14 [3250/7378 (44%)]	Loss: 0.001264
Train Epoch: 14 [3500/7378 (47%)]	Loss: 0.101177
Train Epoch: 14 [3750/7378 (51%)]	Loss: 0.072917
Train Epoch: 14 [4000/7378 (54%)]	Loss: 0.023879
Train Epoch: 14 [4250/7378 (57%)]	Loss: 0.084748
Train Epoch: 14 [4500/7378 (61%)]	Loss: 0.045196
Train Epoch: 14 [4750/7378 (64%)]	Loss: 0.023890
Train Epoch: 14 [5000/7378 (68%)]	Loss: 0.007766
Train Epoch: 14 [5250/7378 (71%)]	Loss: 0.088356
Train Epoch: 14 [5500/7378 (74%)]	Loss: 0.165438
Train Epoch: 14 [5750/7378 (78%)]	Loss: 0.024120
Train Epoch: 14 [6000/7378 (81%)]	Loss: 0.003920
Train Epoch: 14 [6250/7378 (84%)]	Loss: 0.004270
Train Epoch: 14 [6500/7378 (88%)]	Loss: 0.016764
Train Epoch: 14 [6750/7378 (91%)]	Loss: 0.003870
Train Epoch: 14 [7000/7378 (95%)]	Loss: 0.008226
Train Epoch: 14 [7250/7378 (98%)]	Loss: 0.006030
Test set: Average loss: 5.8921, Accuracy: 291/1844 (15%)
Train Epoch: 15 [0/7378 (0%)]	Loss: 0.237617
Train Epoch: 15 [250/7378 (3%)]	Loss: 0.009570
Train Epoch: 15 [500/7378 (7%)]	Loss: 0.004907
Train Epoch: 15 [750/7378 (10%)]	Loss: 0.012278
Train Epoch: 15 [1000/7378 (14%)]	Loss: 0.008821
Train Epoch: 15 [1250/7378 (17%)]	Loss: 0.006711
Train Epoch: 15 [1500/7378 (20%)]	Loss: 0.016518
Train Epoch: 15 [1750/7378 (24%)]	Loss: 0.073998
Train Epoch: 15 [2000/7378 (27%)]	Loss: 0.004720
Train Epoch: 15 [2250/7378 (30%)]	Loss: 0.001384
Train Epoch: 15 [2500/7378 (34%)]	Loss: 0.130976
Train Epoch: 15 [2750/7378 (37%)]	Loss: 0.015874
Train Epoch: 15 [3000/7378 (41%)]	Loss: 0.055683
Train Epoch: 15 [3250/7378 (44%)]	Loss: 0.061925
Train Epoch: 15 [3500/7378 (47%)]	Loss: 0.002949
Train Epoch: 15 [3750/7378 (51%)]	Loss: 0.079144
Train Epoch: 15 [4000/7378 (54%)]	Loss: 0.006143
Train Epoch: 15 [4250/7378 (57%)]	Loss: 0.008038
Train Epoch: 15 [4500/7378 (61%)]	Loss: 0.050438
Train Epoch: 15 [4750/7378 (64%)]	Loss: 0.098985
Train Epoch: 15 [5000/7378 (68%)]	Loss: 0.126769
Train Epoch: 15 [5250/7378 (71%)]	Loss: 0.027406
Train Epoch: 15 [5500/7378 (74%)]	Loss: 0.019815
Train Epoch: 15 [5750/7378 (78%)]	Loss: 0.012973
Train Epoch: 15 [6000/7378 (81%)]	Loss: 0.057671
Train Epoch: 15 [6250/7378 (84%)]	Loss: 0.000963
Train Epoch: 15 [6500/7378 (88%)]	Loss: 0.016488
Train Epoch: 15 [6750/7378 (91%)]	Loss: 0.020237
Train Epoch: 15 [7000/7378 (95%)]	Loss: 0.301259
Train Epoch: 15 [7250/7378 (98%)]	Loss: 0.013024
Test set: Average loss: 3.5823, Accuracy: 383/1844 (20%)
Train Epoch: 16 [0/7378 (0%)]	Loss: 0.125674
Train Epoch: 16 [250/7378 (3%)]	Loss: 0.167104
Train Epoch: 16 [500/7378 (7%)]	Loss: 0.109346
Train Epoch: 16 [750/7378 (10%)]	Loss: 0.029712
Train Epoch: 16 [1000/7378 (14%)]	Loss: 0.004781
Train Epoch: 16 [1250/7378 (17%)]	Loss: 0.002186
Train Epoch: 16 [1500/7378 (20%)]	Loss: 0.001622
Train Epoch: 16 [1750/7378 (24%)]	Loss: 0.046719
Train Epoch: 16 [2000/7378 (27%)]	Loss: 0.099960
Train Epoch: 16 [2250/7378 (30%)]	Loss: 0.007910
Train Epoch: 16 [2500/7378 (34%)]	Loss: 0.084564
Train Epoch: 16 [2750/7378 (37%)]	Loss: 0.045827
Train Epoch: 16 [3000/7378 (41%)]	Loss: 0.022538
Train Epoch: 16 [3250/7378 (44%)]	Loss: 0.001951
Train Epoch: 16 [3500/7378 (47%)]	Loss: 0.013605
Train Epoch: 16 [3750/7378 (51%)]	Loss: 0.005861
Train Epoch: 16 [4000/7378 (54%)]	Loss: 0.002908
Train Epoch: 16 [4250/7378 (57%)]	Loss: 0.004759
Train Epoch: 16 [4500/7378 (61%)]	Loss: 0.077314
Train Epoch: 16 [4750/7378 (64%)]	Loss: 0.002086
Train Epoch: 16 [5000/7378 (68%)]	Loss: 0.002591
Train Epoch: 16 [5250/7378 (71%)]	Loss: 0.008951
Train Epoch: 16 [5500/7378 (74%)]	Loss: 0.000840
Train Epoch: 16 [5750/7378 (78%)]	Loss: 0.003770
Train Epoch: 16 [6000/7378 (81%)]	Loss: 0.004830
Train Epoch: 16 [6250/7378 (84%)]	Loss: 0.010037
Train Epoch: 16 [6500/7378 (88%)]	Loss: 0.098263
Train Epoch: 16 [6750/7378 (91%)]	Loss: 0.006793
Train Epoch: 16 [7000/7378 (95%)]	Loss: 0.001956
Train Epoch: 16 [7250/7378 (98%)]	Loss: 0.001075
Test set: Average loss: 3.7132, Accuracy: 555/1844 (30%)
Train Epoch: 17 [0/7378 (0%)]	Loss: 0.008010
Train Epoch: 17 [250/7378 (3%)]	Loss: 0.005444
Train Epoch: 17 [500/7378 (7%)]	Loss: 0.002540
Train Epoch: 17 [750/7378 (10%)]	Loss: 0.001228
Train Epoch: 17 [1000/7378 (14%)]	Loss: 0.015635
Train Epoch: 17 [1250/7378 (17%)]	Loss: 0.001053
Train Epoch: 17 [1500/7378 (20%)]	Loss: 0.012711
Train Epoch: 17 [1750/7378 (24%)]	Loss: 0.000316
Train Epoch: 17 [2000/7378 (27%)]	Loss: 0.000296
Train Epoch: 17 [2250/7378 (30%)]	Loss: 0.128378
Train Epoch: 17 [2500/7378 (34%)]	Loss: 0.001426
Train Epoch: 17 [2750/7378 (37%)]	Loss: 0.000860
Train Epoch: 17 [3000/7378 (41%)]	Loss: 0.000833
Train Epoch: 17 [3250/7378 (44%)]	Loss: 0.013673
Train Epoch: 17 [3500/7378 (47%)]	Loss: 0.024585
Train Epoch: 17 [3750/7378 (51%)]	Loss: 0.001119
Train Epoch: 17 [4000/7378 (54%)]	Loss: 0.011182
Train Epoch: 17 [4250/7378 (57%)]	Loss: 0.001933
Train Epoch: 17 [4500/7378 (61%)]	Loss: 0.020961
Train Epoch: 17 [4750/7378 (64%)]	Loss: 0.008946
Train Epoch: 17 [5000/7378 (68%)]	Loss: 0.013106
Train Epoch: 17 [5250/7378 (71%)]	Loss: 0.000371
Train Epoch: 17 [5500/7378 (74%)]	Loss: 0.013052
Train Epoch: 17 [5750/7378 (78%)]	Loss: 0.003375
Train Epoch: 17 [6000/7378 (81%)]	Loss: 0.004814
Train Epoch: 17 [6250/7378 (84%)]	Loss: 0.000406
Train Epoch: 17 [6500/7378 (88%)]	Loss: 0.006925
Train Epoch: 17 [6750/7378 (91%)]	Loss: 0.006824
Train Epoch: 17 [7000/7378 (95%)]	Loss: 0.001463
Train Epoch: 17 [7250/7378 (98%)]	Loss: 0.059477
Test set: Average loss: 1.9224, Accuracy: 1191/1844 (64%)
Train Epoch: 18 [0/7378 (0%)]	Loss: 0.001044
Train Epoch: 18 [250/7378 (3%)]	Loss: 0.001516
Train Epoch: 18 [500/7378 (7%)]	Loss: 0.000346
Train Epoch: 18 [750/7378 (10%)]	Loss: 0.031062
Train Epoch: 18 [1000/7378 (14%)]	Loss: 0.010018
Train Epoch: 18 [1250/7378 (17%)]	Loss: 0.000801
Train Epoch: 18 [1500/7378 (20%)]	Loss: 0.045176
Train Epoch: 18 [1750/7378 (24%)]	Loss: 0.002105
Train Epoch: 18 [2000/7378 (27%)]	Loss: 0.144844
Train Epoch: 18 [2250/7378 (30%)]	Loss: 0.003026
Train Epoch: 18 [2500/7378 (34%)]	Loss: 0.001722
Train Epoch: 18 [2750/7378 (37%)]	Loss: 0.002733
Train Epoch: 18 [3000/7378 (41%)]	Loss: 0.000548
Train Epoch: 18 [3250/7378 (44%)]	Loss: 0.001165
Train Epoch: 18 [3500/7378 (47%)]	Loss: 0.000407
Train Epoch: 18 [3750/7378 (51%)]	Loss: 0.001797
Train Epoch: 18 [4000/7378 (54%)]	Loss: 0.002260
Train Epoch: 18 [4250/7378 (57%)]	Loss: 0.000676
Train Epoch: 18 [4500/7378 (61%)]	Loss: 0.020520
Train Epoch: 18 [4750/7378 (64%)]	Loss: 0.004645
Train Epoch: 18 [5000/7378 (68%)]	Loss: 0.003075
Train Epoch: 18 [5250/7378 (71%)]	Loss: 0.001453
Train Epoch: 18 [5500/7378 (74%)]	Loss: 0.014663
Train Epoch: 18 [5750/7378 (78%)]	Loss: 0.000438
Train Epoch: 18 [6000/7378 (81%)]	Loss: 0.001802
Train Epoch: 18 [6250/7378 (84%)]	Loss: 0.009585
Train Epoch: 18 [6500/7378 (88%)]	Loss: 0.006894
Train Epoch: 18 [6750/7378 (91%)]	Loss: 0.001556
Train Epoch: 18 [7000/7378 (95%)]	Loss: 0.003782
Train Epoch: 18 [7250/7378 (98%)]	Loss: 0.000710
Test set: Average loss: 2.3602, Accuracy: 1071/1844 (58%)
Train Epoch: 19 [0/7378 (0%)]	Loss: 0.000511
Train Epoch: 19 [250/7378 (3%)]	Loss: 0.001212
Train Epoch: 19 [500/7378 (7%)]	Loss: 0.053078
Train Epoch: 19 [750/7378 (10%)]	Loss: 0.002610
Train Epoch: 19 [1000/7378 (14%)]	Loss: 0.001627
Train Epoch: 19 [1250/7378 (17%)]	Loss: 0.001068
Train Epoch: 19 [1500/7378 (20%)]	Loss: 0.002905
Train Epoch: 19 [1750/7378 (24%)]	Loss: 0.004801
Train Epoch: 19 [2000/7378 (27%)]	Loss: 0.000200
Train Epoch: 19 [2250/7378 (30%)]	Loss: 0.001202
Train Epoch: 19 [2500/7378 (34%)]	Loss: 0.000757
Train Epoch: 19 [2750/7378 (37%)]	Loss: 0.000251
Train Epoch: 19 [3000/7378 (41%)]	Loss: 0.000329
Train Epoch: 19 [3250/7378 (44%)]	Loss: 0.000670
Train Epoch: 19 [3500/7378 (47%)]	Loss: 0.016945
Train Epoch: 19 [3750/7378 (51%)]	Loss: 0.000559
Train Epoch: 19 [4000/7378 (54%)]	Loss: 0.007190
Train Epoch: 19 [4250/7378 (57%)]	Loss: 0.001200
Train Epoch: 19 [4500/7378 (61%)]	Loss: 0.000473
Train Epoch: 19 [4750/7378 (64%)]	Loss: 0.001435
Train Epoch: 19 [5000/7378 (68%)]	Loss: 0.001362
Train Epoch: 19 [5250/7378 (71%)]	Loss: 0.000598
Train Epoch: 19 [5500/7378 (74%)]	Loss: 0.000179
Train Epoch: 19 [5750/7378 (78%)]	Loss: 0.000492
Train Epoch: 19 [6000/7378 (81%)]	Loss: 0.005952
Train Epoch: 19 [6250/7378 (84%)]	Loss: 0.002159
Train Epoch: 19 [6500/7378 (88%)]	Loss: 0.008507
Train Epoch: 19 [6750/7378 (91%)]	Loss: 0.000272
Train Epoch: 19 [7000/7378 (95%)]	Loss: 0.001226
Train Epoch: 19 [7250/7378 (98%)]	Loss: 0.001523
Test set: Average loss: 1.4845, Accuracy: 1350/1844 (73%)
Train Epoch: 20 [0/7378 (0%)]	Loss: 0.000101
Train Epoch: 20 [250/7378 (3%)]	Loss: 0.000197
Train Epoch: 20 [500/7378 (7%)]	Loss: 0.000854
Train Epoch: 20 [750/7378 (10%)]	Loss: 0.002947
Train Epoch: 20 [1000/7378 (14%)]	Loss: 0.000805
Train Epoch: 20 [1250/7378 (17%)]	Loss: 0.001941
Train Epoch: 20 [1500/7378 (20%)]	Loss: 0.000244
Train Epoch: 20 [1750/7378 (24%)]	Loss: 0.003677
Train Epoch: 20 [2000/7378 (27%)]	Loss: 0.004040
Train Epoch: 20 [2250/7378 (30%)]	Loss: 0.001750
Train Epoch: 20 [2500/7378 (34%)]	Loss: 0.001922
Train Epoch: 20 [2750/7378 (37%)]	Loss: 0.001662
Train Epoch: 20 [3000/7378 (41%)]	Loss: 0.000213
Train Epoch: 20 [3250/7378 (44%)]	Loss: 0.000335
Train Epoch: 20 [3500/7378 (47%)]	Loss: 0.000505
Train Epoch: 20 [3750/7378 (51%)]	Loss: 0.348597
Train Epoch: 20 [4000/7378 (54%)]	Loss: 0.000126
Train Epoch: 20 [4250/7378 (57%)]	Loss: 0.005814
Train Epoch: 20 [4500/7378 (61%)]	Loss: 0.000261
Train Epoch: 20 [4750/7378 (64%)]	Loss: 0.002035
Train Epoch: 20 [5000/7378 (68%)]	Loss: 0.000833
Train Epoch: 20 [5250/7378 (71%)]	Loss: 0.000298
Train Epoch: 20 [5500/7378 (74%)]	Loss: 0.000211
Train Epoch: 20 [5750/7378 (78%)]	Loss: 0.000730
Train Epoch: 20 [6000/7378 (81%)]	Loss: 0.000269
Train Epoch: 20 [6250/7378 (84%)]	Loss: 0.007896
Train Epoch: 20 [6500/7378 (88%)]	Loss: 0.000203
Train Epoch: 20 [6750/7378 (91%)]	Loss: 0.000735
Train Epoch: 20 [7000/7378 (95%)]	Loss: 0.004633
Train Epoch: 20 [7250/7378 (98%)]	Loss: 0.000448
Test set: Average loss: 5.8517, Accuracy: 291/1844 (15%)
Train Epoch: 21 [0/7378 (0%)]	Loss: 0.003740
Train Epoch: 21 [250/7378 (3%)]	Loss: 0.000583
Train Epoch: 21 [500/7378 (7%)]	Loss: 0.002097
Train Epoch: 21 [750/7378 (10%)]	Loss: 0.001480
Train Epoch: 21 [1000/7378 (14%)]	Loss: 0.000539
Train Epoch: 21 [1250/7378 (17%)]	Loss: 0.000100
Train Epoch: 21 [1500/7378 (20%)]	Loss: 0.001891
Train Epoch: 21 [1750/7378 (24%)]	Loss: 0.000174
Train Epoch: 21 [2000/7378 (27%)]	Loss: 0.000262
Train Epoch: 21 [2250/7378 (30%)]	Loss: 0.002147
Train Epoch: 21 [2500/7378 (34%)]	Loss: 0.000470
Train Epoch: 21 [2750/7378 (37%)]	Loss: 0.004544
Train Epoch: 21 [3000/7378 (41%)]	Loss: 0.000810
Train Epoch: 21 [3250/7378 (44%)]	Loss: 0.001425
Train Epoch: 21 [3500/7378 (47%)]	Loss: 0.096729
Train Epoch: 21 [3750/7378 (51%)]	Loss: 0.009329
Train Epoch: 21 [4000/7378 (54%)]	Loss: 0.001447
Train Epoch: 21 [4250/7378 (57%)]	Loss: 0.000381
Train Epoch: 21 [4500/7378 (61%)]	Loss: 0.006150
Train Epoch: 21 [4750/7378 (64%)]	Loss: 0.000563
Train Epoch: 21 [5000/7378 (68%)]	Loss: 0.000281
Train Epoch: 21 [5250/7378 (71%)]	Loss: 0.000532
Train Epoch: 21 [5500/7378 (74%)]	Loss: 0.001762
Train Epoch: 21 [5750/7378 (78%)]	Loss: 0.005800
Train Epoch: 21 [6000/7378 (81%)]	Loss: 0.146195
Train Epoch: 21 [6250/7378 (84%)]	Loss: 0.000088
Train Epoch: 21 [6500/7378 (88%)]	Loss: 0.012362
Train Epoch: 21 [6750/7378 (91%)]	Loss: 0.003628
Train Epoch: 21 [7000/7378 (95%)]	Loss: 0.007166
Train Epoch: 21 [7250/7378 (98%)]	Loss: 0.002324
Test set: Average loss: 4.7699, Accuracy: 293/1844 (15%)
Train Epoch: 22 [0/7378 (0%)]	Loss: 0.013803
Train Epoch: 22 [250/7378 (3%)]	Loss: 0.001874
Train Epoch: 22 [500/7378 (7%)]	Loss: 0.015742
Train Epoch: 22 [750/7378 (10%)]	Loss: 0.011989
Train Epoch: 22 [1000/7378 (14%)]	Loss: 0.009704
Train Epoch: 22 [1250/7378 (17%)]	Loss: 0.001575
Train Epoch: 22 [1500/7378 (20%)]	Loss: 0.000356
Train Epoch: 22 [1750/7378 (24%)]	Loss: 0.001996
Train Epoch: 22 [2000/7378 (27%)]	Loss: 0.001147
Train Epoch: 22 [2250/7378 (30%)]	Loss: 0.000096
Train Epoch: 22 [2500/7378 (34%)]	Loss: 0.000172
Train Epoch: 22 [2750/7378 (37%)]	Loss: 0.000764
Train Epoch: 22 [3000/7378 (41%)]	Loss: 0.016560
Train Epoch: 22 [3250/7378 (44%)]	Loss: 0.000723
Train Epoch: 22 [3500/7378 (47%)]	Loss: 0.002243
Train Epoch: 22 [3750/7378 (51%)]	Loss: 0.000555
Train Epoch: 22 [4000/7378 (54%)]	Loss: 0.000836
Train Epoch: 22 [4250/7378 (57%)]	Loss: 0.009035
Train Epoch: 22 [4500/7378 (61%)]	Loss: 0.000411
Train Epoch: 22 [4750/7378 (64%)]	Loss: 0.004323
Train Epoch: 22 [5000/7378 (68%)]	Loss: 0.003726
Train Epoch: 22 [5250/7378 (71%)]	Loss: 0.010605
Train Epoch: 22 [5500/7378 (74%)]	Loss: 0.001057
Train Epoch: 22 [5750/7378 (78%)]	Loss: 0.000752
Train Epoch: 22 [6000/7378 (81%)]	Loss: 0.002610
Train Epoch: 22 [6250/7378 (84%)]	Loss: 0.000803
Train Epoch: 22 [6500/7378 (88%)]	Loss: 0.209972
Train Epoch: 22 [6750/7378 (91%)]	Loss: 0.001291
Train Epoch: 22 [7000/7378 (95%)]	Loss: 0.001747
Train Epoch: 22 [7250/7378 (98%)]	Loss: 0.005082
Test set: Average loss: 3.1792, Accuracy: 808/1844 (43%)
Train Epoch: 23 [0/7378 (0%)]	Loss: 0.000760
Train Epoch: 23 [250/7378 (3%)]	Loss: 0.009092
Train Epoch: 23 [500/7378 (7%)]	Loss: 0.017739
Train Epoch: 23 [750/7378 (10%)]	Loss: 0.000155
Train Epoch: 23 [1000/7378 (14%)]	Loss: 0.000796
Train Epoch: 23 [1250/7378 (17%)]	Loss: 0.001895
Train Epoch: 23 [1500/7378 (20%)]	Loss: 0.009195
Train Epoch: 23 [1750/7378 (24%)]	Loss: 0.000819
Train Epoch: 23 [2000/7378 (27%)]	Loss: 0.000337
Train Epoch: 23 [2250/7378 (30%)]	Loss: 0.003890
Train Epoch: 23 [2500/7378 (34%)]	Loss: 0.000246
Train Epoch: 23 [2750/7378 (37%)]	Loss: 0.001982
Train Epoch: 23 [3000/7378 (41%)]	Loss: 0.003767
Train Epoch: 23 [3250/7378 (44%)]	Loss: 0.003930
Train Epoch: 23 [3500/7378 (47%)]	Loss: 0.000186
Train Epoch: 23 [3750/7378 (51%)]	Loss: 0.000307
Train Epoch: 23 [4000/7378 (54%)]	Loss: 0.011662
Train Epoch: 23 [4250/7378 (57%)]	Loss: 0.040865
Train Epoch: 23 [4500/7378 (61%)]	Loss: 0.004604
Train Epoch: 23 [4750/7378 (64%)]	Loss: 0.003101
Train Epoch: 23 [5000/7378 (68%)]	Loss: 0.001324
Train Epoch: 23 [5250/7378 (71%)]	Loss: 0.003539
Train Epoch: 23 [5500/7378 (74%)]	Loss: 0.071475
Train Epoch: 23 [5750/7378 (78%)]	Loss: 0.005466
Train Epoch: 23 [6000/7378 (81%)]	Loss: 0.196521
Train Epoch: 23 [6250/7378 (84%)]	Loss: 0.001547
Train Epoch: 23 [6500/7378 (88%)]	Loss: 0.021483
Train Epoch: 23 [6750/7378 (91%)]	Loss: 0.001600
Train Epoch: 23 [7000/7378 (95%)]	Loss: 0.007295
Train Epoch: 23 [7250/7378 (98%)]	Loss: 0.001128
Test set: Average loss: 4.1872, Accuracy: 507/1844 (27%)
Train Epoch: 24 [0/7378 (0%)]	Loss: 0.000935
Train Epoch: 24 [250/7378 (3%)]	Loss: 0.004459
Train Epoch: 24 [500/7378 (7%)]	Loss: 0.025099
Train Epoch: 24 [750/7378 (10%)]	Loss: 0.000615
Train Epoch: 24 [1000/7378 (14%)]	Loss: 0.018251
Train Epoch: 24 [1250/7378 (17%)]	Loss: 0.001515
Train Epoch: 24 [1500/7378 (20%)]	Loss: 0.009529
Train Epoch: 24 [1750/7378 (24%)]	Loss: 0.005910
Train Epoch: 24 [2000/7378 (27%)]	Loss: 0.000519
Train Epoch: 24 [2250/7378 (30%)]	Loss: 0.000517
Train Epoch: 24 [2500/7378 (34%)]	Loss: 0.000751
Train Epoch: 24 [2750/7378 (37%)]	Loss: 0.036130
Train Epoch: 24 [3000/7378 (41%)]	Loss: 0.009281
Train Epoch: 24 [3250/7378 (44%)]	Loss: 0.000995
Train Epoch: 24 [3500/7378 (47%)]	Loss: 0.023993
Train Epoch: 24 [3750/7378 (51%)]	Loss: 0.001981
Train Epoch: 24 [4000/7378 (54%)]	Loss: 0.004855
Train Epoch: 24 [4250/7378 (57%)]	Loss: 0.000922
Train Epoch: 24 [4500/7378 (61%)]	Loss: 0.000497
Train Epoch: 24 [4750/7378 (64%)]	Loss: 0.003096
Train Epoch: 24 [5000/7378 (68%)]	Loss: 0.004155
Train Epoch: 24 [5250/7378 (71%)]	Loss: 0.045764
Train Epoch: 24 [5500/7378 (74%)]	Loss: 0.001359
Train Epoch: 24 [5750/7378 (78%)]	Loss: 0.015778
Train Epoch: 24 [6000/7378 (81%)]	Loss: 0.004789
Train Epoch: 24 [6250/7378 (84%)]	Loss: 0.046595
Train Epoch: 24 [6500/7378 (88%)]	Loss: 0.055414
Train Epoch: 24 [6750/7378 (91%)]	Loss: 0.014254
Train Epoch: 24 [7000/7378 (95%)]	Loss: 0.000292
Train Epoch: 24 [7250/7378 (98%)]	Loss: 0.057564
Test set: Average loss: 3.8255, Accuracy: 514/1844 (27%)
Train Epoch: 25 [0/7378 (0%)]	Loss: 0.082146
Train Epoch: 25 [250/7378 (3%)]	Loss: 0.000533
Train Epoch: 25 [500/7378 (7%)]	Loss: 0.000256
Train Epoch: 25 [750/7378 (10%)]	Loss: 0.053646
Train Epoch: 25 [1000/7378 (14%)]	Loss: 0.006983
Train Epoch: 25 [1250/7378 (17%)]	Loss: 0.006521
Train Epoch: 25 [1500/7378 (20%)]	Loss: 0.002394
Train Epoch: 25 [1750/7378 (24%)]	Loss: 0.144617
Train Epoch: 25 [2000/7378 (27%)]	Loss: 0.001186
Train Epoch: 25 [2250/7378 (30%)]	Loss: 0.002124
Train Epoch: 25 [2500/7378 (34%)]	Loss: 0.023150
Train Epoch: 25 [2750/7378 (37%)]	Loss: 0.035858
Train Epoch: 25 [3000/7378 (41%)]	Loss: 0.008485
Train Epoch: 25 [3250/7378 (44%)]	Loss: 0.001136
Train Epoch: 25 [3500/7378 (47%)]	Loss: 0.000786
Train Epoch: 25 [3750/7378 (51%)]	Loss: 0.005243
Train Epoch: 25 [4000/7378 (54%)]	Loss: 0.002391
Train Epoch: 25 [4250/7378 (57%)]	Loss: 0.000640
Train Epoch: 25 [4500/7378 (61%)]	Loss: 0.027000
Train Epoch: 25 [4750/7378 (64%)]	Loss: 0.003360
Train Epoch: 25 [5000/7378 (68%)]	Loss: 0.001096
Train Epoch: 25 [5250/7378 (71%)]	Loss: 0.001689
Train Epoch: 25 [5500/7378 (74%)]	Loss: 0.023175
Train Epoch: 25 [5750/7378 (78%)]	Loss: 0.001001
Train Epoch: 25 [6000/7378 (81%)]	Loss: 0.000689
Train Epoch: 25 [6250/7378 (84%)]	Loss: 0.000155
Train Epoch: 25 [6500/7378 (88%)]	Loss: 0.000426
Train Epoch: 25 [6750/7378 (91%)]	Loss: 0.009256
Train Epoch: 25 [7000/7378 (95%)]	Loss: 0.003637
Train Epoch: 25 [7250/7378 (98%)]	Loss: 0.000169
Test set: Average loss: 1.3312, Accuracy: 1396/1844 (75%)
Train Epoch: 26 [0/7378 (0%)]	Loss: 0.005241
Train Epoch: 26 [250/7378 (3%)]	Loss: 0.000189
Train Epoch: 26 [500/7378 (7%)]	Loss: 0.126171
Train Epoch: 26 [750/7378 (10%)]	Loss: 0.092784
Train Epoch: 26 [1000/7378 (14%)]	Loss: 0.023695
Train Epoch: 26 [1250/7378 (17%)]	Loss: 0.000879
Train Epoch: 26 [1500/7378 (20%)]	Loss: 0.001315
Train Epoch: 26 [1750/7378 (24%)]	Loss: 0.000306
Train Epoch: 26 [2000/7378 (27%)]	Loss: 0.003010
Train Epoch: 26 [2250/7378 (30%)]	Loss: 0.006580
Train Epoch: 26 [2500/7378 (34%)]	Loss: 0.012545
Train Epoch: 26 [2750/7378 (37%)]	Loss: 0.000442
Train Epoch: 26 [3000/7378 (41%)]	Loss: 0.000897
Train Epoch: 26 [3250/7378 (44%)]	Loss: 0.004317
Train Epoch: 26 [3500/7378 (47%)]	Loss: 0.000699
Train Epoch: 26 [3750/7378 (51%)]	Loss: 0.000823
Train Epoch: 26 [4000/7378 (54%)]	Loss: 0.000085
Train Epoch: 26 [4250/7378 (57%)]	Loss: 0.000384
Train Epoch: 26 [4500/7378 (61%)]	Loss: 0.001215
Train Epoch: 26 [4750/7378 (64%)]	Loss: 0.000389
Train Epoch: 26 [5000/7378 (68%)]	Loss: 0.000200
Train Epoch: 26 [5250/7378 (71%)]	Loss: 0.001035
Train Epoch: 26 [5500/7378 (74%)]	Loss: 0.001144
Train Epoch: 26 [5750/7378 (78%)]	Loss: 0.000158
Train Epoch: 26 [6000/7378 (81%)]	Loss: 0.003609
Train Epoch: 26 [6250/7378 (84%)]	Loss: 0.000319
Train Epoch: 26 [6500/7378 (88%)]	Loss: 0.000980
Train Epoch: 26 [6750/7378 (91%)]	Loss: 0.066119
Train Epoch: 26 [7000/7378 (95%)]	Loss: 0.013037
Train Epoch: 26 [7250/7378 (98%)]	Loss: 0.000102
Test set: Average loss: 3.6806, Accuracy: 291/1844 (15%)
Train Epoch: 27 [0/7378 (0%)]	Loss: 0.000178
Train Epoch: 27 [250/7378 (3%)]	Loss: 0.002696
Train Epoch: 27 [500/7378 (7%)]	Loss: 0.000155
Train Epoch: 27 [750/7378 (10%)]	Loss: 0.175337
Train Epoch: 27 [1000/7378 (14%)]	Loss: 0.000633
Train Epoch: 27 [1250/7378 (17%)]	Loss: 0.000507
Train Epoch: 27 [1500/7378 (20%)]	Loss: 0.001478
Train Epoch: 27 [1750/7378 (24%)]	Loss: 0.000139
Train Epoch: 27 [2000/7378 (27%)]	Loss: 0.000718
Train Epoch: 27 [2250/7378 (30%)]	Loss: 0.003746
Train Epoch: 27 [2500/7378 (34%)]	Loss: 0.030232
Train Epoch: 27 [2750/7378 (37%)]	Loss: 0.001242
Train Epoch: 27 [3000/7378 (41%)]	Loss: 0.000082
Train Epoch: 27 [3250/7378 (44%)]	Loss: 0.044527
Train Epoch: 27 [3500/7378 (47%)]	Loss: 0.001635
Train Epoch: 27 [3750/7378 (51%)]	Loss: 0.001115
Train Epoch: 27 [4000/7378 (54%)]	Loss: 0.203328
Train Epoch: 27 [4250/7378 (57%)]	Loss: 0.000852
Train Epoch: 27 [4500/7378 (61%)]	Loss: 0.013211
Train Epoch: 27 [4750/7378 (64%)]	Loss: 0.028652
Train Epoch: 27 [5000/7378 (68%)]	Loss: 0.000259
Train Epoch: 27 [5250/7378 (71%)]	Loss: 0.000602
Train Epoch: 27 [5500/7378 (74%)]	Loss: 0.000405
Train Epoch: 27 [5750/7378 (78%)]	Loss: 0.000360
Train Epoch: 27 [6000/7378 (81%)]	Loss: 0.045258
Train Epoch: 27 [6250/7378 (84%)]	Loss: 0.006867
Train Epoch: 27 [6500/7378 (88%)]	Loss: 0.002501
Train Epoch: 27 [6750/7378 (91%)]	Loss: 0.002428
Train Epoch: 27 [7000/7378 (95%)]	Loss: 0.001815
Train Epoch: 27 [7250/7378 (98%)]	Loss: 0.000341
Test set: Average loss: 1.8079, Accuracy: 1248/1844 (67%)
Train Epoch: 28 [0/7378 (0%)]	Loss: 0.001208
Train Epoch: 28 [250/7378 (3%)]	Loss: 0.000547
Train Epoch: 28 [500/7378 (7%)]	Loss: 0.003976
Train Epoch: 28 [750/7378 (10%)]	Loss: 0.004373
Train Epoch: 28 [1000/7378 (14%)]	Loss: 0.000115
Train Epoch: 28 [1250/7378 (17%)]	Loss: 0.000584
Train Epoch: 28 [1500/7378 (20%)]	Loss: 0.000432
Train Epoch: 28 [1750/7378 (24%)]	Loss: 0.000842
Train Epoch: 28 [2000/7378 (27%)]	Loss: 0.000158
Train Epoch: 28 [2250/7378 (30%)]	Loss: 0.000124
Train Epoch: 28 [2500/7378 (34%)]	Loss: 0.000561
Train Epoch: 28 [2750/7378 (37%)]	Loss: 0.000129
Train Epoch: 28 [3000/7378 (41%)]	Loss: 0.000238
Train Epoch: 28 [3250/7378 (44%)]	Loss: 0.000103
Train Epoch: 28 [3500/7378 (47%)]	Loss: 0.001633
Train Epoch: 28 [3750/7378 (51%)]	Loss: 0.000981
Train Epoch: 28 [4000/7378 (54%)]	Loss: 0.000551
Train Epoch: 28 [4250/7378 (57%)]	Loss: 0.000793
Train Epoch: 28 [4500/7378 (61%)]	Loss: 0.000090
Train Epoch: 28 [4750/7378 (64%)]	Loss: 0.014723
Train Epoch: 28 [5000/7378 (68%)]	Loss: 0.000436
Train Epoch: 28 [5250/7378 (71%)]	Loss: 0.000225
Train Epoch: 28 [5500/7378 (74%)]	Loss: 0.000665
Train Epoch: 28 [5750/7378 (78%)]	Loss: 0.000532
Train Epoch: 28 [6000/7378 (81%)]	Loss: 0.000124
Train Epoch: 28 [6250/7378 (84%)]	Loss: 0.000911
Train Epoch: 28 [6500/7378 (88%)]	Loss: 0.001405
Train Epoch: 28 [6750/7378 (91%)]	Loss: 0.000118
Train Epoch: 28 [7000/7378 (95%)]	Loss: 0.000149
Train Epoch: 28 [7250/7378 (98%)]	Loss: 0.000073
Test set: Average loss: 2.8280, Accuracy: 291/1844 (15%)
Train Epoch: 29 [0/7378 (0%)]	Loss: 0.000114
Train Epoch: 29 [250/7378 (3%)]	Loss: 0.001003
Train Epoch: 29 [500/7378 (7%)]	Loss: 0.001081
Train Epoch: 29 [750/7378 (10%)]	Loss: 0.000806
Train Epoch: 29 [1000/7378 (14%)]	Loss: 0.000800
Train Epoch: 29 [1250/7378 (17%)]	Loss: 0.089573
Train Epoch: 29 [1500/7378 (20%)]	Loss: 0.001199
Train Epoch: 29 [1750/7378 (24%)]	Loss: 0.001987
Train Epoch: 29 [2000/7378 (27%)]	Loss: 0.000484
Train Epoch: 29 [2250/7378 (30%)]	Loss: 0.007085
Train Epoch: 29 [2500/7378 (34%)]	Loss: 0.002063
Train Epoch: 29 [2750/7378 (37%)]	Loss: 0.009361
Train Epoch: 29 [3000/7378 (41%)]	Loss: 0.000751
Train Epoch: 29 [3250/7378 (44%)]	Loss: 0.002255
Train Epoch: 29 [3500/7378 (47%)]	Loss: 0.001047
Train Epoch: 29 [3750/7378 (51%)]	Loss: 0.000460
Train Epoch: 29 [4000/7378 (54%)]	Loss: 0.001945
Train Epoch: 29 [4250/7378 (57%)]	Loss: 0.001237
Train Epoch: 29 [4500/7378 (61%)]	Loss: 0.000363
Train Epoch: 29 [4750/7378 (64%)]	Loss: 0.001458
Train Epoch: 29 [5000/7378 (68%)]	Loss: 0.001556
Train Epoch: 29 [5250/7378 (71%)]	Loss: 0.001597
Train Epoch: 29 [5500/7378 (74%)]	Loss: 0.002565
Train Epoch: 29 [5750/7378 (78%)]	Loss: 0.000876
Train Epoch: 29 [6000/7378 (81%)]	Loss: 0.000467
Train Epoch: 29 [6250/7378 (84%)]	Loss: 0.003015
Train Epoch: 29 [6500/7378 (88%)]	Loss: 0.001012
Train Epoch: 29 [6750/7378 (91%)]	Loss: 0.000367
Train Epoch: 29 [7000/7378 (95%)]	Loss: 0.003759
Train Epoch: 29 [7250/7378 (98%)]	Loss: 0.000865
Test set: Average loss: 7.8231, Accuracy: 291/1844 (15%)
Train Epoch: 30 [0/7378 (0%)]	Loss: 0.802754
Train Epoch: 30 [250/7378 (3%)]	Loss: 0.551827
Train Epoch: 30 [500/7378 (7%)]	Loss: 0.044206
Train Epoch: 30 [750/7378 (10%)]	Loss: 0.003762
Train Epoch: 30 [1000/7378 (14%)]	Loss: 0.001938
Train Epoch: 30 [1250/7378 (17%)]	Loss: 0.004484
Train Epoch: 30 [1500/7378 (20%)]	Loss: 0.091567
Train Epoch: 30 [1750/7378 (24%)]	Loss: 0.007177
Train Epoch: 30 [2000/7378 (27%)]	Loss: 0.021428
Train Epoch: 30 [2250/7378 (30%)]	Loss: 0.003711
Train Epoch: 30 [2500/7378 (34%)]	Loss: 0.005954
Train Epoch: 30 [2750/7378 (37%)]	Loss: 0.081890
Train Epoch: 30 [3000/7378 (41%)]	Loss: 0.026013
Train Epoch: 30 [3250/7378 (44%)]	Loss: 0.004869
Train Epoch: 30 [3500/7378 (47%)]	Loss: 0.005372
Train Epoch: 30 [3750/7378 (51%)]	Loss: 0.091089
Train Epoch: 30 [4000/7378 (54%)]	Loss: 0.000382
Train Epoch: 30 [4250/7378 (57%)]	Loss: 0.000498
Train Epoch: 30 [4500/7378 (61%)]	Loss: 0.000734
Train Epoch: 30 [4750/7378 (64%)]	Loss: 0.018353
Train Epoch: 30 [5000/7378 (68%)]	Loss: 0.010682
Train Epoch: 30 [5250/7378 (71%)]	Loss: 0.064986
Train Epoch: 30 [5500/7378 (74%)]	Loss: 0.000846
Train Epoch: 30 [5750/7378 (78%)]	Loss: 0.001974
Train Epoch: 30 [6000/7378 (81%)]	Loss: 0.001005
Train Epoch: 30 [6250/7378 (84%)]	Loss: 0.010044
Train Epoch: 30 [6500/7378 (88%)]	Loss: 0.010903
Train Epoch: 30 [6750/7378 (91%)]	Loss: 0.000101
Train Epoch: 30 [7000/7378 (95%)]	Loss: 0.074786
Train Epoch: 30 [7250/7378 (98%)]	Loss: 0.005947
Test set: Average loss: 3.0599, Accuracy: 291/1844 (15%)
Train Epoch: 31 [0/7378 (0%)]	Loss: 0.000956
Train Epoch: 31 [250/7378 (3%)]	Loss: 0.012854
Train Epoch: 31 [500/7378 (7%)]	Loss: 0.000534
Train Epoch: 31 [750/7378 (10%)]	Loss: 0.019167
Train Epoch: 31 [1000/7378 (14%)]	Loss: 0.001956
Train Epoch: 31 [1250/7378 (17%)]	Loss: 0.000191
Train Epoch: 31 [1500/7378 (20%)]	Loss: 0.003060
Train Epoch: 31 [1750/7378 (24%)]	Loss: 0.005802
Train Epoch: 31 [2000/7378 (27%)]	Loss: 0.002733
Train Epoch: 31 [2250/7378 (30%)]	Loss: 0.002496
Train Epoch: 31 [2500/7378 (34%)]	Loss: 0.001615
Train Epoch: 31 [2750/7378 (37%)]	Loss: 0.003861
Train Epoch: 31 [3000/7378 (41%)]	Loss: 0.007184
Train Epoch: 31 [3250/7378 (44%)]	Loss: 0.000243
Train Epoch: 31 [3500/7378 (47%)]	Loss: 0.059400
Train Epoch: 31 [3750/7378 (51%)]	Loss: 0.001547
Train Epoch: 31 [4000/7378 (54%)]	Loss: 0.005721
Train Epoch: 31 [4250/7378 (57%)]	Loss: 0.000237
Train Epoch: 31 [4500/7378 (61%)]	Loss: 0.000119
Train Epoch: 31 [4750/7378 (64%)]	Loss: 0.000249
Train Epoch: 31 [5000/7378 (68%)]	Loss: 0.004310
Train Epoch: 31 [5250/7378 (71%)]	Loss: 0.002569
Train Epoch: 31 [5500/7378 (74%)]	Loss: 0.000241
Train Epoch: 31 [5750/7378 (78%)]	Loss: 0.002210
Train Epoch: 31 [6000/7378 (81%)]	Loss: 0.000766
Train Epoch: 31 [6250/7378 (84%)]	Loss: 0.000373
Train Epoch: 31 [6500/7378 (88%)]	Loss: 0.000733
Train Epoch: 31 [6750/7378 (91%)]	Loss: 0.001841
Train Epoch: 31 [7000/7378 (95%)]	Loss: 0.011665
Train Epoch: 31 [7250/7378 (98%)]	Loss: 0.018441
Test set: Average loss: 7.4015, Accuracy: 291/1844 (15%)
Train Epoch: 32 [0/7378 (0%)]	Loss: 0.020262
Train Epoch: 32 [250/7378 (3%)]	Loss: 0.164687
Train Epoch: 32 [500/7378 (7%)]	Loss: 0.001682
Train Epoch: 32 [750/7378 (10%)]	Loss: 0.057274
Train Epoch: 32 [1000/7378 (14%)]	Loss: 0.076647
Train Epoch: 32 [1250/7378 (17%)]	Loss: 0.023307
Train Epoch: 32 [1500/7378 (20%)]	Loss: 0.012683
Train Epoch: 32 [1750/7378 (24%)]	Loss: 0.241322
Train Epoch: 32 [2000/7378 (27%)]	Loss: 0.002404
Train Epoch: 32 [2250/7378 (30%)]	Loss: 0.023724
Train Epoch: 32 [2500/7378 (34%)]	Loss: 0.003895
Train Epoch: 32 [2750/7378 (37%)]	Loss: 0.001627
Train Epoch: 32 [3000/7378 (41%)]	Loss: 0.004562
Train Epoch: 32 [3250/7378 (44%)]	Loss: 0.000529
Train Epoch: 32 [3500/7378 (47%)]	Loss: 0.001856
Train Epoch: 32 [3750/7378 (51%)]	Loss: 0.000412
Train Epoch: 32 [4000/7378 (54%)]	Loss: 0.006744
Train Epoch: 32 [4250/7378 (57%)]	Loss: 0.029484
Train Epoch: 32 [4500/7378 (61%)]	Loss: 0.003675
Train Epoch: 32 [4750/7378 (64%)]	Loss: 0.072635
Train Epoch: 32 [5000/7378 (68%)]	Loss: 0.000963
Train Epoch: 32 [5250/7378 (71%)]	Loss: 0.008225
Train Epoch: 32 [5500/7378 (74%)]	Loss: 0.000659
Train Epoch: 32 [5750/7378 (78%)]	Loss: 0.019915
Train Epoch: 32 [6000/7378 (81%)]	Loss: 0.008633
Train Epoch: 32 [6250/7378 (84%)]	Loss: 0.009013
Train Epoch: 32 [6500/7378 (88%)]	Loss: 0.001957
Train Epoch: 32 [6750/7378 (91%)]	Loss: 0.009614
Train Epoch: 32 [7000/7378 (95%)]	Loss: 0.001285
Train Epoch: 32 [7250/7378 (98%)]	Loss: 0.039492
Test set: Average loss: 3.8639, Accuracy: 517/1844 (28%)
Train Epoch: 33 [0/7378 (0%)]	Loss: 0.063540
Train Epoch: 33 [250/7378 (3%)]	Loss: 0.001781
Train Epoch: 33 [500/7378 (7%)]	Loss: 0.012706
Train Epoch: 33 [750/7378 (10%)]	Loss: 0.003788
Train Epoch: 33 [1000/7378 (14%)]	Loss: 0.000811
Train Epoch: 33 [1250/7378 (17%)]	Loss: 0.036074
Train Epoch: 33 [1500/7378 (20%)]	Loss: 0.002235
Train Epoch: 33 [1750/7378 (24%)]	Loss: 0.001235
Train Epoch: 33 [2000/7378 (27%)]	Loss: 0.469948
Train Epoch: 33 [2250/7378 (30%)]	Loss: 0.008424
Train Epoch: 33 [2500/7378 (34%)]	Loss: 0.003373
Train Epoch: 33 [2750/7378 (37%)]	Loss: 0.006779
Train Epoch: 33 [3000/7378 (41%)]	Loss: 0.006391
Train Epoch: 33 [3250/7378 (44%)]	Loss: 0.002483
Train Epoch: 33 [3500/7378 (47%)]	Loss: 0.002141
Train Epoch: 33 [3750/7378 (51%)]	Loss: 0.000361
Train Epoch: 33 [4000/7378 (54%)]	Loss: 0.138180
Train Epoch: 33 [4250/7378 (57%)]	Loss: 0.000978
Train Epoch: 33 [4500/7378 (61%)]	Loss: 0.000439
Train Epoch: 33 [4750/7378 (64%)]	Loss: 0.001819
Train Epoch: 33 [5000/7378 (68%)]	Loss: 0.000897
Train Epoch: 33 [5250/7378 (71%)]	Loss: 0.003392
Train Epoch: 33 [5500/7378 (74%)]	Loss: 0.001828
Train Epoch: 33 [5750/7378 (78%)]	Loss: 0.000836
Train Epoch: 33 [6000/7378 (81%)]	Loss: 0.000718
Train Epoch: 33 [6250/7378 (84%)]	Loss: 0.000740
Train Epoch: 33 [6500/7378 (88%)]	Loss: 0.016679
Train Epoch: 33 [6750/7378 (91%)]	Loss: 0.001278
Train Epoch: 33 [7000/7378 (95%)]	Loss: 0.000832
Train Epoch: 33 [7250/7378 (98%)]	Loss: 0.000633
Test set: Average loss: 1.7319, Accuracy: 1172/1844 (63%)
Train Epoch: 34 [0/7378 (0%)]	Loss: 0.000742
Train Epoch: 34 [250/7378 (3%)]	Loss: 0.001316
Train Epoch: 34 [500/7378 (7%)]	Loss: 0.003815
Train Epoch: 34 [750/7378 (10%)]	Loss: 0.000060
Train Epoch: 34 [1000/7378 (14%)]	Loss: 0.000330
Train Epoch: 34 [1250/7378 (17%)]	Loss: 0.000556
Train Epoch: 34 [1500/7378 (20%)]	Loss: 0.000506
Train Epoch: 34 [1750/7378 (24%)]	Loss: 0.000406
Train Epoch: 34 [2000/7378 (27%)]	Loss: 0.000852
Train Epoch: 34 [2250/7378 (30%)]	Loss: 0.000130
Train Epoch: 34 [2500/7378 (34%)]	Loss: 0.000259
Train Epoch: 34 [2750/7378 (37%)]	Loss: 0.000159
Train Epoch: 34 [3000/7378 (41%)]	Loss: 0.000338
Train Epoch: 34 [3250/7378 (44%)]	Loss: 0.001913
Train Epoch: 34 [3500/7378 (47%)]	Loss: 0.000634
Train Epoch: 34 [3750/7378 (51%)]	Loss: 0.000233
Train Epoch: 34 [4000/7378 (54%)]	Loss: 0.000684
Train Epoch: 34 [4250/7378 (57%)]	Loss: 0.000057
Train Epoch: 34 [4500/7378 (61%)]	Loss: 0.000414
Train Epoch: 34 [4750/7378 (64%)]	Loss: 0.000134
Train Epoch: 34 [5000/7378 (68%)]	Loss: 0.000754
Train Epoch: 34 [5250/7378 (71%)]	Loss: 0.000240
Train Epoch: 34 [5500/7378 (74%)]	Loss: 0.000280
Train Epoch: 34 [5750/7378 (78%)]	Loss: 0.001904
Train Epoch: 34 [6000/7378 (81%)]	Loss: 0.004499
Train Epoch: 34 [6250/7378 (84%)]	Loss: 0.000683
Train Epoch: 34 [6500/7378 (88%)]	Loss: 0.000248
Train Epoch: 34 [6750/7378 (91%)]	Loss: 0.002517
Train Epoch: 34 [7000/7378 (95%)]	Loss: 0.001775
Train Epoch: 34 [7250/7378 (98%)]	Loss: 0.070141
Test set: Average loss: 4.9357, Accuracy: 291/1844 (15%)
Train Epoch: 35 [0/7378 (0%)]	Loss: 0.006520
Train Epoch: 35 [250/7378 (3%)]	Loss: 0.032016
Train Epoch: 35 [500/7378 (7%)]	Loss: 0.007823
Train Epoch: 35 [750/7378 (10%)]	Loss: 0.000412
Train Epoch: 35 [1000/7378 (14%)]	Loss: 0.004352
Train Epoch: 35 [1250/7378 (17%)]	Loss: 0.000386
Train Epoch: 35 [1500/7378 (20%)]	Loss: 0.000658
Train Epoch: 35 [1750/7378 (24%)]	Loss: 0.012063
Train Epoch: 35 [2000/7378 (27%)]	Loss: 0.314296
Train Epoch: 35 [2250/7378 (30%)]	Loss: 0.001013
Train Epoch: 35 [2500/7378 (34%)]	Loss: 0.002840
Train Epoch: 35 [2750/7378 (37%)]	Loss: 0.208757
Train Epoch: 35 [3000/7378 (41%)]	Loss: 0.000714
Train Epoch: 35 [3250/7378 (44%)]	Loss: 0.011576
Train Epoch: 35 [3500/7378 (47%)]	Loss: 0.030217
Train Epoch: 35 [3750/7378 (51%)]	Loss: 0.000419
Train Epoch: 35 [4000/7378 (54%)]	Loss: 0.019883
Train Epoch: 35 [4250/7378 (57%)]	Loss: 0.000272
Train Epoch: 35 [4500/7378 (61%)]	Loss: 0.001273
Train Epoch: 35 [4750/7378 (64%)]	Loss: 0.000203
Train Epoch: 35 [5000/7378 (68%)]	Loss: 0.014249
Train Epoch: 35 [5250/7378 (71%)]	Loss: 0.000238
Train Epoch: 35 [5500/7378 (74%)]	Loss: 0.008968
Train Epoch: 35 [5750/7378 (78%)]	Loss: 0.016043
Train Epoch: 35 [6000/7378 (81%)]	Loss: 0.027575
Train Epoch: 35 [6250/7378 (84%)]	Loss: 0.000919
Train Epoch: 35 [6500/7378 (88%)]	Loss: 0.061003
Train Epoch: 35 [6750/7378 (91%)]	Loss: 0.000359
Train Epoch: 35 [7000/7378 (95%)]	Loss: 0.000146
Train Epoch: 35 [7250/7378 (98%)]	Loss: 0.000195
Test set: Average loss: 0.9773, Accuracy: 1504/1844 (81%)
Train Epoch: 36 [0/7378 (0%)]	Loss: 0.000480
Train Epoch: 36 [250/7378 (3%)]	Loss: 0.003757
Train Epoch: 36 [500/7378 (7%)]	Loss: 0.028795
Train Epoch: 36 [750/7378 (10%)]	Loss: 0.005246
Train Epoch: 36 [1000/7378 (14%)]	Loss: 0.010437
Train Epoch: 36 [1250/7378 (17%)]	Loss: 0.000587
Train Epoch: 36 [1500/7378 (20%)]	Loss: 0.000078
Train Epoch: 36 [1750/7378 (24%)]	Loss: 0.000482
Train Epoch: 36 [2000/7378 (27%)]	Loss: 0.006610
Train Epoch: 36 [2250/7378 (30%)]	Loss: 0.001604
Train Epoch: 36 [2500/7378 (34%)]	Loss: 0.046540
Train Epoch: 36 [2750/7378 (37%)]	Loss: 0.000096
Train Epoch: 36 [3000/7378 (41%)]	Loss: 0.007511
Train Epoch: 36 [3250/7378 (44%)]	Loss: 0.000736
Train Epoch: 36 [3500/7378 (47%)]	Loss: 0.002416
Train Epoch: 36 [3750/7378 (51%)]	Loss: 0.001892
Train Epoch: 36 [4000/7378 (54%)]	Loss: 0.005928
Train Epoch: 36 [4250/7378 (57%)]	Loss: 0.003955
Train Epoch: 36 [4500/7378 (61%)]	Loss: 0.000411
Train Epoch: 36 [4750/7378 (64%)]	Loss: 0.002396
Train Epoch: 36 [5000/7378 (68%)]	Loss: 0.001763
Train Epoch: 36 [5250/7378 (71%)]	Loss: 0.021567
Train Epoch: 36 [5500/7378 (74%)]	Loss: 0.023946
Train Epoch: 36 [5750/7378 (78%)]	Loss: 0.000413
Train Epoch: 36 [6000/7378 (81%)]	Loss: 0.000074
Train Epoch: 36 [6250/7378 (84%)]	Loss: 0.001168
Train Epoch: 36 [6500/7378 (88%)]	Loss: 0.000160
Train Epoch: 36 [6750/7378 (91%)]	Loss: 0.000170
Train Epoch: 36 [7000/7378 (95%)]	Loss: 0.008360
Train Epoch: 36 [7250/7378 (98%)]	Loss: 0.000548
Test set: Average loss: 3.8584, Accuracy: 407/1844 (22%)
Train Epoch: 37 [0/7378 (0%)]	Loss: 0.000160
Train Epoch: 37 [250/7378 (3%)]	Loss: 0.000352
Train Epoch: 37 [500/7378 (7%)]	Loss: 0.014541
Train Epoch: 37 [750/7378 (10%)]	Loss: 0.000119
Train Epoch: 37 [1000/7378 (14%)]	Loss: 0.007286
Train Epoch: 37 [1250/7378 (17%)]	Loss: 0.005529
Train Epoch: 37 [1500/7378 (20%)]	Loss: 0.001182
Train Epoch: 37 [1750/7378 (24%)]	Loss: 0.008677
Train Epoch: 37 [2000/7378 (27%)]	Loss: 0.001294
Train Epoch: 37 [2250/7378 (30%)]	Loss: 0.000264
Train Epoch: 37 [2500/7378 (34%)]	Loss: 0.000406
Train Epoch: 37 [2750/7378 (37%)]	Loss: 0.001222
Train Epoch: 37 [3000/7378 (41%)]	Loss: 0.000134
Train Epoch: 37 [3250/7378 (44%)]	Loss: 0.000584
Train Epoch: 37 [3500/7378 (47%)]	Loss: 0.000162
Train Epoch: 37 [3750/7378 (51%)]	Loss: 0.005018
Train Epoch: 37 [4000/7378 (54%)]	Loss: 0.000197
Train Epoch: 37 [4250/7378 (57%)]	Loss: 0.000048
Train Epoch: 37 [4500/7378 (61%)]	Loss: 0.000135
Train Epoch: 37 [4750/7378 (64%)]	Loss: 0.000088
Train Epoch: 37 [5000/7378 (68%)]	Loss: 0.000315
Train Epoch: 37 [5250/7378 (71%)]	Loss: 0.000063
Train Epoch: 37 [5500/7378 (74%)]	Loss: 0.000760
Train Epoch: 37 [5750/7378 (78%)]	Loss: 0.000207
Train Epoch: 37 [6000/7378 (81%)]	Loss: 0.000118
Train Epoch: 37 [6250/7378 (84%)]	Loss: 0.000146
Train Epoch: 37 [6500/7378 (88%)]	Loss: 0.000091
Train Epoch: 37 [6750/7378 (91%)]	Loss: 0.002758
Train Epoch: 37 [7000/7378 (95%)]	Loss: 0.000428
Train Epoch: 37 [7250/7378 (98%)]	Loss: 0.002995
Test set: Average loss: 1.3748, Accuracy: 1436/1844 (77%)
Train Epoch: 38 [0/7378 (0%)]	Loss: 0.000142
Train Epoch: 38 [250/7378 (3%)]	Loss: 0.000183
Train Epoch: 38 [500/7378 (7%)]	Loss: 0.000239
Train Epoch: 38 [750/7378 (10%)]	Loss: 0.000173
Train Epoch: 38 [1000/7378 (14%)]	Loss: 0.001330
Train Epoch: 38 [1250/7378 (17%)]	Loss: 0.032743
Train Epoch: 38 [1500/7378 (20%)]	Loss: 0.000486
Train Epoch: 38 [1750/7378 (24%)]	Loss: 0.000395
Train Epoch: 38 [2000/7378 (27%)]	Loss: 0.000550
Train Epoch: 38 [2250/7378 (30%)]	Loss: 0.030927
Train Epoch: 38 [2500/7378 (34%)]	Loss: 0.000841
Train Epoch: 38 [2750/7378 (37%)]	Loss: 0.000296
Train Epoch: 38 [3000/7378 (41%)]	Loss: 0.000500
Train Epoch: 38 [3250/7378 (44%)]	Loss: 0.000281
Train Epoch: 38 [3500/7378 (47%)]	Loss: 0.000466
Train Epoch: 38 [3750/7378 (51%)]	Loss: 0.000810
Train Epoch: 38 [4000/7378 (54%)]	Loss: 0.000114
Train Epoch: 38 [4250/7378 (57%)]	Loss: 0.017918
Train Epoch: 38 [4500/7378 (61%)]	Loss: 0.000220
Train Epoch: 38 [4750/7378 (64%)]	Loss: 0.000105
Train Epoch: 38 [5000/7378 (68%)]	Loss: 0.000414
Train Epoch: 38 [5250/7378 (71%)]	Loss: 0.000085
Train Epoch: 38 [5500/7378 (74%)]	Loss: 0.000926
Train Epoch: 38 [5750/7378 (78%)]	Loss: 0.000188
Train Epoch: 38 [6000/7378 (81%)]	Loss: 0.000060
Train Epoch: 38 [6250/7378 (84%)]	Loss: 0.000455
Train Epoch: 38 [6500/7378 (88%)]	Loss: 0.000403
Train Epoch: 38 [6750/7378 (91%)]	Loss: 0.000198
Train Epoch: 38 [7000/7378 (95%)]	Loss: 0.003402
Train Epoch: 38 [7250/7378 (98%)]	Loss: 0.000490
Test set: Average loss: 3.9205, Accuracy: 291/1844 (15%)
Train Epoch: 39 [0/7378 (0%)]	Loss: 0.039006
Train Epoch: 39 [250/7378 (3%)]	Loss: 0.520284
Train Epoch: 39 [500/7378 (7%)]	Loss: 0.032621
Train Epoch: 39 [750/7378 (10%)]	Loss: 0.385140
Train Epoch: 39 [1000/7378 (14%)]	Loss: 0.012320
Train Epoch: 39 [1250/7378 (17%)]	Loss: 0.009311
Train Epoch: 39 [1500/7378 (20%)]	Loss: 0.003383
Train Epoch: 39 [1750/7378 (24%)]	Loss: 0.045366
Train Epoch: 39 [2000/7378 (27%)]	Loss: 0.003642
Train Epoch: 39 [2250/7378 (30%)]	Loss: 0.003821
Train Epoch: 39 [2500/7378 (34%)]	Loss: 0.059091
Train Epoch: 39 [2750/7378 (37%)]	Loss: 0.002754
Train Epoch: 39 [3000/7378 (41%)]	Loss: 0.044596
Train Epoch: 39 [3250/7378 (44%)]	Loss: 0.003000
Train Epoch: 39 [3500/7378 (47%)]	Loss: 0.021240
Train Epoch: 39 [3750/7378 (51%)]	Loss: 0.002094
Train Epoch: 39 [4000/7378 (54%)]	Loss: 0.003240
Train Epoch: 39 [4250/7378 (57%)]	Loss: 0.002842
Train Epoch: 39 [4500/7378 (61%)]	Loss: 0.065763
Train Epoch: 39 [4750/7378 (64%)]	Loss: 0.013192
Train Epoch: 39 [5000/7378 (68%)]	Loss: 0.000464
Train Epoch: 39 [5250/7378 (71%)]	Loss: 0.010958
Train Epoch: 39 [5500/7378 (74%)]	Loss: 0.011619
Train Epoch: 39 [5750/7378 (78%)]	Loss: 0.000700
Train Epoch: 39 [6000/7378 (81%)]	Loss: 0.006699
Train Epoch: 39 [6250/7378 (84%)]	Loss: 0.002471
Train Epoch: 39 [6500/7378 (88%)]	Loss: 0.003992
Train Epoch: 39 [6750/7378 (91%)]	Loss: 0.000343
Train Epoch: 39 [7000/7378 (95%)]	Loss: 0.008910
Train Epoch: 39 [7250/7378 (98%)]	Loss: 0.015498
Test set: Average loss: 1.6500, Accuracy: 1294/1844 (70%)
Train Epoch: 40 [0/7378 (0%)]	Loss: 0.000471
Train Epoch: 40 [250/7378 (3%)]	Loss: 0.000711
Train Epoch: 40 [500/7378 (7%)]	Loss: 0.000260
Train Epoch: 40 [750/7378 (10%)]	Loss: 0.000866
Train Epoch: 40 [1000/7378 (14%)]	Loss: 0.001173
Train Epoch: 40 [1250/7378 (17%)]	Loss: 0.124235
Train Epoch: 40 [1500/7378 (20%)]	Loss: 0.000684
Train Epoch: 40 [1750/7378 (24%)]	Loss: 0.005099
Train Epoch: 40 [2000/7378 (27%)]	Loss: 0.011365
Train Epoch: 40 [2250/7378 (30%)]	Loss: 0.007515
Train Epoch: 40 [2500/7378 (34%)]	Loss: 0.025900
Train Epoch: 40 [2750/7378 (37%)]	Loss: 0.015513
Train Epoch: 40 [3000/7378 (41%)]	Loss: 0.002416
Train Epoch: 40 [3250/7378 (44%)]	Loss: 0.000335
Train Epoch: 40 [3500/7378 (47%)]	Loss: 0.001664
Train Epoch: 40 [3750/7378 (51%)]	Loss: 0.000115
Train Epoch: 40 [4000/7378 (54%)]	Loss: 0.000367
Train Epoch: 40 [4250/7378 (57%)]	Loss: 0.004178
Train Epoch: 40 [4500/7378 (61%)]	Loss: 0.006411
Train Epoch: 40 [4750/7378 (64%)]	Loss: 0.001837
Train Epoch: 40 [5000/7378 (68%)]	Loss: 0.003290
Train Epoch: 40 [5250/7378 (71%)]	Loss: 0.051282
Train Epoch: 40 [5500/7378 (74%)]	Loss: 0.001312
Train Epoch: 40 [5750/7378 (78%)]	Loss: 0.007503
Train Epoch: 40 [6000/7378 (81%)]	Loss: 0.000480
Train Epoch: 40 [6250/7378 (84%)]	Loss: 0.000908
Train Epoch: 40 [6500/7378 (88%)]	Loss: 0.001322
Train Epoch: 40 [6750/7378 (91%)]	Loss: 0.001165
Train Epoch: 40 [7000/7378 (95%)]	Loss: 0.006759
Train Epoch: 40 [7250/7378 (98%)]	Loss: 0.000225
Test set: Average loss: 1.3362, Accuracy: 1378/1844 (74%)
Train Epoch: 41 [0/7378 (0%)]	Loss: 0.023670
Train Epoch: 41 [250/7378 (3%)]	Loss: 0.000512
Train Epoch: 41 [500/7378 (7%)]	Loss: 0.001187
Train Epoch: 41 [750/7378 (10%)]	Loss: 0.001535
Train Epoch: 41 [1000/7378 (14%)]	Loss: 0.000719
Train Epoch: 41 [1250/7378 (17%)]	Loss: 0.000716
Train Epoch: 41 [1500/7378 (20%)]	Loss: 0.000070
Train Epoch: 41 [1750/7378 (24%)]	Loss: 0.016666
Train Epoch: 41 [2000/7378 (27%)]	Loss: 0.000426
Train Epoch: 41 [2250/7378 (30%)]	Loss: 0.000062
Train Epoch: 41 [2500/7378 (34%)]	Loss: 0.002280
Train Epoch: 41 [2750/7378 (37%)]	Loss: 0.000315
Train Epoch: 41 [3000/7378 (41%)]	Loss: 0.001661
Train Epoch: 41 [3250/7378 (44%)]	Loss: 0.012052
Train Epoch: 41 [3500/7378 (47%)]	Loss: 0.000620
Train Epoch: 41 [3750/7378 (51%)]	Loss: 0.001972
Train Epoch: 41 [4000/7378 (54%)]	Loss: 0.001817
Train Epoch: 41 [4250/7378 (57%)]	Loss: 0.000171
Train Epoch: 41 [4500/7378 (61%)]	Loss: 0.006631
Train Epoch: 41 [4750/7378 (64%)]	Loss: 0.000274
Train Epoch: 41 [5000/7378 (68%)]	Loss: 0.000376
Train Epoch: 41 [5250/7378 (71%)]	Loss: 0.000080
Train Epoch: 41 [5500/7378 (74%)]	Loss: 0.001616
Train Epoch: 41 [5750/7378 (78%)]	Loss: 0.000456
Train Epoch: 41 [6000/7378 (81%)]	Loss: 0.000051
Train Epoch: 41 [6250/7378 (84%)]	Loss: 0.035299
Train Epoch: 41 [6500/7378 (88%)]	Loss: 0.000237
Train Epoch: 41 [6750/7378 (91%)]	Loss: 0.001524
Train Epoch: 41 [7000/7378 (95%)]	Loss: 0.003586
Train Epoch: 41 [7250/7378 (98%)]	Loss: 0.001795
Test set: Average loss: 3.5554, Accuracy: 687/1844 (37%)
Train Epoch: 42 [0/7378 (0%)]	Loss: 0.031462
Train Epoch: 42 [250/7378 (3%)]	Loss: 0.000275
Train Epoch: 42 [500/7378 (7%)]	Loss: 0.001349
Train Epoch: 42 [750/7378 (10%)]	Loss: 0.006878
Train Epoch: 42 [1000/7378 (14%)]	Loss: 0.000293
Train Epoch: 42 [1250/7378 (17%)]	Loss: 0.001217
Train Epoch: 42 [1500/7378 (20%)]	Loss: 0.054199
Train Epoch: 42 [1750/7378 (24%)]	Loss: 0.001845
Train Epoch: 42 [2000/7378 (27%)]	Loss: 0.001527
Train Epoch: 42 [2250/7378 (30%)]	Loss: 0.000523
Train Epoch: 42 [2500/7378 (34%)]	Loss: 0.173194
Train Epoch: 42 [2750/7378 (37%)]	Loss: 0.000648
Train Epoch: 42 [3000/7378 (41%)]	Loss: 0.001314
Train Epoch: 42 [3250/7378 (44%)]	Loss: 0.000389
Train Epoch: 42 [3500/7378 (47%)]	Loss: 0.000624
Train Epoch: 42 [3750/7378 (51%)]	Loss: 0.003058
Train Epoch: 42 [4000/7378 (54%)]	Loss: 0.001544
Train Epoch: 42 [4250/7378 (57%)]	Loss: 0.000909
Train Epoch: 42 [4500/7378 (61%)]	Loss: 0.002702
Train Epoch: 42 [4750/7378 (64%)]	Loss: 0.032794
Train Epoch: 42 [5000/7378 (68%)]	Loss: 0.000150
Train Epoch: 42 [5250/7378 (71%)]	Loss: 0.000567
Train Epoch: 42 [5500/7378 (74%)]	Loss: 0.020963
Train Epoch: 42 [5750/7378 (78%)]	Loss: 0.004903
Train Epoch: 42 [6000/7378 (81%)]	Loss: 0.001029
Train Epoch: 42 [6250/7378 (84%)]	Loss: 0.001328
Train Epoch: 42 [6500/7378 (88%)]	Loss: 0.000927
Train Epoch: 42 [6750/7378 (91%)]	Loss: 0.001177
Train Epoch: 42 [7000/7378 (95%)]	Loss: 0.018075
Train Epoch: 42 [7250/7378 (98%)]	Loss: 0.011569
Test set: Average loss: 7.1461, Accuracy: 291/1844 (15%)
Train Epoch: 43 [0/7378 (0%)]	Loss: 0.213454
Train Epoch: 43 [250/7378 (3%)]	Loss: 0.167592
Train Epoch: 43 [500/7378 (7%)]	Loss: 0.011674
Train Epoch: 43 [750/7378 (10%)]	Loss: 0.140353
Train Epoch: 43 [1000/7378 (14%)]	Loss: 0.005653
Train Epoch: 43 [1250/7378 (17%)]	Loss: 0.027782
Train Epoch: 43 [1500/7378 (20%)]	Loss: 0.083113
Train Epoch: 43 [1750/7378 (24%)]	Loss: 0.007790
Train Epoch: 43 [2000/7378 (27%)]	Loss: 0.000591
Train Epoch: 43 [2250/7378 (30%)]	Loss: 0.001163
Train Epoch: 43 [2500/7378 (34%)]	Loss: 0.001855
Train Epoch: 43 [2750/7378 (37%)]	Loss: 0.008050
Train Epoch: 43 [3000/7378 (41%)]	Loss: 0.000472
Train Epoch: 43 [3250/7378 (44%)]	Loss: 0.003966
Train Epoch: 43 [3500/7378 (47%)]	Loss: 0.006374
Train Epoch: 43 [3750/7378 (51%)]	Loss: 0.150640
Train Epoch: 43 [4000/7378 (54%)]	Loss: 0.000948
Train Epoch: 43 [4250/7378 (57%)]	Loss: 0.000737
Train Epoch: 43 [4500/7378 (61%)]	Loss: 0.000171
Train Epoch: 43 [4750/7378 (64%)]	Loss: 0.000267
Train Epoch: 43 [5000/7378 (68%)]	Loss: 0.003404
Train Epoch: 43 [5250/7378 (71%)]	Loss: 0.000378
Train Epoch: 43 [5500/7378 (74%)]	Loss: 0.000639
Train Epoch: 43 [5750/7378 (78%)]	Loss: 0.070122
Train Epoch: 43 [6000/7378 (81%)]	Loss: 0.001541
Train Epoch: 43 [6250/7378 (84%)]	Loss: 0.119038
Train Epoch: 43 [6500/7378 (88%)]	Loss: 0.006737
Train Epoch: 43 [6750/7378 (91%)]	Loss: 0.001117
Train Epoch: 43 [7000/7378 (95%)]	Loss: 0.125094
Train Epoch: 43 [7250/7378 (98%)]	Loss: 0.036769
Test set: Average loss: 4.2251, Accuracy: 664/1844 (36%)
Train Epoch: 44 [0/7378 (0%)]	Loss: 0.001353
Train Epoch: 44 [250/7378 (3%)]	Loss: 0.008750
Train Epoch: 44 [500/7378 (7%)]	Loss: 0.000190
Train Epoch: 44 [750/7378 (10%)]	Loss: 0.065843
Train Epoch: 44 [1000/7378 (14%)]	Loss: 0.000718
Train Epoch: 44 [1250/7378 (17%)]	Loss: 0.002204
Train Epoch: 44 [1500/7378 (20%)]	Loss: 0.004811
Train Epoch: 44 [1750/7378 (24%)]	Loss: 0.000247
Train Epoch: 44 [2000/7378 (27%)]	Loss: 0.000533
Train Epoch: 44 [2250/7378 (30%)]	Loss: 0.000385
Train Epoch: 44 [2500/7378 (34%)]	Loss: 0.066711
Train Epoch: 44 [2750/7378 (37%)]	Loss: 0.001152
Train Epoch: 44 [3000/7378 (41%)]	Loss: 0.000478
Train Epoch: 44 [3250/7378 (44%)]	Loss: 0.000801
Train Epoch: 44 [3500/7378 (47%)]	Loss: 0.004368
Train Epoch: 44 [3750/7378 (51%)]	Loss: 0.002170
Train Epoch: 44 [4000/7378 (54%)]	Loss: 0.007251
Train Epoch: 44 [4250/7378 (57%)]	Loss: 0.000131
Train Epoch: 44 [4500/7378 (61%)]	Loss: 0.000857
Train Epoch: 44 [4750/7378 (64%)]	Loss: 0.001196
Train Epoch: 44 [5000/7378 (68%)]	Loss: 0.001513
Train Epoch: 44 [5250/7378 (71%)]	Loss: 0.000235
Train Epoch: 44 [5500/7378 (74%)]	Loss: 0.000286
Train Epoch: 44 [5750/7378 (78%)]	Loss: 0.001326
Train Epoch: 44 [6000/7378 (81%)]	Loss: 0.006802
Train Epoch: 44 [6250/7378 (84%)]	Loss: 0.004488
Train Epoch: 44 [6500/7378 (88%)]	Loss: 0.203834
Train Epoch: 44 [6750/7378 (91%)]	Loss: 0.015795
Train Epoch: 44 [7000/7378 (95%)]	Loss: 0.016741
Train Epoch: 44 [7250/7378 (98%)]	Loss: 0.013440
Test set: Average loss: 2.2508, Accuracy: 1142/1844 (61%)
Train Epoch: 45 [0/7378 (0%)]	Loss: 0.000119
Train Epoch: 45 [250/7378 (3%)]	Loss: 0.000986
Train Epoch: 45 [500/7378 (7%)]	Loss: 0.000997
Train Epoch: 45 [750/7378 (10%)]	Loss: 0.001234
Train Epoch: 45 [1000/7378 (14%)]	Loss: 0.002513
Train Epoch: 45 [1250/7378 (17%)]	Loss: 0.000997
Train Epoch: 45 [1500/7378 (20%)]	Loss: 0.000219
Train Epoch: 45 [1750/7378 (24%)]	Loss: 0.001904
Train Epoch: 45 [2000/7378 (27%)]	Loss: 0.052461
Train Epoch: 45 [2250/7378 (30%)]	Loss: 0.002300
Train Epoch: 45 [2500/7378 (34%)]	Loss: 0.004354
Train Epoch: 45 [2750/7378 (37%)]	Loss: 0.000807
Train Epoch: 45 [3000/7378 (41%)]	Loss: 0.000384
Train Epoch: 45 [3250/7378 (44%)]	Loss: 0.004549
Train Epoch: 45 [3500/7378 (47%)]	Loss: 0.001578
Train Epoch: 45 [3750/7378 (51%)]	Loss: 0.010654
Train Epoch: 45 [4000/7378 (54%)]	Loss: 0.066905
Train Epoch: 45 [4250/7378 (57%)]	Loss: 0.000204
Train Epoch: 45 [4500/7378 (61%)]	Loss: 0.000190
Train Epoch: 45 [4750/7378 (64%)]	Loss: 0.062007
Train Epoch: 45 [5000/7378 (68%)]	Loss: 0.000788
Train Epoch: 45 [5250/7378 (71%)]	Loss: 0.003985
Train Epoch: 45 [5500/7378 (74%)]	Loss: 0.000078
Train Epoch: 45 [5750/7378 (78%)]	Loss: 0.000368
Train Epoch: 45 [6000/7378 (81%)]	Loss: 0.002252
Train Epoch: 45 [6250/7378 (84%)]	Loss: 0.000615
Train Epoch: 45 [6500/7378 (88%)]	Loss: 0.000856
Train Epoch: 45 [6750/7378 (91%)]	Loss: 0.000188
Train Epoch: 45 [7000/7378 (95%)]	Loss: 0.000563
Train Epoch: 45 [7250/7378 (98%)]	Loss: 0.000789
Test set: Average loss: 2.6293, Accuracy: 963/1844 (52%)
Train Epoch: 46 [0/7378 (0%)]	Loss: 0.001177
Train Epoch: 46 [250/7378 (3%)]	Loss: 0.000139
Train Epoch: 46 [500/7378 (7%)]	Loss: 0.000583
Train Epoch: 46 [750/7378 (10%)]	Loss: 0.000892
Train Epoch: 46 [1000/7378 (14%)]	Loss: 0.000433
Train Epoch: 46 [1250/7378 (17%)]	Loss: 0.000957
Train Epoch: 46 [1500/7378 (20%)]	Loss: 0.000686
Train Epoch: 46 [1750/7378 (24%)]	Loss: 0.001721
Train Epoch: 46 [2000/7378 (27%)]	Loss: 0.001938
Train Epoch: 46 [2250/7378 (30%)]	Loss: 0.000032
Train Epoch: 46 [2500/7378 (34%)]	Loss: 0.000172
Train Epoch: 46 [2750/7378 (37%)]	Loss: 0.001704
Train Epoch: 46 [3000/7378 (41%)]	Loss: 0.000377
Train Epoch: 46 [3250/7378 (44%)]	Loss: 0.000079
Train Epoch: 46 [3500/7378 (47%)]	Loss: 0.009908
Train Epoch: 46 [3750/7378 (51%)]	Loss: 0.000133
Train Epoch: 46 [4000/7378 (54%)]	Loss: 0.003331
Train Epoch: 46 [4250/7378 (57%)]	Loss: 0.000563
Train Epoch: 46 [4500/7378 (61%)]	Loss: 0.000242
Train Epoch: 46 [4750/7378 (64%)]	Loss: 0.000652
Train Epoch: 46 [5000/7378 (68%)]	Loss: 0.000303
Train Epoch: 46 [5250/7378 (71%)]	Loss: 0.000105
Train Epoch: 46 [5500/7378 (74%)]	Loss: 0.000600
Train Epoch: 46 [5750/7378 (78%)]	Loss: 0.001350
Train Epoch: 46 [6000/7378 (81%)]	Loss: 0.000300
Train Epoch: 46 [6250/7378 (84%)]	Loss: 0.000101
Train Epoch: 46 [6500/7378 (88%)]	Loss: 0.000672
Train Epoch: 46 [6750/7378 (91%)]	Loss: 0.000467
Train Epoch: 46 [7000/7378 (95%)]	Loss: 0.000205
Train Epoch: 46 [7250/7378 (98%)]	Loss: 0.000498
Test set: Average loss: 0.9099, Accuracy: 1540/1844 (83%)
Train Epoch: 47 [0/7378 (0%)]	Loss: 0.000322
Train Epoch: 47 [250/7378 (3%)]	Loss: 0.000079
Train Epoch: 47 [500/7378 (7%)]	Loss: 0.000229
Train Epoch: 47 [750/7378 (10%)]	Loss: 0.000058
Train Epoch: 47 [1000/7378 (14%)]	Loss: 0.000089
Train Epoch: 47 [1250/7378 (17%)]	Loss: 0.000067
Train Epoch: 47 [1500/7378 (20%)]	Loss: 0.000281
Train Epoch: 47 [1750/7378 (24%)]	Loss: 0.000046
Train Epoch: 47 [2000/7378 (27%)]	Loss: 0.004291
Train Epoch: 47 [2250/7378 (30%)]	Loss: 0.000266
Train Epoch: 47 [2500/7378 (34%)]	Loss: 0.000368
Train Epoch: 47 [2750/7378 (37%)]	Loss: 0.000897
Train Epoch: 47 [3000/7378 (41%)]	Loss: 0.000369
Train Epoch: 47 [3250/7378 (44%)]	Loss: 0.000206
Train Epoch: 47 [3500/7378 (47%)]	Loss: 0.000057
Train Epoch: 47 [3750/7378 (51%)]	Loss: 0.000210
Train Epoch: 47 [4000/7378 (54%)]	Loss: 0.000486
Train Epoch: 47 [4250/7378 (57%)]	Loss: 0.000227
Train Epoch: 47 [4500/7378 (61%)]	Loss: 0.001138
Train Epoch: 47 [4750/7378 (64%)]	Loss: 0.000043
Train Epoch: 47 [5000/7378 (68%)]	Loss: 0.000073
Train Epoch: 47 [5250/7378 (71%)]	Loss: 0.000151
Train Epoch: 47 [5500/7378 (74%)]	Loss: 0.000114
Train Epoch: 47 [5750/7378 (78%)]	Loss: 0.001128
Train Epoch: 47 [6000/7378 (81%)]	Loss: 0.000047
Train Epoch: 47 [6250/7378 (84%)]	Loss: 0.000830
Train Epoch: 47 [6500/7378 (88%)]	Loss: 0.002883
Train Epoch: 47 [6750/7378 (91%)]	Loss: 0.000302
Train Epoch: 47 [7000/7378 (95%)]	Loss: 0.000032
Train Epoch: 47 [7250/7378 (98%)]	Loss: 0.000051
Test set: Average loss: 0.8966, Accuracy: 1553/1844 (84%)
Train Epoch: 48 [0/7378 (0%)]	Loss: 0.000043
Train Epoch: 48 [250/7378 (3%)]	Loss: 0.000239
Train Epoch: 48 [500/7378 (7%)]	Loss: 0.000314
Train Epoch: 48 [750/7378 (10%)]	Loss: 0.000124
Train Epoch: 48 [1000/7378 (14%)]	Loss: 0.000247
Train Epoch: 48 [1250/7378 (17%)]	Loss: 0.000650
Train Epoch: 48 [1500/7378 (20%)]	Loss: 0.000088
Train Epoch: 48 [1750/7378 (24%)]	Loss: 0.000174
Train Epoch: 48 [2000/7378 (27%)]	Loss: 0.002687
Train Epoch: 48 [2250/7378 (30%)]	Loss: 0.000177
Train Epoch: 48 [2500/7378 (34%)]	Loss: 0.000936
Train Epoch: 48 [2750/7378 (37%)]	Loss: 0.000335
Train Epoch: 48 [3000/7378 (41%)]	Loss: 0.000052
Train Epoch: 48 [3250/7378 (44%)]	Loss: 0.000069
Train Epoch: 48 [3500/7378 (47%)]	Loss: 0.000234
Train Epoch: 48 [3750/7378 (51%)]	Loss: 0.000553
Train Epoch: 48 [4000/7378 (54%)]	Loss: 0.000250
Train Epoch: 48 [4250/7378 (57%)]	Loss: 0.000025
Train Epoch: 48 [4500/7378 (61%)]	Loss: 0.000208
Train Epoch: 48 [4750/7378 (64%)]	Loss: 0.000048
Train Epoch: 48 [5000/7378 (68%)]	Loss: 0.028837
Train Epoch: 48 [5250/7378 (71%)]	Loss: 0.000159
Train Epoch: 48 [5500/7378 (74%)]	Loss: 0.003028
Train Epoch: 48 [5750/7378 (78%)]	Loss: 0.000304
Train Epoch: 48 [6000/7378 (81%)]	Loss: 0.000772
Train Epoch: 48 [6250/7378 (84%)]	Loss: 0.000082
Train Epoch: 48 [6500/7378 (88%)]	Loss: 0.000251
Train Epoch: 48 [6750/7378 (91%)]	Loss: 0.000033
Train Epoch: 48 [7000/7378 (95%)]	Loss: 0.000076
Train Epoch: 48 [7250/7378 (98%)]	Loss: 0.000120
Test set: Average loss: 3.9555, Accuracy: 578/1844 (31%)
Train Epoch: 49 [0/7378 (0%)]	Loss: 0.000133
Train Epoch: 49 [250/7378 (3%)]	Loss: 0.007366
Train Epoch: 49 [500/7378 (7%)]	Loss: 0.000322
Train Epoch: 49 [750/7378 (10%)]	Loss: 0.000289
Train Epoch: 49 [1000/7378 (14%)]	Loss: 0.001111
Train Epoch: 49 [1250/7378 (17%)]	Loss: 0.081400
Train Epoch: 49 [1500/7378 (20%)]	Loss: 0.000369
Train Epoch: 49 [1750/7378 (24%)]	Loss: 0.000047
Train Epoch: 49 [2000/7378 (27%)]	Loss: 0.000020
Train Epoch: 49 [2250/7378 (30%)]	Loss: 0.000084
Train Epoch: 49 [2500/7378 (34%)]	Loss: 0.000047
Train Epoch: 49 [2750/7378 (37%)]	Loss: 0.000063
Train Epoch: 49 [3000/7378 (41%)]	Loss: 0.001040
Train Epoch: 49 [3250/7378 (44%)]	Loss: 0.000312
Train Epoch: 49 [3500/7378 (47%)]	Loss: 0.001279
Train Epoch: 49 [3750/7378 (51%)]	Loss: 0.001664
Train Epoch: 49 [4000/7378 (54%)]	Loss: 0.000092
Train Epoch: 49 [4250/7378 (57%)]	Loss: 0.003176
Train Epoch: 49 [4500/7378 (61%)]	Loss: 0.000660
Train Epoch: 49 [4750/7378 (64%)]	Loss: 0.001407
Train Epoch: 49 [5000/7378 (68%)]	Loss: 0.000235
Train Epoch: 49 [5250/7378 (71%)]	Loss: 0.000200
Train Epoch: 49 [5500/7378 (74%)]	Loss: 0.000090
Train Epoch: 49 [5750/7378 (78%)]	Loss: 0.000680
Train Epoch: 49 [6000/7378 (81%)]	Loss: 0.000086
Train Epoch: 49 [6250/7378 (84%)]	Loss: 0.000045
Train Epoch: 49 [6500/7378 (88%)]	Loss: 0.000919
Train Epoch: 49 [6750/7378 (91%)]	Loss: 0.000085
Train Epoch: 49 [7000/7378 (95%)]	Loss: 0.000220
Train Epoch: 49 [7250/7378 (98%)]	Loss: 0.000247
Test set: Average loss: 2.1675, Accuracy: 1217/1844 (65%)
Train Epoch: 50 [0/7378 (0%)]	Loss: 0.000085
Train Epoch: 50 [250/7378 (3%)]	Loss: 0.000087
Train Epoch: 50 [500/7378 (7%)]	Loss: 0.000130
Train Epoch: 50 [750/7378 (10%)]	Loss: 0.000120
Train Epoch: 50 [1000/7378 (14%)]	Loss: 0.000251
Train Epoch: 50 [1250/7378 (17%)]	Loss: 0.000498
Train Epoch: 50 [1500/7378 (20%)]	Loss: 0.000101
Train Epoch: 50 [1750/7378 (24%)]	Loss: 0.000053
Train Epoch: 50 [2000/7378 (27%)]	Loss: 0.000012
Train Epoch: 50 [2250/7378 (30%)]	Loss: 0.000068
Train Epoch: 50 [2500/7378 (34%)]	Loss: 0.000414
Train Epoch: 50 [2750/7378 (37%)]	Loss: 0.000213
Train Epoch: 50 [3000/7378 (41%)]	Loss: 0.000524
Train Epoch: 50 [3250/7378 (44%)]	Loss: 0.000066
Train Epoch: 50 [3500/7378 (47%)]	Loss: 0.000227
Train Epoch: 50 [3750/7378 (51%)]	Loss: 0.000291
Train Epoch: 50 [4000/7378 (54%)]	Loss: 0.000020
Train Epoch: 50 [4250/7378 (57%)]	Loss: 0.004558
Train Epoch: 50 [4500/7378 (61%)]	Loss: 0.000130
Train Epoch: 50 [4750/7378 (64%)]	Loss: 0.000040
Train Epoch: 50 [5000/7378 (68%)]	Loss: 0.001608
Train Epoch: 50 [5250/7378 (71%)]	Loss: 0.000022
Train Epoch: 50 [5500/7378 (74%)]	Loss: 0.000016
Train Epoch: 50 [5750/7378 (78%)]	Loss: 0.000077
Train Epoch: 50 [6000/7378 (81%)]	Loss: 0.000080
Train Epoch: 50 [6250/7378 (84%)]	Loss: 0.000139
Train Epoch: 50 [6500/7378 (88%)]	Loss: 0.000814
Train Epoch: 50 [6750/7378 (91%)]	Loss: 0.000165
Train Epoch: 50 [7000/7378 (95%)]	Loss: 0.000032
Train Epoch: 50 [7250/7378 (98%)]	Loss: 0.000135
Test set: Average loss: 0.9266, Accuracy: 1531/1844 (83%)
Train Epoch: 51 [0/7378 (0%)]	Loss: 0.000025
Train Epoch: 51 [250/7378 (3%)]	Loss: 0.000055
Train Epoch: 51 [500/7378 (7%)]	Loss: 0.000217
Train Epoch: 51 [750/7378 (10%)]	Loss: 0.000107
Train Epoch: 51 [1000/7378 (14%)]	Loss: 0.000048
Train Epoch: 51 [1250/7378 (17%)]	Loss: 0.000084
Train Epoch: 51 [1500/7378 (20%)]	Loss: 0.000080
Train Epoch: 51 [1750/7378 (24%)]	Loss: 0.001171
Train Epoch: 51 [2000/7378 (27%)]	Loss: 0.000059
Train Epoch: 51 [2250/7378 (30%)]	Loss: 0.000537
Train Epoch: 51 [2500/7378 (34%)]	Loss: 0.000554
Train Epoch: 51 [2750/7378 (37%)]	Loss: 0.000479
Train Epoch: 51 [3000/7378 (41%)]	Loss: 0.000060
Train Epoch: 51 [3250/7378 (44%)]	Loss: 0.000344
Train Epoch: 51 [3500/7378 (47%)]	Loss: 0.000388
Train Epoch: 51 [3750/7378 (51%)]	Loss: 0.000019
Train Epoch: 51 [4000/7378 (54%)]	Loss: 0.000072
Train Epoch: 51 [4250/7378 (57%)]	Loss: 0.000997
Train Epoch: 51 [4500/7378 (61%)]	Loss: 0.000149
Train Epoch: 51 [4750/7378 (64%)]	Loss: 0.000064
Train Epoch: 51 [5000/7378 (68%)]	Loss: 0.000381
Train Epoch: 51 [5250/7378 (71%)]	Loss: 0.000075
Train Epoch: 51 [5500/7378 (74%)]	Loss: 0.000661
Train Epoch: 51 [5750/7378 (78%)]	Loss: 0.001391
Train Epoch: 51 [6000/7378 (81%)]	Loss: 0.000009
Train Epoch: 51 [6250/7378 (84%)]	Loss: 0.000481
Train Epoch: 51 [6500/7378 (88%)]	Loss: 0.000170
Train Epoch: 51 [6750/7378 (91%)]	Loss: 0.000044
Train Epoch: 51 [7000/7378 (95%)]	Loss: 0.000118
Train Epoch: 51 [7250/7378 (98%)]	Loss: 0.000449
Test set: Average loss: 1.9494, Accuracy: 1274/1844 (69%)
Train Epoch: 52 [0/7378 (0%)]	Loss: 0.000021
Train Epoch: 52 [250/7378 (3%)]	Loss: 0.000044
Train Epoch: 52 [500/7378 (7%)]	Loss: 0.000129
Train Epoch: 52 [750/7378 (10%)]	Loss: 0.000124
Train Epoch: 52 [1000/7378 (14%)]	Loss: 0.000149
Train Epoch: 52 [1250/7378 (17%)]	Loss: 0.000011
Train Epoch: 52 [1500/7378 (20%)]	Loss: 0.000097
Train Epoch: 52 [1750/7378 (24%)]	Loss: 0.000065
Train Epoch: 52 [2000/7378 (27%)]	Loss: 0.000120
Train Epoch: 52 [2250/7378 (30%)]	Loss: 0.000054
Train Epoch: 52 [2500/7378 (34%)]	Loss: 0.000757
Train Epoch: 52 [2750/7378 (37%)]	Loss: 0.000253
Train Epoch: 52 [3000/7378 (41%)]	Loss: 0.000020
Train Epoch: 52 [3250/7378 (44%)]	Loss: 0.000103
Train Epoch: 52 [3500/7378 (47%)]	Loss: 0.000274
Train Epoch: 52 [3750/7378 (51%)]	Loss: 0.000232
Train Epoch: 52 [4000/7378 (54%)]	Loss: 0.000082
Train Epoch: 52 [4250/7378 (57%)]	Loss: 0.000284
Train Epoch: 52 [4500/7378 (61%)]	Loss: 0.000929
Train Epoch: 52 [4750/7378 (64%)]	Loss: 0.000124
Train Epoch: 52 [5000/7378 (68%)]	Loss: 0.000062
Train Epoch: 52 [5250/7378 (71%)]	Loss: 0.000296
Train Epoch: 52 [5500/7378 (74%)]	Loss: 0.000383
Train Epoch: 52 [5750/7378 (78%)]	Loss: 0.000029
Train Epoch: 52 [6000/7378 (81%)]	Loss: 0.000334
Train Epoch: 52 [6250/7378 (84%)]	Loss: 0.000056
Train Epoch: 52 [6500/7378 (88%)]	Loss: 0.000030
Train Epoch: 52 [6750/7378 (91%)]	Loss: 0.000033
Train Epoch: 52 [7000/7378 (95%)]	Loss: 0.002874
Train Epoch: 52 [7250/7378 (98%)]	Loss: 0.000027
Test set: Average loss: 1.0256, Accuracy: 1529/1844 (82%)
Train Epoch: 53 [0/7378 (0%)]	Loss: 0.000035
Train Epoch: 53 [250/7378 (3%)]	Loss: 0.000124
Train Epoch: 53 [500/7378 (7%)]	Loss: 0.000067
Train Epoch: 53 [750/7378 (10%)]	Loss: 0.000109
Train Epoch: 53 [1000/7378 (14%)]	Loss: 0.000113
Train Epoch: 53 [1250/7378 (17%)]	Loss: 0.000024
Train Epoch: 53 [1500/7378 (20%)]	Loss: 0.000113
Train Epoch: 53 [1750/7378 (24%)]	Loss: 0.000028
Train Epoch: 53 [2000/7378 (27%)]	Loss: 0.000055
Train Epoch: 53 [2250/7378 (30%)]	Loss: 0.000014
Train Epoch: 53 [2500/7378 (34%)]	Loss: 0.000080
Train Epoch: 53 [2750/7378 (37%)]	Loss: 0.000151
Train Epoch: 53 [3000/7378 (41%)]	Loss: 0.000193
Train Epoch: 53 [3250/7378 (44%)]	Loss: 0.000119
Train Epoch: 53 [3500/7378 (47%)]	Loss: 0.000069
Train Epoch: 53 [3750/7378 (51%)]	Loss: 0.000050
Train Epoch: 53 [4000/7378 (54%)]	Loss: 0.000097
Train Epoch: 53 [4250/7378 (57%)]	Loss: 0.000124
Train Epoch: 53 [4500/7378 (61%)]	Loss: 0.000034
Train Epoch: 53 [4750/7378 (64%)]	Loss: 0.000064
Train Epoch: 53 [5000/7378 (68%)]	Loss: 0.000024
Train Epoch: 53 [5250/7378 (71%)]	Loss: 0.000034
Train Epoch: 53 [5500/7378 (74%)]	Loss: 0.000026
Train Epoch: 53 [5750/7378 (78%)]	Loss: 0.000271
Train Epoch: 53 [6000/7378 (81%)]	Loss: 0.000236
Train Epoch: 53 [6250/7378 (84%)]	Loss: 0.000106
Train Epoch: 53 [6500/7378 (88%)]	Loss: 0.000050
Train Epoch: 53 [6750/7378 (91%)]	Loss: 0.000048
Train Epoch: 53 [7000/7378 (95%)]	Loss: 0.000283
Train Epoch: 53 [7250/7378 (98%)]	Loss: 0.000059
Test set: Average loss: 0.9562, Accuracy: 1540/1844 (83%)
Train Epoch: 54 [0/7378 (0%)]	Loss: 0.000072
Train Epoch: 54 [250/7378 (3%)]	Loss: 0.000070
Train Epoch: 54 [500/7378 (7%)]	Loss: 0.000055
Train Epoch: 54 [750/7378 (10%)]	Loss: 0.000014
Train Epoch: 54 [1000/7378 (14%)]	Loss: 0.000124
Train Epoch: 54 [1250/7378 (17%)]	Loss: 0.000042
Train Epoch: 54 [1500/7378 (20%)]	Loss: 0.000070
Train Epoch: 54 [1750/7378 (24%)]	Loss: 0.000432
Train Epoch: 54 [2000/7378 (27%)]	Loss: 0.000013
Train Epoch: 54 [2250/7378 (30%)]	Loss: 0.000023
Train Epoch: 54 [2500/7378 (34%)]	Loss: 0.000101
Train Epoch: 54 [2750/7378 (37%)]	Loss: 0.000524
Train Epoch: 54 [3000/7378 (41%)]	Loss: 0.000021
Train Epoch: 54 [3250/7378 (44%)]	Loss: 0.000049
Train Epoch: 54 [3500/7378 (47%)]	Loss: 0.000101
Train Epoch: 54 [3750/7378 (51%)]	Loss: 0.000301
Train Epoch: 54 [4000/7378 (54%)]	Loss: 0.000237
Train Epoch: 54 [4250/7378 (57%)]	Loss: 0.000137
Train Epoch: 54 [4500/7378 (61%)]	Loss: 0.000025
Train Epoch: 54 [4750/7378 (64%)]	Loss: 0.005731
Train Epoch: 54 [5000/7378 (68%)]	Loss: 0.000342
Train Epoch: 54 [5250/7378 (71%)]	Loss: 0.000127
Train Epoch: 54 [5500/7378 (74%)]	Loss: 0.000045
Train Epoch: 54 [5750/7378 (78%)]	Loss: 0.000041
Train Epoch: 54 [6000/7378 (81%)]	Loss: 0.000093
Train Epoch: 54 [6250/7378 (84%)]	Loss: 0.000023
Train Epoch: 54 [6500/7378 (88%)]	Loss: 0.000126
Train Epoch: 54 [6750/7378 (91%)]	Loss: 0.000031
Train Epoch: 54 [7000/7378 (95%)]	Loss: 0.000170
Train Epoch: 54 [7250/7378 (98%)]	Loss: 0.000011
Test set: Average loss: 0.9075, Accuracy: 1555/1844 (84%)
Train Epoch: 55 [0/7378 (0%)]	Loss: 0.000247
Train Epoch: 55 [250/7378 (3%)]	Loss: 0.000186
Train Epoch: 55 [500/7378 (7%)]	Loss: 0.000061
Train Epoch: 55 [750/7378 (10%)]	Loss: 0.000032
Train Epoch: 55 [1000/7378 (14%)]	Loss: 0.000021
Train Epoch: 55 [1250/7378 (17%)]	Loss: 0.000032
Train Epoch: 55 [1500/7378 (20%)]	Loss: 0.000017
Train Epoch: 55 [1750/7378 (24%)]	Loss: 0.000042
Train Epoch: 55 [2000/7378 (27%)]	Loss: 0.000062
Train Epoch: 55 [2250/7378 (30%)]	Loss: 0.000050
Train Epoch: 55 [2500/7378 (34%)]	Loss: 0.000015
Train Epoch: 55 [2750/7378 (37%)]	Loss: 0.000022
Train Epoch: 55 [3000/7378 (41%)]	Loss: 0.000172
Train Epoch: 55 [3250/7378 (44%)]	Loss: 0.000006
Train Epoch: 55 [3500/7378 (47%)]	Loss: 0.000051
Train Epoch: 55 [3750/7378 (51%)]	Loss: 0.000063
Train Epoch: 55 [4000/7378 (54%)]	Loss: 0.038131
Train Epoch: 55 [4250/7378 (57%)]	Loss: 0.000058
Train Epoch: 55 [4500/7378 (61%)]	Loss: 0.000840
Train Epoch: 55 [4750/7378 (64%)]	Loss: 0.000031
Train Epoch: 55 [5000/7378 (68%)]	Loss: 0.000047
Train Epoch: 55 [5250/7378 (71%)]	Loss: 0.000031
Train Epoch: 55 [5500/7378 (74%)]	Loss: 0.000065
Train Epoch: 55 [5750/7378 (78%)]	Loss: 0.000039
Train Epoch: 55 [6000/7378 (81%)]	Loss: 0.000020
Train Epoch: 55 [6250/7378 (84%)]	Loss: 0.000017
Train Epoch: 55 [6500/7378 (88%)]	Loss: 0.000025
Train Epoch: 55 [6750/7378 (91%)]	Loss: 0.000087
Train Epoch: 55 [7000/7378 (95%)]	Loss: 0.000069
Train Epoch: 55 [7250/7378 (98%)]	Loss: 0.000019
Test set: Average loss: 1.2638, Accuracy: 1468/1844 (79%)
Train Epoch: 56 [0/7378 (0%)]	Loss: 0.000026
Train Epoch: 56 [250/7378 (3%)]	Loss: 0.000035
Train Epoch: 56 [500/7378 (7%)]	Loss: 0.000140
Train Epoch: 56 [750/7378 (10%)]	Loss: 0.000156
Train Epoch: 56 [1000/7378 (14%)]	Loss: 0.000060
Train Epoch: 56 [1250/7378 (17%)]	Loss: 0.000059
Train Epoch: 56 [1500/7378 (20%)]	Loss: 0.000135
Train Epoch: 56 [1750/7378 (24%)]	Loss: 0.000019
Train Epoch: 56 [2000/7378 (27%)]	Loss: 0.000038
Train Epoch: 56 [2250/7378 (30%)]	Loss: 0.000036
Train Epoch: 56 [2500/7378 (34%)]	Loss: 0.000115
Train Epoch: 56 [2750/7378 (37%)]	Loss: 0.000061
Train Epoch: 56 [3000/7378 (41%)]	Loss: 0.000019
Train Epoch: 56 [3250/7378 (44%)]	Loss: 0.000190
Train Epoch: 56 [3500/7378 (47%)]	Loss: 0.000389
Train Epoch: 56 [3750/7378 (51%)]	Loss: 0.000029
Train Epoch: 56 [4000/7378 (54%)]	Loss: 0.000031
Train Epoch: 56 [4250/7378 (57%)]	Loss: 0.000029
Train Epoch: 56 [4500/7378 (61%)]	Loss: 0.000035
Train Epoch: 56 [4750/7378 (64%)]	Loss: 0.000012
Train Epoch: 56 [5000/7378 (68%)]	Loss: 0.000232
Train Epoch: 56 [5250/7378 (71%)]	Loss: 0.000027
Train Epoch: 56 [5500/7378 (74%)]	Loss: 0.000042
Train Epoch: 56 [5750/7378 (78%)]	Loss: 0.000056
Train Epoch: 56 [6000/7378 (81%)]	Loss: 0.000067
Train Epoch: 56 [6250/7378 (84%)]	Loss: 0.000028
Train Epoch: 56 [6500/7378 (88%)]	Loss: 0.000024
Train Epoch: 56 [6750/7378 (91%)]	Loss: 0.026627
Train Epoch: 56 [7000/7378 (95%)]	Loss: 0.000023
Train Epoch: 56 [7250/7378 (98%)]	Loss: 0.000081
Test set: Average loss: 4.0784, Accuracy: 786/1844 (42%)
Train Epoch: 57 [0/7378 (0%)]	Loss: 0.000102
Train Epoch: 57 [250/7378 (3%)]	Loss: 0.000078
Train Epoch: 57 [500/7378 (7%)]	Loss: 0.000049
Train Epoch: 57 [750/7378 (10%)]	Loss: 0.000100
Train Epoch: 57 [1000/7378 (14%)]	Loss: 0.000056
Train Epoch: 57 [1250/7378 (17%)]	Loss: 0.000222
Train Epoch: 57 [1500/7378 (20%)]	Loss: 0.000163
Train Epoch: 57 [1750/7378 (24%)]	Loss: 0.000063
Train Epoch: 57 [2000/7378 (27%)]	Loss: 0.000033
Train Epoch: 57 [2250/7378 (30%)]	Loss: 0.000014
Train Epoch: 57 [2500/7378 (34%)]	Loss: 0.000352
Train Epoch: 57 [2750/7378 (37%)]	Loss: 0.000293
Train Epoch: 57 [3000/7378 (41%)]	Loss: 0.000064
Train Epoch: 57 [3250/7378 (44%)]	Loss: 0.000115
Train Epoch: 57 [3500/7378 (47%)]	Loss: 0.001036
Train Epoch: 57 [3750/7378 (51%)]	Loss: 0.000378
Train Epoch: 57 [4000/7378 (54%)]	Loss: 0.049206
Train Epoch: 57 [4250/7378 (57%)]	Loss: 0.000179
Train Epoch: 57 [4500/7378 (61%)]	Loss: 0.001497
Train Epoch: 57 [4750/7378 (64%)]	Loss: 0.000120
Train Epoch: 57 [5000/7378 (68%)]	Loss: 0.000268
Train Epoch: 57 [5250/7378 (71%)]	Loss: 0.000180
Train Epoch: 57 [5500/7378 (74%)]	Loss: 0.000125
Train Epoch: 57 [5750/7378 (78%)]	Loss: 0.000746
Train Epoch: 57 [6000/7378 (81%)]	Loss: 0.049164
Train Epoch: 57 [6250/7378 (84%)]	Loss: 0.000405
Train Epoch: 57 [6500/7378 (88%)]	Loss: 0.000640
Train Epoch: 57 [6750/7378 (91%)]	Loss: 0.000065
Train Epoch: 57 [7000/7378 (95%)]	Loss: 0.000042
Train Epoch: 57 [7250/7378 (98%)]	Loss: 0.000745
Test set: Average loss: 1.1020, Accuracy: 1491/1844 (80%)
Train Epoch: 58 [0/7378 (0%)]	Loss: 0.000127
Train Epoch: 58 [250/7378 (3%)]	Loss: 0.000771
Train Epoch: 58 [500/7378 (7%)]	Loss: 0.000102
Train Epoch: 58 [750/7378 (10%)]	Loss: 0.000047
Train Epoch: 58 [1000/7378 (14%)]	Loss: 0.000255
Train Epoch: 58 [1250/7378 (17%)]	Loss: 0.000132
Train Epoch: 58 [1500/7378 (20%)]	Loss: 0.000031
Train Epoch: 58 [1750/7378 (24%)]	Loss: 0.000119
Train Epoch: 58 [2000/7378 (27%)]	Loss: 0.000055
Train Epoch: 58 [2250/7378 (30%)]	Loss: 0.000196
Train Epoch: 58 [2500/7378 (34%)]	Loss: 0.000108
Train Epoch: 58 [2750/7378 (37%)]	Loss: 0.001154
Train Epoch: 58 [3000/7378 (41%)]	Loss: 0.000055
Train Epoch: 58 [3250/7378 (44%)]	Loss: 0.000017
Train Epoch: 58 [3500/7378 (47%)]	Loss: 0.000039
Train Epoch: 58 [3750/7378 (51%)]	Loss: 0.000793
Train Epoch: 58 [4000/7378 (54%)]	Loss: 0.000029
Train Epoch: 58 [4250/7378 (57%)]	Loss: 0.000038
Train Epoch: 58 [4500/7378 (61%)]	Loss: 0.000666
Train Epoch: 58 [4750/7378 (64%)]	Loss: 0.000024
Train Epoch: 58 [5000/7378 (68%)]	Loss: 0.008981
Train Epoch: 58 [5250/7378 (71%)]	Loss: 0.000030
Train Epoch: 58 [5500/7378 (74%)]	Loss: 0.000020
Train Epoch: 58 [5750/7378 (78%)]	Loss: 0.000042
Train Epoch: 58 [6000/7378 (81%)]	Loss: 0.000187
Train Epoch: 58 [6250/7378 (84%)]	Loss: 0.000724
Train Epoch: 58 [6500/7378 (88%)]	Loss: 0.000144
Train Epoch: 58 [6750/7378 (91%)]	Loss: 0.000043
Train Epoch: 58 [7000/7378 (95%)]	Loss: 0.000055
Train Epoch: 58 [7250/7378 (98%)]	Loss: 0.000049
Test set: Average loss: 0.9232, Accuracy: 1562/1844 (84%)
Train Epoch: 59 [0/7378 (0%)]	Loss: 0.000075
Train Epoch: 59 [250/7378 (3%)]	Loss: 0.000048
Train Epoch: 59 [500/7378 (7%)]	Loss: 0.000052
Train Epoch: 59 [750/7378 (10%)]	Loss: 0.000031
Train Epoch: 59 [1000/7378 (14%)]	Loss: 0.000415
Train Epoch: 59 [1250/7378 (17%)]	Loss: 0.000019
Train Epoch: 59 [1500/7378 (20%)]	Loss: 0.003019
Train Epoch: 59 [1750/7378 (24%)]	Loss: 0.000043
Train Epoch: 59 [2000/7378 (27%)]	Loss: 0.000125
Train Epoch: 59 [2250/7378 (30%)]	Loss: 0.000075
Train Epoch: 59 [2500/7378 (34%)]	Loss: 0.000151
Train Epoch: 59 [2750/7378 (37%)]	Loss: 0.000432
Train Epoch: 59 [3000/7378 (41%)]	Loss: 0.000083
Train Epoch: 59 [3250/7378 (44%)]	Loss: 0.000180
Train Epoch: 59 [3500/7378 (47%)]	Loss: 0.000175
Train Epoch: 59 [3750/7378 (51%)]	Loss: 0.000419
Train Epoch: 59 [4000/7378 (54%)]	Loss: 0.000127
Train Epoch: 59 [4250/7378 (57%)]	Loss: 0.000016
Train Epoch: 59 [4500/7378 (61%)]	Loss: 0.000090
Train Epoch: 59 [4750/7378 (64%)]	Loss: 0.000007
Train Epoch: 59 [5000/7378 (68%)]	Loss: 0.000098
Train Epoch: 59 [5250/7378 (71%)]	Loss: 0.000265
Train Epoch: 59 [5500/7378 (74%)]	Loss: 0.000084
Train Epoch: 59 [5750/7378 (78%)]	Loss: 0.000070
Train Epoch: 59 [6000/7378 (81%)]	Loss: 0.000094
Train Epoch: 59 [6250/7378 (84%)]	Loss: 0.000048
Train Epoch: 59 [6500/7378 (88%)]	Loss: 0.002080
Train Epoch: 59 [6750/7378 (91%)]	Loss: 0.000018
Train Epoch: 59 [7000/7378 (95%)]	Loss: 0.000021
Train Epoch: 59 [7250/7378 (98%)]	Loss: 0.000128
Test set: Average loss: 0.9751, Accuracy: 1545/1844 (83%)
Train Epoch: 60 [0/7378 (0%)]	Loss: 0.000037
Train Epoch: 60 [250/7378 (3%)]	Loss: 0.000012
Train Epoch: 60 [500/7378 (7%)]	Loss: 0.000038
Train Epoch: 60 [750/7378 (10%)]	Loss: 0.000017
Train Epoch: 60 [1000/7378 (14%)]	Loss: 0.000209
Train Epoch: 60 [1250/7378 (17%)]	Loss: 0.000086
Train Epoch: 60 [1500/7378 (20%)]	Loss: 0.000118
Train Epoch: 60 [1750/7378 (24%)]	Loss: 0.000016
Train Epoch: 60 [2000/7378 (27%)]	Loss: 0.000033
Train Epoch: 60 [2250/7378 (30%)]	Loss: 0.000011
Train Epoch: 60 [2500/7378 (34%)]	Loss: 0.000200
Train Epoch: 60 [2750/7378 (37%)]	Loss: 0.000066
Train Epoch: 60 [3000/7378 (41%)]	Loss: 0.000272
Train Epoch: 60 [3250/7378 (44%)]	Loss: 0.000014
Train Epoch: 60 [3500/7378 (47%)]	Loss: 0.000010
Train Epoch: 60 [3750/7378 (51%)]	Loss: 0.000022
Train Epoch: 60 [4000/7378 (54%)]	Loss: 0.000050
Train Epoch: 60 [4250/7378 (57%)]	Loss: 0.000117
Train Epoch: 60 [4500/7378 (61%)]	Loss: 0.000055
Train Epoch: 60 [4750/7378 (64%)]	Loss: 0.001500
Train Epoch: 60 [5000/7378 (68%)]	Loss: 0.000034
Train Epoch: 60 [5250/7378 (71%)]	Loss: 0.000265
Train Epoch: 60 [5500/7378 (74%)]	Loss: 0.000077
Train Epoch: 60 [5750/7378 (78%)]	Loss: 0.000214
Train Epoch: 60 [6000/7378 (81%)]	Loss: 0.000007
Train Epoch: 60 [6250/7378 (84%)]	Loss: 0.000050
Train Epoch: 60 [6500/7378 (88%)]	Loss: 0.000074
Train Epoch: 60 [6750/7378 (91%)]	Loss: 0.000048
Train Epoch: 60 [7000/7378 (95%)]	Loss: 0.000078
Train Epoch: 60 [7250/7378 (98%)]	Loss: 0.000584
Test set: Average loss: 0.9270, Accuracy: 1547/1844 (83%)
