getting datasets
finished
trainning lapel_design_labels:
Train Epoch: 1 [0/5627 (0%)]	Loss: 1.950210
Train Epoch: 1 [200/5627 (4%)]	Loss: 1.623252
Train Epoch: 1 [400/5627 (7%)]	Loss: 1.544331
Train Epoch: 1 [600/5627 (11%)]	Loss: 1.464758
Train Epoch: 1 [800/5627 (14%)]	Loss: 1.614791
Train Epoch: 1 [1000/5627 (18%)]	Loss: 1.392905
Train Epoch: 1 [1200/5627 (21%)]	Loss: 1.575673
Train Epoch: 1 [1400/5627 (25%)]	Loss: 1.560050
Train Epoch: 1 [1600/5627 (28%)]	Loss: 1.509593
Train Epoch: 1 [1800/5627 (32%)]	Loss: 1.459503
Train Epoch: 1 [2000/5627 (35%)]	Loss: 1.074505
Train Epoch: 1 [2200/5627 (39%)]	Loss: 1.580345
Train Epoch: 1 [2400/5627 (43%)]	Loss: 1.454605
Train Epoch: 1 [2600/5627 (46%)]	Loss: 1.403770
Train Epoch: 1 [2800/5627 (50%)]	Loss: 1.651032
Train Epoch: 1 [3000/5627 (53%)]	Loss: 1.522021
Train Epoch: 1 [3200/5627 (57%)]	Loss: 1.269017
Train Epoch: 1 [3400/5627 (60%)]	Loss: 1.159144
Train Epoch: 1 [3600/5627 (64%)]	Loss: 1.420324
Train Epoch: 1 [3800/5627 (67%)]	Loss: 1.380038
Train Epoch: 1 [4000/5627 (71%)]	Loss: 0.970803
Train Epoch: 1 [4200/5627 (74%)]	Loss: 1.203484
Train Epoch: 1 [4400/5627 (78%)]	Loss: 1.274117
Train Epoch: 1 [4600/5627 (82%)]	Loss: 1.397275
Train Epoch: 1 [4800/5627 (85%)]	Loss: 0.999376
Train Epoch: 1 [5000/5627 (89%)]	Loss: 0.890841
Train Epoch: 1 [5200/5627 (92%)]	Loss: 1.059905
Train Epoch: 1 [5400/5627 (96%)]	Loss: 1.237924
Train Epoch: 1 [5600/5627 (99%)]	Loss: 1.055026
Test set: Average loss: 1.7444, Accuracy: 258/1406 (18%)
Train Epoch: 2 [0/5627 (0%)]	Loss: 0.987045
Train Epoch: 2 [200/5627 (4%)]	Loss: 1.437217
Train Epoch: 2 [400/5627 (7%)]	Loss: 1.132504
Train Epoch: 2 [600/5627 (11%)]	Loss: 0.678695
Train Epoch: 2 [800/5627 (14%)]	Loss: 1.215019
Train Epoch: 2 [1000/5627 (18%)]	Loss: 1.047198
Train Epoch: 2 [1200/5627 (21%)]	Loss: 1.286989
Train Epoch: 2 [1400/5627 (25%)]	Loss: 0.766559
Train Epoch: 2 [1600/5627 (28%)]	Loss: 0.650267
Train Epoch: 2 [1800/5627 (32%)]	Loss: 1.043951
Train Epoch: 2 [2000/5627 (35%)]	Loss: 0.465238
Train Epoch: 2 [2200/5627 (39%)]	Loss: 0.623202
Train Epoch: 2 [2400/5627 (43%)]	Loss: 0.836483
Train Epoch: 2 [2600/5627 (46%)]	Loss: 0.675516
Train Epoch: 2 [2800/5627 (50%)]	Loss: 0.529628
Train Epoch: 2 [3000/5627 (53%)]	Loss: 0.972673
Train Epoch: 2 [3200/5627 (57%)]	Loss: 0.468648
Train Epoch: 2 [3400/5627 (60%)]	Loss: 0.617362
Train Epoch: 2 [3600/5627 (64%)]	Loss: 0.757231
Train Epoch: 2 [3800/5627 (67%)]	Loss: 0.499778
Train Epoch: 2 [4000/5627 (71%)]	Loss: 0.924341
Train Epoch: 2 [4200/5627 (74%)]	Loss: 0.913200
Train Epoch: 2 [4400/5627 (78%)]	Loss: 1.077531
Train Epoch: 2 [4600/5627 (82%)]	Loss: 0.841820
Train Epoch: 2 [4800/5627 (85%)]	Loss: 0.563278
Train Epoch: 2 [5000/5627 (89%)]	Loss: 0.355574
Train Epoch: 2 [5200/5627 (92%)]	Loss: 0.774856
Train Epoch: 2 [5400/5627 (96%)]	Loss: 0.652168
Train Epoch: 2 [5600/5627 (99%)]	Loss: 0.797207
Test set: Average loss: 1.7923, Accuracy: 362/1406 (25%)
Train Epoch: 3 [0/5627 (0%)]	Loss: 0.914368
Train Epoch: 3 [200/5627 (4%)]	Loss: 0.515812
Train Epoch: 3 [400/5627 (7%)]	Loss: 0.771897
Train Epoch: 3 [600/5627 (11%)]	Loss: 0.312013
Train Epoch: 3 [800/5627 (14%)]	Loss: 0.626945
Train Epoch: 3 [1000/5627 (18%)]	Loss: 0.354288
Train Epoch: 3 [1200/5627 (21%)]	Loss: 0.562270
Train Epoch: 3 [1400/5627 (25%)]	Loss: 0.661947
Train Epoch: 3 [1600/5627 (28%)]	Loss: 0.360357
Train Epoch: 3 [1800/5627 (32%)]	Loss: 0.852617
Train Epoch: 3 [2000/5627 (35%)]	Loss: 0.420330
Train Epoch: 3 [2200/5627 (39%)]	Loss: 0.346986
Train Epoch: 3 [2400/5627 (43%)]	Loss: 0.487692
Train Epoch: 3 [2600/5627 (46%)]	Loss: 0.480113
Train Epoch: 3 [2800/5627 (50%)]	Loss: 0.732065
Train Epoch: 3 [3000/5627 (53%)]	Loss: 0.488927
Train Epoch: 3 [3200/5627 (57%)]	Loss: 0.783515
Train Epoch: 3 [3400/5627 (60%)]	Loss: 0.123101
Train Epoch: 3 [3600/5627 (64%)]	Loss: 0.522329
Train Epoch: 3 [3800/5627 (67%)]	Loss: 0.534677
Train Epoch: 3 [4000/5627 (71%)]	Loss: 0.642246
Train Epoch: 3 [4200/5627 (74%)]	Loss: 0.317335
Train Epoch: 3 [4400/5627 (78%)]	Loss: 0.604291
Train Epoch: 3 [4600/5627 (82%)]	Loss: 0.419624
Train Epoch: 3 [4800/5627 (85%)]	Loss: 0.456612
Train Epoch: 3 [5000/5627 (89%)]	Loss: 0.619245
Train Epoch: 3 [5200/5627 (92%)]	Loss: 0.589866
Train Epoch: 3 [5400/5627 (96%)]	Loss: 0.436847
Train Epoch: 3 [5600/5627 (99%)]	Loss: 0.286998
Test set: Average loss: 2.6121, Accuracy: 205/1406 (14%)
Train Epoch: 4 [0/5627 (0%)]	Loss: 0.376499
Train Epoch: 4 [200/5627 (4%)]	Loss: 0.263392
Train Epoch: 4 [400/5627 (7%)]	Loss: 0.347807
Train Epoch: 4 [600/5627 (11%)]	Loss: 0.143940
Train Epoch: 4 [800/5627 (14%)]	Loss: 0.130636
Train Epoch: 4 [1000/5627 (18%)]	Loss: 0.260580
Train Epoch: 4 [1200/5627 (21%)]	Loss: 0.392151
Train Epoch: 4 [1400/5627 (25%)]	Loss: 0.345669
Train Epoch: 4 [1600/5627 (28%)]	Loss: 0.117280
Train Epoch: 4 [1800/5627 (32%)]	Loss: 0.134982
Train Epoch: 4 [2000/5627 (35%)]	Loss: 0.089603
Train Epoch: 4 [2200/5627 (39%)]	Loss: 0.640785
Train Epoch: 4 [2400/5627 (43%)]	Loss: 0.449300
Train Epoch: 4 [2600/5627 (46%)]	Loss: 0.143086
Train Epoch: 4 [2800/5627 (50%)]	Loss: 0.121395
Train Epoch: 4 [3000/5627 (53%)]	Loss: 0.170431
Train Epoch: 4 [3200/5627 (57%)]	Loss: 0.897497
Train Epoch: 4 [3400/5627 (60%)]	Loss: 0.347114
Train Epoch: 4 [3600/5627 (64%)]	Loss: 0.418077
Train Epoch: 4 [3800/5627 (67%)]	Loss: 0.166656
Train Epoch: 4 [4000/5627 (71%)]	Loss: 0.586082
Train Epoch: 4 [4200/5627 (74%)]	Loss: 0.316834
Train Epoch: 4 [4400/5627 (78%)]	Loss: 0.233144
Train Epoch: 4 [4600/5627 (82%)]	Loss: 0.194015
Train Epoch: 4 [4800/5627 (85%)]	Loss: 0.178605
Train Epoch: 4 [5000/5627 (89%)]	Loss: 0.104862
Train Epoch: 4 [5200/5627 (92%)]	Loss: 0.526866
Train Epoch: 4 [5400/5627 (96%)]	Loss: 0.323561
Train Epoch: 4 [5600/5627 (99%)]	Loss: 0.334950
Test set: Average loss: 2.0184, Accuracy: 202/1406 (14%)
Train Epoch: 5 [0/5627 (0%)]	Loss: 0.250696
Train Epoch: 5 [200/5627 (4%)]	Loss: 0.213351
Train Epoch: 5 [400/5627 (7%)]	Loss: 0.096185
Train Epoch: 5 [600/5627 (11%)]	Loss: 0.024981
Train Epoch: 5 [800/5627 (14%)]	Loss: 0.165826
Train Epoch: 5 [1000/5627 (18%)]	Loss: 0.137241
Train Epoch: 5 [1200/5627 (21%)]	Loss: 0.064826
Train Epoch: 5 [1400/5627 (25%)]	Loss: 0.302391
Train Epoch: 5 [1600/5627 (28%)]	Loss: 0.115898
Train Epoch: 5 [1800/5627 (32%)]	Loss: 0.048503
Train Epoch: 5 [2000/5627 (35%)]	Loss: 0.036691
Train Epoch: 5 [2200/5627 (39%)]	Loss: 0.255445
Train Epoch: 5 [2400/5627 (43%)]	Loss: 0.095983
Train Epoch: 5 [2600/5627 (46%)]	Loss: 0.186019
Train Epoch: 5 [2800/5627 (50%)]	Loss: 0.143871
Train Epoch: 5 [3000/5627 (53%)]	Loss: 0.016657
Train Epoch: 5 [3200/5627 (57%)]	Loss: 0.249675
Train Epoch: 5 [3400/5627 (60%)]	Loss: 0.197943
Train Epoch: 5 [3600/5627 (64%)]	Loss: 0.343321
Train Epoch: 5 [3800/5627 (67%)]	Loss: 0.090616
Train Epoch: 5 [4000/5627 (71%)]	Loss: 0.088904
Train Epoch: 5 [4200/5627 (74%)]	Loss: 0.187527
Train Epoch: 5 [4400/5627 (78%)]	Loss: 0.028698
Train Epoch: 5 [4600/5627 (82%)]	Loss: 0.290124
Train Epoch: 5 [4800/5627 (85%)]	Loss: 0.449745
Train Epoch: 5 [5000/5627 (89%)]	Loss: 0.183477
Train Epoch: 5 [5200/5627 (92%)]	Loss: 0.361861
Train Epoch: 5 [5400/5627 (96%)]	Loss: 0.139984
Train Epoch: 5 [5600/5627 (99%)]	Loss: 0.176124
Test set: Average loss: 2.1400, Accuracy: 219/1406 (15%)
Train Epoch: 6 [0/5627 (0%)]	Loss: 0.141679
Train Epoch: 6 [200/5627 (4%)]	Loss: 0.071033
Train Epoch: 6 [400/5627 (7%)]	Loss: 0.090848
Train Epoch: 6 [600/5627 (11%)]	Loss: 0.138906
Train Epoch: 6 [800/5627 (14%)]	Loss: 0.020045
Train Epoch: 6 [1000/5627 (18%)]	Loss: 0.033513
Train Epoch: 6 [1200/5627 (21%)]	Loss: 0.111482
Train Epoch: 6 [1400/5627 (25%)]	Loss: 0.235942
Train Epoch: 6 [1600/5627 (28%)]	Loss: 0.202147
Train Epoch: 6 [1800/5627 (32%)]	Loss: 0.151145
Train Epoch: 6 [2000/5627 (35%)]	Loss: 0.112695
Train Epoch: 6 [2200/5627 (39%)]	Loss: 0.014521
Train Epoch: 6 [2400/5627 (43%)]	Loss: 0.118471
Train Epoch: 6 [2600/5627 (46%)]	Loss: 0.035101
Train Epoch: 6 [2800/5627 (50%)]	Loss: 0.046103
Train Epoch: 6 [3000/5627 (53%)]	Loss: 0.019136
Train Epoch: 6 [3200/5627 (57%)]	Loss: 0.098133
Train Epoch: 6 [3400/5627 (60%)]	Loss: 0.024104
Train Epoch: 6 [3600/5627 (64%)]	Loss: 0.064925
Train Epoch: 6 [3800/5627 (67%)]	Loss: 0.077370
Train Epoch: 6 [4000/5627 (71%)]	Loss: 0.176767
Train Epoch: 6 [4200/5627 (74%)]	Loss: 0.022965
Train Epoch: 6 [4400/5627 (78%)]	Loss: 0.031328
Train Epoch: 6 [4600/5627 (82%)]	Loss: 0.030404
Train Epoch: 6 [4800/5627 (85%)]	Loss: 0.001987
Train Epoch: 6 [5000/5627 (89%)]	Loss: 0.174841
Train Epoch: 6 [5200/5627 (92%)]	Loss: 0.495488
Train Epoch: 6 [5400/5627 (96%)]	Loss: 0.106917
Train Epoch: 6 [5600/5627 (99%)]	Loss: 0.121976
Test set: Average loss: 1.9844, Accuracy: 212/1406 (15%)
Train Epoch: 7 [0/5627 (0%)]	Loss: 0.124595
Train Epoch: 7 [200/5627 (4%)]	Loss: 0.034812
Train Epoch: 7 [400/5627 (7%)]	Loss: 0.130759
Train Epoch: 7 [600/5627 (11%)]	Loss: 0.012966
Train Epoch: 7 [800/5627 (14%)]	Loss: 0.043383
Train Epoch: 7 [1000/5627 (18%)]	Loss: 0.098630
Train Epoch: 7 [1200/5627 (21%)]	Loss: 0.004495
Train Epoch: 7 [1400/5627 (25%)]	Loss: 0.155728
Train Epoch: 7 [1600/5627 (28%)]	Loss: 0.019799
Train Epoch: 7 [1800/5627 (32%)]	Loss: 0.064869
Train Epoch: 7 [2000/5627 (35%)]	Loss: 0.098882
Train Epoch: 7 [2200/5627 (39%)]	Loss: 0.089798
Train Epoch: 7 [2400/5627 (43%)]	Loss: 0.003541
Train Epoch: 7 [2600/5627 (46%)]	Loss: 0.020696
Train Epoch: 7 [2800/5627 (50%)]	Loss: 0.003936
Train Epoch: 7 [3000/5627 (53%)]	Loss: 0.003697
Train Epoch: 7 [3200/5627 (57%)]	Loss: 0.002419
Train Epoch: 7 [3400/5627 (60%)]	Loss: 0.038041
Train Epoch: 7 [3600/5627 (64%)]	Loss: 0.019550
Train Epoch: 7 [3800/5627 (67%)]	Loss: 0.069056
Train Epoch: 7 [4000/5627 (71%)]	Loss: 0.217337
Train Epoch: 7 [4200/5627 (74%)]	Loss: 0.123433
Train Epoch: 7 [4400/5627 (78%)]	Loss: 0.111246
Train Epoch: 7 [4600/5627 (82%)]	Loss: 0.086782
Train Epoch: 7 [4800/5627 (85%)]	Loss: 0.183433
Train Epoch: 7 [5000/5627 (89%)]	Loss: 0.056272
Train Epoch: 7 [5200/5627 (92%)]	Loss: 0.015358
Train Epoch: 7 [5400/5627 (96%)]	Loss: 0.183848
Train Epoch: 7 [5600/5627 (99%)]	Loss: 0.114166
Test set: Average loss: 1.5453, Accuracy: 477/1406 (33%)
Train Epoch: 8 [0/5627 (0%)]	Loss: 0.133653
Train Epoch: 8 [200/5627 (4%)]	Loss: 0.004822
Train Epoch: 8 [400/5627 (7%)]	Loss: 0.095587
Train Epoch: 8 [600/5627 (11%)]	Loss: 0.003792
Train Epoch: 8 [800/5627 (14%)]	Loss: 0.002699
Train Epoch: 8 [1000/5627 (18%)]	Loss: 0.128523
Train Epoch: 8 [1200/5627 (21%)]	Loss: 0.130012
Train Epoch: 8 [1400/5627 (25%)]	Loss: 0.011123
Train Epoch: 8 [1600/5627 (28%)]	Loss: 0.028320
Train Epoch: 8 [1800/5627 (32%)]	Loss: 0.046675
Train Epoch: 8 [2000/5627 (35%)]	Loss: 0.030850
Train Epoch: 8 [2200/5627 (39%)]	Loss: 0.026353
Train Epoch: 8 [2400/5627 (43%)]	Loss: 0.005247
Train Epoch: 8 [2600/5627 (46%)]	Loss: 0.003605
Train Epoch: 8 [2800/5627 (50%)]	Loss: 0.070652
Train Epoch: 8 [3000/5627 (53%)]	Loss: 0.073032
Train Epoch: 8 [3200/5627 (57%)]	Loss: 0.049081
Train Epoch: 8 [3400/5627 (60%)]	Loss: 0.039423
Train Epoch: 8 [3600/5627 (64%)]	Loss: 0.313082
Train Epoch: 8 [3800/5627 (67%)]	Loss: 0.001135
Train Epoch: 8 [4000/5627 (71%)]	Loss: 0.011442
Train Epoch: 8 [4200/5627 (74%)]	Loss: 0.230966
Train Epoch: 8 [4400/5627 (78%)]	Loss: 0.151324
Train Epoch: 8 [4600/5627 (82%)]	Loss: 0.046549
Train Epoch: 8 [4800/5627 (85%)]	Loss: 0.044640
Train Epoch: 8 [5000/5627 (89%)]	Loss: 0.626447
Train Epoch: 8 [5200/5627 (92%)]	Loss: 0.074567
Train Epoch: 8 [5400/5627 (96%)]	Loss: 0.235048
Train Epoch: 8 [5600/5627 (99%)]	Loss: 0.099278
Test set: Average loss: 1.6115, Accuracy: 706/1406 (50%)
Train Epoch: 9 [0/5627 (0%)]	Loss: 0.038209
Train Epoch: 9 [200/5627 (4%)]	Loss: 0.064543
Train Epoch: 9 [400/5627 (7%)]	Loss: 0.037198
Train Epoch: 9 [600/5627 (11%)]	Loss: 0.002192
Train Epoch: 9 [800/5627 (14%)]	Loss: 0.013531
Train Epoch: 9 [1000/5627 (18%)]	Loss: 0.076837
Train Epoch: 9 [1200/5627 (21%)]	Loss: 0.152304
Train Epoch: 9 [1400/5627 (25%)]	Loss: 0.050457
Train Epoch: 9 [1600/5627 (28%)]	Loss: 0.034474
Train Epoch: 9 [1800/5627 (32%)]	Loss: 0.036065
Train Epoch: 9 [2000/5627 (35%)]	Loss: 0.001025
Train Epoch: 9 [2200/5627 (39%)]	Loss: 0.004937
Train Epoch: 9 [2400/5627 (43%)]	Loss: 0.127350
Train Epoch: 9 [2600/5627 (46%)]	Loss: 0.046029
Train Epoch: 9 [2800/5627 (50%)]	Loss: 0.019818
Train Epoch: 9 [3000/5627 (53%)]	Loss: 0.050371
Train Epoch: 9 [3200/5627 (57%)]	Loss: 0.001902
Train Epoch: 9 [3400/5627 (60%)]	Loss: 0.004539
Train Epoch: 9 [3600/5627 (64%)]	Loss: 0.012623
Train Epoch: 9 [3800/5627 (67%)]	Loss: 0.010179
Train Epoch: 9 [4000/5627 (71%)]	Loss: 0.003189
Train Epoch: 9 [4200/5627 (74%)]	Loss: 0.063319
Train Epoch: 9 [4400/5627 (78%)]	Loss: 0.133293
Train Epoch: 9 [4600/5627 (82%)]	Loss: 0.041039
Train Epoch: 9 [4800/5627 (85%)]	Loss: 0.022728
Train Epoch: 9 [5000/5627 (89%)]	Loss: 0.029339
Train Epoch: 9 [5200/5627 (92%)]	Loss: 0.017378
Train Epoch: 9 [5400/5627 (96%)]	Loss: 0.001457
Train Epoch: 9 [5600/5627 (99%)]	Loss: 0.021551
Test set: Average loss: 3.5204, Accuracy: 512/1406 (36%)
Train Epoch: 10 [0/5627 (0%)]	Loss: 0.110922
Train Epoch: 10 [200/5627 (4%)]	Loss: 0.090144
Train Epoch: 10 [400/5627 (7%)]	Loss: 0.045504
Train Epoch: 10 [600/5627 (11%)]	Loss: 0.042164
Train Epoch: 10 [800/5627 (14%)]	Loss: 0.006796
Train Epoch: 10 [1000/5627 (18%)]	Loss: 0.114091
Train Epoch: 10 [1200/5627 (21%)]	Loss: 0.000997
Train Epoch: 10 [1400/5627 (25%)]	Loss: 0.001527
Train Epoch: 10 [1600/5627 (28%)]	Loss: 0.005786
Train Epoch: 10 [1800/5627 (32%)]	Loss: 0.013554
Train Epoch: 10 [2000/5627 (35%)]	Loss: 0.000802
Train Epoch: 10 [2200/5627 (39%)]	Loss: 0.152687
Train Epoch: 10 [2400/5627 (43%)]	Loss: 0.007274
Train Epoch: 10 [2600/5627 (46%)]	Loss: 0.009525
Train Epoch: 10 [2800/5627 (50%)]	Loss: 0.001124
Train Epoch: 10 [3000/5627 (53%)]	Loss: 0.022801
Train Epoch: 10 [3200/5627 (57%)]	Loss: 0.085592
Train Epoch: 10 [3400/5627 (60%)]	Loss: 0.013082
Train Epoch: 10 [3600/5627 (64%)]	Loss: 0.004412
Train Epoch: 10 [3800/5627 (67%)]	Loss: 0.246568
Train Epoch: 10 [4000/5627 (71%)]	Loss: 0.031709
Train Epoch: 10 [4200/5627 (74%)]	Loss: 0.015605
Train Epoch: 10 [4400/5627 (78%)]	Loss: 0.033427
Train Epoch: 10 [4600/5627 (82%)]	Loss: 0.010117
Train Epoch: 10 [4800/5627 (85%)]	Loss: 0.090942
Train Epoch: 10 [5000/5627 (89%)]	Loss: 0.062513
Train Epoch: 10 [5200/5627 (92%)]	Loss: 0.022938
Train Epoch: 10 [5400/5627 (96%)]	Loss: 0.000772
Train Epoch: 10 [5600/5627 (99%)]	Loss: 0.016325
Test set: Average loss: 3.5595, Accuracy: 249/1406 (17%)
Train Epoch: 11 [0/5627 (0%)]	Loss: 0.001658
Train Epoch: 11 [200/5627 (4%)]	Loss: 0.314607
Train Epoch: 11 [400/5627 (7%)]	Loss: 0.046405
Train Epoch: 11 [600/5627 (11%)]	Loss: 0.016818
Train Epoch: 11 [800/5627 (14%)]	Loss: 0.019126
Train Epoch: 11 [1000/5627 (18%)]	Loss: 0.042984
Train Epoch: 11 [1200/5627 (21%)]	Loss: 0.019119
Train Epoch: 11 [1400/5627 (25%)]	Loss: 0.042792
Train Epoch: 11 [1600/5627 (28%)]	Loss: 0.019454
Train Epoch: 11 [1800/5627 (32%)]	Loss: 0.000610
Train Epoch: 11 [2000/5627 (35%)]	Loss: 0.003766
Train Epoch: 11 [2200/5627 (39%)]	Loss: 0.079178
Train Epoch: 11 [2400/5627 (43%)]	Loss: 0.002425
Train Epoch: 11 [2600/5627 (46%)]	Loss: 0.002262
Train Epoch: 11 [2800/5627 (50%)]	Loss: 0.074785
Train Epoch: 11 [3000/5627 (53%)]	Loss: 0.075905
Train Epoch: 11 [3200/5627 (57%)]	Loss: 0.399160
Train Epoch: 11 [3400/5627 (60%)]	Loss: 0.002758
Train Epoch: 11 [3600/5627 (64%)]	Loss: 0.004471
Train Epoch: 11 [3800/5627 (67%)]	Loss: 0.008953
Train Epoch: 11 [4000/5627 (71%)]	Loss: 0.008056
Train Epoch: 11 [4200/5627 (74%)]	Loss: 0.002209
Train Epoch: 11 [4400/5627 (78%)]	Loss: 0.026046
Train Epoch: 11 [4600/5627 (82%)]	Loss: 0.046728
Train Epoch: 11 [4800/5627 (85%)]	Loss: 0.030610
Train Epoch: 11 [5000/5627 (89%)]	Loss: 0.011960
Train Epoch: 11 [5200/5627 (92%)]	Loss: 0.030970
Train Epoch: 11 [5400/5627 (96%)]	Loss: 0.037254
Train Epoch: 11 [5600/5627 (99%)]	Loss: 0.066946
Test set: Average loss: 2.4445, Accuracy: 202/1406 (14%)
Train Epoch: 12 [0/5627 (0%)]	Loss: 0.003822
Train Epoch: 12 [200/5627 (4%)]	Loss: 0.059267
Train Epoch: 12 [400/5627 (7%)]	Loss: 0.008574
Train Epoch: 12 [600/5627 (11%)]	Loss: 0.004087
Train Epoch: 12 [800/5627 (14%)]	Loss: 0.003750
Train Epoch: 12 [1000/5627 (18%)]	Loss: 0.109274
Train Epoch: 12 [1200/5627 (21%)]	Loss: 0.016529
Train Epoch: 12 [1400/5627 (25%)]	Loss: 0.011797
Train Epoch: 12 [1600/5627 (28%)]	Loss: 0.073918
Train Epoch: 12 [1800/5627 (32%)]	Loss: 0.034257
Train Epoch: 12 [2000/5627 (35%)]	Loss: 0.016819
Train Epoch: 12 [2200/5627 (39%)]	Loss: 0.031647
Train Epoch: 12 [2400/5627 (43%)]	Loss: 0.038055
Train Epoch: 12 [2600/5627 (46%)]	Loss: 0.002144
Train Epoch: 12 [2800/5627 (50%)]	Loss: 0.010727
Train Epoch: 12 [3000/5627 (53%)]	Loss: 0.000311
Train Epoch: 12 [3200/5627 (57%)]	Loss: 0.060353
Train Epoch: 12 [3400/5627 (60%)]	Loss: 0.068680
Train Epoch: 12 [3600/5627 (64%)]	Loss: 0.014836
Train Epoch: 12 [3800/5627 (67%)]	Loss: 0.009295
Train Epoch: 12 [4000/5627 (71%)]	Loss: 0.139794
Train Epoch: 12 [4200/5627 (74%)]	Loss: 0.004920
Train Epoch: 12 [4400/5627 (78%)]	Loss: 0.018406
Train Epoch: 12 [4600/5627 (82%)]	Loss: 0.004805
Train Epoch: 12 [4800/5627 (85%)]	Loss: 0.003033
Train Epoch: 12 [5000/5627 (89%)]	Loss: 0.000371
Train Epoch: 12 [5200/5627 (92%)]	Loss: 0.000355
Train Epoch: 12 [5400/5627 (96%)]	Loss: 0.001849
Train Epoch: 12 [5600/5627 (99%)]	Loss: 0.076801
Test set: Average loss: 2.1150, Accuracy: 791/1406 (56%)
Train Epoch: 13 [0/5627 (0%)]	Loss: 0.000109
Train Epoch: 13 [200/5627 (4%)]	Loss: 0.003414
Train Epoch: 13 [400/5627 (7%)]	Loss: 0.001921
Train Epoch: 13 [600/5627 (11%)]	Loss: 0.001100
Train Epoch: 13 [800/5627 (14%)]	Loss: 0.001262
Train Epoch: 13 [1000/5627 (18%)]	Loss: 0.152833
Train Epoch: 13 [1200/5627 (21%)]	Loss: 0.001971
Train Epoch: 13 [1400/5627 (25%)]	Loss: 0.002517
Train Epoch: 13 [1600/5627 (28%)]	Loss: 0.003422
Train Epoch: 13 [1800/5627 (32%)]	Loss: 0.007519
Train Epoch: 13 [2000/5627 (35%)]	Loss: 0.000354
Train Epoch: 13 [2200/5627 (39%)]	Loss: 0.042965
Train Epoch: 13 [2400/5627 (43%)]	Loss: 0.002232
Train Epoch: 13 [2600/5627 (46%)]	Loss: 0.060478
Train Epoch: 13 [2800/5627 (50%)]	Loss: 0.000743
Train Epoch: 13 [3000/5627 (53%)]	Loss: 0.015347
Train Epoch: 13 [3200/5627 (57%)]	Loss: 0.021937
Train Epoch: 13 [3400/5627 (60%)]	Loss: 0.123219
Train Epoch: 13 [3600/5627 (64%)]	Loss: 0.035835
Train Epoch: 13 [3800/5627 (67%)]	Loss: 0.003688
Train Epoch: 13 [4000/5627 (71%)]	Loss: 0.002505
Train Epoch: 13 [4200/5627 (74%)]	Loss: 0.006394
Train Epoch: 13 [4400/5627 (78%)]	Loss: 0.001287
Train Epoch: 13 [4600/5627 (82%)]	Loss: 0.003698
Train Epoch: 13 [4800/5627 (85%)]	Loss: 0.005758
Train Epoch: 13 [5000/5627 (89%)]	Loss: 0.051263
Train Epoch: 13 [5200/5627 (92%)]	Loss: 0.001882
Train Epoch: 13 [5400/5627 (96%)]	Loss: 0.060997
Train Epoch: 13 [5600/5627 (99%)]	Loss: 0.164109
Test set: Average loss: 1.5567, Accuracy: 908/1406 (64%)
Train Epoch: 14 [0/5627 (0%)]	Loss: 0.006226
Train Epoch: 14 [200/5627 (4%)]	Loss: 0.008604
Train Epoch: 14 [400/5627 (7%)]	Loss: 0.009381
Train Epoch: 14 [600/5627 (11%)]	Loss: 0.310472
Train Epoch: 14 [800/5627 (14%)]	Loss: 0.009872
Train Epoch: 14 [1000/5627 (18%)]	Loss: 0.052341
Train Epoch: 14 [1200/5627 (21%)]	Loss: 0.004659
Train Epoch: 14 [1400/5627 (25%)]	Loss: 0.005744
Train Epoch: 14 [1600/5627 (28%)]	Loss: 0.042802
Train Epoch: 14 [1800/5627 (32%)]	Loss: 0.001129
Train Epoch: 14 [2000/5627 (35%)]	Loss: 0.000886
Train Epoch: 14 [2200/5627 (39%)]	Loss: 0.036102
Train Epoch: 14 [2400/5627 (43%)]	Loss: 0.010580
Train Epoch: 14 [2600/5627 (46%)]	Loss: 0.008634
Train Epoch: 14 [2800/5627 (50%)]	Loss: 0.188585
Train Epoch: 14 [3000/5627 (53%)]	Loss: 0.013506
Train Epoch: 14 [3200/5627 (57%)]	Loss: 0.002042
Train Epoch: 14 [3400/5627 (60%)]	Loss: 0.000759
Train Epoch: 14 [3600/5627 (64%)]	Loss: 0.123322
Train Epoch: 14 [3800/5627 (67%)]	Loss: 0.002620
Train Epoch: 14 [4000/5627 (71%)]	Loss: 0.003625
Train Epoch: 14 [4200/5627 (74%)]	Loss: 0.110475
Train Epoch: 14 [4400/5627 (78%)]	Loss: 0.018143
Train Epoch: 14 [4600/5627 (82%)]	Loss: 0.023178
Train Epoch: 14 [4800/5627 (85%)]	Loss: 0.022356
Train Epoch: 14 [5000/5627 (89%)]	Loss: 0.000184
Train Epoch: 14 [5200/5627 (92%)]	Loss: 0.001125
Train Epoch: 14 [5400/5627 (96%)]	Loss: 0.000942
Train Epoch: 14 [5600/5627 (99%)]	Loss: 0.183613
Test set: Average loss: 1.6791, Accuracy: 348/1406 (24%)
Train Epoch: 15 [0/5627 (0%)]	Loss: 0.002809
Train Epoch: 15 [200/5627 (4%)]	Loss: 0.005168
Train Epoch: 15 [400/5627 (7%)]	Loss: 0.013425
Train Epoch: 15 [600/5627 (11%)]	Loss: 0.009492
Train Epoch: 15 [800/5627 (14%)]	Loss: 0.005187
Train Epoch: 15 [1000/5627 (18%)]	Loss: 0.002280
Train Epoch: 15 [1200/5627 (21%)]	Loss: 0.003858
Train Epoch: 15 [1400/5627 (25%)]	Loss: 0.041254
Train Epoch: 15 [1600/5627 (28%)]	Loss: 0.000502
Train Epoch: 15 [1800/5627 (32%)]	Loss: 0.042384
Train Epoch: 15 [2000/5627 (35%)]	Loss: 0.002385
Train Epoch: 15 [2200/5627 (39%)]	Loss: 0.106644
Train Epoch: 15 [2400/5627 (43%)]	Loss: 0.015277
Train Epoch: 15 [2600/5627 (46%)]	Loss: 0.000364
Train Epoch: 15 [2800/5627 (50%)]	Loss: 0.129089
Train Epoch: 15 [3000/5627 (53%)]	Loss: 0.027922
Train Epoch: 15 [3200/5627 (57%)]	Loss: 0.116199
Train Epoch: 15 [3400/5627 (60%)]	Loss: 0.010068
Train Epoch: 15 [3600/5627 (64%)]	Loss: 0.000209
Train Epoch: 15 [3800/5627 (67%)]	Loss: 0.000527
Train Epoch: 15 [4000/5627 (71%)]	Loss: 0.003878
Train Epoch: 15 [4200/5627 (74%)]	Loss: 0.147277
Train Epoch: 15 [4400/5627 (78%)]	Loss: 0.251762
Train Epoch: 15 [4600/5627 (82%)]	Loss: 0.051259
Train Epoch: 15 [4800/5627 (85%)]	Loss: 0.006104
Train Epoch: 15 [5000/5627 (89%)]	Loss: 0.002107
Train Epoch: 15 [5200/5627 (92%)]	Loss: 0.006941
Train Epoch: 15 [5400/5627 (96%)]	Loss: 0.004648
Train Epoch: 15 [5600/5627 (99%)]	Loss: 0.010629
Test set: Average loss: 1.6735, Accuracy: 844/1406 (60%)
Train Epoch: 16 [0/5627 (0%)]	Loss: 0.008425
Train Epoch: 16 [200/5627 (4%)]	Loss: 0.005078
Train Epoch: 16 [400/5627 (7%)]	Loss: 0.000666
Train Epoch: 16 [600/5627 (11%)]	Loss: 0.001132
Train Epoch: 16 [800/5627 (14%)]	Loss: 0.000079
Train Epoch: 16 [1000/5627 (18%)]	Loss: 0.000614
Train Epoch: 16 [1200/5627 (21%)]	Loss: 0.000826
Train Epoch: 16 [1400/5627 (25%)]	Loss: 0.017160
Train Epoch: 16 [1600/5627 (28%)]	Loss: 0.000330
Train Epoch: 16 [1800/5627 (32%)]	Loss: 0.035884
Train Epoch: 16 [2000/5627 (35%)]	Loss: 0.000963
Train Epoch: 16 [2200/5627 (39%)]	Loss: 0.017232
Train Epoch: 16 [2400/5627 (43%)]	Loss: 0.004251
Train Epoch: 16 [2600/5627 (46%)]	Loss: 0.006712
Train Epoch: 16 [2800/5627 (50%)]	Loss: 0.000101
Train Epoch: 16 [3000/5627 (53%)]	Loss: 0.020088
Train Epoch: 16 [3200/5627 (57%)]	Loss: 0.011509
Train Epoch: 16 [3400/5627 (60%)]	Loss: 0.004291
Train Epoch: 16 [3600/5627 (64%)]	Loss: 0.015037
Train Epoch: 16 [3800/5627 (67%)]	Loss: 0.004519
Train Epoch: 16 [4000/5627 (71%)]	Loss: 0.000160
Train Epoch: 16 [4200/5627 (74%)]	Loss: 0.001303
Train Epoch: 16 [4400/5627 (78%)]	Loss: 0.000999
Train Epoch: 16 [4600/5627 (82%)]	Loss: 0.003085
Train Epoch: 16 [4800/5627 (85%)]	Loss: 0.000872
Train Epoch: 16 [5000/5627 (89%)]	Loss: 0.002085
Train Epoch: 16 [5200/5627 (92%)]	Loss: 0.061727
Train Epoch: 16 [5400/5627 (96%)]	Loss: 0.000193
Train Epoch: 16 [5600/5627 (99%)]	Loss: 0.000041
Test set: Average loss: 2.5846, Accuracy: 202/1406 (14%)
Train Epoch: 17 [0/5627 (0%)]	Loss: 0.000768
Train Epoch: 17 [200/5627 (4%)]	Loss: 0.007017
Train Epoch: 17 [400/5627 (7%)]	Loss: 0.006887
Train Epoch: 17 [600/5627 (11%)]	Loss: 0.013570
Train Epoch: 17 [800/5627 (14%)]	Loss: 0.000268
Train Epoch: 17 [1000/5627 (18%)]	Loss: 0.002493
Train Epoch: 17 [1200/5627 (21%)]	Loss: 0.101851
Train Epoch: 17 [1400/5627 (25%)]	Loss: 0.000212
Train Epoch: 17 [1600/5627 (28%)]	Loss: 0.003672
Train Epoch: 17 [1800/5627 (32%)]	Loss: 0.000228
Train Epoch: 17 [2000/5627 (35%)]	Loss: 0.002884
Train Epoch: 17 [2200/5627 (39%)]	Loss: 0.001989
Train Epoch: 17 [2400/5627 (43%)]	Loss: 0.157803
Train Epoch: 17 [2600/5627 (46%)]	Loss: 0.000233
Train Epoch: 17 [2800/5627 (50%)]	Loss: 0.000317
Train Epoch: 17 [3000/5627 (53%)]	Loss: 0.002223
Train Epoch: 17 [3200/5627 (57%)]	Loss: 0.010959
Train Epoch: 17 [3400/5627 (60%)]	Loss: 0.003752
Train Epoch: 17 [3600/5627 (64%)]	Loss: 0.003180
Train Epoch: 17 [3800/5627 (67%)]	Loss: 0.001646
Train Epoch: 17 [4000/5627 (71%)]	Loss: 0.001039
Train Epoch: 17 [4200/5627 (74%)]	Loss: 0.000112
Train Epoch: 17 [4400/5627 (78%)]	Loss: 0.000557
Train Epoch: 17 [4600/5627 (82%)]	Loss: 0.000989
Train Epoch: 17 [4800/5627 (85%)]	Loss: 0.000165
Train Epoch: 17 [5000/5627 (89%)]	Loss: 0.021926
Train Epoch: 17 [5200/5627 (92%)]	Loss: 0.000243
Train Epoch: 17 [5400/5627 (96%)]	Loss: 0.001131
Train Epoch: 17 [5600/5627 (99%)]	Loss: 0.176917
Test set: Average loss: 2.6273, Accuracy: 334/1406 (23%)
Train Epoch: 18 [0/5627 (0%)]	Loss: 0.027959
Train Epoch: 18 [200/5627 (4%)]	Loss: 0.000227
Train Epoch: 18 [400/5627 (7%)]	Loss: 0.055820
Train Epoch: 18 [600/5627 (11%)]	Loss: 0.000195
Train Epoch: 18 [800/5627 (14%)]	Loss: 0.000056
Train Epoch: 18 [1000/5627 (18%)]	Loss: 0.004787
Train Epoch: 18 [1200/5627 (21%)]	Loss: 0.008863
Train Epoch: 18 [1400/5627 (25%)]	Loss: 0.000105
Train Epoch: 18 [1600/5627 (28%)]	Loss: 0.007158
Train Epoch: 18 [1800/5627 (32%)]	Loss: 0.016924
Train Epoch: 18 [2000/5627 (35%)]	Loss: 0.001079
Train Epoch: 18 [2200/5627 (39%)]	Loss: 0.053973
Train Epoch: 18 [2400/5627 (43%)]	Loss: 0.000057
Train Epoch: 18 [2600/5627 (46%)]	Loss: 0.002324
Train Epoch: 18 [2800/5627 (50%)]	Loss: 0.017041
Train Epoch: 18 [3000/5627 (53%)]	Loss: 0.001332
Train Epoch: 18 [3200/5627 (57%)]	Loss: 0.027407
Train Epoch: 18 [3400/5627 (60%)]	Loss: 0.000905
Train Epoch: 18 [3600/5627 (64%)]	Loss: 0.018756
Train Epoch: 18 [3800/5627 (67%)]	Loss: 0.000966
Train Epoch: 18 [4000/5627 (71%)]	Loss: 0.001712
Train Epoch: 18 [4200/5627 (74%)]	Loss: 0.004211
Train Epoch: 18 [4400/5627 (78%)]	Loss: 0.000212
Train Epoch: 18 [4600/5627 (82%)]	Loss: 0.184852
Train Epoch: 18 [4800/5627 (85%)]	Loss: 0.000476
Train Epoch: 18 [5000/5627 (89%)]	Loss: 0.000092
Train Epoch: 18 [5200/5627 (92%)]	Loss: 0.002093
Train Epoch: 18 [5400/5627 (96%)]	Loss: 0.002239
Train Epoch: 18 [5600/5627 (99%)]	Loss: 0.002427
Test set: Average loss: 1.0353, Accuracy: 1133/1406 (80%)
Train Epoch: 19 [0/5627 (0%)]	Loss: 0.015687
Train Epoch: 19 [200/5627 (4%)]	Loss: 0.001195
Train Epoch: 19 [400/5627 (7%)]	Loss: 0.000243
Train Epoch: 19 [600/5627 (11%)]	Loss: 0.000207
Train Epoch: 19 [800/5627 (14%)]	Loss: 0.000437
Train Epoch: 19 [1000/5627 (18%)]	Loss: 0.000018
Train Epoch: 19 [1200/5627 (21%)]	Loss: 0.000052
Train Epoch: 19 [1400/5627 (25%)]	Loss: 0.000132
Train Epoch: 19 [1600/5627 (28%)]	Loss: 0.000130
Train Epoch: 19 [1800/5627 (32%)]	Loss: 0.004252
Train Epoch: 19 [2000/5627 (35%)]	Loss: 0.000179
Train Epoch: 19 [2200/5627 (39%)]	Loss: 0.001506
Train Epoch: 19 [2400/5627 (43%)]	Loss: 0.000016
Train Epoch: 19 [2600/5627 (46%)]	Loss: 0.000016
Train Epoch: 19 [2800/5627 (50%)]	Loss: 0.000201
Train Epoch: 19 [3000/5627 (53%)]	Loss: 0.019749
Train Epoch: 19 [3200/5627 (57%)]	Loss: 0.001507
Train Epoch: 19 [3400/5627 (60%)]	Loss: 0.000194
Train Epoch: 19 [3600/5627 (64%)]	Loss: 0.000042
Train Epoch: 19 [3800/5627 (67%)]	Loss: 0.000081
Train Epoch: 19 [4000/5627 (71%)]	Loss: 0.000040
Train Epoch: 19 [4200/5627 (74%)]	Loss: 0.000089
Train Epoch: 19 [4400/5627 (78%)]	Loss: 0.000028
Train Epoch: 19 [4600/5627 (82%)]	Loss: 0.000101
Train Epoch: 19 [4800/5627 (85%)]	Loss: 0.000032
Train Epoch: 19 [5000/5627 (89%)]	Loss: 0.000344
Train Epoch: 19 [5200/5627 (92%)]	Loss: 0.001505
Train Epoch: 19 [5400/5627 (96%)]	Loss: 0.000825
Train Epoch: 19 [5600/5627 (99%)]	Loss: 0.000088
Test set: Average loss: 1.6673, Accuracy: 988/1406 (70%)
Train Epoch: 20 [0/5627 (0%)]	Loss: 0.000202
Train Epoch: 20 [200/5627 (4%)]	Loss: 0.006584
Train Epoch: 20 [400/5627 (7%)]	Loss: 0.002195
Train Epoch: 20 [600/5627 (11%)]	Loss: 0.000055
Train Epoch: 20 [800/5627 (14%)]	Loss: 0.001879
Train Epoch: 20 [1000/5627 (18%)]	Loss: 0.000524
Train Epoch: 20 [1200/5627 (21%)]	Loss: 0.000061
Train Epoch: 20 [1400/5627 (25%)]	Loss: 0.029740
Train Epoch: 20 [1600/5627 (28%)]	Loss: 0.001695
Train Epoch: 20 [1800/5627 (32%)]	Loss: 0.029426
Train Epoch: 20 [2000/5627 (35%)]	Loss: 0.001990
Train Epoch: 20 [2200/5627 (39%)]	Loss: 0.076787
Train Epoch: 20 [2400/5627 (43%)]	Loss: 0.006189
Train Epoch: 20 [2600/5627 (46%)]	Loss: 0.000251
Train Epoch: 20 [2800/5627 (50%)]	Loss: 0.006228
Train Epoch: 20 [3000/5627 (53%)]	Loss: 0.000627
Train Epoch: 20 [3200/5627 (57%)]	Loss: 0.091176
Train Epoch: 20 [3400/5627 (60%)]	Loss: 0.002057
Train Epoch: 20 [3600/5627 (64%)]	Loss: 0.053695
Train Epoch: 20 [3800/5627 (67%)]	Loss: 0.002810
Train Epoch: 20 [4000/5627 (71%)]	Loss: 0.030858
Train Epoch: 20 [4200/5627 (74%)]	Loss: 0.001568
Train Epoch: 20 [4400/5627 (78%)]	Loss: 0.001524
Train Epoch: 20 [4600/5627 (82%)]	Loss: 0.000992
Train Epoch: 20 [4800/5627 (85%)]	Loss: 0.000017
Train Epoch: 20 [5000/5627 (89%)]	Loss: 0.026093
Train Epoch: 20 [5200/5627 (92%)]	Loss: 0.000068
Train Epoch: 20 [5400/5627 (96%)]	Loss: 0.000830
Train Epoch: 20 [5600/5627 (99%)]	Loss: 0.001692
Test set: Average loss: 2.6307, Accuracy: 236/1406 (16%)
Train Epoch: 21 [0/5627 (0%)]	Loss: 0.009251
Train Epoch: 21 [200/5627 (4%)]	Loss: 0.001084
Train Epoch: 21 [400/5627 (7%)]	Loss: 0.260989
Train Epoch: 21 [600/5627 (11%)]	Loss: 0.000432
Train Epoch: 21 [800/5627 (14%)]	Loss: 0.001138
Train Epoch: 21 [1000/5627 (18%)]	Loss: 0.000155
Train Epoch: 21 [1200/5627 (21%)]	Loss: 0.047799
Train Epoch: 21 [1400/5627 (25%)]	Loss: 0.032779
Train Epoch: 21 [1600/5627 (28%)]	Loss: 0.000122
Train Epoch: 21 [1800/5627 (32%)]	Loss: 0.075564
Train Epoch: 21 [2000/5627 (35%)]	Loss: 0.000518
Train Epoch: 21 [2200/5627 (39%)]	Loss: 0.010034
Train Epoch: 21 [2400/5627 (43%)]	Loss: 0.002675
Train Epoch: 21 [2600/5627 (46%)]	Loss: 0.002015
Train Epoch: 21 [2800/5627 (50%)]	Loss: 0.011444
Train Epoch: 21 [3000/5627 (53%)]	Loss: 0.015450
Train Epoch: 21 [3200/5627 (57%)]	Loss: 0.004534
Train Epoch: 21 [3400/5627 (60%)]	Loss: 0.064373
Train Epoch: 21 [3600/5627 (64%)]	Loss: 0.007040
Train Epoch: 21 [3800/5627 (67%)]	Loss: 0.005163
Train Epoch: 21 [4000/5627 (71%)]	Loss: 0.001952
Train Epoch: 21 [4200/5627 (74%)]	Loss: 0.028692
Train Epoch: 21 [4400/5627 (78%)]	Loss: 0.030349
Train Epoch: 21 [4600/5627 (82%)]	Loss: 0.002996
Train Epoch: 21 [4800/5627 (85%)]	Loss: 0.000379
Train Epoch: 21 [5000/5627 (89%)]	Loss: 0.008530
Train Epoch: 21 [5200/5627 (92%)]	Loss: 0.002117
Train Epoch: 21 [5400/5627 (96%)]	Loss: 0.006349
Train Epoch: 21 [5600/5627 (99%)]	Loss: 0.000460
Test set: Average loss: 1.8043, Accuracy: 931/1406 (66%)
Train Epoch: 22 [0/5627 (0%)]	Loss: 0.006317
Train Epoch: 22 [200/5627 (4%)]	Loss: 0.004829
Train Epoch: 22 [400/5627 (7%)]	Loss: 0.027902
Train Epoch: 22 [600/5627 (11%)]	Loss: 0.001225
Train Epoch: 22 [800/5627 (14%)]	Loss: 0.003091
Train Epoch: 22 [1000/5627 (18%)]	Loss: 0.024810
Train Epoch: 22 [1200/5627 (21%)]	Loss: 0.000878
Train Epoch: 22 [1400/5627 (25%)]	Loss: 0.023451
Train Epoch: 22 [1600/5627 (28%)]	Loss: 0.001365
Train Epoch: 22 [1800/5627 (32%)]	Loss: 0.000270
Train Epoch: 22 [2000/5627 (35%)]	Loss: 0.002403
Train Epoch: 22 [2200/5627 (39%)]	Loss: 0.000172
Train Epoch: 22 [2400/5627 (43%)]	Loss: 0.013240
Train Epoch: 22 [2600/5627 (46%)]	Loss: 0.026675
Train Epoch: 22 [2800/5627 (50%)]	Loss: 0.000295
Train Epoch: 22 [3000/5627 (53%)]	Loss: 0.006376
Train Epoch: 22 [3200/5627 (57%)]	Loss: 0.007793
Train Epoch: 22 [3400/5627 (60%)]	Loss: 0.006608
Train Epoch: 22 [3600/5627 (64%)]	Loss: 0.003981
Train Epoch: 22 [3800/5627 (67%)]	Loss: 0.018900
Train Epoch: 22 [4000/5627 (71%)]	Loss: 0.000341
Train Epoch: 22 [4200/5627 (74%)]	Loss: 0.017947
Train Epoch: 22 [4400/5627 (78%)]	Loss: 0.011356
Train Epoch: 22 [4600/5627 (82%)]	Loss: 0.087647
Train Epoch: 22 [4800/5627 (85%)]	Loss: 0.007310
Train Epoch: 22 [5000/5627 (89%)]	Loss: 0.005087
Train Epoch: 22 [5200/5627 (92%)]	Loss: 0.000760
Train Epoch: 22 [5400/5627 (96%)]	Loss: 0.000135
Train Epoch: 22 [5600/5627 (99%)]	Loss: 0.000207
Test set: Average loss: 1.4952, Accuracy: 945/1406 (67%)
Train Epoch: 23 [0/5627 (0%)]	Loss: 0.000860
Train Epoch: 23 [200/5627 (4%)]	Loss: 0.000073
Train Epoch: 23 [400/5627 (7%)]	Loss: 0.000395
Train Epoch: 23 [600/5627 (11%)]	Loss: 0.000624
Train Epoch: 23 [800/5627 (14%)]	Loss: 0.053456
Train Epoch: 23 [1000/5627 (18%)]	Loss: 0.053050
Train Epoch: 23 [1200/5627 (21%)]	Loss: 0.001965
Train Epoch: 23 [1400/5627 (25%)]	Loss: 0.000365
Train Epoch: 23 [1600/5627 (28%)]	Loss: 0.001967
Train Epoch: 23 [1800/5627 (32%)]	Loss: 0.000551
Train Epoch: 23 [2000/5627 (35%)]	Loss: 0.003748
Train Epoch: 23 [2200/5627 (39%)]	Loss: 0.001791
Train Epoch: 23 [2400/5627 (43%)]	Loss: 0.001601
Train Epoch: 23 [2600/5627 (46%)]	Loss: 0.001030
Train Epoch: 23 [2800/5627 (50%)]	Loss: 0.000220
Train Epoch: 23 [3000/5627 (53%)]	Loss: 0.050774
Train Epoch: 23 [3200/5627 (57%)]	Loss: 0.000376
Train Epoch: 23 [3400/5627 (60%)]	Loss: 0.070225
Train Epoch: 23 [3600/5627 (64%)]	Loss: 0.009405
Train Epoch: 23 [3800/5627 (67%)]	Loss: 0.012447
Train Epoch: 23 [4000/5627 (71%)]	Loss: 0.002569
Train Epoch: 23 [4200/5627 (74%)]	Loss: 0.011210
Train Epoch: 23 [4400/5627 (78%)]	Loss: 0.019221
Train Epoch: 23 [4600/5627 (82%)]	Loss: 0.000361
Train Epoch: 23 [4800/5627 (85%)]	Loss: 0.011776
Train Epoch: 23 [5000/5627 (89%)]	Loss: 0.000930
Train Epoch: 23 [5200/5627 (92%)]	Loss: 0.000189
Train Epoch: 23 [5400/5627 (96%)]	Loss: 0.000392
Train Epoch: 23 [5600/5627 (99%)]	Loss: 0.009783
Test set: Average loss: 0.9990, Accuracy: 1138/1406 (80%)
Train Epoch: 24 [0/5627 (0%)]	Loss: 0.000745
Train Epoch: 24 [200/5627 (4%)]	Loss: 0.004839
Train Epoch: 24 [400/5627 (7%)]	Loss: 0.002761
Train Epoch: 24 [600/5627 (11%)]	Loss: 0.001496
Train Epoch: 24 [800/5627 (14%)]	Loss: 0.001452
Train Epoch: 24 [1000/5627 (18%)]	Loss: 0.000043
Train Epoch: 24 [1200/5627 (21%)]	Loss: 0.021981
Train Epoch: 24 [1400/5627 (25%)]	Loss: 0.000230
Train Epoch: 24 [1600/5627 (28%)]	Loss: 0.000678
Train Epoch: 24 [1800/5627 (32%)]	Loss: 0.050481
Train Epoch: 24 [2000/5627 (35%)]	Loss: 0.001837
Train Epoch: 24 [2200/5627 (39%)]	Loss: 0.000099
Train Epoch: 24 [2400/5627 (43%)]	Loss: 0.000143
Train Epoch: 24 [2600/5627 (46%)]	Loss: 0.003064
Train Epoch: 24 [2800/5627 (50%)]	Loss: 0.000320
Train Epoch: 24 [3000/5627 (53%)]	Loss: 0.006327
Train Epoch: 24 [3200/5627 (57%)]	Loss: 0.000034
Train Epoch: 24 [3400/5627 (60%)]	Loss: 0.000265
Train Epoch: 24 [3600/5627 (64%)]	Loss: 0.062421
Train Epoch: 24 [3800/5627 (67%)]	Loss: 0.001198
Train Epoch: 24 [4000/5627 (71%)]	Loss: 0.000169
Train Epoch: 24 [4200/5627 (74%)]	Loss: 0.000358
Train Epoch: 24 [4400/5627 (78%)]	Loss: 0.000119
Train Epoch: 24 [4600/5627 (82%)]	Loss: 0.000229
Train Epoch: 24 [4800/5627 (85%)]	Loss: 0.000299
Train Epoch: 24 [5000/5627 (89%)]	Loss: 0.000698
Train Epoch: 24 [5200/5627 (92%)]	Loss: 0.000161
Train Epoch: 24 [5400/5627 (96%)]	Loss: 0.163130
Train Epoch: 24 [5600/5627 (99%)]	Loss: 0.000358
Test set: Average loss: 2.2416, Accuracy: 264/1406 (18%)
Train Epoch: 25 [0/5627 (0%)]	Loss: 0.001261
Train Epoch: 25 [200/5627 (4%)]	Loss: 0.003578
Train Epoch: 25 [400/5627 (7%)]	Loss: 0.000053
Train Epoch: 25 [600/5627 (11%)]	Loss: 0.002355
Train Epoch: 25 [800/5627 (14%)]	Loss: 0.063157
Train Epoch: 25 [1000/5627 (18%)]	Loss: 0.001024
Train Epoch: 25 [1200/5627 (21%)]	Loss: 0.005426
Train Epoch: 25 [1400/5627 (25%)]	Loss: 0.000267
Train Epoch: 25 [1600/5627 (28%)]	Loss: 0.000131
Train Epoch: 25 [1800/5627 (32%)]	Loss: 0.001295
Train Epoch: 25 [2000/5627 (35%)]	Loss: 0.000344
Train Epoch: 25 [2200/5627 (39%)]	Loss: 0.000240
Train Epoch: 25 [2400/5627 (43%)]	Loss: 0.002199
Train Epoch: 25 [2600/5627 (46%)]	Loss: 0.001283
Train Epoch: 25 [2800/5627 (50%)]	Loss: 0.000246
Train Epoch: 25 [3000/5627 (53%)]	Loss: 0.025941
Train Epoch: 25 [3200/5627 (57%)]	Loss: 0.007929
Train Epoch: 25 [3400/5627 (60%)]	Loss: 0.000606
Train Epoch: 25 [3600/5627 (64%)]	Loss: 0.001980
Train Epoch: 25 [3800/5627 (67%)]	Loss: 0.051713
Train Epoch: 25 [4000/5627 (71%)]	Loss: 0.014834
Train Epoch: 25 [4200/5627 (74%)]	Loss: 0.000935
Train Epoch: 25 [4400/5627 (78%)]	Loss: 0.000365
Train Epoch: 25 [4600/5627 (82%)]	Loss: 0.056100
Train Epoch: 25 [4800/5627 (85%)]	Loss: 0.001157
Train Epoch: 25 [5000/5627 (89%)]	Loss: 0.009839
Train Epoch: 25 [5200/5627 (92%)]	Loss: 0.004236
Train Epoch: 25 [5400/5627 (96%)]	Loss: 0.000166
Train Epoch: 25 [5600/5627 (99%)]	Loss: 0.008533
Test set: Average loss: 0.9693, Accuracy: 1118/1406 (79%)
Train Epoch: 26 [0/5627 (0%)]	Loss: 0.004984
Train Epoch: 26 [200/5627 (4%)]	Loss: 0.000083
Train Epoch: 26 [400/5627 (7%)]	Loss: 0.000466
Train Epoch: 26 [600/5627 (11%)]	Loss: 0.000510
Train Epoch: 26 [800/5627 (14%)]	Loss: 0.028892
Train Epoch: 26 [1000/5627 (18%)]	Loss: 0.000502
Train Epoch: 26 [1200/5627 (21%)]	Loss: 0.000354
Train Epoch: 26 [1400/5627 (25%)]	Loss: 0.000664
Train Epoch: 26 [1600/5627 (28%)]	Loss: 0.000953
Train Epoch: 26 [1800/5627 (32%)]	Loss: 0.003836
Train Epoch: 26 [2000/5627 (35%)]	Loss: 0.000350
Train Epoch: 26 [2200/5627 (39%)]	Loss: 0.000283
Train Epoch: 26 [2400/5627 (43%)]	Loss: 0.000745
Train Epoch: 26 [2600/5627 (46%)]	Loss: 0.001366
Train Epoch: 26 [2800/5627 (50%)]	Loss: 0.000066
Train Epoch: 26 [3000/5627 (53%)]	Loss: 0.001665
Train Epoch: 26 [3200/5627 (57%)]	Loss: 0.002902
Train Epoch: 26 [3400/5627 (60%)]	Loss: 0.001106
Train Epoch: 26 [3600/5627 (64%)]	Loss: 0.001908
Train Epoch: 26 [3800/5627 (67%)]	Loss: 0.000443
Train Epoch: 26 [4000/5627 (71%)]	Loss: 0.000217
Train Epoch: 26 [4200/5627 (74%)]	Loss: 0.000119
Train Epoch: 26 [4400/5627 (78%)]	Loss: 0.001453
Train Epoch: 26 [4600/5627 (82%)]	Loss: 0.000047
Train Epoch: 26 [4800/5627 (85%)]	Loss: 0.000237
Train Epoch: 26 [5000/5627 (89%)]	Loss: 0.021238
Train Epoch: 26 [5200/5627 (92%)]	Loss: 0.007829
Train Epoch: 26 [5400/5627 (96%)]	Loss: 0.000070
Train Epoch: 26 [5600/5627 (99%)]	Loss: 0.000423
Test set: Average loss: 1.0707, Accuracy: 1119/1406 (79%)
Train Epoch: 27 [0/5627 (0%)]	Loss: 0.000032
Train Epoch: 27 [200/5627 (4%)]	Loss: 0.000173
Train Epoch: 27 [400/5627 (7%)]	Loss: 0.000651
Train Epoch: 27 [600/5627 (11%)]	Loss: 0.000324
Train Epoch: 27 [800/5627 (14%)]	Loss: 0.000230
Train Epoch: 27 [1000/5627 (18%)]	Loss: 0.000164
Train Epoch: 27 [1200/5627 (21%)]	Loss: 0.023835
Train Epoch: 27 [1400/5627 (25%)]	Loss: 0.000633
Train Epoch: 27 [1600/5627 (28%)]	Loss: 0.000029
Train Epoch: 27 [1800/5627 (32%)]	Loss: 0.000334
Train Epoch: 27 [2000/5627 (35%)]	Loss: 0.000229
Train Epoch: 27 [2200/5627 (39%)]	Loss: 0.000059
Train Epoch: 27 [2400/5627 (43%)]	Loss: 0.000179
Train Epoch: 27 [2600/5627 (46%)]	Loss: 0.001161
Train Epoch: 27 [2800/5627 (50%)]	Loss: 0.000025
Train Epoch: 27 [3000/5627 (53%)]	Loss: 0.000134
Train Epoch: 27 [3200/5627 (57%)]	Loss: 0.000065
Train Epoch: 27 [3400/5627 (60%)]	Loss: 0.000135
Train Epoch: 27 [3600/5627 (64%)]	Loss: 0.000111
Train Epoch: 27 [3800/5627 (67%)]	Loss: 0.000218
Train Epoch: 27 [4000/5627 (71%)]	Loss: 0.000686
Train Epoch: 27 [4200/5627 (74%)]	Loss: 0.000191
Train Epoch: 27 [4400/5627 (78%)]	Loss: 0.000582
Train Epoch: 27 [4600/5627 (82%)]	Loss: 0.000123
Train Epoch: 27 [4800/5627 (85%)]	Loss: 0.002106
Train Epoch: 27 [5000/5627 (89%)]	Loss: 0.000987
Train Epoch: 27 [5200/5627 (92%)]	Loss: 0.210969
Train Epoch: 27 [5400/5627 (96%)]	Loss: 0.000255
Train Epoch: 27 [5600/5627 (99%)]	Loss: 0.004227
Test set: Average loss: 1.4744, Accuracy: 1047/1406 (74%)
Train Epoch: 28 [0/5627 (0%)]	Loss: 0.000055
Train Epoch: 28 [200/5627 (4%)]	Loss: 0.000360
Train Epoch: 28 [400/5627 (7%)]	Loss: 0.001172
Train Epoch: 28 [600/5627 (11%)]	Loss: 0.002053
Train Epoch: 28 [800/5627 (14%)]	Loss: 0.000087
Train Epoch: 28 [1000/5627 (18%)]	Loss: 0.096584
Train Epoch: 28 [1200/5627 (21%)]	Loss: 0.000032
Train Epoch: 28 [1400/5627 (25%)]	Loss: 0.000694
Train Epoch: 28 [1600/5627 (28%)]	Loss: 0.000088
Train Epoch: 28 [1800/5627 (32%)]	Loss: 0.000280
Train Epoch: 28 [2000/5627 (35%)]	Loss: 0.007076
Train Epoch: 28 [2200/5627 (39%)]	Loss: 0.000186
Train Epoch: 28 [2400/5627 (43%)]	Loss: 0.000200
Train Epoch: 28 [2600/5627 (46%)]	Loss: 0.000059
Train Epoch: 28 [2800/5627 (50%)]	Loss: 0.000424
Train Epoch: 28 [3000/5627 (53%)]	Loss: 0.000046
Train Epoch: 28 [3200/5627 (57%)]	Loss: 0.007038
Train Epoch: 28 [3400/5627 (60%)]	Loss: 0.000032
Train Epoch: 28 [3600/5627 (64%)]	Loss: 0.000202
Train Epoch: 28 [3800/5627 (67%)]	Loss: 0.000080
Train Epoch: 28 [4000/5627 (71%)]	Loss: 0.000045
Train Epoch: 28 [4200/5627 (74%)]	Loss: 0.000392
Train Epoch: 28 [4400/5627 (78%)]	Loss: 0.031337
Train Epoch: 28 [4600/5627 (82%)]	Loss: 0.000054
Train Epoch: 28 [4800/5627 (85%)]	Loss: 0.002178
Train Epoch: 28 [5000/5627 (89%)]	Loss: 0.007788
Train Epoch: 28 [5200/5627 (92%)]	Loss: 0.000410
Train Epoch: 28 [5400/5627 (96%)]	Loss: 0.000605
Train Epoch: 28 [5600/5627 (99%)]	Loss: 0.170929
Test set: Average loss: 1.8592, Accuracy: 202/1406 (14%)
Train Epoch: 29 [0/5627 (0%)]	Loss: 0.002775
Train Epoch: 29 [200/5627 (4%)]	Loss: 0.005567
Train Epoch: 29 [400/5627 (7%)]	Loss: 0.010902
Train Epoch: 29 [600/5627 (11%)]	Loss: 0.001044
Train Epoch: 29 [800/5627 (14%)]	Loss: 0.000862
Train Epoch: 29 [1000/5627 (18%)]	Loss: 0.000670
Train Epoch: 29 [1200/5627 (21%)]	Loss: 0.001920
Train Epoch: 29 [1400/5627 (25%)]	Loss: 0.000274
Train Epoch: 29 [1600/5627 (28%)]	Loss: 0.071878
Train Epoch: 29 [1800/5627 (32%)]	Loss: 0.016225
Train Epoch: 29 [2000/5627 (35%)]	Loss: 0.000708
Train Epoch: 29 [2200/5627 (39%)]	Loss: 0.010382
Train Epoch: 29 [2400/5627 (43%)]	Loss: 0.000717
Train Epoch: 29 [2600/5627 (46%)]	Loss: 0.092514
Train Epoch: 29 [2800/5627 (50%)]	Loss: 0.024323
Train Epoch: 29 [3000/5627 (53%)]	Loss: 0.035421
Train Epoch: 29 [3200/5627 (57%)]	Loss: 0.001241
Train Epoch: 29 [3400/5627 (60%)]	Loss: 0.000208
Train Epoch: 29 [3600/5627 (64%)]	Loss: 0.013434
Train Epoch: 29 [3800/5627 (67%)]	Loss: 0.004635
Train Epoch: 29 [4000/5627 (71%)]	Loss: 0.017145
Train Epoch: 29 [4200/5627 (74%)]	Loss: 0.000541
Train Epoch: 29 [4400/5627 (78%)]	Loss: 0.021156
Train Epoch: 29 [4600/5627 (82%)]	Loss: 0.005407
Train Epoch: 29 [4800/5627 (85%)]	Loss: 0.000642
Train Epoch: 29 [5000/5627 (89%)]	Loss: 0.001706
Train Epoch: 29 [5200/5627 (92%)]	Loss: 0.035253
Train Epoch: 29 [5400/5627 (96%)]	Loss: 0.006644
Train Epoch: 29 [5600/5627 (99%)]	Loss: 0.002972
Test set: Average loss: 3.0786, Accuracy: 609/1406 (43%)
Train Epoch: 30 [0/5627 (0%)]	Loss: 0.000523
Train Epoch: 30 [200/5627 (4%)]	Loss: 0.008466
Train Epoch: 30 [400/5627 (7%)]	Loss: 0.001494
Train Epoch: 30 [600/5627 (11%)]	Loss: 0.000053
Train Epoch: 30 [800/5627 (14%)]	Loss: 0.000323
Train Epoch: 30 [1000/5627 (18%)]	Loss: 0.000147
Train Epoch: 30 [1200/5627 (21%)]	Loss: 0.000095
Train Epoch: 30 [1400/5627 (25%)]	Loss: 0.039597
Train Epoch: 30 [1600/5627 (28%)]	Loss: 0.005251
Train Epoch: 30 [1800/5627 (32%)]	Loss: 0.002880
Train Epoch: 30 [2000/5627 (35%)]	Loss: 0.004001
Train Epoch: 30 [2200/5627 (39%)]	Loss: 0.004412
Train Epoch: 30 [2400/5627 (43%)]	Loss: 0.001260
Train Epoch: 30 [2600/5627 (46%)]	Loss: 0.000969
Train Epoch: 30 [2800/5627 (50%)]	Loss: 0.002238
Train Epoch: 30 [3000/5627 (53%)]	Loss: 0.000083
Train Epoch: 30 [3200/5627 (57%)]	Loss: 0.003373
Train Epoch: 30 [3400/5627 (60%)]	Loss: 0.023088
Train Epoch: 30 [3600/5627 (64%)]	Loss: 0.000120
Train Epoch: 30 [3800/5627 (67%)]	Loss: 0.000051
Train Epoch: 30 [4000/5627 (71%)]	Loss: 0.085137
Train Epoch: 30 [4200/5627 (74%)]	Loss: 0.001401
Train Epoch: 30 [4400/5627 (78%)]	Loss: 0.000852
Train Epoch: 30 [4600/5627 (82%)]	Loss: 0.000198
Train Epoch: 30 [4800/5627 (85%)]	Loss: 0.002452
Train Epoch: 30 [5000/5627 (89%)]	Loss: 0.000762
Train Epoch: 30 [5200/5627 (92%)]	Loss: 0.000029
Train Epoch: 30 [5400/5627 (96%)]	Loss: 0.001555
Train Epoch: 30 [5600/5627 (99%)]	Loss: 0.003378
Test set: Average loss: 2.5943, Accuracy: 640/1406 (45%)
Train Epoch: 31 [0/5627 (0%)]	Loss: 0.000159
Train Epoch: 31 [200/5627 (4%)]	Loss: 0.000145
Train Epoch: 31 [400/5627 (7%)]	Loss: 0.018773
Train Epoch: 31 [600/5627 (11%)]	Loss: 0.047451
Train Epoch: 31 [800/5627 (14%)]	Loss: 0.031066
Train Epoch: 31 [1000/5627 (18%)]	Loss: 0.012783
Train Epoch: 31 [1200/5627 (21%)]	Loss: 0.001675
Train Epoch: 31 [1400/5627 (25%)]	Loss: 0.001076
Train Epoch: 31 [1600/5627 (28%)]	Loss: 0.001424
Train Epoch: 31 [1800/5627 (32%)]	Loss: 0.000931
Train Epoch: 31 [2000/5627 (35%)]	Loss: 0.007992
Train Epoch: 31 [2200/5627 (39%)]	Loss: 0.000593
Train Epoch: 31 [2400/5627 (43%)]	Loss: 0.000181
Train Epoch: 31 [2600/5627 (46%)]	Loss: 0.014915
Train Epoch: 31 [2800/5627 (50%)]	Loss: 0.000073
Train Epoch: 31 [3000/5627 (53%)]	Loss: 0.000173
Train Epoch: 31 [3200/5627 (57%)]	Loss: 0.000192
Train Epoch: 31 [3400/5627 (60%)]	Loss: 0.000211
Train Epoch: 31 [3600/5627 (64%)]	Loss: 0.000880
Train Epoch: 31 [3800/5627 (67%)]	Loss: 0.004924
Train Epoch: 31 [4000/5627 (71%)]	Loss: 0.000550
Train Epoch: 31 [4200/5627 (74%)]	Loss: 0.002234
Train Epoch: 31 [4400/5627 (78%)]	Loss: 0.008576
Train Epoch: 31 [4600/5627 (82%)]	Loss: 0.017053
Train Epoch: 31 [4800/5627 (85%)]	Loss: 0.001162
Train Epoch: 31 [5000/5627 (89%)]	Loss: 0.001633
Train Epoch: 31 [5200/5627 (92%)]	Loss: 0.001647
Train Epoch: 31 [5400/5627 (96%)]	Loss: 0.033309
Train Epoch: 31 [5600/5627 (99%)]	Loss: 0.000569
Test set: Average loss: 2.0809, Accuracy: 894/1406 (63%)
Train Epoch: 32 [0/5627 (0%)]	Loss: 0.001348
Train Epoch: 32 [200/5627 (4%)]	Loss: 0.000496
Train Epoch: 32 [400/5627 (7%)]	Loss: 0.001855
Train Epoch: 32 [600/5627 (11%)]	Loss: 0.028689
Train Epoch: 32 [800/5627 (14%)]	Loss: 0.000090
Train Epoch: 32 [1000/5627 (18%)]	Loss: 0.000529
Train Epoch: 32 [1200/5627 (21%)]	Loss: 0.000615
Train Epoch: 32 [1400/5627 (25%)]	Loss: 0.000030
Train Epoch: 32 [1600/5627 (28%)]	Loss: 0.000401
Train Epoch: 32 [1800/5627 (32%)]	Loss: 0.000029
Train Epoch: 32 [2000/5627 (35%)]	Loss: 0.000096
Train Epoch: 32 [2200/5627 (39%)]	Loss: 0.000234
Train Epoch: 32 [2400/5627 (43%)]	Loss: 0.002296
Train Epoch: 32 [2600/5627 (46%)]	Loss: 0.000416
Train Epoch: 32 [2800/5627 (50%)]	Loss: 0.000175
Train Epoch: 32 [3000/5627 (53%)]	Loss: 0.000101
Train Epoch: 32 [3200/5627 (57%)]	Loss: 0.000083
Train Epoch: 32 [3400/5627 (60%)]	Loss: 0.000105
Train Epoch: 32 [3600/5627 (64%)]	Loss: 0.000055
Train Epoch: 32 [3800/5627 (67%)]	Loss: 0.000079
Train Epoch: 32 [4000/5627 (71%)]	Loss: 0.000055
Train Epoch: 32 [4200/5627 (74%)]	Loss: 0.000083
Train Epoch: 32 [4400/5627 (78%)]	Loss: 0.000073
Train Epoch: 32 [4600/5627 (82%)]	Loss: 0.000037
Train Epoch: 32 [4800/5627 (85%)]	Loss: 0.000753
Train Epoch: 32 [5000/5627 (89%)]	Loss: 0.000007
Train Epoch: 32 [5200/5627 (92%)]	Loss: 0.000051
Train Epoch: 32 [5400/5627 (96%)]	Loss: 0.000011
Train Epoch: 32 [5600/5627 (99%)]	Loss: 0.000052
Test set: Average loss: 1.2462, Accuracy: 1111/1406 (79%)
Train Epoch: 33 [0/5627 (0%)]	Loss: 0.000010
Train Epoch: 33 [200/5627 (4%)]	Loss: 0.000291
Train Epoch: 33 [400/5627 (7%)]	Loss: 0.000011
Train Epoch: 33 [600/5627 (11%)]	Loss: 0.000388
Train Epoch: 33 [800/5627 (14%)]	Loss: 0.000014
Train Epoch: 33 [1000/5627 (18%)]	Loss: 0.000007
Train Epoch: 33 [1200/5627 (21%)]	Loss: 0.000009
Train Epoch: 33 [1400/5627 (25%)]	Loss: 0.000071
Train Epoch: 33 [1600/5627 (28%)]	Loss: 0.000051
Train Epoch: 33 [1800/5627 (32%)]	Loss: 0.000111
Train Epoch: 33 [2000/5627 (35%)]	Loss: 0.000083
Train Epoch: 33 [2200/5627 (39%)]	Loss: 0.000639
Train Epoch: 33 [2400/5627 (43%)]	Loss: 0.000096
Train Epoch: 33 [2600/5627 (46%)]	Loss: 0.007996
Train Epoch: 33 [2800/5627 (50%)]	Loss: 0.000019
Train Epoch: 33 [3000/5627 (53%)]	Loss: 0.000009
Train Epoch: 33 [3200/5627 (57%)]	Loss: 0.000059
Train Epoch: 33 [3400/5627 (60%)]	Loss: 0.000003
Train Epoch: 33 [3600/5627 (64%)]	Loss: 0.000038
Train Epoch: 33 [3800/5627 (67%)]	Loss: 0.000029
Train Epoch: 33 [4000/5627 (71%)]	Loss: 0.000029
Train Epoch: 33 [4200/5627 (74%)]	Loss: 0.000194
Train Epoch: 33 [4400/5627 (78%)]	Loss: 0.000001
Train Epoch: 33 [4600/5627 (82%)]	Loss: 0.000012
Train Epoch: 33 [4800/5627 (85%)]	Loss: 0.000687
Train Epoch: 33 [5000/5627 (89%)]	Loss: 0.000027
Train Epoch: 33 [5200/5627 (92%)]	Loss: 0.000164
Train Epoch: 33 [5400/5627 (96%)]	Loss: 0.001193
Train Epoch: 33 [5600/5627 (99%)]	Loss: 0.000066
Test set: Average loss: 1.1050, Accuracy: 1145/1406 (81%)
Train Epoch: 34 [0/5627 (0%)]	Loss: 0.000018
Train Epoch: 34 [200/5627 (4%)]	Loss: 0.000012
Train Epoch: 34 [400/5627 (7%)]	Loss: 0.000179
Train Epoch: 34 [600/5627 (11%)]	Loss: 0.000527
Train Epoch: 34 [800/5627 (14%)]	Loss: 0.000033
Train Epoch: 34 [1000/5627 (18%)]	Loss: 0.000106
Train Epoch: 34 [1200/5627 (21%)]	Loss: 0.000094
Train Epoch: 34 [1400/5627 (25%)]	Loss: 0.000006
Train Epoch: 34 [1600/5627 (28%)]	Loss: 0.000012
Train Epoch: 34 [1800/5627 (32%)]	Loss: 0.000004
Train Epoch: 34 [2000/5627 (35%)]	Loss: 0.000858
Train Epoch: 34 [2200/5627 (39%)]	Loss: 0.000021
Train Epoch: 34 [2400/5627 (43%)]	Loss: 0.007909
Train Epoch: 34 [2600/5627 (46%)]	Loss: 0.000128
Train Epoch: 34 [2800/5627 (50%)]	Loss: 0.000087
Train Epoch: 34 [3000/5627 (53%)]	Loss: 0.000084
Train Epoch: 34 [3200/5627 (57%)]	Loss: 0.000022
Train Epoch: 34 [3400/5627 (60%)]	Loss: 0.000013
Train Epoch: 34 [3600/5627 (64%)]	Loss: 0.000228
Train Epoch: 34 [3800/5627 (67%)]	Loss: 0.000223
Train Epoch: 34 [4000/5627 (71%)]	Loss: 0.000021
Train Epoch: 34 [4200/5627 (74%)]	Loss: 0.000007
Train Epoch: 34 [4400/5627 (78%)]	Loss: 0.000003
Train Epoch: 34 [4600/5627 (82%)]	Loss: 0.000044
Train Epoch: 34 [4800/5627 (85%)]	Loss: 0.000001
Train Epoch: 34 [5000/5627 (89%)]	Loss: 0.000002
Train Epoch: 34 [5200/5627 (92%)]	Loss: 0.000023
Train Epoch: 34 [5400/5627 (96%)]	Loss: 0.000003
Train Epoch: 34 [5600/5627 (99%)]	Loss: 0.000047
Test set: Average loss: 1.1119, Accuracy: 1138/1406 (80%)
Train Epoch: 35 [0/5627 (0%)]	Loss: 0.000039
Train Epoch: 35 [200/5627 (4%)]	Loss: 0.000470
Train Epoch: 35 [400/5627 (7%)]	Loss: 0.000004
Train Epoch: 35 [600/5627 (11%)]	Loss: 0.000030
Train Epoch: 35 [800/5627 (14%)]	Loss: 0.000010
Train Epoch: 35 [1000/5627 (18%)]	Loss: 0.000188
Train Epoch: 35 [1200/5627 (21%)]	Loss: 0.000001
Train Epoch: 35 [1400/5627 (25%)]	Loss: 0.000114
Train Epoch: 35 [1600/5627 (28%)]	Loss: 0.000110
Train Epoch: 35 [1800/5627 (32%)]	Loss: 0.000001
Train Epoch: 35 [2000/5627 (35%)]	Loss: 0.000004
Train Epoch: 35 [2200/5627 (39%)]	Loss: 0.000283
Train Epoch: 35 [2400/5627 (43%)]	Loss: 0.000052
Train Epoch: 35 [2600/5627 (46%)]	Loss: 0.000008
Train Epoch: 35 [2800/5627 (50%)]	Loss: 0.000002
Train Epoch: 35 [3000/5627 (53%)]	Loss: 0.000118
Train Epoch: 35 [3200/5627 (57%)]	Loss: 0.000024
Train Epoch: 35 [3400/5627 (60%)]	Loss: 0.000024
Train Epoch: 35 [3600/5627 (64%)]	Loss: 0.000065
Train Epoch: 35 [3800/5627 (67%)]	Loss: 0.000011
Train Epoch: 35 [4000/5627 (71%)]	Loss: 0.000009
Train Epoch: 35 [4200/5627 (74%)]	Loss: 0.000094
Train Epoch: 35 [4400/5627 (78%)]	Loss: 0.000030
Train Epoch: 35 [4600/5627 (82%)]	Loss: 0.000017
Train Epoch: 35 [4800/5627 (85%)]	Loss: 0.000047
Train Epoch: 35 [5000/5627 (89%)]	Loss: 0.000031
Train Epoch: 35 [5200/5627 (92%)]	Loss: 0.000029
Train Epoch: 35 [5400/5627 (96%)]	Loss: 0.000000
Train Epoch: 35 [5600/5627 (99%)]	Loss: 0.000002
Test set: Average loss: 1.1048, Accuracy: 1151/1406 (81%)
Train Epoch: 36 [0/5627 (0%)]	Loss: 0.000005
Train Epoch: 36 [200/5627 (4%)]	Loss: 0.000035
Train Epoch: 36 [400/5627 (7%)]	Loss: 0.000120
Train Epoch: 36 [600/5627 (11%)]	Loss: 0.000089
Train Epoch: 36 [800/5627 (14%)]	Loss: 0.000348
Train Epoch: 36 [1000/5627 (18%)]	Loss: 0.000022
Train Epoch: 36 [1200/5627 (21%)]	Loss: 0.000762
Train Epoch: 36 [1400/5627 (25%)]	Loss: 0.000108
Train Epoch: 36 [1600/5627 (28%)]	Loss: 0.000020
Train Epoch: 36 [1800/5627 (32%)]	Loss: 0.000099
Train Epoch: 36 [2000/5627 (35%)]	Loss: 0.000013
Train Epoch: 36 [2200/5627 (39%)]	Loss: 0.000000
Train Epoch: 36 [2400/5627 (43%)]	Loss: 0.000014
Train Epoch: 36 [2600/5627 (46%)]	Loss: 0.000058
Train Epoch: 36 [2800/5627 (50%)]	Loss: 0.000001
Train Epoch: 36 [3000/5627 (53%)]	Loss: 0.000202
Train Epoch: 36 [3200/5627 (57%)]	Loss: 0.000001
Train Epoch: 36 [3400/5627 (60%)]	Loss: 0.000135
Train Epoch: 36 [3600/5627 (64%)]	Loss: 0.000023
Train Epoch: 36 [3800/5627 (67%)]	Loss: 0.000179
Train Epoch: 36 [4000/5627 (71%)]	Loss: 0.000007
Train Epoch: 36 [4200/5627 (74%)]	Loss: 0.000004
Train Epoch: 36 [4400/5627 (78%)]	Loss: 0.000021
Train Epoch: 36 [4600/5627 (82%)]	Loss: 0.000014
Train Epoch: 36 [4800/5627 (85%)]	Loss: 0.000013
Train Epoch: 36 [5000/5627 (89%)]	Loss: 0.000017
Train Epoch: 36 [5200/5627 (92%)]	Loss: 0.000126
Train Epoch: 36 [5400/5627 (96%)]	Loss: 0.000007
Train Epoch: 36 [5600/5627 (99%)]	Loss: 0.000043
Test set: Average loss: 1.1239, Accuracy: 1160/1406 (82%)
Train Epoch: 37 [0/5627 (0%)]	Loss: 0.000079
Train Epoch: 37 [200/5627 (4%)]	Loss: 0.000007
Train Epoch: 37 [400/5627 (7%)]	Loss: 0.000004
Train Epoch: 37 [600/5627 (11%)]	Loss: 0.000006
Train Epoch: 37 [800/5627 (14%)]	Loss: 0.000064
Train Epoch: 37 [1000/5627 (18%)]	Loss: 0.000111
Train Epoch: 37 [1200/5627 (21%)]	Loss: 0.000112
Train Epoch: 37 [1400/5627 (25%)]	Loss: 0.000014
Train Epoch: 37 [1600/5627 (28%)]	Loss: 0.000040
Train Epoch: 37 [1800/5627 (32%)]	Loss: 0.000005
Train Epoch: 37 [2000/5627 (35%)]	Loss: 0.000018
Train Epoch: 37 [2200/5627 (39%)]	Loss: 0.000016
Train Epoch: 37 [2400/5627 (43%)]	Loss: 0.000075
Train Epoch: 37 [2600/5627 (46%)]	Loss: 0.000014
Train Epoch: 37 [2800/5627 (50%)]	Loss: 0.000011
Train Epoch: 37 [3000/5627 (53%)]	Loss: 0.000023
Train Epoch: 37 [3200/5627 (57%)]	Loss: 0.000007
Train Epoch: 37 [3400/5627 (60%)]	Loss: 0.000610
Train Epoch: 37 [3600/5627 (64%)]	Loss: 0.000015
Train Epoch: 37 [3800/5627 (67%)]	Loss: 0.000004
Train Epoch: 37 [4000/5627 (71%)]	Loss: 0.000011
Train Epoch: 37 [4200/5627 (74%)]	Loss: 0.000038
Train Epoch: 37 [4400/5627 (78%)]	Loss: 0.000044
Train Epoch: 37 [4600/5627 (82%)]	Loss: 0.000002
Train Epoch: 37 [4800/5627 (85%)]	Loss: 0.000002
Train Epoch: 37 [5000/5627 (89%)]	Loss: 0.000002
Train Epoch: 37 [5200/5627 (92%)]	Loss: 0.000006
Train Epoch: 37 [5400/5627 (96%)]	Loss: 0.000058
Train Epoch: 37 [5600/5627 (99%)]	Loss: 0.000012
Test set: Average loss: 1.1395, Accuracy: 1159/1406 (82%)
Train Epoch: 38 [0/5627 (0%)]	Loss: 0.000002
Train Epoch: 38 [200/5627 (4%)]	Loss: 0.000082
Train Epoch: 38 [400/5627 (7%)]	Loss: 0.000007
Train Epoch: 38 [600/5627 (11%)]	Loss: 0.000021
Train Epoch: 38 [800/5627 (14%)]	Loss: 0.000053
Train Epoch: 38 [1000/5627 (18%)]	Loss: 0.000094
Train Epoch: 38 [1200/5627 (21%)]	Loss: 0.000007
Train Epoch: 38 [1400/5627 (25%)]	Loss: 0.000002
Train Epoch: 38 [1600/5627 (28%)]	Loss: 0.000341
Train Epoch: 38 [1800/5627 (32%)]	Loss: 0.000006
Train Epoch: 38 [2000/5627 (35%)]	Loss: 0.000052
Train Epoch: 38 [2200/5627 (39%)]	Loss: 0.000016
Train Epoch: 38 [2400/5627 (43%)]	Loss: 0.000001
Train Epoch: 38 [2600/5627 (46%)]	Loss: 0.000140
Train Epoch: 38 [2800/5627 (50%)]	Loss: 0.000005
Train Epoch: 38 [3000/5627 (53%)]	Loss: 0.000010
Train Epoch: 38 [3200/5627 (57%)]	Loss: 0.000008
Train Epoch: 38 [3400/5627 (60%)]	Loss: 0.000016
Train Epoch: 38 [3600/5627 (64%)]	Loss: 0.000001
Train Epoch: 38 [3800/5627 (67%)]	Loss: 0.000050
Train Epoch: 38 [4000/5627 (71%)]	Loss: 0.000004
Train Epoch: 38 [4200/5627 (74%)]	Loss: 0.000048
Train Epoch: 38 [4400/5627 (78%)]	Loss: 0.000898
Train Epoch: 38 [4600/5627 (82%)]	Loss: 0.000001
Train Epoch: 38 [4800/5627 (85%)]	Loss: 0.000008
Train Epoch: 38 [5000/5627 (89%)]	Loss: 0.000005
Train Epoch: 38 [5200/5627 (92%)]	Loss: 0.000002
Train Epoch: 38 [5400/5627 (96%)]	Loss: 0.000695
Train Epoch: 38 [5600/5627 (99%)]	Loss: 0.000093
Test set: Average loss: 1.4056, Accuracy: 1053/1406 (74%)
Train Epoch: 39 [0/5627 (0%)]	Loss: 0.000024
Train Epoch: 39 [200/5627 (4%)]	Loss: 0.000019
Train Epoch: 39 [400/5627 (7%)]	Loss: 0.000005
Train Epoch: 39 [600/5627 (11%)]	Loss: 0.002360
Train Epoch: 39 [800/5627 (14%)]	Loss: 0.000185
Train Epoch: 39 [1000/5627 (18%)]	Loss: 0.000003
Train Epoch: 39 [1200/5627 (21%)]	Loss: 0.000013
Train Epoch: 39 [1400/5627 (25%)]	Loss: 0.000142
Train Epoch: 39 [1600/5627 (28%)]	Loss: 0.000068
Train Epoch: 39 [1800/5627 (32%)]	Loss: 0.017992
Train Epoch: 39 [2000/5627 (35%)]	Loss: 0.000076
Train Epoch: 39 [2200/5627 (39%)]	Loss: 0.000557
Train Epoch: 39 [2400/5627 (43%)]	Loss: 0.000016
Train Epoch: 39 [2600/5627 (46%)]	Loss: 0.000008
Train Epoch: 39 [2800/5627 (50%)]	Loss: 0.000119
Train Epoch: 39 [3000/5627 (53%)]	Loss: 0.000031
Train Epoch: 39 [3200/5627 (57%)]	Loss: 0.000052
Train Epoch: 39 [3400/5627 (60%)]	Loss: 0.000048
Train Epoch: 39 [3600/5627 (64%)]	Loss: 0.000070
Train Epoch: 39 [3800/5627 (67%)]	Loss: 0.028750
Train Epoch: 39 [4000/5627 (71%)]	Loss: 0.000116
Train Epoch: 39 [4200/5627 (74%)]	Loss: 0.000060
Train Epoch: 39 [4400/5627 (78%)]	Loss: 0.000000
Train Epoch: 39 [4600/5627 (82%)]	Loss: 0.000007
Train Epoch: 39 [4800/5627 (85%)]	Loss: 0.000033
Train Epoch: 39 [5000/5627 (89%)]	Loss: 0.000044
Train Epoch: 39 [5200/5627 (92%)]	Loss: 0.001227
Train Epoch: 39 [5400/5627 (96%)]	Loss: 0.000003
Train Epoch: 39 [5600/5627 (99%)]	Loss: 0.000065
Test set: Average loss: 1.1163, Accuracy: 1153/1406 (82%)
Train Epoch: 40 [0/5627 (0%)]	Loss: 0.000149
Train Epoch: 40 [200/5627 (4%)]	Loss: 0.000135
Train Epoch: 40 [400/5627 (7%)]	Loss: 0.004151
Train Epoch: 40 [600/5627 (11%)]	Loss: 0.000012
Train Epoch: 40 [800/5627 (14%)]	Loss: 0.000018
Train Epoch: 40 [1000/5627 (18%)]	Loss: 0.000003
Train Epoch: 40 [1200/5627 (21%)]	Loss: 0.000070
Train Epoch: 40 [1400/5627 (25%)]	Loss: 0.000548
Train Epoch: 40 [1600/5627 (28%)]	Loss: 0.000028
Train Epoch: 40 [1800/5627 (32%)]	Loss: 0.000065
Train Epoch: 40 [2000/5627 (35%)]	Loss: 0.000175
Train Epoch: 40 [2200/5627 (39%)]	Loss: 0.000023
Train Epoch: 40 [2400/5627 (43%)]	Loss: 0.000012
Train Epoch: 40 [2600/5627 (46%)]	Loss: 0.000044
Train Epoch: 40 [2800/5627 (50%)]	Loss: 0.000087
Train Epoch: 40 [3000/5627 (53%)]	Loss: 0.000048
Train Epoch: 40 [3200/5627 (57%)]	Loss: 0.000772
Train Epoch: 40 [3400/5627 (60%)]	Loss: 0.007925
Train Epoch: 40 [3600/5627 (64%)]	Loss: 0.000009
Train Epoch: 40 [3800/5627 (67%)]	Loss: 0.000001
Train Epoch: 40 [4000/5627 (71%)]	Loss: 0.000031
Train Epoch: 40 [4200/5627 (74%)]	Loss: 0.000173
Train Epoch: 40 [4400/5627 (78%)]	Loss: 0.000019
Train Epoch: 40 [4600/5627 (82%)]	Loss: 0.000017
Train Epoch: 40 [4800/5627 (85%)]	Loss: 0.000034
Train Epoch: 40 [5000/5627 (89%)]	Loss: 0.000351
Train Epoch: 40 [5200/5627 (92%)]	Loss: 0.000024
Train Epoch: 40 [5400/5627 (96%)]	Loss: 0.000008
Train Epoch: 40 [5600/5627 (99%)]	Loss: 0.001705
Test set: Average loss: 2.1398, Accuracy: 905/1406 (64%)
Train Epoch: 41 [0/5627 (0%)]	Loss: 0.000014
Train Epoch: 41 [200/5627 (4%)]	Loss: 0.002002
Train Epoch: 41 [400/5627 (7%)]	Loss: 0.001387
Train Epoch: 41 [600/5627 (11%)]	Loss: 0.001904
Train Epoch: 41 [800/5627 (14%)]	Loss: 0.001412
Train Epoch: 41 [1000/5627 (18%)]	Loss: 0.000038
Train Epoch: 41 [1200/5627 (21%)]	Loss: 0.000433
Train Epoch: 41 [1400/5627 (25%)]	Loss: 0.000017
Train Epoch: 41 [1600/5627 (28%)]	Loss: 0.002612
Train Epoch: 41 [1800/5627 (32%)]	Loss: 0.000508
Train Epoch: 41 [2000/5627 (35%)]	Loss: 0.000044
Train Epoch: 41 [2200/5627 (39%)]	Loss: 0.000092
Train Epoch: 41 [2400/5627 (43%)]	Loss: 0.000065
Train Epoch: 41 [2600/5627 (46%)]	Loss: 0.000612
Train Epoch: 41 [2800/5627 (50%)]	Loss: 0.000010
Train Epoch: 41 [3000/5627 (53%)]	Loss: 0.000049
Train Epoch: 41 [3200/5627 (57%)]	Loss: 0.000217
Train Epoch: 41 [3400/5627 (60%)]	Loss: 0.000027
Train Epoch: 41 [3600/5627 (64%)]	Loss: 0.000005
Train Epoch: 41 [3800/5627 (67%)]	Loss: 0.000005
Train Epoch: 41 [4000/5627 (71%)]	Loss: 0.000020
Train Epoch: 41 [4200/5627 (74%)]	Loss: 0.000389
Train Epoch: 41 [4400/5627 (78%)]	Loss: 0.000971
Train Epoch: 41 [4600/5627 (82%)]	Loss: 0.000012
Train Epoch: 41 [4800/5627 (85%)]	Loss: 0.000077
Train Epoch: 41 [5000/5627 (89%)]	Loss: 0.000552
Train Epoch: 41 [5200/5627 (92%)]	Loss: 0.000012
Train Epoch: 41 [5400/5627 (96%)]	Loss: 0.000062
Train Epoch: 41 [5600/5627 (99%)]	Loss: 0.000019
Test set: Average loss: 1.1797, Accuracy: 1141/1406 (81%)
Train Epoch: 42 [0/5627 (0%)]	Loss: 0.000014
Train Epoch: 42 [200/5627 (4%)]	Loss: 0.000011
Train Epoch: 42 [400/5627 (7%)]	Loss: 0.000285
Train Epoch: 42 [600/5627 (11%)]	Loss: 0.000007
Train Epoch: 42 [800/5627 (14%)]	Loss: 0.000040
Train Epoch: 42 [1000/5627 (18%)]	Loss: 0.000010
Train Epoch: 42 [1200/5627 (21%)]	Loss: 0.000388
Train Epoch: 42 [1400/5627 (25%)]	Loss: 0.000127
Train Epoch: 42 [1600/5627 (28%)]	Loss: 0.000090
Train Epoch: 42 [1800/5627 (32%)]	Loss: 0.000303
Train Epoch: 42 [2000/5627 (35%)]	Loss: 0.000028
Train Epoch: 42 [2200/5627 (39%)]	Loss: 0.000028
Train Epoch: 42 [2400/5627 (43%)]	Loss: 0.008868
Train Epoch: 42 [2600/5627 (46%)]	Loss: 0.000006
Train Epoch: 42 [2800/5627 (50%)]	Loss: 0.000025
Train Epoch: 42 [3000/5627 (53%)]	Loss: 0.000009
Train Epoch: 42 [3200/5627 (57%)]	Loss: 0.000097
Train Epoch: 42 [3400/5627 (60%)]	Loss: 0.000000
Train Epoch: 42 [3600/5627 (64%)]	Loss: 0.030287
Train Epoch: 42 [3800/5627 (67%)]	Loss: 0.000073
Train Epoch: 42 [4000/5627 (71%)]	Loss: 0.000035
Train Epoch: 42 [4200/5627 (74%)]	Loss: 0.000006
Train Epoch: 42 [4400/5627 (78%)]	Loss: 0.000033
Train Epoch: 42 [4600/5627 (82%)]	Loss: 0.000013
Train Epoch: 42 [4800/5627 (85%)]	Loss: 0.000019
Train Epoch: 42 [5000/5627 (89%)]	Loss: 0.000005
Train Epoch: 42 [5200/5627 (92%)]	Loss: 0.033444
Train Epoch: 42 [5400/5627 (96%)]	Loss: 0.000012
Train Epoch: 42 [5600/5627 (99%)]	Loss: 0.000176
Test set: Average loss: 2.5387, Accuracy: 708/1406 (50%)
Train Epoch: 43 [0/5627 (0%)]	Loss: 0.005507
Train Epoch: 43 [200/5627 (4%)]	Loss: 0.000395
Train Epoch: 43 [400/5627 (7%)]	Loss: 0.001955
Train Epoch: 43 [600/5627 (11%)]	Loss: 0.082439
Train Epoch: 43 [800/5627 (14%)]	Loss: 0.001337
Train Epoch: 43 [1000/5627 (18%)]	Loss: 0.007403
Train Epoch: 43 [1200/5627 (21%)]	Loss: 0.007682
Train Epoch: 43 [1400/5627 (25%)]	Loss: 0.002147
Train Epoch: 43 [1600/5627 (28%)]	Loss: 0.000103
Train Epoch: 43 [1800/5627 (32%)]	Loss: 0.000665
Train Epoch: 43 [2000/5627 (35%)]	Loss: 0.000763
Train Epoch: 43 [2200/5627 (39%)]	Loss: 0.011838
Train Epoch: 43 [2400/5627 (43%)]	Loss: 0.000177
Train Epoch: 43 [2600/5627 (46%)]	Loss: 0.000148
Train Epoch: 43 [2800/5627 (50%)]	Loss: 0.000501
Train Epoch: 43 [3000/5627 (53%)]	Loss: 0.001636
Train Epoch: 43 [3200/5627 (57%)]	Loss: 0.000184
Train Epoch: 43 [3400/5627 (60%)]	Loss: 0.003679
Train Epoch: 43 [3600/5627 (64%)]	Loss: 0.000014
Train Epoch: 43 [3800/5627 (67%)]	Loss: 0.000012
Train Epoch: 43 [4000/5627 (71%)]	Loss: 0.000669
Train Epoch: 43 [4200/5627 (74%)]	Loss: 0.000926
Train Epoch: 43 [4400/5627 (78%)]	Loss: 0.000531
Train Epoch: 43 [4600/5627 (82%)]	Loss: 0.000393
Train Epoch: 43 [4800/5627 (85%)]	Loss: 0.000454
Train Epoch: 43 [5000/5627 (89%)]	Loss: 0.001427
Train Epoch: 43 [5200/5627 (92%)]	Loss: 0.000058
Train Epoch: 43 [5400/5627 (96%)]	Loss: 0.009729
Train Epoch: 43 [5600/5627 (99%)]	Loss: 0.000537
Test set: Average loss: 2.2589, Accuracy: 861/1406 (61%)
Train Epoch: 44 [0/5627 (0%)]	Loss: 0.002546
Train Epoch: 44 [200/5627 (4%)]	Loss: 0.054247
Train Epoch: 44 [400/5627 (7%)]	Loss: 0.000395
Train Epoch: 44 [600/5627 (11%)]	Loss: 0.000026
Train Epoch: 44 [800/5627 (14%)]	Loss: 0.000214
Train Epoch: 44 [1000/5627 (18%)]	Loss: 0.001628
Train Epoch: 44 [1200/5627 (21%)]	Loss: 0.013601
Train Epoch: 44 [1400/5627 (25%)]	Loss: 0.010405
Train Epoch: 44 [1600/5627 (28%)]	Loss: 0.000145
Train Epoch: 44 [1800/5627 (32%)]	Loss: 0.010089
Train Epoch: 44 [2000/5627 (35%)]	Loss: 0.001390
Train Epoch: 44 [2200/5627 (39%)]	Loss: 0.000899
Train Epoch: 44 [2400/5627 (43%)]	Loss: 0.000332
Train Epoch: 44 [2600/5627 (46%)]	Loss: 0.000053
Train Epoch: 44 [2800/5627 (50%)]	Loss: 0.000028
Train Epoch: 44 [3000/5627 (53%)]	Loss: 0.017250
Train Epoch: 44 [3200/5627 (57%)]	Loss: 0.000224
Train Epoch: 44 [3400/5627 (60%)]	Loss: 0.003383
Train Epoch: 44 [3600/5627 (64%)]	Loss: 0.000411
Train Epoch: 44 [3800/5627 (67%)]	Loss: 0.000298
Train Epoch: 44 [4000/5627 (71%)]	Loss: 0.345852
Train Epoch: 44 [4200/5627 (74%)]	Loss: 0.000386
Train Epoch: 44 [4400/5627 (78%)]	Loss: 0.000509
Train Epoch: 44 [4600/5627 (82%)]	Loss: 0.001891
Train Epoch: 44 [4800/5627 (85%)]	Loss: 0.001299
Train Epoch: 44 [5000/5627 (89%)]	Loss: 0.000567
Train Epoch: 44 [5200/5627 (92%)]	Loss: 0.000355
Train Epoch: 44 [5400/5627 (96%)]	Loss: 0.000368
Train Epoch: 44 [5600/5627 (99%)]	Loss: 0.000453
Test set: Average loss: 1.0757, Accuracy: 1133/1406 (80%)
Train Epoch: 45 [0/5627 (0%)]	Loss: 0.000079
Train Epoch: 45 [200/5627 (4%)]	Loss: 0.000059
Train Epoch: 45 [400/5627 (7%)]	Loss: 0.000779
Train Epoch: 45 [600/5627 (11%)]	Loss: 0.001562
Train Epoch: 45 [800/5627 (14%)]	Loss: 0.000075
Train Epoch: 45 [1000/5627 (18%)]	Loss: 0.000579
Train Epoch: 45 [1200/5627 (21%)]	Loss: 0.000109
Train Epoch: 45 [1400/5627 (25%)]	Loss: 0.000186
Train Epoch: 45 [1600/5627 (28%)]	Loss: 0.008055
Train Epoch: 45 [1800/5627 (32%)]	Loss: 0.000076
Train Epoch: 45 [2000/5627 (35%)]	Loss: 0.000090
Train Epoch: 45 [2200/5627 (39%)]	Loss: 0.000050
Train Epoch: 45 [2400/5627 (43%)]	Loss: 0.060695
Train Epoch: 45 [2600/5627 (46%)]	Loss: 0.000256
Train Epoch: 45 [2800/5627 (50%)]	Loss: 0.000019
Train Epoch: 45 [3000/5627 (53%)]	Loss: 0.000002
Train Epoch: 45 [3200/5627 (57%)]	Loss: 0.025323
Train Epoch: 45 [3400/5627 (60%)]	Loss: 0.004242
Train Epoch: 45 [3600/5627 (64%)]	Loss: 0.000585
Train Epoch: 45 [3800/5627 (67%)]	Loss: 0.000226
Train Epoch: 45 [4000/5627 (71%)]	Loss: 0.000132
Train Epoch: 45 [4200/5627 (74%)]	Loss: 0.001878
Train Epoch: 45 [4400/5627 (78%)]	Loss: 0.000033
Train Epoch: 45 [4600/5627 (82%)]	Loss: 0.010925
Train Epoch: 45 [4800/5627 (85%)]	Loss: 0.026195
Train Epoch: 45 [5000/5627 (89%)]	Loss: 0.000205
Train Epoch: 45 [5200/5627 (92%)]	Loss: 0.000505
Train Epoch: 45 [5400/5627 (96%)]	Loss: 0.000223
Train Epoch: 45 [5600/5627 (99%)]	Loss: 0.001751
Test set: Average loss: 2.4361, Accuracy: 707/1406 (50%)
Train Epoch: 46 [0/5627 (0%)]	Loss: 0.000679
Train Epoch: 46 [200/5627 (4%)]	Loss: 0.000596
Train Epoch: 46 [400/5627 (7%)]	Loss: 0.001144
Train Epoch: 46 [600/5627 (11%)]	Loss: 0.000380
Train Epoch: 46 [800/5627 (14%)]	Loss: 0.000996
Train Epoch: 46 [1000/5627 (18%)]	Loss: 0.005915
Train Epoch: 46 [1200/5627 (21%)]	Loss: 0.000074
Train Epoch: 46 [1400/5627 (25%)]	Loss: 0.000392
Train Epoch: 46 [1600/5627 (28%)]	Loss: 0.000056
Train Epoch: 46 [1800/5627 (32%)]	Loss: 0.000018
Train Epoch: 46 [2000/5627 (35%)]	Loss: 0.000911
Train Epoch: 46 [2200/5627 (39%)]	Loss: 0.000408
Train Epoch: 46 [2400/5627 (43%)]	Loss: 0.001566
Train Epoch: 46 [2600/5627 (46%)]	Loss: 0.000029
Train Epoch: 46 [2800/5627 (50%)]	Loss: 0.000117
Train Epoch: 46 [3000/5627 (53%)]	Loss: 0.000522
Train Epoch: 46 [3200/5627 (57%)]	Loss: 0.000157
Train Epoch: 46 [3400/5627 (60%)]	Loss: 0.000070
Train Epoch: 46 [3600/5627 (64%)]	Loss: 0.000031
Train Epoch: 46 [3800/5627 (67%)]	Loss: 0.000383
Train Epoch: 46 [4000/5627 (71%)]	Loss: 0.000015
Train Epoch: 46 [4200/5627 (74%)]	Loss: 0.000071
Train Epoch: 46 [4400/5627 (78%)]	Loss: 0.000063
Train Epoch: 46 [4600/5627 (82%)]	Loss: 0.039978
Train Epoch: 46 [4800/5627 (85%)]	Loss: 0.000077
Train Epoch: 46 [5000/5627 (89%)]	Loss: 0.000265
Train Epoch: 46 [5200/5627 (92%)]	Loss: 0.000014
Train Epoch: 46 [5400/5627 (96%)]	Loss: 0.001404
Train Epoch: 46 [5600/5627 (99%)]	Loss: 0.002242
Test set: Average loss: 1.0937, Accuracy: 1125/1406 (80%)
Train Epoch: 47 [0/5627 (0%)]	Loss: 0.000852
Train Epoch: 47 [200/5627 (4%)]	Loss: 0.000471
Train Epoch: 47 [400/5627 (7%)]	Loss: 0.000141
Train Epoch: 47 [600/5627 (11%)]	Loss: 0.000870
Train Epoch: 47 [800/5627 (14%)]	Loss: 0.000243
Train Epoch: 47 [1000/5627 (18%)]	Loss: 0.000010
Train Epoch: 47 [1200/5627 (21%)]	Loss: 0.000091
Train Epoch: 47 [1400/5627 (25%)]	Loss: 0.001317
Train Epoch: 47 [1600/5627 (28%)]	Loss: 0.000231
Train Epoch: 47 [1800/5627 (32%)]	Loss: 0.000382
Train Epoch: 47 [2000/5627 (35%)]	Loss: 0.000215
Train Epoch: 47 [2200/5627 (39%)]	Loss: 0.005037
Train Epoch: 47 [2400/5627 (43%)]	Loss: 0.002611
Train Epoch: 47 [2600/5627 (46%)]	Loss: 0.000018
Train Epoch: 47 [2800/5627 (50%)]	Loss: 0.000090
Train Epoch: 47 [3000/5627 (53%)]	Loss: 0.000239
Train Epoch: 47 [3200/5627 (57%)]	Loss: 0.000018
Train Epoch: 47 [3400/5627 (60%)]	Loss: 0.000056
Train Epoch: 47 [3600/5627 (64%)]	Loss: 0.000019
Train Epoch: 47 [3800/5627 (67%)]	Loss: 0.000037
Train Epoch: 47 [4000/5627 (71%)]	Loss: 0.000246
Train Epoch: 47 [4200/5627 (74%)]	Loss: 0.000151
Train Epoch: 47 [4400/5627 (78%)]	Loss: 0.004520
Train Epoch: 47 [4600/5627 (82%)]	Loss: 0.005427
Train Epoch: 47 [4800/5627 (85%)]	Loss: 0.000048
Train Epoch: 47 [5000/5627 (89%)]	Loss: 0.000105
Train Epoch: 47 [5200/5627 (92%)]	Loss: 0.000091
Train Epoch: 47 [5400/5627 (96%)]	Loss: 0.000039
Train Epoch: 47 [5600/5627 (99%)]	Loss: 0.000314
Test set: Average loss: 1.0890, Accuracy: 1147/1406 (81%)
Train Epoch: 48 [0/5627 (0%)]	Loss: 0.000011
Train Epoch: 48 [200/5627 (4%)]	Loss: 0.000247
Train Epoch: 48 [400/5627 (7%)]	Loss: 0.000455
Train Epoch: 48 [600/5627 (11%)]	Loss: 0.000151
Train Epoch: 48 [800/5627 (14%)]	Loss: 0.000269
Train Epoch: 48 [1000/5627 (18%)]	Loss: 0.000113
Train Epoch: 48 [1200/5627 (21%)]	Loss: 0.000025
Train Epoch: 48 [1400/5627 (25%)]	Loss: 0.000064
Train Epoch: 48 [1600/5627 (28%)]	Loss: 0.000013
Train Epoch: 48 [1800/5627 (32%)]	Loss: 0.000161
Train Epoch: 48 [2000/5627 (35%)]	Loss: 0.000292
Train Epoch: 48 [2200/5627 (39%)]	Loss: 0.061657
Train Epoch: 48 [2400/5627 (43%)]	Loss: 0.000790
Train Epoch: 48 [2600/5627 (46%)]	Loss: 0.000021
Train Epoch: 48 [2800/5627 (50%)]	Loss: 0.001454
Train Epoch: 48 [3000/5627 (53%)]	Loss: 0.000036
Train Epoch: 48 [3200/5627 (57%)]	Loss: 0.121106
Train Epoch: 48 [3400/5627 (60%)]	Loss: 0.000703
Train Epoch: 48 [3600/5627 (64%)]	Loss: 0.000142
Train Epoch: 48 [3800/5627 (67%)]	Loss: 0.000063
Train Epoch: 48 [4000/5627 (71%)]	Loss: 0.006108
Train Epoch: 48 [4200/5627 (74%)]	Loss: 0.000943
Train Epoch: 48 [4400/5627 (78%)]	Loss: 0.001358
Train Epoch: 48 [4600/5627 (82%)]	Loss: 0.001178
Train Epoch: 48 [4800/5627 (85%)]	Loss: 0.000089
Train Epoch: 48 [5000/5627 (89%)]	Loss: 0.004851
Train Epoch: 48 [5200/5627 (92%)]	Loss: 0.000646
Train Epoch: 48 [5400/5627 (96%)]	Loss: 0.000266
Train Epoch: 48 [5600/5627 (99%)]	Loss: 0.000205
Test set: Average loss: 3.1927, Accuracy: 657/1406 (46%)
Train Epoch: 49 [0/5627 (0%)]	Loss: 0.000594
Train Epoch: 49 [200/5627 (4%)]	Loss: 0.000005
Train Epoch: 49 [400/5627 (7%)]	Loss: 0.002070
Train Epoch: 49 [600/5627 (11%)]	Loss: 0.001198
Train Epoch: 49 [800/5627 (14%)]	Loss: 0.000007
Train Epoch: 49 [1000/5627 (18%)]	Loss: 0.001822
Train Epoch: 49 [1200/5627 (21%)]	Loss: 0.000581
Train Epoch: 49 [1400/5627 (25%)]	Loss: 0.000066
Train Epoch: 49 [1600/5627 (28%)]	Loss: 0.001153
Train Epoch: 49 [1800/5627 (32%)]	Loss: 0.000004
Train Epoch: 49 [2000/5627 (35%)]	Loss: 0.003344
Train Epoch: 49 [2200/5627 (39%)]	Loss: 0.000042
Train Epoch: 49 [2400/5627 (43%)]	Loss: 0.006140
Train Epoch: 49 [2600/5627 (46%)]	Loss: 0.002145
Train Epoch: 49 [2800/5627 (50%)]	Loss: 0.000323
Train Epoch: 49 [3000/5627 (53%)]	Loss: 0.000084
Train Epoch: 49 [3200/5627 (57%)]	Loss: 0.000046
Train Epoch: 49 [3400/5627 (60%)]	Loss: 0.001298
Train Epoch: 49 [3600/5627 (64%)]	Loss: 0.000723
Train Epoch: 49 [3800/5627 (67%)]	Loss: 0.000085
Train Epoch: 49 [4000/5627 (71%)]	Loss: 0.000073
Train Epoch: 49 [4200/5627 (74%)]	Loss: 0.000277
Train Epoch: 49 [4400/5627 (78%)]	Loss: 0.256193
Train Epoch: 49 [4600/5627 (82%)]	Loss: 0.000838
Train Epoch: 49 [4800/5627 (85%)]	Loss: 0.000052
Train Epoch: 49 [5000/5627 (89%)]	Loss: 0.001765
Train Epoch: 49 [5200/5627 (92%)]	Loss: 0.000039
Train Epoch: 49 [5400/5627 (96%)]	Loss: 0.000036
Train Epoch: 49 [5600/5627 (99%)]	Loss: 0.000029
Test set: Average loss: 1.1244, Accuracy: 1141/1406 (81%)
Train Epoch: 50 [0/5627 (0%)]	Loss: 0.000365
Train Epoch: 50 [200/5627 (4%)]	Loss: 0.000111
Train Epoch: 50 [400/5627 (7%)]	Loss: 0.001266
Train Epoch: 50 [600/5627 (11%)]	Loss: 0.000088
Train Epoch: 50 [800/5627 (14%)]	Loss: 0.000082
Train Epoch: 50 [1000/5627 (18%)]	Loss: 0.000362
Train Epoch: 50 [1200/5627 (21%)]	Loss: 0.000008
Train Epoch: 50 [1400/5627 (25%)]	Loss: 0.029984
Train Epoch: 50 [1600/5627 (28%)]	Loss: 0.000047
Train Epoch: 50 [1800/5627 (32%)]	Loss: 0.000847
Train Epoch: 50 [2000/5627 (35%)]	Loss: 0.000006
Train Epoch: 50 [2200/5627 (39%)]	Loss: 0.000005
Train Epoch: 50 [2400/5627 (43%)]	Loss: 0.000031
Train Epoch: 50 [2600/5627 (46%)]	Loss: 0.000017
Train Epoch: 50 [2800/5627 (50%)]	Loss: 0.000029
Train Epoch: 50 [3000/5627 (53%)]	Loss: 0.000182
Train Epoch: 50 [3200/5627 (57%)]	Loss: 0.000134
Train Epoch: 50 [3400/5627 (60%)]	Loss: 0.018232
Train Epoch: 50 [3600/5627 (64%)]	Loss: 0.002976
Train Epoch: 50 [3800/5627 (67%)]	Loss: 0.005164
Train Epoch: 50 [4000/5627 (71%)]	Loss: 0.000001
Train Epoch: 50 [4200/5627 (74%)]	Loss: 0.000169
Train Epoch: 50 [4400/5627 (78%)]	Loss: 0.000741
Train Epoch: 50 [4600/5627 (82%)]	Loss: 0.011199
Train Epoch: 50 [4800/5627 (85%)]	Loss: 0.000132
Train Epoch: 50 [5000/5627 (89%)]	Loss: 0.000021
Train Epoch: 50 [5200/5627 (92%)]	Loss: 0.000034
Train Epoch: 50 [5400/5627 (96%)]	Loss: 0.000398
Train Epoch: 50 [5600/5627 (99%)]	Loss: 0.016048
Test set: Average loss: 2.0422, Accuracy: 206/1406 (14%)
Train Epoch: 51 [0/5627 (0%)]	Loss: 0.000140
Train Epoch: 51 [200/5627 (4%)]	Loss: 0.000597
Train Epoch: 51 [400/5627 (7%)]	Loss: 0.000262
Train Epoch: 51 [600/5627 (11%)]	Loss: 0.000010
Train Epoch: 51 [800/5627 (14%)]	Loss: 0.000151
Train Epoch: 51 [1000/5627 (18%)]	Loss: 0.000096
Train Epoch: 51 [1200/5627 (21%)]	Loss: 0.000056
Train Epoch: 51 [1400/5627 (25%)]	Loss: 0.000030
Train Epoch: 51 [1600/5627 (28%)]	Loss: 0.000058
Train Epoch: 51 [1800/5627 (32%)]	Loss: 0.000371
Train Epoch: 51 [2000/5627 (35%)]	Loss: 0.000396
Train Epoch: 51 [2200/5627 (39%)]	Loss: 0.000448
Train Epoch: 51 [2400/5627 (43%)]	Loss: 0.006008
Train Epoch: 51 [2600/5627 (46%)]	Loss: 0.000881
Train Epoch: 51 [2800/5627 (50%)]	Loss: 0.000522
Train Epoch: 51 [3000/5627 (53%)]	Loss: 0.000064
Train Epoch: 51 [3200/5627 (57%)]	Loss: 0.000190
Train Epoch: 51 [3400/5627 (60%)]	Loss: 0.000248
Train Epoch: 51 [3600/5627 (64%)]	Loss: 0.000018
Train Epoch: 51 [3800/5627 (67%)]	Loss: 0.000016
Train Epoch: 51 [4000/5627 (71%)]	Loss: 0.125491
Train Epoch: 51 [4200/5627 (74%)]	Loss: 0.000177
Train Epoch: 51 [4400/5627 (78%)]	Loss: 0.000018
Train Epoch: 51 [4600/5627 (82%)]	Loss: 0.000337
Train Epoch: 51 [4800/5627 (85%)]	Loss: 0.015675
Train Epoch: 51 [5000/5627 (89%)]	Loss: 0.011636
Train Epoch: 51 [5200/5627 (92%)]	Loss: 0.000183
Train Epoch: 51 [5400/5627 (96%)]	Loss: 0.716745
Train Epoch: 51 [5600/5627 (99%)]	Loss: 0.203742
Test set: Average loss: 1.8107, Accuracy: 202/1406 (14%)
Train Epoch: 52 [0/5627 (0%)]	Loss: 0.000651
Train Epoch: 52 [200/5627 (4%)]	Loss: 0.025230
Train Epoch: 52 [400/5627 (7%)]	Loss: 0.000314
Train Epoch: 52 [600/5627 (11%)]	Loss: 0.002448
Train Epoch: 52 [800/5627 (14%)]	Loss: 0.012126
Train Epoch: 52 [1000/5627 (18%)]	Loss: 0.003288
Train Epoch: 52 [1200/5627 (21%)]	Loss: 0.001089
Train Epoch: 52 [1400/5627 (25%)]	Loss: 0.009959
Train Epoch: 52 [1600/5627 (28%)]	Loss: 0.000066
Train Epoch: 52 [1800/5627 (32%)]	Loss: 0.000344
Train Epoch: 52 [2000/5627 (35%)]	Loss: 0.006254
Train Epoch: 52 [2200/5627 (39%)]	Loss: 0.000427
Train Epoch: 52 [2400/5627 (43%)]	Loss: 0.000205
Train Epoch: 52 [2600/5627 (46%)]	Loss: 0.000115
Train Epoch: 52 [2800/5627 (50%)]	Loss: 0.000208
Train Epoch: 52 [3000/5627 (53%)]	Loss: 0.000557
Train Epoch: 52 [3200/5627 (57%)]	Loss: 0.000120
Train Epoch: 52 [3400/5627 (60%)]	Loss: 0.005012
Train Epoch: 52 [3600/5627 (64%)]	Loss: 0.022932
Train Epoch: 52 [3800/5627 (67%)]	Loss: 0.004443
Train Epoch: 52 [4000/5627 (71%)]	Loss: 0.000871
Train Epoch: 52 [4200/5627 (74%)]	Loss: 0.063356
Train Epoch: 52 [4400/5627 (78%)]	Loss: 0.003089
Train Epoch: 52 [4600/5627 (82%)]	Loss: 0.000091
Train Epoch: 52 [4800/5627 (85%)]	Loss: 0.003136
Train Epoch: 52 [5000/5627 (89%)]	Loss: 0.008720
Train Epoch: 52 [5200/5627 (92%)]	Loss: 0.002108
Train Epoch: 52 [5400/5627 (96%)]	Loss: 0.000521
Train Epoch: 52 [5600/5627 (99%)]	Loss: 0.000428
Test set: Average loss: 1.3207, Accuracy: 1005/1406 (71%)
Train Epoch: 53 [0/5627 (0%)]	Loss: 0.001287
Train Epoch: 53 [200/5627 (4%)]	Loss: 0.000677
Train Epoch: 53 [400/5627 (7%)]	Loss: 0.000038
Train Epoch: 53 [600/5627 (11%)]	Loss: 0.000094
Train Epoch: 53 [800/5627 (14%)]	Loss: 0.000830
Train Epoch: 53 [1000/5627 (18%)]	Loss: 0.001462
Train Epoch: 53 [1200/5627 (21%)]	Loss: 0.013728
Train Epoch: 53 [1400/5627 (25%)]	Loss: 0.000810
Train Epoch: 53 [1600/5627 (28%)]	Loss: 0.001410
Train Epoch: 53 [1800/5627 (32%)]	Loss: 0.000484
Train Epoch: 53 [2000/5627 (35%)]	Loss: 0.000729
Train Epoch: 53 [2200/5627 (39%)]	Loss: 0.000112
Train Epoch: 53 [2400/5627 (43%)]	Loss: 0.000343
Train Epoch: 53 [2600/5627 (46%)]	Loss: 0.001874
Train Epoch: 53 [2800/5627 (50%)]	Loss: 0.000314
Train Epoch: 53 [3000/5627 (53%)]	Loss: 0.009040
Train Epoch: 53 [3200/5627 (57%)]	Loss: 0.000770
Train Epoch: 53 [3400/5627 (60%)]	Loss: 0.000062
Train Epoch: 53 [3600/5627 (64%)]	Loss: 0.000057
Train Epoch: 53 [3800/5627 (67%)]	Loss: 0.000015
Train Epoch: 53 [4000/5627 (71%)]	Loss: 0.001309
Train Epoch: 53 [4200/5627 (74%)]	Loss: 0.001326
Train Epoch: 53 [4400/5627 (78%)]	Loss: 0.001762
Train Epoch: 53 [4600/5627 (82%)]	Loss: 0.000252
Train Epoch: 53 [4800/5627 (85%)]	Loss: 0.000443
Train Epoch: 53 [5000/5627 (89%)]	Loss: 0.000110
Train Epoch: 53 [5200/5627 (92%)]	Loss: 0.000352
Train Epoch: 53 [5400/5627 (96%)]	Loss: 0.001822
Train Epoch: 53 [5600/5627 (99%)]	Loss: 0.000075
Test set: Average loss: 0.9283, Accuracy: 1144/1406 (81%)
Train Epoch: 54 [0/5627 (0%)]	Loss: 0.000067
Train Epoch: 54 [200/5627 (4%)]	Loss: 0.004742
Train Epoch: 54 [400/5627 (7%)]	Loss: 0.000092
Train Epoch: 54 [600/5627 (11%)]	Loss: 0.000071
Train Epoch: 54 [800/5627 (14%)]	Loss: 0.000026
Train Epoch: 54 [1000/5627 (18%)]	Loss: 0.000467
Train Epoch: 54 [1200/5627 (21%)]	Loss: 0.000247
Train Epoch: 54 [1400/5627 (25%)]	Loss: 0.000085
Train Epoch: 54 [1600/5627 (28%)]	Loss: 0.000295
Train Epoch: 54 [1800/5627 (32%)]	Loss: 0.000048
Train Epoch: 54 [2000/5627 (35%)]	Loss: 0.000138
Train Epoch: 54 [2200/5627 (39%)]	Loss: 0.002822
Train Epoch: 54 [2400/5627 (43%)]	Loss: 0.000162
Train Epoch: 54 [2600/5627 (46%)]	Loss: 0.000034
Train Epoch: 54 [2800/5627 (50%)]	Loss: 0.000115
Train Epoch: 54 [3000/5627 (53%)]	Loss: 0.000285
Train Epoch: 54 [3200/5627 (57%)]	Loss: 0.000040
Train Epoch: 54 [3400/5627 (60%)]	Loss: 0.002056
Train Epoch: 54 [3600/5627 (64%)]	Loss: 0.000026
Train Epoch: 54 [3800/5627 (67%)]	Loss: 0.000154
Train Epoch: 54 [4000/5627 (71%)]	Loss: 0.000830
Train Epoch: 54 [4200/5627 (74%)]	Loss: 0.003920
Train Epoch: 54 [4400/5627 (78%)]	Loss: 0.000337
Train Epoch: 54 [4600/5627 (82%)]	Loss: 0.000111
Train Epoch: 54 [4800/5627 (85%)]	Loss: 0.000729
Train Epoch: 54 [5000/5627 (89%)]	Loss: 0.000141
Train Epoch: 54 [5200/5627 (92%)]	Loss: 0.000013
Train Epoch: 54 [5400/5627 (96%)]	Loss: 0.004587
Train Epoch: 54 [5600/5627 (99%)]	Loss: 0.000089
Test set: Average loss: 0.9389, Accuracy: 1153/1406 (82%)
Train Epoch: 55 [0/5627 (0%)]	Loss: 0.005512
Train Epoch: 55 [200/5627 (4%)]	Loss: 0.000061
Train Epoch: 55 [400/5627 (7%)]	Loss: 0.000103
Train Epoch: 55 [600/5627 (11%)]	Loss: 0.000077
Train Epoch: 55 [800/5627 (14%)]	Loss: 0.000123
Train Epoch: 55 [1000/5627 (18%)]	Loss: 0.000135
Train Epoch: 55 [1200/5627 (21%)]	Loss: 0.000046
Train Epoch: 55 [1400/5627 (25%)]	Loss: 0.000057
Train Epoch: 55 [1600/5627 (28%)]	Loss: 0.000319
Train Epoch: 55 [1800/5627 (32%)]	Loss: 0.006712
Train Epoch: 55 [2000/5627 (35%)]	Loss: 0.000159
Train Epoch: 55 [2200/5627 (39%)]	Loss: 0.000060
Train Epoch: 55 [2400/5627 (43%)]	Loss: 0.008836
Train Epoch: 55 [2600/5627 (46%)]	Loss: 0.000561
Train Epoch: 55 [2800/5627 (50%)]	Loss: 0.000346
Train Epoch: 55 [3000/5627 (53%)]	Loss: 0.000016
Train Epoch: 55 [3200/5627 (57%)]	Loss: 0.000049
Train Epoch: 55 [3400/5627 (60%)]	Loss: 0.000038
Train Epoch: 55 [3600/5627 (64%)]	Loss: 0.000029
Train Epoch: 55 [3800/5627 (67%)]	Loss: 0.000022
Train Epoch: 55 [4000/5627 (71%)]	Loss: 0.000025
Train Epoch: 55 [4200/5627 (74%)]	Loss: 0.000170
Train Epoch: 55 [4400/5627 (78%)]	Loss: 0.000004
Train Epoch: 55 [4600/5627 (82%)]	Loss: 0.000042
Train Epoch: 55 [4800/5627 (85%)]	Loss: 0.001642
Train Epoch: 55 [5000/5627 (89%)]	Loss: 0.000060
Train Epoch: 55 [5200/5627 (92%)]	Loss: 0.000042
Train Epoch: 55 [5400/5627 (96%)]	Loss: 0.000014
Train Epoch: 55 [5600/5627 (99%)]	Loss: 0.000051
Test set: Average loss: 0.9671, Accuracy: 1159/1406 (82%)
Train Epoch: 56 [0/5627 (0%)]	Loss: 0.000003
Train Epoch: 56 [200/5627 (4%)]	Loss: 0.000033
Train Epoch: 56 [400/5627 (7%)]	Loss: 0.000024
Train Epoch: 56 [600/5627 (11%)]	Loss: 0.000027
Train Epoch: 56 [800/5627 (14%)]	Loss: 0.000119
Train Epoch: 56 [1000/5627 (18%)]	Loss: 0.000096
Train Epoch: 56 [1200/5627 (21%)]	Loss: 0.000020
Train Epoch: 56 [1400/5627 (25%)]	Loss: 0.000059
Train Epoch: 56 [1600/5627 (28%)]	Loss: 0.000004
Train Epoch: 56 [1800/5627 (32%)]	Loss: 0.000083
Train Epoch: 56 [2000/5627 (35%)]	Loss: 0.000276
Train Epoch: 56 [2200/5627 (39%)]	Loss: 0.000296
Train Epoch: 56 [2400/5627 (43%)]	Loss: 0.000021
Train Epoch: 56 [2600/5627 (46%)]	Loss: 0.000160
Train Epoch: 56 [2800/5627 (50%)]	Loss: 0.000026
Train Epoch: 56 [3000/5627 (53%)]	Loss: 0.000007
Train Epoch: 56 [3200/5627 (57%)]	Loss: 0.000003
Train Epoch: 56 [3400/5627 (60%)]	Loss: 0.000006
Train Epoch: 56 [3600/5627 (64%)]	Loss: 0.000020
Train Epoch: 56 [3800/5627 (67%)]	Loss: 0.000035
Train Epoch: 56 [4000/5627 (71%)]	Loss: 0.000081
Train Epoch: 56 [4200/5627 (74%)]	Loss: 0.000256
Train Epoch: 56 [4400/5627 (78%)]	Loss: 0.000170
Train Epoch: 56 [4600/5627 (82%)]	Loss: 0.000024
Train Epoch: 56 [4800/5627 (85%)]	Loss: 0.000350
Train Epoch: 56 [5000/5627 (89%)]	Loss: 0.000021
Train Epoch: 56 [5200/5627 (92%)]	Loss: 0.000039
Train Epoch: 56 [5400/5627 (96%)]	Loss: 0.000003
Train Epoch: 56 [5600/5627 (99%)]	Loss: 0.000078
Test set: Average loss: 0.9654, Accuracy: 1155/1406 (82%)
Train Epoch: 57 [0/5627 (0%)]	Loss: 0.000023
Train Epoch: 57 [200/5627 (4%)]	Loss: 0.000012
Train Epoch: 57 [400/5627 (7%)]	Loss: 0.000020
Train Epoch: 57 [600/5627 (11%)]	Loss: 0.000006
Train Epoch: 57 [800/5627 (14%)]	Loss: 0.000043
Train Epoch: 57 [1000/5627 (18%)]	Loss: 0.000004
Train Epoch: 57 [1200/5627 (21%)]	Loss: 0.000009
Train Epoch: 57 [1400/5627 (25%)]	Loss: 0.000041
Train Epoch: 57 [1600/5627 (28%)]	Loss: 0.001395
Train Epoch: 57 [1800/5627 (32%)]	Loss: 0.000062
Train Epoch: 57 [2000/5627 (35%)]	Loss: 0.000006
Train Epoch: 57 [2200/5627 (39%)]	Loss: 0.000006
Train Epoch: 57 [2400/5627 (43%)]	Loss: 0.000153
Train Epoch: 57 [2600/5627 (46%)]	Loss: 0.000381
Train Epoch: 57 [2800/5627 (50%)]	Loss: 0.000014
Train Epoch: 57 [3000/5627 (53%)]	Loss: 0.000475
Train Epoch: 57 [3200/5627 (57%)]	Loss: 0.000021
Train Epoch: 57 [3400/5627 (60%)]	Loss: 0.000010
Train Epoch: 57 [3600/5627 (64%)]	Loss: 0.000004
Train Epoch: 57 [3800/5627 (67%)]	Loss: 0.000004
Train Epoch: 57 [4000/5627 (71%)]	Loss: 0.000008
Train Epoch: 57 [4200/5627 (74%)]	Loss: 0.000005
Train Epoch: 57 [4400/5627 (78%)]	Loss: 0.002019
Train Epoch: 57 [4600/5627 (82%)]	Loss: 0.000036
Train Epoch: 57 [4800/5627 (85%)]	Loss: 0.000015
Train Epoch: 57 [5000/5627 (89%)]	Loss: 0.000096
Train Epoch: 57 [5200/5627 (92%)]	Loss: 0.000691
Train Epoch: 57 [5400/5627 (96%)]	Loss: 0.000001
Train Epoch: 57 [5600/5627 (99%)]	Loss: 0.000029
Test set: Average loss: 0.9968, Accuracy: 1156/1406 (82%)
Train Epoch: 58 [0/5627 (0%)]	Loss: 0.000057
Train Epoch: 58 [200/5627 (4%)]	Loss: 0.000190
Train Epoch: 58 [400/5627 (7%)]	Loss: 0.000003
Train Epoch: 58 [600/5627 (11%)]	Loss: 0.000128
Train Epoch: 58 [800/5627 (14%)]	Loss: 0.000019
Train Epoch: 58 [1000/5627 (18%)]	Loss: 0.000642
Train Epoch: 58 [1200/5627 (21%)]	Loss: 0.000095
Train Epoch: 58 [1400/5627 (25%)]	Loss: 0.000135
Train Epoch: 58 [1600/5627 (28%)]	Loss: 0.000007
Train Epoch: 58 [1800/5627 (32%)]	Loss: 0.000008
Train Epoch: 58 [2000/5627 (35%)]	Loss: 0.000030
Train Epoch: 58 [2200/5627 (39%)]	Loss: 0.000001
Train Epoch: 58 [2400/5627 (43%)]	Loss: 0.000049
Train Epoch: 58 [2600/5627 (46%)]	Loss: 0.000061
Train Epoch: 58 [2800/5627 (50%)]	Loss: 0.000078
Train Epoch: 58 [3000/5627 (53%)]	Loss: 0.000029
Train Epoch: 58 [3200/5627 (57%)]	Loss: 0.000040
Train Epoch: 58 [3400/5627 (60%)]	Loss: 0.000029
Train Epoch: 58 [3600/5627 (64%)]	Loss: 0.000040
Train Epoch: 58 [3800/5627 (67%)]	Loss: 0.000054
Train Epoch: 58 [4000/5627 (71%)]	Loss: 0.000017
Train Epoch: 58 [4200/5627 (74%)]	Loss: 0.000021
Train Epoch: 58 [4400/5627 (78%)]	Loss: 0.000019
Train Epoch: 58 [4600/5627 (82%)]	Loss: 0.000940
Train Epoch: 58 [4800/5627 (85%)]	Loss: 0.000004
Train Epoch: 58 [5000/5627 (89%)]	Loss: 0.000012
Train Epoch: 58 [5200/5627 (92%)]	Loss: 0.000025
Train Epoch: 58 [5400/5627 (96%)]	Loss: 0.000026
Train Epoch: 58 [5600/5627 (99%)]	Loss: 0.000055
Test set: Average loss: 0.9855, Accuracy: 1157/1406 (82%)
Train Epoch: 59 [0/5627 (0%)]	Loss: 0.000016
Train Epoch: 59 [200/5627 (4%)]	Loss: 0.000028
Train Epoch: 59 [400/5627 (7%)]	Loss: 0.000105
Train Epoch: 59 [600/5627 (11%)]	Loss: 0.000042
Train Epoch: 59 [800/5627 (14%)]	Loss: 0.000061
Train Epoch: 59 [1000/5627 (18%)]	Loss: 0.000028
Train Epoch: 59 [1200/5627 (21%)]	Loss: 0.000015
Train Epoch: 59 [1400/5627 (25%)]	Loss: 0.000016
Train Epoch: 59 [1600/5627 (28%)]	Loss: 0.000012
Train Epoch: 59 [1800/5627 (32%)]	Loss: 0.000071
Train Epoch: 59 [2000/5627 (35%)]	Loss: 0.000014
Train Epoch: 59 [2200/5627 (39%)]	Loss: 0.000002
Train Epoch: 59 [2400/5627 (43%)]	Loss: 0.000018
Train Epoch: 59 [2600/5627 (46%)]	Loss: 0.000003
Train Epoch: 59 [2800/5627 (50%)]	Loss: 0.000331
Train Epoch: 59 [3000/5627 (53%)]	Loss: 0.000007
Train Epoch: 59 [3200/5627 (57%)]	Loss: 0.000121
Train Epoch: 59 [3400/5627 (60%)]	Loss: 0.000240
Train Epoch: 59 [3600/5627 (64%)]	Loss: 0.000002
Train Epoch: 59 [3800/5627 (67%)]	Loss: 0.000063
Train Epoch: 59 [4000/5627 (71%)]	Loss: 0.000005
Train Epoch: 59 [4200/5627 (74%)]	Loss: 0.000009
Train Epoch: 59 [4400/5627 (78%)]	Loss: 0.000003
Train Epoch: 59 [4600/5627 (82%)]	Loss: 0.000015
Train Epoch: 59 [4800/5627 (85%)]	Loss: 0.000002
Train Epoch: 59 [5000/5627 (89%)]	Loss: 0.000011
Train Epoch: 59 [5200/5627 (92%)]	Loss: 0.000010
Train Epoch: 59 [5400/5627 (96%)]	Loss: 0.000099
Train Epoch: 59 [5600/5627 (99%)]	Loss: 0.000012
Test set: Average loss: 1.0021, Accuracy: 1154/1406 (82%)
Train Epoch: 60 [0/5627 (0%)]	Loss: 0.000851
Train Epoch: 60 [200/5627 (4%)]	Loss: 0.000188
Train Epoch: 60 [400/5627 (7%)]	Loss: 0.000023
Train Epoch: 60 [600/5627 (11%)]	Loss: 0.000069
Train Epoch: 60 [800/5627 (14%)]	Loss: 0.000020
Train Epoch: 60 [1000/5627 (18%)]	Loss: 0.000008
Train Epoch: 60 [1200/5627 (21%)]	Loss: 0.000005
Train Epoch: 60 [1400/5627 (25%)]	Loss: 0.000090
Train Epoch: 60 [1600/5627 (28%)]	Loss: 0.000027
Train Epoch: 60 [1800/5627 (32%)]	Loss: 0.000047
Train Epoch: 60 [2000/5627 (35%)]	Loss: 0.000010
Train Epoch: 60 [2200/5627 (39%)]	Loss: 0.000703
Train Epoch: 60 [2400/5627 (43%)]	Loss: 0.000006
Train Epoch: 60 [2600/5627 (46%)]	Loss: 0.000030
Train Epoch: 60 [2800/5627 (50%)]	Loss: 0.000066
Train Epoch: 60 [3000/5627 (53%)]	Loss: 0.000021
Train Epoch: 60 [3200/5627 (57%)]	Loss: 0.000026
Train Epoch: 60 [3400/5627 (60%)]	Loss: 0.000004
Train Epoch: 60 [3600/5627 (64%)]	Loss: 0.000109
Train Epoch: 60 [3800/5627 (67%)]	Loss: 0.000021
Train Epoch: 60 [4000/5627 (71%)]	Loss: 0.000012
Train Epoch: 60 [4200/5627 (74%)]	Loss: 0.000003
Train Epoch: 60 [4400/5627 (78%)]	Loss: 0.000713
Train Epoch: 60 [4600/5627 (82%)]	Loss: 0.000071
Train Epoch: 60 [4800/5627 (85%)]	Loss: 0.000027
Train Epoch: 60 [5000/5627 (89%)]	Loss: 0.000009
Train Epoch: 60 [5200/5627 (92%)]	Loss: 0.000156
Train Epoch: 60 [5400/5627 (96%)]	Loss: 0.000049
Train Epoch: 60 [5600/5627 (99%)]	Loss: 0.000006
Test set: Average loss: 1.0350, Accuracy: 1149/1406 (81%)
