getting datasets
finished
trainning neck_design_labels:
Train Epoch: 1 [0/4556 (0%)]	Loss: 1.856663
Train Epoch: 1 [200/4556 (4%)]	Loss: 1.601717
Train Epoch: 1 [400/4556 (9%)]	Loss: 1.383108
Train Epoch: 1 [600/4556 (13%)]	Loss: 1.468606
Train Epoch: 1 [800/4556 (18%)]	Loss: 1.710819
Train Epoch: 1 [1000/4556 (22%)]	Loss: 1.779469
Train Epoch: 1 [1200/4556 (26%)]	Loss: 1.531085
Train Epoch: 1 [1400/4556 (31%)]	Loss: 1.502962
Train Epoch: 1 [1600/4556 (35%)]	Loss: 1.442680
Train Epoch: 1 [1800/4556 (39%)]	Loss: 1.398500
Train Epoch: 1 [2000/4556 (44%)]	Loss: 1.473385
Train Epoch: 1 [2200/4556 (48%)]	Loss: 1.399894
Train Epoch: 1 [2400/4556 (53%)]	Loss: 1.557448
Train Epoch: 1 [2600/4556 (57%)]	Loss: 1.677633
Train Epoch: 1 [2800/4556 (61%)]	Loss: 1.328102
Train Epoch: 1 [3000/4556 (66%)]	Loss: 1.381138
Train Epoch: 1 [3200/4556 (70%)]	Loss: 1.298188
Train Epoch: 1 [3400/4556 (75%)]	Loss: 1.445216
Train Epoch: 1 [3600/4556 (79%)]	Loss: 1.258554
Train Epoch: 1 [3800/4556 (83%)]	Loss: 1.265696
Train Epoch: 1 [4000/4556 (88%)]	Loss: 1.286142
Train Epoch: 1 [4200/4556 (92%)]	Loss: 1.373806
Train Epoch: 1 [4400/4556 (96%)]	Loss: 1.413479
Test set: Average loss: 1.7882, Accuracy: 159/1139 (13%)
Train Epoch: 2 [0/4556 (0%)]	Loss: 0.985425
Train Epoch: 2 [200/4556 (4%)]	Loss: 1.258713
Train Epoch: 2 [400/4556 (9%)]	Loss: 1.373597
Train Epoch: 2 [600/4556 (13%)]	Loss: 1.474768
Train Epoch: 2 [800/4556 (18%)]	Loss: 1.284144
Train Epoch: 2 [1000/4556 (22%)]	Loss: 1.206883
Train Epoch: 2 [1200/4556 (26%)]	Loss: 0.995535
Train Epoch: 2 [1400/4556 (31%)]	Loss: 1.138333
Train Epoch: 2 [1600/4556 (35%)]	Loss: 1.202963
Train Epoch: 2 [1800/4556 (39%)]	Loss: 1.634279
Train Epoch: 2 [2000/4556 (44%)]	Loss: 1.398903
Train Epoch: 2 [2200/4556 (48%)]	Loss: 1.029796
Train Epoch: 2 [2400/4556 (53%)]	Loss: 1.049092
Train Epoch: 2 [2600/4556 (57%)]	Loss: 1.563803
Train Epoch: 2 [2800/4556 (61%)]	Loss: 1.247696
Train Epoch: 2 [3000/4556 (66%)]	Loss: 1.285506
Train Epoch: 2 [3200/4556 (70%)]	Loss: 0.893638
Train Epoch: 2 [3400/4556 (75%)]	Loss: 1.387651
Train Epoch: 2 [3600/4556 (79%)]	Loss: 1.152674
Train Epoch: 2 [3800/4556 (83%)]	Loss: 0.829177
Train Epoch: 2 [4000/4556 (88%)]	Loss: 1.043859
Train Epoch: 2 [4200/4556 (92%)]	Loss: 1.118105
Train Epoch: 2 [4400/4556 (96%)]	Loss: 0.949331
Test set: Average loss: 1.9729, Accuracy: 159/1139 (13%)
Train Epoch: 3 [0/4556 (0%)]	Loss: 0.985238
Train Epoch: 3 [200/4556 (4%)]	Loss: 0.836759
Train Epoch: 3 [400/4556 (9%)]	Loss: 0.975823
Train Epoch: 3 [600/4556 (13%)]	Loss: 1.323826
Train Epoch: 3 [800/4556 (18%)]	Loss: 0.622892
Train Epoch: 3 [1000/4556 (22%)]	Loss: 0.841405
Train Epoch: 3 [1200/4556 (26%)]	Loss: 1.407594
Train Epoch: 3 [1400/4556 (31%)]	Loss: 1.100990
Train Epoch: 3 [1600/4556 (35%)]	Loss: 0.601628
Train Epoch: 3 [1800/4556 (39%)]	Loss: 0.734861
Train Epoch: 3 [2000/4556 (44%)]	Loss: 0.550520
Train Epoch: 3 [2200/4556 (48%)]	Loss: 0.761516
Train Epoch: 3 [2400/4556 (53%)]	Loss: 1.413500
Train Epoch: 3 [2600/4556 (57%)]	Loss: 1.442730
Train Epoch: 3 [2800/4556 (61%)]	Loss: 0.877226
Train Epoch: 3 [3000/4556 (66%)]	Loss: 1.169590
Train Epoch: 3 [3200/4556 (70%)]	Loss: 1.011103
Train Epoch: 3 [3400/4556 (75%)]	Loss: 1.011099
Train Epoch: 3 [3600/4556 (79%)]	Loss: 1.143947
Train Epoch: 3 [3800/4556 (83%)]	Loss: 0.894228
Train Epoch: 3 [4000/4556 (88%)]	Loss: 0.879463
Train Epoch: 3 [4200/4556 (92%)]	Loss: 0.946104
Train Epoch: 3 [4400/4556 (96%)]	Loss: 0.756227
Test set: Average loss: 1.8835, Accuracy: 291/1139 (25%)
Train Epoch: 4 [0/4556 (0%)]	Loss: 0.653324
Train Epoch: 4 [200/4556 (4%)]	Loss: 0.702847
Train Epoch: 4 [400/4556 (9%)]	Loss: 0.737382
Train Epoch: 4 [600/4556 (13%)]	Loss: 0.531409
Train Epoch: 4 [800/4556 (18%)]	Loss: 0.468537
Train Epoch: 4 [1000/4556 (22%)]	Loss: 0.277567
Train Epoch: 4 [1200/4556 (26%)]	Loss: 0.787142
Train Epoch: 4 [1400/4556 (31%)]	Loss: 0.708501
Train Epoch: 4 [1600/4556 (35%)]	Loss: 0.642954
Train Epoch: 4 [1800/4556 (39%)]	Loss: 0.703046
Train Epoch: 4 [2000/4556 (44%)]	Loss: 0.591870
Train Epoch: 4 [2200/4556 (48%)]	Loss: 0.432208
Train Epoch: 4 [2400/4556 (53%)]	Loss: 0.899296
Train Epoch: 4 [2600/4556 (57%)]	Loss: 0.634077
Train Epoch: 4 [2800/4556 (61%)]	Loss: 0.574499
Train Epoch: 4 [3000/4556 (66%)]	Loss: 0.757432
Train Epoch: 4 [3200/4556 (70%)]	Loss: 0.806846
Train Epoch: 4 [3400/4556 (75%)]	Loss: 0.541971
Train Epoch: 4 [3600/4556 (79%)]	Loss: 0.871086
Train Epoch: 4 [3800/4556 (83%)]	Loss: 0.963605
Train Epoch: 4 [4000/4556 (88%)]	Loss: 0.489781
Train Epoch: 4 [4200/4556 (92%)]	Loss: 1.249811
Train Epoch: 4 [4400/4556 (96%)]	Loss: 0.540206
Test set: Average loss: 1.8651, Accuracy: 159/1139 (13%)
Train Epoch: 5 [0/4556 (0%)]	Loss: 0.580659
Train Epoch: 5 [200/4556 (4%)]	Loss: 0.289772
Train Epoch: 5 [400/4556 (9%)]	Loss: 0.456876
Train Epoch: 5 [600/4556 (13%)]	Loss: 0.424533
Train Epoch: 5 [800/4556 (18%)]	Loss: 0.786600
Train Epoch: 5 [1000/4556 (22%)]	Loss: 0.318839
Train Epoch: 5 [1200/4556 (26%)]	Loss: 0.479552
Train Epoch: 5 [1400/4556 (31%)]	Loss: 0.799154
Train Epoch: 5 [1600/4556 (35%)]	Loss: 0.394940
Train Epoch: 5 [1800/4556 (39%)]	Loss: 0.378488
Train Epoch: 5 [2000/4556 (44%)]	Loss: 0.487781
Train Epoch: 5 [2200/4556 (48%)]	Loss: 0.496040
Train Epoch: 5 [2400/4556 (53%)]	Loss: 0.246514
Train Epoch: 5 [2600/4556 (57%)]	Loss: 0.198343
Train Epoch: 5 [2800/4556 (61%)]	Loss: 0.057158
Train Epoch: 5 [3000/4556 (66%)]	Loss: 0.371506
Train Epoch: 5 [3200/4556 (70%)]	Loss: 0.558915
Train Epoch: 5 [3400/4556 (75%)]	Loss: 0.355612
Train Epoch: 5 [3600/4556 (79%)]	Loss: 0.453821
Train Epoch: 5 [3800/4556 (83%)]	Loss: 0.270746
Train Epoch: 5 [4000/4556 (88%)]	Loss: 0.243777
Train Epoch: 5 [4200/4556 (92%)]	Loss: 0.705826
Train Epoch: 5 [4400/4556 (96%)]	Loss: 0.362913
Test set: Average loss: 3.1034, Accuracy: 159/1139 (13%)
Train Epoch: 6 [0/4556 (0%)]	Loss: 0.230351
Train Epoch: 6 [200/4556 (4%)]	Loss: 0.172617
Train Epoch: 6 [400/4556 (9%)]	Loss: 0.156238
Train Epoch: 6 [600/4556 (13%)]	Loss: 0.419397
Train Epoch: 6 [800/4556 (18%)]	Loss: 0.089788
Train Epoch: 6 [1000/4556 (22%)]	Loss: 0.438119
Train Epoch: 6 [1200/4556 (26%)]	Loss: 0.097052
Train Epoch: 6 [1400/4556 (31%)]	Loss: 0.258460
Train Epoch: 6 [1600/4556 (35%)]	Loss: 0.029838
Train Epoch: 6 [1800/4556 (39%)]	Loss: 0.016634
Train Epoch: 6 [2000/4556 (44%)]	Loss: 0.107665
Train Epoch: 6 [2200/4556 (48%)]	Loss: 0.167543
Train Epoch: 6 [2400/4556 (53%)]	Loss: 0.216409
Train Epoch: 6 [2600/4556 (57%)]	Loss: 0.079241
Train Epoch: 6 [2800/4556 (61%)]	Loss: 0.061933
Train Epoch: 6 [3000/4556 (66%)]	Loss: 0.078186
Train Epoch: 6 [3200/4556 (70%)]	Loss: 0.094650
Train Epoch: 6 [3400/4556 (75%)]	Loss: 0.225786
Train Epoch: 6 [3600/4556 (79%)]	Loss: 0.374720
Train Epoch: 6 [3800/4556 (83%)]	Loss: 0.348632
Train Epoch: 6 [4000/4556 (88%)]	Loss: 0.193190
Train Epoch: 6 [4200/4556 (92%)]	Loss: 0.464623
Train Epoch: 6 [4400/4556 (96%)]	Loss: 0.432714
Test set: Average loss: 2.2206, Accuracy: 254/1139 (22%)
Train Epoch: 7 [0/4556 (0%)]	Loss: 0.100268
Train Epoch: 7 [200/4556 (4%)]	Loss: 0.108167
Train Epoch: 7 [400/4556 (9%)]	Loss: 0.025561
Train Epoch: 7 [600/4556 (13%)]	Loss: 0.294289
Train Epoch: 7 [800/4556 (18%)]	Loss: 0.023435
Train Epoch: 7 [1000/4556 (22%)]	Loss: 0.212285
Train Epoch: 7 [1200/4556 (26%)]	Loss: 0.078677
Train Epoch: 7 [1400/4556 (31%)]	Loss: 0.049616
Train Epoch: 7 [1600/4556 (35%)]	Loss: 0.047134
Train Epoch: 7 [1800/4556 (39%)]	Loss: 0.765646
Train Epoch: 7 [2000/4556 (44%)]	Loss: 0.283496
Train Epoch: 7 [2200/4556 (48%)]	Loss: 0.138418
Train Epoch: 7 [2400/4556 (53%)]	Loss: 0.300858
Train Epoch: 7 [2600/4556 (57%)]	Loss: 0.365146
Train Epoch: 7 [2800/4556 (61%)]	Loss: 0.080581
Train Epoch: 7 [3000/4556 (66%)]	Loss: 0.212271
Train Epoch: 7 [3200/4556 (70%)]	Loss: 0.347463
Train Epoch: 7 [3400/4556 (75%)]	Loss: 0.226741
Train Epoch: 7 [3600/4556 (79%)]	Loss: 0.090766
Train Epoch: 7 [3800/4556 (83%)]	Loss: 0.203029
Train Epoch: 7 [4000/4556 (88%)]	Loss: 0.169568
Train Epoch: 7 [4200/4556 (92%)]	Loss: 0.208858
Train Epoch: 7 [4400/4556 (96%)]	Loss: 0.347934
Test set: Average loss: 1.9806, Accuracy: 267/1139 (23%)
Train Epoch: 8 [0/4556 (0%)]	Loss: 0.074662
Train Epoch: 8 [200/4556 (4%)]	Loss: 0.046417
Train Epoch: 8 [400/4556 (9%)]	Loss: 0.405524
Train Epoch: 8 [600/4556 (13%)]	Loss: 0.119451
Train Epoch: 8 [800/4556 (18%)]	Loss: 0.050951
Train Epoch: 8 [1000/4556 (22%)]	Loss: 0.320393
Train Epoch: 8 [1200/4556 (26%)]	Loss: 0.338372
Train Epoch: 8 [1400/4556 (31%)]	Loss: 0.102457
Train Epoch: 8 [1600/4556 (35%)]	Loss: 0.283284
Train Epoch: 8 [1800/4556 (39%)]	Loss: 0.222261
Train Epoch: 8 [2000/4556 (44%)]	Loss: 0.274676
Train Epoch: 8 [2200/4556 (48%)]	Loss: 0.183182
Train Epoch: 8 [2400/4556 (53%)]	Loss: 0.024915
Train Epoch: 8 [2600/4556 (57%)]	Loss: 0.017827
Train Epoch: 8 [2800/4556 (61%)]	Loss: 0.032278
Train Epoch: 8 [3000/4556 (66%)]	Loss: 0.176216
Train Epoch: 8 [3200/4556 (70%)]	Loss: 0.469855
Train Epoch: 8 [3400/4556 (75%)]	Loss: 0.069569
Train Epoch: 8 [3600/4556 (79%)]	Loss: 0.071282
Train Epoch: 8 [3800/4556 (83%)]	Loss: 0.139053
Train Epoch: 8 [4000/4556 (88%)]	Loss: 0.117121
Train Epoch: 8 [4200/4556 (92%)]	Loss: 0.132668
Train Epoch: 8 [4400/4556 (96%)]	Loss: 0.093162
Test set: Average loss: 3.1557, Accuracy: 196/1139 (17%)
Train Epoch: 9 [0/4556 (0%)]	Loss: 0.223529
Train Epoch: 9 [200/4556 (4%)]	Loss: 0.138584
Train Epoch: 9 [400/4556 (9%)]	Loss: 0.257295
Train Epoch: 9 [600/4556 (13%)]	Loss: 0.133667
Train Epoch: 9 [800/4556 (18%)]	Loss: 0.140999
Train Epoch: 9 [1000/4556 (22%)]	Loss: 0.065609
Train Epoch: 9 [1200/4556 (26%)]	Loss: 0.089111
Train Epoch: 9 [1400/4556 (31%)]	Loss: 0.119639
Train Epoch: 9 [1600/4556 (35%)]	Loss: 0.021504
Train Epoch: 9 [1800/4556 (39%)]	Loss: 0.133108
Train Epoch: 9 [2000/4556 (44%)]	Loss: 0.025808
Train Epoch: 9 [2200/4556 (48%)]	Loss: 0.027144
Train Epoch: 9 [2400/4556 (53%)]	Loss: 0.085317
Train Epoch: 9 [2600/4556 (57%)]	Loss: 0.008792
Train Epoch: 9 [2800/4556 (61%)]	Loss: 0.121668
Train Epoch: 9 [3000/4556 (66%)]	Loss: 0.151053
Train Epoch: 9 [3200/4556 (70%)]	Loss: 0.088432
Train Epoch: 9 [3400/4556 (75%)]	Loss: 0.259569
Train Epoch: 9 [3600/4556 (79%)]	Loss: 0.040679
Train Epoch: 9 [3800/4556 (83%)]	Loss: 0.009363
Train Epoch: 9 [4000/4556 (88%)]	Loss: 0.136344
Train Epoch: 9 [4200/4556 (92%)]	Loss: 0.118220
Train Epoch: 9 [4400/4556 (96%)]	Loss: 0.047544
Test set: Average loss: 2.3742, Accuracy: 371/1139 (32%)
Train Epoch: 10 [0/4556 (0%)]	Loss: 0.067085
Train Epoch: 10 [200/4556 (4%)]	Loss: 0.082861
Train Epoch: 10 [400/4556 (9%)]	Loss: 0.002862
Train Epoch: 10 [600/4556 (13%)]	Loss: 0.041455
Train Epoch: 10 [800/4556 (18%)]	Loss: 0.101364
Train Epoch: 10 [1000/4556 (22%)]	Loss: 0.352410
Train Epoch: 10 [1200/4556 (26%)]	Loss: 0.193858
Train Epoch: 10 [1400/4556 (31%)]	Loss: 0.305958
Train Epoch: 10 [1600/4556 (35%)]	Loss: 0.205100
Train Epoch: 10 [1800/4556 (39%)]	Loss: 0.036838
Train Epoch: 10 [2000/4556 (44%)]	Loss: 0.354834
Train Epoch: 10 [2200/4556 (48%)]	Loss: 0.102354
Train Epoch: 10 [2400/4556 (53%)]	Loss: 0.065734
Train Epoch: 10 [2600/4556 (57%)]	Loss: 0.296041
Train Epoch: 10 [2800/4556 (61%)]	Loss: 0.121138
Train Epoch: 10 [3000/4556 (66%)]	Loss: 0.092864
Train Epoch: 10 [3200/4556 (70%)]	Loss: 0.059611
Train Epoch: 10 [3400/4556 (75%)]	Loss: 0.258770
Train Epoch: 10 [3600/4556 (79%)]	Loss: 0.287332
Train Epoch: 10 [3800/4556 (83%)]	Loss: 0.173200
Train Epoch: 10 [4000/4556 (88%)]	Loss: 0.053656
Train Epoch: 10 [4200/4556 (92%)]	Loss: 0.038465
Train Epoch: 10 [4400/4556 (96%)]	Loss: 0.069906
Test set: Average loss: 2.8493, Accuracy: 237/1139 (20%)
Train Epoch: 11 [0/4556 (0%)]	Loss: 0.013220
Train Epoch: 11 [200/4556 (4%)]	Loss: 0.293561
Train Epoch: 11 [400/4556 (9%)]	Loss: 0.043777
Train Epoch: 11 [600/4556 (13%)]	Loss: 0.072725
Train Epoch: 11 [800/4556 (18%)]	Loss: 0.014449
Train Epoch: 11 [1000/4556 (22%)]	Loss: 0.131301
Train Epoch: 11 [1200/4556 (26%)]	Loss: 0.023240
Train Epoch: 11 [1400/4556 (31%)]	Loss: 0.002914
Train Epoch: 11 [1600/4556 (35%)]	Loss: 0.007202
Train Epoch: 11 [1800/4556 (39%)]	Loss: 0.213763
Train Epoch: 11 [2000/4556 (44%)]	Loss: 0.159133
Train Epoch: 11 [2200/4556 (48%)]	Loss: 0.004856
Train Epoch: 11 [2400/4556 (53%)]	Loss: 0.089166
Train Epoch: 11 [2600/4556 (57%)]	Loss: 0.079459
Train Epoch: 11 [2800/4556 (61%)]	Loss: 0.085268
Train Epoch: 11 [3000/4556 (66%)]	Loss: 0.124219
Train Epoch: 11 [3200/4556 (70%)]	Loss: 0.046861
Train Epoch: 11 [3400/4556 (75%)]	Loss: 0.059924
Train Epoch: 11 [3600/4556 (79%)]	Loss: 0.015449
Train Epoch: 11 [3800/4556 (83%)]	Loss: 0.041484
Train Epoch: 11 [4000/4556 (88%)]	Loss: 0.004498
Train Epoch: 11 [4200/4556 (92%)]	Loss: 0.258559
Train Epoch: 11 [4400/4556 (96%)]	Loss: 0.029137
Test set: Average loss: 2.7194, Accuracy: 481/1139 (42%)
Train Epoch: 12 [0/4556 (0%)]	Loss: 0.007412
Train Epoch: 12 [200/4556 (4%)]	Loss: 0.076164
Train Epoch: 12 [400/4556 (9%)]	Loss: 0.022182
Train Epoch: 12 [600/4556 (13%)]	Loss: 0.050212
Train Epoch: 12 [800/4556 (18%)]	Loss: 0.007183
Train Epoch: 12 [1000/4556 (22%)]	Loss: 0.282339
Train Epoch: 12 [1200/4556 (26%)]	Loss: 0.009226
Train Epoch: 12 [1400/4556 (31%)]	Loss: 0.003019
Train Epoch: 12 [1600/4556 (35%)]	Loss: 0.120389
Train Epoch: 12 [1800/4556 (39%)]	Loss: 0.013896
Train Epoch: 12 [2000/4556 (44%)]	Loss: 0.013711
Train Epoch: 12 [2200/4556 (48%)]	Loss: 0.006512
Train Epoch: 12 [2400/4556 (53%)]	Loss: 0.002856
Train Epoch: 12 [2600/4556 (57%)]	Loss: 0.023661
Train Epoch: 12 [2800/4556 (61%)]	Loss: 0.015453
Train Epoch: 12 [3000/4556 (66%)]	Loss: 0.051163
Train Epoch: 12 [3200/4556 (70%)]	Loss: 0.039229
Train Epoch: 12 [3400/4556 (75%)]	Loss: 0.024293
Train Epoch: 12 [3600/4556 (79%)]	Loss: 0.009715
Train Epoch: 12 [3800/4556 (83%)]	Loss: 0.013809
Train Epoch: 12 [4000/4556 (88%)]	Loss: 0.088476
Train Epoch: 12 [4200/4556 (92%)]	Loss: 0.016156
Train Epoch: 12 [4400/4556 (96%)]	Loss: 0.025304
Test set: Average loss: 2.3138, Accuracy: 390/1139 (34%)
Train Epoch: 13 [0/4556 (0%)]	Loss: 0.229529
Train Epoch: 13 [200/4556 (4%)]	Loss: 0.030367
Train Epoch: 13 [400/4556 (9%)]	Loss: 0.066342
Train Epoch: 13 [600/4556 (13%)]	Loss: 0.011979
Train Epoch: 13 [800/4556 (18%)]	Loss: 0.029155
Train Epoch: 13 [1000/4556 (22%)]	Loss: 0.017810
Train Epoch: 13 [1200/4556 (26%)]	Loss: 0.085185
Train Epoch: 13 [1400/4556 (31%)]	Loss: 0.005809
Train Epoch: 13 [1600/4556 (35%)]	Loss: 0.317964
Train Epoch: 13 [1800/4556 (39%)]	Loss: 0.004528
Train Epoch: 13 [2000/4556 (44%)]	Loss: 0.517768
Train Epoch: 13 [2200/4556 (48%)]	Loss: 0.047402
Train Epoch: 13 [2400/4556 (53%)]	Loss: 0.016290
Train Epoch: 13 [2600/4556 (57%)]	Loss: 0.215429
Train Epoch: 13 [2800/4556 (61%)]	Loss: 0.013537
Train Epoch: 13 [3000/4556 (66%)]	Loss: 0.202890
Train Epoch: 13 [3200/4556 (70%)]	Loss: 0.113584
Train Epoch: 13 [3400/4556 (75%)]	Loss: 0.007048
Train Epoch: 13 [3600/4556 (79%)]	Loss: 0.064029
Train Epoch: 13 [3800/4556 (83%)]	Loss: 0.006818
Train Epoch: 13 [4000/4556 (88%)]	Loss: 0.010811
Train Epoch: 13 [4200/4556 (92%)]	Loss: 0.037054
Train Epoch: 13 [4400/4556 (96%)]	Loss: 0.006499
Test set: Average loss: 2.9027, Accuracy: 197/1139 (17%)
Train Epoch: 14 [0/4556 (0%)]	Loss: 0.049161
Train Epoch: 14 [200/4556 (4%)]	Loss: 0.011677
Train Epoch: 14 [400/4556 (9%)]	Loss: 0.001252
Train Epoch: 14 [600/4556 (13%)]	Loss: 0.040330
Train Epoch: 14 [800/4556 (18%)]	Loss: 0.001010
Train Epoch: 14 [1000/4556 (22%)]	Loss: 0.006047
Train Epoch: 14 [1200/4556 (26%)]	Loss: 0.004641
Train Epoch: 14 [1400/4556 (31%)]	Loss: 0.008935
Train Epoch: 14 [1600/4556 (35%)]	Loss: 0.024701
Train Epoch: 14 [1800/4556 (39%)]	Loss: 0.014040
Train Epoch: 14 [2000/4556 (44%)]	Loss: 0.123946
Train Epoch: 14 [2200/4556 (48%)]	Loss: 0.020029
Train Epoch: 14 [2400/4556 (53%)]	Loss: 0.001212
Train Epoch: 14 [2600/4556 (57%)]	Loss: 0.051251
Train Epoch: 14 [2800/4556 (61%)]	Loss: 0.002085
Train Epoch: 14 [3000/4556 (66%)]	Loss: 0.002594
Train Epoch: 14 [3200/4556 (70%)]	Loss: 0.020655
Train Epoch: 14 [3400/4556 (75%)]	Loss: 0.100032
Train Epoch: 14 [3600/4556 (79%)]	Loss: 0.014555
Train Epoch: 14 [3800/4556 (83%)]	Loss: 0.018170
Train Epoch: 14 [4000/4556 (88%)]	Loss: 0.152482
Train Epoch: 14 [4200/4556 (92%)]	Loss: 0.031652
Train Epoch: 14 [4400/4556 (96%)]	Loss: 0.036795
Test set: Average loss: 2.8222, Accuracy: 497/1139 (43%)
Train Epoch: 15 [0/4556 (0%)]	Loss: 0.114320
Train Epoch: 15 [200/4556 (4%)]	Loss: 0.006126
Train Epoch: 15 [400/4556 (9%)]	Loss: 0.087469
Train Epoch: 15 [600/4556 (13%)]	Loss: 0.002375
Train Epoch: 15 [800/4556 (18%)]	Loss: 0.073101
Train Epoch: 15 [1000/4556 (22%)]	Loss: 0.007631
Train Epoch: 15 [1200/4556 (26%)]	Loss: 0.023073
Train Epoch: 15 [1400/4556 (31%)]	Loss: 0.000388
Train Epoch: 15 [1600/4556 (35%)]	Loss: 0.003153
Train Epoch: 15 [1800/4556 (39%)]	Loss: 0.008121
Train Epoch: 15 [2000/4556 (44%)]	Loss: 0.002843
Train Epoch: 15 [2200/4556 (48%)]	Loss: 0.001615
Train Epoch: 15 [2400/4556 (53%)]	Loss: 0.247395
Train Epoch: 15 [2600/4556 (57%)]	Loss: 0.185094
Train Epoch: 15 [2800/4556 (61%)]	Loss: 0.378120
Train Epoch: 15 [3000/4556 (66%)]	Loss: 0.030150
Train Epoch: 15 [3200/4556 (70%)]	Loss: 0.017167
Train Epoch: 15 [3400/4556 (75%)]	Loss: 0.060029
Train Epoch: 15 [3600/4556 (79%)]	Loss: 0.017364
Train Epoch: 15 [3800/4556 (83%)]	Loss: 0.020634
Train Epoch: 15 [4000/4556 (88%)]	Loss: 0.036234
Train Epoch: 15 [4200/4556 (92%)]	Loss: 0.202986
Train Epoch: 15 [4400/4556 (96%)]	Loss: 0.000919
Test set: Average loss: 2.6339, Accuracy: 201/1139 (17%)
Train Epoch: 16 [0/4556 (0%)]	Loss: 0.054365
Train Epoch: 16 [200/4556 (4%)]	Loss: 0.058528
Train Epoch: 16 [400/4556 (9%)]	Loss: 0.002066
Train Epoch: 16 [600/4556 (13%)]	Loss: 0.022778
Train Epoch: 16 [800/4556 (18%)]	Loss: 0.011157
Train Epoch: 16 [1000/4556 (22%)]	Loss: 0.058173
Train Epoch: 16 [1200/4556 (26%)]	Loss: 0.004403
Train Epoch: 16 [1400/4556 (31%)]	Loss: 0.008883
Train Epoch: 16 [1600/4556 (35%)]	Loss: 0.002377
Train Epoch: 16 [1800/4556 (39%)]	Loss: 0.004866
Train Epoch: 16 [2000/4556 (44%)]	Loss: 0.058554
Train Epoch: 16 [2200/4556 (48%)]	Loss: 0.122460
Train Epoch: 16 [2400/4556 (53%)]	Loss: 0.084467
Train Epoch: 16 [2600/4556 (57%)]	Loss: 0.007394
Train Epoch: 16 [2800/4556 (61%)]	Loss: 0.015066
Train Epoch: 16 [3000/4556 (66%)]	Loss: 0.020635
Train Epoch: 16 [3200/4556 (70%)]	Loss: 0.006098
Train Epoch: 16 [3400/4556 (75%)]	Loss: 0.005500
Train Epoch: 16 [3600/4556 (79%)]	Loss: 0.036651
Train Epoch: 16 [3800/4556 (83%)]	Loss: 0.032772
Train Epoch: 16 [4000/4556 (88%)]	Loss: 0.001957
Train Epoch: 16 [4200/4556 (92%)]	Loss: 0.028611
Train Epoch: 16 [4400/4556 (96%)]	Loss: 0.006444
Test set: Average loss: 1.9022, Accuracy: 477/1139 (41%)
Train Epoch: 17 [0/4556 (0%)]	Loss: 0.001910
Train Epoch: 17 [200/4556 (4%)]	Loss: 0.110877
Train Epoch: 17 [400/4556 (9%)]	Loss: 0.003245
Train Epoch: 17 [600/4556 (13%)]	Loss: 0.002155
Train Epoch: 17 [800/4556 (18%)]	Loss: 0.005582
Train Epoch: 17 [1000/4556 (22%)]	Loss: 0.009593
Train Epoch: 17 [1200/4556 (26%)]	Loss: 0.014514
Train Epoch: 17 [1400/4556 (31%)]	Loss: 0.000796
Train Epoch: 17 [1600/4556 (35%)]	Loss: 0.003260
Train Epoch: 17 [1800/4556 (39%)]	Loss: 0.000484
Train Epoch: 17 [2000/4556 (44%)]	Loss: 0.023827
Train Epoch: 17 [2200/4556 (48%)]	Loss: 0.009597
Train Epoch: 17 [2400/4556 (53%)]	Loss: 0.026912
Train Epoch: 17 [2600/4556 (57%)]	Loss: 0.000767
Train Epoch: 17 [2800/4556 (61%)]	Loss: 0.003547
Train Epoch: 17 [3000/4556 (66%)]	Loss: 0.001572
Train Epoch: 17 [3200/4556 (70%)]	Loss: 0.001233
Train Epoch: 17 [3400/4556 (75%)]	Loss: 0.039024
Train Epoch: 17 [3600/4556 (79%)]	Loss: 0.002659
Train Epoch: 17 [3800/4556 (83%)]	Loss: 0.157012
Train Epoch: 17 [4000/4556 (88%)]	Loss: 0.054345
Train Epoch: 17 [4200/4556 (92%)]	Loss: 0.000720
Train Epoch: 17 [4400/4556 (96%)]	Loss: 0.001390
Test set: Average loss: 2.5889, Accuracy: 201/1139 (17%)
Train Epoch: 18 [0/4556 (0%)]	Loss: 0.070037
Train Epoch: 18 [200/4556 (4%)]	Loss: 0.000938
Train Epoch: 18 [400/4556 (9%)]	Loss: 0.004138
Train Epoch: 18 [600/4556 (13%)]	Loss: 0.009143
Train Epoch: 18 [800/4556 (18%)]	Loss: 0.006792
Train Epoch: 18 [1000/4556 (22%)]	Loss: 0.000508
Train Epoch: 18 [1200/4556 (26%)]	Loss: 0.002721
Train Epoch: 18 [1400/4556 (31%)]	Loss: 0.004174
Train Epoch: 18 [1600/4556 (35%)]	Loss: 0.004021
Train Epoch: 18 [1800/4556 (39%)]	Loss: 0.003729
Train Epoch: 18 [2000/4556 (44%)]	Loss: 0.001988
Train Epoch: 18 [2200/4556 (48%)]	Loss: 0.000160
Train Epoch: 18 [2400/4556 (53%)]	Loss: 0.008189
Train Epoch: 18 [2600/4556 (57%)]	Loss: 0.007024
Train Epoch: 18 [2800/4556 (61%)]	Loss: 0.000440
Train Epoch: 18 [3000/4556 (66%)]	Loss: 0.221845
Train Epoch: 18 [3200/4556 (70%)]	Loss: 0.002246
Train Epoch: 18 [3400/4556 (75%)]	Loss: 0.115060
Train Epoch: 18 [3600/4556 (79%)]	Loss: 0.041170
Train Epoch: 18 [3800/4556 (83%)]	Loss: 0.000390
Train Epoch: 18 [4000/4556 (88%)]	Loss: 0.000610
Train Epoch: 18 [4200/4556 (92%)]	Loss: 0.005549
Train Epoch: 18 [4400/4556 (96%)]	Loss: 0.017923
Test set: Average loss: 2.2011, Accuracy: 240/1139 (21%)
Train Epoch: 19 [0/4556 (0%)]	Loss: 0.008145
Train Epoch: 19 [200/4556 (4%)]	Loss: 0.008299
Train Epoch: 19 [400/4556 (9%)]	Loss: 0.003393
Train Epoch: 19 [600/4556 (13%)]	Loss: 0.000422
Train Epoch: 19 [800/4556 (18%)]	Loss: 0.003134
Train Epoch: 19 [1000/4556 (22%)]	Loss: 0.000280
Train Epoch: 19 [1200/4556 (26%)]	Loss: 0.001771
Train Epoch: 19 [1400/4556 (31%)]	Loss: 0.004568
Train Epoch: 19 [1600/4556 (35%)]	Loss: 0.004183
Train Epoch: 19 [1800/4556 (39%)]	Loss: 0.012007
Train Epoch: 19 [2000/4556 (44%)]	Loss: 0.001938
Train Epoch: 19 [2200/4556 (48%)]	Loss: 0.002324
Train Epoch: 19 [2400/4556 (53%)]	Loss: 0.048867
Train Epoch: 19 [2600/4556 (57%)]	Loss: 0.000954
Train Epoch: 19 [2800/4556 (61%)]	Loss: 0.203744
Train Epoch: 19 [3000/4556 (66%)]	Loss: 0.010298
Train Epoch: 19 [3200/4556 (70%)]	Loss: 0.001456
Train Epoch: 19 [3400/4556 (75%)]	Loss: 0.082364
Train Epoch: 19 [3600/4556 (79%)]	Loss: 0.074226
Train Epoch: 19 [3800/4556 (83%)]	Loss: 0.007860
Train Epoch: 19 [4000/4556 (88%)]	Loss: 0.169869
Train Epoch: 19 [4200/4556 (92%)]	Loss: 0.006094
Train Epoch: 19 [4400/4556 (96%)]	Loss: 0.034459
Test set: Average loss: 2.3130, Accuracy: 287/1139 (25%)
Train Epoch: 20 [0/4556 (0%)]	Loss: 0.053477
Train Epoch: 20 [200/4556 (4%)]	Loss: 0.021052
Train Epoch: 20 [400/4556 (9%)]	Loss: 0.002215
Train Epoch: 20 [600/4556 (13%)]	Loss: 0.119102
Train Epoch: 20 [800/4556 (18%)]	Loss: 0.000208
Train Epoch: 20 [1000/4556 (22%)]	Loss: 0.002550
Train Epoch: 20 [1200/4556 (26%)]	Loss: 0.003596
Train Epoch: 20 [1400/4556 (31%)]	Loss: 0.001821
Train Epoch: 20 [1600/4556 (35%)]	Loss: 0.001913
Train Epoch: 20 [1800/4556 (39%)]	Loss: 0.007406
Train Epoch: 20 [2000/4556 (44%)]	Loss: 0.000309
Train Epoch: 20 [2200/4556 (48%)]	Loss: 0.002072
Train Epoch: 20 [2400/4556 (53%)]	Loss: 0.000574
Train Epoch: 20 [2600/4556 (57%)]	Loss: 0.006880
Train Epoch: 20 [2800/4556 (61%)]	Loss: 0.009668
Train Epoch: 20 [3000/4556 (66%)]	Loss: 0.000298
Train Epoch: 20 [3200/4556 (70%)]	Loss: 0.000616
Train Epoch: 20 [3400/4556 (75%)]	Loss: 0.002315
Train Epoch: 20 [3600/4556 (79%)]	Loss: 0.008155
Train Epoch: 20 [3800/4556 (83%)]	Loss: 0.116524
Train Epoch: 20 [4000/4556 (88%)]	Loss: 0.000381
Train Epoch: 20 [4200/4556 (92%)]	Loss: 0.002240
Train Epoch: 20 [4400/4556 (96%)]	Loss: 0.000072
Test set: Average loss: 4.1075, Accuracy: 221/1139 (19%)
Train Epoch: 21 [0/4556 (0%)]	Loss: 0.012417
Train Epoch: 21 [200/4556 (4%)]	Loss: 0.063563
Train Epoch: 21 [400/4556 (9%)]	Loss: 0.001318
Train Epoch: 21 [600/4556 (13%)]	Loss: 0.002654
Train Epoch: 21 [800/4556 (18%)]	Loss: 0.001212
Train Epoch: 21 [1000/4556 (22%)]	Loss: 0.000283
Train Epoch: 21 [1200/4556 (26%)]	Loss: 0.000066
Train Epoch: 21 [1400/4556 (31%)]	Loss: 0.000596
Train Epoch: 21 [1600/4556 (35%)]	Loss: 0.000416
Train Epoch: 21 [1800/4556 (39%)]	Loss: 0.000933
Train Epoch: 21 [2000/4556 (44%)]	Loss: 0.000275
Train Epoch: 21 [2200/4556 (48%)]	Loss: 0.359046
Train Epoch: 21 [2400/4556 (53%)]	Loss: 0.036924
Train Epoch: 21 [2600/4556 (57%)]	Loss: 0.035722
Train Epoch: 21 [2800/4556 (61%)]	Loss: 0.073133
Train Epoch: 21 [3000/4556 (66%)]	Loss: 0.024526
Train Epoch: 21 [3200/4556 (70%)]	Loss: 0.000642
Train Epoch: 21 [3400/4556 (75%)]	Loss: 0.000421
Train Epoch: 21 [3600/4556 (79%)]	Loss: 0.000448
Train Epoch: 21 [3800/4556 (83%)]	Loss: 0.020502
Train Epoch: 21 [4000/4556 (88%)]	Loss: 0.000361
Train Epoch: 21 [4200/4556 (92%)]	Loss: 0.002602
Train Epoch: 21 [4400/4556 (96%)]	Loss: 0.031392
Test set: Average loss: 2.1574, Accuracy: 620/1139 (54%)
Train Epoch: 22 [0/4556 (0%)]	Loss: 0.005073
Train Epoch: 22 [200/4556 (4%)]	Loss: 0.011894
Train Epoch: 22 [400/4556 (9%)]	Loss: 0.000209
Train Epoch: 22 [600/4556 (13%)]	Loss: 0.016017
Train Epoch: 22 [800/4556 (18%)]	Loss: 0.000508
Train Epoch: 22 [1000/4556 (22%)]	Loss: 0.001026
Train Epoch: 22 [1200/4556 (26%)]	Loss: 0.000826
Train Epoch: 22 [1400/4556 (31%)]	Loss: 0.096738
Train Epoch: 22 [1600/4556 (35%)]	Loss: 0.000327
Train Epoch: 22 [1800/4556 (39%)]	Loss: 0.000732
Train Epoch: 22 [2000/4556 (44%)]	Loss: 0.000109
Train Epoch: 22 [2200/4556 (48%)]	Loss: 0.000796
Train Epoch: 22 [2400/4556 (53%)]	Loss: 0.003481
Train Epoch: 22 [2600/4556 (57%)]	Loss: 0.000033
Train Epoch: 22 [2800/4556 (61%)]	Loss: 0.000497
Train Epoch: 22 [3000/4556 (66%)]	Loss: 0.000059
Train Epoch: 22 [3200/4556 (70%)]	Loss: 0.000222
Train Epoch: 22 [3400/4556 (75%)]	Loss: 0.000818
Train Epoch: 22 [3600/4556 (79%)]	Loss: 0.002363
Train Epoch: 22 [3800/4556 (83%)]	Loss: 0.000298
Train Epoch: 22 [4000/4556 (88%)]	Loss: 0.012897
Train Epoch: 22 [4200/4556 (92%)]	Loss: 0.015215
Train Epoch: 22 [4400/4556 (96%)]	Loss: 0.003339
Test set: Average loss: 2.6927, Accuracy: 257/1139 (22%)
Train Epoch: 23 [0/4556 (0%)]	Loss: 0.000184
Train Epoch: 23 [200/4556 (4%)]	Loss: 0.004057
Train Epoch: 23 [400/4556 (9%)]	Loss: 0.053406
Train Epoch: 23 [600/4556 (13%)]	Loss: 0.039529
Train Epoch: 23 [800/4556 (18%)]	Loss: 0.039758
Train Epoch: 23 [1000/4556 (22%)]	Loss: 0.001299
Train Epoch: 23 [1200/4556 (26%)]	Loss: 0.005672
Train Epoch: 23 [1400/4556 (31%)]	Loss: 0.038144
Train Epoch: 23 [1600/4556 (35%)]	Loss: 0.001015
Train Epoch: 23 [1800/4556 (39%)]	Loss: 0.000882
Train Epoch: 23 [2000/4556 (44%)]	Loss: 0.000213
Train Epoch: 23 [2200/4556 (48%)]	Loss: 0.004451
Train Epoch: 23 [2400/4556 (53%)]	Loss: 0.002364
Train Epoch: 23 [2600/4556 (57%)]	Loss: 0.000707
Train Epoch: 23 [2800/4556 (61%)]	Loss: 0.000788
Train Epoch: 23 [3000/4556 (66%)]	Loss: 0.006404
Train Epoch: 23 [3200/4556 (70%)]	Loss: 0.000273
Train Epoch: 23 [3400/4556 (75%)]	Loss: 0.004206
Train Epoch: 23 [3600/4556 (79%)]	Loss: 0.001132
Train Epoch: 23 [3800/4556 (83%)]	Loss: 0.001828
Train Epoch: 23 [4000/4556 (88%)]	Loss: 0.003772
Train Epoch: 23 [4200/4556 (92%)]	Loss: 0.019017
Train Epoch: 23 [4400/4556 (96%)]	Loss: 0.021997
Test set: Average loss: 3.6704, Accuracy: 320/1139 (28%)
Train Epoch: 24 [0/4556 (0%)]	Loss: 0.075043
Train Epoch: 24 [200/4556 (4%)]	Loss: 0.000425
Train Epoch: 24 [400/4556 (9%)]	Loss: 0.001513
Train Epoch: 24 [600/4556 (13%)]	Loss: 0.000939
Train Epoch: 24 [800/4556 (18%)]	Loss: 0.075593
Train Epoch: 24 [1000/4556 (22%)]	Loss: 0.001863
Train Epoch: 24 [1200/4556 (26%)]	Loss: 0.000652
Train Epoch: 24 [1400/4556 (31%)]	Loss: 0.014115
Train Epoch: 24 [1600/4556 (35%)]	Loss: 0.002393
Train Epoch: 24 [1800/4556 (39%)]	Loss: 0.000925
Train Epoch: 24 [2000/4556 (44%)]	Loss: 0.000626
Train Epoch: 24 [2200/4556 (48%)]	Loss: 0.026272
Train Epoch: 24 [2400/4556 (53%)]	Loss: 0.005802
Train Epoch: 24 [2600/4556 (57%)]	Loss: 0.000831
Train Epoch: 24 [2800/4556 (61%)]	Loss: 0.001583
Train Epoch: 24 [3000/4556 (66%)]	Loss: 0.002852
Train Epoch: 24 [3200/4556 (70%)]	Loss: 0.005805
Train Epoch: 24 [3400/4556 (75%)]	Loss: 0.013886
Train Epoch: 24 [3600/4556 (79%)]	Loss: 0.021894
Train Epoch: 24 [3800/4556 (83%)]	Loss: 0.002546
Train Epoch: 24 [4000/4556 (88%)]	Loss: 0.011723
Train Epoch: 24 [4200/4556 (92%)]	Loss: 0.002096
Train Epoch: 24 [4400/4556 (96%)]	Loss: 0.007972
Test set: Average loss: 3.6887, Accuracy: 319/1139 (28%)
Train Epoch: 25 [0/4556 (0%)]	Loss: 0.001529
Train Epoch: 25 [200/4556 (4%)]	Loss: 0.009986
Train Epoch: 25 [400/4556 (9%)]	Loss: 0.000364
Train Epoch: 25 [600/4556 (13%)]	Loss: 0.000251
Train Epoch: 25 [800/4556 (18%)]	Loss: 0.000194
Train Epoch: 25 [1000/4556 (22%)]	Loss: 0.001057
Train Epoch: 25 [1200/4556 (26%)]	Loss: 0.001619
Train Epoch: 25 [1400/4556 (31%)]	Loss: 0.000166
Train Epoch: 25 [1600/4556 (35%)]	Loss: 0.000746
Train Epoch: 25 [1800/4556 (39%)]	Loss: 0.000139
Train Epoch: 25 [2000/4556 (44%)]	Loss: 0.000449
Train Epoch: 25 [2200/4556 (48%)]	Loss: 0.002423
Train Epoch: 25 [2400/4556 (53%)]	Loss: 0.001039
Train Epoch: 25 [2600/4556 (57%)]	Loss: 0.000325
Train Epoch: 25 [2800/4556 (61%)]	Loss: 0.004022
Train Epoch: 25 [3000/4556 (66%)]	Loss: 0.000022
Train Epoch: 25 [3200/4556 (70%)]	Loss: 0.000144
Train Epoch: 25 [3400/4556 (75%)]	Loss: 0.000064
Train Epoch: 25 [3600/4556 (79%)]	Loss: 0.002580
Train Epoch: 25 [3800/4556 (83%)]	Loss: 0.005412
Train Epoch: 25 [4000/4556 (88%)]	Loss: 0.000194
Train Epoch: 25 [4200/4556 (92%)]	Loss: 0.000475
Train Epoch: 25 [4400/4556 (96%)]	Loss: 0.000047
Test set: Average loss: 1.6929, Accuracy: 799/1139 (70%)
Train Epoch: 26 [0/4556 (0%)]	Loss: 0.000451
Train Epoch: 26 [200/4556 (4%)]	Loss: 0.000307
Train Epoch: 26 [400/4556 (9%)]	Loss: 0.003338
Train Epoch: 26 [600/4556 (13%)]	Loss: 0.000092
Train Epoch: 26 [800/4556 (18%)]	Loss: 0.003066
Train Epoch: 26 [1000/4556 (22%)]	Loss: 0.007427
Train Epoch: 26 [1200/4556 (26%)]	Loss: 0.000211
Train Epoch: 26 [1400/4556 (31%)]	Loss: 0.006980
Train Epoch: 26 [1600/4556 (35%)]	Loss: 0.001307
Train Epoch: 26 [1800/4556 (39%)]	Loss: 0.002311
Train Epoch: 26 [2000/4556 (44%)]	Loss: 0.014102
Train Epoch: 26 [2200/4556 (48%)]	Loss: 0.000111
Train Epoch: 26 [2400/4556 (53%)]	Loss: 0.073371
Train Epoch: 26 [2600/4556 (57%)]	Loss: 0.000127
Train Epoch: 26 [2800/4556 (61%)]	Loss: 0.001363
Train Epoch: 26 [3000/4556 (66%)]	Loss: 0.036435
Train Epoch: 26 [3200/4556 (70%)]	Loss: 0.002991
Train Epoch: 26 [3400/4556 (75%)]	Loss: 0.000940
Train Epoch: 26 [3600/4556 (79%)]	Loss: 0.000174
Train Epoch: 26 [3800/4556 (83%)]	Loss: 0.000941
Train Epoch: 26 [4000/4556 (88%)]	Loss: 0.000274
Train Epoch: 26 [4200/4556 (92%)]	Loss: 0.009078
Train Epoch: 26 [4400/4556 (96%)]	Loss: 0.000011
Test set: Average loss: 1.7147, Accuracy: 809/1139 (71%)
Train Epoch: 27 [0/4556 (0%)]	Loss: 0.000360
Train Epoch: 27 [200/4556 (4%)]	Loss: 0.000239
Train Epoch: 27 [400/4556 (9%)]	Loss: 0.001011
Train Epoch: 27 [600/4556 (13%)]	Loss: 0.000136
Train Epoch: 27 [800/4556 (18%)]	Loss: 0.000050
Train Epoch: 27 [1000/4556 (22%)]	Loss: 0.001736
Train Epoch: 27 [1200/4556 (26%)]	Loss: 0.000077
Train Epoch: 27 [1400/4556 (31%)]	Loss: 0.000115
Train Epoch: 27 [1600/4556 (35%)]	Loss: 0.001844
Train Epoch: 27 [1800/4556 (39%)]	Loss: 0.000628
Train Epoch: 27 [2000/4556 (44%)]	Loss: 0.000586
Train Epoch: 27 [2200/4556 (48%)]	Loss: 0.000022
Train Epoch: 27 [2400/4556 (53%)]	Loss: 0.000377
Train Epoch: 27 [2600/4556 (57%)]	Loss: 0.000024
Train Epoch: 27 [2800/4556 (61%)]	Loss: 0.000042
Train Epoch: 27 [3000/4556 (66%)]	Loss: 0.000064
Train Epoch: 27 [3200/4556 (70%)]	Loss: 0.006902
Train Epoch: 27 [3400/4556 (75%)]	Loss: 0.000071
Train Epoch: 27 [3600/4556 (79%)]	Loss: 0.001301
Train Epoch: 27 [3800/4556 (83%)]	Loss: 0.000106
Train Epoch: 27 [4000/4556 (88%)]	Loss: 0.000014
Train Epoch: 27 [4200/4556 (92%)]	Loss: 0.002006
Train Epoch: 27 [4400/4556 (96%)]	Loss: 0.000119
Test set: Average loss: 1.6808, Accuracy: 812/1139 (71%)
Train Epoch: 28 [0/4556 (0%)]	Loss: 0.000083
Train Epoch: 28 [200/4556 (4%)]	Loss: 0.000195
Train Epoch: 28 [400/4556 (9%)]	Loss: 0.000052
Train Epoch: 28 [600/4556 (13%)]	Loss: 0.000599
Train Epoch: 28 [800/4556 (18%)]	Loss: 0.000058
Train Epoch: 28 [1000/4556 (22%)]	Loss: 0.001096
Train Epoch: 28 [1200/4556 (26%)]	Loss: 0.001122
Train Epoch: 28 [1400/4556 (31%)]	Loss: 0.000189
Train Epoch: 28 [1600/4556 (35%)]	Loss: 0.000088
Train Epoch: 28 [1800/4556 (39%)]	Loss: 0.000084
Train Epoch: 28 [2000/4556 (44%)]	Loss: 0.000052
Train Epoch: 28 [2200/4556 (48%)]	Loss: 0.000037
Train Epoch: 28 [2400/4556 (53%)]	Loss: 0.000065
Train Epoch: 28 [2600/4556 (57%)]	Loss: 0.000086
Train Epoch: 28 [2800/4556 (61%)]	Loss: 0.000127
Train Epoch: 28 [3000/4556 (66%)]	Loss: 0.000059
Train Epoch: 28 [3200/4556 (70%)]	Loss: 0.000688
Train Epoch: 28 [3400/4556 (75%)]	Loss: 0.000016
Train Epoch: 28 [3600/4556 (79%)]	Loss: 0.000103
Train Epoch: 28 [3800/4556 (83%)]	Loss: 0.004504
Train Epoch: 28 [4000/4556 (88%)]	Loss: 0.000047
Train Epoch: 28 [4200/4556 (92%)]	Loss: 0.000508
Train Epoch: 28 [4400/4556 (96%)]	Loss: 0.000141
Test set: Average loss: 1.6974, Accuracy: 816/1139 (71%)
Train Epoch: 29 [0/4556 (0%)]	Loss: 0.000176
Train Epoch: 29 [200/4556 (4%)]	Loss: 0.000259
Train Epoch: 29 [400/4556 (9%)]	Loss: 0.000058
Train Epoch: 29 [600/4556 (13%)]	Loss: 0.000181
Train Epoch: 29 [800/4556 (18%)]	Loss: 0.000618
Train Epoch: 29 [1000/4556 (22%)]	Loss: 0.000178
Train Epoch: 29 [1200/4556 (26%)]	Loss: 0.000072
Train Epoch: 29 [1400/4556 (31%)]	Loss: 0.000044
Train Epoch: 29 [1600/4556 (35%)]	Loss: 0.000418
Train Epoch: 29 [1800/4556 (39%)]	Loss: 0.000013
Train Epoch: 29 [2000/4556 (44%)]	Loss: 0.000026
Train Epoch: 29 [2200/4556 (48%)]	Loss: 0.000342
Train Epoch: 29 [2400/4556 (53%)]	Loss: 0.004719
Train Epoch: 29 [2600/4556 (57%)]	Loss: 0.000117
Train Epoch: 29 [2800/4556 (61%)]	Loss: 0.000130
Train Epoch: 29 [3000/4556 (66%)]	Loss: 0.000333
Train Epoch: 29 [3200/4556 (70%)]	Loss: 0.000049
Train Epoch: 29 [3400/4556 (75%)]	Loss: 0.000047
Train Epoch: 29 [3600/4556 (79%)]	Loss: 0.000079
Train Epoch: 29 [3800/4556 (83%)]	Loss: 0.000175
Train Epoch: 29 [4000/4556 (88%)]	Loss: 0.000007
Train Epoch: 29 [4200/4556 (92%)]	Loss: 0.000118
Train Epoch: 29 [4400/4556 (96%)]	Loss: 0.000613
Test set: Average loss: 1.8042, Accuracy: 812/1139 (71%)
Train Epoch: 30 [0/4556 (0%)]	Loss: 0.000008
Train Epoch: 30 [200/4556 (4%)]	Loss: 0.003278
Train Epoch: 30 [400/4556 (9%)]	Loss: 0.000020
Train Epoch: 30 [600/4556 (13%)]	Loss: 0.000073
Train Epoch: 30 [800/4556 (18%)]	Loss: 0.000653
Train Epoch: 30 [1000/4556 (22%)]	Loss: 0.000008
Train Epoch: 30 [1200/4556 (26%)]	Loss: 0.000005
Train Epoch: 30 [1400/4556 (31%)]	Loss: 0.007333
Train Epoch: 30 [1600/4556 (35%)]	Loss: 0.000013
Train Epoch: 30 [1800/4556 (39%)]	Loss: 0.000137
Train Epoch: 30 [2000/4556 (44%)]	Loss: 0.001036
Train Epoch: 30 [2200/4556 (48%)]	Loss: 0.000009
Train Epoch: 30 [2400/4556 (53%)]	Loss: 0.000459
Train Epoch: 30 [2600/4556 (57%)]	Loss: 0.000032
Train Epoch: 30 [2800/4556 (61%)]	Loss: 0.000122
Train Epoch: 30 [3000/4556 (66%)]	Loss: 0.000013
Train Epoch: 30 [3200/4556 (70%)]	Loss: 0.000081
Train Epoch: 30 [3400/4556 (75%)]	Loss: 0.000011
Train Epoch: 30 [3600/4556 (79%)]	Loss: 0.000043
Train Epoch: 30 [3800/4556 (83%)]	Loss: 0.000051
Train Epoch: 30 [4000/4556 (88%)]	Loss: 0.000038
Train Epoch: 30 [4200/4556 (92%)]	Loss: 0.000023
Train Epoch: 30 [4400/4556 (96%)]	Loss: 0.000231
Test set: Average loss: 1.9138, Accuracy: 804/1139 (70%)
Train Epoch: 31 [0/4556 (0%)]	Loss: 0.000011
Train Epoch: 31 [200/4556 (4%)]	Loss: 0.000014
Train Epoch: 31 [400/4556 (9%)]	Loss: 0.000021
Train Epoch: 31 [600/4556 (13%)]	Loss: 0.000071
Train Epoch: 31 [800/4556 (18%)]	Loss: 0.000028
Train Epoch: 31 [1000/4556 (22%)]	Loss: 0.000003
Train Epoch: 31 [1200/4556 (26%)]	Loss: 0.000611
Train Epoch: 31 [1400/4556 (31%)]	Loss: 0.000801
Train Epoch: 31 [1600/4556 (35%)]	Loss: 0.000003
Train Epoch: 31 [1800/4556 (39%)]	Loss: 0.000135
Train Epoch: 31 [2000/4556 (44%)]	Loss: 0.000042
Train Epoch: 31 [2200/4556 (48%)]	Loss: 0.000006
Train Epoch: 31 [2400/4556 (53%)]	Loss: 0.000016
Train Epoch: 31 [2600/4556 (57%)]	Loss: 0.000021
Train Epoch: 31 [2800/4556 (61%)]	Loss: 0.000010
Train Epoch: 31 [3000/4556 (66%)]	Loss: 0.000032
Train Epoch: 31 [3200/4556 (70%)]	Loss: 0.000039
Train Epoch: 31 [3400/4556 (75%)]	Loss: 0.000045
Train Epoch: 31 [3600/4556 (79%)]	Loss: 0.000004
Train Epoch: 31 [3800/4556 (83%)]	Loss: 0.002716
Train Epoch: 31 [4000/4556 (88%)]	Loss: 0.000004
Train Epoch: 31 [4200/4556 (92%)]	Loss: 0.000015
Train Epoch: 31 [4400/4556 (96%)]	Loss: 0.000264
Test set: Average loss: 1.7936, Accuracy: 825/1139 (72%)
Train Epoch: 32 [0/4556 (0%)]	Loss: 0.000002
Train Epoch: 32 [200/4556 (4%)]	Loss: 0.000013
Train Epoch: 32 [400/4556 (9%)]	Loss: 0.000080
Train Epoch: 32 [600/4556 (13%)]	Loss: 0.000024
Train Epoch: 32 [800/4556 (18%)]	Loss: 0.000013
Train Epoch: 32 [1000/4556 (22%)]	Loss: 0.000094
Train Epoch: 32 [1200/4556 (26%)]	Loss: 0.000080
Train Epoch: 32 [1400/4556 (31%)]	Loss: 0.000112
Train Epoch: 32 [1600/4556 (35%)]	Loss: 0.000013
Train Epoch: 32 [1800/4556 (39%)]	Loss: 0.000004
Train Epoch: 32 [2000/4556 (44%)]	Loss: 0.000026
Train Epoch: 32 [2200/4556 (48%)]	Loss: 0.000030
Train Epoch: 32 [2400/4556 (53%)]	Loss: 0.000002
Train Epoch: 32 [2600/4556 (57%)]	Loss: 0.000012
Train Epoch: 32 [2800/4556 (61%)]	Loss: 0.000020
Train Epoch: 32 [3000/4556 (66%)]	Loss: 0.000014
Train Epoch: 32 [3200/4556 (70%)]	Loss: 0.000019
Train Epoch: 32 [3400/4556 (75%)]	Loss: 0.000021
Train Epoch: 32 [3600/4556 (79%)]	Loss: 0.003004
Train Epoch: 32 [3800/4556 (83%)]	Loss: 0.000127
Train Epoch: 32 [4000/4556 (88%)]	Loss: 0.000119
Train Epoch: 32 [4200/4556 (92%)]	Loss: 0.000109
Train Epoch: 32 [4400/4556 (96%)]	Loss: 0.000022
Test set: Average loss: 1.8810, Accuracy: 822/1139 (72%)
Train Epoch: 33 [0/4556 (0%)]	Loss: 0.000084
Train Epoch: 33 [200/4556 (4%)]	Loss: 0.000006
Train Epoch: 33 [400/4556 (9%)]	Loss: 0.000409
Train Epoch: 33 [600/4556 (13%)]	Loss: 0.000074
Train Epoch: 33 [800/4556 (18%)]	Loss: 0.000016
Train Epoch: 33 [1000/4556 (22%)]	Loss: 0.000151
Train Epoch: 33 [1200/4556 (26%)]	Loss: 0.000013
Train Epoch: 33 [1400/4556 (31%)]	Loss: 0.000520
Train Epoch: 33 [1600/4556 (35%)]	Loss: 0.000073
Train Epoch: 33 [1800/4556 (39%)]	Loss: 0.000037
Train Epoch: 33 [2000/4556 (44%)]	Loss: 0.000003
Train Epoch: 33 [2200/4556 (48%)]	Loss: 0.000047
Train Epoch: 33 [2400/4556 (53%)]	Loss: 0.000048
Train Epoch: 33 [2600/4556 (57%)]	Loss: 0.000237
Train Epoch: 33 [2800/4556 (61%)]	Loss: 0.000002
Train Epoch: 33 [3000/4556 (66%)]	Loss: 0.000001
Train Epoch: 33 [3200/4556 (70%)]	Loss: 0.000003
Train Epoch: 33 [3400/4556 (75%)]	Loss: 0.000143
Train Epoch: 33 [3600/4556 (79%)]	Loss: 0.000005
Train Epoch: 33 [3800/4556 (83%)]	Loss: 0.000139
Train Epoch: 33 [4000/4556 (88%)]	Loss: 0.000038
Train Epoch: 33 [4200/4556 (92%)]	Loss: 0.000009
Train Epoch: 33 [4400/4556 (96%)]	Loss: 0.000071
Test set: Average loss: 1.9354, Accuracy: 785/1139 (68%)
Train Epoch: 34 [0/4556 (0%)]	Loss: 0.000097
Train Epoch: 34 [200/4556 (4%)]	Loss: 0.000014
Train Epoch: 34 [400/4556 (9%)]	Loss: 0.002138
Train Epoch: 34 [600/4556 (13%)]	Loss: 0.000022
Train Epoch: 34 [800/4556 (18%)]	Loss: 0.000912
Train Epoch: 34 [1000/4556 (22%)]	Loss: 0.000101
Train Epoch: 34 [1200/4556 (26%)]	Loss: 0.000277
Train Epoch: 34 [1400/4556 (31%)]	Loss: 0.000020
Train Epoch: 34 [1600/4556 (35%)]	Loss: 0.000133
Train Epoch: 34 [1800/4556 (39%)]	Loss: 0.000647
Train Epoch: 34 [2000/4556 (44%)]	Loss: 0.000001
Train Epoch: 34 [2200/4556 (48%)]	Loss: 0.000096
Train Epoch: 34 [2400/4556 (53%)]	Loss: 0.000008
Train Epoch: 34 [2600/4556 (57%)]	Loss: 0.000137
Train Epoch: 34 [2800/4556 (61%)]	Loss: 0.000032
Train Epoch: 34 [3000/4556 (66%)]	Loss: 0.002128
Train Epoch: 34 [3200/4556 (70%)]	Loss: 0.000042
Train Epoch: 34 [3400/4556 (75%)]	Loss: 0.000044
Train Epoch: 34 [3600/4556 (79%)]	Loss: 0.000013
Train Epoch: 34 [3800/4556 (83%)]	Loss: 0.000006
Train Epoch: 34 [4000/4556 (88%)]	Loss: 0.000012
Train Epoch: 34 [4200/4556 (92%)]	Loss: 0.000005
Train Epoch: 34 [4400/4556 (96%)]	Loss: 0.000009
Test set: Average loss: 1.8789, Accuracy: 815/1139 (71%)
Train Epoch: 35 [0/4556 (0%)]	Loss: 0.000023
Train Epoch: 35 [200/4556 (4%)]	Loss: 0.000020
Train Epoch: 35 [400/4556 (9%)]	Loss: 0.000040
Train Epoch: 35 [600/4556 (13%)]	Loss: 0.000019
Train Epoch: 35 [800/4556 (18%)]	Loss: 0.000048
Train Epoch: 35 [1000/4556 (22%)]	Loss: 0.000085
Train Epoch: 35 [1200/4556 (26%)]	Loss: 0.000571
Train Epoch: 35 [1400/4556 (31%)]	Loss: 0.000196
Train Epoch: 35 [1600/4556 (35%)]	Loss: 0.000066
Train Epoch: 35 [1800/4556 (39%)]	Loss: 0.000106
Train Epoch: 35 [2000/4556 (44%)]	Loss: 0.000017
Train Epoch: 35 [2200/4556 (48%)]	Loss: 0.000002
Train Epoch: 35 [2400/4556 (53%)]	Loss: 0.000009
Train Epoch: 35 [2600/4556 (57%)]	Loss: 0.000197
Train Epoch: 35 [2800/4556 (61%)]	Loss: 0.000334
Train Epoch: 35 [3000/4556 (66%)]	Loss: 0.000002
Train Epoch: 35 [3200/4556 (70%)]	Loss: 0.000008
Train Epoch: 35 [3400/4556 (75%)]	Loss: 0.000161
Train Epoch: 35 [3600/4556 (79%)]	Loss: 0.000030
Train Epoch: 35 [3800/4556 (83%)]	Loss: 0.000032
Train Epoch: 35 [4000/4556 (88%)]	Loss: 0.000029
Train Epoch: 35 [4200/4556 (92%)]	Loss: 0.000027
Train Epoch: 35 [4400/4556 (96%)]	Loss: 0.000003
Test set: Average loss: 1.9182, Accuracy: 826/1139 (72%)
Train Epoch: 36 [0/4556 (0%)]	Loss: 0.000001
Train Epoch: 36 [200/4556 (4%)]	Loss: 0.000023
Train Epoch: 36 [400/4556 (9%)]	Loss: 0.000006
Train Epoch: 36 [600/4556 (13%)]	Loss: 0.000080
Train Epoch: 36 [800/4556 (18%)]	Loss: 0.000012
Train Epoch: 36 [1000/4556 (22%)]	Loss: 0.000008
Train Epoch: 36 [1200/4556 (26%)]	Loss: 0.000063
Train Epoch: 36 [1400/4556 (31%)]	Loss: 0.000014
Train Epoch: 36 [1600/4556 (35%)]	Loss: 0.000016
Train Epoch: 36 [1800/4556 (39%)]	Loss: 0.000017
Train Epoch: 36 [2000/4556 (44%)]	Loss: 0.001376
Train Epoch: 36 [2200/4556 (48%)]	Loss: 0.000018
Train Epoch: 36 [2400/4556 (53%)]	Loss: 0.000011
Train Epoch: 36 [2600/4556 (57%)]	Loss: 0.000024
Train Epoch: 36 [2800/4556 (61%)]	Loss: 0.000006
Train Epoch: 36 [3000/4556 (66%)]	Loss: 0.000018
Train Epoch: 36 [3200/4556 (70%)]	Loss: 0.000009
Train Epoch: 36 [3400/4556 (75%)]	Loss: 0.000000
Train Epoch: 36 [3600/4556 (79%)]	Loss: 0.000006
Train Epoch: 36 [3800/4556 (83%)]	Loss: 0.000001
Train Epoch: 36 [4000/4556 (88%)]	Loss: 0.000226
Train Epoch: 36 [4200/4556 (92%)]	Loss: 0.000001
Train Epoch: 36 [4400/4556 (96%)]	Loss: 0.000014
Test set: Average loss: 1.8880, Accuracy: 823/1139 (72%)
Train Epoch: 37 [0/4556 (0%)]	Loss: 0.000060
Train Epoch: 37 [200/4556 (4%)]	Loss: 0.000043
Train Epoch: 37 [400/4556 (9%)]	Loss: 0.000029
Train Epoch: 37 [600/4556 (13%)]	Loss: 0.000013
Train Epoch: 37 [800/4556 (18%)]	Loss: 0.000058
Train Epoch: 37 [1000/4556 (22%)]	Loss: 0.000056
Train Epoch: 37 [1200/4556 (26%)]	Loss: 0.000006
Train Epoch: 37 [1400/4556 (31%)]	Loss: 0.000042
Train Epoch: 37 [1600/4556 (35%)]	Loss: 0.000027
Train Epoch: 37 [1800/4556 (39%)]	Loss: 0.000023
Train Epoch: 37 [2000/4556 (44%)]	Loss: 0.000094
Train Epoch: 37 [2200/4556 (48%)]	Loss: 0.000031
Train Epoch: 37 [2400/4556 (53%)]	Loss: 0.000359
Train Epoch: 37 [2600/4556 (57%)]	Loss: 0.000598
Train Epoch: 37 [2800/4556 (61%)]	Loss: 0.000012
Train Epoch: 37 [3000/4556 (66%)]	Loss: 0.000067
Train Epoch: 37 [3200/4556 (70%)]	Loss: 0.000008
Train Epoch: 37 [3400/4556 (75%)]	Loss: 0.000002
Train Epoch: 37 [3600/4556 (79%)]	Loss: 0.000038
Train Epoch: 37 [3800/4556 (83%)]	Loss: 0.000037
Train Epoch: 37 [4000/4556 (88%)]	Loss: 0.000036
Train Epoch: 37 [4200/4556 (92%)]	Loss: 0.000014
Train Epoch: 37 [4400/4556 (96%)]	Loss: 0.000011
Test set: Average loss: 1.9316, Accuracy: 827/1139 (72%)
Train Epoch: 38 [0/4556 (0%)]	Loss: 0.000001
Train Epoch: 38 [200/4556 (4%)]	Loss: 0.000006
Train Epoch: 38 [400/4556 (9%)]	Loss: 0.000015
Train Epoch: 38 [600/4556 (13%)]	Loss: 0.000013
Train Epoch: 38 [800/4556 (18%)]	Loss: 0.000266
Train Epoch: 38 [1000/4556 (22%)]	Loss: 0.000057
Train Epoch: 38 [1200/4556 (26%)]	Loss: 0.000005
Train Epoch: 38 [1400/4556 (31%)]	Loss: 0.000060
Train Epoch: 38 [1600/4556 (35%)]	Loss: 0.000037
Train Epoch: 38 [1800/4556 (39%)]	Loss: 0.000161
Train Epoch: 38 [2000/4556 (44%)]	Loss: 0.000036
Train Epoch: 38 [2200/4556 (48%)]	Loss: 0.000003
Train Epoch: 38 [2400/4556 (53%)]	Loss: 0.000058
Train Epoch: 38 [2600/4556 (57%)]	Loss: 0.000014
Train Epoch: 38 [2800/4556 (61%)]	Loss: 0.000023
Train Epoch: 38 [3000/4556 (66%)]	Loss: 0.000003
Train Epoch: 38 [3200/4556 (70%)]	Loss: 0.000010
Train Epoch: 38 [3400/4556 (75%)]	Loss: 0.000004
Train Epoch: 38 [3600/4556 (79%)]	Loss: 0.000001
Train Epoch: 38 [3800/4556 (83%)]	Loss: 0.000027
Train Epoch: 38 [4000/4556 (88%)]	Loss: 0.000073
Train Epoch: 38 [4200/4556 (92%)]	Loss: 0.006855
Train Epoch: 38 [4400/4556 (96%)]	Loss: 0.000009
Test set: Average loss: 1.9358, Accuracy: 818/1139 (71%)
Train Epoch: 39 [0/4556 (0%)]	Loss: 0.001209
Train Epoch: 39 [200/4556 (4%)]	Loss: 0.000003
Train Epoch: 39 [400/4556 (9%)]	Loss: 0.000085
Train Epoch: 39 [600/4556 (13%)]	Loss: 0.000009
Train Epoch: 39 [800/4556 (18%)]	Loss: 0.000004
Train Epoch: 39 [1000/4556 (22%)]	Loss: 0.000024
Train Epoch: 39 [1200/4556 (26%)]	Loss: 0.000021
Train Epoch: 39 [1400/4556 (31%)]	Loss: 0.000001
Train Epoch: 39 [1600/4556 (35%)]	Loss: 0.000020
Train Epoch: 39 [1800/4556 (39%)]	Loss: 0.000006
Train Epoch: 39 [2000/4556 (44%)]	Loss: 0.000038
Train Epoch: 39 [2200/4556 (48%)]	Loss: 0.000050
Train Epoch: 39 [2400/4556 (53%)]	Loss: 0.000004
Train Epoch: 39 [2600/4556 (57%)]	Loss: 0.000111
Train Epoch: 39 [2800/4556 (61%)]	Loss: 0.000000
Train Epoch: 39 [3000/4556 (66%)]	Loss: 0.000002
Train Epoch: 39 [3200/4556 (70%)]	Loss: 0.000012
Train Epoch: 39 [3400/4556 (75%)]	Loss: 0.000011
Train Epoch: 39 [3600/4556 (79%)]	Loss: 0.000012
Train Epoch: 39 [3800/4556 (83%)]	Loss: 0.058785
Train Epoch: 39 [4000/4556 (88%)]	Loss: 0.000023
Train Epoch: 39 [4200/4556 (92%)]	Loss: 0.000003
Train Epoch: 39 [4400/4556 (96%)]	Loss: 0.000065
Test set: Average loss: 1.9320, Accuracy: 824/1139 (72%)
Train Epoch: 40 [0/4556 (0%)]	Loss: 0.000021
Train Epoch: 40 [200/4556 (4%)]	Loss: 0.000008
Train Epoch: 40 [400/4556 (9%)]	Loss: 0.000072
Train Epoch: 40 [600/4556 (13%)]	Loss: 0.000032
Train Epoch: 40 [800/4556 (18%)]	Loss: 0.000006
Train Epoch: 40 [1000/4556 (22%)]	Loss: 0.002990
Train Epoch: 40 [1200/4556 (26%)]	Loss: 0.000099
Train Epoch: 40 [1400/4556 (31%)]	Loss: 0.000001
Train Epoch: 40 [1600/4556 (35%)]	Loss: 0.000005
Train Epoch: 40 [1800/4556 (39%)]	Loss: 0.000001
Train Epoch: 40 [2000/4556 (44%)]	Loss: 0.000027
Train Epoch: 40 [2200/4556 (48%)]	Loss: 0.000028
Train Epoch: 40 [2400/4556 (53%)]	Loss: 0.000003
Train Epoch: 40 [2600/4556 (57%)]	Loss: 0.000040
Train Epoch: 40 [2800/4556 (61%)]	Loss: 0.000007
Train Epoch: 40 [3000/4556 (66%)]	Loss: 0.000002
Train Epoch: 40 [3200/4556 (70%)]	Loss: 0.000009
Train Epoch: 40 [3400/4556 (75%)]	Loss: 0.000001
Train Epoch: 40 [3600/4556 (79%)]	Loss: 0.000008
Train Epoch: 40 [3800/4556 (83%)]	Loss: 0.000061
Train Epoch: 40 [4000/4556 (88%)]	Loss: 0.000012
Train Epoch: 40 [4200/4556 (92%)]	Loss: 0.000008
Train Epoch: 40 [4400/4556 (96%)]	Loss: 0.000006
Test set: Average loss: 1.9124, Accuracy: 827/1139 (72%)
Train Epoch: 41 [0/4556 (0%)]	Loss: 0.000008
Train Epoch: 41 [200/4556 (4%)]	Loss: 0.000123
Train Epoch: 41 [400/4556 (9%)]	Loss: 0.000002
Train Epoch: 41 [600/4556 (13%)]	Loss: 0.000009
Train Epoch: 41 [800/4556 (18%)]	Loss: 0.000002
Train Epoch: 41 [1000/4556 (22%)]	Loss: 0.000042
Train Epoch: 41 [1200/4556 (26%)]	Loss: 0.000314
Train Epoch: 41 [1400/4556 (31%)]	Loss: 0.000016
Train Epoch: 41 [1600/4556 (35%)]	Loss: 0.000655
Train Epoch: 41 [1800/4556 (39%)]	Loss: 0.000006
Train Epoch: 41 [2000/4556 (44%)]	Loss: 0.000019
Train Epoch: 41 [2200/4556 (48%)]	Loss: 0.000011
Train Epoch: 41 [2400/4556 (53%)]	Loss: 0.000000
Train Epoch: 41 [2600/4556 (57%)]	Loss: 0.000033
Train Epoch: 41 [2800/4556 (61%)]	Loss: 0.000003
Train Epoch: 41 [3000/4556 (66%)]	Loss: 0.000002
Train Epoch: 41 [3200/4556 (70%)]	Loss: 0.000023
Train Epoch: 41 [3400/4556 (75%)]	Loss: 0.000040
Train Epoch: 41 [3600/4556 (79%)]	Loss: 0.000077
Train Epoch: 41 [3800/4556 (83%)]	Loss: 0.000945
Train Epoch: 41 [4000/4556 (88%)]	Loss: 0.000014
Train Epoch: 41 [4200/4556 (92%)]	Loss: 0.000003
Train Epoch: 41 [4400/4556 (96%)]	Loss: 0.000011
Test set: Average loss: 1.9361, Accuracy: 819/1139 (71%)
Train Epoch: 42 [0/4556 (0%)]	Loss: 0.000021
Train Epoch: 42 [200/4556 (4%)]	Loss: 0.000113
Train Epoch: 42 [400/4556 (9%)]	Loss: 0.000003
Train Epoch: 42 [600/4556 (13%)]	Loss: 0.000013
Train Epoch: 42 [800/4556 (18%)]	Loss: 0.000005
Train Epoch: 42 [1000/4556 (22%)]	Loss: 0.000004
Train Epoch: 42 [1200/4556 (26%)]	Loss: 0.000005
Train Epoch: 42 [1400/4556 (31%)]	Loss: 0.000009
Train Epoch: 42 [1600/4556 (35%)]	Loss: 0.000027
Train Epoch: 42 [1800/4556 (39%)]	Loss: 0.000162
Train Epoch: 42 [2000/4556 (44%)]	Loss: 0.000104
Train Epoch: 42 [2200/4556 (48%)]	Loss: 0.000000
Train Epoch: 42 [2400/4556 (53%)]	Loss: 0.000002
Train Epoch: 42 [2600/4556 (57%)]	Loss: 0.000006
Train Epoch: 42 [2800/4556 (61%)]	Loss: 0.000001
Train Epoch: 42 [3000/4556 (66%)]	Loss: 0.000028
Train Epoch: 42 [3200/4556 (70%)]	Loss: 0.000005
Train Epoch: 42 [3400/4556 (75%)]	Loss: 0.000007
Train Epoch: 42 [3600/4556 (79%)]	Loss: 0.000132
Train Epoch: 42 [3800/4556 (83%)]	Loss: 0.000050
Train Epoch: 42 [4000/4556 (88%)]	Loss: 0.000018
Train Epoch: 42 [4200/4556 (92%)]	Loss: 0.000022
Train Epoch: 42 [4400/4556 (96%)]	Loss: 0.000352
Test set: Average loss: 1.9689, Accuracy: 821/1139 (72%)
Train Epoch: 43 [0/4556 (0%)]	Loss: 0.000013
Train Epoch: 43 [200/4556 (4%)]	Loss: 0.000006
Train Epoch: 43 [400/4556 (9%)]	Loss: 0.000059
Train Epoch: 43 [600/4556 (13%)]	Loss: 0.000007
Train Epoch: 43 [800/4556 (18%)]	Loss: 0.000002
Train Epoch: 43 [1000/4556 (22%)]	Loss: 0.000012
Train Epoch: 43 [1200/4556 (26%)]	Loss: 0.000002
Train Epoch: 43 [1400/4556 (31%)]	Loss: 0.000001
Train Epoch: 43 [1600/4556 (35%)]	Loss: 0.000696
Train Epoch: 43 [1800/4556 (39%)]	Loss: 0.000002
Train Epoch: 43 [2000/4556 (44%)]	Loss: 0.000003
Train Epoch: 43 [2200/4556 (48%)]	Loss: 0.000003
Train Epoch: 43 [2400/4556 (53%)]	Loss: 0.000004
Train Epoch: 43 [2600/4556 (57%)]	Loss: 0.000007
Train Epoch: 43 [2800/4556 (61%)]	Loss: 0.000027
Train Epoch: 43 [3000/4556 (66%)]	Loss: 0.000003
Train Epoch: 43 [3200/4556 (70%)]	Loss: 0.000082
Train Epoch: 43 [3400/4556 (75%)]	Loss: 0.000030
Train Epoch: 43 [3600/4556 (79%)]	Loss: 0.000007
Train Epoch: 43 [3800/4556 (83%)]	Loss: 0.000001
Train Epoch: 43 [4000/4556 (88%)]	Loss: 0.000001
Train Epoch: 43 [4200/4556 (92%)]	Loss: 0.000001
Train Epoch: 43 [4400/4556 (96%)]	Loss: 0.002324
Test set: Average loss: 2.0144, Accuracy: 811/1139 (71%)
Train Epoch: 44 [0/4556 (0%)]	Loss: 0.000000
Train Epoch: 44 [200/4556 (4%)]	Loss: 0.000008
Train Epoch: 44 [400/4556 (9%)]	Loss: 0.000004
Train Epoch: 44 [600/4556 (13%)]	Loss: 0.000026
Train Epoch: 44 [800/4556 (18%)]	Loss: 0.000002
Train Epoch: 44 [1000/4556 (22%)]	Loss: 0.000105
Train Epoch: 44 [1200/4556 (26%)]	Loss: 0.000035
Train Epoch: 44 [1400/4556 (31%)]	Loss: 0.000036
Train Epoch: 44 [1600/4556 (35%)]	Loss: 0.000259
Train Epoch: 44 [1800/4556 (39%)]	Loss: 0.000024
Train Epoch: 44 [2000/4556 (44%)]	Loss: 0.000002
Train Epoch: 44 [2200/4556 (48%)]	Loss: 0.000100
Train Epoch: 44 [2400/4556 (53%)]	Loss: 0.000173
Train Epoch: 44 [2600/4556 (57%)]	Loss: 0.000007
Train Epoch: 44 [2800/4556 (61%)]	Loss: 0.000037
Train Epoch: 44 [3000/4556 (66%)]	Loss: 0.000013
Train Epoch: 44 [3200/4556 (70%)]	Loss: 0.000143
Train Epoch: 44 [3400/4556 (75%)]	Loss: 0.000028
Train Epoch: 44 [3600/4556 (79%)]	Loss: 0.000067
Train Epoch: 44 [3800/4556 (83%)]	Loss: 0.001846
Train Epoch: 44 [4000/4556 (88%)]	Loss: 0.000002
Train Epoch: 44 [4200/4556 (92%)]	Loss: 0.000095
Train Epoch: 44 [4400/4556 (96%)]	Loss: 0.000003
Test set: Average loss: 1.9397, Accuracy: 821/1139 (72%)
Train Epoch: 45 [0/4556 (0%)]	Loss: 0.000020
Train Epoch: 45 [200/4556 (4%)]	Loss: 0.000007
Train Epoch: 45 [400/4556 (9%)]	Loss: 0.000001
Train Epoch: 45 [600/4556 (13%)]	Loss: 0.000005
Train Epoch: 45 [800/4556 (18%)]	Loss: 0.000017
Train Epoch: 45 [1000/4556 (22%)]	Loss: 0.000018
Train Epoch: 45 [1200/4556 (26%)]	Loss: 0.000012
Train Epoch: 45 [1400/4556 (31%)]	Loss: 0.000004
Train Epoch: 45 [1600/4556 (35%)]	Loss: 0.000008
Train Epoch: 45 [1800/4556 (39%)]	Loss: 0.000019
Train Epoch: 45 [2000/4556 (44%)]	Loss: 0.000007
Train Epoch: 45 [2200/4556 (48%)]	Loss: 0.000003
Train Epoch: 45 [2400/4556 (53%)]	Loss: 0.000003
Train Epoch: 45 [2600/4556 (57%)]	Loss: 0.000009
Train Epoch: 45 [2800/4556 (61%)]	Loss: 0.000098
Train Epoch: 45 [3000/4556 (66%)]	Loss: 0.000001
Train Epoch: 45 [3200/4556 (70%)]	Loss: 0.000003
Train Epoch: 45 [3400/4556 (75%)]	Loss: 0.000017
Train Epoch: 45 [3600/4556 (79%)]	Loss: 0.000002
Train Epoch: 45 [3800/4556 (83%)]	Loss: 0.000024
Train Epoch: 45 [4000/4556 (88%)]	Loss: 0.000000
Train Epoch: 45 [4200/4556 (92%)]	Loss: 0.000001
Train Epoch: 45 [4400/4556 (96%)]	Loss: 0.000011
Test set: Average loss: 1.9868, Accuracy: 824/1139 (72%)
Train Epoch: 46 [0/4556 (0%)]	Loss: 0.000010
Train Epoch: 46 [200/4556 (4%)]	Loss: 0.000053
Train Epoch: 46 [400/4556 (9%)]	Loss: 0.000005
Train Epoch: 46 [600/4556 (13%)]	Loss: 0.000011
Train Epoch: 46 [800/4556 (18%)]	Loss: 0.000006
Train Epoch: 46 [1000/4556 (22%)]	Loss: 0.000005
Train Epoch: 46 [1200/4556 (26%)]	Loss: 0.000001
Train Epoch: 46 [1400/4556 (31%)]	Loss: 0.000002
Train Epoch: 46 [1600/4556 (35%)]	Loss: 0.000021
Train Epoch: 46 [1800/4556 (39%)]	Loss: 0.000005
Train Epoch: 46 [2000/4556 (44%)]	Loss: 0.000000
Train Epoch: 46 [2200/4556 (48%)]	Loss: 0.000004
Train Epoch: 46 [2400/4556 (53%)]	Loss: 0.000064
Train Epoch: 46 [2600/4556 (57%)]	Loss: 0.000002
Train Epoch: 46 [2800/4556 (61%)]	Loss: 0.000008
Train Epoch: 46 [3000/4556 (66%)]	Loss: 0.000002
Train Epoch: 46 [3200/4556 (70%)]	Loss: 0.000012
Train Epoch: 46 [3400/4556 (75%)]	Loss: 0.000021
Train Epoch: 46 [3600/4556 (79%)]	Loss: 0.000001
Train Epoch: 46 [3800/4556 (83%)]	Loss: 0.000008
Train Epoch: 46 [4000/4556 (88%)]	Loss: 0.000003
Train Epoch: 46 [4200/4556 (92%)]	Loss: 0.000001
Train Epoch: 46 [4400/4556 (96%)]	Loss: 0.000008
Test set: Average loss: 1.9914, Accuracy: 831/1139 (72%)
Train Epoch: 47 [0/4556 (0%)]	Loss: 0.000006
Train Epoch: 47 [200/4556 (4%)]	Loss: 0.000012
Train Epoch: 47 [400/4556 (9%)]	Loss: 0.000211
Train Epoch: 47 [600/4556 (13%)]	Loss: 0.000003
Train Epoch: 47 [800/4556 (18%)]	Loss: 0.000000
Train Epoch: 47 [1000/4556 (22%)]	Loss: 0.000082
Train Epoch: 47 [1200/4556 (26%)]	Loss: 0.000002
Train Epoch: 47 [1400/4556 (31%)]	Loss: 0.000005
Train Epoch: 47 [1600/4556 (35%)]	Loss: 0.000006
Train Epoch: 47 [1800/4556 (39%)]	Loss: 0.000005
Train Epoch: 47 [2000/4556 (44%)]	Loss: 0.000050
Train Epoch: 47 [2200/4556 (48%)]	Loss: 0.000008
Train Epoch: 47 [2400/4556 (53%)]	Loss: 0.000005
Train Epoch: 47 [2600/4556 (57%)]	Loss: 0.000001
Train Epoch: 47 [2800/4556 (61%)]	Loss: 0.000010
Train Epoch: 47 [3000/4556 (66%)]	Loss: 0.000004
Train Epoch: 47 [3200/4556 (70%)]	Loss: 0.000004
Train Epoch: 47 [3400/4556 (75%)]	Loss: 0.000003
Train Epoch: 47 [3600/4556 (79%)]	Loss: 0.000013
Train Epoch: 47 [3800/4556 (83%)]	Loss: 0.000000
Train Epoch: 47 [4000/4556 (88%)]	Loss: 0.000033
Train Epoch: 47 [4200/4556 (92%)]	Loss: 0.000016
Train Epoch: 47 [4400/4556 (96%)]	Loss: 0.000015
Test set: Average loss: 1.9771, Accuracy: 825/1139 (72%)
Train Epoch: 48 [0/4556 (0%)]	Loss: 0.000061
Train Epoch: 48 [200/4556 (4%)]	Loss: 0.000007
Train Epoch: 48 [400/4556 (9%)]	Loss: 0.000420
Train Epoch: 48 [600/4556 (13%)]	Loss: 0.000037
Train Epoch: 48 [800/4556 (18%)]	Loss: 0.000001
Train Epoch: 48 [1000/4556 (22%)]	Loss: 0.000004
Train Epoch: 48 [1200/4556 (26%)]	Loss: 0.000175
Train Epoch: 48 [1400/4556 (31%)]	Loss: 0.000038
Train Epoch: 48 [1600/4556 (35%)]	Loss: 0.000014
Train Epoch: 48 [1800/4556 (39%)]	Loss: 0.000003
Train Epoch: 48 [2000/4556 (44%)]	Loss: 0.000011
Train Epoch: 48 [2200/4556 (48%)]	Loss: 0.000065
Train Epoch: 48 [2400/4556 (53%)]	Loss: 0.000036
Train Epoch: 48 [2600/4556 (57%)]	Loss: 0.000004
Train Epoch: 48 [2800/4556 (61%)]	Loss: 0.000001
Train Epoch: 48 [3000/4556 (66%)]	Loss: 0.000001
Train Epoch: 48 [3200/4556 (70%)]	Loss: 0.000020
Train Epoch: 48 [3400/4556 (75%)]	Loss: 0.000007
Train Epoch: 48 [3600/4556 (79%)]	Loss: 0.000214
Train Epoch: 48 [3800/4556 (83%)]	Loss: 0.000001
Train Epoch: 48 [4000/4556 (88%)]	Loss: 0.000001
Train Epoch: 48 [4200/4556 (92%)]	Loss: 0.000002
Train Epoch: 48 [4400/4556 (96%)]	Loss: 0.000012
Test set: Average loss: 2.0536, Accuracy: 806/1139 (70%)
Train Epoch: 49 [0/4556 (0%)]	Loss: 0.000003
Train Epoch: 49 [200/4556 (4%)]	Loss: 0.000033
Train Epoch: 49 [400/4556 (9%)]	Loss: 0.000003
Train Epoch: 49 [600/4556 (13%)]	Loss: 0.000029
Train Epoch: 49 [800/4556 (18%)]	Loss: 0.000003
Train Epoch: 49 [1000/4556 (22%)]	Loss: 0.000009
Train Epoch: 49 [1200/4556 (26%)]	Loss: 0.000001
Train Epoch: 49 [1400/4556 (31%)]	Loss: 0.000000
Train Epoch: 49 [1600/4556 (35%)]	Loss: 0.000004
Train Epoch: 49 [1800/4556 (39%)]	Loss: 0.000010
Train Epoch: 49 [2000/4556 (44%)]	Loss: 0.000002
Train Epoch: 49 [2200/4556 (48%)]	Loss: 0.000000
Train Epoch: 49 [2400/4556 (53%)]	Loss: 0.000001
Train Epoch: 49 [2600/4556 (57%)]	Loss: 0.000014
Train Epoch: 49 [2800/4556 (61%)]	Loss: 0.000008
Train Epoch: 49 [3000/4556 (66%)]	Loss: 0.000017
Train Epoch: 49 [3200/4556 (70%)]	Loss: 0.000022
Train Epoch: 49 [3400/4556 (75%)]	Loss: 0.000002
Train Epoch: 49 [3600/4556 (79%)]	Loss: 0.000001
Train Epoch: 49 [3800/4556 (83%)]	Loss: 0.000296
Train Epoch: 49 [4000/4556 (88%)]	Loss: 0.000043
Train Epoch: 49 [4200/4556 (92%)]	Loss: 0.000028
Train Epoch: 49 [4400/4556 (96%)]	Loss: 0.000009
Test set: Average loss: 2.0179, Accuracy: 830/1139 (72%)
Train Epoch: 50 [0/4556 (0%)]	Loss: 0.000001
Train Epoch: 50 [200/4556 (4%)]	Loss: 0.000002
Train Epoch: 50 [400/4556 (9%)]	Loss: 0.000002
Train Epoch: 50 [600/4556 (13%)]	Loss: 0.000018
Train Epoch: 50 [800/4556 (18%)]	Loss: 0.000019
Train Epoch: 50 [1000/4556 (22%)]	Loss: 0.001128
Train Epoch: 50 [1200/4556 (26%)]	Loss: 0.000000
Train Epoch: 50 [1400/4556 (31%)]	Loss: 0.000101
Train Epoch: 50 [1600/4556 (35%)]	Loss: 0.000032
Train Epoch: 50 [1800/4556 (39%)]	Loss: 0.000003
Train Epoch: 50 [2000/4556 (44%)]	Loss: 0.000009
Train Epoch: 50 [2200/4556 (48%)]	Loss: 0.000002
Train Epoch: 50 [2400/4556 (53%)]	Loss: 0.030376
Train Epoch: 50 [2600/4556 (57%)]	Loss: 0.003223
Train Epoch: 50 [2800/4556 (61%)]	Loss: 0.000002
Train Epoch: 50 [3000/4556 (66%)]	Loss: 0.000002
Train Epoch: 50 [3200/4556 (70%)]	Loss: 0.000002
Train Epoch: 50 [3400/4556 (75%)]	Loss: 0.000020
Train Epoch: 50 [3600/4556 (79%)]	Loss: 0.000006
Train Epoch: 50 [3800/4556 (83%)]	Loss: 0.000009
Train Epoch: 50 [4000/4556 (88%)]	Loss: 0.000003
Train Epoch: 50 [4200/4556 (92%)]	Loss: 0.000037
Train Epoch: 50 [4400/4556 (96%)]	Loss: 0.000007
Test set: Average loss: 1.9684, Accuracy: 824/1139 (72%)
Train Epoch: 51 [0/4556 (0%)]	Loss: 0.000049
Train Epoch: 51 [200/4556 (4%)]	Loss: 0.000005
Train Epoch: 51 [400/4556 (9%)]	Loss: 0.000010
Train Epoch: 51 [600/4556 (13%)]	Loss: 0.000005
Train Epoch: 51 [800/4556 (18%)]	Loss: 0.000004
Train Epoch: 51 [1000/4556 (22%)]	Loss: 0.000001
Train Epoch: 51 [1200/4556 (26%)]	Loss: 0.000027
Train Epoch: 51 [1400/4556 (31%)]	Loss: 0.000003
Train Epoch: 51 [1600/4556 (35%)]	Loss: 0.000016
Train Epoch: 51 [1800/4556 (39%)]	Loss: 0.000010
Train Epoch: 51 [2000/4556 (44%)]	Loss: 0.000003
Train Epoch: 51 [2200/4556 (48%)]	Loss: 0.000002
Train Epoch: 51 [2400/4556 (53%)]	Loss: 0.000003
Train Epoch: 51 [2600/4556 (57%)]	Loss: 0.000004
Train Epoch: 51 [2800/4556 (61%)]	Loss: 0.000063
Train Epoch: 51 [3000/4556 (66%)]	Loss: 0.000000
Train Epoch: 51 [3200/4556 (70%)]	Loss: 0.000010
Train Epoch: 51 [3400/4556 (75%)]	Loss: 0.000002
Train Epoch: 51 [3600/4556 (79%)]	Loss: 0.000001
Train Epoch: 51 [3800/4556 (83%)]	Loss: 0.000001
Train Epoch: 51 [4000/4556 (88%)]	Loss: 0.000017
Train Epoch: 51 [4200/4556 (92%)]	Loss: 0.000003
Train Epoch: 51 [4400/4556 (96%)]	Loss: 0.000001
Test set: Average loss: 1.9933, Accuracy: 825/1139 (72%)
Train Epoch: 52 [0/4556 (0%)]	Loss: 0.000002
Train Epoch: 52 [200/4556 (4%)]	Loss: 0.000002
Train Epoch: 52 [400/4556 (9%)]	Loss: 0.000014
Train Epoch: 52 [600/4556 (13%)]	Loss: 0.000009
Train Epoch: 52 [800/4556 (18%)]	Loss: 0.000005
Train Epoch: 52 [1000/4556 (22%)]	Loss: 0.000032
Train Epoch: 52 [1200/4556 (26%)]	Loss: 0.000013
Train Epoch: 52 [1400/4556 (31%)]	Loss: 0.000163
Train Epoch: 52 [1600/4556 (35%)]	Loss: 0.000001
Train Epoch: 52 [1800/4556 (39%)]	Loss: 0.000002
Train Epoch: 52 [2000/4556 (44%)]	Loss: 0.000010
Train Epoch: 52 [2200/4556 (48%)]	Loss: 0.000003
Train Epoch: 52 [2400/4556 (53%)]	Loss: 0.000022
Train Epoch: 52 [2600/4556 (57%)]	Loss: 0.000010
Train Epoch: 52 [2800/4556 (61%)]	Loss: 0.000002
Train Epoch: 52 [3000/4556 (66%)]	Loss: 0.000000
Train Epoch: 52 [3200/4556 (70%)]	Loss: 0.000001
Train Epoch: 52 [3400/4556 (75%)]	Loss: 0.000009
Train Epoch: 52 [3600/4556 (79%)]	Loss: 0.000029
Train Epoch: 52 [3800/4556 (83%)]	Loss: 0.000011
Train Epoch: 52 [4000/4556 (88%)]	Loss: 0.000312
Train Epoch: 52 [4200/4556 (92%)]	Loss: 0.000005
Train Epoch: 52 [4400/4556 (96%)]	Loss: 0.000094
Test set: Average loss: 1.9817, Accuracy: 824/1139 (72%)
Train Epoch: 53 [0/4556 (0%)]	Loss: 0.000002
Train Epoch: 53 [200/4556 (4%)]	Loss: 0.000019
Train Epoch: 53 [400/4556 (9%)]	Loss: 0.000025
Train Epoch: 53 [600/4556 (13%)]	Loss: 0.000012
Train Epoch: 53 [800/4556 (18%)]	Loss: 0.000020
Train Epoch: 53 [1000/4556 (22%)]	Loss: 0.000002
Train Epoch: 53 [1200/4556 (26%)]	Loss: 0.000004
Train Epoch: 53 [1400/4556 (31%)]	Loss: 0.000034
Train Epoch: 53 [1600/4556 (35%)]	Loss: 0.000003
Train Epoch: 53 [1800/4556 (39%)]	Loss: 0.000001
Train Epoch: 53 [2000/4556 (44%)]	Loss: 0.000000
Train Epoch: 53 [2200/4556 (48%)]	Loss: 0.000018
Train Epoch: 53 [2400/4556 (53%)]	Loss: 0.000002
Train Epoch: 53 [2600/4556 (57%)]	Loss: 0.000001
Train Epoch: 53 [2800/4556 (61%)]	Loss: 0.000017
Train Epoch: 53 [3000/4556 (66%)]	Loss: 0.000003
Train Epoch: 53 [3200/4556 (70%)]	Loss: 0.000024
Train Epoch: 53 [3400/4556 (75%)]	Loss: 0.000004
Train Epoch: 53 [3600/4556 (79%)]	Loss: 0.000001
Train Epoch: 53 [3800/4556 (83%)]	Loss: 0.000037
Train Epoch: 53 [4000/4556 (88%)]	Loss: 0.000028
Train Epoch: 53 [4200/4556 (92%)]	Loss: 0.000012
Train Epoch: 53 [4400/4556 (96%)]	Loss: 0.000005
Test set: Average loss: 2.0618, Accuracy: 809/1139 (71%)
Train Epoch: 54 [0/4556 (0%)]	Loss: 0.000001
Train Epoch: 54 [200/4556 (4%)]	Loss: 0.000000
Train Epoch: 54 [400/4556 (9%)]	Loss: 0.000012
Train Epoch: 54 [600/4556 (13%)]	Loss: 0.000030
Train Epoch: 54 [800/4556 (18%)]	Loss: 0.000001
Train Epoch: 54 [1000/4556 (22%)]	Loss: 0.000083
Train Epoch: 54 [1200/4556 (26%)]	Loss: 0.042935
Train Epoch: 54 [1400/4556 (31%)]	Loss: 0.000657
Train Epoch: 54 [1600/4556 (35%)]	Loss: 0.000016
Train Epoch: 54 [1800/4556 (39%)]	Loss: 0.000006
Train Epoch: 54 [2000/4556 (44%)]	Loss: 0.000023
Train Epoch: 54 [2200/4556 (48%)]	Loss: 0.000002
Train Epoch: 54 [2400/4556 (53%)]	Loss: 0.000007
Train Epoch: 54 [2600/4556 (57%)]	Loss: 0.000004
Train Epoch: 54 [2800/4556 (61%)]	Loss: 0.000003
Train Epoch: 54 [3000/4556 (66%)]	Loss: 0.000001
Train Epoch: 54 [3200/4556 (70%)]	Loss: 0.000113
Train Epoch: 54 [3400/4556 (75%)]	Loss: 0.000001
Train Epoch: 54 [3600/4556 (79%)]	Loss: 0.072125
Train Epoch: 54 [3800/4556 (83%)]	Loss: 0.000005
Train Epoch: 54 [4000/4556 (88%)]	Loss: 0.000008
Train Epoch: 54 [4200/4556 (92%)]	Loss: 0.000021
Train Epoch: 54 [4400/4556 (96%)]	Loss: 0.000001
Test set: Average loss: 2.0391, Accuracy: 822/1139 (72%)
Train Epoch: 55 [0/4556 (0%)]	Loss: 0.000002
Train Epoch: 55 [200/4556 (4%)]	Loss: 0.000005
Train Epoch: 55 [400/4556 (9%)]	Loss: 0.000073
Train Epoch: 55 [600/4556 (13%)]	Loss: 0.000345
Train Epoch: 55 [800/4556 (18%)]	Loss: 0.000000
Train Epoch: 55 [1000/4556 (22%)]	Loss: 0.000012
Train Epoch: 55 [1200/4556 (26%)]	Loss: 0.000007
Train Epoch: 55 [1400/4556 (31%)]	Loss: 0.000003
Train Epoch: 55 [1600/4556 (35%)]	Loss: 0.000001
Train Epoch: 55 [1800/4556 (39%)]	Loss: 0.000009
Train Epoch: 55 [2000/4556 (44%)]	Loss: 0.000002
Train Epoch: 55 [2200/4556 (48%)]	Loss: 0.000009
Train Epoch: 55 [2400/4556 (53%)]	Loss: 0.000001
Train Epoch: 55 [2600/4556 (57%)]	Loss: 0.000011
Train Epoch: 55 [2800/4556 (61%)]	Loss: 0.000004
Train Epoch: 55 [3000/4556 (66%)]	Loss: 0.000003
Train Epoch: 55 [3200/4556 (70%)]	Loss: 0.000004
Train Epoch: 55 [3400/4556 (75%)]	Loss: 0.000002
Train Epoch: 55 [3600/4556 (79%)]	Loss: 0.000001
Train Epoch: 55 [3800/4556 (83%)]	Loss: 0.000025
Train Epoch: 55 [4000/4556 (88%)]	Loss: 0.000000
Train Epoch: 55 [4200/4556 (92%)]	Loss: 0.000007
Train Epoch: 55 [4400/4556 (96%)]	Loss: 0.000030
Test set: Average loss: 2.0163, Accuracy: 824/1139 (72%)
Train Epoch: 56 [0/4556 (0%)]	Loss: 0.000001
Train Epoch: 56 [200/4556 (4%)]	Loss: 0.000075
Train Epoch: 56 [400/4556 (9%)]	Loss: 0.000003
Train Epoch: 56 [600/4556 (13%)]	Loss: 0.000017
Train Epoch: 56 [800/4556 (18%)]	Loss: 0.000000
Train Epoch: 56 [1000/4556 (22%)]	Loss: 0.000003
Train Epoch: 56 [1200/4556 (26%)]	Loss: 0.000000
Train Epoch: 56 [1400/4556 (31%)]	Loss: 0.000017
Train Epoch: 56 [1600/4556 (35%)]	Loss: 0.000001
Train Epoch: 56 [1800/4556 (39%)]	Loss: 0.000002
Train Epoch: 56 [2000/4556 (44%)]	Loss: 0.000286
Train Epoch: 56 [2200/4556 (48%)]	Loss: 0.000016
Train Epoch: 56 [2400/4556 (53%)]	Loss: 0.000021
Train Epoch: 56 [2600/4556 (57%)]	Loss: 0.000000
Train Epoch: 56 [2800/4556 (61%)]	Loss: 0.000004
Train Epoch: 56 [3000/4556 (66%)]	Loss: 0.000015
Train Epoch: 56 [3200/4556 (70%)]	Loss: 0.000024
Train Epoch: 56 [3400/4556 (75%)]	Loss: 0.000001
Train Epoch: 56 [3600/4556 (79%)]	Loss: 0.000003
Train Epoch: 56 [3800/4556 (83%)]	Loss: 0.073578
Train Epoch: 56 [4000/4556 (88%)]	Loss: 0.000001
Train Epoch: 56 [4200/4556 (92%)]	Loss: 0.000011
Train Epoch: 56 [4400/4556 (96%)]	Loss: 0.000035
Test set: Average loss: 2.0371, Accuracy: 825/1139 (72%)
Train Epoch: 57 [0/4556 (0%)]	Loss: 0.000001
Train Epoch: 57 [200/4556 (4%)]	Loss: 0.000002
Train Epoch: 57 [400/4556 (9%)]	Loss: 0.000001
Train Epoch: 57 [600/4556 (13%)]	Loss: 0.000030
Train Epoch: 57 [800/4556 (18%)]	Loss: 0.000003
Train Epoch: 57 [1000/4556 (22%)]	Loss: 0.000030
Train Epoch: 57 [1200/4556 (26%)]	Loss: 0.000005
Train Epoch: 57 [1400/4556 (31%)]	Loss: 0.000002
Train Epoch: 57 [1600/4556 (35%)]	Loss: 0.000003
Train Epoch: 57 [1800/4556 (39%)]	Loss: 0.000046
Train Epoch: 57 [2000/4556 (44%)]	Loss: 0.000000
Train Epoch: 57 [2200/4556 (48%)]	Loss: 0.000000
Train Epoch: 57 [2400/4556 (53%)]	Loss: 0.000002
Train Epoch: 57 [2600/4556 (57%)]	Loss: 0.000003
Train Epoch: 57 [2800/4556 (61%)]	Loss: 0.000001
Train Epoch: 57 [3000/4556 (66%)]	Loss: 0.000002
Train Epoch: 57 [3200/4556 (70%)]	Loss: 0.001375
Train Epoch: 57 [3400/4556 (75%)]	Loss: 0.000006
Train Epoch: 57 [3600/4556 (79%)]	Loss: 0.000002
Train Epoch: 57 [3800/4556 (83%)]	Loss: 0.000160
Train Epoch: 57 [4000/4556 (88%)]	Loss: 0.000054
Train Epoch: 57 [4200/4556 (92%)]	Loss: 0.000123
Train Epoch: 57 [4400/4556 (96%)]	Loss: 0.000012
Test set: Average loss: 1.9719, Accuracy: 832/1139 (73%)
Train Epoch: 58 [0/4556 (0%)]	Loss: 0.000016
Train Epoch: 58 [200/4556 (4%)]	Loss: 0.000005
Train Epoch: 58 [400/4556 (9%)]	Loss: 0.000013
Train Epoch: 58 [600/4556 (13%)]	Loss: 0.000001
Train Epoch: 58 [800/4556 (18%)]	Loss: 0.000005
Train Epoch: 58 [1000/4556 (22%)]	Loss: 0.000007
Train Epoch: 58 [1200/4556 (26%)]	Loss: 0.000020
Train Epoch: 58 [1400/4556 (31%)]	Loss: 0.000159
Train Epoch: 58 [1600/4556 (35%)]	Loss: 0.000005
Train Epoch: 58 [1800/4556 (39%)]	Loss: 0.000024
Train Epoch: 58 [2000/4556 (44%)]	Loss: 0.000004
Train Epoch: 58 [2200/4556 (48%)]	Loss: 0.000001
Train Epoch: 58 [2400/4556 (53%)]	Loss: 0.000001
Train Epoch: 58 [2600/4556 (57%)]	Loss: 0.000004
Train Epoch: 58 [2800/4556 (61%)]	Loss: 0.000001
Train Epoch: 58 [3000/4556 (66%)]	Loss: 0.000002
Train Epoch: 58 [3200/4556 (70%)]	Loss: 0.000010
Train Epoch: 58 [3400/4556 (75%)]	Loss: 0.000084
Train Epoch: 58 [3600/4556 (79%)]	Loss: 0.000005
Train Epoch: 58 [3800/4556 (83%)]	Loss: 0.000007
Train Epoch: 58 [4000/4556 (88%)]	Loss: 0.000016
Train Epoch: 58 [4200/4556 (92%)]	Loss: 0.000166
Train Epoch: 58 [4400/4556 (96%)]	Loss: 0.000109
Test set: Average loss: 2.0186, Accuracy: 828/1139 (72%)
Train Epoch: 59 [0/4556 (0%)]	Loss: 0.000001
Train Epoch: 59 [200/4556 (4%)]	Loss: 0.000001
Train Epoch: 59 [400/4556 (9%)]	Loss: 0.000002
Train Epoch: 59 [600/4556 (13%)]	Loss: 0.000247
Train Epoch: 59 [800/4556 (18%)]	Loss: 0.000000
Train Epoch: 59 [1000/4556 (22%)]	Loss: 0.000743
Train Epoch: 59 [1200/4556 (26%)]	Loss: 0.000834
Train Epoch: 59 [1400/4556 (31%)]	Loss: 0.000036
Train Epoch: 59 [1600/4556 (35%)]	Loss: 0.000014
Train Epoch: 59 [1800/4556 (39%)]	Loss: 0.000001
Train Epoch: 59 [2000/4556 (44%)]	Loss: 0.000025
Train Epoch: 59 [2200/4556 (48%)]	Loss: 0.000003
Train Epoch: 59 [2400/4556 (53%)]	Loss: 0.000038
Train Epoch: 59 [2600/4556 (57%)]	Loss: 0.000017
Train Epoch: 59 [2800/4556 (61%)]	Loss: 0.000001
Train Epoch: 59 [3000/4556 (66%)]	Loss: 0.000008
Train Epoch: 59 [3200/4556 (70%)]	Loss: 0.000002
Train Epoch: 59 [3400/4556 (75%)]	Loss: 0.000001
Train Epoch: 59 [3600/4556 (79%)]	Loss: 0.000002
Train Epoch: 59 [3800/4556 (83%)]	Loss: 0.000025
Train Epoch: 59 [4000/4556 (88%)]	Loss: 0.000013
Train Epoch: 59 [4200/4556 (92%)]	Loss: 0.000003
Train Epoch: 59 [4400/4556 (96%)]	Loss: 0.000000
Test set: Average loss: 1.9756, Accuracy: 830/1139 (72%)
Train Epoch: 60 [0/4556 (0%)]	Loss: 0.000016
Train Epoch: 60 [200/4556 (4%)]	Loss: 0.000010
Train Epoch: 60 [400/4556 (9%)]	Loss: 0.000868
Train Epoch: 60 [600/4556 (13%)]	Loss: 0.000002
Train Epoch: 60 [800/4556 (18%)]	Loss: 0.000003
Train Epoch: 60 [1000/4556 (22%)]	Loss: 0.000030
Train Epoch: 60 [1200/4556 (26%)]	Loss: 0.000020
Train Epoch: 60 [1400/4556 (31%)]	Loss: 0.000005
Train Epoch: 60 [1600/4556 (35%)]	Loss: 0.000000
Train Epoch: 60 [1800/4556 (39%)]	Loss: 0.000002
Train Epoch: 60 [2000/4556 (44%)]	Loss: 0.000003
Train Epoch: 60 [2200/4556 (48%)]	Loss: 0.000007
Train Epoch: 60 [2400/4556 (53%)]	Loss: 0.000025
Train Epoch: 60 [2600/4556 (57%)]	Loss: 0.000190
Train Epoch: 60 [2800/4556 (61%)]	Loss: 0.000003
Train Epoch: 60 [3000/4556 (66%)]	Loss: 0.000000
Train Epoch: 60 [3200/4556 (70%)]	Loss: 0.000005
Train Epoch: 60 [3400/4556 (75%)]	Loss: 0.000058
Train Epoch: 60 [3600/4556 (79%)]	Loss: 0.000002
Train Epoch: 60 [3800/4556 (83%)]	Loss: 0.000005
Train Epoch: 60 [4000/4556 (88%)]	Loss: 0.000005
Train Epoch: 60 [4200/4556 (92%)]	Loss: 0.000028
Train Epoch: 60 [4400/4556 (96%)]	Loss: 0.000001
Test set: Average loss: 1.9889, Accuracy: 832/1139 (73%)
