getting datasets
finished
trainning pant_length_labels:
Train Epoch: 1 [0/5968 (0%)]	Loss: 2.114194
Train Epoch: 1 [200/5968 (3%)]	Loss: 1.908175
Train Epoch: 1 [400/5968 (7%)]	Loss: 1.659854
Train Epoch: 1 [600/5968 (10%)]	Loss: 1.606631
Train Epoch: 1 [800/5968 (13%)]	Loss: 1.250070
Train Epoch: 1 [1000/5968 (17%)]	Loss: 1.453372
Train Epoch: 1 [1200/5968 (20%)]	Loss: 1.424667
Train Epoch: 1 [1400/5968 (23%)]	Loss: 1.281339
Train Epoch: 1 [1600/5968 (27%)]	Loss: 1.356328
Train Epoch: 1 [1800/5968 (30%)]	Loss: 1.167789
Train Epoch: 1 [2000/5968 (33%)]	Loss: 1.006534
Train Epoch: 1 [2200/5968 (37%)]	Loss: 0.750323
Train Epoch: 1 [2400/5968 (40%)]	Loss: 1.267415
Train Epoch: 1 [2600/5968 (43%)]	Loss: 1.369008
Train Epoch: 1 [2800/5968 (47%)]	Loss: 0.770964
Train Epoch: 1 [3000/5968 (50%)]	Loss: 0.993682
Train Epoch: 1 [3200/5968 (54%)]	Loss: 0.804410
Train Epoch: 1 [3400/5968 (57%)]	Loss: 1.352874
Train Epoch: 1 [3600/5968 (60%)]	Loss: 1.149231
Train Epoch: 1 [3800/5968 (64%)]	Loss: 0.740435
Train Epoch: 1 [4000/5968 (67%)]	Loss: 0.911059
Train Epoch: 1 [4200/5968 (70%)]	Loss: 0.751466
Train Epoch: 1 [4400/5968 (74%)]	Loss: 0.804506
Train Epoch: 1 [4600/5968 (77%)]	Loss: 0.674060
Train Epoch: 1 [4800/5968 (80%)]	Loss: 0.684143
Train Epoch: 1 [5000/5968 (84%)]	Loss: 1.131699
Train Epoch: 1 [5200/5968 (87%)]	Loss: 1.088438
Train Epoch: 1 [5400/5968 (90%)]	Loss: 0.795594
Train Epoch: 1 [5600/5968 (94%)]	Loss: 1.358967
Train Epoch: 1 [5800/5968 (97%)]	Loss: 0.730289
Test set: Average loss: 2.2991, Accuracy: 326/1492 (21%)
Train Epoch: 2 [0/5968 (0%)]	Loss: 0.338708
Train Epoch: 2 [200/5968 (3%)]	Loss: 0.418521
Train Epoch: 2 [400/5968 (7%)]	Loss: 0.478696
Train Epoch: 2 [600/5968 (10%)]	Loss: 0.320168
Train Epoch: 2 [800/5968 (13%)]	Loss: 0.570184
Train Epoch: 2 [1000/5968 (17%)]	Loss: 0.447348
Train Epoch: 2 [1200/5968 (20%)]	Loss: 0.452739
Train Epoch: 2 [1400/5968 (23%)]	Loss: 0.864990
Train Epoch: 2 [1600/5968 (27%)]	Loss: 0.602215
Train Epoch: 2 [1800/5968 (30%)]	Loss: 0.517227
Train Epoch: 2 [2000/5968 (33%)]	Loss: 0.651210
Train Epoch: 2 [2200/5968 (37%)]	Loss: 0.647144
Train Epoch: 2 [2400/5968 (40%)]	Loss: 0.752140
Train Epoch: 2 [2600/5968 (43%)]	Loss: 0.740264
Train Epoch: 2 [2800/5968 (47%)]	Loss: 0.471581
Train Epoch: 2 [3000/5968 (50%)]	Loss: 0.743982
Train Epoch: 2 [3200/5968 (54%)]	Loss: 0.882526
Train Epoch: 2 [3400/5968 (57%)]	Loss: 0.485155
Train Epoch: 2 [3600/5968 (60%)]	Loss: 0.592929
Train Epoch: 2 [3800/5968 (64%)]	Loss: 0.443648
Train Epoch: 2 [4000/5968 (67%)]	Loss: 0.537134
Train Epoch: 2 [4200/5968 (70%)]	Loss: 0.529534
Train Epoch: 2 [4400/5968 (74%)]	Loss: 0.735190
Train Epoch: 2 [4600/5968 (77%)]	Loss: 0.639511
Train Epoch: 2 [4800/5968 (80%)]	Loss: 0.566993
Train Epoch: 2 [5000/5968 (84%)]	Loss: 0.760831
Train Epoch: 2 [5200/5968 (87%)]	Loss: 0.481162
Train Epoch: 2 [5400/5968 (90%)]	Loss: 0.758681
Train Epoch: 2 [5600/5968 (94%)]	Loss: 0.390260
Train Epoch: 2 [5800/5968 (97%)]	Loss: 0.330349
Test set: Average loss: 2.2833, Accuracy: 276/1492 (18%)
Train Epoch: 3 [0/5968 (0%)]	Loss: 0.413242
Train Epoch: 3 [200/5968 (3%)]	Loss: 0.185136
Train Epoch: 3 [400/5968 (7%)]	Loss: 0.449994
Train Epoch: 3 [600/5968 (10%)]	Loss: 0.282398
Train Epoch: 3 [800/5968 (13%)]	Loss: 0.706942
Train Epoch: 3 [1000/5968 (17%)]	Loss: 0.544338
Train Epoch: 3 [1200/5968 (20%)]	Loss: 0.256564
Train Epoch: 3 [1400/5968 (23%)]	Loss: 0.177301
Train Epoch: 3 [1600/5968 (27%)]	Loss: 0.186922
Train Epoch: 3 [1800/5968 (30%)]	Loss: 0.179343
Train Epoch: 3 [2000/5968 (33%)]	Loss: 0.335714
Train Epoch: 3 [2200/5968 (37%)]	Loss: 0.596615
Train Epoch: 3 [2400/5968 (40%)]	Loss: 0.112784
Train Epoch: 3 [2600/5968 (43%)]	Loss: 0.435153
Train Epoch: 3 [2800/5968 (47%)]	Loss: 0.469031
Train Epoch: 3 [3000/5968 (50%)]	Loss: 0.475885
Train Epoch: 3 [3200/5968 (54%)]	Loss: 0.108745
Train Epoch: 3 [3400/5968 (57%)]	Loss: 0.549655
Train Epoch: 3 [3600/5968 (60%)]	Loss: 0.574808
Train Epoch: 3 [3800/5968 (64%)]	Loss: 0.539609
Train Epoch: 3 [4000/5968 (67%)]	Loss: 0.179444
Train Epoch: 3 [4200/5968 (70%)]	Loss: 0.457527
Train Epoch: 3 [4400/5968 (74%)]	Loss: 0.250264
Train Epoch: 3 [4600/5968 (77%)]	Loss: 0.661361
Train Epoch: 3 [4800/5968 (80%)]	Loss: 0.271686
Train Epoch: 3 [5000/5968 (84%)]	Loss: 0.360223
Train Epoch: 3 [5200/5968 (87%)]	Loss: 0.247159
Train Epoch: 3 [5400/5968 (90%)]	Loss: 0.284590
Train Epoch: 3 [5600/5968 (94%)]	Loss: 0.134550
Train Epoch: 3 [5800/5968 (97%)]	Loss: 0.555070
getting datasets
finished
trainning pant_length_labels:
Train Epoch: 3 [0/5968 (0%)]	Loss: 0.558934
Train Epoch: 3 [200/5968 (3%)]	Loss: 0.278887
Train Epoch: 3 [400/5968 (7%)]	Loss: 0.302117
Train Epoch: 3 [600/5968 (10%)]	Loss: 0.382839
Train Epoch: 3 [800/5968 (13%)]	Loss: 0.243445
Train Epoch: 3 [1000/5968 (17%)]	Loss: 0.487820
Train Epoch: 3 [1200/5968 (20%)]	Loss: 0.208449
Train Epoch: 3 [1400/5968 (23%)]	Loss: 0.335866
Train Epoch: 3 [1600/5968 (27%)]	Loss: 0.278994
Train Epoch: 3 [1800/5968 (30%)]	Loss: 0.362311
Train Epoch: 3 [2000/5968 (33%)]	Loss: 0.312993
Train Epoch: 3 [2200/5968 (37%)]	Loss: 0.147899
Train Epoch: 3 [2400/5968 (40%)]	Loss: 0.168477
Train Epoch: 3 [2600/5968 (43%)]	Loss: 0.230972
Train Epoch: 3 [2800/5968 (47%)]	Loss: 0.118079
Train Epoch: 3 [3000/5968 (50%)]	Loss: 0.366745
Train Epoch: 3 [3200/5968 (54%)]	Loss: 0.100698
Train Epoch: 3 [3400/5968 (57%)]	Loss: 0.264617
Train Epoch: 3 [3600/5968 (60%)]	Loss: 0.247843
Train Epoch: 3 [3800/5968 (64%)]	Loss: 0.241574
Train Epoch: 3 [4000/5968 (67%)]	Loss: 0.322891
Train Epoch: 3 [4200/5968 (70%)]	Loss: 0.346986
Train Epoch: 3 [4400/5968 (74%)]	Loss: 0.380421
Train Epoch: 3 [4600/5968 (77%)]	Loss: 0.236842
Train Epoch: 3 [4800/5968 (80%)]	Loss: 0.212013
Train Epoch: 3 [5000/5968 (84%)]	Loss: 0.545826
Train Epoch: 3 [5200/5968 (87%)]	Loss: 0.169727
Train Epoch: 3 [5400/5968 (90%)]	Loss: 0.244730
Train Epoch: 3 [5600/5968 (94%)]	Loss: 0.310477
Train Epoch: 3 [5800/5968 (97%)]	Loss: 0.050438
Test set: Average loss: 3.3734, Accuracy: 319/1492 (21%)
Train Epoch: 4 [0/5968 (0%)]	Loss: 0.040104
Train Epoch: 4 [200/5968 (3%)]	Loss: 0.160882
Train Epoch: 4 [400/5968 (7%)]	Loss: 0.061287
Train Epoch: 4 [600/5968 (10%)]	Loss: 0.033306
Train Epoch: 4 [800/5968 (13%)]	Loss: 0.027428
Train Epoch: 4 [1000/5968 (17%)]	Loss: 0.162400
Train Epoch: 4 [1200/5968 (20%)]	Loss: 0.014751
Train Epoch: 4 [1400/5968 (23%)]	Loss: 0.156742
Train Epoch: 4 [1600/5968 (27%)]	Loss: 0.264407
Train Epoch: 4 [1800/5968 (30%)]	Loss: 0.141388
Train Epoch: 4 [2000/5968 (33%)]	Loss: 0.086646
Train Epoch: 4 [2200/5968 (37%)]	Loss: 0.075772
Train Epoch: 4 [2400/5968 (40%)]	Loss: 0.383268
Train Epoch: 4 [2600/5968 (43%)]	Loss: 0.075887
Train Epoch: 4 [2800/5968 (47%)]	Loss: 0.036911
Train Epoch: 4 [3000/5968 (50%)]	Loss: 0.076132
Train Epoch: 4 [3200/5968 (54%)]	Loss: 0.142190
Train Epoch: 4 [3400/5968 (57%)]	Loss: 0.059826
Train Epoch: 4 [3600/5968 (60%)]	Loss: 0.201809
Train Epoch: 4 [3800/5968 (64%)]	Loss: 0.160615
Train Epoch: 4 [4000/5968 (67%)]	Loss: 0.181540
Train Epoch: 4 [4200/5968 (70%)]	Loss: 0.071970
Train Epoch: 4 [4400/5968 (74%)]	Loss: 0.093911
Train Epoch: 4 [4600/5968 (77%)]	Loss: 0.179067
Train Epoch: 4 [4800/5968 (80%)]	Loss: 0.144189
Train Epoch: 4 [5000/5968 (84%)]	Loss: 0.323686
Train Epoch: 4 [5200/5968 (87%)]	Loss: 0.148221
Train Epoch: 4 [5400/5968 (90%)]	Loss: 0.073195
Train Epoch: 4 [5600/5968 (94%)]	Loss: 0.104682
Train Epoch: 4 [5800/5968 (97%)]	Loss: 0.145016
Test set: Average loss: 3.5141, Accuracy: 276/1492 (18%)
Train Epoch: 5 [0/5968 (0%)]	Loss: 0.262438
Train Epoch: 5 [200/5968 (3%)]	Loss: 0.261355
Train Epoch: 5 [400/5968 (7%)]	Loss: 0.193186
Train Epoch: 5 [600/5968 (10%)]	Loss: 0.222425
Train Epoch: 5 [800/5968 (13%)]	Loss: 0.553642
Train Epoch: 5 [1000/5968 (17%)]	Loss: 0.321445
Train Epoch: 5 [1200/5968 (20%)]	Loss: 0.067181
Train Epoch: 5 [1400/5968 (23%)]	Loss: 0.174555
Train Epoch: 5 [1600/5968 (27%)]	Loss: 0.089672
Train Epoch: 5 [1800/5968 (30%)]	Loss: 0.161253
Train Epoch: 5 [2000/5968 (33%)]	Loss: 0.294538
Train Epoch: 5 [2200/5968 (37%)]	Loss: 0.703522
Train Epoch: 5 [2400/5968 (40%)]	Loss: 0.244928
Train Epoch: 5 [2600/5968 (43%)]	Loss: 0.141741
Train Epoch: 5 [2800/5968 (47%)]	Loss: 0.121380
Train Epoch: 5 [3000/5968 (50%)]	Loss: 0.422335
Train Epoch: 5 [3200/5968 (54%)]	Loss: 0.093591
Train Epoch: 5 [3400/5968 (57%)]	Loss: 0.393111
Train Epoch: 5 [3600/5968 (60%)]	Loss: 0.296854
Train Epoch: 5 [3800/5968 (64%)]	Loss: 0.458963
Train Epoch: 5 [4000/5968 (67%)]	Loss: 0.048025
Train Epoch: 5 [4200/5968 (70%)]	Loss: 0.430240
Train Epoch: 5 [4400/5968 (74%)]	Loss: 0.259575
Train Epoch: 5 [4600/5968 (77%)]	Loss: 0.256643
Train Epoch: 5 [4800/5968 (80%)]	Loss: 0.133620
Train Epoch: 5 [5000/5968 (84%)]	Loss: 0.471564
Train Epoch: 5 [5200/5968 (87%)]	Loss: 0.186887
Train Epoch: 5 [5400/5968 (90%)]	Loss: 0.159732
Train Epoch: 5 [5600/5968 (94%)]	Loss: 0.131995
Train Epoch: 5 [5800/5968 (97%)]	Loss: 0.366549
Test set: Average loss: 3.0500, Accuracy: 276/1492 (18%)
Train Epoch: 6 [0/5968 (0%)]	Loss: 0.233566
Train Epoch: 6 [200/5968 (3%)]	Loss: 0.046097
Train Epoch: 6 [400/5968 (7%)]	Loss: 0.166638
Train Epoch: 6 [600/5968 (10%)]	Loss: 0.143939
Train Epoch: 6 [800/5968 (13%)]	Loss: 0.093611
Train Epoch: 6 [1000/5968 (17%)]	Loss: 0.182569
Train Epoch: 6 [1200/5968 (20%)]	Loss: 0.029657
Train Epoch: 6 [1400/5968 (23%)]	Loss: 0.055802
Train Epoch: 6 [1600/5968 (27%)]	Loss: 0.057435
Train Epoch: 6 [1800/5968 (30%)]	Loss: 0.127818
Train Epoch: 6 [2000/5968 (33%)]	Loss: 0.099644
Train Epoch: 6 [2200/5968 (37%)]	Loss: 0.182504
Train Epoch: 6 [2400/5968 (40%)]	Loss: 0.038059
Train Epoch: 6 [2600/5968 (43%)]	Loss: 0.244748
Train Epoch: 6 [2800/5968 (47%)]	Loss: 0.178798
Train Epoch: 6 [3000/5968 (50%)]	Loss: 0.279352
Train Epoch: 6 [3200/5968 (54%)]	Loss: 0.162566
Train Epoch: 6 [3400/5968 (57%)]	Loss: 0.237707
Train Epoch: 6 [3600/5968 (60%)]	Loss: 0.066324
Train Epoch: 6 [3800/5968 (64%)]	Loss: 0.025327
Train Epoch: 6 [4000/5968 (67%)]	Loss: 0.188142
Train Epoch: 6 [4200/5968 (70%)]	Loss: 0.135621
Train Epoch: 6 [4400/5968 (74%)]	Loss: 0.238225
Train Epoch: 6 [4600/5968 (77%)]	Loss: 0.031971
Train Epoch: 6 [4800/5968 (80%)]	Loss: 0.192593
Train Epoch: 6 [5000/5968 (84%)]	Loss: 0.745464
Train Epoch: 6 [5200/5968 (87%)]	Loss: 0.133982
Train Epoch: 6 [5400/5968 (90%)]	Loss: 0.167870
Train Epoch: 6 [5600/5968 (94%)]	Loss: 0.089258
Train Epoch: 6 [5800/5968 (97%)]	Loss: 0.110686
Test set: Average loss: 4.6420, Accuracy: 326/1492 (21%)
Train Epoch: 7 [0/5968 (0%)]	Loss: 0.050590
Train Epoch: 7 [200/5968 (3%)]	Loss: 0.066034
Train Epoch: 7 [400/5968 (7%)]	Loss: 0.034575
Train Epoch: 7 [600/5968 (10%)]	Loss: 0.006532
Train Epoch: 7 [800/5968 (13%)]	Loss: 0.041754
Train Epoch: 7 [1000/5968 (17%)]	Loss: 0.083078
Train Epoch: 7 [1200/5968 (20%)]	Loss: 0.001900
Train Epoch: 7 [1400/5968 (23%)]	Loss: 0.021961
Train Epoch: 7 [1600/5968 (27%)]	Loss: 0.309744
Train Epoch: 7 [1800/5968 (30%)]	Loss: 0.078180
Train Epoch: 7 [2000/5968 (33%)]	Loss: 0.103651
Train Epoch: 7 [2200/5968 (37%)]	Loss: 0.137211
Train Epoch: 7 [2400/5968 (40%)]	Loss: 0.017248
Train Epoch: 7 [2600/5968 (43%)]	Loss: 0.155148
Train Epoch: 7 [2800/5968 (47%)]	Loss: 0.108399
Train Epoch: 7 [3000/5968 (50%)]	Loss: 0.030415
Train Epoch: 7 [3200/5968 (54%)]	Loss: 0.094056
Train Epoch: 7 [3400/5968 (57%)]	Loss: 0.348901
Train Epoch: 7 [3600/5968 (60%)]	Loss: 0.278885
Train Epoch: 7 [3800/5968 (64%)]	Loss: 0.183369
Train Epoch: 7 [4000/5968 (67%)]	Loss: 0.044496
Train Epoch: 7 [4200/5968 (70%)]	Loss: 0.043062
Train Epoch: 7 [4400/5968 (74%)]	Loss: 0.051939
Train Epoch: 7 [4600/5968 (77%)]	Loss: 0.027931
Train Epoch: 7 [4800/5968 (80%)]	Loss: 0.311900
Train Epoch: 7 [5000/5968 (84%)]	Loss: 0.084354
Train Epoch: 7 [5200/5968 (87%)]	Loss: 0.118667
Train Epoch: 7 [5400/5968 (90%)]	Loss: 0.128588
Train Epoch: 7 [5600/5968 (94%)]	Loss: 0.084915
Train Epoch: 7 [5800/5968 (97%)]	Loss: 0.102590
Test set: Average loss: 4.8561, Accuracy: 369/1492 (24%)
Train Epoch: 8 [0/5968 (0%)]	Loss: 0.105347
Train Epoch: 8 [200/5968 (3%)]	Loss: 0.020137
Train Epoch: 8 [400/5968 (7%)]	Loss: 0.023762
Train Epoch: 8 [600/5968 (10%)]	Loss: 0.039969
Train Epoch: 8 [800/5968 (13%)]	Loss: 0.091920
Train Epoch: 8 [1000/5968 (17%)]	Loss: 0.020052
Train Epoch: 8 [1200/5968 (20%)]	Loss: 0.024134
Train Epoch: 8 [1400/5968 (23%)]	Loss: 0.089962
Train Epoch: 8 [1600/5968 (27%)]	Loss: 0.007618
Train Epoch: 8 [1800/5968 (30%)]	Loss: 0.064501
Train Epoch: 8 [2000/5968 (33%)]	Loss: 0.035921
Train Epoch: 8 [2200/5968 (37%)]	Loss: 0.017134
Train Epoch: 8 [2400/5968 (40%)]	Loss: 0.035051
Train Epoch: 8 [2600/5968 (43%)]	Loss: 0.024071
Train Epoch: 8 [2800/5968 (47%)]	Loss: 0.496382
Train Epoch: 8 [3000/5968 (50%)]	Loss: 0.046736
Train Epoch: 8 [3200/5968 (54%)]	Loss: 0.040547
Train Epoch: 8 [3400/5968 (57%)]	Loss: 0.050356
Train Epoch: 8 [3600/5968 (60%)]	Loss: 0.091582
Train Epoch: 8 [3800/5968 (64%)]	Loss: 0.091409
Train Epoch: 8 [4000/5968 (67%)]	Loss: 0.038642
Train Epoch: 8 [4200/5968 (70%)]	Loss: 0.026923
Train Epoch: 8 [4400/5968 (74%)]	Loss: 0.014193
Train Epoch: 8 [4600/5968 (77%)]	Loss: 0.093218
Train Epoch: 8 [4800/5968 (80%)]	Loss: 0.023905
Train Epoch: 8 [5000/5968 (84%)]	Loss: 0.050889
Train Epoch: 8 [5200/5968 (87%)]	Loss: 0.174266
Train Epoch: 8 [5400/5968 (90%)]	Loss: 0.196786
Train Epoch: 8 [5600/5968 (94%)]	Loss: 0.013060
Train Epoch: 8 [5800/5968 (97%)]	Loss: 0.013467
Test set: Average loss: 3.2074, Accuracy: 342/1492 (22%)
Train Epoch: 9 [0/5968 (0%)]	Loss: 0.018204
Train Epoch: 9 [200/5968 (3%)]	Loss: 0.028901
Train Epoch: 9 [400/5968 (7%)]	Loss: 0.105139
Train Epoch: 9 [600/5968 (10%)]	Loss: 0.131421
Train Epoch: 9 [800/5968 (13%)]	Loss: 0.018877
Train Epoch: 9 [1000/5968 (17%)]	Loss: 0.036608
Train Epoch: 9 [1200/5968 (20%)]	Loss: 0.050897
Train Epoch: 9 [1400/5968 (23%)]	Loss: 0.083546
Train Epoch: 9 [1600/5968 (27%)]	Loss: 0.002851
Train Epoch: 9 [1800/5968 (30%)]	Loss: 0.007792
Train Epoch: 9 [2000/5968 (33%)]	Loss: 0.168017
Train Epoch: 9 [2200/5968 (37%)]	Loss: 0.022869
Train Epoch: 9 [2400/5968 (40%)]	Loss: 0.101823
Train Epoch: 9 [2600/5968 (43%)]	Loss: 0.006034
Train Epoch: 9 [2800/5968 (47%)]	Loss: 0.011376
Train Epoch: 9 [3000/5968 (50%)]	Loss: 0.106824
Train Epoch: 9 [3200/5968 (54%)]	Loss: 0.002227
Train Epoch: 9 [3400/5968 (57%)]	Loss: 0.045205
Train Epoch: 9 [3600/5968 (60%)]	Loss: 0.032495
Train Epoch: 9 [3800/5968 (64%)]	Loss: 0.189765
Train Epoch: 9 [4000/5968 (67%)]	Loss: 0.067236
Train Epoch: 9 [4200/5968 (70%)]	Loss: 0.031697
Train Epoch: 9 [4400/5968 (74%)]	Loss: 0.045614
Train Epoch: 9 [4600/5968 (77%)]	Loss: 0.182733
Train Epoch: 9 [4800/5968 (80%)]	Loss: 0.002363
Train Epoch: 9 [5000/5968 (84%)]	Loss: 0.002354
Train Epoch: 9 [5200/5968 (87%)]	Loss: 0.019308
Train Epoch: 9 [5400/5968 (90%)]	Loss: 0.028492
Train Epoch: 9 [5600/5968 (94%)]	Loss: 0.093440
Train Epoch: 9 [5800/5968 (97%)]	Loss: 0.100957
Test set: Average loss: 1.8087, Accuracy: 815/1492 (54%)
Train Epoch: 10 [0/5968 (0%)]	Loss: 0.035472
Train Epoch: 10 [200/5968 (3%)]	Loss: 0.015112
Train Epoch: 10 [400/5968 (7%)]	Loss: 0.091723
Train Epoch: 10 [600/5968 (10%)]	Loss: 0.020172
Train Epoch: 10 [800/5968 (13%)]	Loss: 0.085489
Train Epoch: 10 [1000/5968 (17%)]	Loss: 0.037342
Train Epoch: 10 [1200/5968 (20%)]	Loss: 0.011580
Train Epoch: 10 [1400/5968 (23%)]	Loss: 0.007693
Train Epoch: 10 [1600/5968 (27%)]	Loss: 0.083768
Train Epoch: 10 [1800/5968 (30%)]	Loss: 0.003566
Train Epoch: 10 [2000/5968 (33%)]	Loss: 0.009881
Train Epoch: 10 [2200/5968 (37%)]	Loss: 0.000985
Train Epoch: 10 [2400/5968 (40%)]	Loss: 0.001889
Train Epoch: 10 [2600/5968 (43%)]	Loss: 0.007442
Train Epoch: 10 [2800/5968 (47%)]	Loss: 0.175879
Train Epoch: 10 [3000/5968 (50%)]	Loss: 0.048295
Train Epoch: 10 [3200/5968 (54%)]	Loss: 0.025586
Train Epoch: 10 [3400/5968 (57%)]	Loss: 0.017012
Train Epoch: 10 [3600/5968 (60%)]	Loss: 0.040132
Train Epoch: 10 [3800/5968 (64%)]	Loss: 0.042113
Train Epoch: 10 [4000/5968 (67%)]	Loss: 0.115385
Train Epoch: 10 [4200/5968 (70%)]	Loss: 0.022719
Train Epoch: 10 [4400/5968 (74%)]	Loss: 0.001953
Train Epoch: 10 [4600/5968 (77%)]	Loss: 0.061722
Train Epoch: 10 [4800/5968 (80%)]	Loss: 0.017656
Train Epoch: 10 [5000/5968 (84%)]	Loss: 0.146058
Train Epoch: 10 [5200/5968 (87%)]	Loss: 0.003745
Train Epoch: 10 [5400/5968 (90%)]	Loss: 0.003475
Train Epoch: 10 [5600/5968 (94%)]	Loss: 0.016160
Train Epoch: 10 [5800/5968 (97%)]	Loss: 0.032128
Test set: Average loss: 1.7410, Accuracy: 819/1492 (54%)
Train Epoch: 11 [0/5968 (0%)]	Loss: 0.004269
Train Epoch: 11 [200/5968 (3%)]	Loss: 0.001887
Train Epoch: 11 [400/5968 (7%)]	Loss: 0.037870
Train Epoch: 11 [600/5968 (10%)]	Loss: 0.006330
Train Epoch: 11 [800/5968 (13%)]	Loss: 0.035133
Train Epoch: 11 [1000/5968 (17%)]	Loss: 0.000831
Train Epoch: 11 [1200/5968 (20%)]	Loss: 0.001682
Train Epoch: 11 [1400/5968 (23%)]	Loss: 0.002039
Train Epoch: 11 [1600/5968 (27%)]	Loss: 0.001345
Train Epoch: 11 [1800/5968 (30%)]	Loss: 0.166490
Train Epoch: 11 [2000/5968 (33%)]	Loss: 0.102314
Train Epoch: 11 [2200/5968 (37%)]	Loss: 0.009055
Train Epoch: 11 [2400/5968 (40%)]	Loss: 0.013118
Train Epoch: 11 [2600/5968 (43%)]	Loss: 0.015677
Train Epoch: 11 [2800/5968 (47%)]	Loss: 0.118761
Train Epoch: 11 [3000/5968 (50%)]	Loss: 0.020139
Train Epoch: 11 [3200/5968 (54%)]	Loss: 0.002902
Train Epoch: 11 [3400/5968 (57%)]	Loss: 0.019334
Train Epoch: 11 [3600/5968 (60%)]	Loss: 0.037698
Train Epoch: 11 [3800/5968 (64%)]	Loss: 0.389603
Train Epoch: 11 [4000/5968 (67%)]	Loss: 0.027193
Train Epoch: 11 [4200/5968 (70%)]	Loss: 0.056010
Train Epoch: 11 [4400/5968 (74%)]	Loss: 0.194117
Train Epoch: 11 [4600/5968 (77%)]	Loss: 0.000173
Train Epoch: 11 [4800/5968 (80%)]	Loss: 0.002008
Train Epoch: 11 [5000/5968 (84%)]	Loss: 0.007864
Train Epoch: 11 [5200/5968 (87%)]	Loss: 0.004494
Train Epoch: 11 [5400/5968 (90%)]	Loss: 0.046656
Train Epoch: 11 [5600/5968 (94%)]	Loss: 0.036128
Train Epoch: 11 [5800/5968 (97%)]	Loss: 0.011452
Test set: Average loss: 2.6440, Accuracy: 299/1492 (20%)
Train Epoch: 12 [0/5968 (0%)]	Loss: 0.010871
Train Epoch: 12 [200/5968 (3%)]	Loss: 0.005862
Train Epoch: 12 [400/5968 (7%)]	Loss: 0.015264
Train Epoch: 12 [600/5968 (10%)]	Loss: 0.008644
Train Epoch: 12 [800/5968 (13%)]	Loss: 0.004592
Train Epoch: 12 [1000/5968 (17%)]	Loss: 0.000718
Train Epoch: 12 [1200/5968 (20%)]	Loss: 0.002085
Train Epoch: 12 [1400/5968 (23%)]	Loss: 0.157715
Train Epoch: 12 [1600/5968 (27%)]	Loss: 0.052435
Train Epoch: 12 [1800/5968 (30%)]	Loss: 0.024920
Train Epoch: 12 [2000/5968 (33%)]	Loss: 0.039051
Train Epoch: 12 [2200/5968 (37%)]	Loss: 0.006603
Train Epoch: 12 [2400/5968 (40%)]	Loss: 0.003766
Train Epoch: 12 [2600/5968 (43%)]	Loss: 0.005439
Train Epoch: 12 [2800/5968 (47%)]	Loss: 0.002932
Train Epoch: 12 [3000/5968 (50%)]	Loss: 0.040218
Train Epoch: 12 [3200/5968 (54%)]	Loss: 0.008150
Train Epoch: 12 [3400/5968 (57%)]	Loss: 0.012294
Train Epoch: 12 [3600/5968 (60%)]	Loss: 0.018583
Train Epoch: 12 [3800/5968 (64%)]	Loss: 0.003167
Train Epoch: 12 [4000/5968 (67%)]	Loss: 0.020910
Train Epoch: 12 [4200/5968 (70%)]	Loss: 0.033275
Train Epoch: 12 [4400/5968 (74%)]	Loss: 0.176967
Train Epoch: 12 [4600/5968 (77%)]	Loss: 0.017626
Train Epoch: 12 [4800/5968 (80%)]	Loss: 0.001813
Train Epoch: 12 [5000/5968 (84%)]	Loss: 0.076959
Train Epoch: 12 [5200/5968 (87%)]	Loss: 0.163837
Train Epoch: 12 [5400/5968 (90%)]	Loss: 0.022817
Train Epoch: 12 [5600/5968 (94%)]	Loss: 0.005448
Train Epoch: 12 [5800/5968 (97%)]	Loss: 0.049648
Test set: Average loss: 3.3596, Accuracy: 442/1492 (29%)
Train Epoch: 13 [0/5968 (0%)]	Loss: 0.001264
Train Epoch: 13 [200/5968 (3%)]	Loss: 0.002835
Train Epoch: 13 [400/5968 (7%)]	Loss: 0.004945
Train Epoch: 13 [600/5968 (10%)]	Loss: 0.005786
Train Epoch: 13 [800/5968 (13%)]	Loss: 0.000946
Train Epoch: 13 [1000/5968 (17%)]	Loss: 0.210068
Train Epoch: 13 [1200/5968 (20%)]	Loss: 0.000133
Train Epoch: 13 [1400/5968 (23%)]	Loss: 0.001023
Train Epoch: 13 [1600/5968 (27%)]	Loss: 0.014042
Train Epoch: 13 [1800/5968 (30%)]	Loss: 0.004771
Train Epoch: 13 [2000/5968 (33%)]	Loss: 0.001746
Train Epoch: 13 [2200/5968 (37%)]	Loss: 0.015416
Train Epoch: 13 [2400/5968 (40%)]	Loss: 0.003514
Train Epoch: 13 [2600/5968 (43%)]	Loss: 0.000326
Train Epoch: 13 [2800/5968 (47%)]	Loss: 0.002539
Train Epoch: 13 [3000/5968 (50%)]	Loss: 0.081712
Train Epoch: 13 [3200/5968 (54%)]	Loss: 0.000981
Train Epoch: 13 [3400/5968 (57%)]	Loss: 0.000149
Train Epoch: 13 [3600/5968 (60%)]	Loss: 0.014798
Train Epoch: 13 [3800/5968 (64%)]	Loss: 0.003472
Train Epoch: 13 [4000/5968 (67%)]	Loss: 0.009029
Train Epoch: 13 [4200/5968 (70%)]	Loss: 0.009338
Train Epoch: 13 [4400/5968 (74%)]	Loss: 0.001176
Train Epoch: 13 [4600/5968 (77%)]	Loss: 0.001366
Train Epoch: 13 [4800/5968 (80%)]	Loss: 0.025696
Train Epoch: 13 [5000/5968 (84%)]	Loss: 0.001346
Train Epoch: 13 [5200/5968 (87%)]	Loss: 0.000307
Train Epoch: 13 [5400/5968 (90%)]	Loss: 0.065280
Train Epoch: 13 [5600/5968 (94%)]	Loss: 0.009082
Train Epoch: 13 [5800/5968 (97%)]	Loss: 0.038496
Test set: Average loss: 2.0777, Accuracy: 835/1492 (55%)
Train Epoch: 14 [0/5968 (0%)]	Loss: 0.002028
Train Epoch: 14 [200/5968 (3%)]	Loss: 0.020753
Train Epoch: 14 [400/5968 (7%)]	Loss: 0.000810
Train Epoch: 14 [600/5968 (10%)]	Loss: 0.020169
Train Epoch: 14 [800/5968 (13%)]	Loss: 0.000789
Train Epoch: 14 [1000/5968 (17%)]	Loss: 0.161438
Train Epoch: 14 [1200/5968 (20%)]	Loss: 0.000386
Train Epoch: 14 [1400/5968 (23%)]	Loss: 0.000329
Train Epoch: 14 [1600/5968 (27%)]	Loss: 0.025376
Train Epoch: 14 [1800/5968 (30%)]	Loss: 0.004999
Train Epoch: 14 [2000/5968 (33%)]	Loss: 0.005613
Train Epoch: 14 [2200/5968 (37%)]	Loss: 0.000262
Train Epoch: 14 [2400/5968 (40%)]	Loss: 0.000253
Train Epoch: 14 [2600/5968 (43%)]	Loss: 0.003205
Train Epoch: 14 [2800/5968 (47%)]	Loss: 0.000728
Train Epoch: 14 [3000/5968 (50%)]	Loss: 0.008720
Train Epoch: 14 [3200/5968 (54%)]	Loss: 0.062014
Train Epoch: 14 [3400/5968 (57%)]	Loss: 0.000341
Train Epoch: 14 [3600/5968 (60%)]	Loss: 0.000628
Train Epoch: 14 [3800/5968 (64%)]	Loss: 0.000767
Train Epoch: 14 [4000/5968 (67%)]	Loss: 0.009044
Train Epoch: 14 [4200/5968 (70%)]	Loss: 0.001298
Train Epoch: 14 [4400/5968 (74%)]	Loss: 0.000580
Train Epoch: 14 [4600/5968 (77%)]	Loss: 0.006378
Train Epoch: 14 [4800/5968 (80%)]	Loss: 0.001373
Train Epoch: 14 [5000/5968 (84%)]	Loss: 0.000721
Train Epoch: 14 [5200/5968 (87%)]	Loss: 0.003162
Train Epoch: 14 [5400/5968 (90%)]	Loss: 0.005819
Train Epoch: 14 [5600/5968 (94%)]	Loss: 0.004080
Train Epoch: 14 [5800/5968 (97%)]	Loss: 0.000859
Test set: Average loss: 6.0285, Accuracy: 278/1492 (18%)
Train Epoch: 15 [0/5968 (0%)]	Loss: 0.032761
Train Epoch: 15 [200/5968 (3%)]	Loss: 0.013971
Train Epoch: 15 [400/5968 (7%)]	Loss: 0.198483
Train Epoch: 15 [600/5968 (10%)]	Loss: 0.007032
Train Epoch: 15 [800/5968 (13%)]	Loss: 0.001208
Train Epoch: 15 [1000/5968 (17%)]	Loss: 0.006844
Train Epoch: 15 [1200/5968 (20%)]	Loss: 0.001543
Train Epoch: 15 [1400/5968 (23%)]	Loss: 0.005741
Train Epoch: 15 [1600/5968 (27%)]	Loss: 0.014497
Train Epoch: 15 [1800/5968 (30%)]	Loss: 0.029954
Train Epoch: 15 [2000/5968 (33%)]	Loss: 0.015091
Train Epoch: 15 [2200/5968 (37%)]	Loss: 0.079214
Train Epoch: 15 [2400/5968 (40%)]	Loss: 0.001301
Train Epoch: 15 [2600/5968 (43%)]	Loss: 0.006713
Train Epoch: 15 [2800/5968 (47%)]	Loss: 0.008365
Train Epoch: 15 [3000/5968 (50%)]	Loss: 0.013745
Train Epoch: 15 [3200/5968 (54%)]	Loss: 0.002365
Train Epoch: 15 [3400/5968 (57%)]	Loss: 0.025663
Train Epoch: 15 [3600/5968 (60%)]	Loss: 0.002947
Train Epoch: 15 [3800/5968 (64%)]	Loss: 0.074328
Train Epoch: 15 [4000/5968 (67%)]	Loss: 0.043458
Train Epoch: 15 [4200/5968 (70%)]	Loss: 0.005411
Train Epoch: 15 [4400/5968 (74%)]	Loss: 0.022253
Train Epoch: 15 [4600/5968 (77%)]	Loss: 0.012249
Train Epoch: 15 [4800/5968 (80%)]	Loss: 0.002039
Train Epoch: 15 [5000/5968 (84%)]	Loss: 0.002356
Train Epoch: 15 [5200/5968 (87%)]	Loss: 0.010716
Train Epoch: 15 [5400/5968 (90%)]	Loss: 0.056309
Train Epoch: 15 [5600/5968 (94%)]	Loss: 0.006123
Train Epoch: 15 [5800/5968 (97%)]	Loss: 0.018158
Test set: Average loss: 4.0191, Accuracy: 464/1492 (31%)
Train Epoch: 16 [0/5968 (0%)]	Loss: 0.002219
Train Epoch: 16 [200/5968 (3%)]	Loss: 0.001966
Train Epoch: 16 [400/5968 (7%)]	Loss: 0.005353
Train Epoch: 16 [600/5968 (10%)]	Loss: 0.008143
Train Epoch: 16 [800/5968 (13%)]	Loss: 0.001520
Train Epoch: 16 [1000/5968 (17%)]	Loss: 0.011667
Train Epoch: 16 [1200/5968 (20%)]	Loss: 0.010183
Train Epoch: 16 [1400/5968 (23%)]	Loss: 0.001430
Train Epoch: 16 [1600/5968 (27%)]	Loss: 0.000471
Train Epoch: 16 [1800/5968 (30%)]	Loss: 0.000196
Train Epoch: 16 [2000/5968 (33%)]	Loss: 0.001127
Train Epoch: 16 [2200/5968 (37%)]	Loss: 0.007904
Train Epoch: 16 [2400/5968 (40%)]	Loss: 0.039197
Train Epoch: 16 [2600/5968 (43%)]	Loss: 0.047413
Train Epoch: 16 [2800/5968 (47%)]	Loss: 0.011132
Train Epoch: 16 [3000/5968 (50%)]	Loss: 0.000569
Train Epoch: 16 [3200/5968 (54%)]	Loss: 0.482715
Train Epoch: 16 [3400/5968 (57%)]	Loss: 0.084358
Train Epoch: 16 [3600/5968 (60%)]	Loss: 0.005242
Train Epoch: 16 [3800/5968 (64%)]	Loss: 0.004606
Train Epoch: 16 [4000/5968 (67%)]	Loss: 0.002721
Train Epoch: 16 [4200/5968 (70%)]	Loss: 0.040269
Train Epoch: 16 [4400/5968 (74%)]	Loss: 0.004732
Train Epoch: 16 [4600/5968 (77%)]	Loss: 0.000466
Train Epoch: 16 [4800/5968 (80%)]	Loss: 0.017667
Train Epoch: 16 [5000/5968 (84%)]	Loss: 0.000949
Train Epoch: 16 [5200/5968 (87%)]	Loss: 0.047557
Train Epoch: 16 [5400/5968 (90%)]	Loss: 0.001554
Train Epoch: 16 [5600/5968 (94%)]	Loss: 0.100398
Train Epoch: 16 [5800/5968 (97%)]	Loss: 0.038406
Test set: Average loss: 4.0244, Accuracy: 435/1492 (29%)
Train Epoch: 17 [0/5968 (0%)]	Loss: 0.003094
Train Epoch: 17 [200/5968 (3%)]	Loss: 0.002248
Train Epoch: 17 [400/5968 (7%)]	Loss: 0.002888
Train Epoch: 17 [600/5968 (10%)]	Loss: 0.030169
Train Epoch: 17 [800/5968 (13%)]	Loss: 0.005764
Train Epoch: 17 [1000/5968 (17%)]	Loss: 0.001389
Train Epoch: 17 [1200/5968 (20%)]	Loss: 0.003921
Train Epoch: 17 [1400/5968 (23%)]	Loss: 0.002269
Train Epoch: 17 [1600/5968 (27%)]	Loss: 0.000063
Train Epoch: 17 [1800/5968 (30%)]	Loss: 0.006937
Train Epoch: 17 [2000/5968 (33%)]	Loss: 0.001356
Train Epoch: 17 [2200/5968 (37%)]	Loss: 0.000952
Train Epoch: 17 [2400/5968 (40%)]	Loss: 0.000216
Train Epoch: 17 [2600/5968 (43%)]	Loss: 0.015564
Train Epoch: 17 [2800/5968 (47%)]	Loss: 0.000189
Train Epoch: 17 [3000/5968 (50%)]	Loss: 0.000038
Train Epoch: 17 [3200/5968 (54%)]	Loss: 0.000817
Train Epoch: 17 [3400/5968 (57%)]	Loss: 0.000600
Train Epoch: 17 [3600/5968 (60%)]	Loss: 0.030588
Train Epoch: 17 [3800/5968 (64%)]	Loss: 0.000448
Train Epoch: 17 [4000/5968 (67%)]	Loss: 0.003492
Train Epoch: 17 [4200/5968 (70%)]	Loss: 0.001878
Train Epoch: 17 [4400/5968 (74%)]	Loss: 0.205634
Train Epoch: 17 [4600/5968 (77%)]	Loss: 0.001451
Train Epoch: 17 [4800/5968 (80%)]	Loss: 0.000097
Train Epoch: 17 [5000/5968 (84%)]	Loss: 0.000963
Train Epoch: 17 [5200/5968 (87%)]	Loss: 0.059103
Train Epoch: 17 [5400/5968 (90%)]	Loss: 0.030913
Train Epoch: 17 [5600/5968 (94%)]	Loss: 0.000755
Train Epoch: 17 [5800/5968 (97%)]	Loss: 0.000047
Test set: Average loss: 1.2613, Accuracy: 1154/1492 (77%)
Train Epoch: 18 [0/5968 (0%)]	Loss: 0.000134
Train Epoch: 18 [200/5968 (3%)]	Loss: 0.050869
Train Epoch: 18 [400/5968 (7%)]	Loss: 0.002351
Train Epoch: 18 [600/5968 (10%)]	Loss: 0.005209
Train Epoch: 18 [800/5968 (13%)]	Loss: 0.000037
Train Epoch: 18 [1000/5968 (17%)]	Loss: 0.003087
Train Epoch: 18 [1200/5968 (20%)]	Loss: 0.165727
Train Epoch: 18 [1400/5968 (23%)]	Loss: 0.000104
Train Epoch: 18 [1600/5968 (27%)]	Loss: 0.000225
Train Epoch: 18 [1800/5968 (30%)]	Loss: 0.051933
Train Epoch: 18 [2000/5968 (33%)]	Loss: 0.002291
Train Epoch: 18 [2200/5968 (37%)]	Loss: 0.000568
Train Epoch: 18 [2400/5968 (40%)]	Loss: 0.033937
Train Epoch: 18 [2600/5968 (43%)]	Loss: 0.000498
Train Epoch: 18 [2800/5968 (47%)]	Loss: 0.000968
Train Epoch: 18 [3000/5968 (50%)]	Loss: 0.000194
Train Epoch: 18 [3200/5968 (54%)]	Loss: 0.009181
Train Epoch: 18 [3400/5968 (57%)]	Loss: 0.000546
Train Epoch: 18 [3600/5968 (60%)]	Loss: 0.000218
Train Epoch: 18 [3800/5968 (64%)]	Loss: 0.009568
Train Epoch: 18 [4000/5968 (67%)]	Loss: 0.009644
Train Epoch: 18 [4200/5968 (70%)]	Loss: 0.007774
Train Epoch: 18 [4400/5968 (74%)]	Loss: 0.001760
Train Epoch: 18 [4600/5968 (77%)]	Loss: 0.031905
Train Epoch: 18 [4800/5968 (80%)]	Loss: 0.000333
Train Epoch: 18 [5000/5968 (84%)]	Loss: 0.158031
Train Epoch: 18 [5200/5968 (87%)]	Loss: 0.015589
Train Epoch: 18 [5400/5968 (90%)]	Loss: 0.002087
Train Epoch: 18 [5600/5968 (94%)]	Loss: 0.005229
Train Epoch: 18 [5800/5968 (97%)]	Loss: 0.009966
Test set: Average loss: 3.5196, Accuracy: 280/1492 (18%)
Train Epoch: 19 [0/5968 (0%)]	Loss: 0.001333
Train Epoch: 19 [200/5968 (3%)]	Loss: 0.010160
Train Epoch: 19 [400/5968 (7%)]	Loss: 0.107843
Train Epoch: 19 [600/5968 (10%)]	Loss: 0.079432
Train Epoch: 19 [800/5968 (13%)]	Loss: 0.005560
Train Epoch: 19 [1000/5968 (17%)]	Loss: 0.020013
Train Epoch: 19 [1200/5968 (20%)]	Loss: 0.019771
Train Epoch: 19 [1400/5968 (23%)]	Loss: 0.002981
Train Epoch: 19 [1600/5968 (27%)]	Loss: 0.087752
Train Epoch: 19 [1800/5968 (30%)]	Loss: 0.000175
Train Epoch: 19 [2000/5968 (33%)]	Loss: 0.000879
Train Epoch: 19 [2200/5968 (37%)]	Loss: 0.001915
Train Epoch: 19 [2400/5968 (40%)]	Loss: 0.011538
Train Epoch: 19 [2600/5968 (43%)]	Loss: 0.059776
Train Epoch: 19 [2800/5968 (47%)]	Loss: 0.020407
Train Epoch: 19 [3000/5968 (50%)]	Loss: 0.030594
Train Epoch: 19 [3200/5968 (54%)]	Loss: 0.001829
Train Epoch: 19 [3400/5968 (57%)]	Loss: 0.008336
Train Epoch: 19 [3600/5968 (60%)]	Loss: 0.047167
Train Epoch: 19 [3800/5968 (64%)]	Loss: 0.034687
Train Epoch: 19 [4000/5968 (67%)]	Loss: 0.000355
Train Epoch: 19 [4200/5968 (70%)]	Loss: 0.047925
Train Epoch: 19 [4400/5968 (74%)]	Loss: 0.046251
Train Epoch: 19 [4600/5968 (77%)]	Loss: 0.002844
Train Epoch: 19 [4800/5968 (80%)]	Loss: 0.001297
Train Epoch: 19 [5000/5968 (84%)]	Loss: 0.001105
Train Epoch: 19 [5200/5968 (87%)]	Loss: 0.005348
Train Epoch: 19 [5400/5968 (90%)]	Loss: 0.079661
Train Epoch: 19 [5600/5968 (94%)]	Loss: 0.003179
Train Epoch: 19 [5800/5968 (97%)]	Loss: 0.000302
Test set: Average loss: 2.9171, Accuracy: 540/1492 (36%)
Train Epoch: 20 [0/5968 (0%)]	Loss: 0.006516
Train Epoch: 20 [200/5968 (3%)]	Loss: 0.000539
Train Epoch: 20 [400/5968 (7%)]	Loss: 0.000181
Train Epoch: 20 [600/5968 (10%)]	Loss: 0.004193
Train Epoch: 20 [800/5968 (13%)]	Loss: 0.003208
Train Epoch: 20 [1000/5968 (17%)]	Loss: 0.008859
Train Epoch: 20 [1200/5968 (20%)]	Loss: 0.000545
Train Epoch: 20 [1400/5968 (23%)]	Loss: 0.000765
Train Epoch: 20 [1600/5968 (27%)]	Loss: 0.002025
Train Epoch: 20 [1800/5968 (30%)]	Loss: 0.003578
Train Epoch: 20 [2000/5968 (33%)]	Loss: 0.022504
Train Epoch: 20 [2200/5968 (37%)]	Loss: 0.046301
Train Epoch: 20 [2400/5968 (40%)]	Loss: 0.002050
Train Epoch: 20 [2600/5968 (43%)]	Loss: 0.024603
Train Epoch: 20 [2800/5968 (47%)]	Loss: 0.000785
Train Epoch: 20 [3000/5968 (50%)]	Loss: 0.175302
Train Epoch: 20 [3200/5968 (54%)]	Loss: 0.013170
Train Epoch: 20 [3400/5968 (57%)]	Loss: 0.002225
Train Epoch: 20 [3600/5968 (60%)]	Loss: 0.004842
Train Epoch: 20 [3800/5968 (64%)]	Loss: 0.021173
Train Epoch: 20 [4000/5968 (67%)]	Loss: 0.000040
Train Epoch: 20 [4200/5968 (70%)]	Loss: 0.000913
Train Epoch: 20 [4400/5968 (74%)]	Loss: 0.004329
Train Epoch: 20 [4600/5968 (77%)]	Loss: 0.005277
Train Epoch: 20 [4800/5968 (80%)]	Loss: 0.000800
Train Epoch: 20 [5000/5968 (84%)]	Loss: 0.000199
Train Epoch: 20 [5200/5968 (87%)]	Loss: 0.005207
Train Epoch: 20 [5400/5968 (90%)]	Loss: 0.097502
Train Epoch: 20 [5600/5968 (94%)]	Loss: 0.028824
Train Epoch: 20 [5800/5968 (97%)]	Loss: 0.000645
Test set: Average loss: 2.1330, Accuracy: 889/1492 (59%)
Train Epoch: 21 [0/5968 (0%)]	Loss: 0.001729
Train Epoch: 21 [200/5968 (3%)]	Loss: 0.003727
Train Epoch: 21 [400/5968 (7%)]	Loss: 0.000391
Train Epoch: 21 [600/5968 (10%)]	Loss: 0.002446
Train Epoch: 21 [800/5968 (13%)]	Loss: 0.002177
Train Epoch: 21 [1000/5968 (17%)]	Loss: 0.004730
Train Epoch: 21 [1200/5968 (20%)]	Loss: 0.002570
Train Epoch: 21 [1400/5968 (23%)]	Loss: 0.000426
Train Epoch: 21 [1600/5968 (27%)]	Loss: 0.000178
Train Epoch: 21 [1800/5968 (30%)]	Loss: 0.004228
Train Epoch: 21 [2000/5968 (33%)]	Loss: 0.000096
Train Epoch: 21 [2200/5968 (37%)]	Loss: 0.005353
Train Epoch: 21 [2400/5968 (40%)]	Loss: 0.001965
Train Epoch: 21 [2600/5968 (43%)]	Loss: 0.000087
Train Epoch: 21 [2800/5968 (47%)]	Loss: 0.001105
Train Epoch: 21 [3000/5968 (50%)]	Loss: 0.000272
Train Epoch: 21 [3200/5968 (54%)]	Loss: 0.007809
Train Epoch: 21 [3400/5968 (57%)]	Loss: 0.001234
Train Epoch: 21 [3600/5968 (60%)]	Loss: 0.021566
Train Epoch: 21 [3800/5968 (64%)]	Loss: 0.000460
Train Epoch: 21 [4000/5968 (67%)]	Loss: 0.002254
Train Epoch: 21 [4200/5968 (70%)]	Loss: 0.000263
Train Epoch: 21 [4400/5968 (74%)]	Loss: 0.000269
Train Epoch: 21 [4600/5968 (77%)]	Loss: 0.001756
Train Epoch: 21 [4800/5968 (80%)]	Loss: 0.002928
Train Epoch: 21 [5000/5968 (84%)]	Loss: 0.013778
Train Epoch: 21 [5200/5968 (87%)]	Loss: 0.000522
Train Epoch: 21 [5400/5968 (90%)]	Loss: 0.003851
Train Epoch: 21 [5600/5968 (94%)]	Loss: 0.019165
Train Epoch: 21 [5800/5968 (97%)]	Loss: 0.002788
Test set: Average loss: 2.3344, Accuracy: 875/1492 (58%)
Train Epoch: 22 [0/5968 (0%)]	Loss: 0.000503
Train Epoch: 22 [200/5968 (3%)]	Loss: 0.000459
Train Epoch: 22 [400/5968 (7%)]	Loss: 0.003426
Train Epoch: 22 [600/5968 (10%)]	Loss: 0.100390
Train Epoch: 22 [800/5968 (13%)]	Loss: 0.053603
Train Epoch: 22 [1000/5968 (17%)]	Loss: 0.233915
Train Epoch: 22 [1200/5968 (20%)]	Loss: 0.010195
Train Epoch: 22 [1400/5968 (23%)]	Loss: 0.006379
Train Epoch: 22 [1600/5968 (27%)]	Loss: 0.005288
Train Epoch: 22 [1800/5968 (30%)]	Loss: 0.001046
Train Epoch: 22 [2000/5968 (33%)]	Loss: 0.000056
Train Epoch: 22 [2200/5968 (37%)]	Loss: 0.000322
Train Epoch: 22 [2400/5968 (40%)]	Loss: 0.000055
Train Epoch: 22 [2600/5968 (43%)]	Loss: 0.000191
Train Epoch: 22 [2800/5968 (47%)]	Loss: 0.021046
Train Epoch: 22 [3000/5968 (50%)]	Loss: 0.000105
Train Epoch: 22 [3200/5968 (54%)]	Loss: 0.000602
Train Epoch: 22 [3400/5968 (57%)]	Loss: 0.000936
Train Epoch: 22 [3600/5968 (60%)]	Loss: 0.002890
Train Epoch: 22 [3800/5968 (64%)]	Loss: 0.002642
Train Epoch: 22 [4000/5968 (67%)]	Loss: 0.000546
Train Epoch: 22 [4200/5968 (70%)]	Loss: 0.000209
Train Epoch: 22 [4400/5968 (74%)]	Loss: 0.003254
Train Epoch: 22 [4600/5968 (77%)]	Loss: 0.023227
Train Epoch: 22 [4800/5968 (80%)]	Loss: 0.001353
Train Epoch: 22 [5000/5968 (84%)]	Loss: 0.005180
Train Epoch: 22 [5200/5968 (87%)]	Loss: 0.003633
Train Epoch: 22 [5400/5968 (90%)]	Loss: 0.001063
Train Epoch: 22 [5600/5968 (94%)]	Loss: 0.000024
Train Epoch: 22 [5800/5968 (97%)]	Loss: 0.000611
Test set: Average loss: 4.5507, Accuracy: 320/1492 (21%)
Train Epoch: 23 [0/5968 (0%)]	Loss: 0.001409
Train Epoch: 23 [200/5968 (3%)]	Loss: 0.000118
Train Epoch: 23 [400/5968 (7%)]	Loss: 0.000440
Train Epoch: 23 [600/5968 (10%)]	Loss: 0.039228
Train Epoch: 23 [800/5968 (13%)]	Loss: 0.000012
Train Epoch: 23 [1000/5968 (17%)]	Loss: 0.013173
Train Epoch: 23 [1200/5968 (20%)]	Loss: 0.065053
Train Epoch: 23 [1400/5968 (23%)]	Loss: 0.001291
Train Epoch: 23 [1600/5968 (27%)]	Loss: 0.007572
Train Epoch: 23 [1800/5968 (30%)]	Loss: 0.001681
Train Epoch: 23 [2000/5968 (33%)]	Loss: 0.002495
Train Epoch: 23 [2200/5968 (37%)]	Loss: 0.004568
Train Epoch: 23 [2400/5968 (40%)]	Loss: 0.002174
Train Epoch: 23 [2600/5968 (43%)]	Loss: 0.001247
Train Epoch: 23 [2800/5968 (47%)]	Loss: 0.000455
Train Epoch: 23 [3000/5968 (50%)]	Loss: 0.005079
Train Epoch: 23 [3200/5968 (54%)]	Loss: 0.046075
Train Epoch: 23 [3400/5968 (57%)]	Loss: 0.008637
Train Epoch: 23 [3600/5968 (60%)]	Loss: 0.026039
Train Epoch: 23 [3800/5968 (64%)]	Loss: 0.000513
Train Epoch: 23 [4000/5968 (67%)]	Loss: 0.008301
Train Epoch: 23 [4200/5968 (70%)]	Loss: 0.123285
Train Epoch: 23 [4400/5968 (74%)]	Loss: 0.024652
Train Epoch: 23 [4600/5968 (77%)]	Loss: 0.110146
Train Epoch: 23 [4800/5968 (80%)]	Loss: 0.000605
Train Epoch: 23 [5000/5968 (84%)]	Loss: 0.001389
Train Epoch: 23 [5200/5968 (87%)]	Loss: 0.005064
Train Epoch: 23 [5400/5968 (90%)]	Loss: 0.240386
Train Epoch: 23 [5600/5968 (94%)]	Loss: 0.008025
Train Epoch: 23 [5800/5968 (97%)]	Loss: 0.001177
Test set: Average loss: 4.4278, Accuracy: 350/1492 (23%)
Train Epoch: 24 [0/5968 (0%)]	Loss: 0.459264
Train Epoch: 24 [200/5968 (3%)]	Loss: 0.023626
Train Epoch: 24 [400/5968 (7%)]	Loss: 0.013240
Train Epoch: 24 [600/5968 (10%)]	Loss: 0.001557
Train Epoch: 24 [800/5968 (13%)]	Loss: 0.003675
Train Epoch: 24 [1000/5968 (17%)]	Loss: 0.001615
Train Epoch: 24 [1200/5968 (20%)]	Loss: 0.000365
Train Epoch: 24 [1400/5968 (23%)]	Loss: 0.132386
Train Epoch: 24 [1600/5968 (27%)]	Loss: 0.016571
Train Epoch: 24 [1800/5968 (30%)]	Loss: 0.007405
Train Epoch: 24 [2000/5968 (33%)]	Loss: 0.000909
Train Epoch: 24 [2200/5968 (37%)]	Loss: 0.000191
Train Epoch: 24 [2400/5968 (40%)]	Loss: 0.007910
Train Epoch: 24 [2600/5968 (43%)]	Loss: 0.001106
Train Epoch: 24 [2800/5968 (47%)]	Loss: 0.153711
Train Epoch: 24 [3000/5968 (50%)]	Loss: 0.021588
Train Epoch: 24 [3200/5968 (54%)]	Loss: 0.003156
Train Epoch: 24 [3400/5968 (57%)]	Loss: 0.000268
Train Epoch: 24 [3600/5968 (60%)]	Loss: 0.011117
Train Epoch: 24 [3800/5968 (64%)]	Loss: 0.000371
Train Epoch: 24 [4000/5968 (67%)]	Loss: 0.017363
Train Epoch: 24 [4200/5968 (70%)]	Loss: 0.000538
Train Epoch: 24 [4400/5968 (74%)]	Loss: 0.000048
Train Epoch: 24 [4600/5968 (77%)]	Loss: 0.000288
Train Epoch: 24 [4800/5968 (80%)]	Loss: 0.000263
Train Epoch: 24 [5000/5968 (84%)]	Loss: 0.002548
Train Epoch: 24 [5200/5968 (87%)]	Loss: 0.000700
Train Epoch: 24 [5400/5968 (90%)]	Loss: 0.029830
Train Epoch: 24 [5600/5968 (94%)]	Loss: 0.001109
Train Epoch: 24 [5800/5968 (97%)]	Loss: 0.001744
Test set: Average loss: 1.4226, Accuracy: 1102/1492 (73%)
Train Epoch: 25 [0/5968 (0%)]	Loss: 0.000352
Train Epoch: 25 [200/5968 (3%)]	Loss: 0.001374
Train Epoch: 25 [400/5968 (7%)]	Loss: 0.000623
Train Epoch: 25 [600/5968 (10%)]	Loss: 0.000430
Train Epoch: 25 [800/5968 (13%)]	Loss: 0.007576
Train Epoch: 25 [1000/5968 (17%)]	Loss: 0.014166
Train Epoch: 25 [1200/5968 (20%)]	Loss: 0.000057
Train Epoch: 25 [1400/5968 (23%)]	Loss: 0.000026
Train Epoch: 25 [1600/5968 (27%)]	Loss: 0.000082
Train Epoch: 25 [1800/5968 (30%)]	Loss: 0.002432
Train Epoch: 25 [2000/5968 (33%)]	Loss: 0.077152
Train Epoch: 25 [2200/5968 (37%)]	Loss: 0.042167
Train Epoch: 25 [2400/5968 (40%)]	Loss: 0.000063
Train Epoch: 25 [2600/5968 (43%)]	Loss: 0.003000
Train Epoch: 25 [2800/5968 (47%)]	Loss: 0.046740
Train Epoch: 25 [3000/5968 (50%)]	Loss: 0.002050
Train Epoch: 25 [3200/5968 (54%)]	Loss: 0.001135
Train Epoch: 25 [3400/5968 (57%)]	Loss: 0.000394
Train Epoch: 25 [3600/5968 (60%)]	Loss: 0.000052
Train Epoch: 25 [3800/5968 (64%)]	Loss: 0.000060
Train Epoch: 25 [4000/5968 (67%)]	Loss: 0.219337
Train Epoch: 25 [4200/5968 (70%)]	Loss: 0.001100
Train Epoch: 25 [4400/5968 (74%)]	Loss: 0.022967
Train Epoch: 25 [4600/5968 (77%)]	Loss: 0.001793
Train Epoch: 25 [4800/5968 (80%)]	Loss: 0.001082
Train Epoch: 25 [5000/5968 (84%)]	Loss: 0.003799
Train Epoch: 25 [5200/5968 (87%)]	Loss: 0.000290
Train Epoch: 25 [5400/5968 (90%)]	Loss: 0.042297
Train Epoch: 25 [5600/5968 (94%)]	Loss: 0.000093
Train Epoch: 25 [5800/5968 (97%)]	Loss: 0.001222
Test set: Average loss: 1.7607, Accuracy: 1043/1492 (69%)
Train Epoch: 26 [0/5968 (0%)]	Loss: 0.000155
Train Epoch: 26 [200/5968 (3%)]	Loss: 0.001172
Train Epoch: 26 [400/5968 (7%)]	Loss: 0.000179
Train Epoch: 26 [600/5968 (10%)]	Loss: 0.070519
Train Epoch: 26 [800/5968 (13%)]	Loss: 0.000016
Train Epoch: 26 [1000/5968 (17%)]	Loss: 0.000019
Train Epoch: 26 [1200/5968 (20%)]	Loss: 0.000330
Train Epoch: 26 [1400/5968 (23%)]	Loss: 0.000118
Train Epoch: 26 [1600/5968 (27%)]	Loss: 0.000202
Train Epoch: 26 [1800/5968 (30%)]	Loss: 0.000326
Train Epoch: 26 [2000/5968 (33%)]	Loss: 0.156241
Train Epoch: 26 [2200/5968 (37%)]	Loss: 0.000054
Train Epoch: 26 [2400/5968 (40%)]	Loss: 0.001660
Train Epoch: 26 [2600/5968 (43%)]	Loss: 0.000175
Train Epoch: 26 [2800/5968 (47%)]	Loss: 0.000363
Train Epoch: 26 [3000/5968 (50%)]	Loss: 0.030865
Train Epoch: 26 [3200/5968 (54%)]	Loss: 0.001076
Train Epoch: 26 [3400/5968 (57%)]	Loss: 0.007140
Train Epoch: 26 [3600/5968 (60%)]	Loss: 0.002938
Train Epoch: 26 [3800/5968 (64%)]	Loss: 0.000578
Train Epoch: 26 [4000/5968 (67%)]	Loss: 0.007004
Train Epoch: 26 [4200/5968 (70%)]	Loss: 0.000891
Train Epoch: 26 [4400/5968 (74%)]	Loss: 0.000047
Train Epoch: 26 [4600/5968 (77%)]	Loss: 0.094392
Train Epoch: 26 [4800/5968 (80%)]	Loss: 0.006148
Train Epoch: 26 [5000/5968 (84%)]	Loss: 0.009920
Train Epoch: 26 [5200/5968 (87%)]	Loss: 0.012166
Train Epoch: 26 [5400/5968 (90%)]	Loss: 0.015869
Train Epoch: 26 [5600/5968 (94%)]	Loss: 0.002858
Train Epoch: 26 [5800/5968 (97%)]	Loss: 0.000592
Test set: Average loss: 6.7421, Accuracy: 317/1492 (21%)
Train Epoch: 27 [0/5968 (0%)]	Loss: 0.010658
Train Epoch: 27 [200/5968 (3%)]	Loss: 0.000643
Train Epoch: 27 [400/5968 (7%)]	Loss: 0.001896
Train Epoch: 27 [600/5968 (10%)]	Loss: 0.025116
Train Epoch: 27 [800/5968 (13%)]	Loss: 0.001595
Train Epoch: 27 [1000/5968 (17%)]	Loss: 0.003643
Train Epoch: 27 [1200/5968 (20%)]	Loss: 0.002733
Train Epoch: 27 [1400/5968 (23%)]	Loss: 0.011321
Train Epoch: 27 [1600/5968 (27%)]	Loss: 0.092344
Train Epoch: 27 [1800/5968 (30%)]	Loss: 0.001041
Train Epoch: 27 [2000/5968 (33%)]	Loss: 0.000583
Train Epoch: 27 [2200/5968 (37%)]	Loss: 0.430478
Train Epoch: 27 [2400/5968 (40%)]	Loss: 0.000353
Train Epoch: 27 [2600/5968 (43%)]	Loss: 0.012626
Train Epoch: 27 [2800/5968 (47%)]	Loss: 0.000169
Train Epoch: 27 [3000/5968 (50%)]	Loss: 0.005935
Train Epoch: 27 [3200/5968 (54%)]	Loss: 0.001488
Train Epoch: 27 [3400/5968 (57%)]	Loss: 0.000162
Train Epoch: 27 [3600/5968 (60%)]	Loss: 0.019738
Train Epoch: 27 [3800/5968 (64%)]	Loss: 0.003008
Train Epoch: 27 [4000/5968 (67%)]	Loss: 0.002393
Train Epoch: 27 [4200/5968 (70%)]	Loss: 0.000257
Train Epoch: 27 [4400/5968 (74%)]	Loss: 0.000321
Train Epoch: 27 [4600/5968 (77%)]	Loss: 0.000447
Train Epoch: 27 [4800/5968 (80%)]	Loss: 0.000937
Train Epoch: 27 [5000/5968 (84%)]	Loss: 0.006352
Train Epoch: 27 [5200/5968 (87%)]	Loss: 0.005122
Train Epoch: 27 [5400/5968 (90%)]	Loss: 0.031889
Train Epoch: 27 [5600/5968 (94%)]	Loss: 0.008181
Train Epoch: 27 [5800/5968 (97%)]	Loss: 0.001391
Test set: Average loss: 1.2476, Accuracy: 1121/1492 (75%)
Train Epoch: 28 [0/5968 (0%)]	Loss: 0.000378
Train Epoch: 28 [200/5968 (3%)]	Loss: 0.009641
Train Epoch: 28 [400/5968 (7%)]	Loss: 0.001569
Train Epoch: 28 [600/5968 (10%)]	Loss: 0.000116
Train Epoch: 28 [800/5968 (13%)]	Loss: 0.002698
Train Epoch: 28 [1000/5968 (17%)]	Loss: 0.000056
Train Epoch: 28 [1200/5968 (20%)]	Loss: 0.000474
Train Epoch: 28 [1400/5968 (23%)]	Loss: 0.000033
Train Epoch: 28 [1600/5968 (27%)]	Loss: 0.000451
Train Epoch: 28 [1800/5968 (30%)]	Loss: 0.000162
Train Epoch: 28 [2000/5968 (33%)]	Loss: 0.000359
Train Epoch: 28 [2200/5968 (37%)]	Loss: 0.000646
Train Epoch: 28 [2400/5968 (40%)]	Loss: 0.003863
Train Epoch: 28 [2600/5968 (43%)]	Loss: 0.000139
Train Epoch: 28 [2800/5968 (47%)]	Loss: 0.001154
Train Epoch: 28 [3000/5968 (50%)]	Loss: 0.088140
Train Epoch: 28 [3200/5968 (54%)]	Loss: 0.001673
Train Epoch: 28 [3400/5968 (57%)]	Loss: 0.000045
Train Epoch: 28 [3600/5968 (60%)]	Loss: 0.000275
Train Epoch: 28 [3800/5968 (64%)]	Loss: 0.000182
Train Epoch: 28 [4000/5968 (67%)]	Loss: 0.000741
Train Epoch: 28 [4200/5968 (70%)]	Loss: 0.014010
Train Epoch: 28 [4400/5968 (74%)]	Loss: 0.000736
Train Epoch: 28 [4600/5968 (77%)]	Loss: 0.000111
Train Epoch: 28 [4800/5968 (80%)]	Loss: 0.000088
Train Epoch: 28 [5000/5968 (84%)]	Loss: 0.003532
Train Epoch: 28 [5200/5968 (87%)]	Loss: 0.000089
Train Epoch: 28 [5400/5968 (90%)]	Loss: 0.000098
Train Epoch: 28 [5600/5968 (94%)]	Loss: 0.000135
Train Epoch: 28 [5800/5968 (97%)]	Loss: 0.000118
Test set: Average loss: 1.0416, Accuracy: 1201/1492 (80%)
Train Epoch: 29 [0/5968 (0%)]	Loss: 0.004454
Train Epoch: 29 [200/5968 (3%)]	Loss: 0.000077
Train Epoch: 29 [400/5968 (7%)]	Loss: 0.002193
Train Epoch: 29 [600/5968 (10%)]	Loss: 0.000047
Train Epoch: 29 [800/5968 (13%)]	Loss: 0.000064
Train Epoch: 29 [1000/5968 (17%)]	Loss: 0.002638
Train Epoch: 29 [1200/5968 (20%)]	Loss: 0.000054
Train Epoch: 29 [1400/5968 (23%)]	Loss: 0.000555
Train Epoch: 29 [1600/5968 (27%)]	Loss: 0.000297
Train Epoch: 29 [1800/5968 (30%)]	Loss: 0.000149
Train Epoch: 29 [2000/5968 (33%)]	Loss: 0.000081
Train Epoch: 29 [2200/5968 (37%)]	Loss: 0.000331
Train Epoch: 29 [2400/5968 (40%)]	Loss: 0.000213
Train Epoch: 29 [2600/5968 (43%)]	Loss: 0.002963
Train Epoch: 29 [2800/5968 (47%)]	Loss: 0.001565
Train Epoch: 29 [3000/5968 (50%)]	Loss: 0.000075
Train Epoch: 29 [3200/5968 (54%)]	Loss: 0.001654
Train Epoch: 29 [3400/5968 (57%)]	Loss: 0.000127
Train Epoch: 29 [3600/5968 (60%)]	Loss: 0.001539
Train Epoch: 29 [3800/5968 (64%)]	Loss: 0.000952
Train Epoch: 29 [4000/5968 (67%)]	Loss: 0.000213
Train Epoch: 29 [4200/5968 (70%)]	Loss: 0.014175
Train Epoch: 29 [4400/5968 (74%)]	Loss: 0.000059
Train Epoch: 29 [4600/5968 (77%)]	Loss: 0.002094
Train Epoch: 29 [4800/5968 (80%)]	Loss: 0.005607
Train Epoch: 29 [5000/5968 (84%)]	Loss: 0.002454
Train Epoch: 29 [5200/5968 (87%)]	Loss: 0.005027
Train Epoch: 29 [5400/5968 (90%)]	Loss: 0.011333
Train Epoch: 29 [5600/5968 (94%)]	Loss: 0.015997
Train Epoch: 29 [5800/5968 (97%)]	Loss: 0.000071
Test set: Average loss: 7.0555, Accuracy: 276/1492 (18%)
Train Epoch: 30 [0/5968 (0%)]	Loss: 0.058716
Train Epoch: 30 [200/5968 (3%)]	Loss: 0.104553
Train Epoch: 30 [400/5968 (7%)]	Loss: 0.010660
Train Epoch: 30 [600/5968 (10%)]	Loss: 0.000193
Train Epoch: 30 [800/5968 (13%)]	Loss: 0.001544
Train Epoch: 30 [1000/5968 (17%)]	Loss: 0.002763
Train Epoch: 30 [1200/5968 (20%)]	Loss: 0.005862
Train Epoch: 30 [1400/5968 (23%)]	Loss: 0.000358
Train Epoch: 30 [1600/5968 (27%)]	Loss: 0.000320
Train Epoch: 30 [1800/5968 (30%)]	Loss: 0.023616
Train Epoch: 30 [2000/5968 (33%)]	Loss: 0.035950
Train Epoch: 30 [2200/5968 (37%)]	Loss: 0.041217
Train Epoch: 30 [2400/5968 (40%)]	Loss: 0.006135
Train Epoch: 30 [2600/5968 (43%)]	Loss: 0.000321
Train Epoch: 30 [2800/5968 (47%)]	Loss: 0.002811
Train Epoch: 30 [3000/5968 (50%)]	Loss: 0.000012
Train Epoch: 30 [3200/5968 (54%)]	Loss: 0.000199
Train Epoch: 30 [3400/5968 (57%)]	Loss: 0.001532
Train Epoch: 30 [3600/5968 (60%)]	Loss: 0.000148
Train Epoch: 30 [3800/5968 (64%)]	Loss: 0.001194
Train Epoch: 30 [4000/5968 (67%)]	Loss: 0.002338
Train Epoch: 30 [4200/5968 (70%)]	Loss: 0.001102
Train Epoch: 30 [4400/5968 (74%)]	Loss: 0.000237
Train Epoch: 30 [4600/5968 (77%)]	Loss: 0.001586
Train Epoch: 30 [4800/5968 (80%)]	Loss: 0.000386
Train Epoch: 30 [5000/5968 (84%)]	Loss: 0.001939
Train Epoch: 30 [5200/5968 (87%)]	Loss: 0.001168
Train Epoch: 30 [5400/5968 (90%)]	Loss: 0.000887
Train Epoch: 30 [5600/5968 (94%)]	Loss: 0.002456
Train Epoch: 30 [5800/5968 (97%)]	Loss: 0.005140
Test set: Average loss: 1.6163, Accuracy: 1037/1492 (69%)
Train Epoch: 31 [0/5968 (0%)]	Loss: 0.000176
Train Epoch: 31 [200/5968 (3%)]	Loss: 0.000109
Train Epoch: 31 [400/5968 (7%)]	Loss: 0.090269
Train Epoch: 31 [600/5968 (10%)]	Loss: 0.000769
Train Epoch: 31 [800/5968 (13%)]	Loss: 0.000122
Train Epoch: 31 [1000/5968 (17%)]	Loss: 0.006849
Train Epoch: 31 [1200/5968 (20%)]	Loss: 0.000022
Train Epoch: 31 [1400/5968 (23%)]	Loss: 0.003894
Train Epoch: 31 [1600/5968 (27%)]	Loss: 0.000790
Train Epoch: 31 [1800/5968 (30%)]	Loss: 0.004907
Train Epoch: 31 [2000/5968 (33%)]	Loss: 0.036761
Train Epoch: 31 [2200/5968 (37%)]	Loss: 0.002094
Train Epoch: 31 [2400/5968 (40%)]	Loss: 0.072085
Train Epoch: 31 [2600/5968 (43%)]	Loss: 0.001501
Train Epoch: 31 [2800/5968 (47%)]	Loss: 0.000601
Train Epoch: 31 [3000/5968 (50%)]	Loss: 0.000112
Train Epoch: 31 [3200/5968 (54%)]	Loss: 0.000828
Train Epoch: 31 [3400/5968 (57%)]	Loss: 0.000220
Train Epoch: 31 [3600/5968 (60%)]	Loss: 0.000013
Train Epoch: 31 [3800/5968 (64%)]	Loss: 0.001636
Train Epoch: 31 [4000/5968 (67%)]	Loss: 0.000440
Train Epoch: 31 [4200/5968 (70%)]	Loss: 0.000011
Train Epoch: 31 [4400/5968 (74%)]	Loss: 0.002688
Train Epoch: 31 [4600/5968 (77%)]	Loss: 0.000484
Train Epoch: 31 [4800/5968 (80%)]	Loss: 0.000215
Train Epoch: 31 [5000/5968 (84%)]	Loss: 0.000120
Train Epoch: 31 [5200/5968 (87%)]	Loss: 0.000289
Train Epoch: 31 [5400/5968 (90%)]	Loss: 0.000131
Train Epoch: 31 [5600/5968 (94%)]	Loss: 0.003747
Train Epoch: 31 [5800/5968 (97%)]	Loss: 0.000111
Test set: Average loss: 0.9984, Accuracy: 1199/1492 (80%)
Train Epoch: 32 [0/5968 (0%)]	Loss: 0.000389
Train Epoch: 32 [200/5968 (3%)]	Loss: 0.000035
Train Epoch: 32 [400/5968 (7%)]	Loss: 0.000170
Train Epoch: 32 [600/5968 (10%)]	Loss: 0.008594
Train Epoch: 32 [800/5968 (13%)]	Loss: 0.001455
Train Epoch: 32 [1000/5968 (17%)]	Loss: 0.000984
Train Epoch: 32 [1200/5968 (20%)]	Loss: 0.010591
Train Epoch: 32 [1400/5968 (23%)]	Loss: 0.000210
Train Epoch: 32 [1600/5968 (27%)]	Loss: 0.001853
Train Epoch: 32 [1800/5968 (30%)]	Loss: 0.000378
Train Epoch: 32 [2000/5968 (33%)]	Loss: 0.000824
Train Epoch: 32 [2200/5968 (37%)]	Loss: 0.000645
Train Epoch: 32 [2400/5968 (40%)]	Loss: 0.000390
Train Epoch: 32 [2600/5968 (43%)]	Loss: 0.000030
Train Epoch: 32 [2800/5968 (47%)]	Loss: 0.000334
Train Epoch: 32 [3000/5968 (50%)]	Loss: 0.000977
Train Epoch: 32 [3200/5968 (54%)]	Loss: 0.000193
Train Epoch: 32 [3400/5968 (57%)]	Loss: 0.002848
Train Epoch: 32 [3600/5968 (60%)]	Loss: 0.000115
Train Epoch: 32 [3800/5968 (64%)]	Loss: 0.003633
Train Epoch: 32 [4000/5968 (67%)]	Loss: 0.000917
Train Epoch: 32 [4200/5968 (70%)]	Loss: 0.000262
Train Epoch: 32 [4400/5968 (74%)]	Loss: 0.000103
Train Epoch: 32 [4600/5968 (77%)]	Loss: 0.000375
Train Epoch: 32 [4800/5968 (80%)]	Loss: 0.044659
Train Epoch: 32 [5000/5968 (84%)]	Loss: 0.000454
Train Epoch: 32 [5200/5968 (87%)]	Loss: 0.000025
Train Epoch: 32 [5400/5968 (90%)]	Loss: 0.138926
Train Epoch: 32 [5600/5968 (94%)]	Loss: 0.000065
Train Epoch: 32 [5800/5968 (97%)]	Loss: 0.035230
Test set: Average loss: 8.0676, Accuracy: 281/1492 (18%)
Train Epoch: 33 [0/5968 (0%)]	Loss: 0.000286
Train Epoch: 33 [200/5968 (3%)]	Loss: 0.000049
Train Epoch: 33 [400/5968 (7%)]	Loss: 0.000245
Train Epoch: 33 [600/5968 (10%)]	Loss: 0.000056
Train Epoch: 33 [800/5968 (13%)]	Loss: 0.000330
Train Epoch: 33 [1000/5968 (17%)]	Loss: 0.099400
Train Epoch: 33 [1200/5968 (20%)]	Loss: 0.000373
Train Epoch: 33 [1400/5968 (23%)]	Loss: 0.002805
Train Epoch: 33 [1600/5968 (27%)]	Loss: 0.000701
Train Epoch: 33 [1800/5968 (30%)]	Loss: 0.004127
Train Epoch: 33 [2000/5968 (33%)]	Loss: 0.008067
Train Epoch: 33 [2200/5968 (37%)]	Loss: 0.000688
Train Epoch: 33 [2400/5968 (40%)]	Loss: 0.000034
Train Epoch: 33 [2600/5968 (43%)]	Loss: 0.000314
Train Epoch: 33 [2800/5968 (47%)]	Loss: 0.001518
Train Epoch: 33 [3000/5968 (50%)]	Loss: 0.009316
Train Epoch: 33 [3200/5968 (54%)]	Loss: 0.167522
Train Epoch: 33 [3400/5968 (57%)]	Loss: 0.000345
Train Epoch: 33 [3600/5968 (60%)]	Loss: 0.000981
Train Epoch: 33 [3800/5968 (64%)]	Loss: 0.000244
Train Epoch: 33 [4000/5968 (67%)]	Loss: 0.003218
Train Epoch: 33 [4200/5968 (70%)]	Loss: 0.057201
Train Epoch: 33 [4400/5968 (74%)]	Loss: 0.002270
Train Epoch: 33 [4600/5968 (77%)]	Loss: 0.024558
Train Epoch: 33 [4800/5968 (80%)]	Loss: 0.001527
Train Epoch: 33 [5000/5968 (84%)]	Loss: 0.002011
Train Epoch: 33 [5200/5968 (87%)]	Loss: 0.460036
Train Epoch: 33 [5400/5968 (90%)]	Loss: 0.039433
Train Epoch: 33 [5600/5968 (94%)]	Loss: 0.008435
Train Epoch: 33 [5800/5968 (97%)]	Loss: 0.000196
Test set: Average loss: 5.1875, Accuracy: 279/1492 (18%)
Train Epoch: 34 [0/5968 (0%)]	Loss: 0.000102
Train Epoch: 34 [200/5968 (3%)]	Loss: 0.005755
Train Epoch: 34 [400/5968 (7%)]	Loss: 0.007484
Train Epoch: 34 [600/5968 (10%)]	Loss: 0.002668
Train Epoch: 34 [800/5968 (13%)]	Loss: 0.005248
Train Epoch: 34 [1000/5968 (17%)]	Loss: 0.000256
Train Epoch: 34 [1200/5968 (20%)]	Loss: 0.001919
Train Epoch: 34 [1400/5968 (23%)]	Loss: 0.000201
Train Epoch: 34 [1600/5968 (27%)]	Loss: 0.000630
Train Epoch: 34 [1800/5968 (30%)]	Loss: 0.000782
Train Epoch: 34 [2000/5968 (33%)]	Loss: 0.000330
Train Epoch: 34 [2200/5968 (37%)]	Loss: 0.001326
Train Epoch: 34 [2400/5968 (40%)]	Loss: 0.003600
Train Epoch: 34 [2600/5968 (43%)]	Loss: 0.001237
Train Epoch: 34 [2800/5968 (47%)]	Loss: 0.000343
Train Epoch: 34 [3000/5968 (50%)]	Loss: 0.000243
Train Epoch: 34 [3200/5968 (54%)]	Loss: 0.004293
Train Epoch: 34 [3400/5968 (57%)]	Loss: 0.001476
Train Epoch: 34 [3600/5968 (60%)]	Loss: 0.000947
Train Epoch: 34 [3800/5968 (64%)]	Loss: 0.007659
Train Epoch: 34 [4000/5968 (67%)]	Loss: 0.005201
Train Epoch: 34 [4200/5968 (70%)]	Loss: 0.036518
Train Epoch: 34 [4400/5968 (74%)]	Loss: 0.026945
Train Epoch: 34 [4600/5968 (77%)]	Loss: 0.252641
Train Epoch: 34 [4800/5968 (80%)]	Loss: 0.056597
Train Epoch: 34 [5000/5968 (84%)]	Loss: 0.000131
Train Epoch: 34 [5200/5968 (87%)]	Loss: 0.001651
Train Epoch: 34 [5400/5968 (90%)]	Loss: 0.001913
Train Epoch: 34 [5600/5968 (94%)]	Loss: 0.000315
Train Epoch: 34 [5800/5968 (97%)]	Loss: 0.002877
Test set: Average loss: 4.3121, Accuracy: 276/1492 (18%)
Train Epoch: 35 [0/5968 (0%)]	Loss: 0.069506
Train Epoch: 35 [200/5968 (3%)]	Loss: 0.330484
Train Epoch: 35 [400/5968 (7%)]	Loss: 0.000474
Train Epoch: 35 [600/5968 (10%)]	Loss: 0.000367
Train Epoch: 35 [800/5968 (13%)]	Loss: 0.000065
Train Epoch: 35 [1000/5968 (17%)]	Loss: 0.000189
Train Epoch: 35 [1200/5968 (20%)]	Loss: 0.001731
Train Epoch: 35 [1400/5968 (23%)]	Loss: 0.002914
Train Epoch: 35 [1600/5968 (27%)]	Loss: 0.003108
Train Epoch: 35 [1800/5968 (30%)]	Loss: 0.003255
Train Epoch: 35 [2000/5968 (33%)]	Loss: 0.000084
Train Epoch: 35 [2200/5968 (37%)]	Loss: 0.000593
Train Epoch: 35 [2400/5968 (40%)]	Loss: 0.010208
Train Epoch: 35 [2600/5968 (43%)]	Loss: 0.002123
Train Epoch: 35 [2800/5968 (47%)]	Loss: 0.030003
Train Epoch: 35 [3000/5968 (50%)]	Loss: 0.002037
Train Epoch: 35 [3200/5968 (54%)]	Loss: 0.006192
Train Epoch: 35 [3400/5968 (57%)]	Loss: 0.000884
Train Epoch: 35 [3600/5968 (60%)]	Loss: 0.006965
Train Epoch: 35 [3800/5968 (64%)]	Loss: 0.000409
Train Epoch: 35 [4000/5968 (67%)]	Loss: 0.000334
Train Epoch: 35 [4200/5968 (70%)]	Loss: 0.033731
Train Epoch: 35 [4400/5968 (74%)]	Loss: 0.001901
Train Epoch: 35 [4600/5968 (77%)]	Loss: 0.000825
Train Epoch: 35 [4800/5968 (80%)]	Loss: 0.193028
Train Epoch: 35 [5000/5968 (84%)]	Loss: 0.001494
Train Epoch: 35 [5200/5968 (87%)]	Loss: 0.002431
Train Epoch: 35 [5400/5968 (90%)]	Loss: 0.001136
Train Epoch: 35 [5600/5968 (94%)]	Loss: 0.014419
Train Epoch: 35 [5800/5968 (97%)]	Loss: 0.002462
Test set: Average loss: 2.3294, Accuracy: 722/1492 (48%)
Train Epoch: 36 [0/5968 (0%)]	Loss: 0.000374
Train Epoch: 36 [200/5968 (3%)]	Loss: 0.003385
Train Epoch: 36 [400/5968 (7%)]	Loss: 0.004630
Train Epoch: 36 [600/5968 (10%)]	Loss: 0.000466
Train Epoch: 36 [800/5968 (13%)]	Loss: 0.005933
Train Epoch: 36 [1000/5968 (17%)]	Loss: 0.001434
Train Epoch: 36 [1200/5968 (20%)]	Loss: 0.004078
Train Epoch: 36 [1400/5968 (23%)]	Loss: 0.000262
Train Epoch: 36 [1600/5968 (27%)]	Loss: 0.000918
Train Epoch: 36 [1800/5968 (30%)]	Loss: 0.000098
Train Epoch: 36 [2000/5968 (33%)]	Loss: 0.000048
Train Epoch: 36 [2200/5968 (37%)]	Loss: 0.016362
Train Epoch: 36 [2400/5968 (40%)]	Loss: 0.000106
Train Epoch: 36 [2600/5968 (43%)]	Loss: 0.000715
Train Epoch: 36 [2800/5968 (47%)]	Loss: 0.002272
Train Epoch: 36 [3000/5968 (50%)]	Loss: 0.000459
Train Epoch: 36 [3200/5968 (54%)]	Loss: 0.000107
Train Epoch: 36 [3400/5968 (57%)]	Loss: 0.001622
Train Epoch: 36 [3600/5968 (60%)]	Loss: 0.003883
Train Epoch: 36 [3800/5968 (64%)]	Loss: 0.000014
Train Epoch: 36 [4000/5968 (67%)]	Loss: 0.000066
Train Epoch: 36 [4200/5968 (70%)]	Loss: 0.003152
Train Epoch: 36 [4400/5968 (74%)]	Loss: 0.000837
Train Epoch: 36 [4600/5968 (77%)]	Loss: 0.000318
Train Epoch: 36 [4800/5968 (80%)]	Loss: 0.006764
Train Epoch: 36 [5000/5968 (84%)]	Loss: 0.026935
Train Epoch: 36 [5200/5968 (87%)]	Loss: 0.000273
Train Epoch: 36 [5400/5968 (90%)]	Loss: 0.005917
Train Epoch: 36 [5600/5968 (94%)]	Loss: 0.000188
Train Epoch: 36 [5800/5968 (97%)]	Loss: 0.000277
Test set: Average loss: 1.4047, Accuracy: 1047/1492 (70%)
Train Epoch: 37 [0/5968 (0%)]	Loss: 0.000194
Train Epoch: 37 [200/5968 (3%)]	Loss: 0.000033
Train Epoch: 37 [400/5968 (7%)]	Loss: 0.000514
Train Epoch: 37 [600/5968 (10%)]	Loss: 0.001462
Train Epoch: 37 [800/5968 (13%)]	Loss: 0.000151
Train Epoch: 37 [1000/5968 (17%)]	Loss: 0.000290
Train Epoch: 37 [1200/5968 (20%)]	Loss: 0.000089
Train Epoch: 37 [1400/5968 (23%)]	Loss: 0.019855
Train Epoch: 37 [1600/5968 (27%)]	Loss: 0.000507
Train Epoch: 37 [1800/5968 (30%)]	Loss: 0.000774
Train Epoch: 37 [2000/5968 (33%)]	Loss: 0.007272
Train Epoch: 37 [2200/5968 (37%)]	Loss: 0.000020
Train Epoch: 37 [2400/5968 (40%)]	Loss: 0.000066
Train Epoch: 37 [2600/5968 (43%)]	Loss: 0.000026
Train Epoch: 37 [2800/5968 (47%)]	Loss: 0.002298
Train Epoch: 37 [3000/5968 (50%)]	Loss: 0.000274
Train Epoch: 37 [3200/5968 (54%)]	Loss: 0.000015
Train Epoch: 37 [3400/5968 (57%)]	Loss: 0.000019
Train Epoch: 37 [3600/5968 (60%)]	Loss: 0.000034
Train Epoch: 37 [3800/5968 (64%)]	Loss: 0.000167
Train Epoch: 37 [4000/5968 (67%)]	Loss: 0.000129
Train Epoch: 37 [4200/5968 (70%)]	Loss: 0.004770
Train Epoch: 37 [4400/5968 (74%)]	Loss: 0.000138
Train Epoch: 37 [4600/5968 (77%)]	Loss: 0.000044
Train Epoch: 37 [4800/5968 (80%)]	Loss: 0.109413
Train Epoch: 37 [5000/5968 (84%)]	Loss: 0.000232
Train Epoch: 37 [5200/5968 (87%)]	Loss: 0.000107
Train Epoch: 37 [5400/5968 (90%)]	Loss: 0.000031
Train Epoch: 37 [5600/5968 (94%)]	Loss: 0.000078
Train Epoch: 37 [5800/5968 (97%)]	Loss: 0.000004
Test set: Average loss: 3.4469, Accuracy: 657/1492 (44%)
Train Epoch: 38 [0/5968 (0%)]	Loss: 0.000045
Train Epoch: 38 [200/5968 (3%)]	Loss: 0.000485
Train Epoch: 38 [400/5968 (7%)]	Loss: 0.000005
Train Epoch: 38 [600/5968 (10%)]	Loss: 0.000754
Train Epoch: 38 [800/5968 (13%)]	Loss: 0.000097
Train Epoch: 38 [1000/5968 (17%)]	Loss: 0.000035
Train Epoch: 38 [1200/5968 (20%)]	Loss: 0.000542
Train Epoch: 38 [1400/5968 (23%)]	Loss: 0.000023
Train Epoch: 38 [1600/5968 (27%)]	Loss: 0.000242
Train Epoch: 38 [1800/5968 (30%)]	Loss: 0.006834
Train Epoch: 38 [2000/5968 (33%)]	Loss: 0.000019
Train Epoch: 38 [2200/5968 (37%)]	Loss: 0.000405
Train Epoch: 38 [2400/5968 (40%)]	Loss: 0.000150
Train Epoch: 38 [2600/5968 (43%)]	Loss: 0.000409
Train Epoch: 38 [2800/5968 (47%)]	Loss: 0.000868
Train Epoch: 38 [3000/5968 (50%)]	Loss: 0.001111
Train Epoch: 38 [3200/5968 (54%)]	Loss: 0.000227
Train Epoch: 38 [3400/5968 (57%)]	Loss: 0.000039
Train Epoch: 38 [3600/5968 (60%)]	Loss: 0.000423
Train Epoch: 38 [3800/5968 (64%)]	Loss: 0.000912
Train Epoch: 38 [4000/5968 (67%)]	Loss: 0.000428
Train Epoch: 38 [4200/5968 (70%)]	Loss: 0.000013
Train Epoch: 38 [4400/5968 (74%)]	Loss: 0.001322
Train Epoch: 38 [4600/5968 (77%)]	Loss: 0.053382
Train Epoch: 38 [4800/5968 (80%)]	Loss: 0.000351
Train Epoch: 38 [5000/5968 (84%)]	Loss: 0.001665
Train Epoch: 38 [5200/5968 (87%)]	Loss: 0.000085
Train Epoch: 38 [5400/5968 (90%)]	Loss: 0.000033
Train Epoch: 38 [5600/5968 (94%)]	Loss: 0.000039
Train Epoch: 38 [5800/5968 (97%)]	Loss: 0.004863
Test set: Average loss: 1.0673, Accuracy: 1197/1492 (80%)
Train Epoch: 39 [0/5968 (0%)]	Loss: 0.000089
Train Epoch: 39 [200/5968 (3%)]	Loss: 0.000105
Train Epoch: 39 [400/5968 (7%)]	Loss: 0.000020
Train Epoch: 39 [600/5968 (10%)]	Loss: 0.000042
Train Epoch: 39 [800/5968 (13%)]	Loss: 0.000276
Train Epoch: 39 [1000/5968 (17%)]	Loss: 0.000046
Train Epoch: 39 [1200/5968 (20%)]	Loss: 0.000084
Train Epoch: 39 [1400/5968 (23%)]	Loss: 0.000008
Train Epoch: 39 [1600/5968 (27%)]	Loss: 0.000011
Train Epoch: 39 [1800/5968 (30%)]	Loss: 0.000024
Train Epoch: 39 [2000/5968 (33%)]	Loss: 0.000012
Train Epoch: 39 [2200/5968 (37%)]	Loss: 0.000004
Train Epoch: 39 [2400/5968 (40%)]	Loss: 0.000275
Train Epoch: 39 [2600/5968 (43%)]	Loss: 0.000006
Train Epoch: 39 [2800/5968 (47%)]	Loss: 0.000081
Train Epoch: 39 [3000/5968 (50%)]	Loss: 0.000019
Train Epoch: 39 [3200/5968 (54%)]	Loss: 0.000099
Train Epoch: 39 [3400/5968 (57%)]	Loss: 0.000051
Train Epoch: 39 [3600/5968 (60%)]	Loss: 0.000022
Train Epoch: 39 [3800/5968 (64%)]	Loss: 0.000015
Train Epoch: 39 [4000/5968 (67%)]	Loss: 0.000040
Train Epoch: 39 [4200/5968 (70%)]	Loss: 0.000166
Train Epoch: 39 [4400/5968 (74%)]	Loss: 0.000033
Train Epoch: 39 [4600/5968 (77%)]	Loss: 0.000067
Train Epoch: 39 [4800/5968 (80%)]	Loss: 0.000023
Train Epoch: 39 [5000/5968 (84%)]	Loss: 0.000027
Train Epoch: 39 [5200/5968 (87%)]	Loss: 0.000010
Train Epoch: 39 [5400/5968 (90%)]	Loss: 0.000035
Train Epoch: 39 [5600/5968 (94%)]	Loss: 0.000036
Train Epoch: 39 [5800/5968 (97%)]	Loss: 0.000071
Test set: Average loss: 1.0746, Accuracy: 1211/1492 (81%)
Train Epoch: 40 [0/5968 (0%)]	Loss: 0.000057
Train Epoch: 40 [200/5968 (3%)]	Loss: 0.000037
Train Epoch: 40 [400/5968 (7%)]	Loss: 0.000042
Train Epoch: 40 [600/5968 (10%)]	Loss: 0.000079
Train Epoch: 40 [800/5968 (13%)]	Loss: 0.000227
Train Epoch: 40 [1000/5968 (17%)]	Loss: 0.000204
Train Epoch: 40 [1200/5968 (20%)]	Loss: 0.000023
Train Epoch: 40 [1400/5968 (23%)]	Loss: 0.000016
Train Epoch: 40 [1600/5968 (27%)]	Loss: 0.000015
Train Epoch: 40 [1800/5968 (30%)]	Loss: 0.000067
Train Epoch: 40 [2000/5968 (33%)]	Loss: 0.000080
Train Epoch: 40 [2200/5968 (37%)]	Loss: 0.000015
Train Epoch: 40 [2400/5968 (40%)]	Loss: 0.000156
Train Epoch: 40 [2600/5968 (43%)]	Loss: 0.000468
Train Epoch: 40 [2800/5968 (47%)]	Loss: 0.000200
Train Epoch: 40 [3000/5968 (50%)]	Loss: 0.000011
Train Epoch: 40 [3200/5968 (54%)]	Loss: 0.000030
Train Epoch: 40 [3400/5968 (57%)]	Loss: 0.000028
Train Epoch: 40 [3600/5968 (60%)]	Loss: 0.000069
Train Epoch: 40 [3800/5968 (64%)]	Loss: 0.000023
Train Epoch: 40 [4000/5968 (67%)]	Loss: 0.000015
Train Epoch: 40 [4200/5968 (70%)]	Loss: 0.000168
Train Epoch: 40 [4400/5968 (74%)]	Loss: 0.000078
Train Epoch: 40 [4600/5968 (77%)]	Loss: 0.000022
Train Epoch: 40 [4800/5968 (80%)]	Loss: 0.000131
Train Epoch: 40 [5000/5968 (84%)]	Loss: 0.000006
Train Epoch: 40 [5200/5968 (87%)]	Loss: 0.000038
Train Epoch: 40 [5400/5968 (90%)]	Loss: 0.000011
Train Epoch: 40 [5600/5968 (94%)]	Loss: 0.000311
Train Epoch: 40 [5800/5968 (97%)]	Loss: 0.000003
Test set: Average loss: 1.0294, Accuracy: 1227/1492 (82%)
Train Epoch: 41 [0/5968 (0%)]	Loss: 0.000905
Train Epoch: 41 [200/5968 (3%)]	Loss: 0.000044
Train Epoch: 41 [400/5968 (7%)]	Loss: 0.000016
Train Epoch: 41 [600/5968 (10%)]	Loss: 0.000077
Train Epoch: 41 [800/5968 (13%)]	Loss: 0.000044
Train Epoch: 41 [1000/5968 (17%)]	Loss: 0.000058
Train Epoch: 41 [1200/5968 (20%)]	Loss: 0.000004
Train Epoch: 41 [1400/5968 (23%)]	Loss: 0.000009
Train Epoch: 41 [1600/5968 (27%)]	Loss: 0.000127
Train Epoch: 41 [1800/5968 (30%)]	Loss: 0.000009
Train Epoch: 41 [2000/5968 (33%)]	Loss: 0.000043
Train Epoch: 41 [2200/5968 (37%)]	Loss: 0.000168
Train Epoch: 41 [2400/5968 (40%)]	Loss: 0.000040
Train Epoch: 41 [2600/5968 (43%)]	Loss: 0.000021
Train Epoch: 41 [2800/5968 (47%)]	Loss: 0.000339
Train Epoch: 41 [3000/5968 (50%)]	Loss: 0.000008
Train Epoch: 41 [3200/5968 (54%)]	Loss: 0.000081
Train Epoch: 41 [3400/5968 (57%)]	Loss: 0.000094
Train Epoch: 41 [3600/5968 (60%)]	Loss: 0.000049
Train Epoch: 41 [3800/5968 (64%)]	Loss: 0.000035
Train Epoch: 41 [4000/5968 (67%)]	Loss: 0.000060
Train Epoch: 41 [4200/5968 (70%)]	Loss: 0.000463
Train Epoch: 41 [4400/5968 (74%)]	Loss: 0.000021
Train Epoch: 41 [4600/5968 (77%)]	Loss: 0.067000
Train Epoch: 41 [4800/5968 (80%)]	Loss: 0.000095
Train Epoch: 41 [5000/5968 (84%)]	Loss: 0.000014
Train Epoch: 41 [5200/5968 (87%)]	Loss: 0.000011
Train Epoch: 41 [5400/5968 (90%)]	Loss: 0.000006
Train Epoch: 41 [5600/5968 (94%)]	Loss: 0.000149
Train Epoch: 41 [5800/5968 (97%)]	Loss: 0.000005
Test set: Average loss: 1.0110, Accuracy: 1231/1492 (82%)
Train Epoch: 42 [0/5968 (0%)]	Loss: 0.000066
Train Epoch: 42 [200/5968 (3%)]	Loss: 0.000673
Train Epoch: 42 [400/5968 (7%)]	Loss: 0.000011
Train Epoch: 42 [600/5968 (10%)]	Loss: 0.000003
Train Epoch: 42 [800/5968 (13%)]	Loss: 0.000001
Train Epoch: 42 [1000/5968 (17%)]	Loss: 0.000045
Train Epoch: 42 [1200/5968 (20%)]	Loss: 0.000178
Train Epoch: 42 [1400/5968 (23%)]	Loss: 0.000014
Train Epoch: 42 [1600/5968 (27%)]	Loss: 0.000038
Train Epoch: 42 [1800/5968 (30%)]	Loss: 0.000022
Train Epoch: 42 [2000/5968 (33%)]	Loss: 0.000020
Train Epoch: 42 [2200/5968 (37%)]	Loss: 0.000008
Train Epoch: 42 [2400/5968 (40%)]	Loss: 0.000007
Train Epoch: 42 [2600/5968 (43%)]	Loss: 0.000019
Train Epoch: 42 [2800/5968 (47%)]	Loss: 0.000179
Train Epoch: 42 [3000/5968 (50%)]	Loss: 0.000006
Train Epoch: 42 [3200/5968 (54%)]	Loss: 0.000010
Train Epoch: 42 [3400/5968 (57%)]	Loss: 0.000161
Train Epoch: 42 [3600/5968 (60%)]	Loss: 0.000038
Train Epoch: 42 [3800/5968 (64%)]	Loss: 0.000017
Train Epoch: 42 [4000/5968 (67%)]	Loss: 0.000082
Train Epoch: 42 [4200/5968 (70%)]	Loss: 0.000023
Train Epoch: 42 [4400/5968 (74%)]	Loss: 0.000008
Train Epoch: 42 [4600/5968 (77%)]	Loss: 0.000023
Train Epoch: 42 [4800/5968 (80%)]	Loss: 0.000003
Train Epoch: 42 [5000/5968 (84%)]	Loss: 0.000069
Train Epoch: 42 [5200/5968 (87%)]	Loss: 0.000010
Train Epoch: 42 [5400/5968 (90%)]	Loss: 0.000024
Train Epoch: 42 [5600/5968 (94%)]	Loss: 0.000030
Train Epoch: 42 [5800/5968 (97%)]	Loss: 0.000012
Test set: Average loss: 1.0084, Accuracy: 1236/1492 (82%)
Train Epoch: 43 [0/5968 (0%)]	Loss: 0.000043
Train Epoch: 43 [200/5968 (3%)]	Loss: 0.000028
Train Epoch: 43 [400/5968 (7%)]	Loss: 0.000017
Train Epoch: 43 [600/5968 (10%)]	Loss: 0.000108
Train Epoch: 43 [800/5968 (13%)]	Loss: 0.000030
Train Epoch: 43 [1000/5968 (17%)]	Loss: 0.000017
Train Epoch: 43 [1200/5968 (20%)]	Loss: 0.000010
Train Epoch: 43 [1400/5968 (23%)]	Loss: 0.000071
Train Epoch: 43 [1600/5968 (27%)]	Loss: 0.000095
Train Epoch: 43 [1800/5968 (30%)]	Loss: 0.000004
Train Epoch: 43 [2000/5968 (33%)]	Loss: 0.000011
Train Epoch: 43 [2200/5968 (37%)]	Loss: 0.000557
Train Epoch: 43 [2400/5968 (40%)]	Loss: 0.000048
Train Epoch: 43 [2600/5968 (43%)]	Loss: 0.000409
Train Epoch: 43 [2800/5968 (47%)]	Loss: 0.000039
Train Epoch: 43 [3000/5968 (50%)]	Loss: 0.000053
Train Epoch: 43 [3200/5968 (54%)]	Loss: 0.000031
Train Epoch: 43 [3400/5968 (57%)]	Loss: 0.000003
Train Epoch: 43 [3600/5968 (60%)]	Loss: 0.000008
Train Epoch: 43 [3800/5968 (64%)]	Loss: 0.000006
Train Epoch: 43 [4000/5968 (67%)]	Loss: 0.000071
Train Epoch: 43 [4200/5968 (70%)]	Loss: 0.000106
Train Epoch: 43 [4400/5968 (74%)]	Loss: 0.000211
Train Epoch: 43 [4600/5968 (77%)]	Loss: 0.000021
Train Epoch: 43 [4800/5968 (80%)]	Loss: 0.000023
Train Epoch: 43 [5000/5968 (84%)]	Loss: 0.000056
Train Epoch: 43 [5200/5968 (87%)]	Loss: 0.000010
Train Epoch: 43 [5400/5968 (90%)]	Loss: 0.000003
Train Epoch: 43 [5600/5968 (94%)]	Loss: 0.000039
Train Epoch: 43 [5800/5968 (97%)]	Loss: 0.000008
Test set: Average loss: 1.0300, Accuracy: 1232/1492 (82%)
Train Epoch: 44 [0/5968 (0%)]	Loss: 0.000019
Train Epoch: 44 [200/5968 (3%)]	Loss: 0.000011
Train Epoch: 44 [400/5968 (7%)]	Loss: 0.040476
Train Epoch: 44 [600/5968 (10%)]	Loss: 0.000025
Train Epoch: 44 [800/5968 (13%)]	Loss: 0.000003
Train Epoch: 44 [1000/5968 (17%)]	Loss: 0.000002
Train Epoch: 44 [1200/5968 (20%)]	Loss: 0.000127
Train Epoch: 44 [1400/5968 (23%)]	Loss: 0.000042
Train Epoch: 44 [1600/5968 (27%)]	Loss: 0.000156
Train Epoch: 44 [1800/5968 (30%)]	Loss: 0.000166
Train Epoch: 44 [2000/5968 (33%)]	Loss: 0.000109
Train Epoch: 44 [2200/5968 (37%)]	Loss: 0.000003
Train Epoch: 44 [2400/5968 (40%)]	Loss: 0.000010
Train Epoch: 44 [2600/5968 (43%)]	Loss: 0.000086
Train Epoch: 44 [2800/5968 (47%)]	Loss: 0.000100
Train Epoch: 44 [3000/5968 (50%)]	Loss: 0.000010
Train Epoch: 44 [3200/5968 (54%)]	Loss: 0.000071
Train Epoch: 44 [3400/5968 (57%)]	Loss: 0.000024
Train Epoch: 44 [3600/5968 (60%)]	Loss: 0.000012
Train Epoch: 44 [3800/5968 (64%)]	Loss: 0.000050
Train Epoch: 44 [4000/5968 (67%)]	Loss: 0.000014
Train Epoch: 44 [4200/5968 (70%)]	Loss: 0.001441
Train Epoch: 44 [4400/5968 (74%)]	Loss: 0.000050
Train Epoch: 44 [4600/5968 (77%)]	Loss: 0.000042
Train Epoch: 44 [4800/5968 (80%)]	Loss: 0.058410
Train Epoch: 44 [5000/5968 (84%)]	Loss: 0.000096
Train Epoch: 44 [5200/5968 (87%)]	Loss: 0.000231
Train Epoch: 44 [5400/5968 (90%)]	Loss: 0.000080
Train Epoch: 44 [5600/5968 (94%)]	Loss: 0.000012
Train Epoch: 44 [5800/5968 (97%)]	Loss: 0.000002
Test set: Average loss: 1.0448, Accuracy: 1233/1492 (82%)
Train Epoch: 45 [0/5968 (0%)]	Loss: 0.000010
Train Epoch: 45 [200/5968 (3%)]	Loss: 0.000001
Train Epoch: 45 [400/5968 (7%)]	Loss: 0.000057
Train Epoch: 45 [600/5968 (10%)]	Loss: 0.000022
Train Epoch: 45 [800/5968 (13%)]	Loss: 0.000008
Train Epoch: 45 [1000/5968 (17%)]	Loss: 0.000037
Train Epoch: 45 [1200/5968 (20%)]	Loss: 0.000056
Train Epoch: 45 [1400/5968 (23%)]	Loss: 0.000003
Train Epoch: 45 [1600/5968 (27%)]	Loss: 0.000004
Train Epoch: 45 [1800/5968 (30%)]	Loss: 0.000030
Train Epoch: 45 [2000/5968 (33%)]	Loss: 0.000181
Train Epoch: 45 [2200/5968 (37%)]	Loss: 0.000159
Train Epoch: 45 [2400/5968 (40%)]	Loss: 0.000234
Train Epoch: 45 [2600/5968 (43%)]	Loss: 0.000047
Train Epoch: 45 [2800/5968 (47%)]	Loss: 0.000002
Train Epoch: 45 [3000/5968 (50%)]	Loss: 0.000017
Train Epoch: 45 [3200/5968 (54%)]	Loss: 0.000038
Train Epoch: 45 [3400/5968 (57%)]	Loss: 0.000021
Train Epoch: 45 [3600/5968 (60%)]	Loss: 0.000020
Train Epoch: 45 [3800/5968 (64%)]	Loss: 0.000020
Train Epoch: 45 [4000/5968 (67%)]	Loss: 0.000049
Train Epoch: 45 [4200/5968 (70%)]	Loss: 0.000008
Train Epoch: 45 [4400/5968 (74%)]	Loss: 0.000035
Train Epoch: 45 [4600/5968 (77%)]	Loss: 0.000033
Train Epoch: 45 [4800/5968 (80%)]	Loss: 0.000063
Train Epoch: 45 [5000/5968 (84%)]	Loss: 0.000063
Train Epoch: 45 [5200/5968 (87%)]	Loss: 0.000066
Train Epoch: 45 [5400/5968 (90%)]	Loss: 0.000008
Train Epoch: 45 [5600/5968 (94%)]	Loss: 0.000297
Train Epoch: 45 [5800/5968 (97%)]	Loss: 0.000393
Test set: Average loss: 1.0644, Accuracy: 1232/1492 (82%)
Train Epoch: 46 [0/5968 (0%)]	Loss: 0.000140
Train Epoch: 46 [200/5968 (3%)]	Loss: 0.000009
Train Epoch: 46 [400/5968 (7%)]	Loss: 0.000010
Train Epoch: 46 [600/5968 (10%)]	Loss: 0.000006
Train Epoch: 46 [800/5968 (13%)]	Loss: 0.000024
Train Epoch: 46 [1000/5968 (17%)]	Loss: 0.000046
Train Epoch: 46 [1200/5968 (20%)]	Loss: 0.000003
Train Epoch: 46 [1400/5968 (23%)]	Loss: 0.000007
Train Epoch: 46 [1600/5968 (27%)]	Loss: 0.000242
Train Epoch: 46 [1800/5968 (30%)]	Loss: 0.000059
Train Epoch: 46 [2000/5968 (33%)]	Loss: 0.000079
Train Epoch: 46 [2200/5968 (37%)]	Loss: 0.000087
Train Epoch: 46 [2400/5968 (40%)]	Loss: 0.000300
Train Epoch: 46 [2600/5968 (43%)]	Loss: 0.000076
Train Epoch: 46 [2800/5968 (47%)]	Loss: 0.000004
Train Epoch: 46 [3000/5968 (50%)]	Loss: 0.000008
Train Epoch: 46 [3200/5968 (54%)]	Loss: 0.000016
Train Epoch: 46 [3400/5968 (57%)]	Loss: 0.000009
Train Epoch: 46 [3600/5968 (60%)]	Loss: 0.000020
Train Epoch: 46 [3800/5968 (64%)]	Loss: 0.000003
Train Epoch: 46 [4000/5968 (67%)]	Loss: 0.000012
Train Epoch: 46 [4200/5968 (70%)]	Loss: 0.000005
Train Epoch: 46 [4400/5968 (74%)]	Loss: 0.000074
Train Epoch: 46 [4600/5968 (77%)]	Loss: 0.000008
Train Epoch: 46 [4800/5968 (80%)]	Loss: 0.000025
Train Epoch: 46 [5000/5968 (84%)]	Loss: 0.000004
Train Epoch: 46 [5200/5968 (87%)]	Loss: 0.000028
Train Epoch: 46 [5400/5968 (90%)]	Loss: 0.000011
Train Epoch: 46 [5600/5968 (94%)]	Loss: 0.000068
Train Epoch: 46 [5800/5968 (97%)]	Loss: 0.000080
Test set: Average loss: 1.0822, Accuracy: 1227/1492 (82%)
Train Epoch: 47 [0/5968 (0%)]	Loss: 0.000143
Train Epoch: 47 [200/5968 (3%)]	Loss: 0.000000
Train Epoch: 47 [400/5968 (7%)]	Loss: 0.000162
Train Epoch: 47 [600/5968 (10%)]	Loss: 0.000002
Train Epoch: 47 [800/5968 (13%)]	Loss: 0.000098
Train Epoch: 47 [1000/5968 (17%)]	Loss: 0.000036
Train Epoch: 47 [1200/5968 (20%)]	Loss: 0.000101
Train Epoch: 47 [1400/5968 (23%)]	Loss: 0.000228
Train Epoch: 47 [1600/5968 (27%)]	Loss: 0.000022
Train Epoch: 47 [1800/5968 (30%)]	Loss: 0.058360
Train Epoch: 47 [2000/5968 (33%)]	Loss: 0.000001
Train Epoch: 47 [2200/5968 (37%)]	Loss: 0.000001
Train Epoch: 47 [2400/5968 (40%)]	Loss: 0.000032
Train Epoch: 47 [2600/5968 (43%)]	Loss: 0.000509
Train Epoch: 47 [2800/5968 (47%)]	Loss: 0.000054
Train Epoch: 47 [3000/5968 (50%)]	Loss: 0.000003
Train Epoch: 47 [3200/5968 (54%)]	Loss: 0.000004
Train Epoch: 47 [3400/5968 (57%)]	Loss: 0.000103
Train Epoch: 47 [3600/5968 (60%)]	Loss: 0.000024
Train Epoch: 47 [3800/5968 (64%)]	Loss: 0.000009
Train Epoch: 47 [4000/5968 (67%)]	Loss: 0.000238
Train Epoch: 47 [4200/5968 (70%)]	Loss: 0.000014
Train Epoch: 47 [4400/5968 (74%)]	Loss: 0.000011
Train Epoch: 47 [4600/5968 (77%)]	Loss: 0.000011
Train Epoch: 47 [4800/5968 (80%)]	Loss: 0.000115
Train Epoch: 47 [5000/5968 (84%)]	Loss: 0.000724
Train Epoch: 47 [5200/5968 (87%)]	Loss: 0.000021
Train Epoch: 47 [5400/5968 (90%)]	Loss: 0.000099
Train Epoch: 47 [5600/5968 (94%)]	Loss: 0.000006
Train Epoch: 47 [5800/5968 (97%)]	Loss: 0.000017
Test set: Average loss: 1.0727, Accuracy: 1233/1492 (82%)
Train Epoch: 48 [0/5968 (0%)]	Loss: 0.000274
Train Epoch: 48 [200/5968 (3%)]	Loss: 0.000004
Train Epoch: 48 [400/5968 (7%)]	Loss: 0.000073
Train Epoch: 48 [600/5968 (10%)]	Loss: 0.000011
Train Epoch: 48 [800/5968 (13%)]	Loss: 0.000111
Train Epoch: 48 [1000/5968 (17%)]	Loss: 0.000007
Train Epoch: 48 [1200/5968 (20%)]	Loss: 0.000005
Train Epoch: 48 [1400/5968 (23%)]	Loss: 0.000016
Train Epoch: 48 [1600/5968 (27%)]	Loss: 0.001288
Train Epoch: 48 [1800/5968 (30%)]	Loss: 0.000095
Train Epoch: 48 [2000/5968 (33%)]	Loss: 0.000001
Train Epoch: 48 [2200/5968 (37%)]	Loss: 0.000066
Train Epoch: 48 [2400/5968 (40%)]	Loss: 0.000010
Train Epoch: 48 [2600/5968 (43%)]	Loss: 0.000005
Train Epoch: 48 [2800/5968 (47%)]	Loss: 0.000001
Train Epoch: 48 [3000/5968 (50%)]	Loss: 0.000008
Train Epoch: 48 [3200/5968 (54%)]	Loss: 0.000016
Train Epoch: 48 [3400/5968 (57%)]	Loss: 0.000005
Train Epoch: 48 [3600/5968 (60%)]	Loss: 0.000120
Train Epoch: 48 [3800/5968 (64%)]	Loss: 0.000083
Train Epoch: 48 [4000/5968 (67%)]	Loss: 0.000017
Train Epoch: 48 [4200/5968 (70%)]	Loss: 0.000008
Train Epoch: 48 [4400/5968 (74%)]	Loss: 0.000031
Train Epoch: 48 [4600/5968 (77%)]	Loss: 0.000004
Train Epoch: 48 [4800/5968 (80%)]	Loss: 0.000002
Train Epoch: 48 [5000/5968 (84%)]	Loss: 0.000687
Train Epoch: 48 [5200/5968 (87%)]	Loss: 0.000012
Train Epoch: 48 [5400/5968 (90%)]	Loss: 0.000008
Train Epoch: 48 [5600/5968 (94%)]	Loss: 0.000013
Train Epoch: 48 [5800/5968 (97%)]	Loss: 0.000090
Test set: Average loss: 1.0760, Accuracy: 1235/1492 (82%)
Train Epoch: 49 [0/5968 (0%)]	Loss: 0.000103
Train Epoch: 49 [200/5968 (3%)]	Loss: 0.000006
Train Epoch: 49 [400/5968 (7%)]	Loss: 0.000008
Train Epoch: 49 [600/5968 (10%)]	Loss: 0.000002
Train Epoch: 49 [800/5968 (13%)]	Loss: 0.000005
Train Epoch: 49 [1000/5968 (17%)]	Loss: 0.000015
Train Epoch: 49 [1200/5968 (20%)]	Loss: 0.000227
Train Epoch: 49 [1400/5968 (23%)]	Loss: 0.000011
Train Epoch: 49 [1600/5968 (27%)]	Loss: 0.000005
Train Epoch: 49 [1800/5968 (30%)]	Loss: 0.000013
Train Epoch: 49 [2000/5968 (33%)]	Loss: 0.000039
Train Epoch: 49 [2200/5968 (37%)]	Loss: 0.000007
Train Epoch: 49 [2400/5968 (40%)]	Loss: 0.000165
Train Epoch: 49 [2600/5968 (43%)]	Loss: 0.000001
Train Epoch: 49 [2800/5968 (47%)]	Loss: 0.000056
Train Epoch: 49 [3000/5968 (50%)]	Loss: 0.000035
Train Epoch: 49 [3200/5968 (54%)]	Loss: 0.000014
Train Epoch: 49 [3400/5968 (57%)]	Loss: 0.000023
Train Epoch: 49 [3600/5968 (60%)]	Loss: 0.000092
Train Epoch: 49 [3800/5968 (64%)]	Loss: 0.000004
Train Epoch: 49 [4000/5968 (67%)]	Loss: 0.000005
Train Epoch: 49 [4200/5968 (70%)]	Loss: 0.000004
Train Epoch: 49 [4400/5968 (74%)]	Loss: 0.000091
Train Epoch: 49 [4600/5968 (77%)]	Loss: 0.000014
Train Epoch: 49 [4800/5968 (80%)]	Loss: 0.000013
Train Epoch: 49 [5000/5968 (84%)]	Loss: 0.000010
Train Epoch: 49 [5200/5968 (87%)]	Loss: 0.000005
Train Epoch: 49 [5400/5968 (90%)]	Loss: 0.000082
Train Epoch: 49 [5600/5968 (94%)]	Loss: 0.000014
Train Epoch: 49 [5800/5968 (97%)]	Loss: 0.000004
Test set: Average loss: 1.1000, Accuracy: 1231/1492 (82%)
Train Epoch: 50 [0/5968 (0%)]	Loss: 0.000114
Train Epoch: 50 [200/5968 (3%)]	Loss: 0.000006
Train Epoch: 50 [400/5968 (7%)]	Loss: 0.000073
Train Epoch: 50 [600/5968 (10%)]	Loss: 0.000011
Train Epoch: 50 [800/5968 (13%)]	Loss: 0.000090
Train Epoch: 50 [1000/5968 (17%)]	Loss: 0.000015
Train Epoch: 50 [1200/5968 (20%)]	Loss: 0.000027
Train Epoch: 50 [1400/5968 (23%)]	Loss: 0.000030
Train Epoch: 50 [1600/5968 (27%)]	Loss: 0.000008
Train Epoch: 50 [1800/5968 (30%)]	Loss: 0.000004
Train Epoch: 50 [2000/5968 (33%)]	Loss: 0.000012
Train Epoch: 50 [2200/5968 (37%)]	Loss: 0.000208
Train Epoch: 50 [2400/5968 (40%)]	Loss: 0.000018
Train Epoch: 50 [2600/5968 (43%)]	Loss: 0.000003
Train Epoch: 50 [2800/5968 (47%)]	Loss: 0.000028
Train Epoch: 50 [3000/5968 (50%)]	Loss: 0.000067
Train Epoch: 50 [3200/5968 (54%)]	Loss: 0.000016
Train Epoch: 50 [3400/5968 (57%)]	Loss: 0.000001
Train Epoch: 50 [3600/5968 (60%)]	Loss: 0.000037
Train Epoch: 50 [3800/5968 (64%)]	Loss: 0.000058
Train Epoch: 50 [4000/5968 (67%)]	Loss: 0.000002
Train Epoch: 50 [4200/5968 (70%)]	Loss: 0.000022
Train Epoch: 50 [4400/5968 (74%)]	Loss: 0.000242
Train Epoch: 50 [4600/5968 (77%)]	Loss: 0.000208
Train Epoch: 50 [4800/5968 (80%)]	Loss: 0.000014
Train Epoch: 50 [5000/5968 (84%)]	Loss: 0.000090
Train Epoch: 50 [5200/5968 (87%)]	Loss: 0.000007
Train Epoch: 50 [5400/5968 (90%)]	Loss: 0.000018
Train Epoch: 50 [5600/5968 (94%)]	Loss: 0.000058
Train Epoch: 50 [5800/5968 (97%)]	Loss: 0.000003
Test set: Average loss: 1.1036, Accuracy: 1232/1492 (82%)
Train Epoch: 51 [0/5968 (0%)]	Loss: 0.025609
Train Epoch: 51 [200/5968 (3%)]	Loss: 0.000006
Train Epoch: 51 [400/5968 (7%)]	Loss: 0.000508
Train Epoch: 51 [600/5968 (10%)]	Loss: 0.000031
Train Epoch: 51 [800/5968 (13%)]	Loss: 0.000003
Train Epoch: 51 [1000/5968 (17%)]	Loss: 0.000129
Train Epoch: 51 [1200/5968 (20%)]	Loss: 0.000145
Train Epoch: 51 [1400/5968 (23%)]	Loss: 0.000035
Train Epoch: 51 [1600/5968 (27%)]	Loss: 0.000027
Train Epoch: 51 [1800/5968 (30%)]	Loss: 0.000005
Train Epoch: 51 [2000/5968 (33%)]	Loss: 0.000009
Train Epoch: 51 [2200/5968 (37%)]	Loss: 0.000015
Train Epoch: 51 [2400/5968 (40%)]	Loss: 0.000016
Train Epoch: 51 [2600/5968 (43%)]	Loss: 0.000020
Train Epoch: 51 [2800/5968 (47%)]	Loss: 0.000002
Train Epoch: 51 [3000/5968 (50%)]	Loss: 0.000010
Train Epoch: 51 [3200/5968 (54%)]	Loss: 0.000005
Train Epoch: 51 [3400/5968 (57%)]	Loss: 0.000002
Train Epoch: 51 [3600/5968 (60%)]	Loss: 0.000073
Train Epoch: 51 [3800/5968 (64%)]	Loss: 0.000000
Train Epoch: 51 [4000/5968 (67%)]	Loss: 0.000001
Train Epoch: 51 [4200/5968 (70%)]	Loss: 0.000012
Train Epoch: 51 [4400/5968 (74%)]	Loss: 0.000001
Train Epoch: 51 [4600/5968 (77%)]	Loss: 0.000043
Train Epoch: 51 [4800/5968 (80%)]	Loss: 0.000001
Train Epoch: 51 [5000/5968 (84%)]	Loss: 0.000058
Train Epoch: 51 [5200/5968 (87%)]	Loss: 0.000003
Train Epoch: 51 [5400/5968 (90%)]	Loss: 0.000002
Train Epoch: 51 [5600/5968 (94%)]	Loss: 0.000010
Train Epoch: 51 [5800/5968 (97%)]	Loss: 0.000036
Test set: Average loss: 1.0825, Accuracy: 1243/1492 (83%)
Train Epoch: 52 [0/5968 (0%)]	Loss: 0.000003
Train Epoch: 52 [200/5968 (3%)]	Loss: 0.000050
Train Epoch: 52 [400/5968 (7%)]	Loss: 0.000009
Train Epoch: 52 [600/5968 (10%)]	Loss: 0.000205
Train Epoch: 52 [800/5968 (13%)]	Loss: 0.000402
Train Epoch: 52 [1000/5968 (17%)]	Loss: 0.000037
Train Epoch: 52 [1200/5968 (20%)]	Loss: 0.000006
Train Epoch: 52 [1400/5968 (23%)]	Loss: 0.000111
Train Epoch: 52 [1600/5968 (27%)]	Loss: 0.000150
Train Epoch: 52 [1800/5968 (30%)]	Loss: 0.000002
Train Epoch: 52 [2000/5968 (33%)]	Loss: 0.000003
Train Epoch: 52 [2200/5968 (37%)]	Loss: 0.000535
Train Epoch: 52 [2400/5968 (40%)]	Loss: 0.000297
Train Epoch: 52 [2600/5968 (43%)]	Loss: 0.000522
Train Epoch: 52 [2800/5968 (47%)]	Loss: 0.000009
Train Epoch: 52 [3000/5968 (50%)]	Loss: 0.000005
Train Epoch: 52 [3200/5968 (54%)]	Loss: 0.000018
Train Epoch: 52 [3400/5968 (57%)]	Loss: 0.000018
Train Epoch: 52 [3600/5968 (60%)]	Loss: 0.000231
Train Epoch: 52 [3800/5968 (64%)]	Loss: 0.000006
Train Epoch: 52 [4000/5968 (67%)]	Loss: 0.000008
Train Epoch: 52 [4200/5968 (70%)]	Loss: 0.001687
Train Epoch: 52 [4400/5968 (74%)]	Loss: 0.000031
Train Epoch: 52 [4600/5968 (77%)]	Loss: 0.000002
Train Epoch: 52 [4800/5968 (80%)]	Loss: 0.000005
Train Epoch: 52 [5000/5968 (84%)]	Loss: 0.000023
Train Epoch: 52 [5200/5968 (87%)]	Loss: 0.000003
Train Epoch: 52 [5400/5968 (90%)]	Loss: 0.000002
Train Epoch: 52 [5600/5968 (94%)]	Loss: 0.000001
Train Epoch: 52 [5800/5968 (97%)]	Loss: 0.000002
Test set: Average loss: 1.0936, Accuracy: 1235/1492 (82%)
Train Epoch: 53 [0/5968 (0%)]	Loss: 0.000127
Train Epoch: 53 [200/5968 (3%)]	Loss: 0.000032
Train Epoch: 53 [400/5968 (7%)]	Loss: 0.000001
Train Epoch: 53 [600/5968 (10%)]	Loss: 0.000011
Train Epoch: 53 [800/5968 (13%)]	Loss: 0.000022
Train Epoch: 53 [1000/5968 (17%)]	Loss: 0.000003
Train Epoch: 53 [1200/5968 (20%)]	Loss: 0.000042
Train Epoch: 53 [1400/5968 (23%)]	Loss: 0.000005
Train Epoch: 53 [1600/5968 (27%)]	Loss: 0.000015
Train Epoch: 53 [1800/5968 (30%)]	Loss: 0.000000
Train Epoch: 53 [2000/5968 (33%)]	Loss: 0.000005
Train Epoch: 53 [2200/5968 (37%)]	Loss: 0.000002
Train Epoch: 53 [2400/5968 (40%)]	Loss: 0.000001
Train Epoch: 53 [2600/5968 (43%)]	Loss: 0.000007
Train Epoch: 53 [2800/5968 (47%)]	Loss: 0.000088
Train Epoch: 53 [3000/5968 (50%)]	Loss: 0.000038
Train Epoch: 53 [3200/5968 (54%)]	Loss: 0.000003
Train Epoch: 53 [3400/5968 (57%)]	Loss: 0.000012
Train Epoch: 53 [3600/5968 (60%)]	Loss: 0.000093
Train Epoch: 53 [3800/5968 (64%)]	Loss: 0.000003
Train Epoch: 53 [4000/5968 (67%)]	Loss: 0.000036
Train Epoch: 53 [4200/5968 (70%)]	Loss: 0.000003
Train Epoch: 53 [4400/5968 (74%)]	Loss: 0.000006
Train Epoch: 53 [4600/5968 (77%)]	Loss: 0.000000
Train Epoch: 53 [4800/5968 (80%)]	Loss: 0.000016
Train Epoch: 53 [5000/5968 (84%)]	Loss: 0.000072
Train Epoch: 53 [5200/5968 (87%)]	Loss: 0.000021
Train Epoch: 53 [5400/5968 (90%)]	Loss: 0.000002
Train Epoch: 53 [5600/5968 (94%)]	Loss: 0.000013
Train Epoch: 53 [5800/5968 (97%)]	Loss: 0.000035
Test set: Average loss: 1.1151, Accuracy: 1237/1492 (82%)
Train Epoch: 54 [0/5968 (0%)]	Loss: 0.000001
Train Epoch: 54 [200/5968 (3%)]	Loss: 0.000004
Train Epoch: 54 [400/5968 (7%)]	Loss: 0.000003
Train Epoch: 54 [600/5968 (10%)]	Loss: 0.000031
Train Epoch: 54 [800/5968 (13%)]	Loss: 0.000073
Train Epoch: 54 [1000/5968 (17%)]	Loss: 0.000003
Train Epoch: 54 [1200/5968 (20%)]	Loss: 0.000029
Train Epoch: 54 [1400/5968 (23%)]	Loss: 0.000002
Train Epoch: 54 [1600/5968 (27%)]	Loss: 0.000001
Train Epoch: 54 [1800/5968 (30%)]	Loss: 0.000032
Train Epoch: 54 [2000/5968 (33%)]	Loss: 0.000063
Train Epoch: 54 [2200/5968 (37%)]	Loss: 0.000042
Train Epoch: 54 [2400/5968 (40%)]	Loss: 0.000002
Train Epoch: 54 [2600/5968 (43%)]	Loss: 0.000016
Train Epoch: 54 [2800/5968 (47%)]	Loss: 0.000002
Train Epoch: 54 [3000/5968 (50%)]	Loss: 0.000106
Train Epoch: 54 [3200/5968 (54%)]	Loss: 0.000013
Train Epoch: 54 [3400/5968 (57%)]	Loss: 0.000054
Train Epoch: 54 [3600/5968 (60%)]	Loss: 0.000042
Train Epoch: 54 [3800/5968 (64%)]	Loss: 0.000000
Train Epoch: 54 [4000/5968 (67%)]	Loss: 0.000000
Train Epoch: 54 [4200/5968 (70%)]	Loss: 0.000001
Train Epoch: 54 [4400/5968 (74%)]	Loss: 0.000023
Train Epoch: 54 [4600/5968 (77%)]	Loss: 0.000017
Train Epoch: 54 [4800/5968 (80%)]	Loss: 0.000001
Train Epoch: 54 [5000/5968 (84%)]	Loss: 0.000001
Train Epoch: 54 [5200/5968 (87%)]	Loss: 0.000006
Train Epoch: 54 [5400/5968 (90%)]	Loss: 0.000068
Train Epoch: 54 [5600/5968 (94%)]	Loss: 0.000003
Train Epoch: 54 [5800/5968 (97%)]	Loss: 0.000003
Test set: Average loss: 1.1553, Accuracy: 1223/1492 (81%)
Train Epoch: 55 [0/5968 (0%)]	Loss: 0.000001
Train Epoch: 55 [200/5968 (3%)]	Loss: 0.000104
Train Epoch: 55 [400/5968 (7%)]	Loss: 0.000013
Train Epoch: 55 [600/5968 (10%)]	Loss: 0.000010
Train Epoch: 55 [800/5968 (13%)]	Loss: 0.000000
Train Epoch: 55 [1000/5968 (17%)]	Loss: 0.000001
Train Epoch: 55 [1200/5968 (20%)]	Loss: 0.000002
Train Epoch: 55 [1400/5968 (23%)]	Loss: 0.000003
Train Epoch: 55 [1600/5968 (27%)]	Loss: 0.000012
Train Epoch: 55 [1800/5968 (30%)]	Loss: 0.000046
Train Epoch: 55 [2000/5968 (33%)]	Loss: 0.000013
Train Epoch: 55 [2200/5968 (37%)]	Loss: 0.000140
Train Epoch: 55 [2400/5968 (40%)]	Loss: 0.000015
Train Epoch: 55 [2600/5968 (43%)]	Loss: 0.000080
Train Epoch: 55 [2800/5968 (47%)]	Loss: 0.000004
Train Epoch: 55 [3000/5968 (50%)]	Loss: 0.000062
Train Epoch: 55 [3200/5968 (54%)]	Loss: 0.000163
Train Epoch: 55 [3400/5968 (57%)]	Loss: 0.000003
Train Epoch: 55 [3600/5968 (60%)]	Loss: 0.000004
Train Epoch: 55 [3800/5968 (64%)]	Loss: 0.000025
Train Epoch: 55 [4000/5968 (67%)]	Loss: 0.000042
Train Epoch: 55 [4200/5968 (70%)]	Loss: 0.000009
Train Epoch: 55 [4400/5968 (74%)]	Loss: 0.000765
Train Epoch: 55 [4600/5968 (77%)]	Loss: 0.007488
Train Epoch: 55 [4800/5968 (80%)]	Loss: 0.000070
Train Epoch: 55 [5000/5968 (84%)]	Loss: 0.000033
Train Epoch: 55 [5200/5968 (87%)]	Loss: 0.000072
Train Epoch: 55 [5400/5968 (90%)]	Loss: 0.000015
Train Epoch: 55 [5600/5968 (94%)]	Loss: 0.000008
Train Epoch: 55 [5800/5968 (97%)]	Loss: 0.000024
Test set: Average loss: 1.1051, Accuracy: 1221/1492 (81%)
Train Epoch: 56 [0/5968 (0%)]	Loss: 0.000117
Train Epoch: 56 [200/5968 (3%)]	Loss: 0.000053
Train Epoch: 56 [400/5968 (7%)]	Loss: 0.000001
Train Epoch: 56 [600/5968 (10%)]	Loss: 0.000092
Train Epoch: 56 [800/5968 (13%)]	Loss: 0.000170
Train Epoch: 56 [1000/5968 (17%)]	Loss: 0.000043
Train Epoch: 56 [1200/5968 (20%)]	Loss: 0.000515
Train Epoch: 56 [1400/5968 (23%)]	Loss: 0.000027
Train Epoch: 56 [1600/5968 (27%)]	Loss: 0.000061
Train Epoch: 56 [1800/5968 (30%)]	Loss: 0.000050
Train Epoch: 56 [2000/5968 (33%)]	Loss: 0.000070
Train Epoch: 56 [2200/5968 (37%)]	Loss: 0.000221
Train Epoch: 56 [2400/5968 (40%)]	Loss: 0.000051
Train Epoch: 56 [2600/5968 (43%)]	Loss: 0.000022
Train Epoch: 56 [2800/5968 (47%)]	Loss: 0.033205
Train Epoch: 56 [3000/5968 (50%)]	Loss: 0.000303
Train Epoch: 56 [3200/5968 (54%)]	Loss: 0.001288
Train Epoch: 56 [3400/5968 (57%)]	Loss: 0.008085
Train Epoch: 56 [3600/5968 (60%)]	Loss: 0.000013
Train Epoch: 56 [3800/5968 (64%)]	Loss: 0.000010
Train Epoch: 56 [4000/5968 (67%)]	Loss: 0.000009
Train Epoch: 56 [4200/5968 (70%)]	Loss: 0.001308
Train Epoch: 56 [4400/5968 (74%)]	Loss: 0.007040
Train Epoch: 56 [4600/5968 (77%)]	Loss: 0.000005
Train Epoch: 56 [4800/5968 (80%)]	Loss: 0.000092
Train Epoch: 56 [5000/5968 (84%)]	Loss: 0.005691
Train Epoch: 56 [5200/5968 (87%)]	Loss: 0.028730
Train Epoch: 56 [5400/5968 (90%)]	Loss: 0.000241
Train Epoch: 56 [5600/5968 (94%)]	Loss: 0.002095
Train Epoch: 56 [5800/5968 (97%)]	Loss: 0.000174
Test set: Average loss: 1.2664, Accuracy: 1144/1492 (76%)
Train Epoch: 57 [0/5968 (0%)]	Loss: 0.000096
Train Epoch: 57 [200/5968 (3%)]	Loss: 0.000068
Train Epoch: 57 [400/5968 (7%)]	Loss: 0.000132
Train Epoch: 57 [600/5968 (10%)]	Loss: 0.000029
Train Epoch: 57 [800/5968 (13%)]	Loss: 0.000861
Train Epoch: 57 [1000/5968 (17%)]	Loss: 0.000028
Train Epoch: 57 [1200/5968 (20%)]	Loss: 0.000113
Train Epoch: 57 [1400/5968 (23%)]	Loss: 0.000073
Train Epoch: 57 [1600/5968 (27%)]	Loss: 0.000015
Train Epoch: 57 [1800/5968 (30%)]	Loss: 0.000206
Train Epoch: 57 [2000/5968 (33%)]	Loss: 0.000332
Train Epoch: 57 [2200/5968 (37%)]	Loss: 0.000786
Train Epoch: 57 [2400/5968 (40%)]	Loss: 0.000056
Train Epoch: 57 [2600/5968 (43%)]	Loss: 0.000621
Train Epoch: 57 [2800/5968 (47%)]	Loss: 0.000337
Train Epoch: 57 [3000/5968 (50%)]	Loss: 0.000475
Train Epoch: 57 [3200/5968 (54%)]	Loss: 0.000119
Train Epoch: 57 [3400/5968 (57%)]	Loss: 0.002495
Train Epoch: 57 [3600/5968 (60%)]	Loss: 0.001244
Train Epoch: 57 [3800/5968 (64%)]	Loss: 0.000111
Train Epoch: 57 [4000/5968 (67%)]	Loss: 0.000411
Train Epoch: 57 [4200/5968 (70%)]	Loss: 0.000032
Train Epoch: 57 [4400/5968 (74%)]	Loss: 0.002498
Train Epoch: 57 [4600/5968 (77%)]	Loss: 0.005735
Train Epoch: 57 [4800/5968 (80%)]	Loss: 0.000496
Train Epoch: 57 [5000/5968 (84%)]	Loss: 0.000132
Train Epoch: 57 [5200/5968 (87%)]	Loss: 0.005176
Train Epoch: 57 [5400/5968 (90%)]	Loss: 0.004822
Train Epoch: 57 [5600/5968 (94%)]	Loss: 0.000091
Train Epoch: 57 [5800/5968 (97%)]	Loss: 0.000230
Test set: Average loss: 4.3118, Accuracy: 617/1492 (41%)
Train Epoch: 58 [0/5968 (0%)]	Loss: 0.000043
Train Epoch: 58 [200/5968 (3%)]	Loss: 0.000013
Train Epoch: 58 [400/5968 (7%)]	Loss: 0.000034
Train Epoch: 58 [600/5968 (10%)]	Loss: 0.000016
Train Epoch: 58 [800/5968 (13%)]	Loss: 0.001723
Train Epoch: 58 [1000/5968 (17%)]	Loss: 0.000064
Train Epoch: 58 [1200/5968 (20%)]	Loss: 0.000084
Train Epoch: 58 [1400/5968 (23%)]	Loss: 0.000007
Train Epoch: 58 [1600/5968 (27%)]	Loss: 0.000026
Train Epoch: 58 [1800/5968 (30%)]	Loss: 0.000011
Train Epoch: 58 [2000/5968 (33%)]	Loss: 0.001544
Train Epoch: 58 [2200/5968 (37%)]	Loss: 0.000008
Train Epoch: 58 [2400/5968 (40%)]	Loss: 0.000058
Train Epoch: 58 [2600/5968 (43%)]	Loss: 0.000139
Train Epoch: 58 [2800/5968 (47%)]	Loss: 0.000778
Train Epoch: 58 [3000/5968 (50%)]	Loss: 0.000349
Train Epoch: 58 [3200/5968 (54%)]	Loss: 0.000005
Train Epoch: 58 [3400/5968 (57%)]	Loss: 0.000183
Train Epoch: 58 [3600/5968 (60%)]	Loss: 0.041873
Train Epoch: 58 [3800/5968 (64%)]	Loss: 0.000004
Train Epoch: 58 [4000/5968 (67%)]	Loss: 0.000082
Train Epoch: 58 [4200/5968 (70%)]	Loss: 0.000288
Train Epoch: 58 [4400/5968 (74%)]	Loss: 0.000049
Train Epoch: 58 [4600/5968 (77%)]	Loss: 0.000019
Train Epoch: 58 [4800/5968 (80%)]	Loss: 0.000212
Train Epoch: 58 [5000/5968 (84%)]	Loss: 0.000603
Train Epoch: 58 [5200/5968 (87%)]	Loss: 0.000003
Train Epoch: 58 [5400/5968 (90%)]	Loss: 0.000086
Train Epoch: 58 [5600/5968 (94%)]	Loss: 0.000021
Train Epoch: 58 [5800/5968 (97%)]	Loss: 0.000063
Test set: Average loss: 1.2794, Accuracy: 1216/1492 (81%)
Train Epoch: 59 [0/5968 (0%)]	Loss: 0.012403
Train Epoch: 59 [200/5968 (3%)]	Loss: 0.000039
Train Epoch: 59 [400/5968 (7%)]	Loss: 0.000083
Train Epoch: 59 [600/5968 (10%)]	Loss: 0.000674
Train Epoch: 59 [800/5968 (13%)]	Loss: 0.000009
Train Epoch: 59 [1000/5968 (17%)]	Loss: 0.000007
Train Epoch: 59 [1200/5968 (20%)]	Loss: 0.000002
Train Epoch: 59 [1400/5968 (23%)]	Loss: 0.000008
Train Epoch: 59 [1600/5968 (27%)]	Loss: 0.000315
Train Epoch: 59 [1800/5968 (30%)]	Loss: 0.000015
Train Epoch: 59 [2000/5968 (33%)]	Loss: 0.000008
Train Epoch: 59 [2200/5968 (37%)]	Loss: 0.000009
Train Epoch: 59 [2400/5968 (40%)]	Loss: 0.000059
Train Epoch: 59 [2600/5968 (43%)]	Loss: 0.000058
Train Epoch: 59 [2800/5968 (47%)]	Loss: 0.000030
Train Epoch: 59 [3000/5968 (50%)]	Loss: 0.032493
Train Epoch: 59 [3200/5968 (54%)]	Loss: 0.000014
Train Epoch: 59 [3400/5968 (57%)]	Loss: 0.000014
Train Epoch: 59 [3600/5968 (60%)]	Loss: 0.000544
Train Epoch: 59 [3800/5968 (64%)]	Loss: 0.000190
Train Epoch: 59 [4000/5968 (67%)]	Loss: 0.000323
Train Epoch: 59 [4200/5968 (70%)]	Loss: 0.000021
Train Epoch: 59 [4400/5968 (74%)]	Loss: 0.000092
Train Epoch: 59 [4600/5968 (77%)]	Loss: 0.000128
Train Epoch: 59 [4800/5968 (80%)]	Loss: 0.000240
Train Epoch: 59 [5000/5968 (84%)]	Loss: 0.000048
Train Epoch: 59 [5200/5968 (87%)]	Loss: 0.000386
Train Epoch: 59 [5400/5968 (90%)]	Loss: 0.000002
Train Epoch: 59 [5600/5968 (94%)]	Loss: 0.004981
Train Epoch: 59 [5800/5968 (97%)]	Loss: 0.000022
Test set: Average loss: 1.2622, Accuracy: 1179/1492 (79%)
Train Epoch: 60 [0/5968 (0%)]	Loss: 0.000357
Train Epoch: 60 [200/5968 (3%)]	Loss: 0.000066
Train Epoch: 60 [400/5968 (7%)]	Loss: 0.000151
Train Epoch: 60 [600/5968 (10%)]	Loss: 0.000104
Train Epoch: 60 [800/5968 (13%)]	Loss: 0.000462
Train Epoch: 60 [1000/5968 (17%)]	Loss: 0.023500
Train Epoch: 60 [1200/5968 (20%)]	Loss: 0.000175
Train Epoch: 60 [1400/5968 (23%)]	Loss: 0.002261
Train Epoch: 60 [1600/5968 (27%)]	Loss: 0.000032
Train Epoch: 60 [1800/5968 (30%)]	Loss: 0.001084
Train Epoch: 60 [2000/5968 (33%)]	Loss: 0.000078
Train Epoch: 60 [2200/5968 (37%)]	Loss: 0.000055
Train Epoch: 60 [2400/5968 (40%)]	Loss: 0.000009
Train Epoch: 60 [2600/5968 (43%)]	Loss: 0.000367
Train Epoch: 60 [2800/5968 (47%)]	Loss: 0.000081
Train Epoch: 60 [3000/5968 (50%)]	Loss: 0.000034
Train Epoch: 60 [3200/5968 (54%)]	Loss: 0.036678
Train Epoch: 60 [3400/5968 (57%)]	Loss: 0.000010
Train Epoch: 60 [3600/5968 (60%)]	Loss: 0.045384
Train Epoch: 60 [3800/5968 (64%)]	Loss: 0.000045
Train Epoch: 60 [4000/5968 (67%)]	Loss: 0.000298
Train Epoch: 60 [4200/5968 (70%)]	Loss: 0.000165
Train Epoch: 60 [4400/5968 (74%)]	Loss: 0.000027
Train Epoch: 60 [4600/5968 (77%)]	Loss: 0.000219
Train Epoch: 60 [4800/5968 (80%)]	Loss: 0.000029
Train Epoch: 60 [5000/5968 (84%)]	Loss: 0.000496
Train Epoch: 60 [5200/5968 (87%)]	Loss: 0.000027
Train Epoch: 60 [5400/5968 (90%)]	Loss: 0.000010
Train Epoch: 60 [5600/5968 (94%)]	Loss: 0.001312
Train Epoch: 60 [5800/5968 (97%)]	Loss: 0.000133
Test set: Average loss: 1.1077, Accuracy: 1222/1492 (81%)
